[2024-10-03T11:19:30.966+0000] {processor.py:186} INFO - Started process (PID=347) to work on /home/airflow/.local/lib/python3.12/site-packages/airflow/example_dags/example_branch_labels.py
[2024-10-03T11:19:30.967+0000] {processor.py:914} INFO - Processing file /home/airflow/.local/lib/python3.12/site-packages/airflow/example_dags/example_branch_labels.py for tasks to queue
[2024-10-03T11:19:30.968+0000] {logging_mixin.py:190} INFO - [2024-10-03T11:19:30.968+0000] {dagbag.py:588} INFO - Filling up the DagBag from /home/airflow/.local/lib/python3.12/site-packages/airflow/example_dags/example_branch_labels.py
[2024-10-03T11:19:30.975+0000] {processor.py:925} INFO - DAG(s) 'example_branch_labels' retrieved from /home/airflow/.local/lib/python3.12/site-packages/airflow/example_dags/example_branch_labels.py
[2024-10-03T11:19:31.037+0000] {logging_mixin.py:190} INFO - [2024-10-03T11:19:31.036+0000] {override.py:1900} INFO - Created Permission View: can delete on DAG:example_branch_labels
[2024-10-03T11:19:31.042+0000] {logging_mixin.py:190} INFO - [2024-10-03T11:19:31.041+0000] {override.py:1900} INFO - Created Permission View: can read on DAG:example_branch_labels
[2024-10-03T11:19:31.045+0000] {logging_mixin.py:190} INFO - [2024-10-03T11:19:31.045+0000] {override.py:1900} INFO - Created Permission View: can edit on DAG:example_branch_labels
[2024-10-03T11:19:31.049+0000] {logging_mixin.py:190} INFO - [2024-10-03T11:19:31.048+0000] {override.py:1900} INFO - Created Permission View: can read on DAG Run:example_branch_labels
[2024-10-03T11:19:31.052+0000] {logging_mixin.py:190} INFO - [2024-10-03T11:19:31.051+0000] {override.py:1900} INFO - Created Permission View: can create on DAG Run:example_branch_labels
[2024-10-03T11:19:31.055+0000] {logging_mixin.py:190} INFO - [2024-10-03T11:19:31.055+0000] {override.py:1900} INFO - Created Permission View: menu access on DAG Run:example_branch_labels
[2024-10-03T11:19:31.058+0000] {logging_mixin.py:190} INFO - [2024-10-03T11:19:31.058+0000] {override.py:1900} INFO - Created Permission View: can delete on DAG Run:example_branch_labels
[2024-10-03T11:19:31.058+0000] {logging_mixin.py:190} INFO - [2024-10-03T11:19:31.058+0000] {dag.py:3239} INFO - Sync 1 DAGs
[2024-10-03T11:19:31.065+0000] {logging_mixin.py:190} INFO - [2024-10-03T11:19:31.065+0000] {dag.py:3262} INFO - Creating ORM DAG for example_branch_labels
[2024-10-03T11:19:31.072+0000] {logging_mixin.py:190} INFO - [2024-10-03T11:19:31.072+0000] {dag.py:4180} INFO - Setting next_dagrun for example_branch_labels to 2024-10-02 00:00:00+00:00, run_after=2024-10-03 00:00:00+00:00
[2024-10-03T11:19:31.082+0000] {processor.py:208} INFO - Processing /home/airflow/.local/lib/python3.12/site-packages/airflow/example_dags/example_branch_labels.py took 0.122 seconds
[2024-10-03T11:20:01.772+0000] {processor.py:186} INFO - Started process (PID=633) to work on /home/airflow/.local/lib/python3.12/site-packages/airflow/example_dags/example_branch_labels.py
[2024-10-03T11:20:01.772+0000] {processor.py:914} INFO - Processing file /home/airflow/.local/lib/python3.12/site-packages/airflow/example_dags/example_branch_labels.py for tasks to queue
[2024-10-03T11:20:01.774+0000] {logging_mixin.py:190} INFO - [2024-10-03T11:20:01.774+0000] {dagbag.py:588} INFO - Filling up the DagBag from /home/airflow/.local/lib/python3.12/site-packages/airflow/example_dags/example_branch_labels.py
[2024-10-03T11:20:01.779+0000] {processor.py:925} INFO - DAG(s) 'example_branch_labels' retrieved from /home/airflow/.local/lib/python3.12/site-packages/airflow/example_dags/example_branch_labels.py
[2024-10-03T11:20:01.791+0000] {logging_mixin.py:190} INFO - [2024-10-03T11:20:01.791+0000] {dag.py:3239} INFO - Sync 1 DAGs
[2024-10-03T11:20:01.802+0000] {logging_mixin.py:190} INFO - [2024-10-03T11:20:01.802+0000] {dag.py:4180} INFO - Setting next_dagrun for example_branch_labels to 2024-10-02 00:00:00+00:00, run_after=2024-10-03 00:00:00+00:00
[2024-10-03T11:20:01.811+0000] {processor.py:208} INFO - Processing /home/airflow/.local/lib/python3.12/site-packages/airflow/example_dags/example_branch_labels.py took 0.043 seconds
[2024-10-03T11:20:32.185+0000] {processor.py:186} INFO - Started process (PID=919) to work on /home/airflow/.local/lib/python3.12/site-packages/airflow/example_dags/example_branch_labels.py
[2024-10-03T11:20:32.185+0000] {processor.py:914} INFO - Processing file /home/airflow/.local/lib/python3.12/site-packages/airflow/example_dags/example_branch_labels.py for tasks to queue
[2024-10-03T11:20:32.187+0000] {logging_mixin.py:190} INFO - [2024-10-03T11:20:32.186+0000] {dagbag.py:588} INFO - Filling up the DagBag from /home/airflow/.local/lib/python3.12/site-packages/airflow/example_dags/example_branch_labels.py
[2024-10-03T11:20:32.192+0000] {processor.py:925} INFO - DAG(s) 'example_branch_labels' retrieved from /home/airflow/.local/lib/python3.12/site-packages/airflow/example_dags/example_branch_labels.py
[2024-10-03T11:20:32.204+0000] {logging_mixin.py:190} INFO - [2024-10-03T11:20:32.204+0000] {dag.py:3239} INFO - Sync 1 DAGs
[2024-10-03T11:20:32.217+0000] {logging_mixin.py:190} INFO - [2024-10-03T11:20:32.217+0000] {dag.py:4180} INFO - Setting next_dagrun for example_branch_labels to 2024-10-02 00:00:00+00:00, run_after=2024-10-03 00:00:00+00:00
[2024-10-03T11:20:32.226+0000] {processor.py:208} INFO - Processing /home/airflow/.local/lib/python3.12/site-packages/airflow/example_dags/example_branch_labels.py took 0.045 seconds
[2024-10-03T11:21:02.603+0000] {processor.py:186} INFO - Started process (PID=1205) to work on /home/airflow/.local/lib/python3.12/site-packages/airflow/example_dags/example_branch_labels.py
[2024-10-03T11:21:02.603+0000] {processor.py:914} INFO - Processing file /home/airflow/.local/lib/python3.12/site-packages/airflow/example_dags/example_branch_labels.py for tasks to queue
[2024-10-03T11:21:02.605+0000] {logging_mixin.py:190} INFO - [2024-10-03T11:21:02.605+0000] {dagbag.py:588} INFO - Filling up the DagBag from /home/airflow/.local/lib/python3.12/site-packages/airflow/example_dags/example_branch_labels.py
[2024-10-03T11:21:02.610+0000] {processor.py:925} INFO - DAG(s) 'example_branch_labels' retrieved from /home/airflow/.local/lib/python3.12/site-packages/airflow/example_dags/example_branch_labels.py
[2024-10-03T11:21:02.622+0000] {logging_mixin.py:190} INFO - [2024-10-03T11:21:02.622+0000] {dag.py:3239} INFO - Sync 1 DAGs
[2024-10-03T11:21:02.633+0000] {logging_mixin.py:190} INFO - [2024-10-03T11:21:02.633+0000] {dag.py:4180} INFO - Setting next_dagrun for example_branch_labels to 2024-10-02 00:00:00+00:00, run_after=2024-10-03 00:00:00+00:00
[2024-10-03T11:21:02.642+0000] {processor.py:208} INFO - Processing /home/airflow/.local/lib/python3.12/site-packages/airflow/example_dags/example_branch_labels.py took 0.043 seconds
[2024-10-03T11:21:33.087+0000] {processor.py:186} INFO - Started process (PID=1491) to work on /home/airflow/.local/lib/python3.12/site-packages/airflow/example_dags/example_branch_labels.py
[2024-10-03T11:21:33.087+0000] {processor.py:914} INFO - Processing file /home/airflow/.local/lib/python3.12/site-packages/airflow/example_dags/example_branch_labels.py for tasks to queue
[2024-10-03T11:21:33.089+0000] {logging_mixin.py:190} INFO - [2024-10-03T11:21:33.089+0000] {dagbag.py:588} INFO - Filling up the DagBag from /home/airflow/.local/lib/python3.12/site-packages/airflow/example_dags/example_branch_labels.py
[2024-10-03T11:21:33.095+0000] {processor.py:925} INFO - DAG(s) 'example_branch_labels' retrieved from /home/airflow/.local/lib/python3.12/site-packages/airflow/example_dags/example_branch_labels.py
[2024-10-03T11:21:33.152+0000] {logging_mixin.py:190} INFO - [2024-10-03T11:21:33.151+0000] {dag.py:3239} INFO - Sync 1 DAGs
[2024-10-03T11:21:33.167+0000] {logging_mixin.py:190} INFO - [2024-10-03T11:21:33.166+0000] {dag.py:4180} INFO - Setting next_dagrun for example_branch_labels to 2024-10-02 00:00:00+00:00, run_after=2024-10-03 00:00:00+00:00
[2024-10-03T11:21:33.182+0000] {processor.py:208} INFO - Processing /home/airflow/.local/lib/python3.12/site-packages/airflow/example_dags/example_branch_labels.py took 0.099 seconds
[2024-10-03T11:22:03.546+0000] {processor.py:186} INFO - Started process (PID=1777) to work on /home/airflow/.local/lib/python3.12/site-packages/airflow/example_dags/example_branch_labels.py
[2024-10-03T11:22:03.547+0000] {processor.py:914} INFO - Processing file /home/airflow/.local/lib/python3.12/site-packages/airflow/example_dags/example_branch_labels.py for tasks to queue
[2024-10-03T11:22:03.548+0000] {logging_mixin.py:190} INFO - [2024-10-03T11:22:03.548+0000] {dagbag.py:588} INFO - Filling up the DagBag from /home/airflow/.local/lib/python3.12/site-packages/airflow/example_dags/example_branch_labels.py
[2024-10-03T11:22:03.554+0000] {processor.py:925} INFO - DAG(s) 'example_branch_labels' retrieved from /home/airflow/.local/lib/python3.12/site-packages/airflow/example_dags/example_branch_labels.py
[2024-10-03T11:22:03.565+0000] {logging_mixin.py:190} INFO - [2024-10-03T11:22:03.565+0000] {dag.py:3239} INFO - Sync 1 DAGs
[2024-10-03T11:22:03.577+0000] {logging_mixin.py:190} INFO - [2024-10-03T11:22:03.576+0000] {dag.py:4180} INFO - Setting next_dagrun for example_branch_labels to 2024-10-02 00:00:00+00:00, run_after=2024-10-03 00:00:00+00:00
[2024-10-03T11:22:03.585+0000] {processor.py:208} INFO - Processing /home/airflow/.local/lib/python3.12/site-packages/airflow/example_dags/example_branch_labels.py took 0.042 seconds
[2024-10-03T11:22:34.057+0000] {processor.py:186} INFO - Started process (PID=2063) to work on /home/airflow/.local/lib/python3.12/site-packages/airflow/example_dags/example_branch_labels.py
[2024-10-03T11:22:34.058+0000] {processor.py:914} INFO - Processing file /home/airflow/.local/lib/python3.12/site-packages/airflow/example_dags/example_branch_labels.py for tasks to queue
[2024-10-03T11:22:34.059+0000] {logging_mixin.py:190} INFO - [2024-10-03T11:22:34.059+0000] {dagbag.py:588} INFO - Filling up the DagBag from /home/airflow/.local/lib/python3.12/site-packages/airflow/example_dags/example_branch_labels.py
[2024-10-03T11:22:34.065+0000] {processor.py:925} INFO - DAG(s) 'example_branch_labels' retrieved from /home/airflow/.local/lib/python3.12/site-packages/airflow/example_dags/example_branch_labels.py
[2024-10-03T11:22:34.077+0000] {logging_mixin.py:190} INFO - [2024-10-03T11:22:34.076+0000] {dag.py:3239} INFO - Sync 1 DAGs
[2024-10-03T11:22:34.088+0000] {logging_mixin.py:190} INFO - [2024-10-03T11:22:34.088+0000] {dag.py:4180} INFO - Setting next_dagrun for example_branch_labels to 2024-10-02 00:00:00+00:00, run_after=2024-10-03 00:00:00+00:00
[2024-10-03T11:22:34.096+0000] {processor.py:208} INFO - Processing /home/airflow/.local/lib/python3.12/site-packages/airflow/example_dags/example_branch_labels.py took 0.043 seconds
[2024-10-03T11:23:04.657+0000] {processor.py:186} INFO - Started process (PID=2349) to work on /home/airflow/.local/lib/python3.12/site-packages/airflow/example_dags/example_branch_labels.py
[2024-10-03T11:23:04.657+0000] {processor.py:914} INFO - Processing file /home/airflow/.local/lib/python3.12/site-packages/airflow/example_dags/example_branch_labels.py for tasks to queue
[2024-10-03T11:23:04.659+0000] {logging_mixin.py:190} INFO - [2024-10-03T11:23:04.659+0000] {dagbag.py:588} INFO - Filling up the DagBag from /home/airflow/.local/lib/python3.12/site-packages/airflow/example_dags/example_branch_labels.py
[2024-10-03T11:23:04.665+0000] {processor.py:925} INFO - DAG(s) 'example_branch_labels' retrieved from /home/airflow/.local/lib/python3.12/site-packages/airflow/example_dags/example_branch_labels.py
[2024-10-03T11:23:04.676+0000] {logging_mixin.py:190} INFO - [2024-10-03T11:23:04.676+0000] {dag.py:3239} INFO - Sync 1 DAGs
[2024-10-03T11:23:04.688+0000] {logging_mixin.py:190} INFO - [2024-10-03T11:23:04.688+0000] {dag.py:4180} INFO - Setting next_dagrun for example_branch_labels to 2024-10-02 00:00:00+00:00, run_after=2024-10-03 00:00:00+00:00
[2024-10-03T11:23:04.696+0000] {processor.py:208} INFO - Processing /home/airflow/.local/lib/python3.12/site-packages/airflow/example_dags/example_branch_labels.py took 0.043 seconds
[2024-10-03T11:23:34.873+0000] {processor.py:186} INFO - Started process (PID=2635) to work on /home/airflow/.local/lib/python3.12/site-packages/airflow/example_dags/example_branch_labels.py
[2024-10-03T11:23:34.873+0000] {processor.py:914} INFO - Processing file /home/airflow/.local/lib/python3.12/site-packages/airflow/example_dags/example_branch_labels.py for tasks to queue
[2024-10-03T11:23:34.875+0000] {logging_mixin.py:190} INFO - [2024-10-03T11:23:34.874+0000] {dagbag.py:588} INFO - Filling up the DagBag from /home/airflow/.local/lib/python3.12/site-packages/airflow/example_dags/example_branch_labels.py
[2024-10-03T11:23:34.880+0000] {processor.py:925} INFO - DAG(s) 'example_branch_labels' retrieved from /home/airflow/.local/lib/python3.12/site-packages/airflow/example_dags/example_branch_labels.py
[2024-10-03T11:23:34.892+0000] {logging_mixin.py:190} INFO - [2024-10-03T11:23:34.891+0000] {dag.py:3239} INFO - Sync 1 DAGs
[2024-10-03T11:23:34.904+0000] {logging_mixin.py:190} INFO - [2024-10-03T11:23:34.904+0000] {dag.py:4180} INFO - Setting next_dagrun for example_branch_labels to 2024-10-02 00:00:00+00:00, run_after=2024-10-03 00:00:00+00:00
[2024-10-03T11:23:34.913+0000] {processor.py:208} INFO - Processing /home/airflow/.local/lib/python3.12/site-packages/airflow/example_dags/example_branch_labels.py took 0.044 seconds
[2024-10-03T11:24:05.268+0000] {processor.py:186} INFO - Started process (PID=2921) to work on /home/airflow/.local/lib/python3.12/site-packages/airflow/example_dags/example_branch_labels.py
[2024-10-03T11:24:05.269+0000] {processor.py:914} INFO - Processing file /home/airflow/.local/lib/python3.12/site-packages/airflow/example_dags/example_branch_labels.py for tasks to queue
[2024-10-03T11:24:05.270+0000] {logging_mixin.py:190} INFO - [2024-10-03T11:24:05.270+0000] {dagbag.py:588} INFO - Filling up the DagBag from /home/airflow/.local/lib/python3.12/site-packages/airflow/example_dags/example_branch_labels.py
[2024-10-03T11:24:05.276+0000] {processor.py:925} INFO - DAG(s) 'example_branch_labels' retrieved from /home/airflow/.local/lib/python3.12/site-packages/airflow/example_dags/example_branch_labels.py
[2024-10-03T11:24:05.287+0000] {logging_mixin.py:190} INFO - [2024-10-03T11:24:05.287+0000] {dag.py:3239} INFO - Sync 1 DAGs
[2024-10-03T11:24:05.299+0000] {logging_mixin.py:190} INFO - [2024-10-03T11:24:05.299+0000] {dag.py:4180} INFO - Setting next_dagrun for example_branch_labels to 2024-10-02 00:00:00+00:00, run_after=2024-10-03 00:00:00+00:00
[2024-10-03T11:24:05.307+0000] {processor.py:208} INFO - Processing /home/airflow/.local/lib/python3.12/site-packages/airflow/example_dags/example_branch_labels.py took 0.042 seconds
[2024-10-03T11:24:35.860+0000] {processor.py:186} INFO - Started process (PID=3207) to work on /home/airflow/.local/lib/python3.12/site-packages/airflow/example_dags/example_branch_labels.py
[2024-10-03T11:24:35.860+0000] {processor.py:914} INFO - Processing file /home/airflow/.local/lib/python3.12/site-packages/airflow/example_dags/example_branch_labels.py for tasks to queue
[2024-10-03T11:24:35.862+0000] {logging_mixin.py:190} INFO - [2024-10-03T11:24:35.862+0000] {dagbag.py:588} INFO - Filling up the DagBag from /home/airflow/.local/lib/python3.12/site-packages/airflow/example_dags/example_branch_labels.py
[2024-10-03T11:24:35.868+0000] {processor.py:925} INFO - DAG(s) 'example_branch_labels' retrieved from /home/airflow/.local/lib/python3.12/site-packages/airflow/example_dags/example_branch_labels.py
[2024-10-03T11:24:35.880+0000] {logging_mixin.py:190} INFO - [2024-10-03T11:24:35.880+0000] {dag.py:3239} INFO - Sync 1 DAGs
[2024-10-03T11:24:35.893+0000] {logging_mixin.py:190} INFO - [2024-10-03T11:24:35.892+0000] {dag.py:4180} INFO - Setting next_dagrun for example_branch_labels to 2024-10-02 00:00:00+00:00, run_after=2024-10-03 00:00:00+00:00
[2024-10-03T11:24:35.902+0000] {processor.py:208} INFO - Processing /home/airflow/.local/lib/python3.12/site-packages/airflow/example_dags/example_branch_labels.py took 0.046 seconds
[2024-10-03T11:25:06.379+0000] {processor.py:186} INFO - Started process (PID=3493) to work on /home/airflow/.local/lib/python3.12/site-packages/airflow/example_dags/example_branch_labels.py
[2024-10-03T11:25:06.380+0000] {processor.py:914} INFO - Processing file /home/airflow/.local/lib/python3.12/site-packages/airflow/example_dags/example_branch_labels.py for tasks to queue
[2024-10-03T11:25:06.381+0000] {logging_mixin.py:190} INFO - [2024-10-03T11:25:06.381+0000] {dagbag.py:588} INFO - Filling up the DagBag from /home/airflow/.local/lib/python3.12/site-packages/airflow/example_dags/example_branch_labels.py
[2024-10-03T11:25:06.387+0000] {processor.py:925} INFO - DAG(s) 'example_branch_labels' retrieved from /home/airflow/.local/lib/python3.12/site-packages/airflow/example_dags/example_branch_labels.py
[2024-10-03T11:25:06.398+0000] {logging_mixin.py:190} INFO - [2024-10-03T11:25:06.398+0000] {dag.py:3239} INFO - Sync 1 DAGs
[2024-10-03T11:25:06.409+0000] {logging_mixin.py:190} INFO - [2024-10-03T11:25:06.409+0000] {dag.py:4180} INFO - Setting next_dagrun for example_branch_labels to 2024-10-02 00:00:00+00:00, run_after=2024-10-03 00:00:00+00:00
[2024-10-03T11:25:06.417+0000] {processor.py:208} INFO - Processing /home/airflow/.local/lib/python3.12/site-packages/airflow/example_dags/example_branch_labels.py took 0.042 seconds
[2024-10-03T11:25:36.929+0000] {processor.py:186} INFO - Started process (PID=3779) to work on /home/airflow/.local/lib/python3.12/site-packages/airflow/example_dags/example_branch_labels.py
[2024-10-03T11:25:36.930+0000] {processor.py:914} INFO - Processing file /home/airflow/.local/lib/python3.12/site-packages/airflow/example_dags/example_branch_labels.py for tasks to queue
[2024-10-03T11:25:36.931+0000] {logging_mixin.py:190} INFO - [2024-10-03T11:25:36.931+0000] {dagbag.py:588} INFO - Filling up the DagBag from /home/airflow/.local/lib/python3.12/site-packages/airflow/example_dags/example_branch_labels.py
[2024-10-03T11:25:36.937+0000] {processor.py:925} INFO - DAG(s) 'example_branch_labels' retrieved from /home/airflow/.local/lib/python3.12/site-packages/airflow/example_dags/example_branch_labels.py
[2024-10-03T11:25:36.949+0000] {logging_mixin.py:190} INFO - [2024-10-03T11:25:36.949+0000] {dag.py:3239} INFO - Sync 1 DAGs
[2024-10-03T11:25:36.962+0000] {logging_mixin.py:190} INFO - [2024-10-03T11:25:36.962+0000] {dag.py:4180} INFO - Setting next_dagrun for example_branch_labels to 2024-10-02 00:00:00+00:00, run_after=2024-10-03 00:00:00+00:00
[2024-10-03T11:25:36.971+0000] {processor.py:208} INFO - Processing /home/airflow/.local/lib/python3.12/site-packages/airflow/example_dags/example_branch_labels.py took 0.045 seconds
[2024-10-03T11:26:07.367+0000] {processor.py:186} INFO - Started process (PID=4069) to work on /home/airflow/.local/lib/python3.12/site-packages/airflow/example_dags/example_branch_labels.py
[2024-10-03T11:26:07.368+0000] {processor.py:914} INFO - Processing file /home/airflow/.local/lib/python3.12/site-packages/airflow/example_dags/example_branch_labels.py for tasks to queue
[2024-10-03T11:26:07.369+0000] {logging_mixin.py:190} INFO - [2024-10-03T11:26:07.369+0000] {dagbag.py:588} INFO - Filling up the DagBag from /home/airflow/.local/lib/python3.12/site-packages/airflow/example_dags/example_branch_labels.py
[2024-10-03T11:26:07.375+0000] {processor.py:925} INFO - DAG(s) 'example_branch_labels' retrieved from /home/airflow/.local/lib/python3.12/site-packages/airflow/example_dags/example_branch_labels.py
[2024-10-03T11:26:07.388+0000] {logging_mixin.py:190} INFO - [2024-10-03T11:26:07.387+0000] {dag.py:3239} INFO - Sync 1 DAGs
[2024-10-03T11:26:07.400+0000] {logging_mixin.py:190} INFO - [2024-10-03T11:26:07.400+0000] {dag.py:4180} INFO - Setting next_dagrun for example_branch_labels to 2024-10-02 00:00:00+00:00, run_after=2024-10-03 00:00:00+00:00
[2024-10-03T11:26:07.409+0000] {processor.py:208} INFO - Processing /home/airflow/.local/lib/python3.12/site-packages/airflow/example_dags/example_branch_labels.py took 0.046 seconds
[2024-10-03T11:26:37.792+0000] {processor.py:186} INFO - Started process (PID=4360) to work on /home/airflow/.local/lib/python3.12/site-packages/airflow/example_dags/example_branch_labels.py
[2024-10-03T11:26:37.793+0000] {processor.py:914} INFO - Processing file /home/airflow/.local/lib/python3.12/site-packages/airflow/example_dags/example_branch_labels.py for tasks to queue
[2024-10-03T11:26:37.794+0000] {logging_mixin.py:190} INFO - [2024-10-03T11:26:37.794+0000] {dagbag.py:588} INFO - Filling up the DagBag from /home/airflow/.local/lib/python3.12/site-packages/airflow/example_dags/example_branch_labels.py
[2024-10-03T11:26:37.799+0000] {processor.py:925} INFO - DAG(s) 'example_branch_labels' retrieved from /home/airflow/.local/lib/python3.12/site-packages/airflow/example_dags/example_branch_labels.py
[2024-10-03T11:26:37.811+0000] {logging_mixin.py:190} INFO - [2024-10-03T11:26:37.811+0000] {dag.py:3239} INFO - Sync 1 DAGs
[2024-10-03T11:26:37.822+0000] {logging_mixin.py:190} INFO - [2024-10-03T11:26:37.822+0000] {dag.py:4180} INFO - Setting next_dagrun for example_branch_labels to 2024-10-02 00:00:00+00:00, run_after=2024-10-03 00:00:00+00:00
[2024-10-03T11:26:37.830+0000] {processor.py:208} INFO - Processing /home/airflow/.local/lib/python3.12/site-packages/airflow/example_dags/example_branch_labels.py took 0.042 seconds
[2024-10-03T11:27:08.253+0000] {processor.py:186} INFO - Started process (PID=4646) to work on /home/airflow/.local/lib/python3.12/site-packages/airflow/example_dags/example_branch_labels.py
[2024-10-03T11:27:08.254+0000] {processor.py:914} INFO - Processing file /home/airflow/.local/lib/python3.12/site-packages/airflow/example_dags/example_branch_labels.py for tasks to queue
[2024-10-03T11:27:08.255+0000] {logging_mixin.py:190} INFO - [2024-10-03T11:27:08.255+0000] {dagbag.py:588} INFO - Filling up the DagBag from /home/airflow/.local/lib/python3.12/site-packages/airflow/example_dags/example_branch_labels.py
[2024-10-03T11:27:08.261+0000] {processor.py:925} INFO - DAG(s) 'example_branch_labels' retrieved from /home/airflow/.local/lib/python3.12/site-packages/airflow/example_dags/example_branch_labels.py
[2024-10-03T11:27:08.272+0000] {logging_mixin.py:190} INFO - [2024-10-03T11:27:08.272+0000] {dag.py:3239} INFO - Sync 1 DAGs
[2024-10-03T11:27:08.284+0000] {logging_mixin.py:190} INFO - [2024-10-03T11:27:08.284+0000] {dag.py:4180} INFO - Setting next_dagrun for example_branch_labels to 2024-10-02 00:00:00+00:00, run_after=2024-10-03 00:00:00+00:00
[2024-10-03T11:27:08.293+0000] {processor.py:208} INFO - Processing /home/airflow/.local/lib/python3.12/site-packages/airflow/example_dags/example_branch_labels.py took 0.043 seconds
[2024-10-03T11:27:38.662+0000] {processor.py:186} INFO - Started process (PID=4932) to work on /home/airflow/.local/lib/python3.12/site-packages/airflow/example_dags/example_branch_labels.py
[2024-10-03T11:27:38.662+0000] {processor.py:914} INFO - Processing file /home/airflow/.local/lib/python3.12/site-packages/airflow/example_dags/example_branch_labels.py for tasks to queue
[2024-10-03T11:27:38.664+0000] {logging_mixin.py:190} INFO - [2024-10-03T11:27:38.664+0000] {dagbag.py:588} INFO - Filling up the DagBag from /home/airflow/.local/lib/python3.12/site-packages/airflow/example_dags/example_branch_labels.py
[2024-10-03T11:27:38.669+0000] {processor.py:925} INFO - DAG(s) 'example_branch_labels' retrieved from /home/airflow/.local/lib/python3.12/site-packages/airflow/example_dags/example_branch_labels.py
[2024-10-03T11:27:38.681+0000] {logging_mixin.py:190} INFO - [2024-10-03T11:27:38.681+0000] {dag.py:3239} INFO - Sync 1 DAGs
[2024-10-03T11:27:38.693+0000] {logging_mixin.py:190} INFO - [2024-10-03T11:27:38.693+0000] {dag.py:4180} INFO - Setting next_dagrun for example_branch_labels to 2024-10-02 00:00:00+00:00, run_after=2024-10-03 00:00:00+00:00
[2024-10-03T11:27:38.702+0000] {processor.py:208} INFO - Processing /home/airflow/.local/lib/python3.12/site-packages/airflow/example_dags/example_branch_labels.py took 0.044 seconds
[2024-10-03T11:28:09.022+0000] {processor.py:186} INFO - Started process (PID=5218) to work on /home/airflow/.local/lib/python3.12/site-packages/airflow/example_dags/example_branch_labels.py
[2024-10-03T11:28:09.023+0000] {processor.py:914} INFO - Processing file /home/airflow/.local/lib/python3.12/site-packages/airflow/example_dags/example_branch_labels.py for tasks to queue
[2024-10-03T11:28:09.024+0000] {logging_mixin.py:190} INFO - [2024-10-03T11:28:09.024+0000] {dagbag.py:588} INFO - Filling up the DagBag from /home/airflow/.local/lib/python3.12/site-packages/airflow/example_dags/example_branch_labels.py
[2024-10-03T11:28:09.030+0000] {processor.py:925} INFO - DAG(s) 'example_branch_labels' retrieved from /home/airflow/.local/lib/python3.12/site-packages/airflow/example_dags/example_branch_labels.py
[2024-10-03T11:28:09.042+0000] {logging_mixin.py:190} INFO - [2024-10-03T11:28:09.042+0000] {dag.py:3239} INFO - Sync 1 DAGs
[2024-10-03T11:28:09.053+0000] {logging_mixin.py:190} INFO - [2024-10-03T11:28:09.053+0000] {dag.py:4180} INFO - Setting next_dagrun for example_branch_labels to 2024-10-02 00:00:00+00:00, run_after=2024-10-03 00:00:00+00:00
[2024-10-03T11:28:09.061+0000] {processor.py:208} INFO - Processing /home/airflow/.local/lib/python3.12/site-packages/airflow/example_dags/example_branch_labels.py took 0.043 seconds
[2024-10-03T11:28:39.366+0000] {processor.py:186} INFO - Started process (PID=5499) to work on /home/airflow/.local/lib/python3.12/site-packages/airflow/example_dags/example_branch_labels.py
[2024-10-03T11:28:39.367+0000] {processor.py:914} INFO - Processing file /home/airflow/.local/lib/python3.12/site-packages/airflow/example_dags/example_branch_labels.py for tasks to queue
[2024-10-03T11:28:39.368+0000] {logging_mixin.py:190} INFO - [2024-10-03T11:28:39.368+0000] {dagbag.py:588} INFO - Filling up the DagBag from /home/airflow/.local/lib/python3.12/site-packages/airflow/example_dags/example_branch_labels.py
[2024-10-03T11:28:39.374+0000] {processor.py:925} INFO - DAG(s) 'example_branch_labels' retrieved from /home/airflow/.local/lib/python3.12/site-packages/airflow/example_dags/example_branch_labels.py
[2024-10-03T11:28:39.386+0000] {logging_mixin.py:190} INFO - [2024-10-03T11:28:39.386+0000] {dag.py:3239} INFO - Sync 1 DAGs
[2024-10-03T11:28:39.398+0000] {logging_mixin.py:190} INFO - [2024-10-03T11:28:39.398+0000] {dag.py:4180} INFO - Setting next_dagrun for example_branch_labels to 2024-10-02 00:00:00+00:00, run_after=2024-10-03 00:00:00+00:00
[2024-10-03T11:28:39.408+0000] {processor.py:208} INFO - Processing /home/airflow/.local/lib/python3.12/site-packages/airflow/example_dags/example_branch_labels.py took 0.046 seconds
[2024-10-03T11:29:09.615+0000] {processor.py:186} INFO - Started process (PID=5814) to work on /home/airflow/.local/lib/python3.12/site-packages/airflow/example_dags/example_branch_labels.py
[2024-10-03T11:29:09.616+0000] {processor.py:914} INFO - Processing file /home/airflow/.local/lib/python3.12/site-packages/airflow/example_dags/example_branch_labels.py for tasks to queue
[2024-10-03T11:29:09.618+0000] {logging_mixin.py:190} INFO - [2024-10-03T11:29:09.617+0000] {dagbag.py:588} INFO - Filling up the DagBag from /home/airflow/.local/lib/python3.12/site-packages/airflow/example_dags/example_branch_labels.py
[2024-10-03T11:29:09.623+0000] {processor.py:925} INFO - DAG(s) 'example_branch_labels' retrieved from /home/airflow/.local/lib/python3.12/site-packages/airflow/example_dags/example_branch_labels.py
[2024-10-03T11:29:09.636+0000] {logging_mixin.py:190} INFO - [2024-10-03T11:29:09.636+0000] {dag.py:3239} INFO - Sync 1 DAGs
[2024-10-03T11:29:09.648+0000] {logging_mixin.py:190} INFO - [2024-10-03T11:29:09.648+0000] {dag.py:4180} INFO - Setting next_dagrun for example_branch_labels to 2024-10-02 00:00:00+00:00, run_after=2024-10-03 00:00:00+00:00
[2024-10-03T11:29:09.658+0000] {processor.py:208} INFO - Processing /home/airflow/.local/lib/python3.12/site-packages/airflow/example_dags/example_branch_labels.py took 0.046 seconds
[2024-10-03T11:29:39.933+0000] {processor.py:186} INFO - Started process (PID=6095) to work on /home/airflow/.local/lib/python3.12/site-packages/airflow/example_dags/example_branch_labels.py
[2024-10-03T11:29:39.933+0000] {processor.py:914} INFO - Processing file /home/airflow/.local/lib/python3.12/site-packages/airflow/example_dags/example_branch_labels.py for tasks to queue
[2024-10-03T11:29:39.935+0000] {logging_mixin.py:190} INFO - [2024-10-03T11:29:39.934+0000] {dagbag.py:588} INFO - Filling up the DagBag from /home/airflow/.local/lib/python3.12/site-packages/airflow/example_dags/example_branch_labels.py
[2024-10-03T11:29:39.940+0000] {processor.py:925} INFO - DAG(s) 'example_branch_labels' retrieved from /home/airflow/.local/lib/python3.12/site-packages/airflow/example_dags/example_branch_labels.py
[2024-10-03T11:29:39.952+0000] {logging_mixin.py:190} INFO - [2024-10-03T11:29:39.952+0000] {dag.py:3239} INFO - Sync 1 DAGs
[2024-10-03T11:29:39.964+0000] {logging_mixin.py:190} INFO - [2024-10-03T11:29:39.964+0000] {dag.py:4180} INFO - Setting next_dagrun for example_branch_labels to 2024-10-02 00:00:00+00:00, run_after=2024-10-03 00:00:00+00:00
[2024-10-03T11:29:39.972+0000] {processor.py:208} INFO - Processing /home/airflow/.local/lib/python3.12/site-packages/airflow/example_dags/example_branch_labels.py took 0.043 seconds
[2024-10-03T11:30:10.357+0000] {processor.py:186} INFO - Started process (PID=6386) to work on /home/airflow/.local/lib/python3.12/site-packages/airflow/example_dags/example_branch_labels.py
[2024-10-03T11:30:10.358+0000] {processor.py:914} INFO - Processing file /home/airflow/.local/lib/python3.12/site-packages/airflow/example_dags/example_branch_labels.py for tasks to queue
[2024-10-03T11:30:10.359+0000] {logging_mixin.py:190} INFO - [2024-10-03T11:30:10.359+0000] {dagbag.py:588} INFO - Filling up the DagBag from /home/airflow/.local/lib/python3.12/site-packages/airflow/example_dags/example_branch_labels.py
[2024-10-03T11:30:10.364+0000] {processor.py:925} INFO - DAG(s) 'example_branch_labels' retrieved from /home/airflow/.local/lib/python3.12/site-packages/airflow/example_dags/example_branch_labels.py
[2024-10-03T11:30:10.376+0000] {logging_mixin.py:190} INFO - [2024-10-03T11:30:10.376+0000] {dag.py:3239} INFO - Sync 1 DAGs
[2024-10-03T11:30:10.389+0000] {logging_mixin.py:190} INFO - [2024-10-03T11:30:10.389+0000] {dag.py:4180} INFO - Setting next_dagrun for example_branch_labels to 2024-10-02 00:00:00+00:00, run_after=2024-10-03 00:00:00+00:00
[2024-10-03T11:30:10.398+0000] {processor.py:208} INFO - Processing /home/airflow/.local/lib/python3.12/site-packages/airflow/example_dags/example_branch_labels.py took 0.044 seconds
[2024-10-03T11:30:40.673+0000] {processor.py:186} INFO - Started process (PID=6667) to work on /home/airflow/.local/lib/python3.12/site-packages/airflow/example_dags/example_branch_labels.py
[2024-10-03T11:30:40.673+0000] {processor.py:914} INFO - Processing file /home/airflow/.local/lib/python3.12/site-packages/airflow/example_dags/example_branch_labels.py for tasks to queue
[2024-10-03T11:30:40.675+0000] {logging_mixin.py:190} INFO - [2024-10-03T11:30:40.675+0000] {dagbag.py:588} INFO - Filling up the DagBag from /home/airflow/.local/lib/python3.12/site-packages/airflow/example_dags/example_branch_labels.py
[2024-10-03T11:30:40.680+0000] {processor.py:925} INFO - DAG(s) 'example_branch_labels' retrieved from /home/airflow/.local/lib/python3.12/site-packages/airflow/example_dags/example_branch_labels.py
[2024-10-03T11:30:40.692+0000] {logging_mixin.py:190} INFO - [2024-10-03T11:30:40.692+0000] {dag.py:3239} INFO - Sync 1 DAGs
[2024-10-03T11:30:40.703+0000] {logging_mixin.py:190} INFO - [2024-10-03T11:30:40.703+0000] {dag.py:4180} INFO - Setting next_dagrun for example_branch_labels to 2024-10-02 00:00:00+00:00, run_after=2024-10-03 00:00:00+00:00
[2024-10-03T11:30:40.711+0000] {processor.py:208} INFO - Processing /home/airflow/.local/lib/python3.12/site-packages/airflow/example_dags/example_branch_labels.py took 0.042 seconds
[2024-10-03T11:31:10.979+0000] {processor.py:186} INFO - Started process (PID=6953) to work on /home/airflow/.local/lib/python3.12/site-packages/airflow/example_dags/example_branch_labels.py
[2024-10-03T11:31:10.980+0000] {processor.py:914} INFO - Processing file /home/airflow/.local/lib/python3.12/site-packages/airflow/example_dags/example_branch_labels.py for tasks to queue
[2024-10-03T11:31:10.981+0000] {logging_mixin.py:190} INFO - [2024-10-03T11:31:10.981+0000] {dagbag.py:588} INFO - Filling up the DagBag from /home/airflow/.local/lib/python3.12/site-packages/airflow/example_dags/example_branch_labels.py
[2024-10-03T11:31:10.987+0000] {processor.py:925} INFO - DAG(s) 'example_branch_labels' retrieved from /home/airflow/.local/lib/python3.12/site-packages/airflow/example_dags/example_branch_labels.py
[2024-10-03T11:31:10.999+0000] {logging_mixin.py:190} INFO - [2024-10-03T11:31:10.999+0000] {dag.py:3239} INFO - Sync 1 DAGs
[2024-10-03T11:31:11.010+0000] {logging_mixin.py:190} INFO - [2024-10-03T11:31:11.010+0000] {dag.py:4180} INFO - Setting next_dagrun for example_branch_labels to 2024-10-02 00:00:00+00:00, run_after=2024-10-03 00:00:00+00:00
[2024-10-03T11:31:11.019+0000] {processor.py:208} INFO - Processing /home/airflow/.local/lib/python3.12/site-packages/airflow/example_dags/example_branch_labels.py took 0.043 seconds
