[2024-10-03T11:19:30.013+0000] {processor.py:186} INFO - Started process (PID=307) to work on /home/airflow/.local/lib/python3.12/site-packages/airflow/example_dags/example_xcom.py
[2024-10-03T11:19:30.013+0000] {processor.py:914} INFO - Processing file /home/airflow/.local/lib/python3.12/site-packages/airflow/example_dags/example_xcom.py for tasks to queue
[2024-10-03T11:19:30.015+0000] {logging_mixin.py:190} INFO - [2024-10-03T11:19:30.015+0000] {dagbag.py:588} INFO - Filling up the DagBag from /home/airflow/.local/lib/python3.12/site-packages/airflow/example_dags/example_xcom.py
[2024-10-03T11:19:30.021+0000] {processor.py:925} INFO - DAG(s) 'example_xcom' retrieved from /home/airflow/.local/lib/python3.12/site-packages/airflow/example_dags/example_xcom.py
[2024-10-03T11:19:30.085+0000] {logging_mixin.py:190} INFO - [2024-10-03T11:19:30.084+0000] {override.py:1900} INFO - Created Permission View: can delete on DAG:example_xcom
[2024-10-03T11:19:30.090+0000] {logging_mixin.py:190} INFO - [2024-10-03T11:19:30.090+0000] {override.py:1900} INFO - Created Permission View: can read on DAG:example_xcom
[2024-10-03T11:19:30.093+0000] {logging_mixin.py:190} INFO - [2024-10-03T11:19:30.093+0000] {override.py:1900} INFO - Created Permission View: can edit on DAG:example_xcom
[2024-10-03T11:19:30.097+0000] {logging_mixin.py:190} INFO - [2024-10-03T11:19:30.096+0000] {override.py:1900} INFO - Created Permission View: can read on DAG Run:example_xcom
[2024-10-03T11:19:30.100+0000] {logging_mixin.py:190} INFO - [2024-10-03T11:19:30.099+0000] {override.py:1900} INFO - Created Permission View: can create on DAG Run:example_xcom
[2024-10-03T11:19:30.102+0000] {logging_mixin.py:190} INFO - [2024-10-03T11:19:30.102+0000] {override.py:1900} INFO - Created Permission View: menu access on DAG Run:example_xcom
[2024-10-03T11:19:30.105+0000] {logging_mixin.py:190} INFO - [2024-10-03T11:19:30.105+0000] {override.py:1900} INFO - Created Permission View: can delete on DAG Run:example_xcom
[2024-10-03T11:19:30.106+0000] {logging_mixin.py:190} INFO - [2024-10-03T11:19:30.106+0000] {dag.py:3239} INFO - Sync 1 DAGs
[2024-10-03T11:19:30.113+0000] {logging_mixin.py:190} INFO - [2024-10-03T11:19:30.112+0000] {dag.py:3262} INFO - Creating ORM DAG for example_xcom
[2024-10-03T11:19:30.118+0000] {logging_mixin.py:190} INFO - [2024-10-03T11:19:30.118+0000] {dag.py:4180} INFO - Setting next_dagrun for example_xcom to 2021-01-01 00:00:00+00:00, run_after=2021-01-01 00:00:00+00:00
[2024-10-03T11:19:30.127+0000] {processor.py:208} INFO - Processing /home/airflow/.local/lib/python3.12/site-packages/airflow/example_dags/example_xcom.py took 0.118 seconds
[2024-10-03T11:20:00.397+0000] {processor.py:186} INFO - Started process (PID=593) to work on /home/airflow/.local/lib/python3.12/site-packages/airflow/example_dags/example_xcom.py
[2024-10-03T11:20:00.398+0000] {processor.py:914} INFO - Processing file /home/airflow/.local/lib/python3.12/site-packages/airflow/example_dags/example_xcom.py for tasks to queue
[2024-10-03T11:20:00.399+0000] {logging_mixin.py:190} INFO - [2024-10-03T11:20:00.399+0000] {dagbag.py:588} INFO - Filling up the DagBag from /home/airflow/.local/lib/python3.12/site-packages/airflow/example_dags/example_xcom.py
[2024-10-03T11:20:00.404+0000] {processor.py:925} INFO - DAG(s) 'example_xcom' retrieved from /home/airflow/.local/lib/python3.12/site-packages/airflow/example_dags/example_xcom.py
[2024-10-03T11:20:00.415+0000] {logging_mixin.py:190} INFO - [2024-10-03T11:20:00.414+0000] {dag.py:3239} INFO - Sync 1 DAGs
[2024-10-03T11:20:00.425+0000] {logging_mixin.py:190} INFO - [2024-10-03T11:20:00.425+0000] {dag.py:4180} INFO - Setting next_dagrun for example_xcom to 2021-01-01 00:00:00+00:00, run_after=2021-01-01 00:00:00+00:00
[2024-10-03T11:20:00.433+0000] {processor.py:208} INFO - Processing /home/airflow/.local/lib/python3.12/site-packages/airflow/example_dags/example_xcom.py took 0.040 seconds
[2024-10-03T11:20:30.857+0000] {processor.py:186} INFO - Started process (PID=881) to work on /home/airflow/.local/lib/python3.12/site-packages/airflow/example_dags/example_xcom.py
[2024-10-03T11:20:30.857+0000] {processor.py:914} INFO - Processing file /home/airflow/.local/lib/python3.12/site-packages/airflow/example_dags/example_xcom.py for tasks to queue
[2024-10-03T11:20:30.859+0000] {logging_mixin.py:190} INFO - [2024-10-03T11:20:30.859+0000] {dagbag.py:588} INFO - Filling up the DagBag from /home/airflow/.local/lib/python3.12/site-packages/airflow/example_dags/example_xcom.py
[2024-10-03T11:20:30.864+0000] {processor.py:925} INFO - DAG(s) 'example_xcom' retrieved from /home/airflow/.local/lib/python3.12/site-packages/airflow/example_dags/example_xcom.py
[2024-10-03T11:20:30.876+0000] {logging_mixin.py:190} INFO - [2024-10-03T11:20:30.876+0000] {dag.py:3239} INFO - Sync 1 DAGs
[2024-10-03T11:20:30.887+0000] {logging_mixin.py:190} INFO - [2024-10-03T11:20:30.887+0000] {dag.py:4180} INFO - Setting next_dagrun for example_xcom to 2021-01-01 00:00:00+00:00, run_after=2021-01-01 00:00:00+00:00
[2024-10-03T11:20:30.894+0000] {processor.py:208} INFO - Processing /home/airflow/.local/lib/python3.12/site-packages/airflow/example_dags/example_xcom.py took 0.041 seconds
[2024-10-03T11:21:01.258+0000] {processor.py:186} INFO - Started process (PID=1165) to work on /home/airflow/.local/lib/python3.12/site-packages/airflow/example_dags/example_xcom.py
[2024-10-03T11:21:01.259+0000] {processor.py:914} INFO - Processing file /home/airflow/.local/lib/python3.12/site-packages/airflow/example_dags/example_xcom.py for tasks to queue
[2024-10-03T11:21:01.261+0000] {logging_mixin.py:190} INFO - [2024-10-03T11:21:01.260+0000] {dagbag.py:588} INFO - Filling up the DagBag from /home/airflow/.local/lib/python3.12/site-packages/airflow/example_dags/example_xcom.py
[2024-10-03T11:21:01.266+0000] {processor.py:925} INFO - DAG(s) 'example_xcom' retrieved from /home/airflow/.local/lib/python3.12/site-packages/airflow/example_dags/example_xcom.py
[2024-10-03T11:21:01.277+0000] {logging_mixin.py:190} INFO - [2024-10-03T11:21:01.277+0000] {dag.py:3239} INFO - Sync 1 DAGs
[2024-10-03T11:21:01.289+0000] {logging_mixin.py:190} INFO - [2024-10-03T11:21:01.289+0000] {dag.py:4180} INFO - Setting next_dagrun for example_xcom to 2021-01-01 00:00:00+00:00, run_after=2021-01-01 00:00:00+00:00
[2024-10-03T11:21:01.297+0000] {processor.py:208} INFO - Processing /home/airflow/.local/lib/python3.12/site-packages/airflow/example_dags/example_xcom.py took 0.043 seconds
[2024-10-03T11:21:31.733+0000] {processor.py:186} INFO - Started process (PID=1451) to work on /home/airflow/.local/lib/python3.12/site-packages/airflow/example_dags/example_xcom.py
[2024-10-03T11:21:31.734+0000] {processor.py:914} INFO - Processing file /home/airflow/.local/lib/python3.12/site-packages/airflow/example_dags/example_xcom.py for tasks to queue
[2024-10-03T11:21:31.735+0000] {logging_mixin.py:190} INFO - [2024-10-03T11:21:31.735+0000] {dagbag.py:588} INFO - Filling up the DagBag from /home/airflow/.local/lib/python3.12/site-packages/airflow/example_dags/example_xcom.py
[2024-10-03T11:21:31.741+0000] {processor.py:925} INFO - DAG(s) 'example_xcom' retrieved from /home/airflow/.local/lib/python3.12/site-packages/airflow/example_dags/example_xcom.py
[2024-10-03T11:21:31.753+0000] {logging_mixin.py:190} INFO - [2024-10-03T11:21:31.753+0000] {dag.py:3239} INFO - Sync 1 DAGs
[2024-10-03T11:21:31.764+0000] {logging_mixin.py:190} INFO - [2024-10-03T11:21:31.764+0000] {dag.py:4180} INFO - Setting next_dagrun for example_xcom to 2021-01-01 00:00:00+00:00, run_after=2021-01-01 00:00:00+00:00
[2024-10-03T11:21:31.772+0000] {processor.py:208} INFO - Processing /home/airflow/.local/lib/python3.12/site-packages/airflow/example_dags/example_xcom.py took 0.042 seconds
[2024-10-03T11:22:02.225+0000] {processor.py:186} INFO - Started process (PID=1737) to work on /home/airflow/.local/lib/python3.12/site-packages/airflow/example_dags/example_xcom.py
[2024-10-03T11:22:02.226+0000] {processor.py:914} INFO - Processing file /home/airflow/.local/lib/python3.12/site-packages/airflow/example_dags/example_xcom.py for tasks to queue
[2024-10-03T11:22:02.227+0000] {logging_mixin.py:190} INFO - [2024-10-03T11:22:02.227+0000] {dagbag.py:588} INFO - Filling up the DagBag from /home/airflow/.local/lib/python3.12/site-packages/airflow/example_dags/example_xcom.py
[2024-10-03T11:22:02.233+0000] {processor.py:925} INFO - DAG(s) 'example_xcom' retrieved from /home/airflow/.local/lib/python3.12/site-packages/airflow/example_dags/example_xcom.py
[2024-10-03T11:22:02.244+0000] {logging_mixin.py:190} INFO - [2024-10-03T11:22:02.244+0000] {dag.py:3239} INFO - Sync 1 DAGs
[2024-10-03T11:22:02.255+0000] {logging_mixin.py:190} INFO - [2024-10-03T11:22:02.255+0000] {dag.py:4180} INFO - Setting next_dagrun for example_xcom to 2021-01-01 00:00:00+00:00, run_after=2021-01-01 00:00:00+00:00
[2024-10-03T11:22:02.263+0000] {processor.py:208} INFO - Processing /home/airflow/.local/lib/python3.12/site-packages/airflow/example_dags/example_xcom.py took 0.041 seconds
[2024-10-03T11:22:32.678+0000] {processor.py:186} INFO - Started process (PID=2023) to work on /home/airflow/.local/lib/python3.12/site-packages/airflow/example_dags/example_xcom.py
[2024-10-03T11:22:32.678+0000] {processor.py:914} INFO - Processing file /home/airflow/.local/lib/python3.12/site-packages/airflow/example_dags/example_xcom.py for tasks to queue
[2024-10-03T11:22:32.680+0000] {logging_mixin.py:190} INFO - [2024-10-03T11:22:32.679+0000] {dagbag.py:588} INFO - Filling up the DagBag from /home/airflow/.local/lib/python3.12/site-packages/airflow/example_dags/example_xcom.py
[2024-10-03T11:22:32.685+0000] {processor.py:925} INFO - DAG(s) 'example_xcom' retrieved from /home/airflow/.local/lib/python3.12/site-packages/airflow/example_dags/example_xcom.py
[2024-10-03T11:22:32.696+0000] {logging_mixin.py:190} INFO - [2024-10-03T11:22:32.696+0000] {dag.py:3239} INFO - Sync 1 DAGs
[2024-10-03T11:22:32.708+0000] {logging_mixin.py:190} INFO - [2024-10-03T11:22:32.707+0000] {dag.py:4180} INFO - Setting next_dagrun for example_xcom to 2021-01-01 00:00:00+00:00, run_after=2021-01-01 00:00:00+00:00
[2024-10-03T11:22:32.717+0000] {processor.py:208} INFO - Processing /home/airflow/.local/lib/python3.12/site-packages/airflow/example_dags/example_xcom.py took 0.043 seconds
[2024-10-03T11:23:03.293+0000] {processor.py:186} INFO - Started process (PID=2309) to work on /home/airflow/.local/lib/python3.12/site-packages/airflow/example_dags/example_xcom.py
[2024-10-03T11:23:03.294+0000] {processor.py:914} INFO - Processing file /home/airflow/.local/lib/python3.12/site-packages/airflow/example_dags/example_xcom.py for tasks to queue
[2024-10-03T11:23:03.296+0000] {logging_mixin.py:190} INFO - [2024-10-03T11:23:03.295+0000] {dagbag.py:588} INFO - Filling up the DagBag from /home/airflow/.local/lib/python3.12/site-packages/airflow/example_dags/example_xcom.py
[2024-10-03T11:23:03.301+0000] {processor.py:925} INFO - DAG(s) 'example_xcom' retrieved from /home/airflow/.local/lib/python3.12/site-packages/airflow/example_dags/example_xcom.py
[2024-10-03T11:23:03.313+0000] {logging_mixin.py:190} INFO - [2024-10-03T11:23:03.313+0000] {dag.py:3239} INFO - Sync 1 DAGs
[2024-10-03T11:23:03.325+0000] {logging_mixin.py:190} INFO - [2024-10-03T11:23:03.325+0000] {dag.py:4180} INFO - Setting next_dagrun for example_xcom to 2021-01-01 00:00:00+00:00, run_after=2021-01-01 00:00:00+00:00
[2024-10-03T11:23:03.334+0000] {processor.py:208} INFO - Processing /home/airflow/.local/lib/python3.12/site-packages/airflow/example_dags/example_xcom.py took 0.044 seconds
[2024-10-03T11:23:33.558+0000] {processor.py:186} INFO - Started process (PID=2595) to work on /home/airflow/.local/lib/python3.12/site-packages/airflow/example_dags/example_xcom.py
[2024-10-03T11:23:33.558+0000] {processor.py:914} INFO - Processing file /home/airflow/.local/lib/python3.12/site-packages/airflow/example_dags/example_xcom.py for tasks to queue
[2024-10-03T11:23:33.560+0000] {logging_mixin.py:190} INFO - [2024-10-03T11:23:33.560+0000] {dagbag.py:588} INFO - Filling up the DagBag from /home/airflow/.local/lib/python3.12/site-packages/airflow/example_dags/example_xcom.py
[2024-10-03T11:23:33.565+0000] {processor.py:925} INFO - DAG(s) 'example_xcom' retrieved from /home/airflow/.local/lib/python3.12/site-packages/airflow/example_dags/example_xcom.py
[2024-10-03T11:23:33.576+0000] {logging_mixin.py:190} INFO - [2024-10-03T11:23:33.576+0000] {dag.py:3239} INFO - Sync 1 DAGs
[2024-10-03T11:23:33.587+0000] {logging_mixin.py:190} INFO - [2024-10-03T11:23:33.587+0000] {dag.py:4180} INFO - Setting next_dagrun for example_xcom to 2021-01-01 00:00:00+00:00, run_after=2021-01-01 00:00:00+00:00
[2024-10-03T11:23:33.596+0000] {processor.py:208} INFO - Processing /home/airflow/.local/lib/python3.12/site-packages/airflow/example_dags/example_xcom.py took 0.041 seconds
[2024-10-03T11:24:03.935+0000] {processor.py:186} INFO - Started process (PID=2882) to work on /home/airflow/.local/lib/python3.12/site-packages/airflow/example_dags/example_xcom.py
[2024-10-03T11:24:03.936+0000] {processor.py:914} INFO - Processing file /home/airflow/.local/lib/python3.12/site-packages/airflow/example_dags/example_xcom.py for tasks to queue
[2024-10-03T11:24:03.937+0000] {logging_mixin.py:190} INFO - [2024-10-03T11:24:03.937+0000] {dagbag.py:588} INFO - Filling up the DagBag from /home/airflow/.local/lib/python3.12/site-packages/airflow/example_dags/example_xcom.py
[2024-10-03T11:24:03.943+0000] {processor.py:925} INFO - DAG(s) 'example_xcom' retrieved from /home/airflow/.local/lib/python3.12/site-packages/airflow/example_dags/example_xcom.py
[2024-10-03T11:24:03.955+0000] {logging_mixin.py:190} INFO - [2024-10-03T11:24:03.954+0000] {dag.py:3239} INFO - Sync 1 DAGs
[2024-10-03T11:24:03.966+0000] {logging_mixin.py:190} INFO - [2024-10-03T11:24:03.966+0000] {dag.py:4180} INFO - Setting next_dagrun for example_xcom to 2021-01-01 00:00:00+00:00, run_after=2021-01-01 00:00:00+00:00
[2024-10-03T11:24:03.975+0000] {processor.py:208} INFO - Processing /home/airflow/.local/lib/python3.12/site-packages/airflow/example_dags/example_xcom.py took 0.043 seconds
[2024-10-03T11:24:34.472+0000] {processor.py:186} INFO - Started process (PID=3167) to work on /home/airflow/.local/lib/python3.12/site-packages/airflow/example_dags/example_xcom.py
[2024-10-03T11:24:34.473+0000] {processor.py:914} INFO - Processing file /home/airflow/.local/lib/python3.12/site-packages/airflow/example_dags/example_xcom.py for tasks to queue
[2024-10-03T11:24:34.474+0000] {logging_mixin.py:190} INFO - [2024-10-03T11:24:34.474+0000] {dagbag.py:588} INFO - Filling up the DagBag from /home/airflow/.local/lib/python3.12/site-packages/airflow/example_dags/example_xcom.py
[2024-10-03T11:24:34.479+0000] {processor.py:925} INFO - DAG(s) 'example_xcom' retrieved from /home/airflow/.local/lib/python3.12/site-packages/airflow/example_dags/example_xcom.py
[2024-10-03T11:24:34.490+0000] {logging_mixin.py:190} INFO - [2024-10-03T11:24:34.490+0000] {dag.py:3239} INFO - Sync 1 DAGs
[2024-10-03T11:24:34.502+0000] {logging_mixin.py:190} INFO - [2024-10-03T11:24:34.501+0000] {dag.py:4180} INFO - Setting next_dagrun for example_xcom to 2021-01-01 00:00:00+00:00, run_after=2021-01-01 00:00:00+00:00
[2024-10-03T11:24:34.511+0000] {processor.py:208} INFO - Processing /home/airflow/.local/lib/python3.12/site-packages/airflow/example_dags/example_xcom.py took 0.042 seconds
[2024-10-03T11:25:05.094+0000] {processor.py:186} INFO - Started process (PID=3453) to work on /home/airflow/.local/lib/python3.12/site-packages/airflow/example_dags/example_xcom.py
[2024-10-03T11:25:05.094+0000] {processor.py:914} INFO - Processing file /home/airflow/.local/lib/python3.12/site-packages/airflow/example_dags/example_xcom.py for tasks to queue
[2024-10-03T11:25:05.096+0000] {logging_mixin.py:190} INFO - [2024-10-03T11:25:05.096+0000] {dagbag.py:588} INFO - Filling up the DagBag from /home/airflow/.local/lib/python3.12/site-packages/airflow/example_dags/example_xcom.py
[2024-10-03T11:25:05.102+0000] {processor.py:925} INFO - DAG(s) 'example_xcom' retrieved from /home/airflow/.local/lib/python3.12/site-packages/airflow/example_dags/example_xcom.py
[2024-10-03T11:25:05.113+0000] {logging_mixin.py:190} INFO - [2024-10-03T11:25:05.113+0000] {dag.py:3239} INFO - Sync 1 DAGs
[2024-10-03T11:25:05.126+0000] {logging_mixin.py:190} INFO - [2024-10-03T11:25:05.126+0000] {dag.py:4180} INFO - Setting next_dagrun for example_xcom to 2021-01-01 00:00:00+00:00, run_after=2021-01-01 00:00:00+00:00
[2024-10-03T11:25:05.136+0000] {processor.py:208} INFO - Processing /home/airflow/.local/lib/python3.12/site-packages/airflow/example_dags/example_xcom.py took 0.046 seconds
[2024-10-03T11:25:35.614+0000] {processor.py:186} INFO - Started process (PID=3739) to work on /home/airflow/.local/lib/python3.12/site-packages/airflow/example_dags/example_xcom.py
[2024-10-03T11:25:35.615+0000] {processor.py:914} INFO - Processing file /home/airflow/.local/lib/python3.12/site-packages/airflow/example_dags/example_xcom.py for tasks to queue
[2024-10-03T11:25:35.616+0000] {logging_mixin.py:190} INFO - [2024-10-03T11:25:35.616+0000] {dagbag.py:588} INFO - Filling up the DagBag from /home/airflow/.local/lib/python3.12/site-packages/airflow/example_dags/example_xcom.py
[2024-10-03T11:25:35.622+0000] {processor.py:925} INFO - DAG(s) 'example_xcom' retrieved from /home/airflow/.local/lib/python3.12/site-packages/airflow/example_dags/example_xcom.py
[2024-10-03T11:25:35.634+0000] {logging_mixin.py:190} INFO - [2024-10-03T11:25:35.633+0000] {dag.py:3239} INFO - Sync 1 DAGs
[2024-10-03T11:25:35.645+0000] {logging_mixin.py:190} INFO - [2024-10-03T11:25:35.645+0000] {dag.py:4180} INFO - Setting next_dagrun for example_xcom to 2021-01-01 00:00:00+00:00, run_after=2021-01-01 00:00:00+00:00
[2024-10-03T11:25:35.653+0000] {processor.py:208} INFO - Processing /home/airflow/.local/lib/python3.12/site-packages/airflow/example_dags/example_xcom.py took 0.043 seconds
[2024-10-03T11:26:05.965+0000] {processor.py:186} INFO - Started process (PID=4029) to work on /home/airflow/.local/lib/python3.12/site-packages/airflow/example_dags/example_xcom.py
[2024-10-03T11:26:05.965+0000] {processor.py:914} INFO - Processing file /home/airflow/.local/lib/python3.12/site-packages/airflow/example_dags/example_xcom.py for tasks to queue
[2024-10-03T11:26:05.967+0000] {logging_mixin.py:190} INFO - [2024-10-03T11:26:05.966+0000] {dagbag.py:588} INFO - Filling up the DagBag from /home/airflow/.local/lib/python3.12/site-packages/airflow/example_dags/example_xcom.py
[2024-10-03T11:26:05.972+0000] {processor.py:925} INFO - DAG(s) 'example_xcom' retrieved from /home/airflow/.local/lib/python3.12/site-packages/airflow/example_dags/example_xcom.py
[2024-10-03T11:26:05.983+0000] {logging_mixin.py:190} INFO - [2024-10-03T11:26:05.983+0000] {dag.py:3239} INFO - Sync 1 DAGs
[2024-10-03T11:26:05.993+0000] {logging_mixin.py:190} INFO - [2024-10-03T11:26:05.993+0000] {dag.py:4180} INFO - Setting next_dagrun for example_xcom to 2021-01-01 00:00:00+00:00, run_after=2021-01-01 00:00:00+00:00
[2024-10-03T11:26:06.002+0000] {processor.py:208} INFO - Processing /home/airflow/.local/lib/python3.12/site-packages/airflow/example_dags/example_xcom.py took 0.041 seconds
[2024-10-03T11:26:36.458+0000] {processor.py:186} INFO - Started process (PID=4322) to work on /home/airflow/.local/lib/python3.12/site-packages/airflow/example_dags/example_xcom.py
[2024-10-03T11:26:36.459+0000] {processor.py:914} INFO - Processing file /home/airflow/.local/lib/python3.12/site-packages/airflow/example_dags/example_xcom.py for tasks to queue
[2024-10-03T11:26:36.460+0000] {logging_mixin.py:190} INFO - [2024-10-03T11:26:36.460+0000] {dagbag.py:588} INFO - Filling up the DagBag from /home/airflow/.local/lib/python3.12/site-packages/airflow/example_dags/example_xcom.py
[2024-10-03T11:26:36.466+0000] {processor.py:925} INFO - DAG(s) 'example_xcom' retrieved from /home/airflow/.local/lib/python3.12/site-packages/airflow/example_dags/example_xcom.py
[2024-10-03T11:26:36.477+0000] {logging_mixin.py:190} INFO - [2024-10-03T11:26:36.477+0000] {dag.py:3239} INFO - Sync 1 DAGs
[2024-10-03T11:26:36.488+0000] {logging_mixin.py:190} INFO - [2024-10-03T11:26:36.488+0000] {dag.py:4180} INFO - Setting next_dagrun for example_xcom to 2021-01-01 00:00:00+00:00, run_after=2021-01-01 00:00:00+00:00
[2024-10-03T11:26:36.496+0000] {processor.py:208} INFO - Processing /home/airflow/.local/lib/python3.12/site-packages/airflow/example_dags/example_xcom.py took 0.042 seconds
[2024-10-03T11:27:06.917+0000] {processor.py:186} INFO - Started process (PID=4606) to work on /home/airflow/.local/lib/python3.12/site-packages/airflow/example_dags/example_xcom.py
[2024-10-03T11:27:06.918+0000] {processor.py:914} INFO - Processing file /home/airflow/.local/lib/python3.12/site-packages/airflow/example_dags/example_xcom.py for tasks to queue
[2024-10-03T11:27:06.919+0000] {logging_mixin.py:190} INFO - [2024-10-03T11:27:06.919+0000] {dagbag.py:588} INFO - Filling up the DagBag from /home/airflow/.local/lib/python3.12/site-packages/airflow/example_dags/example_xcom.py
[2024-10-03T11:27:06.925+0000] {processor.py:925} INFO - DAG(s) 'example_xcom' retrieved from /home/airflow/.local/lib/python3.12/site-packages/airflow/example_dags/example_xcom.py
[2024-10-03T11:27:06.936+0000] {logging_mixin.py:190} INFO - [2024-10-03T11:27:06.936+0000] {dag.py:3239} INFO - Sync 1 DAGs
[2024-10-03T11:27:06.947+0000] {logging_mixin.py:190} INFO - [2024-10-03T11:27:06.947+0000] {dag.py:4180} INFO - Setting next_dagrun for example_xcom to 2021-01-01 00:00:00+00:00, run_after=2021-01-01 00:00:00+00:00
[2024-10-03T11:27:06.955+0000] {processor.py:208} INFO - Processing /home/airflow/.local/lib/python3.12/site-packages/airflow/example_dags/example_xcom.py took 0.042 seconds
[2024-10-03T11:27:37.307+0000] {processor.py:186} INFO - Started process (PID=4892) to work on /home/airflow/.local/lib/python3.12/site-packages/airflow/example_dags/example_xcom.py
[2024-10-03T11:27:37.308+0000] {processor.py:914} INFO - Processing file /home/airflow/.local/lib/python3.12/site-packages/airflow/example_dags/example_xcom.py for tasks to queue
[2024-10-03T11:27:37.309+0000] {logging_mixin.py:190} INFO - [2024-10-03T11:27:37.309+0000] {dagbag.py:588} INFO - Filling up the DagBag from /home/airflow/.local/lib/python3.12/site-packages/airflow/example_dags/example_xcom.py
[2024-10-03T11:27:37.315+0000] {processor.py:925} INFO - DAG(s) 'example_xcom' retrieved from /home/airflow/.local/lib/python3.12/site-packages/airflow/example_dags/example_xcom.py
[2024-10-03T11:27:37.327+0000] {logging_mixin.py:190} INFO - [2024-10-03T11:27:37.327+0000] {dag.py:3239} INFO - Sync 1 DAGs
[2024-10-03T11:27:37.338+0000] {logging_mixin.py:190} INFO - [2024-10-03T11:27:37.338+0000] {dag.py:4180} INFO - Setting next_dagrun for example_xcom to 2021-01-01 00:00:00+00:00, run_after=2021-01-01 00:00:00+00:00
[2024-10-03T11:27:37.346+0000] {processor.py:208} INFO - Processing /home/airflow/.local/lib/python3.12/site-packages/airflow/example_dags/example_xcom.py took 0.042 seconds
[2024-10-03T11:28:07.685+0000] {processor.py:186} INFO - Started process (PID=5178) to work on /home/airflow/.local/lib/python3.12/site-packages/airflow/example_dags/example_xcom.py
[2024-10-03T11:28:07.686+0000] {processor.py:914} INFO - Processing file /home/airflow/.local/lib/python3.12/site-packages/airflow/example_dags/example_xcom.py for tasks to queue
[2024-10-03T11:28:07.688+0000] {logging_mixin.py:190} INFO - [2024-10-03T11:28:07.687+0000] {dagbag.py:588} INFO - Filling up the DagBag from /home/airflow/.local/lib/python3.12/site-packages/airflow/example_dags/example_xcom.py
[2024-10-03T11:28:07.693+0000] {processor.py:925} INFO - DAG(s) 'example_xcom' retrieved from /home/airflow/.local/lib/python3.12/site-packages/airflow/example_dags/example_xcom.py
[2024-10-03T11:28:07.705+0000] {logging_mixin.py:190} INFO - [2024-10-03T11:28:07.705+0000] {dag.py:3239} INFO - Sync 1 DAGs
[2024-10-03T11:28:07.717+0000] {logging_mixin.py:190} INFO - [2024-10-03T11:28:07.716+0000] {dag.py:4180} INFO - Setting next_dagrun for example_xcom to 2021-01-01 00:00:00+00:00, run_after=2021-01-01 00:00:00+00:00
[2024-10-03T11:28:07.726+0000] {processor.py:208} INFO - Processing /home/airflow/.local/lib/python3.12/site-packages/airflow/example_dags/example_xcom.py took 0.044 seconds
[2024-10-03T11:28:38.013+0000] {processor.py:186} INFO - Started process (PID=5464) to work on /home/airflow/.local/lib/python3.12/site-packages/airflow/example_dags/example_xcom.py
[2024-10-03T11:28:38.014+0000] {processor.py:914} INFO - Processing file /home/airflow/.local/lib/python3.12/site-packages/airflow/example_dags/example_xcom.py for tasks to queue
[2024-10-03T11:28:38.016+0000] {logging_mixin.py:190} INFO - [2024-10-03T11:28:38.016+0000] {dagbag.py:588} INFO - Filling up the DagBag from /home/airflow/.local/lib/python3.12/site-packages/airflow/example_dags/example_xcom.py
[2024-10-03T11:28:38.021+0000] {processor.py:925} INFO - DAG(s) 'example_xcom' retrieved from /home/airflow/.local/lib/python3.12/site-packages/airflow/example_dags/example_xcom.py
[2024-10-03T11:28:38.033+0000] {logging_mixin.py:190} INFO - [2024-10-03T11:28:38.033+0000] {dag.py:3239} INFO - Sync 1 DAGs
[2024-10-03T11:28:38.045+0000] {logging_mixin.py:190} INFO - [2024-10-03T11:28:38.044+0000] {dag.py:4180} INFO - Setting next_dagrun for example_xcom to 2021-01-01 00:00:00+00:00, run_after=2021-01-01 00:00:00+00:00
[2024-10-03T11:28:38.054+0000] {processor.py:208} INFO - Processing /home/airflow/.local/lib/python3.12/site-packages/airflow/example_dags/example_xcom.py took 0.044 seconds
[2024-10-03T11:29:08.243+0000] {processor.py:186} INFO - Started process (PID=5774) to work on /home/airflow/.local/lib/python3.12/site-packages/airflow/example_dags/example_xcom.py
[2024-10-03T11:29:08.243+0000] {processor.py:914} INFO - Processing file /home/airflow/.local/lib/python3.12/site-packages/airflow/example_dags/example_xcom.py for tasks to queue
[2024-10-03T11:29:08.245+0000] {logging_mixin.py:190} INFO - [2024-10-03T11:29:08.245+0000] {dagbag.py:588} INFO - Filling up the DagBag from /home/airflow/.local/lib/python3.12/site-packages/airflow/example_dags/example_xcom.py
[2024-10-03T11:29:08.250+0000] {processor.py:925} INFO - DAG(s) 'example_xcom' retrieved from /home/airflow/.local/lib/python3.12/site-packages/airflow/example_dags/example_xcom.py
[2024-10-03T11:29:08.261+0000] {logging_mixin.py:190} INFO - [2024-10-03T11:29:08.261+0000] {dag.py:3239} INFO - Sync 1 DAGs
[2024-10-03T11:29:08.272+0000] {logging_mixin.py:190} INFO - [2024-10-03T11:29:08.272+0000] {dag.py:4180} INFO - Setting next_dagrun for example_xcom to 2021-01-01 00:00:00+00:00, run_after=2021-01-01 00:00:00+00:00
[2024-10-03T11:29:08.281+0000] {processor.py:208} INFO - Processing /home/airflow/.local/lib/python3.12/site-packages/airflow/example_dags/example_xcom.py took 0.042 seconds
[2024-10-03T11:29:38.573+0000] {processor.py:186} INFO - Started process (PID=6060) to work on /home/airflow/.local/lib/python3.12/site-packages/airflow/example_dags/example_xcom.py
[2024-10-03T11:29:38.573+0000] {processor.py:914} INFO - Processing file /home/airflow/.local/lib/python3.12/site-packages/airflow/example_dags/example_xcom.py for tasks to queue
[2024-10-03T11:29:38.575+0000] {logging_mixin.py:190} INFO - [2024-10-03T11:29:38.575+0000] {dagbag.py:588} INFO - Filling up the DagBag from /home/airflow/.local/lib/python3.12/site-packages/airflow/example_dags/example_xcom.py
[2024-10-03T11:29:38.580+0000] {processor.py:925} INFO - DAG(s) 'example_xcom' retrieved from /home/airflow/.local/lib/python3.12/site-packages/airflow/example_dags/example_xcom.py
[2024-10-03T11:29:38.590+0000] {logging_mixin.py:190} INFO - [2024-10-03T11:29:38.590+0000] {dag.py:3239} INFO - Sync 1 DAGs
[2024-10-03T11:29:38.600+0000] {logging_mixin.py:190} INFO - [2024-10-03T11:29:38.600+0000] {dag.py:4180} INFO - Setting next_dagrun for example_xcom to 2021-01-01 00:00:00+00:00, run_after=2021-01-01 00:00:00+00:00
[2024-10-03T11:29:38.608+0000] {processor.py:208} INFO - Processing /home/airflow/.local/lib/python3.12/site-packages/airflow/example_dags/example_xcom.py took 0.039 seconds
[2024-10-03T11:30:08.999+0000] {processor.py:186} INFO - Started process (PID=6348) to work on /home/airflow/.local/lib/python3.12/site-packages/airflow/example_dags/example_xcom.py
[2024-10-03T11:30:09.000+0000] {processor.py:914} INFO - Processing file /home/airflow/.local/lib/python3.12/site-packages/airflow/example_dags/example_xcom.py for tasks to queue
[2024-10-03T11:30:09.002+0000] {logging_mixin.py:190} INFO - [2024-10-03T11:30:09.002+0000] {dagbag.py:588} INFO - Filling up the DagBag from /home/airflow/.local/lib/python3.12/site-packages/airflow/example_dags/example_xcom.py
[2024-10-03T11:30:09.007+0000] {processor.py:925} INFO - DAG(s) 'example_xcom' retrieved from /home/airflow/.local/lib/python3.12/site-packages/airflow/example_dags/example_xcom.py
[2024-10-03T11:30:09.020+0000] {logging_mixin.py:190} INFO - [2024-10-03T11:30:09.019+0000] {dag.py:3239} INFO - Sync 1 DAGs
[2024-10-03T11:30:09.030+0000] {logging_mixin.py:190} INFO - [2024-10-03T11:30:09.030+0000] {dag.py:4180} INFO - Setting next_dagrun for example_xcom to 2021-01-01 00:00:00+00:00, run_after=2021-01-01 00:00:00+00:00
[2024-10-03T11:30:09.040+0000] {processor.py:208} INFO - Processing /home/airflow/.local/lib/python3.12/site-packages/airflow/example_dags/example_xcom.py took 0.044 seconds
[2024-10-03T11:30:39.327+0000] {processor.py:186} INFO - Started process (PID=6632) to work on /home/airflow/.local/lib/python3.12/site-packages/airflow/example_dags/example_xcom.py
[2024-10-03T11:30:39.328+0000] {processor.py:914} INFO - Processing file /home/airflow/.local/lib/python3.12/site-packages/airflow/example_dags/example_xcom.py for tasks to queue
[2024-10-03T11:30:39.329+0000] {logging_mixin.py:190} INFO - [2024-10-03T11:30:39.329+0000] {dagbag.py:588} INFO - Filling up the DagBag from /home/airflow/.local/lib/python3.12/site-packages/airflow/example_dags/example_xcom.py
[2024-10-03T11:30:39.335+0000] {processor.py:925} INFO - DAG(s) 'example_xcom' retrieved from /home/airflow/.local/lib/python3.12/site-packages/airflow/example_dags/example_xcom.py
[2024-10-03T11:30:39.345+0000] {logging_mixin.py:190} INFO - [2024-10-03T11:30:39.345+0000] {dag.py:3239} INFO - Sync 1 DAGs
[2024-10-03T11:30:39.356+0000] {logging_mixin.py:190} INFO - [2024-10-03T11:30:39.355+0000] {dag.py:4180} INFO - Setting next_dagrun for example_xcom to 2021-01-01 00:00:00+00:00, run_after=2021-01-01 00:00:00+00:00
[2024-10-03T11:30:39.364+0000] {processor.py:208} INFO - Processing /home/airflow/.local/lib/python3.12/site-packages/airflow/example_dags/example_xcom.py took 0.040 seconds
[2024-10-03T11:31:09.642+0000] {processor.py:186} INFO - Started process (PID=6918) to work on /home/airflow/.local/lib/python3.12/site-packages/airflow/example_dags/example_xcom.py
[2024-10-03T11:31:09.642+0000] {processor.py:914} INFO - Processing file /home/airflow/.local/lib/python3.12/site-packages/airflow/example_dags/example_xcom.py for tasks to queue
[2024-10-03T11:31:09.643+0000] {logging_mixin.py:190} INFO - [2024-10-03T11:31:09.643+0000] {dagbag.py:588} INFO - Filling up the DagBag from /home/airflow/.local/lib/python3.12/site-packages/airflow/example_dags/example_xcom.py
[2024-10-03T11:31:09.649+0000] {processor.py:925} INFO - DAG(s) 'example_xcom' retrieved from /home/airflow/.local/lib/python3.12/site-packages/airflow/example_dags/example_xcom.py
[2024-10-03T11:31:09.660+0000] {logging_mixin.py:190} INFO - [2024-10-03T11:31:09.660+0000] {dag.py:3239} INFO - Sync 1 DAGs
[2024-10-03T11:31:09.671+0000] {logging_mixin.py:190} INFO - [2024-10-03T11:31:09.671+0000] {dag.py:4180} INFO - Setting next_dagrun for example_xcom to 2021-01-01 00:00:00+00:00, run_after=2021-01-01 00:00:00+00:00
[2024-10-03T11:31:09.681+0000] {processor.py:208} INFO - Processing /home/airflow/.local/lib/python3.12/site-packages/airflow/example_dags/example_xcom.py took 0.043 seconds
