[2024-10-03T11:19:32.009+0000] {processor.py:186} INFO - Started process (PID=414) to work on /home/airflow/.local/lib/python3.12/site-packages/airflow/example_dags/example_external_task_marker_dag.py
[2024-10-03T11:19:32.010+0000] {processor.py:914} INFO - Processing file /home/airflow/.local/lib/python3.12/site-packages/airflow/example_dags/example_external_task_marker_dag.py for tasks to queue
[2024-10-03T11:19:32.011+0000] {logging_mixin.py:190} INFO - [2024-10-03T11:19:32.011+0000] {dagbag.py:588} INFO - Filling up the DagBag from /home/airflow/.local/lib/python3.12/site-packages/airflow/example_dags/example_external_task_marker_dag.py
[2024-10-03T11:19:32.017+0000] {processor.py:925} INFO - DAG(s) 'example_external_task_marker_child', 'example_external_task_marker_parent' retrieved from /home/airflow/.local/lib/python3.12/site-packages/airflow/example_dags/example_external_task_marker_dag.py
[2024-10-03T11:19:32.074+0000] {logging_mixin.py:190} INFO - [2024-10-03T11:19:32.074+0000] {override.py:1900} INFO - Created Permission View: can delete on DAG:example_external_task_marker_child
[2024-10-03T11:19:32.079+0000] {logging_mixin.py:190} INFO - [2024-10-03T11:19:32.079+0000] {override.py:1900} INFO - Created Permission View: can read on DAG:example_external_task_marker_child
[2024-10-03T11:19:32.082+0000] {logging_mixin.py:190} INFO - [2024-10-03T11:19:32.082+0000] {override.py:1900} INFO - Created Permission View: can edit on DAG:example_external_task_marker_child
[2024-10-03T11:19:32.085+0000] {logging_mixin.py:190} INFO - [2024-10-03T11:19:32.085+0000] {override.py:1900} INFO - Created Permission View: can read on DAG Run:example_external_task_marker_child
[2024-10-03T11:19:32.088+0000] {logging_mixin.py:190} INFO - [2024-10-03T11:19:32.088+0000] {override.py:1900} INFO - Created Permission View: can create on DAG Run:example_external_task_marker_child
[2024-10-03T11:19:32.091+0000] {logging_mixin.py:190} INFO - [2024-10-03T11:19:32.091+0000] {override.py:1900} INFO - Created Permission View: menu access on DAG Run:example_external_task_marker_child
[2024-10-03T11:19:32.093+0000] {logging_mixin.py:190} INFO - [2024-10-03T11:19:32.093+0000] {override.py:1900} INFO - Created Permission View: can delete on DAG Run:example_external_task_marker_child
[2024-10-03T11:19:32.099+0000] {logging_mixin.py:190} INFO - [2024-10-03T11:19:32.099+0000] {override.py:1900} INFO - Created Permission View: can delete on DAG:example_external_task_marker_parent
[2024-10-03T11:19:32.101+0000] {logging_mixin.py:190} INFO - [2024-10-03T11:19:32.101+0000] {override.py:1900} INFO - Created Permission View: can read on DAG:example_external_task_marker_parent
[2024-10-03T11:19:32.104+0000] {logging_mixin.py:190} INFO - [2024-10-03T11:19:32.104+0000] {override.py:1900} INFO - Created Permission View: can edit on DAG:example_external_task_marker_parent
[2024-10-03T11:19:32.108+0000] {logging_mixin.py:190} INFO - [2024-10-03T11:19:32.108+0000] {override.py:1900} INFO - Created Permission View: can read on DAG Run:example_external_task_marker_parent
[2024-10-03T11:19:32.111+0000] {logging_mixin.py:190} INFO - [2024-10-03T11:19:32.110+0000] {override.py:1900} INFO - Created Permission View: can create on DAG Run:example_external_task_marker_parent
[2024-10-03T11:19:32.113+0000] {logging_mixin.py:190} INFO - [2024-10-03T11:19:32.113+0000] {override.py:1900} INFO - Created Permission View: menu access on DAG Run:example_external_task_marker_parent
[2024-10-03T11:19:32.117+0000] {logging_mixin.py:190} INFO - [2024-10-03T11:19:32.116+0000] {override.py:1900} INFO - Created Permission View: can delete on DAG Run:example_external_task_marker_parent
[2024-10-03T11:19:32.117+0000] {logging_mixin.py:190} INFO - [2024-10-03T11:19:32.117+0000] {dag.py:3239} INFO - Sync 2 DAGs
[2024-10-03T11:19:32.124+0000] {logging_mixin.py:190} INFO - [2024-10-03T11:19:32.124+0000] {dag.py:3262} INFO - Creating ORM DAG for example_external_task_marker_child
[2024-10-03T11:19:32.125+0000] {logging_mixin.py:190} INFO - [2024-10-03T11:19:32.125+0000] {dag.py:3262} INFO - Creating ORM DAG for example_external_task_marker_parent
[2024-10-03T11:19:32.126+0000] {logging_mixin.py:190} INFO - [2024-10-03T11:19:32.125+0000] {dag.py:4180} INFO - Setting next_dagrun for example_external_task_marker_child to None, run_after=None
[2024-10-03T11:19:32.126+0000] {logging_mixin.py:190} INFO - [2024-10-03T11:19:32.126+0000] {dag.py:4180} INFO - Setting next_dagrun for example_external_task_marker_parent to None, run_after=None
[2024-10-03T11:19:32.135+0000] {processor.py:208} INFO - Processing /home/airflow/.local/lib/python3.12/site-packages/airflow/example_dags/example_external_task_marker_dag.py took 0.130 seconds
[2024-10-03T11:20:02.434+0000] {processor.py:186} INFO - Started process (PID=700) to work on /home/airflow/.local/lib/python3.12/site-packages/airflow/example_dags/example_external_task_marker_dag.py
[2024-10-03T11:20:02.434+0000] {processor.py:914} INFO - Processing file /home/airflow/.local/lib/python3.12/site-packages/airflow/example_dags/example_external_task_marker_dag.py for tasks to queue
[2024-10-03T11:20:02.436+0000] {logging_mixin.py:190} INFO - [2024-10-03T11:20:02.436+0000] {dagbag.py:588} INFO - Filling up the DagBag from /home/airflow/.local/lib/python3.12/site-packages/airflow/example_dags/example_external_task_marker_dag.py
[2024-10-03T11:20:02.441+0000] {processor.py:925} INFO - DAG(s) 'example_external_task_marker_parent', 'example_external_task_marker_child' retrieved from /home/airflow/.local/lib/python3.12/site-packages/airflow/example_dags/example_external_task_marker_dag.py
[2024-10-03T11:20:02.454+0000] {logging_mixin.py:190} INFO - [2024-10-03T11:20:02.454+0000] {dag.py:3239} INFO - Sync 2 DAGs
[2024-10-03T11:20:02.463+0000] {logging_mixin.py:190} INFO - [2024-10-03T11:20:02.462+0000] {dag.py:4180} INFO - Setting next_dagrun for example_external_task_marker_child to None, run_after=None
[2024-10-03T11:20:02.465+0000] {logging_mixin.py:190} INFO - [2024-10-03T11:20:02.465+0000] {dag.py:4180} INFO - Setting next_dagrun for example_external_task_marker_parent to None, run_after=None
[2024-10-03T11:20:02.473+0000] {processor.py:208} INFO - Processing /home/airflow/.local/lib/python3.12/site-packages/airflow/example_dags/example_external_task_marker_dag.py took 0.043 seconds
[2024-10-03T11:20:32.835+0000] {processor.py:186} INFO - Started process (PID=984) to work on /home/airflow/.local/lib/python3.12/site-packages/airflow/example_dags/example_external_task_marker_dag.py
[2024-10-03T11:20:32.836+0000] {processor.py:914} INFO - Processing file /home/airflow/.local/lib/python3.12/site-packages/airflow/example_dags/example_external_task_marker_dag.py for tasks to queue
[2024-10-03T11:20:32.837+0000] {logging_mixin.py:190} INFO - [2024-10-03T11:20:32.837+0000] {dagbag.py:588} INFO - Filling up the DagBag from /home/airflow/.local/lib/python3.12/site-packages/airflow/example_dags/example_external_task_marker_dag.py
[2024-10-03T11:20:32.842+0000] {processor.py:925} INFO - DAG(s) 'example_external_task_marker_child', 'example_external_task_marker_parent' retrieved from /home/airflow/.local/lib/python3.12/site-packages/airflow/example_dags/example_external_task_marker_dag.py
[2024-10-03T11:20:32.854+0000] {logging_mixin.py:190} INFO - [2024-10-03T11:20:32.854+0000] {dag.py:3239} INFO - Sync 2 DAGs
[2024-10-03T11:20:32.861+0000] {logging_mixin.py:190} INFO - [2024-10-03T11:20:32.860+0000] {dag.py:4180} INFO - Setting next_dagrun for example_external_task_marker_child to None, run_after=None
[2024-10-03T11:20:32.862+0000] {logging_mixin.py:190} INFO - [2024-10-03T11:20:32.862+0000] {dag.py:4180} INFO - Setting next_dagrun for example_external_task_marker_parent to None, run_after=None
[2024-10-03T11:20:32.869+0000] {processor.py:208} INFO - Processing /home/airflow/.local/lib/python3.12/site-packages/airflow/example_dags/example_external_task_marker_dag.py took 0.037 seconds
[2024-10-03T11:21:03.239+0000] {processor.py:186} INFO - Started process (PID=1270) to work on /home/airflow/.local/lib/python3.12/site-packages/airflow/example_dags/example_external_task_marker_dag.py
[2024-10-03T11:21:03.240+0000] {processor.py:914} INFO - Processing file /home/airflow/.local/lib/python3.12/site-packages/airflow/example_dags/example_external_task_marker_dag.py for tasks to queue
[2024-10-03T11:21:03.241+0000] {logging_mixin.py:190} INFO - [2024-10-03T11:21:03.241+0000] {dagbag.py:588} INFO - Filling up the DagBag from /home/airflow/.local/lib/python3.12/site-packages/airflow/example_dags/example_external_task_marker_dag.py
[2024-10-03T11:21:03.246+0000] {processor.py:925} INFO - DAG(s) 'example_external_task_marker_child', 'example_external_task_marker_parent' retrieved from /home/airflow/.local/lib/python3.12/site-packages/airflow/example_dags/example_external_task_marker_dag.py
[2024-10-03T11:21:03.258+0000] {logging_mixin.py:190} INFO - [2024-10-03T11:21:03.257+0000] {dag.py:3239} INFO - Sync 2 DAGs
[2024-10-03T11:21:03.264+0000] {logging_mixin.py:190} INFO - [2024-10-03T11:21:03.264+0000] {dag.py:4180} INFO - Setting next_dagrun for example_external_task_marker_child to None, run_after=None
[2024-10-03T11:21:03.266+0000] {logging_mixin.py:190} INFO - [2024-10-03T11:21:03.266+0000] {dag.py:4180} INFO - Setting next_dagrun for example_external_task_marker_parent to None, run_after=None
[2024-10-03T11:21:03.274+0000] {processor.py:208} INFO - Processing /home/airflow/.local/lib/python3.12/site-packages/airflow/example_dags/example_external_task_marker_dag.py took 0.037 seconds
[2024-10-03T11:21:33.781+0000] {processor.py:186} INFO - Started process (PID=1556) to work on /home/airflow/.local/lib/python3.12/site-packages/airflow/example_dags/example_external_task_marker_dag.py
[2024-10-03T11:21:33.781+0000] {processor.py:914} INFO - Processing file /home/airflow/.local/lib/python3.12/site-packages/airflow/example_dags/example_external_task_marker_dag.py for tasks to queue
[2024-10-03T11:21:33.783+0000] {logging_mixin.py:190} INFO - [2024-10-03T11:21:33.783+0000] {dagbag.py:588} INFO - Filling up the DagBag from /home/airflow/.local/lib/python3.12/site-packages/airflow/example_dags/example_external_task_marker_dag.py
[2024-10-03T11:21:33.787+0000] {processor.py:925} INFO - DAG(s) 'example_external_task_marker_parent', 'example_external_task_marker_child' retrieved from /home/airflow/.local/lib/python3.12/site-packages/airflow/example_dags/example_external_task_marker_dag.py
[2024-10-03T11:21:33.800+0000] {logging_mixin.py:190} INFO - [2024-10-03T11:21:33.800+0000] {dag.py:3239} INFO - Sync 2 DAGs
[2024-10-03T11:21:33.808+0000] {logging_mixin.py:190} INFO - [2024-10-03T11:21:33.808+0000] {dag.py:4180} INFO - Setting next_dagrun for example_external_task_marker_child to None, run_after=None
[2024-10-03T11:21:33.810+0000] {logging_mixin.py:190} INFO - [2024-10-03T11:21:33.810+0000] {dag.py:4180} INFO - Setting next_dagrun for example_external_task_marker_parent to None, run_after=None
[2024-10-03T11:21:33.820+0000] {processor.py:208} INFO - Processing /home/airflow/.local/lib/python3.12/site-packages/airflow/example_dags/example_external_task_marker_dag.py took 0.042 seconds
[2024-10-03T11:22:04.148+0000] {processor.py:186} INFO - Started process (PID=1842) to work on /home/airflow/.local/lib/python3.12/site-packages/airflow/example_dags/example_external_task_marker_dag.py
[2024-10-03T11:22:04.149+0000] {processor.py:914} INFO - Processing file /home/airflow/.local/lib/python3.12/site-packages/airflow/example_dags/example_external_task_marker_dag.py for tasks to queue
[2024-10-03T11:22:04.150+0000] {logging_mixin.py:190} INFO - [2024-10-03T11:22:04.150+0000] {dagbag.py:588} INFO - Filling up the DagBag from /home/airflow/.local/lib/python3.12/site-packages/airflow/example_dags/example_external_task_marker_dag.py
[2024-10-03T11:22:04.154+0000] {processor.py:925} INFO - DAG(s) 'example_external_task_marker_parent', 'example_external_task_marker_child' retrieved from /home/airflow/.local/lib/python3.12/site-packages/airflow/example_dags/example_external_task_marker_dag.py
[2024-10-03T11:22:04.166+0000] {logging_mixin.py:190} INFO - [2024-10-03T11:22:04.166+0000] {dag.py:3239} INFO - Sync 2 DAGs
[2024-10-03T11:22:04.173+0000] {logging_mixin.py:190} INFO - [2024-10-03T11:22:04.173+0000] {dag.py:4180} INFO - Setting next_dagrun for example_external_task_marker_child to None, run_after=None
[2024-10-03T11:22:04.174+0000] {logging_mixin.py:190} INFO - [2024-10-03T11:22:04.174+0000] {dag.py:4180} INFO - Setting next_dagrun for example_external_task_marker_parent to None, run_after=None
[2024-10-03T11:22:04.182+0000] {processor.py:208} INFO - Processing /home/airflow/.local/lib/python3.12/site-packages/airflow/example_dags/example_external_task_marker_dag.py took 0.037 seconds
[2024-10-03T11:22:34.774+0000] {processor.py:186} INFO - Started process (PID=2128) to work on /home/airflow/.local/lib/python3.12/site-packages/airflow/example_dags/example_external_task_marker_dag.py
[2024-10-03T11:22:34.775+0000] {processor.py:914} INFO - Processing file /home/airflow/.local/lib/python3.12/site-packages/airflow/example_dags/example_external_task_marker_dag.py for tasks to queue
[2024-10-03T11:22:34.777+0000] {logging_mixin.py:190} INFO - [2024-10-03T11:22:34.777+0000] {dagbag.py:588} INFO - Filling up the DagBag from /home/airflow/.local/lib/python3.12/site-packages/airflow/example_dags/example_external_task_marker_dag.py
[2024-10-03T11:22:34.782+0000] {processor.py:925} INFO - DAG(s) 'example_external_task_marker_child', 'example_external_task_marker_parent' retrieved from /home/airflow/.local/lib/python3.12/site-packages/airflow/example_dags/example_external_task_marker_dag.py
[2024-10-03T11:22:34.796+0000] {logging_mixin.py:190} INFO - [2024-10-03T11:22:34.796+0000] {dag.py:3239} INFO - Sync 2 DAGs
[2024-10-03T11:22:34.804+0000] {logging_mixin.py:190} INFO - [2024-10-03T11:22:34.804+0000] {dag.py:4180} INFO - Setting next_dagrun for example_external_task_marker_child to None, run_after=None
[2024-10-03T11:22:34.807+0000] {logging_mixin.py:190} INFO - [2024-10-03T11:22:34.807+0000] {dag.py:4180} INFO - Setting next_dagrun for example_external_task_marker_parent to None, run_after=None
[2024-10-03T11:22:34.818+0000] {processor.py:208} INFO - Processing /home/airflow/.local/lib/python3.12/site-packages/airflow/example_dags/example_external_task_marker_dag.py took 0.049 seconds
[2024-10-03T11:23:05.192+0000] {processor.py:186} INFO - Started process (PID=2414) to work on /home/airflow/.local/lib/python3.12/site-packages/airflow/example_dags/example_external_task_marker_dag.py
[2024-10-03T11:23:05.192+0000] {processor.py:914} INFO - Processing file /home/airflow/.local/lib/python3.12/site-packages/airflow/example_dags/example_external_task_marker_dag.py for tasks to queue
[2024-10-03T11:23:05.193+0000] {logging_mixin.py:190} INFO - [2024-10-03T11:23:05.193+0000] {dagbag.py:588} INFO - Filling up the DagBag from /home/airflow/.local/lib/python3.12/site-packages/airflow/example_dags/example_external_task_marker_dag.py
[2024-10-03T11:23:05.198+0000] {processor.py:925} INFO - DAG(s) 'example_external_task_marker_parent', 'example_external_task_marker_child' retrieved from /home/airflow/.local/lib/python3.12/site-packages/airflow/example_dags/example_external_task_marker_dag.py
[2024-10-03T11:23:05.211+0000] {logging_mixin.py:190} INFO - [2024-10-03T11:23:05.211+0000] {dag.py:3239} INFO - Sync 2 DAGs
[2024-10-03T11:23:05.219+0000] {logging_mixin.py:190} INFO - [2024-10-03T11:23:05.219+0000] {dag.py:4180} INFO - Setting next_dagrun for example_external_task_marker_child to None, run_after=None
[2024-10-03T11:23:05.221+0000] {logging_mixin.py:190} INFO - [2024-10-03T11:23:05.221+0000] {dag.py:4180} INFO - Setting next_dagrun for example_external_task_marker_parent to None, run_after=None
[2024-10-03T11:23:05.230+0000] {processor.py:208} INFO - Processing /home/airflow/.local/lib/python3.12/site-packages/airflow/example_dags/example_external_task_marker_dag.py took 0.042 seconds
[2024-10-03T11:23:35.546+0000] {processor.py:186} INFO - Started process (PID=2702) to work on /home/airflow/.local/lib/python3.12/site-packages/airflow/example_dags/example_external_task_marker_dag.py
[2024-10-03T11:23:35.546+0000] {processor.py:914} INFO - Processing file /home/airflow/.local/lib/python3.12/site-packages/airflow/example_dags/example_external_task_marker_dag.py for tasks to queue
[2024-10-03T11:23:35.548+0000] {logging_mixin.py:190} INFO - [2024-10-03T11:23:35.548+0000] {dagbag.py:588} INFO - Filling up the DagBag from /home/airflow/.local/lib/python3.12/site-packages/airflow/example_dags/example_external_task_marker_dag.py
[2024-10-03T11:23:35.553+0000] {processor.py:925} INFO - DAG(s) 'example_external_task_marker_parent', 'example_external_task_marker_child' retrieved from /home/airflow/.local/lib/python3.12/site-packages/airflow/example_dags/example_external_task_marker_dag.py
[2024-10-03T11:23:35.568+0000] {logging_mixin.py:190} INFO - [2024-10-03T11:23:35.568+0000] {dag.py:3239} INFO - Sync 2 DAGs
[2024-10-03T11:23:35.576+0000] {logging_mixin.py:190} INFO - [2024-10-03T11:23:35.575+0000] {dag.py:4180} INFO - Setting next_dagrun for example_external_task_marker_child to None, run_after=None
[2024-10-03T11:23:35.578+0000] {logging_mixin.py:190} INFO - [2024-10-03T11:23:35.578+0000] {dag.py:4180} INFO - Setting next_dagrun for example_external_task_marker_parent to None, run_after=None
[2024-10-03T11:23:35.586+0000] {processor.py:208} INFO - Processing /home/airflow/.local/lib/python3.12/site-packages/airflow/example_dags/example_external_task_marker_dag.py took 0.045 seconds
[2024-10-03T11:24:05.881+0000] {processor.py:186} INFO - Started process (PID=2986) to work on /home/airflow/.local/lib/python3.12/site-packages/airflow/example_dags/example_external_task_marker_dag.py
[2024-10-03T11:24:05.882+0000] {processor.py:914} INFO - Processing file /home/airflow/.local/lib/python3.12/site-packages/airflow/example_dags/example_external_task_marker_dag.py for tasks to queue
[2024-10-03T11:24:05.883+0000] {logging_mixin.py:190} INFO - [2024-10-03T11:24:05.883+0000] {dagbag.py:588} INFO - Filling up the DagBag from /home/airflow/.local/lib/python3.12/site-packages/airflow/example_dags/example_external_task_marker_dag.py
[2024-10-03T11:24:05.887+0000] {processor.py:925} INFO - DAG(s) 'example_external_task_marker_child', 'example_external_task_marker_parent' retrieved from /home/airflow/.local/lib/python3.12/site-packages/airflow/example_dags/example_external_task_marker_dag.py
[2024-10-03T11:24:05.898+0000] {logging_mixin.py:190} INFO - [2024-10-03T11:24:05.898+0000] {dag.py:3239} INFO - Sync 2 DAGs
[2024-10-03T11:24:05.905+0000] {logging_mixin.py:190} INFO - [2024-10-03T11:24:05.905+0000] {dag.py:4180} INFO - Setting next_dagrun for example_external_task_marker_child to None, run_after=None
[2024-10-03T11:24:05.907+0000] {logging_mixin.py:190} INFO - [2024-10-03T11:24:05.907+0000] {dag.py:4180} INFO - Setting next_dagrun for example_external_task_marker_parent to None, run_after=None
[2024-10-03T11:24:05.913+0000] {processor.py:208} INFO - Processing /home/airflow/.local/lib/python3.12/site-packages/airflow/example_dags/example_external_task_marker_dag.py took 0.036 seconds
[2024-10-03T11:24:36.511+0000] {processor.py:186} INFO - Started process (PID=3272) to work on /home/airflow/.local/lib/python3.12/site-packages/airflow/example_dags/example_external_task_marker_dag.py
[2024-10-03T11:24:36.512+0000] {processor.py:914} INFO - Processing file /home/airflow/.local/lib/python3.12/site-packages/airflow/example_dags/example_external_task_marker_dag.py for tasks to queue
[2024-10-03T11:24:36.513+0000] {logging_mixin.py:190} INFO - [2024-10-03T11:24:36.513+0000] {dagbag.py:588} INFO - Filling up the DagBag from /home/airflow/.local/lib/python3.12/site-packages/airflow/example_dags/example_external_task_marker_dag.py
[2024-10-03T11:24:36.518+0000] {processor.py:925} INFO - DAG(s) 'example_external_task_marker_child', 'example_external_task_marker_parent' retrieved from /home/airflow/.local/lib/python3.12/site-packages/airflow/example_dags/example_external_task_marker_dag.py
[2024-10-03T11:24:36.529+0000] {logging_mixin.py:190} INFO - [2024-10-03T11:24:36.529+0000] {dag.py:3239} INFO - Sync 2 DAGs
[2024-10-03T11:24:36.536+0000] {logging_mixin.py:190} INFO - [2024-10-03T11:24:36.536+0000] {dag.py:4180} INFO - Setting next_dagrun for example_external_task_marker_child to None, run_after=None
[2024-10-03T11:24:36.538+0000] {logging_mixin.py:190} INFO - [2024-10-03T11:24:36.538+0000] {dag.py:4180} INFO - Setting next_dagrun for example_external_task_marker_parent to None, run_after=None
[2024-10-03T11:24:36.546+0000] {processor.py:208} INFO - Processing /home/airflow/.local/lib/python3.12/site-packages/airflow/example_dags/example_external_task_marker_dag.py took 0.038 seconds
[2024-10-03T11:25:07.021+0000] {processor.py:186} INFO - Started process (PID=3558) to work on /home/airflow/.local/lib/python3.12/site-packages/airflow/example_dags/example_external_task_marker_dag.py
[2024-10-03T11:25:07.021+0000] {processor.py:914} INFO - Processing file /home/airflow/.local/lib/python3.12/site-packages/airflow/example_dags/example_external_task_marker_dag.py for tasks to queue
[2024-10-03T11:25:07.023+0000] {logging_mixin.py:190} INFO - [2024-10-03T11:25:07.023+0000] {dagbag.py:588} INFO - Filling up the DagBag from /home/airflow/.local/lib/python3.12/site-packages/airflow/example_dags/example_external_task_marker_dag.py
[2024-10-03T11:25:07.029+0000] {processor.py:925} INFO - DAG(s) 'example_external_task_marker_parent', 'example_external_task_marker_child' retrieved from /home/airflow/.local/lib/python3.12/site-packages/airflow/example_dags/example_external_task_marker_dag.py
[2024-10-03T11:25:07.043+0000] {logging_mixin.py:190} INFO - [2024-10-03T11:25:07.043+0000] {dag.py:3239} INFO - Sync 2 DAGs
[2024-10-03T11:25:07.050+0000] {logging_mixin.py:190} INFO - [2024-10-03T11:25:07.050+0000] {dag.py:4180} INFO - Setting next_dagrun for example_external_task_marker_child to None, run_after=None
[2024-10-03T11:25:07.052+0000] {logging_mixin.py:190} INFO - [2024-10-03T11:25:07.052+0000] {dag.py:4180} INFO - Setting next_dagrun for example_external_task_marker_parent to None, run_after=None
[2024-10-03T11:25:07.061+0000] {processor.py:208} INFO - Processing /home/airflow/.local/lib/python3.12/site-packages/airflow/example_dags/example_external_task_marker_dag.py took 0.043 seconds
[2024-10-03T11:25:37.459+0000] {processor.py:186} INFO - Started process (PID=3844) to work on /home/airflow/.local/lib/python3.12/site-packages/airflow/example_dags/example_external_task_marker_dag.py
[2024-10-03T11:25:37.460+0000] {processor.py:914} INFO - Processing file /home/airflow/.local/lib/python3.12/site-packages/airflow/example_dags/example_external_task_marker_dag.py for tasks to queue
[2024-10-03T11:25:37.461+0000] {logging_mixin.py:190} INFO - [2024-10-03T11:25:37.461+0000] {dagbag.py:588} INFO - Filling up the DagBag from /home/airflow/.local/lib/python3.12/site-packages/airflow/example_dags/example_external_task_marker_dag.py
[2024-10-03T11:25:37.467+0000] {processor.py:925} INFO - DAG(s) 'example_external_task_marker_child', 'example_external_task_marker_parent' retrieved from /home/airflow/.local/lib/python3.12/site-packages/airflow/example_dags/example_external_task_marker_dag.py
[2024-10-03T11:25:37.480+0000] {logging_mixin.py:190} INFO - [2024-10-03T11:25:37.480+0000] {dag.py:3239} INFO - Sync 2 DAGs
[2024-10-03T11:25:37.487+0000] {logging_mixin.py:190} INFO - [2024-10-03T11:25:37.487+0000] {dag.py:4180} INFO - Setting next_dagrun for example_external_task_marker_child to None, run_after=None
[2024-10-03T11:25:37.490+0000] {logging_mixin.py:190} INFO - [2024-10-03T11:25:37.490+0000] {dag.py:4180} INFO - Setting next_dagrun for example_external_task_marker_parent to None, run_after=None
[2024-10-03T11:25:37.498+0000] {processor.py:208} INFO - Processing /home/airflow/.local/lib/python3.12/site-packages/airflow/example_dags/example_external_task_marker_dag.py took 0.043 seconds
[2024-10-03T11:26:07.982+0000] {processor.py:186} INFO - Started process (PID=4134) to work on /home/airflow/.local/lib/python3.12/site-packages/airflow/example_dags/example_external_task_marker_dag.py
[2024-10-03T11:26:07.983+0000] {processor.py:914} INFO - Processing file /home/airflow/.local/lib/python3.12/site-packages/airflow/example_dags/example_external_task_marker_dag.py for tasks to queue
[2024-10-03T11:26:07.984+0000] {logging_mixin.py:190} INFO - [2024-10-03T11:26:07.984+0000] {dagbag.py:588} INFO - Filling up the DagBag from /home/airflow/.local/lib/python3.12/site-packages/airflow/example_dags/example_external_task_marker_dag.py
[2024-10-03T11:26:07.989+0000] {processor.py:925} INFO - DAG(s) 'example_external_task_marker_child', 'example_external_task_marker_parent' retrieved from /home/airflow/.local/lib/python3.12/site-packages/airflow/example_dags/example_external_task_marker_dag.py
[2024-10-03T11:26:08.002+0000] {logging_mixin.py:190} INFO - [2024-10-03T11:26:08.002+0000] {dag.py:3239} INFO - Sync 2 DAGs
[2024-10-03T11:26:08.010+0000] {logging_mixin.py:190} INFO - [2024-10-03T11:26:08.010+0000] {dag.py:4180} INFO - Setting next_dagrun for example_external_task_marker_child to None, run_after=None
[2024-10-03T11:26:08.012+0000] {logging_mixin.py:190} INFO - [2024-10-03T11:26:08.012+0000] {dag.py:4180} INFO - Setting next_dagrun for example_external_task_marker_parent to None, run_after=None
[2024-10-03T11:26:08.021+0000] {processor.py:208} INFO - Processing /home/airflow/.local/lib/python3.12/site-packages/airflow/example_dags/example_external_task_marker_dag.py took 0.043 seconds
[2024-10-03T11:26:38.394+0000] {processor.py:186} INFO - Started process (PID=4420) to work on /home/airflow/.local/lib/python3.12/site-packages/airflow/example_dags/example_external_task_marker_dag.py
[2024-10-03T11:26:38.394+0000] {processor.py:914} INFO - Processing file /home/airflow/.local/lib/python3.12/site-packages/airflow/example_dags/example_external_task_marker_dag.py for tasks to queue
[2024-10-03T11:26:38.396+0000] {logging_mixin.py:190} INFO - [2024-10-03T11:26:38.396+0000] {dagbag.py:588} INFO - Filling up the DagBag from /home/airflow/.local/lib/python3.12/site-packages/airflow/example_dags/example_external_task_marker_dag.py
[2024-10-03T11:26:38.400+0000] {processor.py:925} INFO - DAG(s) 'example_external_task_marker_child', 'example_external_task_marker_parent' retrieved from /home/airflow/.local/lib/python3.12/site-packages/airflow/example_dags/example_external_task_marker_dag.py
[2024-10-03T11:26:38.412+0000] {logging_mixin.py:190} INFO - [2024-10-03T11:26:38.412+0000] {dag.py:3239} INFO - Sync 2 DAGs
[2024-10-03T11:26:38.419+0000] {logging_mixin.py:190} INFO - [2024-10-03T11:26:38.419+0000] {dag.py:4180} INFO - Setting next_dagrun for example_external_task_marker_child to None, run_after=None
[2024-10-03T11:26:38.421+0000] {logging_mixin.py:190} INFO - [2024-10-03T11:26:38.421+0000] {dag.py:4180} INFO - Setting next_dagrun for example_external_task_marker_parent to None, run_after=None
[2024-10-03T11:26:38.429+0000] {processor.py:208} INFO - Processing /home/airflow/.local/lib/python3.12/site-packages/airflow/example_dags/example_external_task_marker_dag.py took 0.038 seconds
[2024-10-03T11:27:08.810+0000] {processor.py:186} INFO - Started process (PID=4706) to work on /home/airflow/.local/lib/python3.12/site-packages/airflow/example_dags/example_external_task_marker_dag.py
[2024-10-03T11:27:08.811+0000] {processor.py:914} INFO - Processing file /home/airflow/.local/lib/python3.12/site-packages/airflow/example_dags/example_external_task_marker_dag.py for tasks to queue
[2024-10-03T11:27:08.812+0000] {logging_mixin.py:190} INFO - [2024-10-03T11:27:08.812+0000] {dagbag.py:588} INFO - Filling up the DagBag from /home/airflow/.local/lib/python3.12/site-packages/airflow/example_dags/example_external_task_marker_dag.py
[2024-10-03T11:27:08.816+0000] {processor.py:925} INFO - DAG(s) 'example_external_task_marker_parent', 'example_external_task_marker_child' retrieved from /home/airflow/.local/lib/python3.12/site-packages/airflow/example_dags/example_external_task_marker_dag.py
[2024-10-03T11:27:08.828+0000] {logging_mixin.py:190} INFO - [2024-10-03T11:27:08.828+0000] {dag.py:3239} INFO - Sync 2 DAGs
[2024-10-03T11:27:08.835+0000] {logging_mixin.py:190} INFO - [2024-10-03T11:27:08.835+0000] {dag.py:4180} INFO - Setting next_dagrun for example_external_task_marker_child to None, run_after=None
[2024-10-03T11:27:08.837+0000] {logging_mixin.py:190} INFO - [2024-10-03T11:27:08.837+0000] {dag.py:4180} INFO - Setting next_dagrun for example_external_task_marker_parent to None, run_after=None
[2024-10-03T11:27:08.844+0000] {processor.py:208} INFO - Processing /home/airflow/.local/lib/python3.12/site-packages/airflow/example_dags/example_external_task_marker_dag.py took 0.038 seconds
[2024-10-03T11:27:39.199+0000] {processor.py:186} INFO - Started process (PID=4992) to work on /home/airflow/.local/lib/python3.12/site-packages/airflow/example_dags/example_external_task_marker_dag.py
[2024-10-03T11:27:39.199+0000] {processor.py:914} INFO - Processing file /home/airflow/.local/lib/python3.12/site-packages/airflow/example_dags/example_external_task_marker_dag.py for tasks to queue
[2024-10-03T11:27:39.202+0000] {logging_mixin.py:190} INFO - [2024-10-03T11:27:39.201+0000] {dagbag.py:588} INFO - Filling up the DagBag from /home/airflow/.local/lib/python3.12/site-packages/airflow/example_dags/example_external_task_marker_dag.py
[2024-10-03T11:27:39.207+0000] {processor.py:925} INFO - DAG(s) 'example_external_task_marker_parent', 'example_external_task_marker_child' retrieved from /home/airflow/.local/lib/python3.12/site-packages/airflow/example_dags/example_external_task_marker_dag.py
[2024-10-03T11:27:39.221+0000] {logging_mixin.py:190} INFO - [2024-10-03T11:27:39.220+0000] {dag.py:3239} INFO - Sync 2 DAGs
[2024-10-03T11:27:39.228+0000] {logging_mixin.py:190} INFO - [2024-10-03T11:27:39.228+0000] {dag.py:4180} INFO - Setting next_dagrun for example_external_task_marker_child to None, run_after=None
[2024-10-03T11:27:39.231+0000] {logging_mixin.py:190} INFO - [2024-10-03T11:27:39.231+0000] {dag.py:4180} INFO - Setting next_dagrun for example_external_task_marker_parent to None, run_after=None
[2024-10-03T11:27:39.240+0000] {processor.py:208} INFO - Processing /home/airflow/.local/lib/python3.12/site-packages/airflow/example_dags/example_external_task_marker_dag.py took 0.045 seconds
[2024-10-03T11:28:09.587+0000] {processor.py:186} INFO - Started process (PID=5278) to work on /home/airflow/.local/lib/python3.12/site-packages/airflow/example_dags/example_external_task_marker_dag.py
[2024-10-03T11:28:09.587+0000] {processor.py:914} INFO - Processing file /home/airflow/.local/lib/python3.12/site-packages/airflow/example_dags/example_external_task_marker_dag.py for tasks to queue
[2024-10-03T11:28:09.589+0000] {logging_mixin.py:190} INFO - [2024-10-03T11:28:09.589+0000] {dagbag.py:588} INFO - Filling up the DagBag from /home/airflow/.local/lib/python3.12/site-packages/airflow/example_dags/example_external_task_marker_dag.py
[2024-10-03T11:28:09.594+0000] {processor.py:925} INFO - DAG(s) 'example_external_task_marker_child', 'example_external_task_marker_parent' retrieved from /home/airflow/.local/lib/python3.12/site-packages/airflow/example_dags/example_external_task_marker_dag.py
[2024-10-03T11:28:09.606+0000] {logging_mixin.py:190} INFO - [2024-10-03T11:28:09.606+0000] {dag.py:3239} INFO - Sync 2 DAGs
[2024-10-03T11:28:09.614+0000] {logging_mixin.py:190} INFO - [2024-10-03T11:28:09.614+0000] {dag.py:4180} INFO - Setting next_dagrun for example_external_task_marker_child to None, run_after=None
[2024-10-03T11:28:09.616+0000] {logging_mixin.py:190} INFO - [2024-10-03T11:28:09.616+0000] {dag.py:4180} INFO - Setting next_dagrun for example_external_task_marker_parent to None, run_after=None
[2024-10-03T11:28:09.624+0000] {processor.py:208} INFO - Processing /home/airflow/.local/lib/python3.12/site-packages/airflow/example_dags/example_external_task_marker_dag.py took 0.041 seconds
[2024-10-03T11:28:39.858+0000] {processor.py:186} INFO - Started process (PID=5564) to work on /home/airflow/.local/lib/python3.12/site-packages/airflow/example_dags/example_external_task_marker_dag.py
[2024-10-03T11:28:39.859+0000] {processor.py:914} INFO - Processing file /home/airflow/.local/lib/python3.12/site-packages/airflow/example_dags/example_external_task_marker_dag.py for tasks to queue
[2024-10-03T11:28:39.860+0000] {logging_mixin.py:190} INFO - [2024-10-03T11:28:39.860+0000] {dagbag.py:588} INFO - Filling up the DagBag from /home/airflow/.local/lib/python3.12/site-packages/airflow/example_dags/example_external_task_marker_dag.py
[2024-10-03T11:28:39.865+0000] {processor.py:925} INFO - DAG(s) 'example_external_task_marker_child', 'example_external_task_marker_parent' retrieved from /home/airflow/.local/lib/python3.12/site-packages/airflow/example_dags/example_external_task_marker_dag.py
[2024-10-03T11:28:39.878+0000] {logging_mixin.py:190} INFO - [2024-10-03T11:28:39.878+0000] {dag.py:3239} INFO - Sync 2 DAGs
[2024-10-03T11:28:39.886+0000] {logging_mixin.py:190} INFO - [2024-10-03T11:28:39.886+0000] {dag.py:4180} INFO - Setting next_dagrun for example_external_task_marker_child to None, run_after=None
[2024-10-03T11:28:39.889+0000] {logging_mixin.py:190} INFO - [2024-10-03T11:28:39.889+0000] {dag.py:4180} INFO - Setting next_dagrun for example_external_task_marker_parent to None, run_after=None
[2024-10-03T11:28:39.897+0000] {processor.py:208} INFO - Processing /home/airflow/.local/lib/python3.12/site-packages/airflow/example_dags/example_external_task_marker_dag.py took 0.043 seconds
[2024-10-03T11:29:10.114+0000] {processor.py:186} INFO - Started process (PID=5874) to work on /home/airflow/.local/lib/python3.12/site-packages/airflow/example_dags/example_external_task_marker_dag.py
[2024-10-03T11:29:10.114+0000] {processor.py:914} INFO - Processing file /home/airflow/.local/lib/python3.12/site-packages/airflow/example_dags/example_external_task_marker_dag.py for tasks to queue
[2024-10-03T11:29:10.115+0000] {logging_mixin.py:190} INFO - [2024-10-03T11:29:10.115+0000] {dagbag.py:588} INFO - Filling up the DagBag from /home/airflow/.local/lib/python3.12/site-packages/airflow/example_dags/example_external_task_marker_dag.py
[2024-10-03T11:29:10.119+0000] {processor.py:925} INFO - DAG(s) 'example_external_task_marker_parent', 'example_external_task_marker_child' retrieved from /home/airflow/.local/lib/python3.12/site-packages/airflow/example_dags/example_external_task_marker_dag.py
[2024-10-03T11:29:10.131+0000] {logging_mixin.py:190} INFO - [2024-10-03T11:29:10.131+0000] {dag.py:3239} INFO - Sync 2 DAGs
[2024-10-03T11:29:10.138+0000] {logging_mixin.py:190} INFO - [2024-10-03T11:29:10.137+0000] {dag.py:4180} INFO - Setting next_dagrun for example_external_task_marker_child to None, run_after=None
[2024-10-03T11:29:10.139+0000] {logging_mixin.py:190} INFO - [2024-10-03T11:29:10.139+0000] {dag.py:4180} INFO - Setting next_dagrun for example_external_task_marker_parent to None, run_after=None
[2024-10-03T11:29:10.146+0000] {processor.py:208} INFO - Processing /home/airflow/.local/lib/python3.12/site-packages/airflow/example_dags/example_external_task_marker_dag.py took 0.035 seconds
[2024-10-03T11:29:40.430+0000] {processor.py:186} INFO - Started process (PID=6160) to work on /home/airflow/.local/lib/python3.12/site-packages/airflow/example_dags/example_external_task_marker_dag.py
[2024-10-03T11:29:40.431+0000] {processor.py:914} INFO - Processing file /home/airflow/.local/lib/python3.12/site-packages/airflow/example_dags/example_external_task_marker_dag.py for tasks to queue
[2024-10-03T11:29:40.433+0000] {logging_mixin.py:190} INFO - [2024-10-03T11:29:40.433+0000] {dagbag.py:588} INFO - Filling up the DagBag from /home/airflow/.local/lib/python3.12/site-packages/airflow/example_dags/example_external_task_marker_dag.py
[2024-10-03T11:29:40.438+0000] {processor.py:925} INFO - DAG(s) 'example_external_task_marker_child', 'example_external_task_marker_parent' retrieved from /home/airflow/.local/lib/python3.12/site-packages/airflow/example_dags/example_external_task_marker_dag.py
[2024-10-03T11:29:40.452+0000] {logging_mixin.py:190} INFO - [2024-10-03T11:29:40.452+0000] {dag.py:3239} INFO - Sync 2 DAGs
[2024-10-03T11:29:40.460+0000] {logging_mixin.py:190} INFO - [2024-10-03T11:29:40.460+0000] {dag.py:4180} INFO - Setting next_dagrun for example_external_task_marker_child to None, run_after=None
[2024-10-03T11:29:40.462+0000] {logging_mixin.py:190} INFO - [2024-10-03T11:29:40.462+0000] {dag.py:4180} INFO - Setting next_dagrun for example_external_task_marker_parent to None, run_after=None
[2024-10-03T11:29:40.470+0000] {processor.py:208} INFO - Processing /home/airflow/.local/lib/python3.12/site-packages/airflow/example_dags/example_external_task_marker_dag.py took 0.045 seconds
[2024-10-03T11:30:10.888+0000] {processor.py:186} INFO - Started process (PID=6446) to work on /home/airflow/.local/lib/python3.12/site-packages/airflow/example_dags/example_external_task_marker_dag.py
[2024-10-03T11:30:10.889+0000] {processor.py:914} INFO - Processing file /home/airflow/.local/lib/python3.12/site-packages/airflow/example_dags/example_external_task_marker_dag.py for tasks to queue
[2024-10-03T11:30:10.890+0000] {logging_mixin.py:190} INFO - [2024-10-03T11:30:10.890+0000] {dagbag.py:588} INFO - Filling up the DagBag from /home/airflow/.local/lib/python3.12/site-packages/airflow/example_dags/example_external_task_marker_dag.py
[2024-10-03T11:30:10.895+0000] {processor.py:925} INFO - DAG(s) 'example_external_task_marker_parent', 'example_external_task_marker_child' retrieved from /home/airflow/.local/lib/python3.12/site-packages/airflow/example_dags/example_external_task_marker_dag.py
[2024-10-03T11:30:10.907+0000] {logging_mixin.py:190} INFO - [2024-10-03T11:30:10.907+0000] {dag.py:3239} INFO - Sync 2 DAGs
[2024-10-03T11:30:10.914+0000] {logging_mixin.py:190} INFO - [2024-10-03T11:30:10.914+0000] {dag.py:4180} INFO - Setting next_dagrun for example_external_task_marker_child to None, run_after=None
[2024-10-03T11:30:10.917+0000] {logging_mixin.py:190} INFO - [2024-10-03T11:30:10.917+0000] {dag.py:4180} INFO - Setting next_dagrun for example_external_task_marker_parent to None, run_after=None
[2024-10-03T11:30:10.926+0000] {processor.py:208} INFO - Processing /home/airflow/.local/lib/python3.12/site-packages/airflow/example_dags/example_external_task_marker_dag.py took 0.041 seconds
[2024-10-03T11:30:41.142+0000] {processor.py:186} INFO - Started process (PID=6732) to work on /home/airflow/.local/lib/python3.12/site-packages/airflow/example_dags/example_external_task_marker_dag.py
[2024-10-03T11:30:41.142+0000] {processor.py:914} INFO - Processing file /home/airflow/.local/lib/python3.12/site-packages/airflow/example_dags/example_external_task_marker_dag.py for tasks to queue
[2024-10-03T11:30:41.144+0000] {logging_mixin.py:190} INFO - [2024-10-03T11:30:41.143+0000] {dagbag.py:588} INFO - Filling up the DagBag from /home/airflow/.local/lib/python3.12/site-packages/airflow/example_dags/example_external_task_marker_dag.py
[2024-10-03T11:30:41.148+0000] {processor.py:925} INFO - DAG(s) 'example_external_task_marker_parent', 'example_external_task_marker_child' retrieved from /home/airflow/.local/lib/python3.12/site-packages/airflow/example_dags/example_external_task_marker_dag.py
[2024-10-03T11:30:41.161+0000] {logging_mixin.py:190} INFO - [2024-10-03T11:30:41.161+0000] {dag.py:3239} INFO - Sync 2 DAGs
[2024-10-03T11:30:41.169+0000] {logging_mixin.py:190} INFO - [2024-10-03T11:30:41.168+0000] {dag.py:4180} INFO - Setting next_dagrun for example_external_task_marker_child to None, run_after=None
[2024-10-03T11:30:41.171+0000] {logging_mixin.py:190} INFO - [2024-10-03T11:30:41.170+0000] {dag.py:4180} INFO - Setting next_dagrun for example_external_task_marker_parent to None, run_after=None
[2024-10-03T11:30:41.179+0000] {processor.py:208} INFO - Processing /home/airflow/.local/lib/python3.12/site-packages/airflow/example_dags/example_external_task_marker_dag.py took 0.041 seconds
[2024-10-03T11:31:11.453+0000] {processor.py:186} INFO - Started process (PID=7018) to work on /home/airflow/.local/lib/python3.12/site-packages/airflow/example_dags/example_external_task_marker_dag.py
[2024-10-03T11:31:11.453+0000] {processor.py:914} INFO - Processing file /home/airflow/.local/lib/python3.12/site-packages/airflow/example_dags/example_external_task_marker_dag.py for tasks to queue
[2024-10-03T11:31:11.455+0000] {logging_mixin.py:190} INFO - [2024-10-03T11:31:11.454+0000] {dagbag.py:588} INFO - Filling up the DagBag from /home/airflow/.local/lib/python3.12/site-packages/airflow/example_dags/example_external_task_marker_dag.py
[2024-10-03T11:31:11.459+0000] {processor.py:925} INFO - DAG(s) 'example_external_task_marker_parent', 'example_external_task_marker_child' retrieved from /home/airflow/.local/lib/python3.12/site-packages/airflow/example_dags/example_external_task_marker_dag.py
[2024-10-03T11:31:11.472+0000] {logging_mixin.py:190} INFO - [2024-10-03T11:31:11.472+0000] {dag.py:3239} INFO - Sync 2 DAGs
[2024-10-03T11:31:11.480+0000] {logging_mixin.py:190} INFO - [2024-10-03T11:31:11.480+0000] {dag.py:4180} INFO - Setting next_dagrun for example_external_task_marker_child to None, run_after=None
[2024-10-03T11:31:11.482+0000] {logging_mixin.py:190} INFO - [2024-10-03T11:31:11.482+0000] {dag.py:4180} INFO - Setting next_dagrun for example_external_task_marker_parent to None, run_after=None
[2024-10-03T11:31:11.490+0000] {processor.py:208} INFO - Processing /home/airflow/.local/lib/python3.12/site-packages/airflow/example_dags/example_external_task_marker_dag.py took 0.041 seconds
