[2024-10-03T11:19:30.921+0000] {processor.py:186} INFO - Started process (PID=342) to work on /home/airflow/.local/lib/python3.12/site-packages/airflow/example_dags/example_dataset_alias.py
[2024-10-03T11:19:30.922+0000] {processor.py:914} INFO - Processing file /home/airflow/.local/lib/python3.12/site-packages/airflow/example_dags/example_dataset_alias.py for tasks to queue
[2024-10-03T11:19:30.923+0000] {logging_mixin.py:190} INFO - [2024-10-03T11:19:30.923+0000] {dagbag.py:588} INFO - Filling up the DagBag from /home/airflow/.local/lib/python3.12/site-packages/airflow/example_dags/example_dataset_alias.py
[2024-10-03T11:19:31.004+0000] {processor.py:925} INFO - DAG(s) 'dataset_s3_bucket_producer', 'dataset_alias_example_alias_producer', 'dataset_alias_example_alias_consumer', 'dataset_s3_bucket_consumer' retrieved from /home/airflow/.local/lib/python3.12/site-packages/airflow/example_dags/example_dataset_alias.py
[2024-10-03T11:19:31.049+0000] {logging_mixin.py:190} INFO - [2024-10-03T11:19:31.049+0000] {override.py:1900} INFO - Created Permission View: can delete on DAG:dataset_s3_bucket_producer
[2024-10-03T11:19:31.053+0000] {logging_mixin.py:190} INFO - [2024-10-03T11:19:31.053+0000] {override.py:1900} INFO - Created Permission View: can read on DAG:dataset_s3_bucket_producer
[2024-10-03T11:19:31.056+0000] {logging_mixin.py:190} INFO - [2024-10-03T11:19:31.056+0000] {override.py:1900} INFO - Created Permission View: can edit on DAG:dataset_s3_bucket_producer
[2024-10-03T11:19:31.059+0000] {logging_mixin.py:190} INFO - [2024-10-03T11:19:31.059+0000] {override.py:1900} INFO - Created Permission View: can read on DAG Run:dataset_s3_bucket_producer
[2024-10-03T11:19:31.064+0000] {logging_mixin.py:190} INFO - [2024-10-03T11:19:31.064+0000] {override.py:1900} INFO - Created Permission View: can create on DAG Run:dataset_s3_bucket_producer
[2024-10-03T11:19:31.068+0000] {logging_mixin.py:190} INFO - [2024-10-03T11:19:31.068+0000] {override.py:1900} INFO - Created Permission View: menu access on DAG Run:dataset_s3_bucket_producer
[2024-10-03T11:19:31.071+0000] {logging_mixin.py:190} INFO - [2024-10-03T11:19:31.071+0000] {override.py:1900} INFO - Created Permission View: can delete on DAG Run:dataset_s3_bucket_producer
[2024-10-03T11:19:31.079+0000] {logging_mixin.py:190} INFO - [2024-10-03T11:19:31.079+0000] {override.py:1900} INFO - Created Permission View: can delete on DAG:dataset_alias_example_alias_producer
[2024-10-03T11:19:31.082+0000] {logging_mixin.py:190} INFO - [2024-10-03T11:19:31.082+0000] {override.py:1900} INFO - Created Permission View: can read on DAG:dataset_alias_example_alias_producer
[2024-10-03T11:19:31.086+0000] {logging_mixin.py:190} INFO - [2024-10-03T11:19:31.086+0000] {override.py:1900} INFO - Created Permission View: can edit on DAG:dataset_alias_example_alias_producer
[2024-10-03T11:19:31.090+0000] {logging_mixin.py:190} INFO - [2024-10-03T11:19:31.090+0000] {override.py:1900} INFO - Created Permission View: can read on DAG Run:dataset_alias_example_alias_producer
[2024-10-03T11:19:31.092+0000] {logging_mixin.py:190} INFO - [2024-10-03T11:19:31.092+0000] {override.py:1900} INFO - Created Permission View: can create on DAG Run:dataset_alias_example_alias_producer
[2024-10-03T11:19:31.096+0000] {logging_mixin.py:190} INFO - [2024-10-03T11:19:31.096+0000] {override.py:1900} INFO - Created Permission View: menu access on DAG Run:dataset_alias_example_alias_producer
[2024-10-03T11:19:31.100+0000] {logging_mixin.py:190} INFO - [2024-10-03T11:19:31.100+0000] {override.py:1900} INFO - Created Permission View: can delete on DAG Run:dataset_alias_example_alias_producer
[2024-10-03T11:19:31.106+0000] {logging_mixin.py:190} INFO - [2024-10-03T11:19:31.106+0000] {override.py:1900} INFO - Created Permission View: can delete on DAG:dataset_alias_example_alias_consumer
[2024-10-03T11:19:31.109+0000] {logging_mixin.py:190} INFO - [2024-10-03T11:19:31.109+0000] {override.py:1900} INFO - Created Permission View: can read on DAG:dataset_alias_example_alias_consumer
[2024-10-03T11:19:31.113+0000] {logging_mixin.py:190} INFO - [2024-10-03T11:19:31.113+0000] {override.py:1900} INFO - Created Permission View: can edit on DAG:dataset_alias_example_alias_consumer
[2024-10-03T11:19:31.116+0000] {logging_mixin.py:190} INFO - [2024-10-03T11:19:31.116+0000] {override.py:1900} INFO - Created Permission View: can read on DAG Run:dataset_alias_example_alias_consumer
[2024-10-03T11:19:31.120+0000] {logging_mixin.py:190} INFO - [2024-10-03T11:19:31.119+0000] {override.py:1900} INFO - Created Permission View: can create on DAG Run:dataset_alias_example_alias_consumer
[2024-10-03T11:19:31.123+0000] {logging_mixin.py:190} INFO - [2024-10-03T11:19:31.122+0000] {override.py:1900} INFO - Created Permission View: menu access on DAG Run:dataset_alias_example_alias_consumer
[2024-10-03T11:19:31.125+0000] {logging_mixin.py:190} INFO - [2024-10-03T11:19:31.125+0000] {override.py:1900} INFO - Created Permission View: can delete on DAG Run:dataset_alias_example_alias_consumer
[2024-10-03T11:19:31.131+0000] {logging_mixin.py:190} INFO - [2024-10-03T11:19:31.131+0000] {override.py:1900} INFO - Created Permission View: can delete on DAG:dataset_s3_bucket_consumer
[2024-10-03T11:19:31.133+0000] {logging_mixin.py:190} INFO - [2024-10-03T11:19:31.133+0000] {override.py:1900} INFO - Created Permission View: can read on DAG:dataset_s3_bucket_consumer
[2024-10-03T11:19:31.136+0000] {logging_mixin.py:190} INFO - [2024-10-03T11:19:31.136+0000] {override.py:1900} INFO - Created Permission View: can edit on DAG:dataset_s3_bucket_consumer
[2024-10-03T11:19:31.139+0000] {logging_mixin.py:190} INFO - [2024-10-03T11:19:31.139+0000] {override.py:1900} INFO - Created Permission View: can read on DAG Run:dataset_s3_bucket_consumer
[2024-10-03T11:19:31.142+0000] {logging_mixin.py:190} INFO - [2024-10-03T11:19:31.142+0000] {override.py:1900} INFO - Created Permission View: can create on DAG Run:dataset_s3_bucket_consumer
[2024-10-03T11:19:31.144+0000] {logging_mixin.py:190} INFO - [2024-10-03T11:19:31.144+0000] {override.py:1900} INFO - Created Permission View: menu access on DAG Run:dataset_s3_bucket_consumer
[2024-10-03T11:19:31.148+0000] {logging_mixin.py:190} INFO - [2024-10-03T11:19:31.148+0000] {override.py:1900} INFO - Created Permission View: can delete on DAG Run:dataset_s3_bucket_consumer
[2024-10-03T11:19:31.148+0000] {logging_mixin.py:190} INFO - [2024-10-03T11:19:31.148+0000] {dag.py:3239} INFO - Sync 4 DAGs
[2024-10-03T11:19:31.155+0000] {logging_mixin.py:190} INFO - [2024-10-03T11:19:31.155+0000] {dag.py:3262} INFO - Creating ORM DAG for dataset_alias_example_alias_consumer
[2024-10-03T11:19:31.155+0000] {logging_mixin.py:190} INFO - [2024-10-03T11:19:31.155+0000] {dag.py:3262} INFO - Creating ORM DAG for dataset_s3_bucket_producer
[2024-10-03T11:19:31.156+0000] {logging_mixin.py:190} INFO - [2024-10-03T11:19:31.156+0000] {dag.py:3262} INFO - Creating ORM DAG for dataset_s3_bucket_consumer
[2024-10-03T11:19:31.157+0000] {logging_mixin.py:190} INFO - [2024-10-03T11:19:31.156+0000] {dag.py:3262} INFO - Creating ORM DAG for dataset_alias_example_alias_producer
[2024-10-03T11:19:31.161+0000] {logging_mixin.py:190} INFO - [2024-10-03T11:19:31.161+0000] {dag.py:4180} INFO - Setting next_dagrun for dataset_alias_example_alias_consumer to None, run_after=None
[2024-10-03T11:19:31.162+0000] {logging_mixin.py:190} INFO - [2024-10-03T11:19:31.162+0000] {dag.py:4180} INFO - Setting next_dagrun for dataset_alias_example_alias_producer to None, run_after=None
[2024-10-03T11:19:31.163+0000] {logging_mixin.py:190} INFO - [2024-10-03T11:19:31.163+0000] {dag.py:4180} INFO - Setting next_dagrun for dataset_s3_bucket_consumer to None, run_after=None
[2024-10-03T11:19:31.163+0000] {logging_mixin.py:190} INFO - [2024-10-03T11:19:31.163+0000] {dag.py:4180} INFO - Setting next_dagrun for dataset_s3_bucket_producer to None, run_after=None
[2024-10-03T11:19:31.177+0000] {processor.py:208} INFO - Processing /home/airflow/.local/lib/python3.12/site-packages/airflow/example_dags/example_dataset_alias.py took 0.259 seconds
[2024-10-03T11:20:01.756+0000] {processor.py:186} INFO - Started process (PID=628) to work on /home/airflow/.local/lib/python3.12/site-packages/airflow/example_dags/example_dataset_alias.py
[2024-10-03T11:20:01.757+0000] {processor.py:914} INFO - Processing file /home/airflow/.local/lib/python3.12/site-packages/airflow/example_dags/example_dataset_alias.py for tasks to queue
[2024-10-03T11:20:01.759+0000] {logging_mixin.py:190} INFO - [2024-10-03T11:20:01.758+0000] {dagbag.py:588} INFO - Filling up the DagBag from /home/airflow/.local/lib/python3.12/site-packages/airflow/example_dags/example_dataset_alias.py
[2024-10-03T11:20:01.831+0000] {processor.py:925} INFO - DAG(s) 'dataset_s3_bucket_consumer', 'dataset_alias_example_alias_producer', 'dataset_alias_example_alias_consumer', 'dataset_s3_bucket_producer' retrieved from /home/airflow/.local/lib/python3.12/site-packages/airflow/example_dags/example_dataset_alias.py
[2024-10-03T11:20:01.842+0000] {logging_mixin.py:190} INFO - [2024-10-03T11:20:01.841+0000] {dag.py:3239} INFO - Sync 4 DAGs
[2024-10-03T11:20:01.852+0000] {logging_mixin.py:190} INFO - [2024-10-03T11:20:01.852+0000] {dag.py:4180} INFO - Setting next_dagrun for dataset_alias_example_alias_consumer to None, run_after=None
[2024-10-03T11:20:01.854+0000] {logging_mixin.py:190} INFO - [2024-10-03T11:20:01.854+0000] {dag.py:4180} INFO - Setting next_dagrun for dataset_alias_example_alias_producer to None, run_after=None
[2024-10-03T11:20:01.855+0000] {logging_mixin.py:190} INFO - [2024-10-03T11:20:01.855+0000] {dag.py:4180} INFO - Setting next_dagrun for dataset_s3_bucket_consumer to None, run_after=None
[2024-10-03T11:20:01.855+0000] {logging_mixin.py:190} INFO - [2024-10-03T11:20:01.855+0000] {dag.py:4180} INFO - Setting next_dagrun for dataset_s3_bucket_producer to None, run_after=None
[2024-10-03T11:20:01.865+0000] {processor.py:208} INFO - Processing /home/airflow/.local/lib/python3.12/site-packages/airflow/example_dags/example_dataset_alias.py took 0.113 seconds
[2024-10-03T11:20:32.165+0000] {processor.py:186} INFO - Started process (PID=914) to work on /home/airflow/.local/lib/python3.12/site-packages/airflow/example_dags/example_dataset_alias.py
[2024-10-03T11:20:32.166+0000] {processor.py:914} INFO - Processing file /home/airflow/.local/lib/python3.12/site-packages/airflow/example_dags/example_dataset_alias.py for tasks to queue
[2024-10-03T11:20:32.167+0000] {logging_mixin.py:190} INFO - [2024-10-03T11:20:32.167+0000] {dagbag.py:588} INFO - Filling up the DagBag from /home/airflow/.local/lib/python3.12/site-packages/airflow/example_dags/example_dataset_alias.py
[2024-10-03T11:20:32.240+0000] {processor.py:925} INFO - DAG(s) 'dataset_alias_example_alias_producer', 'dataset_alias_example_alias_consumer', 'dataset_s3_bucket_consumer', 'dataset_s3_bucket_producer' retrieved from /home/airflow/.local/lib/python3.12/site-packages/airflow/example_dags/example_dataset_alias.py
[2024-10-03T11:20:32.252+0000] {logging_mixin.py:190} INFO - [2024-10-03T11:20:32.251+0000] {dag.py:3239} INFO - Sync 4 DAGs
[2024-10-03T11:20:32.262+0000] {logging_mixin.py:190} INFO - [2024-10-03T11:20:32.262+0000] {dag.py:4180} INFO - Setting next_dagrun for dataset_alias_example_alias_consumer to None, run_after=None
[2024-10-03T11:20:32.264+0000] {logging_mixin.py:190} INFO - [2024-10-03T11:20:32.264+0000] {dag.py:4180} INFO - Setting next_dagrun for dataset_alias_example_alias_producer to None, run_after=None
[2024-10-03T11:20:32.265+0000] {logging_mixin.py:190} INFO - [2024-10-03T11:20:32.265+0000] {dag.py:4180} INFO - Setting next_dagrun for dataset_s3_bucket_consumer to None, run_after=None
[2024-10-03T11:20:32.266+0000] {logging_mixin.py:190} INFO - [2024-10-03T11:20:32.266+0000] {dag.py:4180} INFO - Setting next_dagrun for dataset_s3_bucket_producer to None, run_after=None
[2024-10-03T11:20:32.277+0000] {processor.py:208} INFO - Processing /home/airflow/.local/lib/python3.12/site-packages/airflow/example_dags/example_dataset_alias.py took 0.116 seconds
[2024-10-03T11:21:02.586+0000] {processor.py:186} INFO - Started process (PID=1200) to work on /home/airflow/.local/lib/python3.12/site-packages/airflow/example_dags/example_dataset_alias.py
[2024-10-03T11:21:02.587+0000] {processor.py:914} INFO - Processing file /home/airflow/.local/lib/python3.12/site-packages/airflow/example_dags/example_dataset_alias.py for tasks to queue
[2024-10-03T11:21:02.589+0000] {logging_mixin.py:190} INFO - [2024-10-03T11:21:02.588+0000] {dagbag.py:588} INFO - Filling up the DagBag from /home/airflow/.local/lib/python3.12/site-packages/airflow/example_dags/example_dataset_alias.py
[2024-10-03T11:21:02.659+0000] {processor.py:925} INFO - DAG(s) 'dataset_alias_example_alias_producer', 'dataset_s3_bucket_producer', 'dataset_s3_bucket_consumer', 'dataset_alias_example_alias_consumer' retrieved from /home/airflow/.local/lib/python3.12/site-packages/airflow/example_dags/example_dataset_alias.py
[2024-10-03T11:21:02.672+0000] {logging_mixin.py:190} INFO - [2024-10-03T11:21:02.672+0000] {dag.py:3239} INFO - Sync 4 DAGs
[2024-10-03T11:21:02.683+0000] {logging_mixin.py:190} INFO - [2024-10-03T11:21:02.683+0000] {dag.py:4180} INFO - Setting next_dagrun for dataset_alias_example_alias_consumer to None, run_after=None
[2024-10-03T11:21:02.685+0000] {logging_mixin.py:190} INFO - [2024-10-03T11:21:02.685+0000] {dag.py:4180} INFO - Setting next_dagrun for dataset_alias_example_alias_producer to None, run_after=None
[2024-10-03T11:21:02.686+0000] {logging_mixin.py:190} INFO - [2024-10-03T11:21:02.685+0000] {dag.py:4180} INFO - Setting next_dagrun for dataset_s3_bucket_consumer to None, run_after=None
[2024-10-03T11:21:02.686+0000] {logging_mixin.py:190} INFO - [2024-10-03T11:21:02.686+0000] {dag.py:4180} INFO - Setting next_dagrun for dataset_s3_bucket_producer to None, run_after=None
[2024-10-03T11:21:02.696+0000] {processor.py:208} INFO - Processing /home/airflow/.local/lib/python3.12/site-packages/airflow/example_dags/example_dataset_alias.py took 0.114 seconds
[2024-10-03T11:21:33.064+0000] {processor.py:186} INFO - Started process (PID=1486) to work on /home/airflow/.local/lib/python3.12/site-packages/airflow/example_dags/example_dataset_alias.py
[2024-10-03T11:21:33.065+0000] {processor.py:914} INFO - Processing file /home/airflow/.local/lib/python3.12/site-packages/airflow/example_dags/example_dataset_alias.py for tasks to queue
[2024-10-03T11:21:33.066+0000] {logging_mixin.py:190} INFO - [2024-10-03T11:21:33.066+0000] {dagbag.py:588} INFO - Filling up the DagBag from /home/airflow/.local/lib/python3.12/site-packages/airflow/example_dags/example_dataset_alias.py
[2024-10-03T11:21:33.198+0000] {processor.py:925} INFO - DAG(s) 'dataset_alias_example_alias_producer', 'dataset_alias_example_alias_consumer', 'dataset_s3_bucket_producer', 'dataset_s3_bucket_consumer' retrieved from /home/airflow/.local/lib/python3.12/site-packages/airflow/example_dags/example_dataset_alias.py
[2024-10-03T11:21:33.211+0000] {logging_mixin.py:190} INFO - [2024-10-03T11:21:33.211+0000] {dag.py:3239} INFO - Sync 4 DAGs
[2024-10-03T11:21:33.223+0000] {logging_mixin.py:190} INFO - [2024-10-03T11:21:33.223+0000] {dag.py:4180} INFO - Setting next_dagrun for dataset_alias_example_alias_consumer to None, run_after=None
[2024-10-03T11:21:33.224+0000] {logging_mixin.py:190} INFO - [2024-10-03T11:21:33.224+0000] {dag.py:4180} INFO - Setting next_dagrun for dataset_alias_example_alias_producer to None, run_after=None
[2024-10-03T11:21:33.225+0000] {logging_mixin.py:190} INFO - [2024-10-03T11:21:33.225+0000] {dag.py:4180} INFO - Setting next_dagrun for dataset_s3_bucket_consumer to None, run_after=None
[2024-10-03T11:21:33.226+0000] {logging_mixin.py:190} INFO - [2024-10-03T11:21:33.226+0000] {dag.py:4180} INFO - Setting next_dagrun for dataset_s3_bucket_producer to None, run_after=None
[2024-10-03T11:21:33.238+0000] {processor.py:208} INFO - Processing /home/airflow/.local/lib/python3.12/site-packages/airflow/example_dags/example_dataset_alias.py took 0.178 seconds
[2024-10-03T11:22:03.529+0000] {processor.py:186} INFO - Started process (PID=1772) to work on /home/airflow/.local/lib/python3.12/site-packages/airflow/example_dags/example_dataset_alias.py
[2024-10-03T11:22:03.529+0000] {processor.py:914} INFO - Processing file /home/airflow/.local/lib/python3.12/site-packages/airflow/example_dags/example_dataset_alias.py for tasks to queue
[2024-10-03T11:22:03.531+0000] {logging_mixin.py:190} INFO - [2024-10-03T11:22:03.531+0000] {dagbag.py:588} INFO - Filling up the DagBag from /home/airflow/.local/lib/python3.12/site-packages/airflow/example_dags/example_dataset_alias.py
[2024-10-03T11:22:03.600+0000] {processor.py:925} INFO - DAG(s) 'dataset_alias_example_alias_consumer', 'dataset_s3_bucket_producer', 'dataset_alias_example_alias_producer', 'dataset_s3_bucket_consumer' retrieved from /home/airflow/.local/lib/python3.12/site-packages/airflow/example_dags/example_dataset_alias.py
[2024-10-03T11:22:03.610+0000] {logging_mixin.py:190} INFO - [2024-10-03T11:22:03.610+0000] {dag.py:3239} INFO - Sync 4 DAGs
[2024-10-03T11:22:03.621+0000] {logging_mixin.py:190} INFO - [2024-10-03T11:22:03.621+0000] {dag.py:4180} INFO - Setting next_dagrun for dataset_alias_example_alias_consumer to None, run_after=None
[2024-10-03T11:22:03.622+0000] {logging_mixin.py:190} INFO - [2024-10-03T11:22:03.622+0000] {dag.py:4180} INFO - Setting next_dagrun for dataset_alias_example_alias_producer to None, run_after=None
[2024-10-03T11:22:03.623+0000] {logging_mixin.py:190} INFO - [2024-10-03T11:22:03.623+0000] {dag.py:4180} INFO - Setting next_dagrun for dataset_s3_bucket_consumer to None, run_after=None
[2024-10-03T11:22:03.624+0000] {logging_mixin.py:190} INFO - [2024-10-03T11:22:03.624+0000] {dag.py:4180} INFO - Setting next_dagrun for dataset_s3_bucket_producer to None, run_after=None
[2024-10-03T11:22:03.633+0000] {processor.py:208} INFO - Processing /home/airflow/.local/lib/python3.12/site-packages/airflow/example_dags/example_dataset_alias.py took 0.108 seconds
[2024-10-03T11:22:34.038+0000] {processor.py:186} INFO - Started process (PID=2058) to work on /home/airflow/.local/lib/python3.12/site-packages/airflow/example_dags/example_dataset_alias.py
[2024-10-03T11:22:34.039+0000] {processor.py:914} INFO - Processing file /home/airflow/.local/lib/python3.12/site-packages/airflow/example_dags/example_dataset_alias.py for tasks to queue
[2024-10-03T11:22:34.040+0000] {logging_mixin.py:190} INFO - [2024-10-03T11:22:34.040+0000] {dagbag.py:588} INFO - Filling up the DagBag from /home/airflow/.local/lib/python3.12/site-packages/airflow/example_dags/example_dataset_alias.py
[2024-10-03T11:22:34.111+0000] {processor.py:925} INFO - DAG(s) 'dataset_s3_bucket_consumer', 'dataset_alias_example_alias_producer', 'dataset_s3_bucket_producer', 'dataset_alias_example_alias_consumer' retrieved from /home/airflow/.local/lib/python3.12/site-packages/airflow/example_dags/example_dataset_alias.py
[2024-10-03T11:22:34.123+0000] {logging_mixin.py:190} INFO - [2024-10-03T11:22:34.122+0000] {dag.py:3239} INFO - Sync 4 DAGs
[2024-10-03T11:22:34.133+0000] {logging_mixin.py:190} INFO - [2024-10-03T11:22:34.133+0000] {dag.py:4180} INFO - Setting next_dagrun for dataset_alias_example_alias_consumer to None, run_after=None
[2024-10-03T11:22:34.135+0000] {logging_mixin.py:190} INFO - [2024-10-03T11:22:34.135+0000] {dag.py:4180} INFO - Setting next_dagrun for dataset_alias_example_alias_producer to None, run_after=None
[2024-10-03T11:22:34.135+0000] {logging_mixin.py:190} INFO - [2024-10-03T11:22:34.135+0000] {dag.py:4180} INFO - Setting next_dagrun for dataset_s3_bucket_consumer to None, run_after=None
[2024-10-03T11:22:34.136+0000] {logging_mixin.py:190} INFO - [2024-10-03T11:22:34.136+0000] {dag.py:4180} INFO - Setting next_dagrun for dataset_s3_bucket_producer to None, run_after=None
[2024-10-03T11:22:34.145+0000] {processor.py:208} INFO - Processing /home/airflow/.local/lib/python3.12/site-packages/airflow/example_dags/example_dataset_alias.py took 0.111 seconds
[2024-10-03T11:23:04.636+0000] {processor.py:186} INFO - Started process (PID=2344) to work on /home/airflow/.local/lib/python3.12/site-packages/airflow/example_dags/example_dataset_alias.py
[2024-10-03T11:23:04.637+0000] {processor.py:914} INFO - Processing file /home/airflow/.local/lib/python3.12/site-packages/airflow/example_dags/example_dataset_alias.py for tasks to queue
[2024-10-03T11:23:04.638+0000] {logging_mixin.py:190} INFO - [2024-10-03T11:23:04.638+0000] {dagbag.py:588} INFO - Filling up the DagBag from /home/airflow/.local/lib/python3.12/site-packages/airflow/example_dags/example_dataset_alias.py
[2024-10-03T11:23:04.709+0000] {processor.py:925} INFO - DAG(s) 'dataset_s3_bucket_consumer', 'dataset_alias_example_alias_consumer', 'dataset_s3_bucket_producer', 'dataset_alias_example_alias_producer' retrieved from /home/airflow/.local/lib/python3.12/site-packages/airflow/example_dags/example_dataset_alias.py
[2024-10-03T11:23:04.721+0000] {logging_mixin.py:190} INFO - [2024-10-03T11:23:04.721+0000] {dag.py:3239} INFO - Sync 4 DAGs
[2024-10-03T11:23:04.732+0000] {logging_mixin.py:190} INFO - [2024-10-03T11:23:04.732+0000] {dag.py:4180} INFO - Setting next_dagrun for dataset_alias_example_alias_consumer to None, run_after=None
[2024-10-03T11:23:04.733+0000] {logging_mixin.py:190} INFO - [2024-10-03T11:23:04.733+0000] {dag.py:4180} INFO - Setting next_dagrun for dataset_alias_example_alias_producer to None, run_after=None
[2024-10-03T11:23:04.734+0000] {logging_mixin.py:190} INFO - [2024-10-03T11:23:04.734+0000] {dag.py:4180} INFO - Setting next_dagrun for dataset_s3_bucket_consumer to None, run_after=None
[2024-10-03T11:23:04.735+0000] {logging_mixin.py:190} INFO - [2024-10-03T11:23:04.735+0000] {dag.py:4180} INFO - Setting next_dagrun for dataset_s3_bucket_producer to None, run_after=None
[2024-10-03T11:23:04.745+0000] {processor.py:208} INFO - Processing /home/airflow/.local/lib/python3.12/site-packages/airflow/example_dags/example_dataset_alias.py took 0.113 seconds
[2024-10-03T11:23:34.854+0000] {processor.py:186} INFO - Started process (PID=2630) to work on /home/airflow/.local/lib/python3.12/site-packages/airflow/example_dags/example_dataset_alias.py
[2024-10-03T11:23:34.854+0000] {processor.py:914} INFO - Processing file /home/airflow/.local/lib/python3.12/site-packages/airflow/example_dags/example_dataset_alias.py for tasks to queue
[2024-10-03T11:23:34.856+0000] {logging_mixin.py:190} INFO - [2024-10-03T11:23:34.856+0000] {dagbag.py:588} INFO - Filling up the DagBag from /home/airflow/.local/lib/python3.12/site-packages/airflow/example_dags/example_dataset_alias.py
[2024-10-03T11:23:34.927+0000] {processor.py:925} INFO - DAG(s) 'dataset_s3_bucket_consumer', 'dataset_s3_bucket_producer', 'dataset_alias_example_alias_producer', 'dataset_alias_example_alias_consumer' retrieved from /home/airflow/.local/lib/python3.12/site-packages/airflow/example_dags/example_dataset_alias.py
[2024-10-03T11:23:34.940+0000] {logging_mixin.py:190} INFO - [2024-10-03T11:23:34.940+0000] {dag.py:3239} INFO - Sync 4 DAGs
[2024-10-03T11:23:34.951+0000] {logging_mixin.py:190} INFO - [2024-10-03T11:23:34.951+0000] {dag.py:4180} INFO - Setting next_dagrun for dataset_alias_example_alias_consumer to None, run_after=None
[2024-10-03T11:23:34.952+0000] {logging_mixin.py:190} INFO - [2024-10-03T11:23:34.952+0000] {dag.py:4180} INFO - Setting next_dagrun for dataset_alias_example_alias_producer to None, run_after=None
[2024-10-03T11:23:34.953+0000] {logging_mixin.py:190} INFO - [2024-10-03T11:23:34.953+0000] {dag.py:4180} INFO - Setting next_dagrun for dataset_s3_bucket_consumer to None, run_after=None
[2024-10-03T11:23:34.954+0000] {logging_mixin.py:190} INFO - [2024-10-03T11:23:34.954+0000] {dag.py:4180} INFO - Setting next_dagrun for dataset_s3_bucket_producer to None, run_after=None
[2024-10-03T11:23:34.965+0000] {processor.py:208} INFO - Processing /home/airflow/.local/lib/python3.12/site-packages/airflow/example_dags/example_dataset_alias.py took 0.115 seconds
[2024-10-03T11:24:05.250+0000] {processor.py:186} INFO - Started process (PID=2916) to work on /home/airflow/.local/lib/python3.12/site-packages/airflow/example_dags/example_dataset_alias.py
[2024-10-03T11:24:05.251+0000] {processor.py:914} INFO - Processing file /home/airflow/.local/lib/python3.12/site-packages/airflow/example_dags/example_dataset_alias.py for tasks to queue
[2024-10-03T11:24:05.252+0000] {logging_mixin.py:190} INFO - [2024-10-03T11:24:05.252+0000] {dagbag.py:588} INFO - Filling up the DagBag from /home/airflow/.local/lib/python3.12/site-packages/airflow/example_dags/example_dataset_alias.py
[2024-10-03T11:24:05.322+0000] {processor.py:925} INFO - DAG(s) 'dataset_s3_bucket_consumer', 'dataset_s3_bucket_producer', 'dataset_alias_example_alias_producer', 'dataset_alias_example_alias_consumer' retrieved from /home/airflow/.local/lib/python3.12/site-packages/airflow/example_dags/example_dataset_alias.py
[2024-10-03T11:24:05.334+0000] {logging_mixin.py:190} INFO - [2024-10-03T11:24:05.334+0000] {dag.py:3239} INFO - Sync 4 DAGs
[2024-10-03T11:24:05.345+0000] {logging_mixin.py:190} INFO - [2024-10-03T11:24:05.345+0000] {dag.py:4180} INFO - Setting next_dagrun for dataset_alias_example_alias_consumer to None, run_after=None
[2024-10-03T11:24:05.346+0000] {logging_mixin.py:190} INFO - [2024-10-03T11:24:05.346+0000] {dag.py:4180} INFO - Setting next_dagrun for dataset_alias_example_alias_producer to None, run_after=None
[2024-10-03T11:24:05.347+0000] {logging_mixin.py:190} INFO - [2024-10-03T11:24:05.346+0000] {dag.py:4180} INFO - Setting next_dagrun for dataset_s3_bucket_consumer to None, run_after=None
[2024-10-03T11:24:05.347+0000] {logging_mixin.py:190} INFO - [2024-10-03T11:24:05.347+0000] {dag.py:4180} INFO - Setting next_dagrun for dataset_s3_bucket_producer to None, run_after=None
[2024-10-03T11:24:05.356+0000] {processor.py:208} INFO - Processing /home/airflow/.local/lib/python3.12/site-packages/airflow/example_dags/example_dataset_alias.py took 0.109 seconds
[2024-10-03T11:24:35.840+0000] {processor.py:186} INFO - Started process (PID=3202) to work on /home/airflow/.local/lib/python3.12/site-packages/airflow/example_dags/example_dataset_alias.py
[2024-10-03T11:24:35.840+0000] {processor.py:914} INFO - Processing file /home/airflow/.local/lib/python3.12/site-packages/airflow/example_dags/example_dataset_alias.py for tasks to queue
[2024-10-03T11:24:35.842+0000] {logging_mixin.py:190} INFO - [2024-10-03T11:24:35.842+0000] {dagbag.py:588} INFO - Filling up the DagBag from /home/airflow/.local/lib/python3.12/site-packages/airflow/example_dags/example_dataset_alias.py
[2024-10-03T11:24:35.917+0000] {processor.py:925} INFO - DAG(s) 'dataset_s3_bucket_producer', 'dataset_alias_example_alias_producer', 'dataset_s3_bucket_consumer', 'dataset_alias_example_alias_consumer' retrieved from /home/airflow/.local/lib/python3.12/site-packages/airflow/example_dags/example_dataset_alias.py
[2024-10-03T11:24:35.930+0000] {logging_mixin.py:190} INFO - [2024-10-03T11:24:35.930+0000] {dag.py:3239} INFO - Sync 4 DAGs
[2024-10-03T11:24:35.941+0000] {logging_mixin.py:190} INFO - [2024-10-03T11:24:35.941+0000] {dag.py:4180} INFO - Setting next_dagrun for dataset_alias_example_alias_consumer to None, run_after=None
[2024-10-03T11:24:35.942+0000] {logging_mixin.py:190} INFO - [2024-10-03T11:24:35.942+0000] {dag.py:4180} INFO - Setting next_dagrun for dataset_alias_example_alias_producer to None, run_after=None
[2024-10-03T11:24:35.943+0000] {logging_mixin.py:190} INFO - [2024-10-03T11:24:35.943+0000] {dag.py:4180} INFO - Setting next_dagrun for dataset_s3_bucket_consumer to None, run_after=None
[2024-10-03T11:24:35.944+0000] {logging_mixin.py:190} INFO - [2024-10-03T11:24:35.944+0000] {dag.py:4180} INFO - Setting next_dagrun for dataset_s3_bucket_producer to None, run_after=None
[2024-10-03T11:24:35.954+0000] {processor.py:208} INFO - Processing /home/airflow/.local/lib/python3.12/site-packages/airflow/example_dags/example_dataset_alias.py took 0.118 seconds
[2024-10-03T11:25:06.362+0000] {processor.py:186} INFO - Started process (PID=3488) to work on /home/airflow/.local/lib/python3.12/site-packages/airflow/example_dags/example_dataset_alias.py
[2024-10-03T11:25:06.363+0000] {processor.py:914} INFO - Processing file /home/airflow/.local/lib/python3.12/site-packages/airflow/example_dags/example_dataset_alias.py for tasks to queue
[2024-10-03T11:25:06.365+0000] {logging_mixin.py:190} INFO - [2024-10-03T11:25:06.364+0000] {dagbag.py:588} INFO - Filling up the DagBag from /home/airflow/.local/lib/python3.12/site-packages/airflow/example_dags/example_dataset_alias.py
[2024-10-03T11:25:06.436+0000] {processor.py:925} INFO - DAG(s) 'dataset_alias_example_alias_producer', 'dataset_s3_bucket_producer', 'dataset_s3_bucket_consumer', 'dataset_alias_example_alias_consumer' retrieved from /home/airflow/.local/lib/python3.12/site-packages/airflow/example_dags/example_dataset_alias.py
[2024-10-03T11:25:06.448+0000] {logging_mixin.py:190} INFO - [2024-10-03T11:25:06.448+0000] {dag.py:3239} INFO - Sync 4 DAGs
[2024-10-03T11:25:06.459+0000] {logging_mixin.py:190} INFO - [2024-10-03T11:25:06.459+0000] {dag.py:4180} INFO - Setting next_dagrun for dataset_alias_example_alias_consumer to None, run_after=None
[2024-10-03T11:25:06.461+0000] {logging_mixin.py:190} INFO - [2024-10-03T11:25:06.460+0000] {dag.py:4180} INFO - Setting next_dagrun for dataset_alias_example_alias_producer to None, run_after=None
[2024-10-03T11:25:06.461+0000] {logging_mixin.py:190} INFO - [2024-10-03T11:25:06.461+0000] {dag.py:4180} INFO - Setting next_dagrun for dataset_s3_bucket_consumer to None, run_after=None
[2024-10-03T11:25:06.462+0000] {logging_mixin.py:190} INFO - [2024-10-03T11:25:06.462+0000] {dag.py:4180} INFO - Setting next_dagrun for dataset_s3_bucket_producer to None, run_after=None
[2024-10-03T11:25:06.472+0000] {processor.py:208} INFO - Processing /home/airflow/.local/lib/python3.12/site-packages/airflow/example_dags/example_dataset_alias.py took 0.113 seconds
[2024-10-03T11:25:36.909+0000] {processor.py:186} INFO - Started process (PID=3774) to work on /home/airflow/.local/lib/python3.12/site-packages/airflow/example_dags/example_dataset_alias.py
[2024-10-03T11:25:36.909+0000] {processor.py:914} INFO - Processing file /home/airflow/.local/lib/python3.12/site-packages/airflow/example_dags/example_dataset_alias.py for tasks to queue
[2024-10-03T11:25:36.911+0000] {logging_mixin.py:190} INFO - [2024-10-03T11:25:36.911+0000] {dagbag.py:588} INFO - Filling up the DagBag from /home/airflow/.local/lib/python3.12/site-packages/airflow/example_dags/example_dataset_alias.py
[2024-10-03T11:25:36.985+0000] {processor.py:925} INFO - DAG(s) 'dataset_alias_example_alias_consumer', 'dataset_s3_bucket_consumer', 'dataset_alias_example_alias_producer', 'dataset_s3_bucket_producer' retrieved from /home/airflow/.local/lib/python3.12/site-packages/airflow/example_dags/example_dataset_alias.py
[2024-10-03T11:25:36.998+0000] {logging_mixin.py:190} INFO - [2024-10-03T11:25:36.997+0000] {dag.py:3239} INFO - Sync 4 DAGs
[2024-10-03T11:25:37.008+0000] {logging_mixin.py:190} INFO - [2024-10-03T11:25:37.008+0000] {dag.py:4180} INFO - Setting next_dagrun for dataset_alias_example_alias_consumer to None, run_after=None
[2024-10-03T11:25:37.010+0000] {logging_mixin.py:190} INFO - [2024-10-03T11:25:37.010+0000] {dag.py:4180} INFO - Setting next_dagrun for dataset_alias_example_alias_producer to None, run_after=None
[2024-10-03T11:25:37.011+0000] {logging_mixin.py:190} INFO - [2024-10-03T11:25:37.011+0000] {dag.py:4180} INFO - Setting next_dagrun for dataset_s3_bucket_consumer to None, run_after=None
[2024-10-03T11:25:37.012+0000] {logging_mixin.py:190} INFO - [2024-10-03T11:25:37.012+0000] {dag.py:4180} INFO - Setting next_dagrun for dataset_s3_bucket_producer to None, run_after=None
[2024-10-03T11:25:37.023+0000] {processor.py:208} INFO - Processing /home/airflow/.local/lib/python3.12/site-packages/airflow/example_dags/example_dataset_alias.py took 0.119 seconds
[2024-10-03T11:26:07.346+0000] {processor.py:186} INFO - Started process (PID=4064) to work on /home/airflow/.local/lib/python3.12/site-packages/airflow/example_dags/example_dataset_alias.py
[2024-10-03T11:26:07.346+0000] {processor.py:914} INFO - Processing file /home/airflow/.local/lib/python3.12/site-packages/airflow/example_dags/example_dataset_alias.py for tasks to queue
[2024-10-03T11:26:07.348+0000] {logging_mixin.py:190} INFO - [2024-10-03T11:26:07.348+0000] {dagbag.py:588} INFO - Filling up the DagBag from /home/airflow/.local/lib/python3.12/site-packages/airflow/example_dags/example_dataset_alias.py
[2024-10-03T11:26:07.423+0000] {processor.py:925} INFO - DAG(s) 'dataset_s3_bucket_consumer', 'dataset_s3_bucket_producer', 'dataset_alias_example_alias_producer', 'dataset_alias_example_alias_consumer' retrieved from /home/airflow/.local/lib/python3.12/site-packages/airflow/example_dags/example_dataset_alias.py
[2024-10-03T11:26:07.436+0000] {logging_mixin.py:190} INFO - [2024-10-03T11:26:07.436+0000] {dag.py:3239} INFO - Sync 4 DAGs
[2024-10-03T11:26:07.448+0000] {logging_mixin.py:190} INFO - [2024-10-03T11:26:07.448+0000] {dag.py:4180} INFO - Setting next_dagrun for dataset_alias_example_alias_consumer to None, run_after=None
[2024-10-03T11:26:07.450+0000] {logging_mixin.py:190} INFO - [2024-10-03T11:26:07.450+0000] {dag.py:4180} INFO - Setting next_dagrun for dataset_alias_example_alias_producer to None, run_after=None
[2024-10-03T11:26:07.451+0000] {logging_mixin.py:190} INFO - [2024-10-03T11:26:07.451+0000] {dag.py:4180} INFO - Setting next_dagrun for dataset_s3_bucket_consumer to None, run_after=None
[2024-10-03T11:26:07.452+0000] {logging_mixin.py:190} INFO - [2024-10-03T11:26:07.452+0000] {dag.py:4180} INFO - Setting next_dagrun for dataset_s3_bucket_producer to None, run_after=None
[2024-10-03T11:26:07.465+0000] {processor.py:208} INFO - Processing /home/airflow/.local/lib/python3.12/site-packages/airflow/example_dags/example_dataset_alias.py took 0.124 seconds
[2024-10-03T11:26:37.771+0000] {processor.py:186} INFO - Started process (PID=4355) to work on /home/airflow/.local/lib/python3.12/site-packages/airflow/example_dags/example_dataset_alias.py
[2024-10-03T11:26:37.771+0000] {processor.py:914} INFO - Processing file /home/airflow/.local/lib/python3.12/site-packages/airflow/example_dags/example_dataset_alias.py for tasks to queue
[2024-10-03T11:26:37.773+0000] {logging_mixin.py:190} INFO - [2024-10-03T11:26:37.773+0000] {dagbag.py:588} INFO - Filling up the DagBag from /home/airflow/.local/lib/python3.12/site-packages/airflow/example_dags/example_dataset_alias.py
[2024-10-03T11:26:37.844+0000] {processor.py:925} INFO - DAG(s) 'dataset_s3_bucket_consumer', 'dataset_alias_example_alias_consumer', 'dataset_alias_example_alias_producer', 'dataset_s3_bucket_producer' retrieved from /home/airflow/.local/lib/python3.12/site-packages/airflow/example_dags/example_dataset_alias.py
[2024-10-03T11:26:37.856+0000] {logging_mixin.py:190} INFO - [2024-10-03T11:26:37.855+0000] {dag.py:3239} INFO - Sync 4 DAGs
[2024-10-03T11:26:37.866+0000] {logging_mixin.py:190} INFO - [2024-10-03T11:26:37.866+0000] {dag.py:4180} INFO - Setting next_dagrun for dataset_alias_example_alias_consumer to None, run_after=None
[2024-10-03T11:26:37.868+0000] {logging_mixin.py:190} INFO - [2024-10-03T11:26:37.868+0000] {dag.py:4180} INFO - Setting next_dagrun for dataset_alias_example_alias_producer to None, run_after=None
[2024-10-03T11:26:37.869+0000] {logging_mixin.py:190} INFO - [2024-10-03T11:26:37.869+0000] {dag.py:4180} INFO - Setting next_dagrun for dataset_s3_bucket_consumer to None, run_after=None
[2024-10-03T11:26:37.870+0000] {logging_mixin.py:190} INFO - [2024-10-03T11:26:37.870+0000] {dag.py:4180} INFO - Setting next_dagrun for dataset_s3_bucket_producer to None, run_after=None
[2024-10-03T11:26:37.879+0000] {processor.py:208} INFO - Processing /home/airflow/.local/lib/python3.12/site-packages/airflow/example_dags/example_dataset_alias.py took 0.113 seconds
[2024-10-03T11:27:08.235+0000] {processor.py:186} INFO - Started process (PID=4641) to work on /home/airflow/.local/lib/python3.12/site-packages/airflow/example_dags/example_dataset_alias.py
[2024-10-03T11:27:08.236+0000] {processor.py:914} INFO - Processing file /home/airflow/.local/lib/python3.12/site-packages/airflow/example_dags/example_dataset_alias.py for tasks to queue
[2024-10-03T11:27:08.237+0000] {logging_mixin.py:190} INFO - [2024-10-03T11:27:08.237+0000] {dagbag.py:588} INFO - Filling up the DagBag from /home/airflow/.local/lib/python3.12/site-packages/airflow/example_dags/example_dataset_alias.py
[2024-10-03T11:27:08.307+0000] {processor.py:925} INFO - DAG(s) 'dataset_s3_bucket_consumer', 'dataset_alias_example_alias_producer', 'dataset_s3_bucket_producer', 'dataset_alias_example_alias_consumer' retrieved from /home/airflow/.local/lib/python3.12/site-packages/airflow/example_dags/example_dataset_alias.py
[2024-10-03T11:27:08.319+0000] {logging_mixin.py:190} INFO - [2024-10-03T11:27:08.319+0000] {dag.py:3239} INFO - Sync 4 DAGs
[2024-10-03T11:27:08.330+0000] {logging_mixin.py:190} INFO - [2024-10-03T11:27:08.330+0000] {dag.py:4180} INFO - Setting next_dagrun for dataset_alias_example_alias_consumer to None, run_after=None
[2024-10-03T11:27:08.332+0000] {logging_mixin.py:190} INFO - [2024-10-03T11:27:08.331+0000] {dag.py:4180} INFO - Setting next_dagrun for dataset_alias_example_alias_producer to None, run_after=None
[2024-10-03T11:27:08.332+0000] {logging_mixin.py:190} INFO - [2024-10-03T11:27:08.332+0000] {dag.py:4180} INFO - Setting next_dagrun for dataset_s3_bucket_consumer to None, run_after=None
[2024-10-03T11:27:08.333+0000] {logging_mixin.py:190} INFO - [2024-10-03T11:27:08.333+0000] {dag.py:4180} INFO - Setting next_dagrun for dataset_s3_bucket_producer to None, run_after=None
[2024-10-03T11:27:08.343+0000] {processor.py:208} INFO - Processing /home/airflow/.local/lib/python3.12/site-packages/airflow/example_dags/example_dataset_alias.py took 0.111 seconds
[2024-10-03T11:27:38.642+0000] {processor.py:186} INFO - Started process (PID=4927) to work on /home/airflow/.local/lib/python3.12/site-packages/airflow/example_dags/example_dataset_alias.py
[2024-10-03T11:27:38.642+0000] {processor.py:914} INFO - Processing file /home/airflow/.local/lib/python3.12/site-packages/airflow/example_dags/example_dataset_alias.py for tasks to queue
[2024-10-03T11:27:38.644+0000] {logging_mixin.py:190} INFO - [2024-10-03T11:27:38.644+0000] {dagbag.py:588} INFO - Filling up the DagBag from /home/airflow/.local/lib/python3.12/site-packages/airflow/example_dags/example_dataset_alias.py
[2024-10-03T11:27:38.716+0000] {processor.py:925} INFO - DAG(s) 'dataset_alias_example_alias_consumer', 'dataset_s3_bucket_producer', 'dataset_alias_example_alias_producer', 'dataset_s3_bucket_consumer' retrieved from /home/airflow/.local/lib/python3.12/site-packages/airflow/example_dags/example_dataset_alias.py
[2024-10-03T11:27:38.727+0000] {logging_mixin.py:190} INFO - [2024-10-03T11:27:38.727+0000] {dag.py:3239} INFO - Sync 4 DAGs
[2024-10-03T11:27:38.739+0000] {logging_mixin.py:190} INFO - [2024-10-03T11:27:38.739+0000] {dag.py:4180} INFO - Setting next_dagrun for dataset_alias_example_alias_consumer to None, run_after=None
[2024-10-03T11:27:38.740+0000] {logging_mixin.py:190} INFO - [2024-10-03T11:27:38.740+0000] {dag.py:4180} INFO - Setting next_dagrun for dataset_alias_example_alias_producer to None, run_after=None
[2024-10-03T11:27:38.741+0000] {logging_mixin.py:190} INFO - [2024-10-03T11:27:38.741+0000] {dag.py:4180} INFO - Setting next_dagrun for dataset_s3_bucket_consumer to None, run_after=None
[2024-10-03T11:27:38.742+0000] {logging_mixin.py:190} INFO - [2024-10-03T11:27:38.742+0000] {dag.py:4180} INFO - Setting next_dagrun for dataset_s3_bucket_producer to None, run_after=None
[2024-10-03T11:27:38.752+0000] {processor.py:208} INFO - Processing /home/airflow/.local/lib/python3.12/site-packages/airflow/example_dags/example_dataset_alias.py took 0.114 seconds
[2024-10-03T11:28:09.004+0000] {processor.py:186} INFO - Started process (PID=5213) to work on /home/airflow/.local/lib/python3.12/site-packages/airflow/example_dags/example_dataset_alias.py
[2024-10-03T11:28:09.004+0000] {processor.py:914} INFO - Processing file /home/airflow/.local/lib/python3.12/site-packages/airflow/example_dags/example_dataset_alias.py for tasks to queue
[2024-10-03T11:28:09.006+0000] {logging_mixin.py:190} INFO - [2024-10-03T11:28:09.006+0000] {dagbag.py:588} INFO - Filling up the DagBag from /home/airflow/.local/lib/python3.12/site-packages/airflow/example_dags/example_dataset_alias.py
[2024-10-03T11:28:09.079+0000] {processor.py:925} INFO - DAG(s) 'dataset_alias_example_alias_consumer', 'dataset_s3_bucket_consumer', 'dataset_alias_example_alias_producer', 'dataset_s3_bucket_producer' retrieved from /home/airflow/.local/lib/python3.12/site-packages/airflow/example_dags/example_dataset_alias.py
[2024-10-03T11:28:09.090+0000] {logging_mixin.py:190} INFO - [2024-10-03T11:28:09.090+0000] {dag.py:3239} INFO - Sync 4 DAGs
[2024-10-03T11:28:09.101+0000] {logging_mixin.py:190} INFO - [2024-10-03T11:28:09.101+0000] {dag.py:4180} INFO - Setting next_dagrun for dataset_alias_example_alias_consumer to None, run_after=None
[2024-10-03T11:28:09.103+0000] {logging_mixin.py:190} INFO - [2024-10-03T11:28:09.103+0000] {dag.py:4180} INFO - Setting next_dagrun for dataset_alias_example_alias_producer to None, run_after=None
[2024-10-03T11:28:09.103+0000] {logging_mixin.py:190} INFO - [2024-10-03T11:28:09.103+0000] {dag.py:4180} INFO - Setting next_dagrun for dataset_s3_bucket_consumer to None, run_after=None
[2024-10-03T11:28:09.104+0000] {logging_mixin.py:190} INFO - [2024-10-03T11:28:09.104+0000] {dag.py:4180} INFO - Setting next_dagrun for dataset_s3_bucket_producer to None, run_after=None
[2024-10-03T11:28:09.113+0000] {processor.py:208} INFO - Processing /home/airflow/.local/lib/python3.12/site-packages/airflow/example_dags/example_dataset_alias.py took 0.113 seconds
[2024-10-03T11:28:39.388+0000] {processor.py:186} INFO - Started process (PID=5504) to work on /home/airflow/.local/lib/python3.12/site-packages/airflow/example_dags/example_dataset_alias.py
[2024-10-03T11:28:39.389+0000] {processor.py:914} INFO - Processing file /home/airflow/.local/lib/python3.12/site-packages/airflow/example_dags/example_dataset_alias.py for tasks to queue
[2024-10-03T11:28:39.390+0000] {logging_mixin.py:190} INFO - [2024-10-03T11:28:39.390+0000] {dagbag.py:588} INFO - Filling up the DagBag from /home/airflow/.local/lib/python3.12/site-packages/airflow/example_dags/example_dataset_alias.py
[2024-10-03T11:28:39.462+0000] {processor.py:925} INFO - DAG(s) 'dataset_s3_bucket_consumer', 'dataset_alias_example_alias_consumer', 'dataset_s3_bucket_producer', 'dataset_alias_example_alias_producer' retrieved from /home/airflow/.local/lib/python3.12/site-packages/airflow/example_dags/example_dataset_alias.py
[2024-10-03T11:28:39.473+0000] {logging_mixin.py:190} INFO - [2024-10-03T11:28:39.473+0000] {dag.py:3239} INFO - Sync 4 DAGs
[2024-10-03T11:28:39.485+0000] {logging_mixin.py:190} INFO - [2024-10-03T11:28:39.485+0000] {dag.py:4180} INFO - Setting next_dagrun for dataset_alias_example_alias_consumer to None, run_after=None
[2024-10-03T11:28:39.487+0000] {logging_mixin.py:190} INFO - [2024-10-03T11:28:39.486+0000] {dag.py:4180} INFO - Setting next_dagrun for dataset_alias_example_alias_producer to None, run_after=None
[2024-10-03T11:28:39.487+0000] {logging_mixin.py:190} INFO - [2024-10-03T11:28:39.487+0000] {dag.py:4180} INFO - Setting next_dagrun for dataset_s3_bucket_consumer to None, run_after=None
[2024-10-03T11:28:39.488+0000] {logging_mixin.py:190} INFO - [2024-10-03T11:28:39.488+0000] {dag.py:4180} INFO - Setting next_dagrun for dataset_s3_bucket_producer to None, run_after=None
[2024-10-03T11:28:39.499+0000] {processor.py:208} INFO - Processing /home/airflow/.local/lib/python3.12/site-packages/airflow/example_dags/example_dataset_alias.py took 0.115 seconds
[2024-10-03T11:29:09.597+0000] {processor.py:186} INFO - Started process (PID=5809) to work on /home/airflow/.local/lib/python3.12/site-packages/airflow/example_dags/example_dataset_alias.py
[2024-10-03T11:29:09.597+0000] {processor.py:914} INFO - Processing file /home/airflow/.local/lib/python3.12/site-packages/airflow/example_dags/example_dataset_alias.py for tasks to queue
[2024-10-03T11:29:09.599+0000] {logging_mixin.py:190} INFO - [2024-10-03T11:29:09.599+0000] {dagbag.py:588} INFO - Filling up the DagBag from /home/airflow/.local/lib/python3.12/site-packages/airflow/example_dags/example_dataset_alias.py
[2024-10-03T11:29:09.673+0000] {processor.py:925} INFO - DAG(s) 'dataset_alias_example_alias_producer', 'dataset_alias_example_alias_consumer', 'dataset_s3_bucket_consumer', 'dataset_s3_bucket_producer' retrieved from /home/airflow/.local/lib/python3.12/site-packages/airflow/example_dags/example_dataset_alias.py
[2024-10-03T11:29:09.684+0000] {logging_mixin.py:190} INFO - [2024-10-03T11:29:09.684+0000] {dag.py:3239} INFO - Sync 4 DAGs
[2024-10-03T11:29:09.695+0000] {logging_mixin.py:190} INFO - [2024-10-03T11:29:09.695+0000] {dag.py:4180} INFO - Setting next_dagrun for dataset_alias_example_alias_consumer to None, run_after=None
[2024-10-03T11:29:09.697+0000] {logging_mixin.py:190} INFO - [2024-10-03T11:29:09.697+0000] {dag.py:4180} INFO - Setting next_dagrun for dataset_alias_example_alias_producer to None, run_after=None
[2024-10-03T11:29:09.697+0000] {logging_mixin.py:190} INFO - [2024-10-03T11:29:09.697+0000] {dag.py:4180} INFO - Setting next_dagrun for dataset_s3_bucket_consumer to None, run_after=None
[2024-10-03T11:29:09.698+0000] {logging_mixin.py:190} INFO - [2024-10-03T11:29:09.698+0000] {dag.py:4180} INFO - Setting next_dagrun for dataset_s3_bucket_producer to None, run_after=None
[2024-10-03T11:29:09.707+0000] {processor.py:208} INFO - Processing /home/airflow/.local/lib/python3.12/site-packages/airflow/example_dags/example_dataset_alias.py took 0.114 seconds
[2024-10-03T11:29:39.952+0000] {processor.py:186} INFO - Started process (PID=6100) to work on /home/airflow/.local/lib/python3.12/site-packages/airflow/example_dags/example_dataset_alias.py
[2024-10-03T11:29:39.953+0000] {processor.py:914} INFO - Processing file /home/airflow/.local/lib/python3.12/site-packages/airflow/example_dags/example_dataset_alias.py for tasks to queue
[2024-10-03T11:29:39.955+0000] {logging_mixin.py:190} INFO - [2024-10-03T11:29:39.954+0000] {dagbag.py:588} INFO - Filling up the DagBag from /home/airflow/.local/lib/python3.12/site-packages/airflow/example_dags/example_dataset_alias.py
[2024-10-03T11:29:40.025+0000] {processor.py:925} INFO - DAG(s) 'dataset_alias_example_alias_consumer', 'dataset_alias_example_alias_producer', 'dataset_s3_bucket_consumer', 'dataset_s3_bucket_producer' retrieved from /home/airflow/.local/lib/python3.12/site-packages/airflow/example_dags/example_dataset_alias.py
[2024-10-03T11:29:40.036+0000] {logging_mixin.py:190} INFO - [2024-10-03T11:29:40.036+0000] {dag.py:3239} INFO - Sync 4 DAGs
[2024-10-03T11:29:40.048+0000] {logging_mixin.py:190} INFO - [2024-10-03T11:29:40.048+0000] {dag.py:4180} INFO - Setting next_dagrun for dataset_alias_example_alias_consumer to None, run_after=None
[2024-10-03T11:29:40.049+0000] {logging_mixin.py:190} INFO - [2024-10-03T11:29:40.049+0000] {dag.py:4180} INFO - Setting next_dagrun for dataset_alias_example_alias_producer to None, run_after=None
[2024-10-03T11:29:40.050+0000] {logging_mixin.py:190} INFO - [2024-10-03T11:29:40.050+0000] {dag.py:4180} INFO - Setting next_dagrun for dataset_s3_bucket_consumer to None, run_after=None
[2024-10-03T11:29:40.051+0000] {logging_mixin.py:190} INFO - [2024-10-03T11:29:40.051+0000] {dag.py:4180} INFO - Setting next_dagrun for dataset_s3_bucket_producer to None, run_after=None
[2024-10-03T11:29:40.061+0000] {processor.py:208} INFO - Processing /home/airflow/.local/lib/python3.12/site-packages/airflow/example_dags/example_dataset_alias.py took 0.112 seconds
[2024-10-03T11:30:10.337+0000] {processor.py:186} INFO - Started process (PID=6381) to work on /home/airflow/.local/lib/python3.12/site-packages/airflow/example_dags/example_dataset_alias.py
[2024-10-03T11:30:10.338+0000] {processor.py:914} INFO - Processing file /home/airflow/.local/lib/python3.12/site-packages/airflow/example_dags/example_dataset_alias.py for tasks to queue
[2024-10-03T11:30:10.339+0000] {logging_mixin.py:190} INFO - [2024-10-03T11:30:10.339+0000] {dagbag.py:588} INFO - Filling up the DagBag from /home/airflow/.local/lib/python3.12/site-packages/airflow/example_dags/example_dataset_alias.py
[2024-10-03T11:30:10.412+0000] {processor.py:925} INFO - DAG(s) 'dataset_alias_example_alias_consumer', 'dataset_alias_example_alias_producer', 'dataset_s3_bucket_consumer', 'dataset_s3_bucket_producer' retrieved from /home/airflow/.local/lib/python3.12/site-packages/airflow/example_dags/example_dataset_alias.py
[2024-10-03T11:30:10.424+0000] {logging_mixin.py:190} INFO - [2024-10-03T11:30:10.423+0000] {dag.py:3239} INFO - Sync 4 DAGs
[2024-10-03T11:30:10.436+0000] {logging_mixin.py:190} INFO - [2024-10-03T11:30:10.435+0000] {dag.py:4180} INFO - Setting next_dagrun for dataset_alias_example_alias_consumer to None, run_after=None
[2024-10-03T11:30:10.437+0000] {logging_mixin.py:190} INFO - [2024-10-03T11:30:10.437+0000] {dag.py:4180} INFO - Setting next_dagrun for dataset_alias_example_alias_producer to None, run_after=None
[2024-10-03T11:30:10.438+0000] {logging_mixin.py:190} INFO - [2024-10-03T11:30:10.438+0000] {dag.py:4180} INFO - Setting next_dagrun for dataset_s3_bucket_consumer to None, run_after=None
[2024-10-03T11:30:10.439+0000] {logging_mixin.py:190} INFO - [2024-10-03T11:30:10.439+0000] {dag.py:4180} INFO - Setting next_dagrun for dataset_s3_bucket_producer to None, run_after=None
[2024-10-03T11:30:10.449+0000] {processor.py:208} INFO - Processing /home/airflow/.local/lib/python3.12/site-packages/airflow/example_dags/example_dataset_alias.py took 0.116 seconds
[2024-10-03T11:30:40.688+0000] {processor.py:186} INFO - Started process (PID=6672) to work on /home/airflow/.local/lib/python3.12/site-packages/airflow/example_dags/example_dataset_alias.py
[2024-10-03T11:30:40.689+0000] {processor.py:914} INFO - Processing file /home/airflow/.local/lib/python3.12/site-packages/airflow/example_dags/example_dataset_alias.py for tasks to queue
[2024-10-03T11:30:40.690+0000] {logging_mixin.py:190} INFO - [2024-10-03T11:30:40.690+0000] {dagbag.py:588} INFO - Filling up the DagBag from /home/airflow/.local/lib/python3.12/site-packages/airflow/example_dags/example_dataset_alias.py
[2024-10-03T11:30:40.760+0000] {processor.py:925} INFO - DAG(s) 'dataset_alias_example_alias_consumer', 'dataset_alias_example_alias_producer', 'dataset_s3_bucket_producer', 'dataset_s3_bucket_consumer' retrieved from /home/airflow/.local/lib/python3.12/site-packages/airflow/example_dags/example_dataset_alias.py
[2024-10-03T11:30:40.771+0000] {logging_mixin.py:190} INFO - [2024-10-03T11:30:40.771+0000] {dag.py:3239} INFO - Sync 4 DAGs
[2024-10-03T11:30:40.783+0000] {logging_mixin.py:190} INFO - [2024-10-03T11:30:40.783+0000] {dag.py:4180} INFO - Setting next_dagrun for dataset_alias_example_alias_consumer to None, run_after=None
[2024-10-03T11:30:40.785+0000] {logging_mixin.py:190} INFO - [2024-10-03T11:30:40.785+0000] {dag.py:4180} INFO - Setting next_dagrun for dataset_alias_example_alias_producer to None, run_after=None
[2024-10-03T11:30:40.786+0000] {logging_mixin.py:190} INFO - [2024-10-03T11:30:40.785+0000] {dag.py:4180} INFO - Setting next_dagrun for dataset_s3_bucket_consumer to None, run_after=None
[2024-10-03T11:30:40.786+0000] {logging_mixin.py:190} INFO - [2024-10-03T11:30:40.786+0000] {dag.py:4180} INFO - Setting next_dagrun for dataset_s3_bucket_producer to None, run_after=None
[2024-10-03T11:30:40.796+0000] {processor.py:208} INFO - Processing /home/airflow/.local/lib/python3.12/site-packages/airflow/example_dags/example_dataset_alias.py took 0.111 seconds
[2024-10-03T11:31:11.000+0000] {processor.py:186} INFO - Started process (PID=6958) to work on /home/airflow/.local/lib/python3.12/site-packages/airflow/example_dags/example_dataset_alias.py
[2024-10-03T11:31:11.000+0000] {processor.py:914} INFO - Processing file /home/airflow/.local/lib/python3.12/site-packages/airflow/example_dags/example_dataset_alias.py for tasks to queue
[2024-10-03T11:31:11.002+0000] {logging_mixin.py:190} INFO - [2024-10-03T11:31:11.001+0000] {dagbag.py:588} INFO - Filling up the DagBag from /home/airflow/.local/lib/python3.12/site-packages/airflow/example_dags/example_dataset_alias.py
[2024-10-03T11:31:11.072+0000] {processor.py:925} INFO - DAG(s) 'dataset_s3_bucket_consumer', 'dataset_alias_example_alias_consumer', 'dataset_s3_bucket_producer', 'dataset_alias_example_alias_producer' retrieved from /home/airflow/.local/lib/python3.12/site-packages/airflow/example_dags/example_dataset_alias.py
[2024-10-03T11:31:11.084+0000] {logging_mixin.py:190} INFO - [2024-10-03T11:31:11.083+0000] {dag.py:3239} INFO - Sync 4 DAGs
[2024-10-03T11:31:11.097+0000] {logging_mixin.py:190} INFO - [2024-10-03T11:31:11.097+0000] {dag.py:4180} INFO - Setting next_dagrun for dataset_alias_example_alias_consumer to None, run_after=None
[2024-10-03T11:31:11.099+0000] {logging_mixin.py:190} INFO - [2024-10-03T11:31:11.099+0000] {dag.py:4180} INFO - Setting next_dagrun for dataset_alias_example_alias_producer to None, run_after=None
[2024-10-03T11:31:11.099+0000] {logging_mixin.py:190} INFO - [2024-10-03T11:31:11.099+0000] {dag.py:4180} INFO - Setting next_dagrun for dataset_s3_bucket_consumer to None, run_after=None
[2024-10-03T11:31:11.100+0000] {logging_mixin.py:190} INFO - [2024-10-03T11:31:11.100+0000] {dag.py:4180} INFO - Setting next_dagrun for dataset_s3_bucket_producer to None, run_after=None
[2024-10-03T11:31:11.111+0000] {processor.py:208} INFO - Processing /home/airflow/.local/lib/python3.12/site-packages/airflow/example_dags/example_dataset_alias.py took 0.115 seconds
