[2024-10-03T11:19:31.418+0000] {processor.py:186} INFO - Started process (PID=372) to work on /home/airflow/.local/lib/python3.12/site-packages/airflow/example_dags/example_outlet_event_extra.py
[2024-10-03T11:19:31.419+0000] {processor.py:914} INFO - Processing file /home/airflow/.local/lib/python3.12/site-packages/airflow/example_dags/example_outlet_event_extra.py for tasks to queue
[2024-10-03T11:19:31.421+0000] {logging_mixin.py:190} INFO - [2024-10-03T11:19:31.420+0000] {dagbag.py:588} INFO - Filling up the DagBag from /home/airflow/.local/lib/python3.12/site-packages/airflow/example_dags/example_outlet_event_extra.py
[2024-10-03T11:19:31.489+0000] {processor.py:925} INFO - DAG(s) 'dataset_with_extra_by_yield', 'dataset_with_extra_by_context', 'dataset_with_extra_from_classic_operator' retrieved from /home/airflow/.local/lib/python3.12/site-packages/airflow/example_dags/example_outlet_event_extra.py
[2024-10-03T11:19:31.539+0000] {logging_mixin.py:190} INFO - [2024-10-03T11:19:31.538+0000] {override.py:1900} INFO - Created Permission View: can delete on DAG:dataset_with_extra_by_yield
[2024-10-03T11:19:31.545+0000] {logging_mixin.py:190} INFO - [2024-10-03T11:19:31.545+0000] {override.py:1900} INFO - Created Permission View: can read on DAG:dataset_with_extra_by_yield
[2024-10-03T11:19:31.548+0000] {logging_mixin.py:190} INFO - [2024-10-03T11:19:31.548+0000] {override.py:1900} INFO - Created Permission View: can edit on DAG:dataset_with_extra_by_yield
[2024-10-03T11:19:31.551+0000] {logging_mixin.py:190} INFO - [2024-10-03T11:19:31.551+0000] {override.py:1900} INFO - Created Permission View: can read on DAG Run:dataset_with_extra_by_yield
[2024-10-03T11:19:31.554+0000] {logging_mixin.py:190} INFO - [2024-10-03T11:19:31.554+0000] {override.py:1900} INFO - Created Permission View: can create on DAG Run:dataset_with_extra_by_yield
[2024-10-03T11:19:31.557+0000] {logging_mixin.py:190} INFO - [2024-10-03T11:19:31.557+0000] {override.py:1900} INFO - Created Permission View: menu access on DAG Run:dataset_with_extra_by_yield
[2024-10-03T11:19:31.559+0000] {logging_mixin.py:190} INFO - [2024-10-03T11:19:31.559+0000] {override.py:1900} INFO - Created Permission View: can delete on DAG Run:dataset_with_extra_by_yield
[2024-10-03T11:19:31.567+0000] {logging_mixin.py:190} INFO - [2024-10-03T11:19:31.567+0000] {override.py:1900} INFO - Created Permission View: can delete on DAG:dataset_with_extra_by_context
[2024-10-03T11:19:31.570+0000] {logging_mixin.py:190} INFO - [2024-10-03T11:19:31.570+0000] {override.py:1900} INFO - Created Permission View: can read on DAG:dataset_with_extra_by_context
[2024-10-03T11:19:31.572+0000] {logging_mixin.py:190} INFO - [2024-10-03T11:19:31.572+0000] {override.py:1900} INFO - Created Permission View: can edit on DAG:dataset_with_extra_by_context
[2024-10-03T11:19:31.575+0000] {logging_mixin.py:190} INFO - [2024-10-03T11:19:31.575+0000] {override.py:1900} INFO - Created Permission View: can read on DAG Run:dataset_with_extra_by_context
[2024-10-03T11:19:31.578+0000] {logging_mixin.py:190} INFO - [2024-10-03T11:19:31.578+0000] {override.py:1900} INFO - Created Permission View: can create on DAG Run:dataset_with_extra_by_context
[2024-10-03T11:19:31.580+0000] {logging_mixin.py:190} INFO - [2024-10-03T11:19:31.580+0000] {override.py:1900} INFO - Created Permission View: menu access on DAG Run:dataset_with_extra_by_context
[2024-10-03T11:19:31.583+0000] {logging_mixin.py:190} INFO - [2024-10-03T11:19:31.583+0000] {override.py:1900} INFO - Created Permission View: can delete on DAG Run:dataset_with_extra_by_context
[2024-10-03T11:19:31.589+0000] {logging_mixin.py:190} INFO - [2024-10-03T11:19:31.588+0000] {override.py:1900} INFO - Created Permission View: can delete on DAG:dataset_with_extra_from_classic_operator
[2024-10-03T11:19:31.592+0000] {logging_mixin.py:190} INFO - [2024-10-03T11:19:31.592+0000] {override.py:1900} INFO - Created Permission View: can read on DAG:dataset_with_extra_from_classic_operator
[2024-10-03T11:19:31.594+0000] {logging_mixin.py:190} INFO - [2024-10-03T11:19:31.594+0000] {override.py:1900} INFO - Created Permission View: can edit on DAG:dataset_with_extra_from_classic_operator
[2024-10-03T11:19:31.598+0000] {logging_mixin.py:190} INFO - [2024-10-03T11:19:31.598+0000] {override.py:1900} INFO - Created Permission View: can read on DAG Run:dataset_with_extra_from_classic_operator
[2024-10-03T11:19:31.601+0000] {logging_mixin.py:190} INFO - [2024-10-03T11:19:31.601+0000] {override.py:1900} INFO - Created Permission View: can create on DAG Run:dataset_with_extra_from_classic_operator
[2024-10-03T11:19:31.604+0000] {logging_mixin.py:190} INFO - [2024-10-03T11:19:31.604+0000] {override.py:1900} INFO - Created Permission View: menu access on DAG Run:dataset_with_extra_from_classic_operator
[2024-10-03T11:19:31.607+0000] {logging_mixin.py:190} INFO - [2024-10-03T11:19:31.607+0000] {override.py:1900} INFO - Created Permission View: can delete on DAG Run:dataset_with_extra_from_classic_operator
[2024-10-03T11:19:31.608+0000] {logging_mixin.py:190} INFO - [2024-10-03T11:19:31.608+0000] {dag.py:3239} INFO - Sync 3 DAGs
[2024-10-03T11:19:31.614+0000] {logging_mixin.py:190} INFO - [2024-10-03T11:19:31.614+0000] {dag.py:3262} INFO - Creating ORM DAG for dataset_with_extra_by_context
[2024-10-03T11:19:31.614+0000] {logging_mixin.py:190} INFO - [2024-10-03T11:19:31.614+0000] {dag.py:3262} INFO - Creating ORM DAG for dataset_with_extra_from_classic_operator
[2024-10-03T11:19:31.615+0000] {logging_mixin.py:190} INFO - [2024-10-03T11:19:31.615+0000] {dag.py:3262} INFO - Creating ORM DAG for dataset_with_extra_by_yield
[2024-10-03T11:19:31.620+0000] {logging_mixin.py:190} INFO - [2024-10-03T11:19:31.620+0000] {dag.py:4180} INFO - Setting next_dagrun for dataset_with_extra_by_context to 2024-10-02 00:00:00+00:00, run_after=2024-10-03 00:00:00+00:00
[2024-10-03T11:19:31.621+0000] {logging_mixin.py:190} INFO - [2024-10-03T11:19:31.621+0000] {dag.py:4180} INFO - Setting next_dagrun for dataset_with_extra_by_yield to 2024-10-02 00:00:00+00:00, run_after=2024-10-03 00:00:00+00:00
[2024-10-03T11:19:31.622+0000] {logging_mixin.py:190} INFO - [2024-10-03T11:19:31.622+0000] {dag.py:4180} INFO - Setting next_dagrun for dataset_with_extra_from_classic_operator to 2024-10-02 00:00:00+00:00, run_after=2024-10-03 00:00:00+00:00
[2024-10-03T11:19:31.634+0000] {processor.py:208} INFO - Processing /home/airflow/.local/lib/python3.12/site-packages/airflow/example_dags/example_outlet_event_extra.py took 0.219 seconds
[2024-10-03T11:20:02.058+0000] {processor.py:186} INFO - Started process (PID=660) to work on /home/airflow/.local/lib/python3.12/site-packages/airflow/example_dags/example_outlet_event_extra.py
[2024-10-03T11:20:02.059+0000] {processor.py:914} INFO - Processing file /home/airflow/.local/lib/python3.12/site-packages/airflow/example_dags/example_outlet_event_extra.py for tasks to queue
[2024-10-03T11:20:02.060+0000] {logging_mixin.py:190} INFO - [2024-10-03T11:20:02.060+0000] {dagbag.py:588} INFO - Filling up the DagBag from /home/airflow/.local/lib/python3.12/site-packages/airflow/example_dags/example_outlet_event_extra.py
[2024-10-03T11:20:02.125+0000] {processor.py:925} INFO - DAG(s) 'dataset_with_extra_from_classic_operator', 'dataset_with_extra_by_context', 'dataset_with_extra_by_yield' retrieved from /home/airflow/.local/lib/python3.12/site-packages/airflow/example_dags/example_outlet_event_extra.py
[2024-10-03T11:20:02.139+0000] {logging_mixin.py:190} INFO - [2024-10-03T11:20:02.139+0000] {dag.py:3239} INFO - Sync 3 DAGs
[2024-10-03T11:20:02.153+0000] {logging_mixin.py:190} INFO - [2024-10-03T11:20:02.153+0000] {dag.py:4180} INFO - Setting next_dagrun for dataset_with_extra_by_context to 2024-10-02 00:00:00+00:00, run_after=2024-10-03 00:00:00+00:00
[2024-10-03T11:20:02.155+0000] {logging_mixin.py:190} INFO - [2024-10-03T11:20:02.155+0000] {dag.py:4180} INFO - Setting next_dagrun for dataset_with_extra_by_yield to 2024-10-02 00:00:00+00:00, run_after=2024-10-03 00:00:00+00:00
[2024-10-03T11:20:02.156+0000] {logging_mixin.py:190} INFO - [2024-10-03T11:20:02.156+0000] {dag.py:4180} INFO - Setting next_dagrun for dataset_with_extra_from_classic_operator to 2024-10-02 00:00:00+00:00, run_after=2024-10-03 00:00:00+00:00
[2024-10-03T11:20:02.168+0000] {processor.py:208} INFO - Processing /home/airflow/.local/lib/python3.12/site-packages/airflow/example_dags/example_outlet_event_extra.py took 0.114 seconds
[2024-10-03T11:20:32.470+0000] {processor.py:186} INFO - Started process (PID=946) to work on /home/airflow/.local/lib/python3.12/site-packages/airflow/example_dags/example_outlet_event_extra.py
[2024-10-03T11:20:32.471+0000] {processor.py:914} INFO - Processing file /home/airflow/.local/lib/python3.12/site-packages/airflow/example_dags/example_outlet_event_extra.py for tasks to queue
[2024-10-03T11:20:32.472+0000] {logging_mixin.py:190} INFO - [2024-10-03T11:20:32.472+0000] {dagbag.py:588} INFO - Filling up the DagBag from /home/airflow/.local/lib/python3.12/site-packages/airflow/example_dags/example_outlet_event_extra.py
[2024-10-03T11:20:32.537+0000] {processor.py:925} INFO - DAG(s) 'dataset_with_extra_by_context', 'dataset_with_extra_by_yield', 'dataset_with_extra_from_classic_operator' retrieved from /home/airflow/.local/lib/python3.12/site-packages/airflow/example_dags/example_outlet_event_extra.py
[2024-10-03T11:20:32.552+0000] {logging_mixin.py:190} INFO - [2024-10-03T11:20:32.551+0000] {dag.py:3239} INFO - Sync 3 DAGs
[2024-10-03T11:20:32.563+0000] {logging_mixin.py:190} INFO - [2024-10-03T11:20:32.563+0000] {dag.py:4180} INFO - Setting next_dagrun for dataset_with_extra_by_context to 2024-10-02 00:00:00+00:00, run_after=2024-10-03 00:00:00+00:00
[2024-10-03T11:20:32.566+0000] {logging_mixin.py:190} INFO - [2024-10-03T11:20:32.566+0000] {dag.py:4180} INFO - Setting next_dagrun for dataset_with_extra_by_yield to 2024-10-02 00:00:00+00:00, run_after=2024-10-03 00:00:00+00:00
[2024-10-03T11:20:32.567+0000] {logging_mixin.py:190} INFO - [2024-10-03T11:20:32.567+0000] {dag.py:4180} INFO - Setting next_dagrun for dataset_with_extra_from_classic_operator to 2024-10-02 00:00:00+00:00, run_after=2024-10-03 00:00:00+00:00
[2024-10-03T11:20:32.578+0000] {processor.py:208} INFO - Processing /home/airflow/.local/lib/python3.12/site-packages/airflow/example_dags/example_outlet_event_extra.py took 0.111 seconds
[2024-10-03T11:21:02.888+0000] {processor.py:186} INFO - Started process (PID=1232) to work on /home/airflow/.local/lib/python3.12/site-packages/airflow/example_dags/example_outlet_event_extra.py
[2024-10-03T11:21:02.889+0000] {processor.py:914} INFO - Processing file /home/airflow/.local/lib/python3.12/site-packages/airflow/example_dags/example_outlet_event_extra.py for tasks to queue
[2024-10-03T11:21:02.890+0000] {logging_mixin.py:190} INFO - [2024-10-03T11:21:02.890+0000] {dagbag.py:588} INFO - Filling up the DagBag from /home/airflow/.local/lib/python3.12/site-packages/airflow/example_dags/example_outlet_event_extra.py
[2024-10-03T11:21:02.951+0000] {processor.py:925} INFO - DAG(s) 'dataset_with_extra_by_yield', 'dataset_with_extra_from_classic_operator', 'dataset_with_extra_by_context' retrieved from /home/airflow/.local/lib/python3.12/site-packages/airflow/example_dags/example_outlet_event_extra.py
[2024-10-03T11:21:02.964+0000] {logging_mixin.py:190} INFO - [2024-10-03T11:21:02.964+0000] {dag.py:3239} INFO - Sync 3 DAGs
[2024-10-03T11:21:02.976+0000] {logging_mixin.py:190} INFO - [2024-10-03T11:21:02.976+0000] {dag.py:4180} INFO - Setting next_dagrun for dataset_with_extra_by_context to 2024-10-02 00:00:00+00:00, run_after=2024-10-03 00:00:00+00:00
[2024-10-03T11:21:02.978+0000] {logging_mixin.py:190} INFO - [2024-10-03T11:21:02.978+0000] {dag.py:4180} INFO - Setting next_dagrun for dataset_with_extra_by_yield to 2024-10-02 00:00:00+00:00, run_after=2024-10-03 00:00:00+00:00
[2024-10-03T11:21:02.979+0000] {logging_mixin.py:190} INFO - [2024-10-03T11:21:02.979+0000] {dag.py:4180} INFO - Setting next_dagrun for dataset_with_extra_from_classic_operator to 2024-10-02 00:00:00+00:00, run_after=2024-10-03 00:00:00+00:00
[2024-10-03T11:21:02.988+0000] {processor.py:208} INFO - Processing /home/airflow/.local/lib/python3.12/site-packages/airflow/example_dags/example_outlet_event_extra.py took 0.104 seconds
[2024-10-03T11:21:33.385+0000] {processor.py:186} INFO - Started process (PID=1518) to work on /home/airflow/.local/lib/python3.12/site-packages/airflow/example_dags/example_outlet_event_extra.py
[2024-10-03T11:21:33.385+0000] {processor.py:914} INFO - Processing file /home/airflow/.local/lib/python3.12/site-packages/airflow/example_dags/example_outlet_event_extra.py for tasks to queue
[2024-10-03T11:21:33.387+0000] {logging_mixin.py:190} INFO - [2024-10-03T11:21:33.387+0000] {dagbag.py:588} INFO - Filling up the DagBag from /home/airflow/.local/lib/python3.12/site-packages/airflow/example_dags/example_outlet_event_extra.py
[2024-10-03T11:21:33.457+0000] {processor.py:925} INFO - DAG(s) 'dataset_with_extra_from_classic_operator', 'dataset_with_extra_by_yield', 'dataset_with_extra_by_context' retrieved from /home/airflow/.local/lib/python3.12/site-packages/airflow/example_dags/example_outlet_event_extra.py
[2024-10-03T11:21:33.473+0000] {logging_mixin.py:190} INFO - [2024-10-03T11:21:33.473+0000] {dag.py:3239} INFO - Sync 3 DAGs
[2024-10-03T11:21:33.486+0000] {logging_mixin.py:190} INFO - [2024-10-03T11:21:33.486+0000] {dag.py:4180} INFO - Setting next_dagrun for dataset_with_extra_by_context to 2024-10-02 00:00:00+00:00, run_after=2024-10-03 00:00:00+00:00
[2024-10-03T11:21:33.488+0000] {logging_mixin.py:190} INFO - [2024-10-03T11:21:33.488+0000] {dag.py:4180} INFO - Setting next_dagrun for dataset_with_extra_by_yield to 2024-10-02 00:00:00+00:00, run_after=2024-10-03 00:00:00+00:00
[2024-10-03T11:21:33.490+0000] {logging_mixin.py:190} INFO - [2024-10-03T11:21:33.490+0000] {dag.py:4180} INFO - Setting next_dagrun for dataset_with_extra_from_classic_operator to 2024-10-02 00:00:00+00:00, run_after=2024-10-03 00:00:00+00:00
[2024-10-03T11:21:33.500+0000] {processor.py:208} INFO - Processing /home/airflow/.local/lib/python3.12/site-packages/airflow/example_dags/example_outlet_event_extra.py took 0.119 seconds
[2024-10-03T11:22:03.817+0000] {processor.py:186} INFO - Started process (PID=1804) to work on /home/airflow/.local/lib/python3.12/site-packages/airflow/example_dags/example_outlet_event_extra.py
[2024-10-03T11:22:03.818+0000] {processor.py:914} INFO - Processing file /home/airflow/.local/lib/python3.12/site-packages/airflow/example_dags/example_outlet_event_extra.py for tasks to queue
[2024-10-03T11:22:03.819+0000] {logging_mixin.py:190} INFO - [2024-10-03T11:22:03.819+0000] {dagbag.py:588} INFO - Filling up the DagBag from /home/airflow/.local/lib/python3.12/site-packages/airflow/example_dags/example_outlet_event_extra.py
[2024-10-03T11:22:03.876+0000] {processor.py:925} INFO - DAG(s) 'dataset_with_extra_from_classic_operator', 'dataset_with_extra_by_yield', 'dataset_with_extra_by_context' retrieved from /home/airflow/.local/lib/python3.12/site-packages/airflow/example_dags/example_outlet_event_extra.py
[2024-10-03T11:22:03.889+0000] {logging_mixin.py:190} INFO - [2024-10-03T11:22:03.888+0000] {dag.py:3239} INFO - Sync 3 DAGs
[2024-10-03T11:22:03.900+0000] {logging_mixin.py:190} INFO - [2024-10-03T11:22:03.899+0000] {dag.py:4180} INFO - Setting next_dagrun for dataset_with_extra_by_context to 2024-10-02 00:00:00+00:00, run_after=2024-10-03 00:00:00+00:00
[2024-10-03T11:22:03.902+0000] {logging_mixin.py:190} INFO - [2024-10-03T11:22:03.901+0000] {dag.py:4180} INFO - Setting next_dagrun for dataset_with_extra_by_yield to 2024-10-02 00:00:00+00:00, run_after=2024-10-03 00:00:00+00:00
[2024-10-03T11:22:03.902+0000] {logging_mixin.py:190} INFO - [2024-10-03T11:22:03.902+0000] {dag.py:4180} INFO - Setting next_dagrun for dataset_with_extra_from_classic_operator to 2024-10-02 00:00:00+00:00, run_after=2024-10-03 00:00:00+00:00
[2024-10-03T11:22:03.911+0000] {processor.py:208} INFO - Processing /home/airflow/.local/lib/python3.12/site-packages/airflow/example_dags/example_outlet_event_extra.py took 0.097 seconds
[2024-10-03T11:22:34.360+0000] {processor.py:186} INFO - Started process (PID=2090) to work on /home/airflow/.local/lib/python3.12/site-packages/airflow/example_dags/example_outlet_event_extra.py
[2024-10-03T11:22:34.361+0000] {processor.py:914} INFO - Processing file /home/airflow/.local/lib/python3.12/site-packages/airflow/example_dags/example_outlet_event_extra.py for tasks to queue
[2024-10-03T11:22:34.363+0000] {logging_mixin.py:190} INFO - [2024-10-03T11:22:34.363+0000] {dagbag.py:588} INFO - Filling up the DagBag from /home/airflow/.local/lib/python3.12/site-packages/airflow/example_dags/example_outlet_event_extra.py
[2024-10-03T11:22:34.438+0000] {processor.py:925} INFO - DAG(s) 'dataset_with_extra_from_classic_operator', 'dataset_with_extra_by_yield', 'dataset_with_extra_by_context' retrieved from /home/airflow/.local/lib/python3.12/site-packages/airflow/example_dags/example_outlet_event_extra.py
[2024-10-03T11:22:34.455+0000] {logging_mixin.py:190} INFO - [2024-10-03T11:22:34.455+0000] {dag.py:3239} INFO - Sync 3 DAGs
[2024-10-03T11:22:34.468+0000] {logging_mixin.py:190} INFO - [2024-10-03T11:22:34.468+0000] {dag.py:4180} INFO - Setting next_dagrun for dataset_with_extra_by_context to 2024-10-02 00:00:00+00:00, run_after=2024-10-03 00:00:00+00:00
[2024-10-03T11:22:34.471+0000] {logging_mixin.py:190} INFO - [2024-10-03T11:22:34.471+0000] {dag.py:4180} INFO - Setting next_dagrun for dataset_with_extra_by_yield to 2024-10-02 00:00:00+00:00, run_after=2024-10-03 00:00:00+00:00
[2024-10-03T11:22:34.473+0000] {logging_mixin.py:190} INFO - [2024-10-03T11:22:34.473+0000] {dag.py:4180} INFO - Setting next_dagrun for dataset_with_extra_from_classic_operator to 2024-10-02 00:00:00+00:00, run_after=2024-10-03 00:00:00+00:00
[2024-10-03T11:22:34.485+0000] {processor.py:208} INFO - Processing /home/airflow/.local/lib/python3.12/site-packages/airflow/example_dags/example_outlet_event_extra.py took 0.129 seconds
[2024-10-03T11:23:04.941+0000] {processor.py:186} INFO - Started process (PID=2376) to work on /home/airflow/.local/lib/python3.12/site-packages/airflow/example_dags/example_outlet_event_extra.py
[2024-10-03T11:23:04.941+0000] {processor.py:914} INFO - Processing file /home/airflow/.local/lib/python3.12/site-packages/airflow/example_dags/example_outlet_event_extra.py for tasks to queue
[2024-10-03T11:23:04.943+0000] {logging_mixin.py:190} INFO - [2024-10-03T11:23:04.943+0000] {dagbag.py:588} INFO - Filling up the DagBag from /home/airflow/.local/lib/python3.12/site-packages/airflow/example_dags/example_outlet_event_extra.py
[2024-10-03T11:23:05.005+0000] {processor.py:925} INFO - DAG(s) 'dataset_with_extra_by_context', 'dataset_with_extra_by_yield', 'dataset_with_extra_from_classic_operator' retrieved from /home/airflow/.local/lib/python3.12/site-packages/airflow/example_dags/example_outlet_event_extra.py
[2024-10-03T11:23:05.018+0000] {logging_mixin.py:190} INFO - [2024-10-03T11:23:05.018+0000] {dag.py:3239} INFO - Sync 3 DAGs
[2024-10-03T11:23:05.031+0000] {logging_mixin.py:190} INFO - [2024-10-03T11:23:05.031+0000] {dag.py:4180} INFO - Setting next_dagrun for dataset_with_extra_by_context to 2024-10-02 00:00:00+00:00, run_after=2024-10-03 00:00:00+00:00
[2024-10-03T11:23:05.033+0000] {logging_mixin.py:190} INFO - [2024-10-03T11:23:05.033+0000] {dag.py:4180} INFO - Setting next_dagrun for dataset_with_extra_by_yield to 2024-10-02 00:00:00+00:00, run_after=2024-10-03 00:00:00+00:00
[2024-10-03T11:23:05.034+0000] {logging_mixin.py:190} INFO - [2024-10-03T11:23:05.034+0000] {dag.py:4180} INFO - Setting next_dagrun for dataset_with_extra_from_classic_operator to 2024-10-02 00:00:00+00:00, run_after=2024-10-03 00:00:00+00:00
[2024-10-03T11:23:05.044+0000] {processor.py:208} INFO - Processing /home/airflow/.local/lib/python3.12/site-packages/airflow/example_dags/example_outlet_event_extra.py took 0.107 seconds
[2024-10-03T11:23:35.162+0000] {processor.py:186} INFO - Started process (PID=2662) to work on /home/airflow/.local/lib/python3.12/site-packages/airflow/example_dags/example_outlet_event_extra.py
[2024-10-03T11:23:35.163+0000] {processor.py:914} INFO - Processing file /home/airflow/.local/lib/python3.12/site-packages/airflow/example_dags/example_outlet_event_extra.py for tasks to queue
[2024-10-03T11:23:35.164+0000] {logging_mixin.py:190} INFO - [2024-10-03T11:23:35.164+0000] {dagbag.py:588} INFO - Filling up the DagBag from /home/airflow/.local/lib/python3.12/site-packages/airflow/example_dags/example_outlet_event_extra.py
[2024-10-03T11:23:35.222+0000] {processor.py:925} INFO - DAG(s) 'dataset_with_extra_by_yield', 'dataset_with_extra_from_classic_operator', 'dataset_with_extra_by_context' retrieved from /home/airflow/.local/lib/python3.12/site-packages/airflow/example_dags/example_outlet_event_extra.py
[2024-10-03T11:23:35.236+0000] {logging_mixin.py:190} INFO - [2024-10-03T11:23:35.236+0000] {dag.py:3239} INFO - Sync 3 DAGs
[2024-10-03T11:23:35.248+0000] {logging_mixin.py:190} INFO - [2024-10-03T11:23:35.248+0000] {dag.py:4180} INFO - Setting next_dagrun for dataset_with_extra_by_context to 2024-10-02 00:00:00+00:00, run_after=2024-10-03 00:00:00+00:00
[2024-10-03T11:23:35.250+0000] {logging_mixin.py:190} INFO - [2024-10-03T11:23:35.250+0000] {dag.py:4180} INFO - Setting next_dagrun for dataset_with_extra_by_yield to 2024-10-02 00:00:00+00:00, run_after=2024-10-03 00:00:00+00:00
[2024-10-03T11:23:35.251+0000] {logging_mixin.py:190} INFO - [2024-10-03T11:23:35.251+0000] {dag.py:4180} INFO - Setting next_dagrun for dataset_with_extra_from_classic_operator to 2024-10-02 00:00:00+00:00, run_after=2024-10-03 00:00:00+00:00
[2024-10-03T11:23:35.260+0000] {processor.py:208} INFO - Processing /home/airflow/.local/lib/python3.12/site-packages/airflow/example_dags/example_outlet_event_extra.py took 0.101 seconds
[2024-10-03T11:24:05.542+0000] {processor.py:186} INFO - Started process (PID=2948) to work on /home/airflow/.local/lib/python3.12/site-packages/airflow/example_dags/example_outlet_event_extra.py
[2024-10-03T11:24:05.543+0000] {processor.py:914} INFO - Processing file /home/airflow/.local/lib/python3.12/site-packages/airflow/example_dags/example_outlet_event_extra.py for tasks to queue
[2024-10-03T11:24:05.544+0000] {logging_mixin.py:190} INFO - [2024-10-03T11:24:05.544+0000] {dagbag.py:588} INFO - Filling up the DagBag from /home/airflow/.local/lib/python3.12/site-packages/airflow/example_dags/example_outlet_event_extra.py
[2024-10-03T11:24:05.601+0000] {processor.py:925} INFO - DAG(s) 'dataset_with_extra_by_yield', 'dataset_with_extra_by_context', 'dataset_with_extra_from_classic_operator' retrieved from /home/airflow/.local/lib/python3.12/site-packages/airflow/example_dags/example_outlet_event_extra.py
[2024-10-03T11:24:05.617+0000] {logging_mixin.py:190} INFO - [2024-10-03T11:24:05.617+0000] {dag.py:3239} INFO - Sync 3 DAGs
[2024-10-03T11:24:05.629+0000] {logging_mixin.py:190} INFO - [2024-10-03T11:24:05.629+0000] {dag.py:4180} INFO - Setting next_dagrun for dataset_with_extra_by_context to 2024-10-02 00:00:00+00:00, run_after=2024-10-03 00:00:00+00:00
[2024-10-03T11:24:05.632+0000] {logging_mixin.py:190} INFO - [2024-10-03T11:24:05.631+0000] {dag.py:4180} INFO - Setting next_dagrun for dataset_with_extra_by_yield to 2024-10-02 00:00:00+00:00, run_after=2024-10-03 00:00:00+00:00
[2024-10-03T11:24:05.633+0000] {logging_mixin.py:190} INFO - [2024-10-03T11:24:05.633+0000] {dag.py:4180} INFO - Setting next_dagrun for dataset_with_extra_from_classic_operator to 2024-10-02 00:00:00+00:00, run_after=2024-10-03 00:00:00+00:00
[2024-10-03T11:24:05.642+0000] {processor.py:208} INFO - Processing /home/airflow/.local/lib/python3.12/site-packages/airflow/example_dags/example_outlet_event_extra.py took 0.104 seconds
[2024-10-03T11:24:36.145+0000] {processor.py:186} INFO - Started process (PID=3234) to work on /home/airflow/.local/lib/python3.12/site-packages/airflow/example_dags/example_outlet_event_extra.py
[2024-10-03T11:24:36.146+0000] {processor.py:914} INFO - Processing file /home/airflow/.local/lib/python3.12/site-packages/airflow/example_dags/example_outlet_event_extra.py for tasks to queue
[2024-10-03T11:24:36.148+0000] {logging_mixin.py:190} INFO - [2024-10-03T11:24:36.147+0000] {dagbag.py:588} INFO - Filling up the DagBag from /home/airflow/.local/lib/python3.12/site-packages/airflow/example_dags/example_outlet_event_extra.py
[2024-10-03T11:24:36.211+0000] {processor.py:925} INFO - DAG(s) 'dataset_with_extra_from_classic_operator', 'dataset_with_extra_by_yield', 'dataset_with_extra_by_context' retrieved from /home/airflow/.local/lib/python3.12/site-packages/airflow/example_dags/example_outlet_event_extra.py
[2024-10-03T11:24:36.226+0000] {logging_mixin.py:190} INFO - [2024-10-03T11:24:36.226+0000] {dag.py:3239} INFO - Sync 3 DAGs
[2024-10-03T11:24:36.239+0000] {logging_mixin.py:190} INFO - [2024-10-03T11:24:36.239+0000] {dag.py:4180} INFO - Setting next_dagrun for dataset_with_extra_by_context to 2024-10-02 00:00:00+00:00, run_after=2024-10-03 00:00:00+00:00
[2024-10-03T11:24:36.241+0000] {logging_mixin.py:190} INFO - [2024-10-03T11:24:36.241+0000] {dag.py:4180} INFO - Setting next_dagrun for dataset_with_extra_by_yield to 2024-10-02 00:00:00+00:00, run_after=2024-10-03 00:00:00+00:00
[2024-10-03T11:24:36.243+0000] {logging_mixin.py:190} INFO - [2024-10-03T11:24:36.243+0000] {dag.py:4180} INFO - Setting next_dagrun for dataset_with_extra_from_classic_operator to 2024-10-02 00:00:00+00:00, run_after=2024-10-03 00:00:00+00:00
[2024-10-03T11:24:36.253+0000] {processor.py:208} INFO - Processing /home/airflow/.local/lib/python3.12/site-packages/airflow/example_dags/example_outlet_event_extra.py took 0.112 seconds
[2024-10-03T11:25:06.664+0000] {processor.py:186} INFO - Started process (PID=3520) to work on /home/airflow/.local/lib/python3.12/site-packages/airflow/example_dags/example_outlet_event_extra.py
[2024-10-03T11:25:06.664+0000] {processor.py:914} INFO - Processing file /home/airflow/.local/lib/python3.12/site-packages/airflow/example_dags/example_outlet_event_extra.py for tasks to queue
[2024-10-03T11:25:06.665+0000] {logging_mixin.py:190} INFO - [2024-10-03T11:25:06.665+0000] {dagbag.py:588} INFO - Filling up the DagBag from /home/airflow/.local/lib/python3.12/site-packages/airflow/example_dags/example_outlet_event_extra.py
[2024-10-03T11:25:06.726+0000] {processor.py:925} INFO - DAG(s) 'dataset_with_extra_by_yield', 'dataset_with_extra_by_context', 'dataset_with_extra_from_classic_operator' retrieved from /home/airflow/.local/lib/python3.12/site-packages/airflow/example_dags/example_outlet_event_extra.py
[2024-10-03T11:25:06.739+0000] {logging_mixin.py:190} INFO - [2024-10-03T11:25:06.739+0000] {dag.py:3239} INFO - Sync 3 DAGs
[2024-10-03T11:25:06.751+0000] {logging_mixin.py:190} INFO - [2024-10-03T11:25:06.751+0000] {dag.py:4180} INFO - Setting next_dagrun for dataset_with_extra_by_context to 2024-10-02 00:00:00+00:00, run_after=2024-10-03 00:00:00+00:00
[2024-10-03T11:25:06.753+0000] {logging_mixin.py:190} INFO - [2024-10-03T11:25:06.753+0000] {dag.py:4180} INFO - Setting next_dagrun for dataset_with_extra_by_yield to 2024-10-02 00:00:00+00:00, run_after=2024-10-03 00:00:00+00:00
[2024-10-03T11:25:06.754+0000] {logging_mixin.py:190} INFO - [2024-10-03T11:25:06.754+0000] {dag.py:4180} INFO - Setting next_dagrun for dataset_with_extra_from_classic_operator to 2024-10-02 00:00:00+00:00, run_after=2024-10-03 00:00:00+00:00
[2024-10-03T11:25:06.762+0000] {processor.py:208} INFO - Processing /home/airflow/.local/lib/python3.12/site-packages/airflow/example_dags/example_outlet_event_extra.py took 0.102 seconds
[2024-10-03T11:25:37.183+0000] {processor.py:186} INFO - Started process (PID=3806) to work on /home/airflow/.local/lib/python3.12/site-packages/airflow/example_dags/example_outlet_event_extra.py
[2024-10-03T11:25:37.184+0000] {processor.py:914} INFO - Processing file /home/airflow/.local/lib/python3.12/site-packages/airflow/example_dags/example_outlet_event_extra.py for tasks to queue
[2024-10-03T11:25:37.186+0000] {logging_mixin.py:190} INFO - [2024-10-03T11:25:37.185+0000] {dagbag.py:588} INFO - Filling up the DagBag from /home/airflow/.local/lib/python3.12/site-packages/airflow/example_dags/example_outlet_event_extra.py
[2024-10-03T11:25:37.260+0000] {processor.py:925} INFO - DAG(s) 'dataset_with_extra_from_classic_operator', 'dataset_with_extra_by_context', 'dataset_with_extra_by_yield' retrieved from /home/airflow/.local/lib/python3.12/site-packages/airflow/example_dags/example_outlet_event_extra.py
[2024-10-03T11:25:37.276+0000] {logging_mixin.py:190} INFO - [2024-10-03T11:25:37.276+0000] {dag.py:3239} INFO - Sync 3 DAGs
[2024-10-03T11:25:37.290+0000] {logging_mixin.py:190} INFO - [2024-10-03T11:25:37.290+0000] {dag.py:4180} INFO - Setting next_dagrun for dataset_with_extra_by_context to 2024-10-02 00:00:00+00:00, run_after=2024-10-03 00:00:00+00:00
[2024-10-03T11:25:37.293+0000] {logging_mixin.py:190} INFO - [2024-10-03T11:25:37.293+0000] {dag.py:4180} INFO - Setting next_dagrun for dataset_with_extra_by_yield to 2024-10-02 00:00:00+00:00, run_after=2024-10-03 00:00:00+00:00
[2024-10-03T11:25:37.295+0000] {logging_mixin.py:190} INFO - [2024-10-03T11:25:37.295+0000] {dag.py:4180} INFO - Setting next_dagrun for dataset_with_extra_from_classic_operator to 2024-10-02 00:00:00+00:00, run_after=2024-10-03 00:00:00+00:00
[2024-10-03T11:25:37.307+0000] {processor.py:208} INFO - Processing /home/airflow/.local/lib/python3.12/site-packages/airflow/example_dags/example_outlet_event_extra.py took 0.128 seconds
[2024-10-03T11:26:07.675+0000] {processor.py:186} INFO - Started process (PID=4096) to work on /home/airflow/.local/lib/python3.12/site-packages/airflow/example_dags/example_outlet_event_extra.py
[2024-10-03T11:26:07.676+0000] {processor.py:914} INFO - Processing file /home/airflow/.local/lib/python3.12/site-packages/airflow/example_dags/example_outlet_event_extra.py for tasks to queue
[2024-10-03T11:26:07.677+0000] {logging_mixin.py:190} INFO - [2024-10-03T11:26:07.677+0000] {dagbag.py:588} INFO - Filling up the DagBag from /home/airflow/.local/lib/python3.12/site-packages/airflow/example_dags/example_outlet_event_extra.py
[2024-10-03T11:26:07.759+0000] {processor.py:925} INFO - DAG(s) 'dataset_with_extra_from_classic_operator', 'dataset_with_extra_by_context', 'dataset_with_extra_by_yield' retrieved from /home/airflow/.local/lib/python3.12/site-packages/airflow/example_dags/example_outlet_event_extra.py
[2024-10-03T11:26:07.775+0000] {logging_mixin.py:190} INFO - [2024-10-03T11:26:07.775+0000] {dag.py:3239} INFO - Sync 3 DAGs
[2024-10-03T11:26:07.793+0000] {logging_mixin.py:190} INFO - [2024-10-03T11:26:07.793+0000] {dag.py:4180} INFO - Setting next_dagrun for dataset_with_extra_by_context to 2024-10-02 00:00:00+00:00, run_after=2024-10-03 00:00:00+00:00
[2024-10-03T11:26:07.796+0000] {logging_mixin.py:190} INFO - [2024-10-03T11:26:07.796+0000] {dag.py:4180} INFO - Setting next_dagrun for dataset_with_extra_by_yield to 2024-10-02 00:00:00+00:00, run_after=2024-10-03 00:00:00+00:00
[2024-10-03T11:26:07.798+0000] {logging_mixin.py:190} INFO - [2024-10-03T11:26:07.798+0000] {dag.py:4180} INFO - Setting next_dagrun for dataset_with_extra_from_classic_operator to 2024-10-02 00:00:00+00:00, run_after=2024-10-03 00:00:00+00:00
[2024-10-03T11:26:07.812+0000] {processor.py:208} INFO - Processing /home/airflow/.local/lib/python3.12/site-packages/airflow/example_dags/example_outlet_event_extra.py took 0.141 seconds
[2024-10-03T11:26:38.103+0000] {processor.py:186} INFO - Started process (PID=4387) to work on /home/airflow/.local/lib/python3.12/site-packages/airflow/example_dags/example_outlet_event_extra.py
[2024-10-03T11:26:38.104+0000] {processor.py:914} INFO - Processing file /home/airflow/.local/lib/python3.12/site-packages/airflow/example_dags/example_outlet_event_extra.py for tasks to queue
[2024-10-03T11:26:38.106+0000] {logging_mixin.py:190} INFO - [2024-10-03T11:26:38.105+0000] {dagbag.py:588} INFO - Filling up the DagBag from /home/airflow/.local/lib/python3.12/site-packages/airflow/example_dags/example_outlet_event_extra.py
[2024-10-03T11:26:38.165+0000] {processor.py:925} INFO - DAG(s) 'dataset_with_extra_from_classic_operator', 'dataset_with_extra_by_yield', 'dataset_with_extra_by_context' retrieved from /home/airflow/.local/lib/python3.12/site-packages/airflow/example_dags/example_outlet_event_extra.py
[2024-10-03T11:26:38.178+0000] {logging_mixin.py:190} INFO - [2024-10-03T11:26:38.178+0000] {dag.py:3239} INFO - Sync 3 DAGs
[2024-10-03T11:26:38.191+0000] {logging_mixin.py:190} INFO - [2024-10-03T11:26:38.190+0000] {dag.py:4180} INFO - Setting next_dagrun for dataset_with_extra_by_context to 2024-10-02 00:00:00+00:00, run_after=2024-10-03 00:00:00+00:00
[2024-10-03T11:26:38.193+0000] {logging_mixin.py:190} INFO - [2024-10-03T11:26:38.193+0000] {dag.py:4180} INFO - Setting next_dagrun for dataset_with_extra_by_yield to 2024-10-02 00:00:00+00:00, run_after=2024-10-03 00:00:00+00:00
[2024-10-03T11:26:38.194+0000] {logging_mixin.py:190} INFO - [2024-10-03T11:26:38.194+0000] {dag.py:4180} INFO - Setting next_dagrun for dataset_with_extra_from_classic_operator to 2024-10-02 00:00:00+00:00, run_after=2024-10-03 00:00:00+00:00
[2024-10-03T11:26:38.204+0000] {processor.py:208} INFO - Processing /home/airflow/.local/lib/python3.12/site-packages/airflow/example_dags/example_outlet_event_extra.py took 0.105 seconds
[2024-10-03T11:27:08.529+0000] {processor.py:186} INFO - Started process (PID=4673) to work on /home/airflow/.local/lib/python3.12/site-packages/airflow/example_dags/example_outlet_event_extra.py
[2024-10-03T11:27:08.529+0000] {processor.py:914} INFO - Processing file /home/airflow/.local/lib/python3.12/site-packages/airflow/example_dags/example_outlet_event_extra.py for tasks to queue
[2024-10-03T11:27:08.531+0000] {logging_mixin.py:190} INFO - [2024-10-03T11:27:08.531+0000] {dagbag.py:588} INFO - Filling up the DagBag from /home/airflow/.local/lib/python3.12/site-packages/airflow/example_dags/example_outlet_event_extra.py
[2024-10-03T11:27:08.588+0000] {processor.py:925} INFO - DAG(s) 'dataset_with_extra_from_classic_operator', 'dataset_with_extra_by_yield', 'dataset_with_extra_by_context' retrieved from /home/airflow/.local/lib/python3.12/site-packages/airflow/example_dags/example_outlet_event_extra.py
[2024-10-03T11:27:08.601+0000] {logging_mixin.py:190} INFO - [2024-10-03T11:27:08.600+0000] {dag.py:3239} INFO - Sync 3 DAGs
[2024-10-03T11:27:08.612+0000] {logging_mixin.py:190} INFO - [2024-10-03T11:27:08.612+0000] {dag.py:4180} INFO - Setting next_dagrun for dataset_with_extra_by_context to 2024-10-02 00:00:00+00:00, run_after=2024-10-03 00:00:00+00:00
[2024-10-03T11:27:08.614+0000] {logging_mixin.py:190} INFO - [2024-10-03T11:27:08.614+0000] {dag.py:4180} INFO - Setting next_dagrun for dataset_with_extra_by_yield to 2024-10-02 00:00:00+00:00, run_after=2024-10-03 00:00:00+00:00
[2024-10-03T11:27:08.615+0000] {logging_mixin.py:190} INFO - [2024-10-03T11:27:08.615+0000] {dag.py:4180} INFO - Setting next_dagrun for dataset_with_extra_from_classic_operator to 2024-10-02 00:00:00+00:00, run_after=2024-10-03 00:00:00+00:00
[2024-10-03T11:27:08.625+0000] {processor.py:208} INFO - Processing /home/airflow/.local/lib/python3.12/site-packages/airflow/example_dags/example_outlet_event_extra.py took 0.100 seconds
[2024-10-03T11:27:38.890+0000] {processor.py:186} INFO - Started process (PID=4959) to work on /home/airflow/.local/lib/python3.12/site-packages/airflow/example_dags/example_outlet_event_extra.py
[2024-10-03T11:27:38.890+0000] {processor.py:914} INFO - Processing file /home/airflow/.local/lib/python3.12/site-packages/airflow/example_dags/example_outlet_event_extra.py for tasks to queue
[2024-10-03T11:27:38.892+0000] {logging_mixin.py:190} INFO - [2024-10-03T11:27:38.892+0000] {dagbag.py:588} INFO - Filling up the DagBag from /home/airflow/.local/lib/python3.12/site-packages/airflow/example_dags/example_outlet_event_extra.py
[2024-10-03T11:27:38.952+0000] {processor.py:925} INFO - DAG(s) 'dataset_with_extra_by_yield', 'dataset_with_extra_from_classic_operator', 'dataset_with_extra_by_context' retrieved from /home/airflow/.local/lib/python3.12/site-packages/airflow/example_dags/example_outlet_event_extra.py
[2024-10-03T11:27:38.969+0000] {logging_mixin.py:190} INFO - [2024-10-03T11:27:38.968+0000] {dag.py:3239} INFO - Sync 3 DAGs
[2024-10-03T11:27:38.982+0000] {logging_mixin.py:190} INFO - [2024-10-03T11:27:38.981+0000] {dag.py:4180} INFO - Setting next_dagrun for dataset_with_extra_by_context to 2024-10-02 00:00:00+00:00, run_after=2024-10-03 00:00:00+00:00
[2024-10-03T11:27:38.984+0000] {logging_mixin.py:190} INFO - [2024-10-03T11:27:38.984+0000] {dag.py:4180} INFO - Setting next_dagrun for dataset_with_extra_by_yield to 2024-10-02 00:00:00+00:00, run_after=2024-10-03 00:00:00+00:00
[2024-10-03T11:27:38.985+0000] {logging_mixin.py:190} INFO - [2024-10-03T11:27:38.985+0000] {dag.py:4180} INFO - Setting next_dagrun for dataset_with_extra_from_classic_operator to 2024-10-02 00:00:00+00:00, run_after=2024-10-03 00:00:00+00:00
[2024-10-03T11:27:38.994+0000] {processor.py:208} INFO - Processing /home/airflow/.local/lib/python3.12/site-packages/airflow/example_dags/example_outlet_event_extra.py took 0.108 seconds
[2024-10-03T11:28:09.296+0000] {processor.py:186} INFO - Started process (PID=5245) to work on /home/airflow/.local/lib/python3.12/site-packages/airflow/example_dags/example_outlet_event_extra.py
[2024-10-03T11:28:09.296+0000] {processor.py:914} INFO - Processing file /home/airflow/.local/lib/python3.12/site-packages/airflow/example_dags/example_outlet_event_extra.py for tasks to queue
[2024-10-03T11:28:09.298+0000] {logging_mixin.py:190} INFO - [2024-10-03T11:28:09.297+0000] {dagbag.py:588} INFO - Filling up the DagBag from /home/airflow/.local/lib/python3.12/site-packages/airflow/example_dags/example_outlet_event_extra.py
[2024-10-03T11:28:09.357+0000] {processor.py:925} INFO - DAG(s) 'dataset_with_extra_from_classic_operator', 'dataset_with_extra_by_yield', 'dataset_with_extra_by_context' retrieved from /home/airflow/.local/lib/python3.12/site-packages/airflow/example_dags/example_outlet_event_extra.py
[2024-10-03T11:28:09.371+0000] {logging_mixin.py:190} INFO - [2024-10-03T11:28:09.371+0000] {dag.py:3239} INFO - Sync 3 DAGs
[2024-10-03T11:28:09.382+0000] {logging_mixin.py:190} INFO - [2024-10-03T11:28:09.382+0000] {dag.py:4180} INFO - Setting next_dagrun for dataset_with_extra_by_context to 2024-10-02 00:00:00+00:00, run_after=2024-10-03 00:00:00+00:00
[2024-10-03T11:28:09.384+0000] {logging_mixin.py:190} INFO - [2024-10-03T11:28:09.384+0000] {dag.py:4180} INFO - Setting next_dagrun for dataset_with_extra_by_yield to 2024-10-02 00:00:00+00:00, run_after=2024-10-03 00:00:00+00:00
[2024-10-03T11:28:09.385+0000] {logging_mixin.py:190} INFO - [2024-10-03T11:28:09.385+0000] {dag.py:4180} INFO - Setting next_dagrun for dataset_with_extra_from_classic_operator to 2024-10-02 00:00:00+00:00, run_after=2024-10-03 00:00:00+00:00
[2024-10-03T11:28:09.394+0000] {processor.py:208} INFO - Processing /home/airflow/.local/lib/python3.12/site-packages/airflow/example_dags/example_outlet_event_extra.py took 0.102 seconds
[2024-10-03T11:28:39.605+0000] {processor.py:186} INFO - Started process (PID=5529) to work on /home/airflow/.local/lib/python3.12/site-packages/airflow/example_dags/example_outlet_event_extra.py
[2024-10-03T11:28:39.606+0000] {processor.py:914} INFO - Processing file /home/airflow/.local/lib/python3.12/site-packages/airflow/example_dags/example_outlet_event_extra.py for tasks to queue
[2024-10-03T11:28:39.608+0000] {logging_mixin.py:190} INFO - [2024-10-03T11:28:39.607+0000] {dagbag.py:588} INFO - Filling up the DagBag from /home/airflow/.local/lib/python3.12/site-packages/airflow/example_dags/example_outlet_event_extra.py
[2024-10-03T11:28:39.674+0000] {processor.py:925} INFO - DAG(s) 'dataset_with_extra_by_yield', 'dataset_with_extra_from_classic_operator', 'dataset_with_extra_by_context' retrieved from /home/airflow/.local/lib/python3.12/site-packages/airflow/example_dags/example_outlet_event_extra.py
[2024-10-03T11:28:39.689+0000] {logging_mixin.py:190} INFO - [2024-10-03T11:28:39.689+0000] {dag.py:3239} INFO - Sync 3 DAGs
[2024-10-03T11:28:39.701+0000] {logging_mixin.py:190} INFO - [2024-10-03T11:28:39.700+0000] {dag.py:4180} INFO - Setting next_dagrun for dataset_with_extra_by_context to 2024-10-02 00:00:00+00:00, run_after=2024-10-03 00:00:00+00:00
[2024-10-03T11:28:39.703+0000] {logging_mixin.py:190} INFO - [2024-10-03T11:28:39.703+0000] {dag.py:4180} INFO - Setting next_dagrun for dataset_with_extra_by_yield to 2024-10-02 00:00:00+00:00, run_after=2024-10-03 00:00:00+00:00
[2024-10-03T11:28:39.704+0000] {logging_mixin.py:190} INFO - [2024-10-03T11:28:39.704+0000] {dag.py:4180} INFO - Setting next_dagrun for dataset_with_extra_from_classic_operator to 2024-10-02 00:00:00+00:00, run_after=2024-10-03 00:00:00+00:00
[2024-10-03T11:28:39.715+0000] {processor.py:208} INFO - Processing /home/airflow/.local/lib/python3.12/site-packages/airflow/example_dags/example_outlet_event_extra.py took 0.113 seconds
[2024-10-03T11:29:09.838+0000] {processor.py:186} INFO - Started process (PID=5839) to work on /home/airflow/.local/lib/python3.12/site-packages/airflow/example_dags/example_outlet_event_extra.py
[2024-10-03T11:29:09.839+0000] {processor.py:914} INFO - Processing file /home/airflow/.local/lib/python3.12/site-packages/airflow/example_dags/example_outlet_event_extra.py for tasks to queue
[2024-10-03T11:29:09.840+0000] {logging_mixin.py:190} INFO - [2024-10-03T11:29:09.840+0000] {dagbag.py:588} INFO - Filling up the DagBag from /home/airflow/.local/lib/python3.12/site-packages/airflow/example_dags/example_outlet_event_extra.py
[2024-10-03T11:29:09.902+0000] {processor.py:925} INFO - DAG(s) 'dataset_with_extra_from_classic_operator', 'dataset_with_extra_by_context', 'dataset_with_extra_by_yield' retrieved from /home/airflow/.local/lib/python3.12/site-packages/airflow/example_dags/example_outlet_event_extra.py
[2024-10-03T11:29:09.915+0000] {logging_mixin.py:190} INFO - [2024-10-03T11:29:09.915+0000] {dag.py:3239} INFO - Sync 3 DAGs
[2024-10-03T11:29:09.926+0000] {logging_mixin.py:190} INFO - [2024-10-03T11:29:09.926+0000] {dag.py:4180} INFO - Setting next_dagrun for dataset_with_extra_by_context to 2024-10-02 00:00:00+00:00, run_after=2024-10-03 00:00:00+00:00
[2024-10-03T11:29:09.928+0000] {logging_mixin.py:190} INFO - [2024-10-03T11:29:09.928+0000] {dag.py:4180} INFO - Setting next_dagrun for dataset_with_extra_by_yield to 2024-10-02 00:00:00+00:00, run_after=2024-10-03 00:00:00+00:00
[2024-10-03T11:29:09.929+0000] {logging_mixin.py:190} INFO - [2024-10-03T11:29:09.929+0000] {dag.py:4180} INFO - Setting next_dagrun for dataset_with_extra_from_classic_operator to 2024-10-02 00:00:00+00:00, run_after=2024-10-03 00:00:00+00:00
[2024-10-03T11:29:09.938+0000] {processor.py:208} INFO - Processing /home/airflow/.local/lib/python3.12/site-packages/airflow/example_dags/example_outlet_event_extra.py took 0.104 seconds
[2024-10-03T11:29:40.206+0000] {processor.py:186} INFO - Started process (PID=6130) to work on /home/airflow/.local/lib/python3.12/site-packages/airflow/example_dags/example_outlet_event_extra.py
[2024-10-03T11:29:40.207+0000] {processor.py:914} INFO - Processing file /home/airflow/.local/lib/python3.12/site-packages/airflow/example_dags/example_outlet_event_extra.py for tasks to queue
[2024-10-03T11:29:40.208+0000] {logging_mixin.py:190} INFO - [2024-10-03T11:29:40.208+0000] {dagbag.py:588} INFO - Filling up the DagBag from /home/airflow/.local/lib/python3.12/site-packages/airflow/example_dags/example_outlet_event_extra.py
[2024-10-03T11:29:40.274+0000] {processor.py:925} INFO - DAG(s) 'dataset_with_extra_from_classic_operator', 'dataset_with_extra_by_yield', 'dataset_with_extra_by_context' retrieved from /home/airflow/.local/lib/python3.12/site-packages/airflow/example_dags/example_outlet_event_extra.py
[2024-10-03T11:29:40.288+0000] {logging_mixin.py:190} INFO - [2024-10-03T11:29:40.287+0000] {dag.py:3239} INFO - Sync 3 DAGs
[2024-10-03T11:29:40.300+0000] {logging_mixin.py:190} INFO - [2024-10-03T11:29:40.300+0000] {dag.py:4180} INFO - Setting next_dagrun for dataset_with_extra_by_context to 2024-10-02 00:00:00+00:00, run_after=2024-10-03 00:00:00+00:00
[2024-10-03T11:29:40.303+0000] {logging_mixin.py:190} INFO - [2024-10-03T11:29:40.303+0000] {dag.py:4180} INFO - Setting next_dagrun for dataset_with_extra_by_yield to 2024-10-02 00:00:00+00:00, run_after=2024-10-03 00:00:00+00:00
[2024-10-03T11:29:40.304+0000] {logging_mixin.py:190} INFO - [2024-10-03T11:29:40.304+0000] {dag.py:4180} INFO - Setting next_dagrun for dataset_with_extra_from_classic_operator to 2024-10-02 00:00:00+00:00, run_after=2024-10-03 00:00:00+00:00
[2024-10-03T11:29:40.315+0000] {processor.py:208} INFO - Processing /home/airflow/.local/lib/python3.12/site-packages/airflow/example_dags/example_outlet_event_extra.py took 0.112 seconds
[2024-10-03T11:30:10.591+0000] {processor.py:186} INFO - Started process (PID=6413) to work on /home/airflow/.local/lib/python3.12/site-packages/airflow/example_dags/example_outlet_event_extra.py
[2024-10-03T11:30:10.591+0000] {processor.py:914} INFO - Processing file /home/airflow/.local/lib/python3.12/site-packages/airflow/example_dags/example_outlet_event_extra.py for tasks to queue
[2024-10-03T11:30:10.593+0000] {logging_mixin.py:190} INFO - [2024-10-03T11:30:10.593+0000] {dagbag.py:588} INFO - Filling up the DagBag from /home/airflow/.local/lib/python3.12/site-packages/airflow/example_dags/example_outlet_event_extra.py
[2024-10-03T11:30:10.655+0000] {processor.py:925} INFO - DAG(s) 'dataset_with_extra_by_yield', 'dataset_with_extra_from_classic_operator', 'dataset_with_extra_by_context' retrieved from /home/airflow/.local/lib/python3.12/site-packages/airflow/example_dags/example_outlet_event_extra.py
[2024-10-03T11:30:10.672+0000] {logging_mixin.py:190} INFO - [2024-10-03T11:30:10.672+0000] {dag.py:3239} INFO - Sync 3 DAGs
[2024-10-03T11:30:10.684+0000] {logging_mixin.py:190} INFO - [2024-10-03T11:30:10.684+0000] {dag.py:4180} INFO - Setting next_dagrun for dataset_with_extra_by_context to 2024-10-02 00:00:00+00:00, run_after=2024-10-03 00:00:00+00:00
[2024-10-03T11:30:10.687+0000] {logging_mixin.py:190} INFO - [2024-10-03T11:30:10.686+0000] {dag.py:4180} INFO - Setting next_dagrun for dataset_with_extra_by_yield to 2024-10-02 00:00:00+00:00, run_after=2024-10-03 00:00:00+00:00
[2024-10-03T11:30:10.688+0000] {logging_mixin.py:190} INFO - [2024-10-03T11:30:10.688+0000] {dag.py:4180} INFO - Setting next_dagrun for dataset_with_extra_from_classic_operator to 2024-10-02 00:00:00+00:00, run_after=2024-10-03 00:00:00+00:00
[2024-10-03T11:30:10.698+0000] {processor.py:208} INFO - Processing /home/airflow/.local/lib/python3.12/site-packages/airflow/example_dags/example_outlet_event_extra.py took 0.110 seconds
[2024-10-03T11:30:40.899+0000] {processor.py:186} INFO - Started process (PID=6697) to work on /home/airflow/.local/lib/python3.12/site-packages/airflow/example_dags/example_outlet_event_extra.py
[2024-10-03T11:30:40.899+0000] {processor.py:914} INFO - Processing file /home/airflow/.local/lib/python3.12/site-packages/airflow/example_dags/example_outlet_event_extra.py for tasks to queue
[2024-10-03T11:30:40.901+0000] {logging_mixin.py:190} INFO - [2024-10-03T11:30:40.901+0000] {dagbag.py:588} INFO - Filling up the DagBag from /home/airflow/.local/lib/python3.12/site-packages/airflow/example_dags/example_outlet_event_extra.py
[2024-10-03T11:30:40.964+0000] {processor.py:925} INFO - DAG(s) 'dataset_with_extra_from_classic_operator', 'dataset_with_extra_by_yield', 'dataset_with_extra_by_context' retrieved from /home/airflow/.local/lib/python3.12/site-packages/airflow/example_dags/example_outlet_event_extra.py
[2024-10-03T11:30:40.978+0000] {logging_mixin.py:190} INFO - [2024-10-03T11:30:40.977+0000] {dag.py:3239} INFO - Sync 3 DAGs
[2024-10-03T11:30:40.992+0000] {logging_mixin.py:190} INFO - [2024-10-03T11:30:40.992+0000] {dag.py:4180} INFO - Setting next_dagrun for dataset_with_extra_by_context to 2024-10-02 00:00:00+00:00, run_after=2024-10-03 00:00:00+00:00
[2024-10-03T11:30:40.995+0000] {logging_mixin.py:190} INFO - [2024-10-03T11:30:40.995+0000] {dag.py:4180} INFO - Setting next_dagrun for dataset_with_extra_by_yield to 2024-10-02 00:00:00+00:00, run_after=2024-10-03 00:00:00+00:00
[2024-10-03T11:30:40.997+0000] {logging_mixin.py:190} INFO - [2024-10-03T11:30:40.996+0000] {dag.py:4180} INFO - Setting next_dagrun for dataset_with_extra_from_classic_operator to 2024-10-02 00:00:00+00:00, run_after=2024-10-03 00:00:00+00:00
[2024-10-03T11:30:41.007+0000] {processor.py:208} INFO - Processing /home/airflow/.local/lib/python3.12/site-packages/airflow/example_dags/example_outlet_event_extra.py took 0.112 seconds
[2024-10-03T11:31:11.249+0000] {processor.py:186} INFO - Started process (PID=6988) to work on /home/airflow/.local/lib/python3.12/site-packages/airflow/example_dags/example_outlet_event_extra.py
[2024-10-03T11:31:11.250+0000] {processor.py:914} INFO - Processing file /home/airflow/.local/lib/python3.12/site-packages/airflow/example_dags/example_outlet_event_extra.py for tasks to queue
[2024-10-03T11:31:11.251+0000] {logging_mixin.py:190} INFO - [2024-10-03T11:31:11.251+0000] {dagbag.py:588} INFO - Filling up the DagBag from /home/airflow/.local/lib/python3.12/site-packages/airflow/example_dags/example_outlet_event_extra.py
[2024-10-03T11:31:11.316+0000] {processor.py:925} INFO - DAG(s) 'dataset_with_extra_from_classic_operator', 'dataset_with_extra_by_context', 'dataset_with_extra_by_yield' retrieved from /home/airflow/.local/lib/python3.12/site-packages/airflow/example_dags/example_outlet_event_extra.py
[2024-10-03T11:31:11.330+0000] {logging_mixin.py:190} INFO - [2024-10-03T11:31:11.330+0000] {dag.py:3239} INFO - Sync 3 DAGs
[2024-10-03T11:31:11.343+0000] {logging_mixin.py:190} INFO - [2024-10-03T11:31:11.343+0000] {dag.py:4180} INFO - Setting next_dagrun for dataset_with_extra_by_context to 2024-10-02 00:00:00+00:00, run_after=2024-10-03 00:00:00+00:00
[2024-10-03T11:31:11.345+0000] {logging_mixin.py:190} INFO - [2024-10-03T11:31:11.345+0000] {dag.py:4180} INFO - Setting next_dagrun for dataset_with_extra_by_yield to 2024-10-02 00:00:00+00:00, run_after=2024-10-03 00:00:00+00:00
[2024-10-03T11:31:11.346+0000] {logging_mixin.py:190} INFO - [2024-10-03T11:31:11.346+0000] {dag.py:4180} INFO - Setting next_dagrun for dataset_with_extra_from_classic_operator to 2024-10-02 00:00:00+00:00, run_after=2024-10-03 00:00:00+00:00
[2024-10-03T11:31:11.356+0000] {processor.py:208} INFO - Processing /home/airflow/.local/lib/python3.12/site-packages/airflow/example_dags/example_outlet_event_extra.py took 0.111 seconds
