[2024-10-03T11:19:29.272+0000] {processor.py:186} INFO - Started process (PID=247) to work on /home/airflow/.local/lib/python3.12/site-packages/airflow/example_dags/example_bash_decorator.py
[2024-10-03T11:19:29.273+0000] {processor.py:914} INFO - Processing file /home/airflow/.local/lib/python3.12/site-packages/airflow/example_dags/example_bash_decorator.py for tasks to queue
[2024-10-03T11:19:29.275+0000] {logging_mixin.py:190} INFO - [2024-10-03T11:19:29.274+0000] {dagbag.py:588} INFO - Filling up the DagBag from /home/airflow/.local/lib/python3.12/site-packages/airflow/example_dags/example_bash_decorator.py
[2024-10-03T11:19:29.284+0000] {processor.py:925} INFO - DAG(s) 'example_bash_decorator' retrieved from /home/airflow/.local/lib/python3.12/site-packages/airflow/example_dags/example_bash_decorator.py
[2024-10-03T11:19:29.337+0000] {logging_mixin.py:190} INFO - [2024-10-03T11:19:29.337+0000] {override.py:1900} INFO - Created Permission View: can delete on DAG:example_bash_decorator
[2024-10-03T11:19:29.342+0000] {logging_mixin.py:190} INFO - [2024-10-03T11:19:29.342+0000] {override.py:1900} INFO - Created Permission View: can read on DAG:example_bash_decorator
[2024-10-03T11:19:29.345+0000] {logging_mixin.py:190} INFO - [2024-10-03T11:19:29.345+0000] {override.py:1900} INFO - Created Permission View: can edit on DAG:example_bash_decorator
[2024-10-03T11:19:29.348+0000] {logging_mixin.py:190} INFO - [2024-10-03T11:19:29.348+0000] {override.py:1900} INFO - Created Permission View: can read on DAG Run:example_bash_decorator
[2024-10-03T11:19:29.351+0000] {logging_mixin.py:190} INFO - [2024-10-03T11:19:29.351+0000] {override.py:1900} INFO - Created Permission View: can create on DAG Run:example_bash_decorator
[2024-10-03T11:19:29.354+0000] {logging_mixin.py:190} INFO - [2024-10-03T11:19:29.354+0000] {override.py:1900} INFO - Created Permission View: menu access on DAG Run:example_bash_decorator
[2024-10-03T11:19:29.358+0000] {logging_mixin.py:190} INFO - [2024-10-03T11:19:29.358+0000] {override.py:1900} INFO - Created Permission View: can delete on DAG Run:example_bash_decorator
[2024-10-03T11:19:29.358+0000] {logging_mixin.py:190} INFO - [2024-10-03T11:19:29.358+0000] {dag.py:3239} INFO - Sync 1 DAGs
[2024-10-03T11:19:29.365+0000] {logging_mixin.py:190} INFO - [2024-10-03T11:19:29.365+0000] {dag.py:3262} INFO - Creating ORM DAG for example_bash_decorator
[2024-10-03T11:19:29.365+0000] {logging_mixin.py:190} INFO - [2024-10-03T11:19:29.365+0000] {dag.py:4180} INFO - Setting next_dagrun for example_bash_decorator to None, run_after=None
[2024-10-03T11:19:29.373+0000] {processor.py:208} INFO - Processing /home/airflow/.local/lib/python3.12/site-packages/airflow/example_dags/example_bash_decorator.py took 0.105 seconds
[2024-10-03T11:20:00.008+0000] {processor.py:186} INFO - Started process (PID=533) to work on /home/airflow/.local/lib/python3.12/site-packages/airflow/example_dags/example_bash_decorator.py
[2024-10-03T11:20:00.009+0000] {processor.py:914} INFO - Processing file /home/airflow/.local/lib/python3.12/site-packages/airflow/example_dags/example_bash_decorator.py for tasks to queue
[2024-10-03T11:20:00.010+0000] {logging_mixin.py:190} INFO - [2024-10-03T11:20:00.010+0000] {dagbag.py:588} INFO - Filling up the DagBag from /home/airflow/.local/lib/python3.12/site-packages/airflow/example_dags/example_bash_decorator.py
[2024-10-03T11:20:00.019+0000] {processor.py:925} INFO - DAG(s) 'example_bash_decorator' retrieved from /home/airflow/.local/lib/python3.12/site-packages/airflow/example_dags/example_bash_decorator.py
[2024-10-03T11:20:00.031+0000] {logging_mixin.py:190} INFO - [2024-10-03T11:20:00.031+0000] {dag.py:3239} INFO - Sync 1 DAGs
[2024-10-03T11:20:00.038+0000] {logging_mixin.py:190} INFO - [2024-10-03T11:20:00.038+0000] {dag.py:4180} INFO - Setting next_dagrun for example_bash_decorator to None, run_after=None
[2024-10-03T11:20:00.047+0000] {processor.py:208} INFO - Processing /home/airflow/.local/lib/python3.12/site-packages/airflow/example_dags/example_bash_decorator.py took 0.042 seconds
[2024-10-03T11:20:30.477+0000] {processor.py:186} INFO - Started process (PID=819) to work on /home/airflow/.local/lib/python3.12/site-packages/airflow/example_dags/example_bash_decorator.py
[2024-10-03T11:20:30.478+0000] {processor.py:914} INFO - Processing file /home/airflow/.local/lib/python3.12/site-packages/airflow/example_dags/example_bash_decorator.py for tasks to queue
[2024-10-03T11:20:30.480+0000] {logging_mixin.py:190} INFO - [2024-10-03T11:20:30.479+0000] {dagbag.py:588} INFO - Filling up the DagBag from /home/airflow/.local/lib/python3.12/site-packages/airflow/example_dags/example_bash_decorator.py
[2024-10-03T11:20:30.488+0000] {processor.py:925} INFO - DAG(s) 'example_bash_decorator' retrieved from /home/airflow/.local/lib/python3.12/site-packages/airflow/example_dags/example_bash_decorator.py
[2024-10-03T11:20:30.500+0000] {logging_mixin.py:190} INFO - [2024-10-03T11:20:30.500+0000] {dag.py:3239} INFO - Sync 1 DAGs
[2024-10-03T11:20:30.507+0000] {logging_mixin.py:190} INFO - [2024-10-03T11:20:30.507+0000] {dag.py:4180} INFO - Setting next_dagrun for example_bash_decorator to None, run_after=None
[2024-10-03T11:20:30.515+0000] {processor.py:208} INFO - Processing /home/airflow/.local/lib/python3.12/site-packages/airflow/example_dags/example_bash_decorator.py took 0.041 seconds
[2024-10-03T11:21:00.883+0000] {processor.py:186} INFO - Started process (PID=1105) to work on /home/airflow/.local/lib/python3.12/site-packages/airflow/example_dags/example_bash_decorator.py
[2024-10-03T11:21:00.883+0000] {processor.py:914} INFO - Processing file /home/airflow/.local/lib/python3.12/site-packages/airflow/example_dags/example_bash_decorator.py for tasks to queue
[2024-10-03T11:21:00.885+0000] {logging_mixin.py:190} INFO - [2024-10-03T11:21:00.885+0000] {dagbag.py:588} INFO - Filling up the DagBag from /home/airflow/.local/lib/python3.12/site-packages/airflow/example_dags/example_bash_decorator.py
[2024-10-03T11:21:00.893+0000] {processor.py:925} INFO - DAG(s) 'example_bash_decorator' retrieved from /home/airflow/.local/lib/python3.12/site-packages/airflow/example_dags/example_bash_decorator.py
[2024-10-03T11:21:00.906+0000] {logging_mixin.py:190} INFO - [2024-10-03T11:21:00.906+0000] {dag.py:3239} INFO - Sync 1 DAGs
[2024-10-03T11:21:00.913+0000] {logging_mixin.py:190} INFO - [2024-10-03T11:21:00.913+0000] {dag.py:4180} INFO - Setting next_dagrun for example_bash_decorator to None, run_after=None
[2024-10-03T11:21:00.922+0000] {processor.py:208} INFO - Processing /home/airflow/.local/lib/python3.12/site-packages/airflow/example_dags/example_bash_decorator.py took 0.043 seconds
[2024-10-03T11:21:31.350+0000] {processor.py:186} INFO - Started process (PID=1391) to work on /home/airflow/.local/lib/python3.12/site-packages/airflow/example_dags/example_bash_decorator.py
[2024-10-03T11:21:31.351+0000] {processor.py:914} INFO - Processing file /home/airflow/.local/lib/python3.12/site-packages/airflow/example_dags/example_bash_decorator.py for tasks to queue
[2024-10-03T11:21:31.353+0000] {logging_mixin.py:190} INFO - [2024-10-03T11:21:31.352+0000] {dagbag.py:588} INFO - Filling up the DagBag from /home/airflow/.local/lib/python3.12/site-packages/airflow/example_dags/example_bash_decorator.py
[2024-10-03T11:21:31.361+0000] {processor.py:925} INFO - DAG(s) 'example_bash_decorator' retrieved from /home/airflow/.local/lib/python3.12/site-packages/airflow/example_dags/example_bash_decorator.py
[2024-10-03T11:21:31.373+0000] {logging_mixin.py:190} INFO - [2024-10-03T11:21:31.373+0000] {dag.py:3239} INFO - Sync 1 DAGs
[2024-10-03T11:21:31.381+0000] {logging_mixin.py:190} INFO - [2024-10-03T11:21:31.380+0000] {dag.py:4180} INFO - Setting next_dagrun for example_bash_decorator to None, run_after=None
[2024-10-03T11:21:31.389+0000] {processor.py:208} INFO - Processing /home/airflow/.local/lib/python3.12/site-packages/airflow/example_dags/example_bash_decorator.py took 0.043 seconds
[2024-10-03T11:22:01.858+0000] {processor.py:186} INFO - Started process (PID=1677) to work on /home/airflow/.local/lib/python3.12/site-packages/airflow/example_dags/example_bash_decorator.py
[2024-10-03T11:22:01.859+0000] {processor.py:914} INFO - Processing file /home/airflow/.local/lib/python3.12/site-packages/airflow/example_dags/example_bash_decorator.py for tasks to queue
[2024-10-03T11:22:01.860+0000] {logging_mixin.py:190} INFO - [2024-10-03T11:22:01.860+0000] {dagbag.py:588} INFO - Filling up the DagBag from /home/airflow/.local/lib/python3.12/site-packages/airflow/example_dags/example_bash_decorator.py
[2024-10-03T11:22:01.868+0000] {processor.py:925} INFO - DAG(s) 'example_bash_decorator' retrieved from /home/airflow/.local/lib/python3.12/site-packages/airflow/example_dags/example_bash_decorator.py
[2024-10-03T11:22:01.880+0000] {logging_mixin.py:190} INFO - [2024-10-03T11:22:01.880+0000] {dag.py:3239} INFO - Sync 1 DAGs
[2024-10-03T11:22:01.887+0000] {logging_mixin.py:190} INFO - [2024-10-03T11:22:01.887+0000] {dag.py:4180} INFO - Setting next_dagrun for example_bash_decorator to None, run_after=None
[2024-10-03T11:22:01.895+0000] {processor.py:208} INFO - Processing /home/airflow/.local/lib/python3.12/site-packages/airflow/example_dags/example_bash_decorator.py took 0.041 seconds
[2024-10-03T11:22:32.277+0000] {processor.py:186} INFO - Started process (PID=1963) to work on /home/airflow/.local/lib/python3.12/site-packages/airflow/example_dags/example_bash_decorator.py
[2024-10-03T11:22:32.278+0000] {processor.py:914} INFO - Processing file /home/airflow/.local/lib/python3.12/site-packages/airflow/example_dags/example_bash_decorator.py for tasks to queue
[2024-10-03T11:22:32.279+0000] {logging_mixin.py:190} INFO - [2024-10-03T11:22:32.279+0000] {dagbag.py:588} INFO - Filling up the DagBag from /home/airflow/.local/lib/python3.12/site-packages/airflow/example_dags/example_bash_decorator.py
[2024-10-03T11:22:32.288+0000] {processor.py:925} INFO - DAG(s) 'example_bash_decorator' retrieved from /home/airflow/.local/lib/python3.12/site-packages/airflow/example_dags/example_bash_decorator.py
[2024-10-03T11:22:32.301+0000] {logging_mixin.py:190} INFO - [2024-10-03T11:22:32.300+0000] {dag.py:3239} INFO - Sync 1 DAGs
[2024-10-03T11:22:32.308+0000] {logging_mixin.py:190} INFO - [2024-10-03T11:22:32.308+0000] {dag.py:4180} INFO - Setting next_dagrun for example_bash_decorator to None, run_after=None
[2024-10-03T11:22:32.316+0000] {processor.py:208} INFO - Processing /home/airflow/.local/lib/python3.12/site-packages/airflow/example_dags/example_bash_decorator.py took 0.043 seconds
[2024-10-03T11:23:02.915+0000] {processor.py:186} INFO - Started process (PID=2249) to work on /home/airflow/.local/lib/python3.12/site-packages/airflow/example_dags/example_bash_decorator.py
[2024-10-03T11:23:02.916+0000] {processor.py:914} INFO - Processing file /home/airflow/.local/lib/python3.12/site-packages/airflow/example_dags/example_bash_decorator.py for tasks to queue
[2024-10-03T11:23:02.917+0000] {logging_mixin.py:190} INFO - [2024-10-03T11:23:02.917+0000] {dagbag.py:588} INFO - Filling up the DagBag from /home/airflow/.local/lib/python3.12/site-packages/airflow/example_dags/example_bash_decorator.py
[2024-10-03T11:23:02.925+0000] {processor.py:925} INFO - DAG(s) 'example_bash_decorator' retrieved from /home/airflow/.local/lib/python3.12/site-packages/airflow/example_dags/example_bash_decorator.py
[2024-10-03T11:23:02.939+0000] {logging_mixin.py:190} INFO - [2024-10-03T11:23:02.938+0000] {dag.py:3239} INFO - Sync 1 DAGs
[2024-10-03T11:23:02.946+0000] {logging_mixin.py:190} INFO - [2024-10-03T11:23:02.946+0000] {dag.py:4180} INFO - Setting next_dagrun for example_bash_decorator to None, run_after=None
[2024-10-03T11:23:02.956+0000] {processor.py:208} INFO - Processing /home/airflow/.local/lib/python3.12/site-packages/airflow/example_dags/example_bash_decorator.py took 0.044 seconds
[2024-10-03T11:23:33.146+0000] {processor.py:186} INFO - Started process (PID=2535) to work on /home/airflow/.local/lib/python3.12/site-packages/airflow/example_dags/example_bash_decorator.py
[2024-10-03T11:23:33.147+0000] {processor.py:914} INFO - Processing file /home/airflow/.local/lib/python3.12/site-packages/airflow/example_dags/example_bash_decorator.py for tasks to queue
[2024-10-03T11:23:33.148+0000] {logging_mixin.py:190} INFO - [2024-10-03T11:23:33.148+0000] {dagbag.py:588} INFO - Filling up the DagBag from /home/airflow/.local/lib/python3.12/site-packages/airflow/example_dags/example_bash_decorator.py
[2024-10-03T11:23:33.156+0000] {processor.py:925} INFO - DAG(s) 'example_bash_decorator' retrieved from /home/airflow/.local/lib/python3.12/site-packages/airflow/example_dags/example_bash_decorator.py
[2024-10-03T11:23:33.168+0000] {logging_mixin.py:190} INFO - [2024-10-03T11:23:33.168+0000] {dag.py:3239} INFO - Sync 1 DAGs
[2024-10-03T11:23:33.175+0000] {logging_mixin.py:190} INFO - [2024-10-03T11:23:33.175+0000] {dag.py:4180} INFO - Setting next_dagrun for example_bash_decorator to None, run_after=None
[2024-10-03T11:23:33.183+0000] {processor.py:208} INFO - Processing /home/airflow/.local/lib/python3.12/site-packages/airflow/example_dags/example_bash_decorator.py took 0.041 seconds
[2024-10-03T11:24:03.534+0000] {processor.py:186} INFO - Started process (PID=2821) to work on /home/airflow/.local/lib/python3.12/site-packages/airflow/example_dags/example_bash_decorator.py
[2024-10-03T11:24:03.535+0000] {processor.py:914} INFO - Processing file /home/airflow/.local/lib/python3.12/site-packages/airflow/example_dags/example_bash_decorator.py for tasks to queue
[2024-10-03T11:24:03.536+0000] {logging_mixin.py:190} INFO - [2024-10-03T11:24:03.536+0000] {dagbag.py:588} INFO - Filling up the DagBag from /home/airflow/.local/lib/python3.12/site-packages/airflow/example_dags/example_bash_decorator.py
[2024-10-03T11:24:03.544+0000] {processor.py:925} INFO - DAG(s) 'example_bash_decorator' retrieved from /home/airflow/.local/lib/python3.12/site-packages/airflow/example_dags/example_bash_decorator.py
[2024-10-03T11:24:03.557+0000] {logging_mixin.py:190} INFO - [2024-10-03T11:24:03.557+0000] {dag.py:3239} INFO - Sync 1 DAGs
[2024-10-03T11:24:03.564+0000] {logging_mixin.py:190} INFO - [2024-10-03T11:24:03.564+0000] {dag.py:4180} INFO - Setting next_dagrun for example_bash_decorator to None, run_after=None
[2024-10-03T11:24:03.573+0000] {processor.py:208} INFO - Processing /home/airflow/.local/lib/python3.12/site-packages/airflow/example_dags/example_bash_decorator.py took 0.042 seconds
[2024-10-03T11:24:34.063+0000] {processor.py:186} INFO - Started process (PID=3107) to work on /home/airflow/.local/lib/python3.12/site-packages/airflow/example_dags/example_bash_decorator.py
[2024-10-03T11:24:34.064+0000] {processor.py:914} INFO - Processing file /home/airflow/.local/lib/python3.12/site-packages/airflow/example_dags/example_bash_decorator.py for tasks to queue
[2024-10-03T11:24:34.066+0000] {logging_mixin.py:190} INFO - [2024-10-03T11:24:34.065+0000] {dagbag.py:588} INFO - Filling up the DagBag from /home/airflow/.local/lib/python3.12/site-packages/airflow/example_dags/example_bash_decorator.py
[2024-10-03T11:24:34.074+0000] {processor.py:925} INFO - DAG(s) 'example_bash_decorator' retrieved from /home/airflow/.local/lib/python3.12/site-packages/airflow/example_dags/example_bash_decorator.py
[2024-10-03T11:24:34.087+0000] {logging_mixin.py:190} INFO - [2024-10-03T11:24:34.087+0000] {dag.py:3239} INFO - Sync 1 DAGs
[2024-10-03T11:24:34.094+0000] {logging_mixin.py:190} INFO - [2024-10-03T11:24:34.094+0000] {dag.py:4180} INFO - Setting next_dagrun for example_bash_decorator to None, run_after=None
[2024-10-03T11:24:34.102+0000] {processor.py:208} INFO - Processing /home/airflow/.local/lib/python3.12/site-packages/airflow/example_dags/example_bash_decorator.py took 0.043 seconds
[2024-10-03T11:25:04.668+0000] {processor.py:186} INFO - Started process (PID=3393) to work on /home/airflow/.local/lib/python3.12/site-packages/airflow/example_dags/example_bash_decorator.py
[2024-10-03T11:25:04.669+0000] {processor.py:914} INFO - Processing file /home/airflow/.local/lib/python3.12/site-packages/airflow/example_dags/example_bash_decorator.py for tasks to queue
[2024-10-03T11:25:04.671+0000] {logging_mixin.py:190} INFO - [2024-10-03T11:25:04.671+0000] {dagbag.py:588} INFO - Filling up the DagBag from /home/airflow/.local/lib/python3.12/site-packages/airflow/example_dags/example_bash_decorator.py
[2024-10-03T11:25:04.681+0000] {processor.py:925} INFO - DAG(s) 'example_bash_decorator' retrieved from /home/airflow/.local/lib/python3.12/site-packages/airflow/example_dags/example_bash_decorator.py
[2024-10-03T11:25:04.694+0000] {logging_mixin.py:190} INFO - [2024-10-03T11:25:04.694+0000] {dag.py:3239} INFO - Sync 1 DAGs
[2024-10-03T11:25:04.702+0000] {logging_mixin.py:190} INFO - [2024-10-03T11:25:04.702+0000] {dag.py:4180} INFO - Setting next_dagrun for example_bash_decorator to None, run_after=None
[2024-10-03T11:25:04.712+0000] {processor.py:208} INFO - Processing /home/airflow/.local/lib/python3.12/site-packages/airflow/example_dags/example_bash_decorator.py took 0.048 seconds
[2024-10-03T11:25:35.219+0000] {processor.py:186} INFO - Started process (PID=3679) to work on /home/airflow/.local/lib/python3.12/site-packages/airflow/example_dags/example_bash_decorator.py
[2024-10-03T11:25:35.220+0000] {processor.py:914} INFO - Processing file /home/airflow/.local/lib/python3.12/site-packages/airflow/example_dags/example_bash_decorator.py for tasks to queue
[2024-10-03T11:25:35.222+0000] {logging_mixin.py:190} INFO - [2024-10-03T11:25:35.221+0000] {dagbag.py:588} INFO - Filling up the DagBag from /home/airflow/.local/lib/python3.12/site-packages/airflow/example_dags/example_bash_decorator.py
[2024-10-03T11:25:35.230+0000] {processor.py:925} INFO - DAG(s) 'example_bash_decorator' retrieved from /home/airflow/.local/lib/python3.12/site-packages/airflow/example_dags/example_bash_decorator.py
[2024-10-03T11:25:35.242+0000] {logging_mixin.py:190} INFO - [2024-10-03T11:25:35.242+0000] {dag.py:3239} INFO - Sync 1 DAGs
[2024-10-03T11:25:35.249+0000] {logging_mixin.py:190} INFO - [2024-10-03T11:25:35.249+0000] {dag.py:4180} INFO - Setting next_dagrun for example_bash_decorator to None, run_after=None
[2024-10-03T11:25:35.258+0000] {processor.py:208} INFO - Processing /home/airflow/.local/lib/python3.12/site-packages/airflow/example_dags/example_bash_decorator.py took 0.043 seconds
[2024-10-03T11:26:05.564+0000] {processor.py:186} INFO - Started process (PID=3969) to work on /home/airflow/.local/lib/python3.12/site-packages/airflow/example_dags/example_bash_decorator.py
[2024-10-03T11:26:05.565+0000] {processor.py:914} INFO - Processing file /home/airflow/.local/lib/python3.12/site-packages/airflow/example_dags/example_bash_decorator.py for tasks to queue
[2024-10-03T11:26:05.567+0000] {logging_mixin.py:190} INFO - [2024-10-03T11:26:05.566+0000] {dagbag.py:588} INFO - Filling up the DagBag from /home/airflow/.local/lib/python3.12/site-packages/airflow/example_dags/example_bash_decorator.py
[2024-10-03T11:26:05.575+0000] {processor.py:925} INFO - DAG(s) 'example_bash_decorator' retrieved from /home/airflow/.local/lib/python3.12/site-packages/airflow/example_dags/example_bash_decorator.py
[2024-10-03T11:26:05.586+0000] {logging_mixin.py:190} INFO - [2024-10-03T11:26:05.586+0000] {dag.py:3239} INFO - Sync 1 DAGs
[2024-10-03T11:26:05.594+0000] {logging_mixin.py:190} INFO - [2024-10-03T11:26:05.594+0000] {dag.py:4180} INFO - Setting next_dagrun for example_bash_decorator to None, run_after=None
[2024-10-03T11:26:05.602+0000] {processor.py:208} INFO - Processing /home/airflow/.local/lib/python3.12/site-packages/airflow/example_dags/example_bash_decorator.py took 0.042 seconds
[2024-10-03T11:26:36.086+0000] {processor.py:186} INFO - Started process (PID=4260) to work on /home/airflow/.local/lib/python3.12/site-packages/airflow/example_dags/example_bash_decorator.py
[2024-10-03T11:26:36.087+0000] {processor.py:914} INFO - Processing file /home/airflow/.local/lib/python3.12/site-packages/airflow/example_dags/example_bash_decorator.py for tasks to queue
[2024-10-03T11:26:36.088+0000] {logging_mixin.py:190} INFO - [2024-10-03T11:26:36.088+0000] {dagbag.py:588} INFO - Filling up the DagBag from /home/airflow/.local/lib/python3.12/site-packages/airflow/example_dags/example_bash_decorator.py
[2024-10-03T11:26:36.096+0000] {processor.py:925} INFO - DAG(s) 'example_bash_decorator' retrieved from /home/airflow/.local/lib/python3.12/site-packages/airflow/example_dags/example_bash_decorator.py
[2024-10-03T11:26:36.108+0000] {logging_mixin.py:190} INFO - [2024-10-03T11:26:36.108+0000] {dag.py:3239} INFO - Sync 1 DAGs
[2024-10-03T11:26:36.116+0000] {logging_mixin.py:190} INFO - [2024-10-03T11:26:36.115+0000] {dag.py:4180} INFO - Setting next_dagrun for example_bash_decorator to None, run_after=None
[2024-10-03T11:26:36.124+0000] {processor.py:208} INFO - Processing /home/airflow/.local/lib/python3.12/site-packages/airflow/example_dags/example_bash_decorator.py took 0.041 seconds
[2024-10-03T11:27:06.499+0000] {processor.py:186} INFO - Started process (PID=4546) to work on /home/airflow/.local/lib/python3.12/site-packages/airflow/example_dags/example_bash_decorator.py
[2024-10-03T11:27:06.500+0000] {processor.py:914} INFO - Processing file /home/airflow/.local/lib/python3.12/site-packages/airflow/example_dags/example_bash_decorator.py for tasks to queue
[2024-10-03T11:27:06.501+0000] {logging_mixin.py:190} INFO - [2024-10-03T11:27:06.501+0000] {dagbag.py:588} INFO - Filling up the DagBag from /home/airflow/.local/lib/python3.12/site-packages/airflow/example_dags/example_bash_decorator.py
[2024-10-03T11:27:06.509+0000] {processor.py:925} INFO - DAG(s) 'example_bash_decorator' retrieved from /home/airflow/.local/lib/python3.12/site-packages/airflow/example_dags/example_bash_decorator.py
[2024-10-03T11:27:06.521+0000] {logging_mixin.py:190} INFO - [2024-10-03T11:27:06.520+0000] {dag.py:3239} INFO - Sync 1 DAGs
[2024-10-03T11:27:06.527+0000] {logging_mixin.py:190} INFO - [2024-10-03T11:27:06.527+0000] {dag.py:4180} INFO - Setting next_dagrun for example_bash_decorator to None, run_after=None
[2024-10-03T11:27:06.535+0000] {processor.py:208} INFO - Processing /home/airflow/.local/lib/python3.12/site-packages/airflow/example_dags/example_bash_decorator.py took 0.040 seconds
[2024-10-03T11:27:36.919+0000] {processor.py:186} INFO - Started process (PID=4832) to work on /home/airflow/.local/lib/python3.12/site-packages/airflow/example_dags/example_bash_decorator.py
[2024-10-03T11:27:36.920+0000] {processor.py:914} INFO - Processing file /home/airflow/.local/lib/python3.12/site-packages/airflow/example_dags/example_bash_decorator.py for tasks to queue
[2024-10-03T11:27:36.921+0000] {logging_mixin.py:190} INFO - [2024-10-03T11:27:36.921+0000] {dagbag.py:588} INFO - Filling up the DagBag from /home/airflow/.local/lib/python3.12/site-packages/airflow/example_dags/example_bash_decorator.py
[2024-10-03T11:27:36.929+0000] {processor.py:925} INFO - DAG(s) 'example_bash_decorator' retrieved from /home/airflow/.local/lib/python3.12/site-packages/airflow/example_dags/example_bash_decorator.py
[2024-10-03T11:27:36.942+0000] {logging_mixin.py:190} INFO - [2024-10-03T11:27:36.942+0000] {dag.py:3239} INFO - Sync 1 DAGs
[2024-10-03T11:27:36.950+0000] {logging_mixin.py:190} INFO - [2024-10-03T11:27:36.949+0000] {dag.py:4180} INFO - Setting next_dagrun for example_bash_decorator to None, run_after=None
[2024-10-03T11:27:36.959+0000] {processor.py:208} INFO - Processing /home/airflow/.local/lib/python3.12/site-packages/airflow/example_dags/example_bash_decorator.py took 0.043 seconds
[2024-10-03T11:28:07.278+0000] {processor.py:186} INFO - Started process (PID=5118) to work on /home/airflow/.local/lib/python3.12/site-packages/airflow/example_dags/example_bash_decorator.py
[2024-10-03T11:28:07.279+0000] {processor.py:914} INFO - Processing file /home/airflow/.local/lib/python3.12/site-packages/airflow/example_dags/example_bash_decorator.py for tasks to queue
[2024-10-03T11:28:07.281+0000] {logging_mixin.py:190} INFO - [2024-10-03T11:28:07.280+0000] {dagbag.py:588} INFO - Filling up the DagBag from /home/airflow/.local/lib/python3.12/site-packages/airflow/example_dags/example_bash_decorator.py
[2024-10-03T11:28:07.290+0000] {processor.py:925} INFO - DAG(s) 'example_bash_decorator' retrieved from /home/airflow/.local/lib/python3.12/site-packages/airflow/example_dags/example_bash_decorator.py
[2024-10-03T11:28:07.303+0000] {logging_mixin.py:190} INFO - [2024-10-03T11:28:07.303+0000] {dag.py:3239} INFO - Sync 1 DAGs
[2024-10-03T11:28:07.311+0000] {logging_mixin.py:190} INFO - [2024-10-03T11:28:07.311+0000] {dag.py:4180} INFO - Setting next_dagrun for example_bash_decorator to None, run_after=None
[2024-10-03T11:28:07.321+0000] {processor.py:208} INFO - Processing /home/airflow/.local/lib/python3.12/site-packages/airflow/example_dags/example_bash_decorator.py took 0.047 seconds
[2024-10-03T11:28:37.670+0000] {processor.py:186} INFO - Started process (PID=5404) to work on /home/airflow/.local/lib/python3.12/site-packages/airflow/example_dags/example_bash_decorator.py
[2024-10-03T11:28:37.671+0000] {processor.py:914} INFO - Processing file /home/airflow/.local/lib/python3.12/site-packages/airflow/example_dags/example_bash_decorator.py for tasks to queue
[2024-10-03T11:28:37.672+0000] {logging_mixin.py:190} INFO - [2024-10-03T11:28:37.672+0000] {dagbag.py:588} INFO - Filling up the DagBag from /home/airflow/.local/lib/python3.12/site-packages/airflow/example_dags/example_bash_decorator.py
[2024-10-03T11:28:37.680+0000] {processor.py:925} INFO - DAG(s) 'example_bash_decorator' retrieved from /home/airflow/.local/lib/python3.12/site-packages/airflow/example_dags/example_bash_decorator.py
[2024-10-03T11:28:37.692+0000] {logging_mixin.py:190} INFO - [2024-10-03T11:28:37.692+0000] {dag.py:3239} INFO - Sync 1 DAGs
[2024-10-03T11:28:37.699+0000] {logging_mixin.py:190} INFO - [2024-10-03T11:28:37.699+0000] {dag.py:4180} INFO - Setting next_dagrun for example_bash_decorator to None, run_after=None
[2024-10-03T11:28:37.707+0000] {processor.py:208} INFO - Processing /home/airflow/.local/lib/python3.12/site-packages/airflow/example_dags/example_bash_decorator.py took 0.041 seconds
[2024-10-03T11:29:07.907+0000] {processor.py:186} INFO - Started process (PID=5714) to work on /home/airflow/.local/lib/python3.12/site-packages/airflow/example_dags/example_bash_decorator.py
[2024-10-03T11:29:07.908+0000] {processor.py:914} INFO - Processing file /home/airflow/.local/lib/python3.12/site-packages/airflow/example_dags/example_bash_decorator.py for tasks to queue
[2024-10-03T11:29:07.909+0000] {logging_mixin.py:190} INFO - [2024-10-03T11:29:07.909+0000] {dagbag.py:588} INFO - Filling up the DagBag from /home/airflow/.local/lib/python3.12/site-packages/airflow/example_dags/example_bash_decorator.py
[2024-10-03T11:29:07.917+0000] {processor.py:925} INFO - DAG(s) 'example_bash_decorator' retrieved from /home/airflow/.local/lib/python3.12/site-packages/airflow/example_dags/example_bash_decorator.py
[2024-10-03T11:29:07.929+0000] {logging_mixin.py:190} INFO - [2024-10-03T11:29:07.929+0000] {dag.py:3239} INFO - Sync 1 DAGs
[2024-10-03T11:29:07.936+0000] {logging_mixin.py:190} INFO - [2024-10-03T11:29:07.936+0000] {dag.py:4180} INFO - Setting next_dagrun for example_bash_decorator to None, run_after=None
[2024-10-03T11:29:07.944+0000] {processor.py:208} INFO - Processing /home/airflow/.local/lib/python3.12/site-packages/airflow/example_dags/example_bash_decorator.py took 0.040 seconds
[2024-10-03T11:29:38.178+0000] {processor.py:186} INFO - Started process (PID=6000) to work on /home/airflow/.local/lib/python3.12/site-packages/airflow/example_dags/example_bash_decorator.py
[2024-10-03T11:29:38.178+0000] {processor.py:914} INFO - Processing file /home/airflow/.local/lib/python3.12/site-packages/airflow/example_dags/example_bash_decorator.py for tasks to queue
[2024-10-03T11:29:38.180+0000] {logging_mixin.py:190} INFO - [2024-10-03T11:29:38.180+0000] {dagbag.py:588} INFO - Filling up the DagBag from /home/airflow/.local/lib/python3.12/site-packages/airflow/example_dags/example_bash_decorator.py
[2024-10-03T11:29:38.189+0000] {processor.py:925} INFO - DAG(s) 'example_bash_decorator' retrieved from /home/airflow/.local/lib/python3.12/site-packages/airflow/example_dags/example_bash_decorator.py
[2024-10-03T11:29:38.200+0000] {logging_mixin.py:190} INFO - [2024-10-03T11:29:38.200+0000] {dag.py:3239} INFO - Sync 1 DAGs
[2024-10-03T11:29:38.207+0000] {logging_mixin.py:190} INFO - [2024-10-03T11:29:38.207+0000] {dag.py:4180} INFO - Setting next_dagrun for example_bash_decorator to None, run_after=None
[2024-10-03T11:29:38.215+0000] {processor.py:208} INFO - Processing /home/airflow/.local/lib/python3.12/site-packages/airflow/example_dags/example_bash_decorator.py took 0.041 seconds
[2024-10-03T11:30:08.585+0000] {processor.py:186} INFO - Started process (PID=6286) to work on /home/airflow/.local/lib/python3.12/site-packages/airflow/example_dags/example_bash_decorator.py
[2024-10-03T11:30:08.585+0000] {processor.py:914} INFO - Processing file /home/airflow/.local/lib/python3.12/site-packages/airflow/example_dags/example_bash_decorator.py for tasks to queue
[2024-10-03T11:30:08.587+0000] {logging_mixin.py:190} INFO - [2024-10-03T11:30:08.587+0000] {dagbag.py:588} INFO - Filling up the DagBag from /home/airflow/.local/lib/python3.12/site-packages/airflow/example_dags/example_bash_decorator.py
[2024-10-03T11:30:08.595+0000] {processor.py:925} INFO - DAG(s) 'example_bash_decorator' retrieved from /home/airflow/.local/lib/python3.12/site-packages/airflow/example_dags/example_bash_decorator.py
[2024-10-03T11:30:08.610+0000] {logging_mixin.py:190} INFO - [2024-10-03T11:30:08.610+0000] {dag.py:3239} INFO - Sync 1 DAGs
[2024-10-03T11:30:08.617+0000] {logging_mixin.py:190} INFO - [2024-10-03T11:30:08.617+0000] {dag.py:4180} INFO - Setting next_dagrun for example_bash_decorator to None, run_after=None
[2024-10-03T11:30:08.627+0000] {processor.py:208} INFO - Processing /home/airflow/.local/lib/python3.12/site-packages/airflow/example_dags/example_bash_decorator.py took 0.047 seconds
[2024-10-03T11:30:38.943+0000] {processor.py:186} INFO - Started process (PID=6572) to work on /home/airflow/.local/lib/python3.12/site-packages/airflow/example_dags/example_bash_decorator.py
[2024-10-03T11:30:38.943+0000] {processor.py:914} INFO - Processing file /home/airflow/.local/lib/python3.12/site-packages/airflow/example_dags/example_bash_decorator.py for tasks to queue
[2024-10-03T11:30:38.945+0000] {logging_mixin.py:190} INFO - [2024-10-03T11:30:38.944+0000] {dagbag.py:588} INFO - Filling up the DagBag from /home/airflow/.local/lib/python3.12/site-packages/airflow/example_dags/example_bash_decorator.py
[2024-10-03T11:30:38.953+0000] {processor.py:925} INFO - DAG(s) 'example_bash_decorator' retrieved from /home/airflow/.local/lib/python3.12/site-packages/airflow/example_dags/example_bash_decorator.py
[2024-10-03T11:30:38.965+0000] {logging_mixin.py:190} INFO - [2024-10-03T11:30:38.965+0000] {dag.py:3239} INFO - Sync 1 DAGs
[2024-10-03T11:30:38.972+0000] {logging_mixin.py:190} INFO - [2024-10-03T11:30:38.972+0000] {dag.py:4180} INFO - Setting next_dagrun for example_bash_decorator to None, run_after=None
[2024-10-03T11:30:38.980+0000] {processor.py:208} INFO - Processing /home/airflow/.local/lib/python3.12/site-packages/airflow/example_dags/example_bash_decorator.py took 0.041 seconds
[2024-10-03T11:31:09.274+0000] {processor.py:186} INFO - Started process (PID=6858) to work on /home/airflow/.local/lib/python3.12/site-packages/airflow/example_dags/example_bash_decorator.py
[2024-10-03T11:31:09.275+0000] {processor.py:914} INFO - Processing file /home/airflow/.local/lib/python3.12/site-packages/airflow/example_dags/example_bash_decorator.py for tasks to queue
[2024-10-03T11:31:09.276+0000] {logging_mixin.py:190} INFO - [2024-10-03T11:31:09.276+0000] {dagbag.py:588} INFO - Filling up the DagBag from /home/airflow/.local/lib/python3.12/site-packages/airflow/example_dags/example_bash_decorator.py
[2024-10-03T11:31:09.285+0000] {processor.py:925} INFO - DAG(s) 'example_bash_decorator' retrieved from /home/airflow/.local/lib/python3.12/site-packages/airflow/example_dags/example_bash_decorator.py
[2024-10-03T11:31:09.297+0000] {logging_mixin.py:190} INFO - [2024-10-03T11:31:09.297+0000] {dag.py:3239} INFO - Sync 1 DAGs
[2024-10-03T11:31:09.304+0000] {logging_mixin.py:190} INFO - [2024-10-03T11:31:09.304+0000] {dag.py:4180} INFO - Setting next_dagrun for example_bash_decorator to None, run_after=None
[2024-10-03T11:31:09.313+0000] {processor.py:208} INFO - Processing /home/airflow/.local/lib/python3.12/site-packages/airflow/example_dags/example_bash_decorator.py took 0.043 seconds
