[2024-10-03T11:19:31.354+0000] {processor.py:186} INFO - Started process (PID=367) to work on /home/airflow/.local/lib/python3.12/site-packages/airflow/example_dags/example_complex.py
[2024-10-03T11:19:31.354+0000] {processor.py:914} INFO - Processing file /home/airflow/.local/lib/python3.12/site-packages/airflow/example_dags/example_complex.py for tasks to queue
[2024-10-03T11:19:31.355+0000] {logging_mixin.py:190} INFO - [2024-10-03T11:19:31.355+0000] {dagbag.py:588} INFO - Filling up the DagBag from /home/airflow/.local/lib/python3.12/site-packages/airflow/example_dags/example_complex.py
[2024-10-03T11:19:31.363+0000] {processor.py:925} INFO - DAG(s) 'example_complex' retrieved from /home/airflow/.local/lib/python3.12/site-packages/airflow/example_dags/example_complex.py
[2024-10-03T11:19:31.423+0000] {logging_mixin.py:190} INFO - [2024-10-03T11:19:31.422+0000] {override.py:1900} INFO - Created Permission View: can delete on DAG:example_complex
[2024-10-03T11:19:31.428+0000] {logging_mixin.py:190} INFO - [2024-10-03T11:19:31.427+0000] {override.py:1900} INFO - Created Permission View: can read on DAG:example_complex
[2024-10-03T11:19:31.430+0000] {logging_mixin.py:190} INFO - [2024-10-03T11:19:31.430+0000] {override.py:1900} INFO - Created Permission View: can edit on DAG:example_complex
[2024-10-03T11:19:31.433+0000] {logging_mixin.py:190} INFO - [2024-10-03T11:19:31.433+0000] {override.py:1900} INFO - Created Permission View: can read on DAG Run:example_complex
[2024-10-03T11:19:31.435+0000] {logging_mixin.py:190} INFO - [2024-10-03T11:19:31.435+0000] {override.py:1900} INFO - Created Permission View: can create on DAG Run:example_complex
[2024-10-03T11:19:31.438+0000] {logging_mixin.py:190} INFO - [2024-10-03T11:19:31.437+0000] {override.py:1900} INFO - Created Permission View: menu access on DAG Run:example_complex
[2024-10-03T11:19:31.440+0000] {logging_mixin.py:190} INFO - [2024-10-03T11:19:31.440+0000] {override.py:1900} INFO - Created Permission View: can delete on DAG Run:example_complex
[2024-10-03T11:19:31.440+0000] {logging_mixin.py:190} INFO - [2024-10-03T11:19:31.440+0000] {dag.py:3239} INFO - Sync 1 DAGs
[2024-10-03T11:19:31.447+0000] {logging_mixin.py:190} INFO - [2024-10-03T11:19:31.447+0000] {dag.py:3262} INFO - Creating ORM DAG for example_complex
[2024-10-03T11:19:31.447+0000] {logging_mixin.py:190} INFO - [2024-10-03T11:19:31.447+0000] {dag.py:4180} INFO - Setting next_dagrun for example_complex to None, run_after=None
[2024-10-03T11:19:31.456+0000] {processor.py:208} INFO - Processing /home/airflow/.local/lib/python3.12/site-packages/airflow/example_dags/example_complex.py took 0.106 seconds
[2024-10-03T11:20:02.005+0000] {processor.py:186} INFO - Started process (PID=653) to work on /home/airflow/.local/lib/python3.12/site-packages/airflow/example_dags/example_complex.py
[2024-10-03T11:20:02.006+0000] {processor.py:914} INFO - Processing file /home/airflow/.local/lib/python3.12/site-packages/airflow/example_dags/example_complex.py for tasks to queue
[2024-10-03T11:20:02.007+0000] {logging_mixin.py:190} INFO - [2024-10-03T11:20:02.007+0000] {dagbag.py:588} INFO - Filling up the DagBag from /home/airflow/.local/lib/python3.12/site-packages/airflow/example_dags/example_complex.py
[2024-10-03T11:20:02.013+0000] {processor.py:925} INFO - DAG(s) 'example_complex' retrieved from /home/airflow/.local/lib/python3.12/site-packages/airflow/example_dags/example_complex.py
[2024-10-03T11:20:02.028+0000] {logging_mixin.py:190} INFO - [2024-10-03T11:20:02.028+0000] {dag.py:3239} INFO - Sync 1 DAGs
[2024-10-03T11:20:02.035+0000] {logging_mixin.py:190} INFO - [2024-10-03T11:20:02.035+0000] {dag.py:4180} INFO - Setting next_dagrun for example_complex to None, run_after=None
[2024-10-03T11:20:02.045+0000] {processor.py:208} INFO - Processing /home/airflow/.local/lib/python3.12/site-packages/airflow/example_dags/example_complex.py took 0.043 seconds
[2024-10-03T11:20:32.418+0000] {processor.py:186} INFO - Started process (PID=939) to work on /home/airflow/.local/lib/python3.12/site-packages/airflow/example_dags/example_complex.py
[2024-10-03T11:20:32.418+0000] {processor.py:914} INFO - Processing file /home/airflow/.local/lib/python3.12/site-packages/airflow/example_dags/example_complex.py for tasks to queue
[2024-10-03T11:20:32.420+0000] {logging_mixin.py:190} INFO - [2024-10-03T11:20:32.420+0000] {dagbag.py:588} INFO - Filling up the DagBag from /home/airflow/.local/lib/python3.12/site-packages/airflow/example_dags/example_complex.py
[2024-10-03T11:20:32.426+0000] {processor.py:925} INFO - DAG(s) 'example_complex' retrieved from /home/airflow/.local/lib/python3.12/site-packages/airflow/example_dags/example_complex.py
[2024-10-03T11:20:32.441+0000] {logging_mixin.py:190} INFO - [2024-10-03T11:20:32.440+0000] {dag.py:3239} INFO - Sync 1 DAGs
[2024-10-03T11:20:32.447+0000] {logging_mixin.py:190} INFO - [2024-10-03T11:20:32.447+0000] {dag.py:4180} INFO - Setting next_dagrun for example_complex to None, run_after=None
[2024-10-03T11:20:32.456+0000] {processor.py:208} INFO - Processing /home/airflow/.local/lib/python3.12/site-packages/airflow/example_dags/example_complex.py took 0.042 seconds
[2024-10-03T11:21:02.834+0000] {processor.py:186} INFO - Started process (PID=1225) to work on /home/airflow/.local/lib/python3.12/site-packages/airflow/example_dags/example_complex.py
[2024-10-03T11:21:02.835+0000] {processor.py:914} INFO - Processing file /home/airflow/.local/lib/python3.12/site-packages/airflow/example_dags/example_complex.py for tasks to queue
[2024-10-03T11:21:02.836+0000] {logging_mixin.py:190} INFO - [2024-10-03T11:21:02.836+0000] {dagbag.py:588} INFO - Filling up the DagBag from /home/airflow/.local/lib/python3.12/site-packages/airflow/example_dags/example_complex.py
[2024-10-03T11:21:02.843+0000] {processor.py:925} INFO - DAG(s) 'example_complex' retrieved from /home/airflow/.local/lib/python3.12/site-packages/airflow/example_dags/example_complex.py
[2024-10-03T11:21:02.858+0000] {logging_mixin.py:190} INFO - [2024-10-03T11:21:02.858+0000] {dag.py:3239} INFO - Sync 1 DAGs
[2024-10-03T11:21:02.865+0000] {logging_mixin.py:190} INFO - [2024-10-03T11:21:02.865+0000] {dag.py:4180} INFO - Setting next_dagrun for example_complex to None, run_after=None
[2024-10-03T11:21:02.874+0000] {processor.py:208} INFO - Processing /home/airflow/.local/lib/python3.12/site-packages/airflow/example_dags/example_complex.py took 0.043 seconds
[2024-10-03T11:21:33.325+0000] {processor.py:186} INFO - Started process (PID=1511) to work on /home/airflow/.local/lib/python3.12/site-packages/airflow/example_dags/example_complex.py
[2024-10-03T11:21:33.325+0000] {processor.py:914} INFO - Processing file /home/airflow/.local/lib/python3.12/site-packages/airflow/example_dags/example_complex.py for tasks to queue
[2024-10-03T11:21:33.327+0000] {logging_mixin.py:190} INFO - [2024-10-03T11:21:33.327+0000] {dagbag.py:588} INFO - Filling up the DagBag from /home/airflow/.local/lib/python3.12/site-packages/airflow/example_dags/example_complex.py
[2024-10-03T11:21:33.333+0000] {processor.py:925} INFO - DAG(s) 'example_complex' retrieved from /home/airflow/.local/lib/python3.12/site-packages/airflow/example_dags/example_complex.py
[2024-10-03T11:21:33.349+0000] {logging_mixin.py:190} INFO - [2024-10-03T11:21:33.349+0000] {dag.py:3239} INFO - Sync 1 DAGs
[2024-10-03T11:21:33.356+0000] {logging_mixin.py:190} INFO - [2024-10-03T11:21:33.356+0000] {dag.py:4180} INFO - Setting next_dagrun for example_complex to None, run_after=None
[2024-10-03T11:21:33.366+0000] {processor.py:208} INFO - Processing /home/airflow/.local/lib/python3.12/site-packages/airflow/example_dags/example_complex.py took 0.045 seconds
[2024-10-03T11:22:03.765+0000] {processor.py:186} INFO - Started process (PID=1797) to work on /home/airflow/.local/lib/python3.12/site-packages/airflow/example_dags/example_complex.py
[2024-10-03T11:22:03.766+0000] {processor.py:914} INFO - Processing file /home/airflow/.local/lib/python3.12/site-packages/airflow/example_dags/example_complex.py for tasks to queue
[2024-10-03T11:22:03.767+0000] {logging_mixin.py:190} INFO - [2024-10-03T11:22:03.767+0000] {dagbag.py:588} INFO - Filling up the DagBag from /home/airflow/.local/lib/python3.12/site-packages/airflow/example_dags/example_complex.py
[2024-10-03T11:22:03.774+0000] {processor.py:925} INFO - DAG(s) 'example_complex' retrieved from /home/airflow/.local/lib/python3.12/site-packages/airflow/example_dags/example_complex.py
[2024-10-03T11:22:03.789+0000] {logging_mixin.py:190} INFO - [2024-10-03T11:22:03.789+0000] {dag.py:3239} INFO - Sync 1 DAGs
[2024-10-03T11:22:03.797+0000] {logging_mixin.py:190} INFO - [2024-10-03T11:22:03.796+0000] {dag.py:4180} INFO - Setting next_dagrun for example_complex to None, run_after=None
[2024-10-03T11:22:03.806+0000] {processor.py:208} INFO - Processing /home/airflow/.local/lib/python3.12/site-packages/airflow/example_dags/example_complex.py took 0.044 seconds
[2024-10-03T11:22:34.298+0000] {processor.py:186} INFO - Started process (PID=2083) to work on /home/airflow/.local/lib/python3.12/site-packages/airflow/example_dags/example_complex.py
[2024-10-03T11:22:34.299+0000] {processor.py:914} INFO - Processing file /home/airflow/.local/lib/python3.12/site-packages/airflow/example_dags/example_complex.py for tasks to queue
[2024-10-03T11:22:34.301+0000] {logging_mixin.py:190} INFO - [2024-10-03T11:22:34.301+0000] {dagbag.py:588} INFO - Filling up the DagBag from /home/airflow/.local/lib/python3.12/site-packages/airflow/example_dags/example_complex.py
[2024-10-03T11:22:34.308+0000] {processor.py:925} INFO - DAG(s) 'example_complex' retrieved from /home/airflow/.local/lib/python3.12/site-packages/airflow/example_dags/example_complex.py
[2024-10-03T11:22:34.326+0000] {logging_mixin.py:190} INFO - [2024-10-03T11:22:34.326+0000] {dag.py:3239} INFO - Sync 1 DAGs
[2024-10-03T11:22:34.333+0000] {logging_mixin.py:190} INFO - [2024-10-03T11:22:34.333+0000] {dag.py:4180} INFO - Setting next_dagrun for example_complex to None, run_after=None
[2024-10-03T11:22:34.345+0000] {processor.py:208} INFO - Processing /home/airflow/.local/lib/python3.12/site-packages/airflow/example_dags/example_complex.py took 0.050 seconds
[2024-10-03T11:23:04.889+0000] {processor.py:186} INFO - Started process (PID=2369) to work on /home/airflow/.local/lib/python3.12/site-packages/airflow/example_dags/example_complex.py
[2024-10-03T11:23:04.890+0000] {processor.py:914} INFO - Processing file /home/airflow/.local/lib/python3.12/site-packages/airflow/example_dags/example_complex.py for tasks to queue
[2024-10-03T11:23:04.891+0000] {logging_mixin.py:190} INFO - [2024-10-03T11:23:04.891+0000] {dagbag.py:588} INFO - Filling up the DagBag from /home/airflow/.local/lib/python3.12/site-packages/airflow/example_dags/example_complex.py
[2024-10-03T11:23:04.897+0000] {processor.py:925} INFO - DAG(s) 'example_complex' retrieved from /home/airflow/.local/lib/python3.12/site-packages/airflow/example_dags/example_complex.py
[2024-10-03T11:23:04.912+0000] {logging_mixin.py:190} INFO - [2024-10-03T11:23:04.912+0000] {dag.py:3239} INFO - Sync 1 DAGs
[2024-10-03T11:23:04.920+0000] {logging_mixin.py:190} INFO - [2024-10-03T11:23:04.920+0000] {dag.py:4180} INFO - Setting next_dagrun for example_complex to None, run_after=None
[2024-10-03T11:23:04.929+0000] {processor.py:208} INFO - Processing /home/airflow/.local/lib/python3.12/site-packages/airflow/example_dags/example_complex.py took 0.043 seconds
[2024-10-03T11:23:35.113+0000] {processor.py:186} INFO - Started process (PID=2655) to work on /home/airflow/.local/lib/python3.12/site-packages/airflow/example_dags/example_complex.py
[2024-10-03T11:23:35.113+0000] {processor.py:914} INFO - Processing file /home/airflow/.local/lib/python3.12/site-packages/airflow/example_dags/example_complex.py for tasks to queue
[2024-10-03T11:23:35.114+0000] {logging_mixin.py:190} INFO - [2024-10-03T11:23:35.114+0000] {dagbag.py:588} INFO - Filling up the DagBag from /home/airflow/.local/lib/python3.12/site-packages/airflow/example_dags/example_complex.py
[2024-10-03T11:23:35.120+0000] {processor.py:925} INFO - DAG(s) 'example_complex' retrieved from /home/airflow/.local/lib/python3.12/site-packages/airflow/example_dags/example_complex.py
[2024-10-03T11:23:35.135+0000] {logging_mixin.py:190} INFO - [2024-10-03T11:23:35.135+0000] {dag.py:3239} INFO - Sync 1 DAGs
[2024-10-03T11:23:35.142+0000] {logging_mixin.py:190} INFO - [2024-10-03T11:23:35.141+0000] {dag.py:4180} INFO - Setting next_dagrun for example_complex to None, run_after=None
[2024-10-03T11:23:35.150+0000] {processor.py:208} INFO - Processing /home/airflow/.local/lib/python3.12/site-packages/airflow/example_dags/example_complex.py took 0.040 seconds
[2024-10-03T11:24:05.490+0000] {processor.py:186} INFO - Started process (PID=2941) to work on /home/airflow/.local/lib/python3.12/site-packages/airflow/example_dags/example_complex.py
[2024-10-03T11:24:05.491+0000] {processor.py:914} INFO - Processing file /home/airflow/.local/lib/python3.12/site-packages/airflow/example_dags/example_complex.py for tasks to queue
[2024-10-03T11:24:05.492+0000] {logging_mixin.py:190} INFO - [2024-10-03T11:24:05.492+0000] {dagbag.py:588} INFO - Filling up the DagBag from /home/airflow/.local/lib/python3.12/site-packages/airflow/example_dags/example_complex.py
[2024-10-03T11:24:05.498+0000] {processor.py:925} INFO - DAG(s) 'example_complex' retrieved from /home/airflow/.local/lib/python3.12/site-packages/airflow/example_dags/example_complex.py
[2024-10-03T11:24:05.513+0000] {logging_mixin.py:190} INFO - [2024-10-03T11:24:05.513+0000] {dag.py:3239} INFO - Sync 1 DAGs
[2024-10-03T11:24:05.521+0000] {logging_mixin.py:190} INFO - [2024-10-03T11:24:05.520+0000] {dag.py:4180} INFO - Setting next_dagrun for example_complex to None, run_after=None
[2024-10-03T11:24:05.529+0000] {processor.py:208} INFO - Processing /home/airflow/.local/lib/python3.12/site-packages/airflow/example_dags/example_complex.py took 0.043 seconds
[2024-10-03T11:24:36.093+0000] {processor.py:186} INFO - Started process (PID=3227) to work on /home/airflow/.local/lib/python3.12/site-packages/airflow/example_dags/example_complex.py
[2024-10-03T11:24:36.093+0000] {processor.py:914} INFO - Processing file /home/airflow/.local/lib/python3.12/site-packages/airflow/example_dags/example_complex.py for tasks to queue
[2024-10-03T11:24:36.095+0000] {logging_mixin.py:190} INFO - [2024-10-03T11:24:36.095+0000] {dagbag.py:588} INFO - Filling up the DagBag from /home/airflow/.local/lib/python3.12/site-packages/airflow/example_dags/example_complex.py
[2024-10-03T11:24:36.101+0000] {processor.py:925} INFO - DAG(s) 'example_complex' retrieved from /home/airflow/.local/lib/python3.12/site-packages/airflow/example_dags/example_complex.py
[2024-10-03T11:24:36.116+0000] {logging_mixin.py:190} INFO - [2024-10-03T11:24:36.116+0000] {dag.py:3239} INFO - Sync 1 DAGs
[2024-10-03T11:24:36.123+0000] {logging_mixin.py:190} INFO - [2024-10-03T11:24:36.123+0000] {dag.py:4180} INFO - Setting next_dagrun for example_complex to None, run_after=None
[2024-10-03T11:24:36.132+0000] {processor.py:208} INFO - Processing /home/airflow/.local/lib/python3.12/site-packages/airflow/example_dags/example_complex.py took 0.043 seconds
[2024-10-03T11:25:06.612+0000] {processor.py:186} INFO - Started process (PID=3513) to work on /home/airflow/.local/lib/python3.12/site-packages/airflow/example_dags/example_complex.py
[2024-10-03T11:25:06.613+0000] {processor.py:914} INFO - Processing file /home/airflow/.local/lib/python3.12/site-packages/airflow/example_dags/example_complex.py for tasks to queue
[2024-10-03T11:25:06.614+0000] {logging_mixin.py:190} INFO - [2024-10-03T11:25:06.614+0000] {dagbag.py:588} INFO - Filling up the DagBag from /home/airflow/.local/lib/python3.12/site-packages/airflow/example_dags/example_complex.py
[2024-10-03T11:25:06.620+0000] {processor.py:925} INFO - DAG(s) 'example_complex' retrieved from /home/airflow/.local/lib/python3.12/site-packages/airflow/example_dags/example_complex.py
[2024-10-03T11:25:06.636+0000] {logging_mixin.py:190} INFO - [2024-10-03T11:25:06.636+0000] {dag.py:3239} INFO - Sync 1 DAGs
[2024-10-03T11:25:06.643+0000] {logging_mixin.py:190} INFO - [2024-10-03T11:25:06.643+0000] {dag.py:4180} INFO - Setting next_dagrun for example_complex to None, run_after=None
[2024-10-03T11:25:06.652+0000] {processor.py:208} INFO - Processing /home/airflow/.local/lib/python3.12/site-packages/airflow/example_dags/example_complex.py took 0.044 seconds
[2024-10-03T11:25:37.120+0000] {processor.py:186} INFO - Started process (PID=3799) to work on /home/airflow/.local/lib/python3.12/site-packages/airflow/example_dags/example_complex.py
[2024-10-03T11:25:37.121+0000] {processor.py:914} INFO - Processing file /home/airflow/.local/lib/python3.12/site-packages/airflow/example_dags/example_complex.py for tasks to queue
[2024-10-03T11:25:37.123+0000] {logging_mixin.py:190} INFO - [2024-10-03T11:25:37.123+0000] {dagbag.py:588} INFO - Filling up the DagBag from /home/airflow/.local/lib/python3.12/site-packages/airflow/example_dags/example_complex.py
[2024-10-03T11:25:37.134+0000] {processor.py:925} INFO - DAG(s) 'example_complex' retrieved from /home/airflow/.local/lib/python3.12/site-packages/airflow/example_dags/example_complex.py
[2024-10-03T11:25:37.152+0000] {logging_mixin.py:190} INFO - [2024-10-03T11:25:37.152+0000] {dag.py:3239} INFO - Sync 1 DAGs
[2024-10-03T11:25:37.161+0000] {logging_mixin.py:190} INFO - [2024-10-03T11:25:37.161+0000] {dag.py:4180} INFO - Setting next_dagrun for example_complex to None, run_after=None
[2024-10-03T11:25:37.172+0000] {processor.py:208} INFO - Processing /home/airflow/.local/lib/python3.12/site-packages/airflow/example_dags/example_complex.py took 0.056 seconds
[2024-10-03T11:26:07.622+0000] {processor.py:186} INFO - Started process (PID=4089) to work on /home/airflow/.local/lib/python3.12/site-packages/airflow/example_dags/example_complex.py
[2024-10-03T11:26:07.623+0000] {processor.py:914} INFO - Processing file /home/airflow/.local/lib/python3.12/site-packages/airflow/example_dags/example_complex.py for tasks to queue
[2024-10-03T11:26:07.624+0000] {logging_mixin.py:190} INFO - [2024-10-03T11:26:07.624+0000] {dagbag.py:588} INFO - Filling up the DagBag from /home/airflow/.local/lib/python3.12/site-packages/airflow/example_dags/example_complex.py
[2024-10-03T11:26:07.631+0000] {processor.py:925} INFO - DAG(s) 'example_complex' retrieved from /home/airflow/.local/lib/python3.12/site-packages/airflow/example_dags/example_complex.py
[2024-10-03T11:26:07.647+0000] {logging_mixin.py:190} INFO - [2024-10-03T11:26:07.646+0000] {dag.py:3239} INFO - Sync 1 DAGs
[2024-10-03T11:26:07.654+0000] {logging_mixin.py:190} INFO - [2024-10-03T11:26:07.654+0000] {dag.py:4180} INFO - Setting next_dagrun for example_complex to None, run_after=None
[2024-10-03T11:26:07.664+0000] {processor.py:208} INFO - Processing /home/airflow/.local/lib/python3.12/site-packages/airflow/example_dags/example_complex.py took 0.046 seconds
[2024-10-03T11:26:38.010+0000] {processor.py:186} INFO - Started process (PID=4380) to work on /home/airflow/.local/lib/python3.12/site-packages/airflow/example_dags/example_complex.py
[2024-10-03T11:26:38.011+0000] {processor.py:914} INFO - Processing file /home/airflow/.local/lib/python3.12/site-packages/airflow/example_dags/example_complex.py for tasks to queue
[2024-10-03T11:26:38.012+0000] {logging_mixin.py:190} INFO - [2024-10-03T11:26:38.012+0000] {dagbag.py:588} INFO - Filling up the DagBag from /home/airflow/.local/lib/python3.12/site-packages/airflow/example_dags/example_complex.py
[2024-10-03T11:26:38.018+0000] {processor.py:925} INFO - DAG(s) 'example_complex' retrieved from /home/airflow/.local/lib/python3.12/site-packages/airflow/example_dags/example_complex.py
[2024-10-03T11:26:38.049+0000] {logging_mixin.py:190} INFO - [2024-10-03T11:26:38.049+0000] {dag.py:3239} INFO - Sync 1 DAGs
[2024-10-03T11:26:38.075+0000] {logging_mixin.py:190} INFO - [2024-10-03T11:26:38.074+0000] {dag.py:4180} INFO - Setting next_dagrun for example_complex to None, run_after=None
[2024-10-03T11:26:38.086+0000] {processor.py:208} INFO - Processing /home/airflow/.local/lib/python3.12/site-packages/airflow/example_dags/example_complex.py took 0.080 seconds
[2024-10-03T11:27:08.478+0000] {processor.py:186} INFO - Started process (PID=4666) to work on /home/airflow/.local/lib/python3.12/site-packages/airflow/example_dags/example_complex.py
[2024-10-03T11:27:08.478+0000] {processor.py:914} INFO - Processing file /home/airflow/.local/lib/python3.12/site-packages/airflow/example_dags/example_complex.py for tasks to queue
[2024-10-03T11:27:08.480+0000] {logging_mixin.py:190} INFO - [2024-10-03T11:27:08.480+0000] {dagbag.py:588} INFO - Filling up the DagBag from /home/airflow/.local/lib/python3.12/site-packages/airflow/example_dags/example_complex.py
[2024-10-03T11:27:08.485+0000] {processor.py:925} INFO - DAG(s) 'example_complex' retrieved from /home/airflow/.local/lib/python3.12/site-packages/airflow/example_dags/example_complex.py
[2024-10-03T11:27:08.500+0000] {logging_mixin.py:190} INFO - [2024-10-03T11:27:08.500+0000] {dag.py:3239} INFO - Sync 1 DAGs
[2024-10-03T11:27:08.507+0000] {logging_mixin.py:190} INFO - [2024-10-03T11:27:08.507+0000] {dag.py:4180} INFO - Setting next_dagrun for example_complex to None, run_after=None
[2024-10-03T11:27:08.516+0000] {processor.py:208} INFO - Processing /home/airflow/.local/lib/python3.12/site-packages/airflow/example_dags/example_complex.py took 0.042 seconds
[2024-10-03T11:27:38.833+0000] {processor.py:186} INFO - Started process (PID=4952) to work on /home/airflow/.local/lib/python3.12/site-packages/airflow/example_dags/example_complex.py
[2024-10-03T11:27:38.834+0000] {processor.py:914} INFO - Processing file /home/airflow/.local/lib/python3.12/site-packages/airflow/example_dags/example_complex.py for tasks to queue
[2024-10-03T11:27:38.835+0000] {logging_mixin.py:190} INFO - [2024-10-03T11:27:38.835+0000] {dagbag.py:588} INFO - Filling up the DagBag from /home/airflow/.local/lib/python3.12/site-packages/airflow/example_dags/example_complex.py
[2024-10-03T11:27:38.842+0000] {processor.py:925} INFO - DAG(s) 'example_complex' retrieved from /home/airflow/.local/lib/python3.12/site-packages/airflow/example_dags/example_complex.py
[2024-10-03T11:27:38.858+0000] {logging_mixin.py:190} INFO - [2024-10-03T11:27:38.857+0000] {dag.py:3239} INFO - Sync 1 DAGs
[2024-10-03T11:27:38.864+0000] {logging_mixin.py:190} INFO - [2024-10-03T11:27:38.864+0000] {dag.py:4180} INFO - Setting next_dagrun for example_complex to None, run_after=None
[2024-10-03T11:27:38.873+0000] {processor.py:208} INFO - Processing /home/airflow/.local/lib/python3.12/site-packages/airflow/example_dags/example_complex.py took 0.044 seconds
[2024-10-03T11:28:09.247+0000] {processor.py:186} INFO - Started process (PID=5238) to work on /home/airflow/.local/lib/python3.12/site-packages/airflow/example_dags/example_complex.py
[2024-10-03T11:28:09.248+0000] {processor.py:914} INFO - Processing file /home/airflow/.local/lib/python3.12/site-packages/airflow/example_dags/example_complex.py for tasks to queue
[2024-10-03T11:28:09.249+0000] {logging_mixin.py:190} INFO - [2024-10-03T11:28:09.249+0000] {dagbag.py:588} INFO - Filling up the DagBag from /home/airflow/.local/lib/python3.12/site-packages/airflow/example_dags/example_complex.py
[2024-10-03T11:28:09.255+0000] {processor.py:925} INFO - DAG(s) 'example_complex' retrieved from /home/airflow/.local/lib/python3.12/site-packages/airflow/example_dags/example_complex.py
[2024-10-03T11:28:09.269+0000] {logging_mixin.py:190} INFO - [2024-10-03T11:28:09.269+0000] {dag.py:3239} INFO - Sync 1 DAGs
[2024-10-03T11:28:09.275+0000] {logging_mixin.py:190} INFO - [2024-10-03T11:28:09.275+0000] {dag.py:4180} INFO - Setting next_dagrun for example_complex to None, run_after=None
[2024-10-03T11:28:09.283+0000] {processor.py:208} INFO - Processing /home/airflow/.local/lib/python3.12/site-packages/airflow/example_dags/example_complex.py took 0.039 seconds
[2024-10-03T11:28:39.578+0000] {processor.py:186} INFO - Started process (PID=5524) to work on /home/airflow/.local/lib/python3.12/site-packages/airflow/example_dags/example_complex.py
[2024-10-03T11:28:39.579+0000] {processor.py:914} INFO - Processing file /home/airflow/.local/lib/python3.12/site-packages/airflow/example_dags/example_complex.py for tasks to queue
[2024-10-03T11:28:39.581+0000] {logging_mixin.py:190} INFO - [2024-10-03T11:28:39.580+0000] {dagbag.py:588} INFO - Filling up the DagBag from /home/airflow/.local/lib/python3.12/site-packages/airflow/example_dags/example_complex.py
[2024-10-03T11:28:39.587+0000] {processor.py:925} INFO - DAG(s) 'example_complex' retrieved from /home/airflow/.local/lib/python3.12/site-packages/airflow/example_dags/example_complex.py
[2024-10-03T11:28:39.603+0000] {logging_mixin.py:190} INFO - [2024-10-03T11:28:39.603+0000] {dag.py:3239} INFO - Sync 1 DAGs
[2024-10-03T11:28:39.611+0000] {logging_mixin.py:190} INFO - [2024-10-03T11:28:39.611+0000] {dag.py:4180} INFO - Setting next_dagrun for example_complex to None, run_after=None
[2024-10-03T11:28:39.621+0000] {processor.py:208} INFO - Processing /home/airflow/.local/lib/python3.12/site-packages/airflow/example_dags/example_complex.py took 0.046 seconds
[2024-10-03T11:29:09.781+0000] {processor.py:186} INFO - Started process (PID=5834) to work on /home/airflow/.local/lib/python3.12/site-packages/airflow/example_dags/example_complex.py
[2024-10-03T11:29:09.782+0000] {processor.py:914} INFO - Processing file /home/airflow/.local/lib/python3.12/site-packages/airflow/example_dags/example_complex.py for tasks to queue
[2024-10-03T11:29:09.783+0000] {logging_mixin.py:190} INFO - [2024-10-03T11:29:09.783+0000] {dagbag.py:588} INFO - Filling up the DagBag from /home/airflow/.local/lib/python3.12/site-packages/airflow/example_dags/example_complex.py
[2024-10-03T11:29:09.789+0000] {processor.py:925} INFO - DAG(s) 'example_complex' retrieved from /home/airflow/.local/lib/python3.12/site-packages/airflow/example_dags/example_complex.py
[2024-10-03T11:29:09.805+0000] {logging_mixin.py:190} INFO - [2024-10-03T11:29:09.805+0000] {dag.py:3239} INFO - Sync 1 DAGs
[2024-10-03T11:29:09.812+0000] {logging_mixin.py:190} INFO - [2024-10-03T11:29:09.812+0000] {dag.py:4180} INFO - Setting next_dagrun for example_complex to None, run_after=None
[2024-10-03T11:29:09.820+0000] {processor.py:208} INFO - Processing /home/airflow/.local/lib/python3.12/site-packages/airflow/example_dags/example_complex.py took 0.042 seconds
[2024-10-03T11:29:40.142+0000] {processor.py:186} INFO - Started process (PID=6120) to work on /home/airflow/.local/lib/python3.12/site-packages/airflow/example_dags/example_complex.py
[2024-10-03T11:29:40.143+0000] {processor.py:914} INFO - Processing file /home/airflow/.local/lib/python3.12/site-packages/airflow/example_dags/example_complex.py for tasks to queue
[2024-10-03T11:29:40.145+0000] {logging_mixin.py:190} INFO - [2024-10-03T11:29:40.145+0000] {dagbag.py:588} INFO - Filling up the DagBag from /home/airflow/.local/lib/python3.12/site-packages/airflow/example_dags/example_complex.py
[2024-10-03T11:29:40.152+0000] {processor.py:925} INFO - DAG(s) 'example_complex' retrieved from /home/airflow/.local/lib/python3.12/site-packages/airflow/example_dags/example_complex.py
[2024-10-03T11:29:40.168+0000] {logging_mixin.py:190} INFO - [2024-10-03T11:29:40.168+0000] {dag.py:3239} INFO - Sync 1 DAGs
[2024-10-03T11:29:40.176+0000] {logging_mixin.py:190} INFO - [2024-10-03T11:29:40.176+0000] {dag.py:4180} INFO - Setting next_dagrun for example_complex to None, run_after=None
[2024-10-03T11:29:40.186+0000] {processor.py:208} INFO - Processing /home/airflow/.local/lib/python3.12/site-packages/airflow/example_dags/example_complex.py took 0.047 seconds
[2024-10-03T11:30:10.532+0000] {processor.py:186} INFO - Started process (PID=6406) to work on /home/airflow/.local/lib/python3.12/site-packages/airflow/example_dags/example_complex.py
[2024-10-03T11:30:10.532+0000] {processor.py:914} INFO - Processing file /home/airflow/.local/lib/python3.12/site-packages/airflow/example_dags/example_complex.py for tasks to queue
[2024-10-03T11:30:10.534+0000] {logging_mixin.py:190} INFO - [2024-10-03T11:30:10.534+0000] {dagbag.py:588} INFO - Filling up the DagBag from /home/airflow/.local/lib/python3.12/site-packages/airflow/example_dags/example_complex.py
[2024-10-03T11:30:10.540+0000] {processor.py:925} INFO - DAG(s) 'example_complex' retrieved from /home/airflow/.local/lib/python3.12/site-packages/airflow/example_dags/example_complex.py
[2024-10-03T11:30:10.556+0000] {logging_mixin.py:190} INFO - [2024-10-03T11:30:10.556+0000] {dag.py:3239} INFO - Sync 1 DAGs
[2024-10-03T11:30:10.564+0000] {logging_mixin.py:190} INFO - [2024-10-03T11:30:10.564+0000] {dag.py:4180} INFO - Setting next_dagrun for example_complex to None, run_after=None
[2024-10-03T11:30:10.573+0000] {processor.py:208} INFO - Processing /home/airflow/.local/lib/python3.12/site-packages/airflow/example_dags/example_complex.py took 0.045 seconds
[2024-10-03T11:30:40.871+0000] {processor.py:186} INFO - Started process (PID=6692) to work on /home/airflow/.local/lib/python3.12/site-packages/airflow/example_dags/example_complex.py
[2024-10-03T11:30:40.872+0000] {processor.py:914} INFO - Processing file /home/airflow/.local/lib/python3.12/site-packages/airflow/example_dags/example_complex.py for tasks to queue
[2024-10-03T11:30:40.873+0000] {logging_mixin.py:190} INFO - [2024-10-03T11:30:40.873+0000] {dagbag.py:588} INFO - Filling up the DagBag from /home/airflow/.local/lib/python3.12/site-packages/airflow/example_dags/example_complex.py
[2024-10-03T11:30:40.879+0000] {processor.py:925} INFO - DAG(s) 'example_complex' retrieved from /home/airflow/.local/lib/python3.12/site-packages/airflow/example_dags/example_complex.py
[2024-10-03T11:30:40.895+0000] {logging_mixin.py:190} INFO - [2024-10-03T11:30:40.895+0000] {dag.py:3239} INFO - Sync 1 DAGs
[2024-10-03T11:30:40.902+0000] {logging_mixin.py:190} INFO - [2024-10-03T11:30:40.902+0000] {dag.py:4180} INFO - Setting next_dagrun for example_complex to None, run_after=None
[2024-10-03T11:30:40.910+0000] {processor.py:208} INFO - Processing /home/airflow/.local/lib/python3.12/site-packages/airflow/example_dags/example_complex.py took 0.043 seconds
[2024-10-03T11:31:11.188+0000] {processor.py:186} INFO - Started process (PID=6978) to work on /home/airflow/.local/lib/python3.12/site-packages/airflow/example_dags/example_complex.py
[2024-10-03T11:31:11.189+0000] {processor.py:914} INFO - Processing file /home/airflow/.local/lib/python3.12/site-packages/airflow/example_dags/example_complex.py for tasks to queue
[2024-10-03T11:31:11.190+0000] {logging_mixin.py:190} INFO - [2024-10-03T11:31:11.190+0000] {dagbag.py:588} INFO - Filling up the DagBag from /home/airflow/.local/lib/python3.12/site-packages/airflow/example_dags/example_complex.py
[2024-10-03T11:31:11.197+0000] {processor.py:925} INFO - DAG(s) 'example_complex' retrieved from /home/airflow/.local/lib/python3.12/site-packages/airflow/example_dags/example_complex.py
[2024-10-03T11:31:11.214+0000] {logging_mixin.py:190} INFO - [2024-10-03T11:31:11.214+0000] {dag.py:3239} INFO - Sync 1 DAGs
[2024-10-03T11:31:11.221+0000] {logging_mixin.py:190} INFO - [2024-10-03T11:31:11.221+0000] {dag.py:4180} INFO - Setting next_dagrun for example_complex to None, run_after=None
[2024-10-03T11:31:11.230+0000] {processor.py:208} INFO - Processing /home/airflow/.local/lib/python3.12/site-packages/airflow/example_dags/example_complex.py took 0.046 seconds
