[2024-10-03T11:19:31.201+0000] {processor.py:186} INFO - Started process (PID=357) to work on /home/airflow/.local/lib/python3.12/site-packages/airflow/example_dags/example_inlet_event_extra.py
[2024-10-03T11:19:31.202+0000] {processor.py:914} INFO - Processing file /home/airflow/.local/lib/python3.12/site-packages/airflow/example_dags/example_inlet_event_extra.py for tasks to queue
[2024-10-03T11:19:31.203+0000] {logging_mixin.py:190} INFO - [2024-10-03T11:19:31.203+0000] {dagbag.py:588} INFO - Filling up the DagBag from /home/airflow/.local/lib/python3.12/site-packages/airflow/example_dags/example_inlet_event_extra.py
[2024-10-03T11:19:31.276+0000] {processor.py:925} INFO - DAG(s) 'read_dataset_event_from_classic', 'read_dataset_event' retrieved from /home/airflow/.local/lib/python3.12/site-packages/airflow/example_dags/example_inlet_event_extra.py
[2024-10-03T11:19:31.333+0000] {logging_mixin.py:190} INFO - [2024-10-03T11:19:31.332+0000] {override.py:1900} INFO - Created Permission View: can delete on DAG:read_dataset_event_from_classic
[2024-10-03T11:19:31.337+0000] {logging_mixin.py:190} INFO - [2024-10-03T11:19:31.337+0000] {override.py:1900} INFO - Created Permission View: can read on DAG:read_dataset_event_from_classic
[2024-10-03T11:19:31.341+0000] {logging_mixin.py:190} INFO - [2024-10-03T11:19:31.340+0000] {override.py:1900} INFO - Created Permission View: can edit on DAG:read_dataset_event_from_classic
[2024-10-03T11:19:31.343+0000] {logging_mixin.py:190} INFO - [2024-10-03T11:19:31.343+0000] {override.py:1900} INFO - Created Permission View: can read on DAG Run:read_dataset_event_from_classic
[2024-10-03T11:19:31.346+0000] {logging_mixin.py:190} INFO - [2024-10-03T11:19:31.346+0000] {override.py:1900} INFO - Created Permission View: can create on DAG Run:read_dataset_event_from_classic
[2024-10-03T11:19:31.349+0000] {logging_mixin.py:190} INFO - [2024-10-03T11:19:31.349+0000] {override.py:1900} INFO - Created Permission View: menu access on DAG Run:read_dataset_event_from_classic
[2024-10-03T11:19:31.352+0000] {logging_mixin.py:190} INFO - [2024-10-03T11:19:31.352+0000] {override.py:1900} INFO - Created Permission View: can delete on DAG Run:read_dataset_event_from_classic
[2024-10-03T11:19:31.358+0000] {logging_mixin.py:190} INFO - [2024-10-03T11:19:31.358+0000] {override.py:1900} INFO - Created Permission View: can delete on DAG:read_dataset_event
[2024-10-03T11:19:31.361+0000] {logging_mixin.py:190} INFO - [2024-10-03T11:19:31.361+0000] {override.py:1900} INFO - Created Permission View: can read on DAG:read_dataset_event
[2024-10-03T11:19:31.363+0000] {logging_mixin.py:190} INFO - [2024-10-03T11:19:31.363+0000] {override.py:1900} INFO - Created Permission View: can edit on DAG:read_dataset_event
[2024-10-03T11:19:31.366+0000] {logging_mixin.py:190} INFO - [2024-10-03T11:19:31.366+0000] {override.py:1900} INFO - Created Permission View: can read on DAG Run:read_dataset_event
[2024-10-03T11:19:31.369+0000] {logging_mixin.py:190} INFO - [2024-10-03T11:19:31.369+0000] {override.py:1900} INFO - Created Permission View: can create on DAG Run:read_dataset_event
[2024-10-03T11:19:31.371+0000] {logging_mixin.py:190} INFO - [2024-10-03T11:19:31.371+0000] {override.py:1900} INFO - Created Permission View: menu access on DAG Run:read_dataset_event
[2024-10-03T11:19:31.374+0000] {logging_mixin.py:190} INFO - [2024-10-03T11:19:31.374+0000] {override.py:1900} INFO - Created Permission View: can delete on DAG Run:read_dataset_event
[2024-10-03T11:19:31.374+0000] {logging_mixin.py:190} INFO - [2024-10-03T11:19:31.374+0000] {dag.py:3239} INFO - Sync 2 DAGs
[2024-10-03T11:19:31.380+0000] {logging_mixin.py:190} INFO - [2024-10-03T11:19:31.380+0000] {dag.py:3262} INFO - Creating ORM DAG for read_dataset_event
[2024-10-03T11:19:31.381+0000] {logging_mixin.py:190} INFO - [2024-10-03T11:19:31.381+0000] {dag.py:3262} INFO - Creating ORM DAG for read_dataset_event_from_classic
[2024-10-03T11:19:31.386+0000] {logging_mixin.py:190} INFO - [2024-10-03T11:19:31.386+0000] {dag.py:4180} INFO - Setting next_dagrun for read_dataset_event to 2024-10-02 00:00:00+00:00, run_after=2024-10-03 00:00:00+00:00
[2024-10-03T11:19:31.387+0000] {logging_mixin.py:190} INFO - [2024-10-03T11:19:31.387+0000] {dag.py:4180} INFO - Setting next_dagrun for read_dataset_event_from_classic to 2024-10-02 00:00:00+00:00, run_after=2024-10-03 00:00:00+00:00
[2024-10-03T11:19:31.396+0000] {processor.py:208} INFO - Processing /home/airflow/.local/lib/python3.12/site-packages/airflow/example_dags/example_inlet_event_extra.py took 0.199 seconds
[2024-10-03T11:20:01.881+0000] {processor.py:186} INFO - Started process (PID=645) to work on /home/airflow/.local/lib/python3.12/site-packages/airflow/example_dags/example_inlet_event_extra.py
[2024-10-03T11:20:01.881+0000] {processor.py:914} INFO - Processing file /home/airflow/.local/lib/python3.12/site-packages/airflow/example_dags/example_inlet_event_extra.py for tasks to queue
[2024-10-03T11:20:01.883+0000] {logging_mixin.py:190} INFO - [2024-10-03T11:20:01.882+0000] {dagbag.py:588} INFO - Filling up the DagBag from /home/airflow/.local/lib/python3.12/site-packages/airflow/example_dags/example_inlet_event_extra.py
[2024-10-03T11:20:01.945+0000] {processor.py:925} INFO - DAG(s) 'read_dataset_event', 'read_dataset_event_from_classic' retrieved from /home/airflow/.local/lib/python3.12/site-packages/airflow/example_dags/example_inlet_event_extra.py
[2024-10-03T11:20:01.957+0000] {logging_mixin.py:190} INFO - [2024-10-03T11:20:01.957+0000] {dag.py:3239} INFO - Sync 2 DAGs
[2024-10-03T11:20:01.971+0000] {logging_mixin.py:190} INFO - [2024-10-03T11:20:01.971+0000] {dag.py:4180} INFO - Setting next_dagrun for read_dataset_event to 2024-10-02 00:00:00+00:00, run_after=2024-10-03 00:00:00+00:00
[2024-10-03T11:20:01.974+0000] {logging_mixin.py:190} INFO - [2024-10-03T11:20:01.973+0000] {dag.py:4180} INFO - Setting next_dagrun for read_dataset_event_from_classic to 2024-10-02 00:00:00+00:00, run_after=2024-10-03 00:00:00+00:00
[2024-10-03T11:20:01.982+0000] {processor.py:208} INFO - Processing /home/airflow/.local/lib/python3.12/site-packages/airflow/example_dags/example_inlet_event_extra.py took 0.105 seconds
[2024-10-03T11:20:32.296+0000] {processor.py:186} INFO - Started process (PID=931) to work on /home/airflow/.local/lib/python3.12/site-packages/airflow/example_dags/example_inlet_event_extra.py
[2024-10-03T11:20:32.297+0000] {processor.py:914} INFO - Processing file /home/airflow/.local/lib/python3.12/site-packages/airflow/example_dags/example_inlet_event_extra.py for tasks to queue
[2024-10-03T11:20:32.298+0000] {logging_mixin.py:190} INFO - [2024-10-03T11:20:32.298+0000] {dagbag.py:588} INFO - Filling up the DagBag from /home/airflow/.local/lib/python3.12/site-packages/airflow/example_dags/example_inlet_event_extra.py
[2024-10-03T11:20:32.361+0000] {processor.py:925} INFO - DAG(s) 'read_dataset_event', 'read_dataset_event_from_classic' retrieved from /home/airflow/.local/lib/python3.12/site-packages/airflow/example_dags/example_inlet_event_extra.py
[2024-10-03T11:20:32.372+0000] {logging_mixin.py:190} INFO - [2024-10-03T11:20:32.372+0000] {dag.py:3239} INFO - Sync 2 DAGs
[2024-10-03T11:20:32.384+0000] {logging_mixin.py:190} INFO - [2024-10-03T11:20:32.384+0000] {dag.py:4180} INFO - Setting next_dagrun for read_dataset_event to 2024-10-02 00:00:00+00:00, run_after=2024-10-03 00:00:00+00:00
[2024-10-03T11:20:32.386+0000] {logging_mixin.py:190} INFO - [2024-10-03T11:20:32.386+0000] {dag.py:4180} INFO - Setting next_dagrun for read_dataset_event_from_classic to 2024-10-02 00:00:00+00:00, run_after=2024-10-03 00:00:00+00:00
[2024-10-03T11:20:32.394+0000] {processor.py:208} INFO - Processing /home/airflow/.local/lib/python3.12/site-packages/airflow/example_dags/example_inlet_event_extra.py took 0.102 seconds
[2024-10-03T11:21:02.714+0000] {processor.py:186} INFO - Started process (PID=1217) to work on /home/airflow/.local/lib/python3.12/site-packages/airflow/example_dags/example_inlet_event_extra.py
[2024-10-03T11:21:02.715+0000] {processor.py:914} INFO - Processing file /home/airflow/.local/lib/python3.12/site-packages/airflow/example_dags/example_inlet_event_extra.py for tasks to queue
[2024-10-03T11:21:02.716+0000] {logging_mixin.py:190} INFO - [2024-10-03T11:21:02.716+0000] {dagbag.py:588} INFO - Filling up the DagBag from /home/airflow/.local/lib/python3.12/site-packages/airflow/example_dags/example_inlet_event_extra.py
[2024-10-03T11:21:02.778+0000] {processor.py:925} INFO - DAG(s) 'read_dataset_event', 'read_dataset_event_from_classic' retrieved from /home/airflow/.local/lib/python3.12/site-packages/airflow/example_dags/example_inlet_event_extra.py
[2024-10-03T11:21:02.790+0000] {logging_mixin.py:190} INFO - [2024-10-03T11:21:02.790+0000] {dag.py:3239} INFO - Sync 2 DAGs
[2024-10-03T11:21:02.802+0000] {logging_mixin.py:190} INFO - [2024-10-03T11:21:02.802+0000] {dag.py:4180} INFO - Setting next_dagrun for read_dataset_event to 2024-10-02 00:00:00+00:00, run_after=2024-10-03 00:00:00+00:00
[2024-10-03T11:21:02.805+0000] {logging_mixin.py:190} INFO - [2024-10-03T11:21:02.805+0000] {dag.py:4180} INFO - Setting next_dagrun for read_dataset_event_from_classic to 2024-10-02 00:00:00+00:00, run_after=2024-10-03 00:00:00+00:00
[2024-10-03T11:21:02.812+0000] {processor.py:208} INFO - Processing /home/airflow/.local/lib/python3.12/site-packages/airflow/example_dags/example_inlet_event_extra.py took 0.102 seconds
[2024-10-03T11:21:33.258+0000] {processor.py:186} INFO - Started process (PID=1503) to work on /home/airflow/.local/lib/python3.12/site-packages/airflow/example_dags/example_inlet_event_extra.py
[2024-10-03T11:21:33.259+0000] {processor.py:914} INFO - Processing file /home/airflow/.local/lib/python3.12/site-packages/airflow/example_dags/example_inlet_event_extra.py for tasks to queue
[2024-10-03T11:21:33.260+0000] {logging_mixin.py:190} INFO - [2024-10-03T11:21:33.260+0000] {dagbag.py:588} INFO - Filling up the DagBag from /home/airflow/.local/lib/python3.12/site-packages/airflow/example_dags/example_inlet_event_extra.py
[2024-10-03T11:21:33.330+0000] {processor.py:925} INFO - DAG(s) 'read_dataset_event_from_classic', 'read_dataset_event' retrieved from /home/airflow/.local/lib/python3.12/site-packages/airflow/example_dags/example_inlet_event_extra.py
[2024-10-03T11:21:33.341+0000] {logging_mixin.py:190} INFO - [2024-10-03T11:21:33.341+0000] {dag.py:3239} INFO - Sync 2 DAGs
[2024-10-03T11:21:33.353+0000] {logging_mixin.py:190} INFO - [2024-10-03T11:21:33.353+0000] {dag.py:4180} INFO - Setting next_dagrun for read_dataset_event to 2024-10-02 00:00:00+00:00, run_after=2024-10-03 00:00:00+00:00
[2024-10-03T11:21:33.356+0000] {logging_mixin.py:190} INFO - [2024-10-03T11:21:33.356+0000] {dag.py:4180} INFO - Setting next_dagrun for read_dataset_event_from_classic to 2024-10-02 00:00:00+00:00, run_after=2024-10-03 00:00:00+00:00
[2024-10-03T11:21:33.365+0000] {processor.py:208} INFO - Processing /home/airflow/.local/lib/python3.12/site-packages/airflow/example_dags/example_inlet_event_extra.py took 0.111 seconds
[2024-10-03T11:22:03.650+0000] {processor.py:186} INFO - Started process (PID=1789) to work on /home/airflow/.local/lib/python3.12/site-packages/airflow/example_dags/example_inlet_event_extra.py
[2024-10-03T11:22:03.651+0000] {processor.py:914} INFO - Processing file /home/airflow/.local/lib/python3.12/site-packages/airflow/example_dags/example_inlet_event_extra.py for tasks to queue
[2024-10-03T11:22:03.652+0000] {logging_mixin.py:190} INFO - [2024-10-03T11:22:03.652+0000] {dagbag.py:588} INFO - Filling up the DagBag from /home/airflow/.local/lib/python3.12/site-packages/airflow/example_dags/example_inlet_event_extra.py
[2024-10-03T11:22:03.710+0000] {processor.py:925} INFO - DAG(s) 'read_dataset_event', 'read_dataset_event_from_classic' retrieved from /home/airflow/.local/lib/python3.12/site-packages/airflow/example_dags/example_inlet_event_extra.py
[2024-10-03T11:22:03.722+0000] {logging_mixin.py:190} INFO - [2024-10-03T11:22:03.722+0000] {dag.py:3239} INFO - Sync 2 DAGs
[2024-10-03T11:22:03.734+0000] {logging_mixin.py:190} INFO - [2024-10-03T11:22:03.733+0000] {dag.py:4180} INFO - Setting next_dagrun for read_dataset_event to 2024-10-02 00:00:00+00:00, run_after=2024-10-03 00:00:00+00:00
[2024-10-03T11:22:03.736+0000] {logging_mixin.py:190} INFO - [2024-10-03T11:22:03.736+0000] {dag.py:4180} INFO - Setting next_dagrun for read_dataset_event_from_classic to 2024-10-02 00:00:00+00:00, run_after=2024-10-03 00:00:00+00:00
[2024-10-03T11:22:03.744+0000] {processor.py:208} INFO - Processing /home/airflow/.local/lib/python3.12/site-packages/airflow/example_dags/example_inlet_event_extra.py took 0.097 seconds
[2024-10-03T11:22:34.163+0000] {processor.py:186} INFO - Started process (PID=2075) to work on /home/airflow/.local/lib/python3.12/site-packages/airflow/example_dags/example_inlet_event_extra.py
[2024-10-03T11:22:34.163+0000] {processor.py:914} INFO - Processing file /home/airflow/.local/lib/python3.12/site-packages/airflow/example_dags/example_inlet_event_extra.py for tasks to queue
[2024-10-03T11:22:34.165+0000] {logging_mixin.py:190} INFO - [2024-10-03T11:22:34.164+0000] {dagbag.py:588} INFO - Filling up the DagBag from /home/airflow/.local/lib/python3.12/site-packages/airflow/example_dags/example_inlet_event_extra.py
[2024-10-03T11:22:34.226+0000] {processor.py:925} INFO - DAG(s) 'read_dataset_event_from_classic', 'read_dataset_event' retrieved from /home/airflow/.local/lib/python3.12/site-packages/airflow/example_dags/example_inlet_event_extra.py
[2024-10-03T11:22:34.242+0000] {logging_mixin.py:190} INFO - [2024-10-03T11:22:34.241+0000] {dag.py:3239} INFO - Sync 2 DAGs
[2024-10-03T11:22:34.255+0000] {logging_mixin.py:190} INFO - [2024-10-03T11:22:34.255+0000] {dag.py:4180} INFO - Setting next_dagrun for read_dataset_event to 2024-10-02 00:00:00+00:00, run_after=2024-10-03 00:00:00+00:00
[2024-10-03T11:22:34.258+0000] {logging_mixin.py:190} INFO - [2024-10-03T11:22:34.258+0000] {dag.py:4180} INFO - Setting next_dagrun for read_dataset_event_from_classic to 2024-10-02 00:00:00+00:00, run_after=2024-10-03 00:00:00+00:00
[2024-10-03T11:22:34.268+0000] {processor.py:208} INFO - Processing /home/airflow/.local/lib/python3.12/site-packages/airflow/example_dags/example_inlet_event_extra.py took 0.109 seconds
[2024-10-03T11:23:04.763+0000] {processor.py:186} INFO - Started process (PID=2361) to work on /home/airflow/.local/lib/python3.12/site-packages/airflow/example_dags/example_inlet_event_extra.py
[2024-10-03T11:23:04.764+0000] {processor.py:914} INFO - Processing file /home/airflow/.local/lib/python3.12/site-packages/airflow/example_dags/example_inlet_event_extra.py for tasks to queue
[2024-10-03T11:23:04.766+0000] {logging_mixin.py:190} INFO - [2024-10-03T11:23:04.765+0000] {dagbag.py:588} INFO - Filling up the DagBag from /home/airflow/.local/lib/python3.12/site-packages/airflow/example_dags/example_inlet_event_extra.py
[2024-10-03T11:23:04.827+0000] {processor.py:925} INFO - DAG(s) 'read_dataset_event', 'read_dataset_event_from_classic' retrieved from /home/airflow/.local/lib/python3.12/site-packages/airflow/example_dags/example_inlet_event_extra.py
[2024-10-03T11:23:04.841+0000] {logging_mixin.py:190} INFO - [2024-10-03T11:23:04.841+0000] {dag.py:3239} INFO - Sync 2 DAGs
[2024-10-03T11:23:04.853+0000] {logging_mixin.py:190} INFO - [2024-10-03T11:23:04.853+0000] {dag.py:4180} INFO - Setting next_dagrun for read_dataset_event to 2024-10-02 00:00:00+00:00, run_after=2024-10-03 00:00:00+00:00
[2024-10-03T11:23:04.856+0000] {logging_mixin.py:190} INFO - [2024-10-03T11:23:04.856+0000] {dag.py:4180} INFO - Setting next_dagrun for read_dataset_event_from_classic to 2024-10-02 00:00:00+00:00, run_after=2024-10-03 00:00:00+00:00
[2024-10-03T11:23:04.864+0000] {processor.py:208} INFO - Processing /home/airflow/.local/lib/python3.12/site-packages/airflow/example_dags/example_inlet_event_extra.py took 0.104 seconds
[2024-10-03T11:23:34.987+0000] {processor.py:186} INFO - Started process (PID=2647) to work on /home/airflow/.local/lib/python3.12/site-packages/airflow/example_dags/example_inlet_event_extra.py
[2024-10-03T11:23:34.988+0000] {processor.py:914} INFO - Processing file /home/airflow/.local/lib/python3.12/site-packages/airflow/example_dags/example_inlet_event_extra.py for tasks to queue
[2024-10-03T11:23:34.990+0000] {logging_mixin.py:190} INFO - [2024-10-03T11:23:34.989+0000] {dagbag.py:588} INFO - Filling up the DagBag from /home/airflow/.local/lib/python3.12/site-packages/airflow/example_dags/example_inlet_event_extra.py
[2024-10-03T11:23:35.050+0000] {processor.py:925} INFO - DAG(s) 'read_dataset_event', 'read_dataset_event_from_classic' retrieved from /home/airflow/.local/lib/python3.12/site-packages/airflow/example_dags/example_inlet_event_extra.py
[2024-10-03T11:23:35.064+0000] {logging_mixin.py:190} INFO - [2024-10-03T11:23:35.064+0000] {dag.py:3239} INFO - Sync 2 DAGs
[2024-10-03T11:23:35.076+0000] {logging_mixin.py:190} INFO - [2024-10-03T11:23:35.076+0000] {dag.py:4180} INFO - Setting next_dagrun for read_dataset_event to 2024-10-02 00:00:00+00:00, run_after=2024-10-03 00:00:00+00:00
[2024-10-03T11:23:35.080+0000] {logging_mixin.py:190} INFO - [2024-10-03T11:23:35.079+0000] {dag.py:4180} INFO - Setting next_dagrun for read_dataset_event_from_classic to 2024-10-02 00:00:00+00:00, run_after=2024-10-03 00:00:00+00:00
[2024-10-03T11:23:35.088+0000] {processor.py:208} INFO - Processing /home/airflow/.local/lib/python3.12/site-packages/airflow/example_dags/example_inlet_event_extra.py took 0.105 seconds
[2024-10-03T11:24:05.372+0000] {processor.py:186} INFO - Started process (PID=2933) to work on /home/airflow/.local/lib/python3.12/site-packages/airflow/example_dags/example_inlet_event_extra.py
[2024-10-03T11:24:05.373+0000] {processor.py:914} INFO - Processing file /home/airflow/.local/lib/python3.12/site-packages/airflow/example_dags/example_inlet_event_extra.py for tasks to queue
[2024-10-03T11:24:05.374+0000] {logging_mixin.py:190} INFO - [2024-10-03T11:24:05.374+0000] {dagbag.py:588} INFO - Filling up the DagBag from /home/airflow/.local/lib/python3.12/site-packages/airflow/example_dags/example_inlet_event_extra.py
[2024-10-03T11:24:05.431+0000] {processor.py:925} INFO - DAG(s) 'read_dataset_event_from_classic', 'read_dataset_event' retrieved from /home/airflow/.local/lib/python3.12/site-packages/airflow/example_dags/example_inlet_event_extra.py
[2024-10-03T11:24:05.444+0000] {logging_mixin.py:190} INFO - [2024-10-03T11:24:05.444+0000] {dag.py:3239} INFO - Sync 2 DAGs
[2024-10-03T11:24:05.455+0000] {logging_mixin.py:190} INFO - [2024-10-03T11:24:05.455+0000] {dag.py:4180} INFO - Setting next_dagrun for read_dataset_event to 2024-10-02 00:00:00+00:00, run_after=2024-10-03 00:00:00+00:00
[2024-10-03T11:24:05.458+0000] {logging_mixin.py:190} INFO - [2024-10-03T11:24:05.458+0000] {dag.py:4180} INFO - Setting next_dagrun for read_dataset_event_from_classic to 2024-10-02 00:00:00+00:00, run_after=2024-10-03 00:00:00+00:00
[2024-10-03T11:24:05.466+0000] {processor.py:208} INFO - Processing /home/airflow/.local/lib/python3.12/site-packages/airflow/example_dags/example_inlet_event_extra.py took 0.097 seconds
[2024-10-03T11:24:35.974+0000] {processor.py:186} INFO - Started process (PID=3219) to work on /home/airflow/.local/lib/python3.12/site-packages/airflow/example_dags/example_inlet_event_extra.py
[2024-10-03T11:24:35.974+0000] {processor.py:914} INFO - Processing file /home/airflow/.local/lib/python3.12/site-packages/airflow/example_dags/example_inlet_event_extra.py for tasks to queue
[2024-10-03T11:24:35.976+0000] {logging_mixin.py:190} INFO - [2024-10-03T11:24:35.975+0000] {dagbag.py:588} INFO - Filling up the DagBag from /home/airflow/.local/lib/python3.12/site-packages/airflow/example_dags/example_inlet_event_extra.py
[2024-10-03T11:24:36.037+0000] {processor.py:925} INFO - DAG(s) 'read_dataset_event', 'read_dataset_event_from_classic' retrieved from /home/airflow/.local/lib/python3.12/site-packages/airflow/example_dags/example_inlet_event_extra.py
[2024-10-03T11:24:36.049+0000] {logging_mixin.py:190} INFO - [2024-10-03T11:24:36.049+0000] {dag.py:3239} INFO - Sync 2 DAGs
[2024-10-03T11:24:36.060+0000] {logging_mixin.py:190} INFO - [2024-10-03T11:24:36.060+0000] {dag.py:4180} INFO - Setting next_dagrun for read_dataset_event to 2024-10-02 00:00:00+00:00, run_after=2024-10-03 00:00:00+00:00
[2024-10-03T11:24:36.063+0000] {logging_mixin.py:190} INFO - [2024-10-03T11:24:36.063+0000] {dag.py:4180} INFO - Setting next_dagrun for read_dataset_event_from_classic to 2024-10-02 00:00:00+00:00, run_after=2024-10-03 00:00:00+00:00
[2024-10-03T11:24:36.069+0000] {processor.py:208} INFO - Processing /home/airflow/.local/lib/python3.12/site-packages/airflow/example_dags/example_inlet_event_extra.py took 0.100 seconds
[2024-10-03T11:25:06.487+0000] {processor.py:186} INFO - Started process (PID=3505) to work on /home/airflow/.local/lib/python3.12/site-packages/airflow/example_dags/example_inlet_event_extra.py
[2024-10-03T11:25:06.488+0000] {processor.py:914} INFO - Processing file /home/airflow/.local/lib/python3.12/site-packages/airflow/example_dags/example_inlet_event_extra.py for tasks to queue
[2024-10-03T11:25:06.489+0000] {logging_mixin.py:190} INFO - [2024-10-03T11:25:06.489+0000] {dagbag.py:588} INFO - Filling up the DagBag from /home/airflow/.local/lib/python3.12/site-packages/airflow/example_dags/example_inlet_event_extra.py
[2024-10-03T11:25:06.551+0000] {processor.py:925} INFO - DAG(s) 'read_dataset_event_from_classic', 'read_dataset_event' retrieved from /home/airflow/.local/lib/python3.12/site-packages/airflow/example_dags/example_inlet_event_extra.py
[2024-10-03T11:25:06.568+0000] {logging_mixin.py:190} INFO - [2024-10-03T11:25:06.568+0000] {dag.py:3239} INFO - Sync 2 DAGs
[2024-10-03T11:25:06.580+0000] {logging_mixin.py:190} INFO - [2024-10-03T11:25:06.579+0000] {dag.py:4180} INFO - Setting next_dagrun for read_dataset_event to 2024-10-02 00:00:00+00:00, run_after=2024-10-03 00:00:00+00:00
[2024-10-03T11:25:06.582+0000] {logging_mixin.py:190} INFO - [2024-10-03T11:25:06.582+0000] {dag.py:4180} INFO - Setting next_dagrun for read_dataset_event_from_classic to 2024-10-02 00:00:00+00:00, run_after=2024-10-03 00:00:00+00:00
[2024-10-03T11:25:06.590+0000] {processor.py:208} INFO - Processing /home/airflow/.local/lib/python3.12/site-packages/airflow/example_dags/example_inlet_event_extra.py took 0.106 seconds
[2024-10-03T11:25:37.046+0000] {processor.py:186} INFO - Started process (PID=3791) to work on /home/airflow/.local/lib/python3.12/site-packages/airflow/example_dags/example_inlet_event_extra.py
[2024-10-03T11:25:37.046+0000] {processor.py:914} INFO - Processing file /home/airflow/.local/lib/python3.12/site-packages/airflow/example_dags/example_inlet_event_extra.py for tasks to queue
[2024-10-03T11:25:37.048+0000] {logging_mixin.py:190} INFO - [2024-10-03T11:25:37.048+0000] {dagbag.py:588} INFO - Filling up the DagBag from /home/airflow/.local/lib/python3.12/site-packages/airflow/example_dags/example_inlet_event_extra.py
[2024-10-03T11:25:37.119+0000] {processor.py:925} INFO - DAG(s) 'read_dataset_event_from_classic', 'read_dataset_event' retrieved from /home/airflow/.local/lib/python3.12/site-packages/airflow/example_dags/example_inlet_event_extra.py
[2024-10-03T11:25:37.136+0000] {logging_mixin.py:190} INFO - [2024-10-03T11:25:37.136+0000] {dag.py:3239} INFO - Sync 2 DAGs
[2024-10-03T11:25:37.150+0000] {logging_mixin.py:190} INFO - [2024-10-03T11:25:37.149+0000] {dag.py:4180} INFO - Setting next_dagrun for read_dataset_event to 2024-10-02 00:00:00+00:00, run_after=2024-10-03 00:00:00+00:00
[2024-10-03T11:25:37.153+0000] {logging_mixin.py:190} INFO - [2024-10-03T11:25:37.153+0000] {dag.py:4180} INFO - Setting next_dagrun for read_dataset_event_from_classic to 2024-10-02 00:00:00+00:00, run_after=2024-10-03 00:00:00+00:00
[2024-10-03T11:25:37.161+0000] {processor.py:208} INFO - Processing /home/airflow/.local/lib/python3.12/site-packages/airflow/example_dags/example_inlet_event_extra.py took 0.120 seconds
[2024-10-03T11:26:07.490+0000] {processor.py:186} INFO - Started process (PID=4081) to work on /home/airflow/.local/lib/python3.12/site-packages/airflow/example_dags/example_inlet_event_extra.py
[2024-10-03T11:26:07.491+0000] {processor.py:914} INFO - Processing file /home/airflow/.local/lib/python3.12/site-packages/airflow/example_dags/example_inlet_event_extra.py for tasks to queue
[2024-10-03T11:26:07.492+0000] {logging_mixin.py:190} INFO - [2024-10-03T11:26:07.492+0000] {dagbag.py:588} INFO - Filling up the DagBag from /home/airflow/.local/lib/python3.12/site-packages/airflow/example_dags/example_inlet_event_extra.py
[2024-10-03T11:26:07.558+0000] {processor.py:925} INFO - DAG(s) 'read_dataset_event_from_classic', 'read_dataset_event' retrieved from /home/airflow/.local/lib/python3.12/site-packages/airflow/example_dags/example_inlet_event_extra.py
[2024-10-03T11:26:07.572+0000] {logging_mixin.py:190} INFO - [2024-10-03T11:26:07.572+0000] {dag.py:3239} INFO - Sync 2 DAGs
[2024-10-03T11:26:07.585+0000] {logging_mixin.py:190} INFO - [2024-10-03T11:26:07.585+0000] {dag.py:4180} INFO - Setting next_dagrun for read_dataset_event to 2024-10-02 00:00:00+00:00, run_after=2024-10-03 00:00:00+00:00
[2024-10-03T11:26:07.588+0000] {logging_mixin.py:190} INFO - [2024-10-03T11:26:07.588+0000] {dag.py:4180} INFO - Setting next_dagrun for read_dataset_event_from_classic to 2024-10-02 00:00:00+00:00, run_after=2024-10-03 00:00:00+00:00
[2024-10-03T11:26:07.597+0000] {processor.py:208} INFO - Processing /home/airflow/.local/lib/python3.12/site-packages/airflow/example_dags/example_inlet_event_extra.py took 0.111 seconds
[2024-10-03T11:26:37.898+0000] {processor.py:186} INFO - Started process (PID=4372) to work on /home/airflow/.local/lib/python3.12/site-packages/airflow/example_dags/example_inlet_event_extra.py
[2024-10-03T11:26:37.899+0000] {processor.py:914} INFO - Processing file /home/airflow/.local/lib/python3.12/site-packages/airflow/example_dags/example_inlet_event_extra.py for tasks to queue
[2024-10-03T11:26:37.900+0000] {logging_mixin.py:190} INFO - [2024-10-03T11:26:37.900+0000] {dagbag.py:588} INFO - Filling up the DagBag from /home/airflow/.local/lib/python3.12/site-packages/airflow/example_dags/example_inlet_event_extra.py
[2024-10-03T11:26:37.956+0000] {processor.py:925} INFO - DAG(s) 'read_dataset_event', 'read_dataset_event_from_classic' retrieved from /home/airflow/.local/lib/python3.12/site-packages/airflow/example_dags/example_inlet_event_extra.py
[2024-10-03T11:26:37.969+0000] {logging_mixin.py:190} INFO - [2024-10-03T11:26:37.968+0000] {dag.py:3239} INFO - Sync 2 DAGs
[2024-10-03T11:26:37.979+0000] {logging_mixin.py:190} INFO - [2024-10-03T11:26:37.979+0000] {dag.py:4180} INFO - Setting next_dagrun for read_dataset_event to 2024-10-02 00:00:00+00:00, run_after=2024-10-03 00:00:00+00:00
[2024-10-03T11:26:37.982+0000] {logging_mixin.py:190} INFO - [2024-10-03T11:26:37.982+0000] {dag.py:4180} INFO - Setting next_dagrun for read_dataset_event_from_classic to 2024-10-02 00:00:00+00:00, run_after=2024-10-03 00:00:00+00:00
[2024-10-03T11:26:37.989+0000] {processor.py:208} INFO - Processing /home/airflow/.local/lib/python3.12/site-packages/airflow/example_dags/example_inlet_event_extra.py took 0.094 seconds
[2024-10-03T11:27:08.363+0000] {processor.py:186} INFO - Started process (PID=4658) to work on /home/airflow/.local/lib/python3.12/site-packages/airflow/example_dags/example_inlet_event_extra.py
[2024-10-03T11:27:08.364+0000] {processor.py:914} INFO - Processing file /home/airflow/.local/lib/python3.12/site-packages/airflow/example_dags/example_inlet_event_extra.py for tasks to queue
[2024-10-03T11:27:08.365+0000] {logging_mixin.py:190} INFO - [2024-10-03T11:27:08.365+0000] {dagbag.py:588} INFO - Filling up the DagBag from /home/airflow/.local/lib/python3.12/site-packages/airflow/example_dags/example_inlet_event_extra.py
[2024-10-03T11:27:08.424+0000] {processor.py:925} INFO - DAG(s) 'read_dataset_event', 'read_dataset_event_from_classic' retrieved from /home/airflow/.local/lib/python3.12/site-packages/airflow/example_dags/example_inlet_event_extra.py
[2024-10-03T11:27:08.436+0000] {logging_mixin.py:190} INFO - [2024-10-03T11:27:08.436+0000] {dag.py:3239} INFO - Sync 2 DAGs
[2024-10-03T11:27:08.447+0000] {logging_mixin.py:190} INFO - [2024-10-03T11:27:08.447+0000] {dag.py:4180} INFO - Setting next_dagrun for read_dataset_event to 2024-10-02 00:00:00+00:00, run_after=2024-10-03 00:00:00+00:00
[2024-10-03T11:27:08.449+0000] {logging_mixin.py:190} INFO - [2024-10-03T11:27:08.449+0000] {dag.py:4180} INFO - Setting next_dagrun for read_dataset_event_from_classic to 2024-10-02 00:00:00+00:00, run_after=2024-10-03 00:00:00+00:00
[2024-10-03T11:27:08.455+0000] {processor.py:208} INFO - Processing /home/airflow/.local/lib/python3.12/site-packages/airflow/example_dags/example_inlet_event_extra.py took 0.096 seconds
[2024-10-03T11:27:38.771+0000] {processor.py:186} INFO - Started process (PID=4944) to work on /home/airflow/.local/lib/python3.12/site-packages/airflow/example_dags/example_inlet_event_extra.py
[2024-10-03T11:27:38.771+0000] {processor.py:914} INFO - Processing file /home/airflow/.local/lib/python3.12/site-packages/airflow/example_dags/example_inlet_event_extra.py for tasks to queue
[2024-10-03T11:27:38.773+0000] {logging_mixin.py:190} INFO - [2024-10-03T11:27:38.772+0000] {dagbag.py:588} INFO - Filling up the DagBag from /home/airflow/.local/lib/python3.12/site-packages/airflow/example_dags/example_inlet_event_extra.py
[2024-10-03T11:27:38.837+0000] {processor.py:925} INFO - DAG(s) 'read_dataset_event_from_classic', 'read_dataset_event' retrieved from /home/airflow/.local/lib/python3.12/site-packages/airflow/example_dags/example_inlet_event_extra.py
[2024-10-03T11:27:38.849+0000] {logging_mixin.py:190} INFO - [2024-10-03T11:27:38.849+0000] {dag.py:3239} INFO - Sync 2 DAGs
[2024-10-03T11:27:38.862+0000] {logging_mixin.py:190} INFO - [2024-10-03T11:27:38.862+0000] {dag.py:4180} INFO - Setting next_dagrun for read_dataset_event to 2024-10-02 00:00:00+00:00, run_after=2024-10-03 00:00:00+00:00
[2024-10-03T11:27:38.864+0000] {logging_mixin.py:190} INFO - [2024-10-03T11:27:38.864+0000] {dag.py:4180} INFO - Setting next_dagrun for read_dataset_event_from_classic to 2024-10-02 00:00:00+00:00, run_after=2024-10-03 00:00:00+00:00
[2024-10-03T11:27:38.873+0000] {processor.py:208} INFO - Processing /home/airflow/.local/lib/python3.12/site-packages/airflow/example_dags/example_inlet_event_extra.py took 0.106 seconds
[2024-10-03T11:28:09.131+0000] {processor.py:186} INFO - Started process (PID=5230) to work on /home/airflow/.local/lib/python3.12/site-packages/airflow/example_dags/example_inlet_event_extra.py
[2024-10-03T11:28:09.132+0000] {processor.py:914} INFO - Processing file /home/airflow/.local/lib/python3.12/site-packages/airflow/example_dags/example_inlet_event_extra.py for tasks to queue
[2024-10-03T11:28:09.133+0000] {logging_mixin.py:190} INFO - [2024-10-03T11:28:09.133+0000] {dagbag.py:588} INFO - Filling up the DagBag from /home/airflow/.local/lib/python3.12/site-packages/airflow/example_dags/example_inlet_event_extra.py
[2024-10-03T11:28:09.193+0000] {processor.py:925} INFO - DAG(s) 'read_dataset_event_from_classic', 'read_dataset_event' retrieved from /home/airflow/.local/lib/python3.12/site-packages/airflow/example_dags/example_inlet_event_extra.py
[2024-10-03T11:28:09.205+0000] {logging_mixin.py:190} INFO - [2024-10-03T11:28:09.205+0000] {dag.py:3239} INFO - Sync 2 DAGs
[2024-10-03T11:28:09.217+0000] {logging_mixin.py:190} INFO - [2024-10-03T11:28:09.217+0000] {dag.py:4180} INFO - Setting next_dagrun for read_dataset_event to 2024-10-02 00:00:00+00:00, run_after=2024-10-03 00:00:00+00:00
[2024-10-03T11:28:09.219+0000] {logging_mixin.py:190} INFO - [2024-10-03T11:28:09.219+0000] {dag.py:4180} INFO - Setting next_dagrun for read_dataset_event_from_classic to 2024-10-02 00:00:00+00:00, run_after=2024-10-03 00:00:00+00:00
[2024-10-03T11:28:09.226+0000] {processor.py:208} INFO - Processing /home/airflow/.local/lib/python3.12/site-packages/airflow/example_dags/example_inlet_event_extra.py took 0.099 seconds
[2024-10-03T11:28:39.480+0000] {processor.py:186} INFO - Started process (PID=5514) to work on /home/airflow/.local/lib/python3.12/site-packages/airflow/example_dags/example_inlet_event_extra.py
[2024-10-03T11:28:39.481+0000] {processor.py:914} INFO - Processing file /home/airflow/.local/lib/python3.12/site-packages/airflow/example_dags/example_inlet_event_extra.py for tasks to queue
[2024-10-03T11:28:39.482+0000] {logging_mixin.py:190} INFO - [2024-10-03T11:28:39.482+0000] {dagbag.py:588} INFO - Filling up the DagBag from /home/airflow/.local/lib/python3.12/site-packages/airflow/example_dags/example_inlet_event_extra.py
[2024-10-03T11:28:39.547+0000] {processor.py:925} INFO - DAG(s) 'read_dataset_event_from_classic', 'read_dataset_event' retrieved from /home/airflow/.local/lib/python3.12/site-packages/airflow/example_dags/example_inlet_event_extra.py
[2024-10-03T11:28:39.559+0000] {logging_mixin.py:190} INFO - [2024-10-03T11:28:39.558+0000] {dag.py:3239} INFO - Sync 2 DAGs
[2024-10-03T11:28:39.573+0000] {logging_mixin.py:190} INFO - [2024-10-03T11:28:39.573+0000] {dag.py:4180} INFO - Setting next_dagrun for read_dataset_event to 2024-10-02 00:00:00+00:00, run_after=2024-10-03 00:00:00+00:00
[2024-10-03T11:28:39.576+0000] {logging_mixin.py:190} INFO - [2024-10-03T11:28:39.575+0000] {dag.py:4180} INFO - Setting next_dagrun for read_dataset_event_from_classic to 2024-10-02 00:00:00+00:00, run_after=2024-10-03 00:00:00+00:00
[2024-10-03T11:28:39.585+0000] {processor.py:208} INFO - Processing /home/airflow/.local/lib/python3.12/site-packages/airflow/example_dags/example_inlet_event_extra.py took 0.108 seconds
[2024-10-03T11:29:09.778+0000] {processor.py:186} INFO - Started process (PID=5831) to work on /home/airflow/.local/lib/python3.12/site-packages/airflow/example_dags/example_inlet_event_extra.py
[2024-10-03T11:29:09.778+0000] {processor.py:914} INFO - Processing file /home/airflow/.local/lib/python3.12/site-packages/airflow/example_dags/example_inlet_event_extra.py for tasks to queue
[2024-10-03T11:29:09.780+0000] {logging_mixin.py:190} INFO - [2024-10-03T11:29:09.779+0000] {dagbag.py:588} INFO - Filling up the DagBag from /home/airflow/.local/lib/python3.12/site-packages/airflow/example_dags/example_inlet_event_extra.py
[2024-10-03T11:29:09.840+0000] {processor.py:925} INFO - DAG(s) 'read_dataset_event_from_classic', 'read_dataset_event' retrieved from /home/airflow/.local/lib/python3.12/site-packages/airflow/example_dags/example_inlet_event_extra.py
[2024-10-03T11:29:09.852+0000] {logging_mixin.py:190} INFO - [2024-10-03T11:29:09.852+0000] {dag.py:3239} INFO - Sync 2 DAGs
[2024-10-03T11:29:09.863+0000] {logging_mixin.py:190} INFO - [2024-10-03T11:29:09.863+0000] {dag.py:4180} INFO - Setting next_dagrun for read_dataset_event to 2024-10-02 00:00:00+00:00, run_after=2024-10-03 00:00:00+00:00
[2024-10-03T11:29:09.866+0000] {logging_mixin.py:190} INFO - [2024-10-03T11:29:09.865+0000] {dag.py:4180} INFO - Setting next_dagrun for read_dataset_event_from_classic to 2024-10-02 00:00:00+00:00, run_after=2024-10-03 00:00:00+00:00
[2024-10-03T11:29:09.873+0000] {processor.py:208} INFO - Processing /home/airflow/.local/lib/python3.12/site-packages/airflow/example_dags/example_inlet_event_extra.py took 0.098 seconds
[2024-10-03T11:29:40.046+0000] {processor.py:186} INFO - Started process (PID=6110) to work on /home/airflow/.local/lib/python3.12/site-packages/airflow/example_dags/example_inlet_event_extra.py
[2024-10-03T11:29:40.046+0000] {processor.py:914} INFO - Processing file /home/airflow/.local/lib/python3.12/site-packages/airflow/example_dags/example_inlet_event_extra.py for tasks to queue
[2024-10-03T11:29:40.048+0000] {logging_mixin.py:190} INFO - [2024-10-03T11:29:40.047+0000] {dagbag.py:588} INFO - Filling up the DagBag from /home/airflow/.local/lib/python3.12/site-packages/airflow/example_dags/example_inlet_event_extra.py
[2024-10-03T11:29:40.112+0000] {processor.py:925} INFO - DAG(s) 'read_dataset_event_from_classic', 'read_dataset_event' retrieved from /home/airflow/.local/lib/python3.12/site-packages/airflow/example_dags/example_inlet_event_extra.py
[2024-10-03T11:29:40.126+0000] {logging_mixin.py:190} INFO - [2024-10-03T11:29:40.126+0000] {dag.py:3239} INFO - Sync 2 DAGs
[2024-10-03T11:29:40.141+0000] {logging_mixin.py:190} INFO - [2024-10-03T11:29:40.141+0000] {dag.py:4180} INFO - Setting next_dagrun for read_dataset_event to 2024-10-02 00:00:00+00:00, run_after=2024-10-03 00:00:00+00:00
[2024-10-03T11:29:40.144+0000] {logging_mixin.py:190} INFO - [2024-10-03T11:29:40.144+0000] {dag.py:4180} INFO - Setting next_dagrun for read_dataset_event_from_classic to 2024-10-02 00:00:00+00:00, run_after=2024-10-03 00:00:00+00:00
[2024-10-03T11:29:40.153+0000] {processor.py:208} INFO - Processing /home/airflow/.local/lib/python3.12/site-packages/airflow/example_dags/example_inlet_event_extra.py took 0.111 seconds
[2024-10-03T11:30:10.468+0000] {processor.py:186} INFO - Started process (PID=6398) to work on /home/airflow/.local/lib/python3.12/site-packages/airflow/example_dags/example_inlet_event_extra.py
[2024-10-03T11:30:10.469+0000] {processor.py:914} INFO - Processing file /home/airflow/.local/lib/python3.12/site-packages/airflow/example_dags/example_inlet_event_extra.py for tasks to queue
[2024-10-03T11:30:10.470+0000] {logging_mixin.py:190} INFO - [2024-10-03T11:30:10.470+0000] {dagbag.py:588} INFO - Filling up the DagBag from /home/airflow/.local/lib/python3.12/site-packages/airflow/example_dags/example_inlet_event_extra.py
[2024-10-03T11:30:10.536+0000] {processor.py:925} INFO - DAG(s) 'read_dataset_event', 'read_dataset_event_from_classic' retrieved from /home/airflow/.local/lib/python3.12/site-packages/airflow/example_dags/example_inlet_event_extra.py
[2024-10-03T11:30:10.547+0000] {logging_mixin.py:190} INFO - [2024-10-03T11:30:10.547+0000] {dag.py:3239} INFO - Sync 2 DAGs
[2024-10-03T11:30:10.561+0000] {logging_mixin.py:190} INFO - [2024-10-03T11:30:10.561+0000] {dag.py:4180} INFO - Setting next_dagrun for read_dataset_event to 2024-10-02 00:00:00+00:00, run_after=2024-10-03 00:00:00+00:00
[2024-10-03T11:30:10.563+0000] {logging_mixin.py:190} INFO - [2024-10-03T11:30:10.563+0000] {dag.py:4180} INFO - Setting next_dagrun for read_dataset_event_from_classic to 2024-10-02 00:00:00+00:00, run_after=2024-10-03 00:00:00+00:00
[2024-10-03T11:30:10.572+0000] {processor.py:208} INFO - Processing /home/airflow/.local/lib/python3.12/site-packages/airflow/example_dags/example_inlet_event_extra.py took 0.108 seconds
[2024-10-03T11:30:40.781+0000] {processor.py:186} INFO - Started process (PID=6682) to work on /home/airflow/.local/lib/python3.12/site-packages/airflow/example_dags/example_inlet_event_extra.py
[2024-10-03T11:30:40.782+0000] {processor.py:914} INFO - Processing file /home/airflow/.local/lib/python3.12/site-packages/airflow/example_dags/example_inlet_event_extra.py for tasks to queue
[2024-10-03T11:30:40.783+0000] {logging_mixin.py:190} INFO - [2024-10-03T11:30:40.783+0000] {dagbag.py:588} INFO - Filling up the DagBag from /home/airflow/.local/lib/python3.12/site-packages/airflow/example_dags/example_inlet_event_extra.py
[2024-10-03T11:30:40.846+0000] {processor.py:925} INFO - DAG(s) 'read_dataset_event', 'read_dataset_event_from_classic' retrieved from /home/airflow/.local/lib/python3.12/site-packages/airflow/example_dags/example_inlet_event_extra.py
[2024-10-03T11:30:40.858+0000] {logging_mixin.py:190} INFO - [2024-10-03T11:30:40.857+0000] {dag.py:3239} INFO - Sync 2 DAGs
[2024-10-03T11:30:40.871+0000] {logging_mixin.py:190} INFO - [2024-10-03T11:30:40.870+0000] {dag.py:4180} INFO - Setting next_dagrun for read_dataset_event to 2024-10-02 00:00:00+00:00, run_after=2024-10-03 00:00:00+00:00
[2024-10-03T11:30:40.873+0000] {logging_mixin.py:190} INFO - [2024-10-03T11:30:40.873+0000] {dag.py:4180} INFO - Setting next_dagrun for read_dataset_event_from_classic to 2024-10-02 00:00:00+00:00, run_after=2024-10-03 00:00:00+00:00
[2024-10-03T11:30:40.880+0000] {processor.py:208} INFO - Processing /home/airflow/.local/lib/python3.12/site-packages/airflow/example_dags/example_inlet_event_extra.py took 0.103 seconds
[2024-10-03T11:31:11.090+0000] {processor.py:186} INFO - Started process (PID=6968) to work on /home/airflow/.local/lib/python3.12/site-packages/airflow/example_dags/example_inlet_event_extra.py
[2024-10-03T11:31:11.091+0000] {processor.py:914} INFO - Processing file /home/airflow/.local/lib/python3.12/site-packages/airflow/example_dags/example_inlet_event_extra.py for tasks to queue
[2024-10-03T11:31:11.092+0000] {logging_mixin.py:190} INFO - [2024-10-03T11:31:11.092+0000] {dagbag.py:588} INFO - Filling up the DagBag from /home/airflow/.local/lib/python3.12/site-packages/airflow/example_dags/example_inlet_event_extra.py
[2024-10-03T11:31:11.156+0000] {processor.py:925} INFO - DAG(s) 'read_dataset_event_from_classic', 'read_dataset_event' retrieved from /home/airflow/.local/lib/python3.12/site-packages/airflow/example_dags/example_inlet_event_extra.py
[2024-10-03T11:31:11.168+0000] {logging_mixin.py:190} INFO - [2024-10-03T11:31:11.167+0000] {dag.py:3239} INFO - Sync 2 DAGs
[2024-10-03T11:31:11.180+0000] {logging_mixin.py:190} INFO - [2024-10-03T11:31:11.180+0000] {dag.py:4180} INFO - Setting next_dagrun for read_dataset_event to 2024-10-02 00:00:00+00:00, run_after=2024-10-03 00:00:00+00:00
[2024-10-03T11:31:11.183+0000] {logging_mixin.py:190} INFO - [2024-10-03T11:31:11.183+0000] {dag.py:4180} INFO - Setting next_dagrun for read_dataset_event_from_classic to 2024-10-02 00:00:00+00:00, run_after=2024-10-03 00:00:00+00:00
[2024-10-03T11:31:11.191+0000] {processor.py:208} INFO - Processing /home/airflow/.local/lib/python3.12/site-packages/airflow/example_dags/example_inlet_event_extra.py took 0.105 seconds
