[2024-10-03T11:19:30.110+0000] {processor.py:186} INFO - Started process (PID=312) to work on /home/airflow/.local/lib/python3.12/site-packages/airflow/example_dags/example_datasets.py
[2024-10-03T11:19:30.111+0000] {processor.py:914} INFO - Processing file /home/airflow/.local/lib/python3.12/site-packages/airflow/example_dags/example_datasets.py for tasks to queue
[2024-10-03T11:19:30.113+0000] {logging_mixin.py:190} INFO - [2024-10-03T11:19:30.112+0000] {dagbag.py:588} INFO - Filling up the DagBag from /home/airflow/.local/lib/python3.12/site-packages/airflow/example_dags/example_datasets.py
[2024-10-03T11:19:30.425+0000] {processor.py:925} INFO - DAG(s) 'conditional_dataset_and_time_based_timetable', 'dataset_produces_2', 'dataset_consumes_1_and_2', 'dataset_consumes_unknown_never_scheduled', 'consume_1_or_2_with_dataset_expressions', 'dataset_consumes_1_never_scheduled', 'consume_1_or_both_2_and_3_with_dataset_expressions', 'consume_1_and_2_with_dataset_expressions', 'dataset_produces_1', 'dataset_consumes_1' retrieved from /home/airflow/.local/lib/python3.12/site-packages/airflow/example_dags/example_datasets.py
[2024-10-03T11:19:30.487+0000] {logging_mixin.py:190} INFO - [2024-10-03T11:19:30.486+0000] {override.py:1900} INFO - Created Permission View: can delete on DAG:conditional_dataset_and_time_based_timetable
[2024-10-03T11:19:30.496+0000] {logging_mixin.py:190} INFO - [2024-10-03T11:19:30.494+0000] {override.py:1900} INFO - Created Permission View: can read on DAG:conditional_dataset_and_time_based_timetable
[2024-10-03T11:19:30.500+0000] {logging_mixin.py:190} INFO - [2024-10-03T11:19:30.500+0000] {override.py:1900} INFO - Created Permission View: can edit on DAG:conditional_dataset_and_time_based_timetable
[2024-10-03T11:19:30.504+0000] {logging_mixin.py:190} INFO - [2024-10-03T11:19:30.504+0000] {override.py:1900} INFO - Created Permission View: can read on DAG Run:conditional_dataset_and_time_based_timetable
[2024-10-03T11:19:30.508+0000] {logging_mixin.py:190} INFO - [2024-10-03T11:19:30.508+0000] {override.py:1900} INFO - Created Permission View: can create on DAG Run:conditional_dataset_and_time_based_timetable
[2024-10-03T11:19:30.512+0000] {logging_mixin.py:190} INFO - [2024-10-03T11:19:30.511+0000] {override.py:1900} INFO - Created Permission View: menu access on DAG Run:conditional_dataset_and_time_based_timetable
[2024-10-03T11:19:30.517+0000] {logging_mixin.py:190} INFO - [2024-10-03T11:19:30.517+0000] {override.py:1900} INFO - Created Permission View: can delete on DAG Run:conditional_dataset_and_time_based_timetable
[2024-10-03T11:19:30.525+0000] {logging_mixin.py:190} INFO - [2024-10-03T11:19:30.525+0000] {override.py:1900} INFO - Created Permission View: can delete on DAG:dataset_produces_2
[2024-10-03T11:19:30.530+0000] {logging_mixin.py:190} INFO - [2024-10-03T11:19:30.530+0000] {override.py:1900} INFO - Created Permission View: can read on DAG:dataset_produces_2
[2024-10-03T11:19:30.534+0000] {logging_mixin.py:190} INFO - [2024-10-03T11:19:30.533+0000] {override.py:1900} INFO - Created Permission View: can edit on DAG:dataset_produces_2
[2024-10-03T11:19:30.537+0000] {logging_mixin.py:190} INFO - [2024-10-03T11:19:30.537+0000] {override.py:1900} INFO - Created Permission View: can read on DAG Run:dataset_produces_2
[2024-10-03T11:19:30.541+0000] {logging_mixin.py:190} INFO - [2024-10-03T11:19:30.541+0000] {override.py:1900} INFO - Created Permission View: can create on DAG Run:dataset_produces_2
[2024-10-03T11:19:30.546+0000] {logging_mixin.py:190} INFO - [2024-10-03T11:19:30.545+0000] {override.py:1900} INFO - Created Permission View: menu access on DAG Run:dataset_produces_2
[2024-10-03T11:19:30.549+0000] {logging_mixin.py:190} INFO - [2024-10-03T11:19:30.549+0000] {override.py:1900} INFO - Created Permission View: can delete on DAG Run:dataset_produces_2
[2024-10-03T11:19:30.556+0000] {logging_mixin.py:190} INFO - [2024-10-03T11:19:30.556+0000] {override.py:1900} INFO - Created Permission View: can delete on DAG:dataset_consumes_1_and_2
[2024-10-03T11:19:30.560+0000] {logging_mixin.py:190} INFO - [2024-10-03T11:19:30.560+0000] {override.py:1900} INFO - Created Permission View: can read on DAG:dataset_consumes_1_and_2
[2024-10-03T11:19:30.565+0000] {logging_mixin.py:190} INFO - [2024-10-03T11:19:30.565+0000] {override.py:1900} INFO - Created Permission View: can edit on DAG:dataset_consumes_1_and_2
[2024-10-03T11:19:30.568+0000] {logging_mixin.py:190} INFO - [2024-10-03T11:19:30.568+0000] {override.py:1900} INFO - Created Permission View: can read on DAG Run:dataset_consumes_1_and_2
[2024-10-03T11:19:30.572+0000] {logging_mixin.py:190} INFO - [2024-10-03T11:19:30.572+0000] {override.py:1900} INFO - Created Permission View: can create on DAG Run:dataset_consumes_1_and_2
[2024-10-03T11:19:30.575+0000] {logging_mixin.py:190} INFO - [2024-10-03T11:19:30.575+0000] {override.py:1900} INFO - Created Permission View: menu access on DAG Run:dataset_consumes_1_and_2
[2024-10-03T11:19:30.579+0000] {logging_mixin.py:190} INFO - [2024-10-03T11:19:30.578+0000] {override.py:1900} INFO - Created Permission View: can delete on DAG Run:dataset_consumes_1_and_2
[2024-10-03T11:19:30.585+0000] {logging_mixin.py:190} INFO - [2024-10-03T11:19:30.585+0000] {override.py:1900} INFO - Created Permission View: can delete on DAG:dataset_consumes_unknown_never_scheduled
[2024-10-03T11:19:30.588+0000] {logging_mixin.py:190} INFO - [2024-10-03T11:19:30.588+0000] {override.py:1900} INFO - Created Permission View: can read on DAG:dataset_consumes_unknown_never_scheduled
[2024-10-03T11:19:30.591+0000] {logging_mixin.py:190} INFO - [2024-10-03T11:19:30.590+0000] {override.py:1900} INFO - Created Permission View: can edit on DAG:dataset_consumes_unknown_never_scheduled
[2024-10-03T11:19:30.593+0000] {logging_mixin.py:190} INFO - [2024-10-03T11:19:30.593+0000] {override.py:1900} INFO - Created Permission View: can read on DAG Run:dataset_consumes_unknown_never_scheduled
[2024-10-03T11:19:30.597+0000] {logging_mixin.py:190} INFO - [2024-10-03T11:19:30.596+0000] {override.py:1900} INFO - Created Permission View: can create on DAG Run:dataset_consumes_unknown_never_scheduled
[2024-10-03T11:19:30.600+0000] {logging_mixin.py:190} INFO - [2024-10-03T11:19:30.600+0000] {override.py:1900} INFO - Created Permission View: menu access on DAG Run:dataset_consumes_unknown_never_scheduled
[2024-10-03T11:19:30.603+0000] {logging_mixin.py:190} INFO - [2024-10-03T11:19:30.602+0000] {override.py:1900} INFO - Created Permission View: can delete on DAG Run:dataset_consumes_unknown_never_scheduled
[2024-10-03T11:19:30.609+0000] {logging_mixin.py:190} INFO - [2024-10-03T11:19:30.608+0000] {override.py:1900} INFO - Created Permission View: can delete on DAG:consume_1_or_2_with_dataset_expressions
[2024-10-03T11:19:30.613+0000] {logging_mixin.py:190} INFO - [2024-10-03T11:19:30.612+0000] {override.py:1900} INFO - Created Permission View: can read on DAG:consume_1_or_2_with_dataset_expressions
[2024-10-03T11:19:30.617+0000] {logging_mixin.py:190} INFO - [2024-10-03T11:19:30.617+0000] {override.py:1900} INFO - Created Permission View: can edit on DAG:consume_1_or_2_with_dataset_expressions
[2024-10-03T11:19:30.621+0000] {logging_mixin.py:190} INFO - [2024-10-03T11:19:30.621+0000] {override.py:1900} INFO - Created Permission View: can read on DAG Run:consume_1_or_2_with_dataset_expressions
[2024-10-03T11:19:30.625+0000] {logging_mixin.py:190} INFO - [2024-10-03T11:19:30.625+0000] {override.py:1900} INFO - Created Permission View: can create on DAG Run:consume_1_or_2_with_dataset_expressions
[2024-10-03T11:19:30.630+0000] {logging_mixin.py:190} INFO - [2024-10-03T11:19:30.630+0000] {override.py:1900} INFO - Created Permission View: menu access on DAG Run:consume_1_or_2_with_dataset_expressions
[2024-10-03T11:19:30.633+0000] {logging_mixin.py:190} INFO - [2024-10-03T11:19:30.633+0000] {override.py:1900} INFO - Created Permission View: can delete on DAG Run:consume_1_or_2_with_dataset_expressions
[2024-10-03T11:19:30.639+0000] {logging_mixin.py:190} INFO - [2024-10-03T11:19:30.639+0000] {override.py:1900} INFO - Created Permission View: can delete on DAG:dataset_consumes_1_never_scheduled
[2024-10-03T11:19:30.643+0000] {logging_mixin.py:190} INFO - [2024-10-03T11:19:30.643+0000] {override.py:1900} INFO - Created Permission View: can read on DAG:dataset_consumes_1_never_scheduled
[2024-10-03T11:19:30.647+0000] {logging_mixin.py:190} INFO - [2024-10-03T11:19:30.647+0000] {override.py:1900} INFO - Created Permission View: can edit on DAG:dataset_consumes_1_never_scheduled
[2024-10-03T11:19:30.650+0000] {logging_mixin.py:190} INFO - [2024-10-03T11:19:30.650+0000] {override.py:1900} INFO - Created Permission View: can read on DAG Run:dataset_consumes_1_never_scheduled
[2024-10-03T11:19:30.653+0000] {logging_mixin.py:190} INFO - [2024-10-03T11:19:30.653+0000] {override.py:1900} INFO - Created Permission View: can create on DAG Run:dataset_consumes_1_never_scheduled
[2024-10-03T11:19:30.657+0000] {logging_mixin.py:190} INFO - [2024-10-03T11:19:30.657+0000] {override.py:1900} INFO - Created Permission View: menu access on DAG Run:dataset_consumes_1_never_scheduled
[2024-10-03T11:19:30.663+0000] {logging_mixin.py:190} INFO - [2024-10-03T11:19:30.663+0000] {override.py:1900} INFO - Created Permission View: can delete on DAG Run:dataset_consumes_1_never_scheduled
[2024-10-03T11:19:30.669+0000] {logging_mixin.py:190} INFO - [2024-10-03T11:19:30.669+0000] {override.py:1900} INFO - Created Permission View: can delete on DAG:consume_1_or_both_2_and_3_with_dataset_expressions
[2024-10-03T11:19:30.672+0000] {logging_mixin.py:190} INFO - [2024-10-03T11:19:30.672+0000] {override.py:1900} INFO - Created Permission View: can read on DAG:consume_1_or_both_2_and_3_with_dataset_expressions
[2024-10-03T11:19:30.675+0000] {logging_mixin.py:190} INFO - [2024-10-03T11:19:30.675+0000] {override.py:1900} INFO - Created Permission View: can edit on DAG:consume_1_or_both_2_and_3_with_dataset_expressions
[2024-10-03T11:19:30.679+0000] {logging_mixin.py:190} INFO - [2024-10-03T11:19:30.678+0000] {override.py:1900} INFO - Created Permission View: can read on DAG Run:consume_1_or_both_2_and_3_with_dataset_expressions
[2024-10-03T11:19:30.682+0000] {logging_mixin.py:190} INFO - [2024-10-03T11:19:30.682+0000] {override.py:1900} INFO - Created Permission View: can create on DAG Run:consume_1_or_both_2_and_3_with_dataset_expressions
[2024-10-03T11:19:30.685+0000] {logging_mixin.py:190} INFO - [2024-10-03T11:19:30.684+0000] {override.py:1900} INFO - Created Permission View: menu access on DAG Run:consume_1_or_both_2_and_3_with_dataset_expressions
[2024-10-03T11:19:30.688+0000] {logging_mixin.py:190} INFO - [2024-10-03T11:19:30.688+0000] {override.py:1900} INFO - Created Permission View: can delete on DAG Run:consume_1_or_both_2_and_3_with_dataset_expressions
[2024-10-03T11:19:30.694+0000] {logging_mixin.py:190} INFO - [2024-10-03T11:19:30.694+0000] {override.py:1900} INFO - Created Permission View: can delete on DAG:consume_1_and_2_with_dataset_expressions
[2024-10-03T11:19:30.697+0000] {logging_mixin.py:190} INFO - [2024-10-03T11:19:30.697+0000] {override.py:1900} INFO - Created Permission View: can read on DAG:consume_1_and_2_with_dataset_expressions
[2024-10-03T11:19:30.700+0000] {logging_mixin.py:190} INFO - [2024-10-03T11:19:30.700+0000] {override.py:1900} INFO - Created Permission View: can edit on DAG:consume_1_and_2_with_dataset_expressions
[2024-10-03T11:19:30.703+0000] {logging_mixin.py:190} INFO - [2024-10-03T11:19:30.703+0000] {override.py:1900} INFO - Created Permission View: can read on DAG Run:consume_1_and_2_with_dataset_expressions
[2024-10-03T11:19:30.706+0000] {logging_mixin.py:190} INFO - [2024-10-03T11:19:30.705+0000] {override.py:1900} INFO - Created Permission View: can create on DAG Run:consume_1_and_2_with_dataset_expressions
[2024-10-03T11:19:30.709+0000] {logging_mixin.py:190} INFO - [2024-10-03T11:19:30.709+0000] {override.py:1900} INFO - Created Permission View: menu access on DAG Run:consume_1_and_2_with_dataset_expressions
[2024-10-03T11:19:30.714+0000] {logging_mixin.py:190} INFO - [2024-10-03T11:19:30.714+0000] {override.py:1900} INFO - Created Permission View: can delete on DAG Run:consume_1_and_2_with_dataset_expressions
[2024-10-03T11:19:30.719+0000] {logging_mixin.py:190} INFO - [2024-10-03T11:19:30.719+0000] {override.py:1900} INFO - Created Permission View: can delete on DAG:dataset_produces_1
[2024-10-03T11:19:30.723+0000] {logging_mixin.py:190} INFO - [2024-10-03T11:19:30.722+0000] {override.py:1900} INFO - Created Permission View: can read on DAG:dataset_produces_1
[2024-10-03T11:19:30.726+0000] {logging_mixin.py:190} INFO - [2024-10-03T11:19:30.726+0000] {override.py:1900} INFO - Created Permission View: can edit on DAG:dataset_produces_1
[2024-10-03T11:19:30.729+0000] {logging_mixin.py:190} INFO - [2024-10-03T11:19:30.729+0000] {override.py:1900} INFO - Created Permission View: can read on DAG Run:dataset_produces_1
[2024-10-03T11:19:30.732+0000] {logging_mixin.py:190} INFO - [2024-10-03T11:19:30.732+0000] {override.py:1900} INFO - Created Permission View: can create on DAG Run:dataset_produces_1
[2024-10-03T11:19:30.735+0000] {logging_mixin.py:190} INFO - [2024-10-03T11:19:30.735+0000] {override.py:1900} INFO - Created Permission View: menu access on DAG Run:dataset_produces_1
[2024-10-03T11:19:30.739+0000] {logging_mixin.py:190} INFO - [2024-10-03T11:19:30.738+0000] {override.py:1900} INFO - Created Permission View: can delete on DAG Run:dataset_produces_1
[2024-10-03T11:19:30.744+0000] {logging_mixin.py:190} INFO - [2024-10-03T11:19:30.744+0000] {override.py:1900} INFO - Created Permission View: can delete on DAG:dataset_consumes_1
[2024-10-03T11:19:30.747+0000] {logging_mixin.py:190} INFO - [2024-10-03T11:19:30.747+0000] {override.py:1900} INFO - Created Permission View: can read on DAG:dataset_consumes_1
[2024-10-03T11:19:30.752+0000] {logging_mixin.py:190} INFO - [2024-10-03T11:19:30.752+0000] {override.py:1900} INFO - Created Permission View: can edit on DAG:dataset_consumes_1
[2024-10-03T11:19:30.756+0000] {logging_mixin.py:190} INFO - [2024-10-03T11:19:30.756+0000] {override.py:1900} INFO - Created Permission View: can read on DAG Run:dataset_consumes_1
[2024-10-03T11:19:30.759+0000] {logging_mixin.py:190} INFO - [2024-10-03T11:19:30.759+0000] {override.py:1900} INFO - Created Permission View: can create on DAG Run:dataset_consumes_1
[2024-10-03T11:19:30.764+0000] {logging_mixin.py:190} INFO - [2024-10-03T11:19:30.764+0000] {override.py:1900} INFO - Created Permission View: menu access on DAG Run:dataset_consumes_1
[2024-10-03T11:19:30.768+0000] {logging_mixin.py:190} INFO - [2024-10-03T11:19:30.768+0000] {override.py:1900} INFO - Created Permission View: can delete on DAG Run:dataset_consumes_1
[2024-10-03T11:19:30.768+0000] {logging_mixin.py:190} INFO - [2024-10-03T11:19:30.768+0000] {dag.py:3239} INFO - Sync 10 DAGs
[2024-10-03T11:19:30.775+0000] {logging_mixin.py:190} INFO - [2024-10-03T11:19:30.775+0000] {dag.py:3262} INFO - Creating ORM DAG for dataset_produces_1
[2024-10-03T11:19:30.776+0000] {logging_mixin.py:190} INFO - [2024-10-03T11:19:30.776+0000] {dag.py:3262} INFO - Creating ORM DAG for consume_1_and_2_with_dataset_expressions
[2024-10-03T11:19:30.776+0000] {logging_mixin.py:190} INFO - [2024-10-03T11:19:30.776+0000] {dag.py:3262} INFO - Creating ORM DAG for dataset_consumes_1
[2024-10-03T11:19:30.776+0000] {logging_mixin.py:190} INFO - [2024-10-03T11:19:30.776+0000] {dag.py:3262} INFO - Creating ORM DAG for dataset_consumes_1_and_2
[2024-10-03T11:19:30.777+0000] {logging_mixin.py:190} INFO - [2024-10-03T11:19:30.777+0000] {dag.py:3262} INFO - Creating ORM DAG for consume_1_or_2_with_dataset_expressions
[2024-10-03T11:19:30.777+0000] {logging_mixin.py:190} INFO - [2024-10-03T11:19:30.777+0000] {dag.py:3262} INFO - Creating ORM DAG for dataset_consumes_unknown_never_scheduled
[2024-10-03T11:19:30.777+0000] {logging_mixin.py:190} INFO - [2024-10-03T11:19:30.777+0000] {dag.py:3262} INFO - Creating ORM DAG for dataset_consumes_1_never_scheduled
[2024-10-03T11:19:30.778+0000] {logging_mixin.py:190} INFO - [2024-10-03T11:19:30.777+0000] {dag.py:3262} INFO - Creating ORM DAG for consume_1_or_both_2_and_3_with_dataset_expressions
[2024-10-03T11:19:30.778+0000] {logging_mixin.py:190} INFO - [2024-10-03T11:19:30.778+0000] {dag.py:3262} INFO - Creating ORM DAG for conditional_dataset_and_time_based_timetable
[2024-10-03T11:19:30.779+0000] {logging_mixin.py:190} INFO - [2024-10-03T11:19:30.779+0000] {dag.py:3262} INFO - Creating ORM DAG for dataset_produces_2
[2024-10-03T11:19:30.785+0000] {logging_mixin.py:190} INFO - [2024-10-03T11:19:30.785+0000] {dag.py:4180} INFO - Setting next_dagrun for conditional_dataset_and_time_based_timetable to 2024-10-02 01:00:00+00:00, run_after=2024-10-02 01:00:00+00:00
[2024-10-03T11:19:30.785+0000] {logging_mixin.py:190} INFO - [2024-10-03T11:19:30.785+0000] {dag.py:4180} INFO - Setting next_dagrun for consume_1_and_2_with_dataset_expressions to None, run_after=None
[2024-10-03T11:19:30.786+0000] {logging_mixin.py:190} INFO - [2024-10-03T11:19:30.786+0000] {dag.py:4180} INFO - Setting next_dagrun for consume_1_or_2_with_dataset_expressions to None, run_after=None
[2024-10-03T11:19:30.786+0000] {logging_mixin.py:190} INFO - [2024-10-03T11:19:30.786+0000] {dag.py:4180} INFO - Setting next_dagrun for consume_1_or_both_2_and_3_with_dataset_expressions to None, run_after=None
[2024-10-03T11:19:30.787+0000] {logging_mixin.py:190} INFO - [2024-10-03T11:19:30.787+0000] {dag.py:4180} INFO - Setting next_dagrun for dataset_consumes_1 to None, run_after=None
[2024-10-03T11:19:30.787+0000] {logging_mixin.py:190} INFO - [2024-10-03T11:19:30.787+0000] {dag.py:4180} INFO - Setting next_dagrun for dataset_consumes_1_and_2 to None, run_after=None
[2024-10-03T11:19:30.788+0000] {logging_mixin.py:190} INFO - [2024-10-03T11:19:30.788+0000] {dag.py:4180} INFO - Setting next_dagrun for dataset_consumes_1_never_scheduled to None, run_after=None
[2024-10-03T11:19:30.788+0000] {logging_mixin.py:190} INFO - [2024-10-03T11:19:30.788+0000] {dag.py:4180} INFO - Setting next_dagrun for dataset_consumes_unknown_never_scheduled to None, run_after=None
[2024-10-03T11:19:30.789+0000] {logging_mixin.py:190} INFO - [2024-10-03T11:19:30.789+0000] {dag.py:4180} INFO - Setting next_dagrun for dataset_produces_1 to 2024-10-02 00:00:00+00:00, run_after=2024-10-03 00:00:00+00:00
[2024-10-03T11:19:30.789+0000] {logging_mixin.py:190} INFO - [2024-10-03T11:19:30.789+0000] {dag.py:4180} INFO - Setting next_dagrun for dataset_produces_2 to None, run_after=None
[2024-10-03T11:19:30.812+0000] {processor.py:208} INFO - Processing /home/airflow/.local/lib/python3.12/site-packages/airflow/example_dags/example_datasets.py took 0.706 seconds
[2024-10-03T11:20:01.541+0000] {processor.py:186} INFO - Started process (PID=610) to work on /home/airflow/.local/lib/python3.12/site-packages/airflow/example_dags/example_datasets.py
[2024-10-03T11:20:01.542+0000] {processor.py:914} INFO - Processing file /home/airflow/.local/lib/python3.12/site-packages/airflow/example_dags/example_datasets.py for tasks to queue
[2024-10-03T11:20:01.544+0000] {logging_mixin.py:190} INFO - [2024-10-03T11:20:01.544+0000] {dagbag.py:588} INFO - Filling up the DagBag from /home/airflow/.local/lib/python3.12/site-packages/airflow/example_dags/example_datasets.py
[2024-10-03T11:20:01.631+0000] {processor.py:925} INFO - DAG(s) 'consume_1_and_2_with_dataset_expressions', 'conditional_dataset_and_time_based_timetable', 'consume_1_or_2_with_dataset_expressions', 'dataset_produces_2', 'consume_1_or_both_2_and_3_with_dataset_expressions', 'dataset_consumes_unknown_never_scheduled', 'dataset_produces_1', 'dataset_consumes_1', 'dataset_consumes_1_never_scheduled', 'dataset_consumes_1_and_2' retrieved from /home/airflow/.local/lib/python3.12/site-packages/airflow/example_dags/example_datasets.py
[2024-10-03T11:20:01.653+0000] {logging_mixin.py:190} INFO - [2024-10-03T11:20:01.653+0000] {dag.py:3239} INFO - Sync 10 DAGs
[2024-10-03T11:20:01.666+0000] {logging_mixin.py:190} INFO - [2024-10-03T11:20:01.666+0000] {dag.py:4180} INFO - Setting next_dagrun for conditional_dataset_and_time_based_timetable to 2024-10-02 01:00:00+00:00, run_after=2024-10-02 01:00:00+00:00
[2024-10-03T11:20:01.668+0000] {logging_mixin.py:190} INFO - [2024-10-03T11:20:01.668+0000] {dag.py:4180} INFO - Setting next_dagrun for consume_1_and_2_with_dataset_expressions to None, run_after=None
[2024-10-03T11:20:01.669+0000] {logging_mixin.py:190} INFO - [2024-10-03T11:20:01.669+0000] {dag.py:4180} INFO - Setting next_dagrun for consume_1_or_2_with_dataset_expressions to None, run_after=None
[2024-10-03T11:20:01.670+0000] {logging_mixin.py:190} INFO - [2024-10-03T11:20:01.670+0000] {dag.py:4180} INFO - Setting next_dagrun for consume_1_or_both_2_and_3_with_dataset_expressions to None, run_after=None
[2024-10-03T11:20:01.671+0000] {logging_mixin.py:190} INFO - [2024-10-03T11:20:01.671+0000] {dag.py:4180} INFO - Setting next_dagrun for dataset_consumes_1 to None, run_after=None
[2024-10-03T11:20:01.672+0000] {logging_mixin.py:190} INFO - [2024-10-03T11:20:01.672+0000] {dag.py:4180} INFO - Setting next_dagrun for dataset_consumes_1_and_2 to None, run_after=None
[2024-10-03T11:20:01.673+0000] {logging_mixin.py:190} INFO - [2024-10-03T11:20:01.673+0000] {dag.py:4180} INFO - Setting next_dagrun for dataset_consumes_1_never_scheduled to None, run_after=None
[2024-10-03T11:20:01.674+0000] {logging_mixin.py:190} INFO - [2024-10-03T11:20:01.674+0000] {dag.py:4180} INFO - Setting next_dagrun for dataset_consumes_unknown_never_scheduled to None, run_after=None
[2024-10-03T11:20:01.675+0000] {logging_mixin.py:190} INFO - [2024-10-03T11:20:01.675+0000] {dag.py:4180} INFO - Setting next_dagrun for dataset_produces_1 to 2024-10-02 00:00:00+00:00, run_after=2024-10-03 00:00:00+00:00
[2024-10-03T11:20:01.676+0000] {logging_mixin.py:190} INFO - [2024-10-03T11:20:01.676+0000] {dag.py:4180} INFO - Setting next_dagrun for dataset_produces_2 to None, run_after=None
[2024-10-03T11:20:01.692+0000] {processor.py:208} INFO - Processing /home/airflow/.local/lib/python3.12/site-packages/airflow/example_dags/example_datasets.py took 0.157 seconds
[2024-10-03T11:20:31.962+0000] {processor.py:186} INFO - Started process (PID=896) to work on /home/airflow/.local/lib/python3.12/site-packages/airflow/example_dags/example_datasets.py
[2024-10-03T11:20:31.962+0000] {processor.py:914} INFO - Processing file /home/airflow/.local/lib/python3.12/site-packages/airflow/example_dags/example_datasets.py for tasks to queue
[2024-10-03T11:20:31.964+0000] {logging_mixin.py:190} INFO - [2024-10-03T11:20:31.964+0000] {dagbag.py:588} INFO - Filling up the DagBag from /home/airflow/.local/lib/python3.12/site-packages/airflow/example_dags/example_datasets.py
[2024-10-03T11:20:32.042+0000] {processor.py:925} INFO - DAG(s) 'dataset_consumes_1_never_scheduled', 'dataset_consumes_1_and_2', 'dataset_produces_1', 'dataset_consumes_unknown_never_scheduled', 'dataset_consumes_1', 'consume_1_or_both_2_and_3_with_dataset_expressions', 'consume_1_or_2_with_dataset_expressions', 'conditional_dataset_and_time_based_timetable', 'dataset_produces_2', 'consume_1_and_2_with_dataset_expressions' retrieved from /home/airflow/.local/lib/python3.12/site-packages/airflow/example_dags/example_datasets.py
[2024-10-03T11:20:32.065+0000] {logging_mixin.py:190} INFO - [2024-10-03T11:20:32.065+0000] {dag.py:3239} INFO - Sync 10 DAGs
[2024-10-03T11:20:32.077+0000] {logging_mixin.py:190} INFO - [2024-10-03T11:20:32.077+0000] {dag.py:4180} INFO - Setting next_dagrun for conditional_dataset_and_time_based_timetable to 2024-10-02 01:00:00+00:00, run_after=2024-10-02 01:00:00+00:00
[2024-10-03T11:20:32.079+0000] {logging_mixin.py:190} INFO - [2024-10-03T11:20:32.079+0000] {dag.py:4180} INFO - Setting next_dagrun for consume_1_and_2_with_dataset_expressions to None, run_after=None
[2024-10-03T11:20:32.080+0000] {logging_mixin.py:190} INFO - [2024-10-03T11:20:32.080+0000] {dag.py:4180} INFO - Setting next_dagrun for consume_1_or_2_with_dataset_expressions to None, run_after=None
[2024-10-03T11:20:32.081+0000] {logging_mixin.py:190} INFO - [2024-10-03T11:20:32.081+0000] {dag.py:4180} INFO - Setting next_dagrun for consume_1_or_both_2_and_3_with_dataset_expressions to None, run_after=None
[2024-10-03T11:20:32.081+0000] {logging_mixin.py:190} INFO - [2024-10-03T11:20:32.081+0000] {dag.py:4180} INFO - Setting next_dagrun for dataset_consumes_1 to None, run_after=None
[2024-10-03T11:20:32.082+0000] {logging_mixin.py:190} INFO - [2024-10-03T11:20:32.082+0000] {dag.py:4180} INFO - Setting next_dagrun for dataset_consumes_1_and_2 to None, run_after=None
[2024-10-03T11:20:32.083+0000] {logging_mixin.py:190} INFO - [2024-10-03T11:20:32.083+0000] {dag.py:4180} INFO - Setting next_dagrun for dataset_consumes_1_never_scheduled to None, run_after=None
[2024-10-03T11:20:32.084+0000] {logging_mixin.py:190} INFO - [2024-10-03T11:20:32.084+0000] {dag.py:4180} INFO - Setting next_dagrun for dataset_consumes_unknown_never_scheduled to None, run_after=None
[2024-10-03T11:20:32.085+0000] {logging_mixin.py:190} INFO - [2024-10-03T11:20:32.085+0000] {dag.py:4180} INFO - Setting next_dagrun for dataset_produces_1 to 2024-10-02 00:00:00+00:00, run_after=2024-10-03 00:00:00+00:00
[2024-10-03T11:20:32.086+0000] {logging_mixin.py:190} INFO - [2024-10-03T11:20:32.085+0000] {dag.py:4180} INFO - Setting next_dagrun for dataset_produces_2 to None, run_after=None
[2024-10-03T11:20:32.103+0000] {processor.py:208} INFO - Processing /home/airflow/.local/lib/python3.12/site-packages/airflow/example_dags/example_datasets.py took 0.145 seconds
[2024-10-03T11:21:02.384+0000] {processor.py:186} INFO - Started process (PID=1182) to work on /home/airflow/.local/lib/python3.12/site-packages/airflow/example_dags/example_datasets.py
[2024-10-03T11:21:02.386+0000] {processor.py:914} INFO - Processing file /home/airflow/.local/lib/python3.12/site-packages/airflow/example_dags/example_datasets.py for tasks to queue
[2024-10-03T11:21:02.389+0000] {logging_mixin.py:190} INFO - [2024-10-03T11:21:02.388+0000] {dagbag.py:588} INFO - Filling up the DagBag from /home/airflow/.local/lib/python3.12/site-packages/airflow/example_dags/example_datasets.py
[2024-10-03T11:21:02.465+0000] {processor.py:925} INFO - DAG(s) 'conditional_dataset_and_time_based_timetable', 'dataset_produces_2', 'dataset_produces_1', 'consume_1_or_both_2_and_3_with_dataset_expressions', 'dataset_consumes_1_and_2', 'dataset_consumes_unknown_never_scheduled', 'dataset_consumes_1', 'consume_1_and_2_with_dataset_expressions', 'consume_1_or_2_with_dataset_expressions', 'dataset_consumes_1_never_scheduled' retrieved from /home/airflow/.local/lib/python3.12/site-packages/airflow/example_dags/example_datasets.py
[2024-10-03T11:21:02.487+0000] {logging_mixin.py:190} INFO - [2024-10-03T11:21:02.487+0000] {dag.py:3239} INFO - Sync 10 DAGs
[2024-10-03T11:21:02.499+0000] {logging_mixin.py:190} INFO - [2024-10-03T11:21:02.499+0000] {dag.py:4180} INFO - Setting next_dagrun for conditional_dataset_and_time_based_timetable to 2024-10-02 01:00:00+00:00, run_after=2024-10-02 01:00:00+00:00
[2024-10-03T11:21:02.501+0000] {logging_mixin.py:190} INFO - [2024-10-03T11:21:02.501+0000] {dag.py:4180} INFO - Setting next_dagrun for consume_1_and_2_with_dataset_expressions to None, run_after=None
[2024-10-03T11:21:02.502+0000] {logging_mixin.py:190} INFO - [2024-10-03T11:21:02.502+0000] {dag.py:4180} INFO - Setting next_dagrun for consume_1_or_2_with_dataset_expressions to None, run_after=None
[2024-10-03T11:21:02.503+0000] {logging_mixin.py:190} INFO - [2024-10-03T11:21:02.503+0000] {dag.py:4180} INFO - Setting next_dagrun for consume_1_or_both_2_and_3_with_dataset_expressions to None, run_after=None
[2024-10-03T11:21:02.504+0000] {logging_mixin.py:190} INFO - [2024-10-03T11:21:02.503+0000] {dag.py:4180} INFO - Setting next_dagrun for dataset_consumes_1 to None, run_after=None
[2024-10-03T11:21:02.504+0000] {logging_mixin.py:190} INFO - [2024-10-03T11:21:02.504+0000] {dag.py:4180} INFO - Setting next_dagrun for dataset_consumes_1_and_2 to None, run_after=None
[2024-10-03T11:21:02.505+0000] {logging_mixin.py:190} INFO - [2024-10-03T11:21:02.505+0000] {dag.py:4180} INFO - Setting next_dagrun for dataset_consumes_1_never_scheduled to None, run_after=None
[2024-10-03T11:21:02.506+0000] {logging_mixin.py:190} INFO - [2024-10-03T11:21:02.506+0000] {dag.py:4180} INFO - Setting next_dagrun for dataset_consumes_unknown_never_scheduled to None, run_after=None
[2024-10-03T11:21:02.507+0000] {logging_mixin.py:190} INFO - [2024-10-03T11:21:02.507+0000] {dag.py:4180} INFO - Setting next_dagrun for dataset_produces_1 to 2024-10-02 00:00:00+00:00, run_after=2024-10-03 00:00:00+00:00
[2024-10-03T11:21:02.508+0000] {logging_mixin.py:190} INFO - [2024-10-03T11:21:02.508+0000] {dag.py:4180} INFO - Setting next_dagrun for dataset_produces_2 to None, run_after=None
[2024-10-03T11:21:02.522+0000] {processor.py:208} INFO - Processing /home/airflow/.local/lib/python3.12/site-packages/airflow/example_dags/example_datasets.py took 0.145 seconds
[2024-10-03T11:21:32.844+0000] {processor.py:186} INFO - Started process (PID=1468) to work on /home/airflow/.local/lib/python3.12/site-packages/airflow/example_dags/example_datasets.py
[2024-10-03T11:21:32.845+0000] {processor.py:914} INFO - Processing file /home/airflow/.local/lib/python3.12/site-packages/airflow/example_dags/example_datasets.py for tasks to queue
[2024-10-03T11:21:32.848+0000] {logging_mixin.py:190} INFO - [2024-10-03T11:21:32.848+0000] {dagbag.py:588} INFO - Filling up the DagBag from /home/airflow/.local/lib/python3.12/site-packages/airflow/example_dags/example_datasets.py
[2024-10-03T11:21:32.929+0000] {processor.py:925} INFO - DAG(s) 'dataset_consumes_1_and_2', 'dataset_produces_1', 'consume_1_or_2_with_dataset_expressions', 'dataset_produces_2', 'dataset_consumes_1_never_scheduled', 'dataset_consumes_1', 'consume_1_or_both_2_and_3_with_dataset_expressions', 'conditional_dataset_and_time_based_timetable', 'consume_1_and_2_with_dataset_expressions', 'dataset_consumes_unknown_never_scheduled' retrieved from /home/airflow/.local/lib/python3.12/site-packages/airflow/example_dags/example_datasets.py
[2024-10-03T11:21:32.954+0000] {logging_mixin.py:190} INFO - [2024-10-03T11:21:32.954+0000] {dag.py:3239} INFO - Sync 10 DAGs
[2024-10-03T11:21:32.967+0000] {logging_mixin.py:190} INFO - [2024-10-03T11:21:32.967+0000] {dag.py:4180} INFO - Setting next_dagrun for conditional_dataset_and_time_based_timetable to 2024-10-02 01:00:00+00:00, run_after=2024-10-02 01:00:00+00:00
[2024-10-03T11:21:32.971+0000] {logging_mixin.py:190} INFO - [2024-10-03T11:21:32.970+0000] {dag.py:4180} INFO - Setting next_dagrun for consume_1_and_2_with_dataset_expressions to None, run_after=None
[2024-10-03T11:21:32.972+0000] {logging_mixin.py:190} INFO - [2024-10-03T11:21:32.971+0000] {dag.py:4180} INFO - Setting next_dagrun for consume_1_or_2_with_dataset_expressions to None, run_after=None
[2024-10-03T11:21:32.972+0000] {logging_mixin.py:190} INFO - [2024-10-03T11:21:32.972+0000] {dag.py:4180} INFO - Setting next_dagrun for consume_1_or_both_2_and_3_with_dataset_expressions to None, run_after=None
[2024-10-03T11:21:32.973+0000] {logging_mixin.py:190} INFO - [2024-10-03T11:21:32.973+0000] {dag.py:4180} INFO - Setting next_dagrun for dataset_consumes_1 to None, run_after=None
[2024-10-03T11:21:32.974+0000] {logging_mixin.py:190} INFO - [2024-10-03T11:21:32.974+0000] {dag.py:4180} INFO - Setting next_dagrun for dataset_consumes_1_and_2 to None, run_after=None
[2024-10-03T11:21:32.975+0000] {logging_mixin.py:190} INFO - [2024-10-03T11:21:32.975+0000] {dag.py:4180} INFO - Setting next_dagrun for dataset_consumes_1_never_scheduled to None, run_after=None
[2024-10-03T11:21:32.975+0000] {logging_mixin.py:190} INFO - [2024-10-03T11:21:32.975+0000] {dag.py:4180} INFO - Setting next_dagrun for dataset_consumes_unknown_never_scheduled to None, run_after=None
[2024-10-03T11:21:32.977+0000] {logging_mixin.py:190} INFO - [2024-10-03T11:21:32.977+0000] {dag.py:4180} INFO - Setting next_dagrun for dataset_produces_1 to 2024-10-02 00:00:00+00:00, run_after=2024-10-03 00:00:00+00:00
[2024-10-03T11:21:32.978+0000] {logging_mixin.py:190} INFO - [2024-10-03T11:21:32.978+0000] {dag.py:4180} INFO - Setting next_dagrun for dataset_produces_2 to None, run_after=None
[2024-10-03T11:21:32.997+0000] {processor.py:208} INFO - Processing /home/airflow/.local/lib/python3.12/site-packages/airflow/example_dags/example_datasets.py took 0.158 seconds
[2024-10-03T11:22:03.340+0000] {processor.py:186} INFO - Started process (PID=1754) to work on /home/airflow/.local/lib/python3.12/site-packages/airflow/example_dags/example_datasets.py
[2024-10-03T11:22:03.341+0000] {processor.py:914} INFO - Processing file /home/airflow/.local/lib/python3.12/site-packages/airflow/example_dags/example_datasets.py for tasks to queue
[2024-10-03T11:22:03.343+0000] {logging_mixin.py:190} INFO - [2024-10-03T11:22:03.343+0000] {dagbag.py:588} INFO - Filling up the DagBag from /home/airflow/.local/lib/python3.12/site-packages/airflow/example_dags/example_datasets.py
[2024-10-03T11:22:03.415+0000] {processor.py:925} INFO - DAG(s) 'dataset_consumes_1_and_2', 'consume_1_or_2_with_dataset_expressions', 'dataset_consumes_unknown_never_scheduled', 'dataset_consumes_1', 'conditional_dataset_and_time_based_timetable', 'consume_1_or_both_2_and_3_with_dataset_expressions', 'consume_1_and_2_with_dataset_expressions', 'dataset_consumes_1_never_scheduled', 'dataset_produces_1', 'dataset_produces_2' retrieved from /home/airflow/.local/lib/python3.12/site-packages/airflow/example_dags/example_datasets.py
[2024-10-03T11:22:03.439+0000] {logging_mixin.py:190} INFO - [2024-10-03T11:22:03.439+0000] {dag.py:3239} INFO - Sync 10 DAGs
[2024-10-03T11:22:03.451+0000] {logging_mixin.py:190} INFO - [2024-10-03T11:22:03.451+0000] {dag.py:4180} INFO - Setting next_dagrun for conditional_dataset_and_time_based_timetable to 2024-10-02 01:00:00+00:00, run_after=2024-10-02 01:00:00+00:00
[2024-10-03T11:22:03.453+0000] {logging_mixin.py:190} INFO - [2024-10-03T11:22:03.452+0000] {dag.py:4180} INFO - Setting next_dagrun for consume_1_and_2_with_dataset_expressions to None, run_after=None
[2024-10-03T11:22:03.453+0000] {logging_mixin.py:190} INFO - [2024-10-03T11:22:03.453+0000] {dag.py:4180} INFO - Setting next_dagrun for consume_1_or_2_with_dataset_expressions to None, run_after=None
[2024-10-03T11:22:03.454+0000] {logging_mixin.py:190} INFO - [2024-10-03T11:22:03.454+0000] {dag.py:4180} INFO - Setting next_dagrun for consume_1_or_both_2_and_3_with_dataset_expressions to None, run_after=None
[2024-10-03T11:22:03.454+0000] {logging_mixin.py:190} INFO - [2024-10-03T11:22:03.454+0000] {dag.py:4180} INFO - Setting next_dagrun for dataset_consumes_1 to None, run_after=None
[2024-10-03T11:22:03.455+0000] {logging_mixin.py:190} INFO - [2024-10-03T11:22:03.455+0000] {dag.py:4180} INFO - Setting next_dagrun for dataset_consumes_1_and_2 to None, run_after=None
[2024-10-03T11:22:03.456+0000] {logging_mixin.py:190} INFO - [2024-10-03T11:22:03.456+0000] {dag.py:4180} INFO - Setting next_dagrun for dataset_consumes_1_never_scheduled to None, run_after=None
[2024-10-03T11:22:03.456+0000] {logging_mixin.py:190} INFO - [2024-10-03T11:22:03.456+0000] {dag.py:4180} INFO - Setting next_dagrun for dataset_consumes_unknown_never_scheduled to None, run_after=None
[2024-10-03T11:22:03.457+0000] {logging_mixin.py:190} INFO - [2024-10-03T11:22:03.457+0000] {dag.py:4180} INFO - Setting next_dagrun for dataset_produces_1 to 2024-10-02 00:00:00+00:00, run_after=2024-10-03 00:00:00+00:00
[2024-10-03T11:22:03.458+0000] {logging_mixin.py:190} INFO - [2024-10-03T11:22:03.458+0000] {dag.py:4180} INFO - Setting next_dagrun for dataset_produces_2 to None, run_after=None
[2024-10-03T11:22:03.472+0000] {processor.py:208} INFO - Processing /home/airflow/.local/lib/python3.12/site-packages/airflow/example_dags/example_datasets.py took 0.139 seconds
[2024-10-03T11:22:33.827+0000] {processor.py:186} INFO - Started process (PID=2040) to work on /home/airflow/.local/lib/python3.12/site-packages/airflow/example_dags/example_datasets.py
[2024-10-03T11:22:33.829+0000] {processor.py:914} INFO - Processing file /home/airflow/.local/lib/python3.12/site-packages/airflow/example_dags/example_datasets.py for tasks to queue
[2024-10-03T11:22:33.832+0000] {logging_mixin.py:190} INFO - [2024-10-03T11:22:33.832+0000] {dagbag.py:588} INFO - Filling up the DagBag from /home/airflow/.local/lib/python3.12/site-packages/airflow/example_dags/example_datasets.py
[2024-10-03T11:22:33.909+0000] {processor.py:925} INFO - DAG(s) 'dataset_consumes_1', 'dataset_consumes_1_and_2', 'consume_1_and_2_with_dataset_expressions', 'dataset_produces_1', 'consume_1_or_both_2_and_3_with_dataset_expressions', 'conditional_dataset_and_time_based_timetable', 'consume_1_or_2_with_dataset_expressions', 'dataset_consumes_unknown_never_scheduled', 'dataset_consumes_1_never_scheduled', 'dataset_produces_2' retrieved from /home/airflow/.local/lib/python3.12/site-packages/airflow/example_dags/example_datasets.py
[2024-10-03T11:22:33.930+0000] {logging_mixin.py:190} INFO - [2024-10-03T11:22:33.930+0000] {dag.py:3239} INFO - Sync 10 DAGs
[2024-10-03T11:22:33.943+0000] {logging_mixin.py:190} INFO - [2024-10-03T11:22:33.942+0000] {dag.py:4180} INFO - Setting next_dagrun for conditional_dataset_and_time_based_timetable to 2024-10-02 01:00:00+00:00, run_after=2024-10-02 01:00:00+00:00
[2024-10-03T11:22:33.945+0000] {logging_mixin.py:190} INFO - [2024-10-03T11:22:33.944+0000] {dag.py:4180} INFO - Setting next_dagrun for consume_1_and_2_with_dataset_expressions to None, run_after=None
[2024-10-03T11:22:33.945+0000] {logging_mixin.py:190} INFO - [2024-10-03T11:22:33.945+0000] {dag.py:4180} INFO - Setting next_dagrun for consume_1_or_2_with_dataset_expressions to None, run_after=None
[2024-10-03T11:22:33.946+0000] {logging_mixin.py:190} INFO - [2024-10-03T11:22:33.946+0000] {dag.py:4180} INFO - Setting next_dagrun for consume_1_or_both_2_and_3_with_dataset_expressions to None, run_after=None
[2024-10-03T11:22:33.947+0000] {logging_mixin.py:190} INFO - [2024-10-03T11:22:33.946+0000] {dag.py:4180} INFO - Setting next_dagrun for dataset_consumes_1 to None, run_after=None
[2024-10-03T11:22:33.947+0000] {logging_mixin.py:190} INFO - [2024-10-03T11:22:33.947+0000] {dag.py:4180} INFO - Setting next_dagrun for dataset_consumes_1_and_2 to None, run_after=None
[2024-10-03T11:22:33.948+0000] {logging_mixin.py:190} INFO - [2024-10-03T11:22:33.948+0000] {dag.py:4180} INFO - Setting next_dagrun for dataset_consumes_1_never_scheduled to None, run_after=None
[2024-10-03T11:22:33.949+0000] {logging_mixin.py:190} INFO - [2024-10-03T11:22:33.949+0000] {dag.py:4180} INFO - Setting next_dagrun for dataset_consumes_unknown_never_scheduled to None, run_after=None
[2024-10-03T11:22:33.950+0000] {logging_mixin.py:190} INFO - [2024-10-03T11:22:33.950+0000] {dag.py:4180} INFO - Setting next_dagrun for dataset_produces_1 to 2024-10-02 00:00:00+00:00, run_after=2024-10-03 00:00:00+00:00
[2024-10-03T11:22:33.951+0000] {logging_mixin.py:190} INFO - [2024-10-03T11:22:33.951+0000] {dag.py:4180} INFO - Setting next_dagrun for dataset_produces_2 to None, run_after=None
[2024-10-03T11:22:33.967+0000] {processor.py:208} INFO - Processing /home/airflow/.local/lib/python3.12/site-packages/airflow/example_dags/example_datasets.py took 0.148 seconds
[2024-10-03T11:23:04.443+0000] {processor.py:186} INFO - Started process (PID=2326) to work on /home/airflow/.local/lib/python3.12/site-packages/airflow/example_dags/example_datasets.py
[2024-10-03T11:23:04.445+0000] {processor.py:914} INFO - Processing file /home/airflow/.local/lib/python3.12/site-packages/airflow/example_dags/example_datasets.py for tasks to queue
[2024-10-03T11:23:04.447+0000] {logging_mixin.py:190} INFO - [2024-10-03T11:23:04.447+0000] {dagbag.py:588} INFO - Filling up the DagBag from /home/airflow/.local/lib/python3.12/site-packages/airflow/example_dags/example_datasets.py
[2024-10-03T11:23:04.520+0000] {processor.py:925} INFO - DAG(s) 'consume_1_or_both_2_and_3_with_dataset_expressions', 'conditional_dataset_and_time_based_timetable', 'dataset_consumes_1_and_2', 'dataset_consumes_unknown_never_scheduled', 'dataset_consumes_1', 'consume_1_or_2_with_dataset_expressions', 'dataset_produces_2', 'dataset_produces_1', 'consume_1_and_2_with_dataset_expressions', 'dataset_consumes_1_never_scheduled' retrieved from /home/airflow/.local/lib/python3.12/site-packages/airflow/example_dags/example_datasets.py
[2024-10-03T11:23:04.542+0000] {logging_mixin.py:190} INFO - [2024-10-03T11:23:04.542+0000] {dag.py:3239} INFO - Sync 10 DAGs
[2024-10-03T11:23:04.554+0000] {logging_mixin.py:190} INFO - [2024-10-03T11:23:04.554+0000] {dag.py:4180} INFO - Setting next_dagrun for conditional_dataset_and_time_based_timetable to 2024-10-02 01:00:00+00:00, run_after=2024-10-02 01:00:00+00:00
[2024-10-03T11:23:04.556+0000] {logging_mixin.py:190} INFO - [2024-10-03T11:23:04.556+0000] {dag.py:4180} INFO - Setting next_dagrun for consume_1_and_2_with_dataset_expressions to None, run_after=None
[2024-10-03T11:23:04.557+0000] {logging_mixin.py:190} INFO - [2024-10-03T11:23:04.557+0000] {dag.py:4180} INFO - Setting next_dagrun for consume_1_or_2_with_dataset_expressions to None, run_after=None
[2024-10-03T11:23:04.557+0000] {logging_mixin.py:190} INFO - [2024-10-03T11:23:04.557+0000] {dag.py:4180} INFO - Setting next_dagrun for consume_1_or_both_2_and_3_with_dataset_expressions to None, run_after=None
[2024-10-03T11:23:04.558+0000] {logging_mixin.py:190} INFO - [2024-10-03T11:23:04.558+0000] {dag.py:4180} INFO - Setting next_dagrun for dataset_consumes_1 to None, run_after=None
[2024-10-03T11:23:04.559+0000] {logging_mixin.py:190} INFO - [2024-10-03T11:23:04.559+0000] {dag.py:4180} INFO - Setting next_dagrun for dataset_consumes_1_and_2 to None, run_after=None
[2024-10-03T11:23:04.559+0000] {logging_mixin.py:190} INFO - [2024-10-03T11:23:04.559+0000] {dag.py:4180} INFO - Setting next_dagrun for dataset_consumes_1_never_scheduled to None, run_after=None
[2024-10-03T11:23:04.560+0000] {logging_mixin.py:190} INFO - [2024-10-03T11:23:04.560+0000] {dag.py:4180} INFO - Setting next_dagrun for dataset_consumes_unknown_never_scheduled to None, run_after=None
[2024-10-03T11:23:04.561+0000] {logging_mixin.py:190} INFO - [2024-10-03T11:23:04.561+0000] {dag.py:4180} INFO - Setting next_dagrun for dataset_produces_1 to 2024-10-02 00:00:00+00:00, run_after=2024-10-03 00:00:00+00:00
[2024-10-03T11:23:04.562+0000] {logging_mixin.py:190} INFO - [2024-10-03T11:23:04.562+0000] {dag.py:4180} INFO - Setting next_dagrun for dataset_produces_2 to None, run_after=None
[2024-10-03T11:23:04.577+0000] {processor.py:208} INFO - Processing /home/airflow/.local/lib/python3.12/site-packages/airflow/example_dags/example_datasets.py took 0.140 seconds
[2024-10-03T11:23:34.646+0000] {processor.py:186} INFO - Started process (PID=2612) to work on /home/airflow/.local/lib/python3.12/site-packages/airflow/example_dags/example_datasets.py
[2024-10-03T11:23:34.647+0000] {processor.py:914} INFO - Processing file /home/airflow/.local/lib/python3.12/site-packages/airflow/example_dags/example_datasets.py for tasks to queue
[2024-10-03T11:23:34.649+0000] {logging_mixin.py:190} INFO - [2024-10-03T11:23:34.649+0000] {dagbag.py:588} INFO - Filling up the DagBag from /home/airflow/.local/lib/python3.12/site-packages/airflow/example_dags/example_datasets.py
[2024-10-03T11:23:34.728+0000] {processor.py:925} INFO - DAG(s) 'dataset_produces_1', 'conditional_dataset_and_time_based_timetable', 'consume_1_or_2_with_dataset_expressions', 'dataset_consumes_1_and_2', 'dataset_produces_2', 'consume_1_and_2_with_dataset_expressions', 'dataset_consumes_1_never_scheduled', 'dataset_consumes_unknown_never_scheduled', 'dataset_consumes_1', 'consume_1_or_both_2_and_3_with_dataset_expressions' retrieved from /home/airflow/.local/lib/python3.12/site-packages/airflow/example_dags/example_datasets.py
[2024-10-03T11:23:34.751+0000] {logging_mixin.py:190} INFO - [2024-10-03T11:23:34.751+0000] {dag.py:3239} INFO - Sync 10 DAGs
[2024-10-03T11:23:34.765+0000] {logging_mixin.py:190} INFO - [2024-10-03T11:23:34.765+0000] {dag.py:4180} INFO - Setting next_dagrun for conditional_dataset_and_time_based_timetable to 2024-10-02 01:00:00+00:00, run_after=2024-10-02 01:00:00+00:00
[2024-10-03T11:23:34.768+0000] {logging_mixin.py:190} INFO - [2024-10-03T11:23:34.768+0000] {dag.py:4180} INFO - Setting next_dagrun for consume_1_and_2_with_dataset_expressions to None, run_after=None
[2024-10-03T11:23:34.769+0000] {logging_mixin.py:190} INFO - [2024-10-03T11:23:34.769+0000] {dag.py:4180} INFO - Setting next_dagrun for consume_1_or_2_with_dataset_expressions to None, run_after=None
[2024-10-03T11:23:34.770+0000] {logging_mixin.py:190} INFO - [2024-10-03T11:23:34.770+0000] {dag.py:4180} INFO - Setting next_dagrun for consume_1_or_both_2_and_3_with_dataset_expressions to None, run_after=None
[2024-10-03T11:23:34.771+0000] {logging_mixin.py:190} INFO - [2024-10-03T11:23:34.770+0000] {dag.py:4180} INFO - Setting next_dagrun for dataset_consumes_1 to None, run_after=None
[2024-10-03T11:23:34.771+0000] {logging_mixin.py:190} INFO - [2024-10-03T11:23:34.771+0000] {dag.py:4180} INFO - Setting next_dagrun for dataset_consumes_1_and_2 to None, run_after=None
[2024-10-03T11:23:34.772+0000] {logging_mixin.py:190} INFO - [2024-10-03T11:23:34.772+0000] {dag.py:4180} INFO - Setting next_dagrun for dataset_consumes_1_never_scheduled to None, run_after=None
[2024-10-03T11:23:34.773+0000] {logging_mixin.py:190} INFO - [2024-10-03T11:23:34.773+0000] {dag.py:4180} INFO - Setting next_dagrun for dataset_consumes_unknown_never_scheduled to None, run_after=None
[2024-10-03T11:23:34.774+0000] {logging_mixin.py:190} INFO - [2024-10-03T11:23:34.774+0000] {dag.py:4180} INFO - Setting next_dagrun for dataset_produces_1 to 2024-10-02 00:00:00+00:00, run_after=2024-10-03 00:00:00+00:00
[2024-10-03T11:23:34.775+0000] {logging_mixin.py:190} INFO - [2024-10-03T11:23:34.774+0000] {dag.py:4180} INFO - Setting next_dagrun for dataset_produces_2 to None, run_after=None
[2024-10-03T11:23:34.790+0000] {processor.py:208} INFO - Processing /home/airflow/.local/lib/python3.12/site-packages/airflow/example_dags/example_datasets.py took 0.151 seconds
[2024-10-03T11:24:05.057+0000] {processor.py:186} INFO - Started process (PID=2898) to work on /home/airflow/.local/lib/python3.12/site-packages/airflow/example_dags/example_datasets.py
[2024-10-03T11:24:05.058+0000] {processor.py:914} INFO - Processing file /home/airflow/.local/lib/python3.12/site-packages/airflow/example_dags/example_datasets.py for tasks to queue
[2024-10-03T11:24:05.061+0000] {logging_mixin.py:190} INFO - [2024-10-03T11:24:05.060+0000] {dagbag.py:588} INFO - Filling up the DagBag from /home/airflow/.local/lib/python3.12/site-packages/airflow/example_dags/example_datasets.py
[2024-10-03T11:24:05.135+0000] {processor.py:925} INFO - DAG(s) 'consume_1_or_2_with_dataset_expressions', 'consume_1_or_both_2_and_3_with_dataset_expressions', 'dataset_consumes_1', 'dataset_produces_2', 'dataset_consumes_1_never_scheduled', 'conditional_dataset_and_time_based_timetable', 'dataset_consumes_1_and_2', 'consume_1_and_2_with_dataset_expressions', 'dataset_produces_1', 'dataset_consumes_unknown_never_scheduled' retrieved from /home/airflow/.local/lib/python3.12/site-packages/airflow/example_dags/example_datasets.py
[2024-10-03T11:24:05.156+0000] {logging_mixin.py:190} INFO - [2024-10-03T11:24:05.156+0000] {dag.py:3239} INFO - Sync 10 DAGs
[2024-10-03T11:24:05.168+0000] {logging_mixin.py:190} INFO - [2024-10-03T11:24:05.168+0000] {dag.py:4180} INFO - Setting next_dagrun for conditional_dataset_and_time_based_timetable to 2024-10-02 01:00:00+00:00, run_after=2024-10-02 01:00:00+00:00
[2024-10-03T11:24:05.170+0000] {logging_mixin.py:190} INFO - [2024-10-03T11:24:05.170+0000] {dag.py:4180} INFO - Setting next_dagrun for consume_1_and_2_with_dataset_expressions to None, run_after=None
[2024-10-03T11:24:05.171+0000] {logging_mixin.py:190} INFO - [2024-10-03T11:24:05.171+0000] {dag.py:4180} INFO - Setting next_dagrun for consume_1_or_2_with_dataset_expressions to None, run_after=None
[2024-10-03T11:24:05.172+0000] {logging_mixin.py:190} INFO - [2024-10-03T11:24:05.172+0000] {dag.py:4180} INFO - Setting next_dagrun for consume_1_or_both_2_and_3_with_dataset_expressions to None, run_after=None
[2024-10-03T11:24:05.172+0000] {logging_mixin.py:190} INFO - [2024-10-03T11:24:05.172+0000] {dag.py:4180} INFO - Setting next_dagrun for dataset_consumes_1 to None, run_after=None
[2024-10-03T11:24:05.173+0000] {logging_mixin.py:190} INFO - [2024-10-03T11:24:05.173+0000] {dag.py:4180} INFO - Setting next_dagrun for dataset_consumes_1_and_2 to None, run_after=None
[2024-10-03T11:24:05.173+0000] {logging_mixin.py:190} INFO - [2024-10-03T11:24:05.173+0000] {dag.py:4180} INFO - Setting next_dagrun for dataset_consumes_1_never_scheduled to None, run_after=None
[2024-10-03T11:24:05.174+0000] {logging_mixin.py:190} INFO - [2024-10-03T11:24:05.174+0000] {dag.py:4180} INFO - Setting next_dagrun for dataset_consumes_unknown_never_scheduled to None, run_after=None
[2024-10-03T11:24:05.175+0000] {logging_mixin.py:190} INFO - [2024-10-03T11:24:05.175+0000] {dag.py:4180} INFO - Setting next_dagrun for dataset_produces_1 to 2024-10-02 00:00:00+00:00, run_after=2024-10-03 00:00:00+00:00
[2024-10-03T11:24:05.176+0000] {logging_mixin.py:190} INFO - [2024-10-03T11:24:05.176+0000] {dag.py:4180} INFO - Setting next_dagrun for dataset_produces_2 to None, run_after=None
[2024-10-03T11:24:05.192+0000] {processor.py:208} INFO - Processing /home/airflow/.local/lib/python3.12/site-packages/airflow/example_dags/example_datasets.py took 0.142 seconds
[2024-10-03T11:24:35.633+0000] {processor.py:186} INFO - Started process (PID=3184) to work on /home/airflow/.local/lib/python3.12/site-packages/airflow/example_dags/example_datasets.py
[2024-10-03T11:24:35.634+0000] {processor.py:914} INFO - Processing file /home/airflow/.local/lib/python3.12/site-packages/airflow/example_dags/example_datasets.py for tasks to queue
[2024-10-03T11:24:35.637+0000] {logging_mixin.py:190} INFO - [2024-10-03T11:24:35.637+0000] {dagbag.py:588} INFO - Filling up the DagBag from /home/airflow/.local/lib/python3.12/site-packages/airflow/example_dags/example_datasets.py
[2024-10-03T11:24:35.720+0000] {processor.py:925} INFO - DAG(s) 'conditional_dataset_and_time_based_timetable', 'consume_1_and_2_with_dataset_expressions', 'dataset_consumes_1_and_2', 'dataset_consumes_1', 'dataset_produces_1', 'dataset_consumes_1_never_scheduled', 'dataset_consumes_unknown_never_scheduled', 'consume_1_or_2_with_dataset_expressions', 'dataset_produces_2', 'consume_1_or_both_2_and_3_with_dataset_expressions' retrieved from /home/airflow/.local/lib/python3.12/site-packages/airflow/example_dags/example_datasets.py
[2024-10-03T11:24:35.743+0000] {logging_mixin.py:190} INFO - [2024-10-03T11:24:35.743+0000] {dag.py:3239} INFO - Sync 10 DAGs
[2024-10-03T11:24:35.756+0000] {logging_mixin.py:190} INFO - [2024-10-03T11:24:35.756+0000] {dag.py:4180} INFO - Setting next_dagrun for conditional_dataset_and_time_based_timetable to 2024-10-02 01:00:00+00:00, run_after=2024-10-02 01:00:00+00:00
[2024-10-03T11:24:35.759+0000] {logging_mixin.py:190} INFO - [2024-10-03T11:24:35.758+0000] {dag.py:4180} INFO - Setting next_dagrun for consume_1_and_2_with_dataset_expressions to None, run_after=None
[2024-10-03T11:24:35.759+0000] {logging_mixin.py:190} INFO - [2024-10-03T11:24:35.759+0000] {dag.py:4180} INFO - Setting next_dagrun for consume_1_or_2_with_dataset_expressions to None, run_after=None
[2024-10-03T11:24:35.760+0000] {logging_mixin.py:190} INFO - [2024-10-03T11:24:35.760+0000] {dag.py:4180} INFO - Setting next_dagrun for consume_1_or_both_2_and_3_with_dataset_expressions to None, run_after=None
[2024-10-03T11:24:35.761+0000] {logging_mixin.py:190} INFO - [2024-10-03T11:24:35.761+0000] {dag.py:4180} INFO - Setting next_dagrun for dataset_consumes_1 to None, run_after=None
[2024-10-03T11:24:35.761+0000] {logging_mixin.py:190} INFO - [2024-10-03T11:24:35.761+0000] {dag.py:4180} INFO - Setting next_dagrun for dataset_consumes_1_and_2 to None, run_after=None
[2024-10-03T11:24:35.762+0000] {logging_mixin.py:190} INFO - [2024-10-03T11:24:35.762+0000] {dag.py:4180} INFO - Setting next_dagrun for dataset_consumes_1_never_scheduled to None, run_after=None
[2024-10-03T11:24:35.763+0000] {logging_mixin.py:190} INFO - [2024-10-03T11:24:35.763+0000] {dag.py:4180} INFO - Setting next_dagrun for dataset_consumes_unknown_never_scheduled to None, run_after=None
[2024-10-03T11:24:35.764+0000] {logging_mixin.py:190} INFO - [2024-10-03T11:24:35.764+0000] {dag.py:4180} INFO - Setting next_dagrun for dataset_produces_1 to 2024-10-02 00:00:00+00:00, run_after=2024-10-03 00:00:00+00:00
[2024-10-03T11:24:35.765+0000] {logging_mixin.py:190} INFO - [2024-10-03T11:24:35.764+0000] {dag.py:4180} INFO - Setting next_dagrun for dataset_produces_2 to None, run_after=None
[2024-10-03T11:24:35.781+0000] {processor.py:208} INFO - Processing /home/airflow/.local/lib/python3.12/site-packages/airflow/example_dags/example_datasets.py took 0.157 seconds
[2024-10-03T11:25:06.166+0000] {processor.py:186} INFO - Started process (PID=3470) to work on /home/airflow/.local/lib/python3.12/site-packages/airflow/example_dags/example_datasets.py
[2024-10-03T11:25:06.167+0000] {processor.py:914} INFO - Processing file /home/airflow/.local/lib/python3.12/site-packages/airflow/example_dags/example_datasets.py for tasks to queue
[2024-10-03T11:25:06.169+0000] {logging_mixin.py:190} INFO - [2024-10-03T11:25:06.169+0000] {dagbag.py:588} INFO - Filling up the DagBag from /home/airflow/.local/lib/python3.12/site-packages/airflow/example_dags/example_datasets.py
[2024-10-03T11:25:06.243+0000] {processor.py:925} INFO - DAG(s) 'consume_1_or_both_2_and_3_with_dataset_expressions', 'dataset_consumes_1_and_2', 'consume_1_and_2_with_dataset_expressions', 'dataset_produces_1', 'dataset_produces_2', 'dataset_consumes_unknown_never_scheduled', 'dataset_consumes_1_never_scheduled', 'conditional_dataset_and_time_based_timetable', 'dataset_consumes_1', 'consume_1_or_2_with_dataset_expressions' retrieved from /home/airflow/.local/lib/python3.12/site-packages/airflow/example_dags/example_datasets.py
[2024-10-03T11:25:06.266+0000] {logging_mixin.py:190} INFO - [2024-10-03T11:25:06.265+0000] {dag.py:3239} INFO - Sync 10 DAGs
[2024-10-03T11:25:06.278+0000] {logging_mixin.py:190} INFO - [2024-10-03T11:25:06.278+0000] {dag.py:4180} INFO - Setting next_dagrun for conditional_dataset_and_time_based_timetable to 2024-10-02 01:00:00+00:00, run_after=2024-10-02 01:00:00+00:00
[2024-10-03T11:25:06.280+0000] {logging_mixin.py:190} INFO - [2024-10-03T11:25:06.280+0000] {dag.py:4180} INFO - Setting next_dagrun for consume_1_and_2_with_dataset_expressions to None, run_after=None
[2024-10-03T11:25:06.281+0000] {logging_mixin.py:190} INFO - [2024-10-03T11:25:06.281+0000] {dag.py:4180} INFO - Setting next_dagrun for consume_1_or_2_with_dataset_expressions to None, run_after=None
[2024-10-03T11:25:06.282+0000] {logging_mixin.py:190} INFO - [2024-10-03T11:25:06.282+0000] {dag.py:4180} INFO - Setting next_dagrun for consume_1_or_both_2_and_3_with_dataset_expressions to None, run_after=None
[2024-10-03T11:25:06.282+0000] {logging_mixin.py:190} INFO - [2024-10-03T11:25:06.282+0000] {dag.py:4180} INFO - Setting next_dagrun for dataset_consumes_1 to None, run_after=None
[2024-10-03T11:25:06.283+0000] {logging_mixin.py:190} INFO - [2024-10-03T11:25:06.283+0000] {dag.py:4180} INFO - Setting next_dagrun for dataset_consumes_1_and_2 to None, run_after=None
[2024-10-03T11:25:06.284+0000] {logging_mixin.py:190} INFO - [2024-10-03T11:25:06.284+0000] {dag.py:4180} INFO - Setting next_dagrun for dataset_consumes_1_never_scheduled to None, run_after=None
[2024-10-03T11:25:06.284+0000] {logging_mixin.py:190} INFO - [2024-10-03T11:25:06.284+0000] {dag.py:4180} INFO - Setting next_dagrun for dataset_consumes_unknown_never_scheduled to None, run_after=None
[2024-10-03T11:25:06.285+0000] {logging_mixin.py:190} INFO - [2024-10-03T11:25:06.285+0000] {dag.py:4180} INFO - Setting next_dagrun for dataset_produces_1 to 2024-10-02 00:00:00+00:00, run_after=2024-10-03 00:00:00+00:00
[2024-10-03T11:25:06.286+0000] {logging_mixin.py:190} INFO - [2024-10-03T11:25:06.286+0000] {dag.py:4180} INFO - Setting next_dagrun for dataset_produces_2 to None, run_after=None
[2024-10-03T11:25:06.301+0000] {processor.py:208} INFO - Processing /home/airflow/.local/lib/python3.12/site-packages/airflow/example_dags/example_datasets.py took 0.138 seconds
[2024-10-03T11:25:36.694+0000] {processor.py:186} INFO - Started process (PID=3756) to work on /home/airflow/.local/lib/python3.12/site-packages/airflow/example_dags/example_datasets.py
[2024-10-03T11:25:36.695+0000] {processor.py:914} INFO - Processing file /home/airflow/.local/lib/python3.12/site-packages/airflow/example_dags/example_datasets.py for tasks to queue
[2024-10-03T11:25:36.696+0000] {logging_mixin.py:190} INFO - [2024-10-03T11:25:36.696+0000] {dagbag.py:588} INFO - Filling up the DagBag from /home/airflow/.local/lib/python3.12/site-packages/airflow/example_dags/example_datasets.py
[2024-10-03T11:25:36.785+0000] {processor.py:925} INFO - DAG(s) 'consume_1_and_2_with_dataset_expressions', 'dataset_produces_1', 'conditional_dataset_and_time_based_timetable', 'consume_1_or_2_with_dataset_expressions', 'consume_1_or_both_2_and_3_with_dataset_expressions', 'dataset_consumes_1', 'dataset_consumes_1_never_scheduled', 'dataset_consumes_unknown_never_scheduled', 'dataset_produces_2', 'dataset_consumes_1_and_2' retrieved from /home/airflow/.local/lib/python3.12/site-packages/airflow/example_dags/example_datasets.py
[2024-10-03T11:25:36.808+0000] {logging_mixin.py:190} INFO - [2024-10-03T11:25:36.808+0000] {dag.py:3239} INFO - Sync 10 DAGs
[2024-10-03T11:25:36.822+0000] {logging_mixin.py:190} INFO - [2024-10-03T11:25:36.822+0000] {dag.py:4180} INFO - Setting next_dagrun for conditional_dataset_and_time_based_timetable to 2024-10-02 01:00:00+00:00, run_after=2024-10-02 01:00:00+00:00
[2024-10-03T11:25:36.825+0000] {logging_mixin.py:190} INFO - [2024-10-03T11:25:36.824+0000] {dag.py:4180} INFO - Setting next_dagrun for consume_1_and_2_with_dataset_expressions to None, run_after=None
[2024-10-03T11:25:36.825+0000] {logging_mixin.py:190} INFO - [2024-10-03T11:25:36.825+0000] {dag.py:4180} INFO - Setting next_dagrun for consume_1_or_2_with_dataset_expressions to None, run_after=None
[2024-10-03T11:25:36.826+0000] {logging_mixin.py:190} INFO - [2024-10-03T11:25:36.826+0000] {dag.py:4180} INFO - Setting next_dagrun for consume_1_or_both_2_and_3_with_dataset_expressions to None, run_after=None
[2024-10-03T11:25:36.827+0000] {logging_mixin.py:190} INFO - [2024-10-03T11:25:36.827+0000] {dag.py:4180} INFO - Setting next_dagrun for dataset_consumes_1 to None, run_after=None
[2024-10-03T11:25:36.827+0000] {logging_mixin.py:190} INFO - [2024-10-03T11:25:36.827+0000] {dag.py:4180} INFO - Setting next_dagrun for dataset_consumes_1_and_2 to None, run_after=None
[2024-10-03T11:25:36.828+0000] {logging_mixin.py:190} INFO - [2024-10-03T11:25:36.828+0000] {dag.py:4180} INFO - Setting next_dagrun for dataset_consumes_1_never_scheduled to None, run_after=None
[2024-10-03T11:25:36.829+0000] {logging_mixin.py:190} INFO - [2024-10-03T11:25:36.829+0000] {dag.py:4180} INFO - Setting next_dagrun for dataset_consumes_unknown_never_scheduled to None, run_after=None
[2024-10-03T11:25:36.830+0000] {logging_mixin.py:190} INFO - [2024-10-03T11:25:36.830+0000] {dag.py:4180} INFO - Setting next_dagrun for dataset_produces_1 to 2024-10-02 00:00:00+00:00, run_after=2024-10-03 00:00:00+00:00
[2024-10-03T11:25:36.831+0000] {logging_mixin.py:190} INFO - [2024-10-03T11:25:36.831+0000] {dag.py:4180} INFO - Setting next_dagrun for dataset_produces_2 to None, run_after=None
[2024-10-03T11:25:36.848+0000] {processor.py:208} INFO - Processing /home/airflow/.local/lib/python3.12/site-packages/airflow/example_dags/example_datasets.py took 0.157 seconds
[2024-10-03T11:26:07.090+0000] {processor.py:186} INFO - Started process (PID=4046) to work on /home/airflow/.local/lib/python3.12/site-packages/airflow/example_dags/example_datasets.py
[2024-10-03T11:26:07.091+0000] {processor.py:914} INFO - Processing file /home/airflow/.local/lib/python3.12/site-packages/airflow/example_dags/example_datasets.py for tasks to queue
[2024-10-03T11:26:07.094+0000] {logging_mixin.py:190} INFO - [2024-10-03T11:26:07.094+0000] {dagbag.py:588} INFO - Filling up the DagBag from /home/airflow/.local/lib/python3.12/site-packages/airflow/example_dags/example_datasets.py
[2024-10-03T11:26:07.215+0000] {processor.py:925} INFO - DAG(s) 'dataset_consumes_1_and_2', 'consume_1_and_2_with_dataset_expressions', 'dataset_consumes_1_never_scheduled', 'dataset_consumes_unknown_never_scheduled', 'conditional_dataset_and_time_based_timetable', 'dataset_produces_2', 'consume_1_or_2_with_dataset_expressions', 'consume_1_or_both_2_and_3_with_dataset_expressions', 'dataset_consumes_1', 'dataset_produces_1' retrieved from /home/airflow/.local/lib/python3.12/site-packages/airflow/example_dags/example_datasets.py
[2024-10-03T11:26:07.238+0000] {logging_mixin.py:190} INFO - [2024-10-03T11:26:07.238+0000] {dag.py:3239} INFO - Sync 10 DAGs
[2024-10-03T11:26:07.252+0000] {logging_mixin.py:190} INFO - [2024-10-03T11:26:07.252+0000] {dag.py:4180} INFO - Setting next_dagrun for conditional_dataset_and_time_based_timetable to 2024-10-09 01:00:00+00:00, run_after=2024-10-09 01:00:00+00:00
[2024-10-03T11:26:07.254+0000] {logging_mixin.py:190} INFO - [2024-10-03T11:26:07.254+0000] {dag.py:4180} INFO - Setting next_dagrun for consume_1_and_2_with_dataset_expressions to None, run_after=None
[2024-10-03T11:26:07.255+0000] {logging_mixin.py:190} INFO - [2024-10-03T11:26:07.255+0000] {dag.py:4180} INFO - Setting next_dagrun for consume_1_or_2_with_dataset_expressions to None, run_after=None
[2024-10-03T11:26:07.256+0000] {logging_mixin.py:190} INFO - [2024-10-03T11:26:07.256+0000] {dag.py:4180} INFO - Setting next_dagrun for consume_1_or_both_2_and_3_with_dataset_expressions to None, run_after=None
[2024-10-03T11:26:07.257+0000] {logging_mixin.py:190} INFO - [2024-10-03T11:26:07.257+0000] {dag.py:4180} INFO - Setting next_dagrun for dataset_consumes_1 to None, run_after=None
[2024-10-03T11:26:07.258+0000] {logging_mixin.py:190} INFO - [2024-10-03T11:26:07.257+0000] {dag.py:4180} INFO - Setting next_dagrun for dataset_consumes_1_and_2 to None, run_after=None
[2024-10-03T11:26:07.258+0000] {logging_mixin.py:190} INFO - [2024-10-03T11:26:07.258+0000] {dag.py:4180} INFO - Setting next_dagrun for dataset_consumes_1_never_scheduled to None, run_after=None
[2024-10-03T11:26:07.259+0000] {logging_mixin.py:190} INFO - [2024-10-03T11:26:07.259+0000] {dag.py:4180} INFO - Setting next_dagrun for dataset_consumes_unknown_never_scheduled to None, run_after=None
[2024-10-03T11:26:07.260+0000] {logging_mixin.py:190} INFO - [2024-10-03T11:26:07.260+0000] {dag.py:4180} INFO - Setting next_dagrun for dataset_produces_1 to 2024-10-02 00:00:00+00:00, run_after=2024-10-03 00:00:00+00:00
[2024-10-03T11:26:07.261+0000] {logging_mixin.py:190} INFO - [2024-10-03T11:26:07.261+0000] {dag.py:4180} INFO - Setting next_dagrun for dataset_produces_2 to None, run_after=None
[2024-10-03T11:26:07.277+0000] {processor.py:208} INFO - Processing /home/airflow/.local/lib/python3.12/site-packages/airflow/example_dags/example_datasets.py took 0.191 seconds
[2024-10-03T11:26:37.579+0000] {processor.py:186} INFO - Started process (PID=4337) to work on /home/airflow/.local/lib/python3.12/site-packages/airflow/example_dags/example_datasets.py
[2024-10-03T11:26:37.580+0000] {processor.py:914} INFO - Processing file /home/airflow/.local/lib/python3.12/site-packages/airflow/example_dags/example_datasets.py for tasks to queue
[2024-10-03T11:26:37.582+0000] {logging_mixin.py:190} INFO - [2024-10-03T11:26:37.582+0000] {dagbag.py:588} INFO - Filling up the DagBag from /home/airflow/.local/lib/python3.12/site-packages/airflow/example_dags/example_datasets.py
[2024-10-03T11:26:37.657+0000] {processor.py:925} INFO - DAG(s) 'dataset_produces_2', 'dataset_consumes_unknown_never_scheduled', 'dataset_consumes_1', 'dataset_consumes_1_never_scheduled', 'dataset_consumes_1_and_2', 'consume_1_or_2_with_dataset_expressions', 'consume_1_or_both_2_and_3_with_dataset_expressions', 'conditional_dataset_and_time_based_timetable', 'consume_1_and_2_with_dataset_expressions', 'dataset_produces_1' retrieved from /home/airflow/.local/lib/python3.12/site-packages/airflow/example_dags/example_datasets.py
[2024-10-03T11:26:37.678+0000] {logging_mixin.py:190} INFO - [2024-10-03T11:26:37.678+0000] {dag.py:3239} INFO - Sync 10 DAGs
[2024-10-03T11:26:37.691+0000] {logging_mixin.py:190} INFO - [2024-10-03T11:26:37.691+0000] {dag.py:4180} INFO - Setting next_dagrun for conditional_dataset_and_time_based_timetable to 2024-10-09 01:00:00+00:00, run_after=2024-10-09 01:00:00+00:00
[2024-10-03T11:26:37.693+0000] {logging_mixin.py:190} INFO - [2024-10-03T11:26:37.692+0000] {dag.py:4180} INFO - Setting next_dagrun for consume_1_and_2_with_dataset_expressions to None, run_after=None
[2024-10-03T11:26:37.693+0000] {logging_mixin.py:190} INFO - [2024-10-03T11:26:37.693+0000] {dag.py:4180} INFO - Setting next_dagrun for consume_1_or_2_with_dataset_expressions to None, run_after=None
[2024-10-03T11:26:37.694+0000] {logging_mixin.py:190} INFO - [2024-10-03T11:26:37.694+0000] {dag.py:4180} INFO - Setting next_dagrun for consume_1_or_both_2_and_3_with_dataset_expressions to None, run_after=None
[2024-10-03T11:26:37.695+0000] {logging_mixin.py:190} INFO - [2024-10-03T11:26:37.694+0000] {dag.py:4180} INFO - Setting next_dagrun for dataset_consumes_1 to None, run_after=None
[2024-10-03T11:26:37.695+0000] {logging_mixin.py:190} INFO - [2024-10-03T11:26:37.695+0000] {dag.py:4180} INFO - Setting next_dagrun for dataset_consumes_1_and_2 to None, run_after=None
[2024-10-03T11:26:37.696+0000] {logging_mixin.py:190} INFO - [2024-10-03T11:26:37.696+0000] {dag.py:4180} INFO - Setting next_dagrun for dataset_consumes_1_never_scheduled to None, run_after=None
[2024-10-03T11:26:37.697+0000] {logging_mixin.py:190} INFO - [2024-10-03T11:26:37.697+0000] {dag.py:4180} INFO - Setting next_dagrun for dataset_consumes_unknown_never_scheduled to None, run_after=None
[2024-10-03T11:26:37.698+0000] {logging_mixin.py:190} INFO - [2024-10-03T11:26:37.698+0000] {dag.py:4180} INFO - Setting next_dagrun for dataset_produces_1 to 2024-10-02 00:00:00+00:00, run_after=2024-10-03 00:00:00+00:00
[2024-10-03T11:26:37.698+0000] {logging_mixin.py:190} INFO - [2024-10-03T11:26:37.698+0000] {dag.py:4180} INFO - Setting next_dagrun for dataset_produces_2 to None, run_after=None
[2024-10-03T11:26:37.713+0000] {processor.py:208} INFO - Processing /home/airflow/.local/lib/python3.12/site-packages/airflow/example_dags/example_datasets.py took 0.141 seconds
[2024-10-03T11:27:08.036+0000] {processor.py:186} INFO - Started process (PID=4623) to work on /home/airflow/.local/lib/python3.12/site-packages/airflow/example_dags/example_datasets.py
[2024-10-03T11:27:08.038+0000] {processor.py:914} INFO - Processing file /home/airflow/.local/lib/python3.12/site-packages/airflow/example_dags/example_datasets.py for tasks to queue
[2024-10-03T11:27:08.041+0000] {logging_mixin.py:190} INFO - [2024-10-03T11:27:08.041+0000] {dagbag.py:588} INFO - Filling up the DagBag from /home/airflow/.local/lib/python3.12/site-packages/airflow/example_dags/example_datasets.py
[2024-10-03T11:27:08.117+0000] {processor.py:925} INFO - DAG(s) 'dataset_consumes_1', 'dataset_produces_1', 'consume_1_or_both_2_and_3_with_dataset_expressions', 'dataset_consumes_1_never_scheduled', 'consume_1_and_2_with_dataset_expressions', 'conditional_dataset_and_time_based_timetable', 'dataset_consumes_unknown_never_scheduled', 'consume_1_or_2_with_dataset_expressions', 'dataset_produces_2', 'dataset_consumes_1_and_2' retrieved from /home/airflow/.local/lib/python3.12/site-packages/airflow/example_dags/example_datasets.py
[2024-10-03T11:27:08.138+0000] {logging_mixin.py:190} INFO - [2024-10-03T11:27:08.138+0000] {dag.py:3239} INFO - Sync 10 DAGs
[2024-10-03T11:27:08.150+0000] {logging_mixin.py:190} INFO - [2024-10-03T11:27:08.150+0000] {dag.py:4180} INFO - Setting next_dagrun for conditional_dataset_and_time_based_timetable to 2024-10-09 01:00:00+00:00, run_after=2024-10-09 01:00:00+00:00
[2024-10-03T11:27:08.153+0000] {logging_mixin.py:190} INFO - [2024-10-03T11:27:08.152+0000] {dag.py:4180} INFO - Setting next_dagrun for consume_1_and_2_with_dataset_expressions to None, run_after=None
[2024-10-03T11:27:08.153+0000] {logging_mixin.py:190} INFO - [2024-10-03T11:27:08.153+0000] {dag.py:4180} INFO - Setting next_dagrun for consume_1_or_2_with_dataset_expressions to None, run_after=None
[2024-10-03T11:27:08.154+0000] {logging_mixin.py:190} INFO - [2024-10-03T11:27:08.154+0000] {dag.py:4180} INFO - Setting next_dagrun for consume_1_or_both_2_and_3_with_dataset_expressions to None, run_after=None
[2024-10-03T11:27:08.155+0000] {logging_mixin.py:190} INFO - [2024-10-03T11:27:08.155+0000] {dag.py:4180} INFO - Setting next_dagrun for dataset_consumes_1 to None, run_after=None
[2024-10-03T11:27:08.156+0000] {logging_mixin.py:190} INFO - [2024-10-03T11:27:08.155+0000] {dag.py:4180} INFO - Setting next_dagrun for dataset_consumes_1_and_2 to None, run_after=None
[2024-10-03T11:27:08.156+0000] {logging_mixin.py:190} INFO - [2024-10-03T11:27:08.156+0000] {dag.py:4180} INFO - Setting next_dagrun for dataset_consumes_1_never_scheduled to None, run_after=None
[2024-10-03T11:27:08.157+0000] {logging_mixin.py:190} INFO - [2024-10-03T11:27:08.157+0000] {dag.py:4180} INFO - Setting next_dagrun for dataset_consumes_unknown_never_scheduled to None, run_after=None
[2024-10-03T11:27:08.158+0000] {logging_mixin.py:190} INFO - [2024-10-03T11:27:08.158+0000] {dag.py:4180} INFO - Setting next_dagrun for dataset_produces_1 to 2024-10-02 00:00:00+00:00, run_after=2024-10-03 00:00:00+00:00
[2024-10-03T11:27:08.159+0000] {logging_mixin.py:190} INFO - [2024-10-03T11:27:08.159+0000] {dag.py:4180} INFO - Setting next_dagrun for dataset_produces_2 to None, run_after=None
[2024-10-03T11:27:08.174+0000] {processor.py:208} INFO - Processing /home/airflow/.local/lib/python3.12/site-packages/airflow/example_dags/example_datasets.py took 0.146 seconds
[2024-10-03T11:27:38.421+0000] {processor.py:186} INFO - Started process (PID=4909) to work on /home/airflow/.local/lib/python3.12/site-packages/airflow/example_dags/example_datasets.py
[2024-10-03T11:27:38.423+0000] {processor.py:914} INFO - Processing file /home/airflow/.local/lib/python3.12/site-packages/airflow/example_dags/example_datasets.py for tasks to queue
[2024-10-03T11:27:38.427+0000] {logging_mixin.py:190} INFO - [2024-10-03T11:27:38.426+0000] {dagbag.py:588} INFO - Filling up the DagBag from /home/airflow/.local/lib/python3.12/site-packages/airflow/example_dags/example_datasets.py
[2024-10-03T11:27:38.511+0000] {processor.py:925} INFO - DAG(s) 'consume_1_or_2_with_dataset_expressions', 'conditional_dataset_and_time_based_timetable', 'dataset_consumes_unknown_never_scheduled', 'consume_1_and_2_with_dataset_expressions', 'dataset_consumes_1', 'dataset_consumes_1_and_2', 'dataset_produces_1', 'dataset_consumes_1_never_scheduled', 'consume_1_or_both_2_and_3_with_dataset_expressions', 'dataset_produces_2' retrieved from /home/airflow/.local/lib/python3.12/site-packages/airflow/example_dags/example_datasets.py
[2024-10-03T11:27:38.538+0000] {logging_mixin.py:190} INFO - [2024-10-03T11:27:38.538+0000] {dag.py:3239} INFO - Sync 10 DAGs
[2024-10-03T11:27:38.554+0000] {logging_mixin.py:190} INFO - [2024-10-03T11:27:38.554+0000] {dag.py:4180} INFO - Setting next_dagrun for conditional_dataset_and_time_based_timetable to 2024-10-09 01:00:00+00:00, run_after=2024-10-09 01:00:00+00:00
[2024-10-03T11:27:38.557+0000] {logging_mixin.py:190} INFO - [2024-10-03T11:27:38.557+0000] {dag.py:4180} INFO - Setting next_dagrun for consume_1_and_2_with_dataset_expressions to None, run_after=None
[2024-10-03T11:27:38.558+0000] {logging_mixin.py:190} INFO - [2024-10-03T11:27:38.558+0000] {dag.py:4180} INFO - Setting next_dagrun for consume_1_or_2_with_dataset_expressions to None, run_after=None
[2024-10-03T11:27:38.558+0000] {logging_mixin.py:190} INFO - [2024-10-03T11:27:38.558+0000] {dag.py:4180} INFO - Setting next_dagrun for consume_1_or_both_2_and_3_with_dataset_expressions to None, run_after=None
[2024-10-03T11:27:38.559+0000] {logging_mixin.py:190} INFO - [2024-10-03T11:27:38.559+0000] {dag.py:4180} INFO - Setting next_dagrun for dataset_consumes_1 to None, run_after=None
[2024-10-03T11:27:38.560+0000] {logging_mixin.py:190} INFO - [2024-10-03T11:27:38.560+0000] {dag.py:4180} INFO - Setting next_dagrun for dataset_consumes_1_and_2 to None, run_after=None
[2024-10-03T11:27:38.560+0000] {logging_mixin.py:190} INFO - [2024-10-03T11:27:38.560+0000] {dag.py:4180} INFO - Setting next_dagrun for dataset_consumes_1_never_scheduled to None, run_after=None
[2024-10-03T11:27:38.561+0000] {logging_mixin.py:190} INFO - [2024-10-03T11:27:38.561+0000] {dag.py:4180} INFO - Setting next_dagrun for dataset_consumes_unknown_never_scheduled to None, run_after=None
[2024-10-03T11:27:38.562+0000] {logging_mixin.py:190} INFO - [2024-10-03T11:27:38.562+0000] {dag.py:4180} INFO - Setting next_dagrun for dataset_produces_1 to 2024-10-02 00:00:00+00:00, run_after=2024-10-03 00:00:00+00:00
[2024-10-03T11:27:38.563+0000] {logging_mixin.py:190} INFO - [2024-10-03T11:27:38.563+0000] {dag.py:4180} INFO - Setting next_dagrun for dataset_produces_2 to None, run_after=None
[2024-10-03T11:27:38.580+0000] {processor.py:208} INFO - Processing /home/airflow/.local/lib/python3.12/site-packages/airflow/example_dags/example_datasets.py took 0.168 seconds
[2024-10-03T11:28:08.811+0000] {processor.py:186} INFO - Started process (PID=5195) to work on /home/airflow/.local/lib/python3.12/site-packages/airflow/example_dags/example_datasets.py
[2024-10-03T11:28:08.812+0000] {processor.py:914} INFO - Processing file /home/airflow/.local/lib/python3.12/site-packages/airflow/example_dags/example_datasets.py for tasks to queue
[2024-10-03T11:28:08.814+0000] {logging_mixin.py:190} INFO - [2024-10-03T11:28:08.814+0000] {dagbag.py:588} INFO - Filling up the DagBag from /home/airflow/.local/lib/python3.12/site-packages/airflow/example_dags/example_datasets.py
[2024-10-03T11:28:08.889+0000] {processor.py:925} INFO - DAG(s) 'dataset_consumes_1', 'consume_1_and_2_with_dataset_expressions', 'dataset_produces_2', 'dataset_produces_1', 'consume_1_or_both_2_and_3_with_dataset_expressions', 'dataset_consumes_1_and_2', 'dataset_consumes_unknown_never_scheduled', 'consume_1_or_2_with_dataset_expressions', 'conditional_dataset_and_time_based_timetable', 'dataset_consumes_1_never_scheduled' retrieved from /home/airflow/.local/lib/python3.12/site-packages/airflow/example_dags/example_datasets.py
[2024-10-03T11:28:08.908+0000] {logging_mixin.py:190} INFO - [2024-10-03T11:28:08.908+0000] {dag.py:3239} INFO - Sync 10 DAGs
[2024-10-03T11:28:08.921+0000] {logging_mixin.py:190} INFO - [2024-10-03T11:28:08.921+0000] {dag.py:4180} INFO - Setting next_dagrun for conditional_dataset_and_time_based_timetable to 2024-10-09 01:00:00+00:00, run_after=2024-10-09 01:00:00+00:00
[2024-10-03T11:28:08.922+0000] {logging_mixin.py:190} INFO - [2024-10-03T11:28:08.922+0000] {dag.py:4180} INFO - Setting next_dagrun for consume_1_and_2_with_dataset_expressions to None, run_after=None
[2024-10-03T11:28:08.923+0000] {logging_mixin.py:190} INFO - [2024-10-03T11:28:08.923+0000] {dag.py:4180} INFO - Setting next_dagrun for consume_1_or_2_with_dataset_expressions to None, run_after=None
[2024-10-03T11:28:08.924+0000] {logging_mixin.py:190} INFO - [2024-10-03T11:28:08.924+0000] {dag.py:4180} INFO - Setting next_dagrun for consume_1_or_both_2_and_3_with_dataset_expressions to None, run_after=None
[2024-10-03T11:28:08.924+0000] {logging_mixin.py:190} INFO - [2024-10-03T11:28:08.924+0000] {dag.py:4180} INFO - Setting next_dagrun for dataset_consumes_1 to None, run_after=None
[2024-10-03T11:28:08.925+0000] {logging_mixin.py:190} INFO - [2024-10-03T11:28:08.925+0000] {dag.py:4180} INFO - Setting next_dagrun for dataset_consumes_1_and_2 to None, run_after=None
[2024-10-03T11:28:08.926+0000] {logging_mixin.py:190} INFO - [2024-10-03T11:28:08.926+0000] {dag.py:4180} INFO - Setting next_dagrun for dataset_consumes_1_never_scheduled to None, run_after=None
[2024-10-03T11:28:08.926+0000] {logging_mixin.py:190} INFO - [2024-10-03T11:28:08.926+0000] {dag.py:4180} INFO - Setting next_dagrun for dataset_consumes_unknown_never_scheduled to None, run_after=None
[2024-10-03T11:28:08.927+0000] {logging_mixin.py:190} INFO - [2024-10-03T11:28:08.927+0000] {dag.py:4180} INFO - Setting next_dagrun for dataset_produces_1 to 2024-10-02 00:00:00+00:00, run_after=2024-10-03 00:00:00+00:00
[2024-10-03T11:28:08.928+0000] {logging_mixin.py:190} INFO - [2024-10-03T11:28:08.928+0000] {dag.py:4180} INFO - Setting next_dagrun for dataset_produces_2 to None, run_after=None
[2024-10-03T11:28:08.942+0000] {processor.py:208} INFO - Processing /home/airflow/.local/lib/python3.12/site-packages/airflow/example_dags/example_datasets.py took 0.139 seconds
[2024-10-03T11:28:39.155+0000] {processor.py:186} INFO - Started process (PID=5481) to work on /home/airflow/.local/lib/python3.12/site-packages/airflow/example_dags/example_datasets.py
[2024-10-03T11:28:39.157+0000] {processor.py:914} INFO - Processing file /home/airflow/.local/lib/python3.12/site-packages/airflow/example_dags/example_datasets.py for tasks to queue
[2024-10-03T11:28:39.160+0000] {logging_mixin.py:190} INFO - [2024-10-03T11:28:39.159+0000] {dagbag.py:588} INFO - Filling up the DagBag from /home/airflow/.local/lib/python3.12/site-packages/airflow/example_dags/example_datasets.py
[2024-10-03T11:28:39.237+0000] {processor.py:925} INFO - DAG(s) 'dataset_consumes_unknown_never_scheduled', 'dataset_consumes_1_never_scheduled', 'dataset_produces_2', 'conditional_dataset_and_time_based_timetable', 'consume_1_or_both_2_and_3_with_dataset_expressions', 'consume_1_or_2_with_dataset_expressions', 'dataset_consumes_1_and_2', 'dataset_consumes_1', 'dataset_produces_1', 'consume_1_and_2_with_dataset_expressions' retrieved from /home/airflow/.local/lib/python3.12/site-packages/airflow/example_dags/example_datasets.py
[2024-10-03T11:28:39.259+0000] {logging_mixin.py:190} INFO - [2024-10-03T11:28:39.259+0000] {dag.py:3239} INFO - Sync 10 DAGs
[2024-10-03T11:28:39.273+0000] {logging_mixin.py:190} INFO - [2024-10-03T11:28:39.273+0000] {dag.py:4180} INFO - Setting next_dagrun for conditional_dataset_and_time_based_timetable to 2024-10-09 01:00:00+00:00, run_after=2024-10-09 01:00:00+00:00
[2024-10-03T11:28:39.275+0000] {logging_mixin.py:190} INFO - [2024-10-03T11:28:39.275+0000] {dag.py:4180} INFO - Setting next_dagrun for consume_1_and_2_with_dataset_expressions to None, run_after=None
[2024-10-03T11:28:39.276+0000] {logging_mixin.py:190} INFO - [2024-10-03T11:28:39.276+0000] {dag.py:4180} INFO - Setting next_dagrun for consume_1_or_2_with_dataset_expressions to None, run_after=None
[2024-10-03T11:28:39.277+0000] {logging_mixin.py:190} INFO - [2024-10-03T11:28:39.277+0000] {dag.py:4180} INFO - Setting next_dagrun for consume_1_or_both_2_and_3_with_dataset_expressions to None, run_after=None
[2024-10-03T11:28:39.278+0000] {logging_mixin.py:190} INFO - [2024-10-03T11:28:39.278+0000] {dag.py:4180} INFO - Setting next_dagrun for dataset_consumes_1 to None, run_after=None
[2024-10-03T11:28:39.279+0000] {logging_mixin.py:190} INFO - [2024-10-03T11:28:39.279+0000] {dag.py:4180} INFO - Setting next_dagrun for dataset_consumes_1_and_2 to None, run_after=None
[2024-10-03T11:28:39.279+0000] {logging_mixin.py:190} INFO - [2024-10-03T11:28:39.279+0000] {dag.py:4180} INFO - Setting next_dagrun for dataset_consumes_1_never_scheduled to None, run_after=None
[2024-10-03T11:28:39.280+0000] {logging_mixin.py:190} INFO - [2024-10-03T11:28:39.280+0000] {dag.py:4180} INFO - Setting next_dagrun for dataset_consumes_unknown_never_scheduled to None, run_after=None
[2024-10-03T11:28:39.281+0000] {logging_mixin.py:190} INFO - [2024-10-03T11:28:39.281+0000] {dag.py:4180} INFO - Setting next_dagrun for dataset_produces_1 to 2024-10-02 00:00:00+00:00, run_after=2024-10-03 00:00:00+00:00
[2024-10-03T11:28:39.282+0000] {logging_mixin.py:190} INFO - [2024-10-03T11:28:39.282+0000] {dag.py:4180} INFO - Setting next_dagrun for dataset_produces_2 to None, run_after=None
[2024-10-03T11:28:39.301+0000] {processor.py:208} INFO - Processing /home/airflow/.local/lib/python3.12/site-packages/airflow/example_dags/example_datasets.py took 0.154 seconds
[2024-10-03T11:29:09.395+0000] {processor.py:186} INFO - Started process (PID=5791) to work on /home/airflow/.local/lib/python3.12/site-packages/airflow/example_dags/example_datasets.py
[2024-10-03T11:29:09.396+0000] {processor.py:914} INFO - Processing file /home/airflow/.local/lib/python3.12/site-packages/airflow/example_dags/example_datasets.py for tasks to queue
[2024-10-03T11:29:09.399+0000] {logging_mixin.py:190} INFO - [2024-10-03T11:29:09.398+0000] {dagbag.py:588} INFO - Filling up the DagBag from /home/airflow/.local/lib/python3.12/site-packages/airflow/example_dags/example_datasets.py
[2024-10-03T11:29:09.475+0000] {processor.py:925} INFO - DAG(s) 'consume_1_and_2_with_dataset_expressions', 'conditional_dataset_and_time_based_timetable', 'dataset_consumes_1', 'dataset_consumes_unknown_never_scheduled', 'dataset_consumes_1_never_scheduled', 'consume_1_or_both_2_and_3_with_dataset_expressions', 'dataset_produces_1', 'consume_1_or_2_with_dataset_expressions', 'dataset_consumes_1_and_2', 'dataset_produces_2' retrieved from /home/airflow/.local/lib/python3.12/site-packages/airflow/example_dags/example_datasets.py
[2024-10-03T11:29:09.498+0000] {logging_mixin.py:190} INFO - [2024-10-03T11:29:09.498+0000] {dag.py:3239} INFO - Sync 10 DAGs
[2024-10-03T11:29:09.512+0000] {logging_mixin.py:190} INFO - [2024-10-03T11:29:09.512+0000] {dag.py:4180} INFO - Setting next_dagrun for conditional_dataset_and_time_based_timetable to 2024-10-09 01:00:00+00:00, run_after=2024-10-09 01:00:00+00:00
[2024-10-03T11:29:09.514+0000] {logging_mixin.py:190} INFO - [2024-10-03T11:29:09.514+0000] {dag.py:4180} INFO - Setting next_dagrun for consume_1_and_2_with_dataset_expressions to None, run_after=None
[2024-10-03T11:29:09.515+0000] {logging_mixin.py:190} INFO - [2024-10-03T11:29:09.515+0000] {dag.py:4180} INFO - Setting next_dagrun for consume_1_or_2_with_dataset_expressions to None, run_after=None
[2024-10-03T11:29:09.516+0000] {logging_mixin.py:190} INFO - [2024-10-03T11:29:09.515+0000] {dag.py:4180} INFO - Setting next_dagrun for consume_1_or_both_2_and_3_with_dataset_expressions to None, run_after=None
[2024-10-03T11:29:09.516+0000] {logging_mixin.py:190} INFO - [2024-10-03T11:29:09.516+0000] {dag.py:4180} INFO - Setting next_dagrun for dataset_consumes_1 to None, run_after=None
[2024-10-03T11:29:09.517+0000] {logging_mixin.py:190} INFO - [2024-10-03T11:29:09.517+0000] {dag.py:4180} INFO - Setting next_dagrun for dataset_consumes_1_and_2 to None, run_after=None
[2024-10-03T11:29:09.518+0000] {logging_mixin.py:190} INFO - [2024-10-03T11:29:09.518+0000] {dag.py:4180} INFO - Setting next_dagrun for dataset_consumes_1_never_scheduled to None, run_after=None
[2024-10-03T11:29:09.519+0000] {logging_mixin.py:190} INFO - [2024-10-03T11:29:09.519+0000] {dag.py:4180} INFO - Setting next_dagrun for dataset_consumes_unknown_never_scheduled to None, run_after=None
[2024-10-03T11:29:09.520+0000] {logging_mixin.py:190} INFO - [2024-10-03T11:29:09.520+0000] {dag.py:4180} INFO - Setting next_dagrun for dataset_produces_1 to 2024-10-02 00:00:00+00:00, run_after=2024-10-03 00:00:00+00:00
[2024-10-03T11:29:09.521+0000] {logging_mixin.py:190} INFO - [2024-10-03T11:29:09.521+0000] {dag.py:4180} INFO - Setting next_dagrun for dataset_produces_2 to None, run_after=None
[2024-10-03T11:29:09.537+0000] {processor.py:208} INFO - Processing /home/airflow/.local/lib/python3.12/site-packages/airflow/example_dags/example_datasets.py took 0.150 seconds
[2024-10-03T11:29:39.718+0000] {processor.py:186} INFO - Started process (PID=6077) to work on /home/airflow/.local/lib/python3.12/site-packages/airflow/example_dags/example_datasets.py
[2024-10-03T11:29:39.719+0000] {processor.py:914} INFO - Processing file /home/airflow/.local/lib/python3.12/site-packages/airflow/example_dags/example_datasets.py for tasks to queue
[2024-10-03T11:29:39.721+0000] {logging_mixin.py:190} INFO - [2024-10-03T11:29:39.720+0000] {dagbag.py:588} INFO - Filling up the DagBag from /home/airflow/.local/lib/python3.12/site-packages/airflow/example_dags/example_datasets.py
[2024-10-03T11:29:39.807+0000] {processor.py:925} INFO - DAG(s) 'dataset_produces_1', 'dataset_consumes_1_and_2', 'dataset_consumes_unknown_never_scheduled', 'dataset_consumes_1', 'consume_1_and_2_with_dataset_expressions', 'dataset_produces_2', 'consume_1_or_both_2_and_3_with_dataset_expressions', 'conditional_dataset_and_time_based_timetable', 'consume_1_or_2_with_dataset_expressions', 'dataset_consumes_1_never_scheduled' retrieved from /home/airflow/.local/lib/python3.12/site-packages/airflow/example_dags/example_datasets.py
[2024-10-03T11:29:39.829+0000] {logging_mixin.py:190} INFO - [2024-10-03T11:29:39.828+0000] {dag.py:3239} INFO - Sync 10 DAGs
[2024-10-03T11:29:39.843+0000] {logging_mixin.py:190} INFO - [2024-10-03T11:29:39.843+0000] {dag.py:4180} INFO - Setting next_dagrun for conditional_dataset_and_time_based_timetable to 2024-10-09 01:00:00+00:00, run_after=2024-10-09 01:00:00+00:00
[2024-10-03T11:29:39.846+0000] {logging_mixin.py:190} INFO - [2024-10-03T11:29:39.845+0000] {dag.py:4180} INFO - Setting next_dagrun for consume_1_and_2_with_dataset_expressions to None, run_after=None
[2024-10-03T11:29:39.846+0000] {logging_mixin.py:190} INFO - [2024-10-03T11:29:39.846+0000] {dag.py:4180} INFO - Setting next_dagrun for consume_1_or_2_with_dataset_expressions to None, run_after=None
[2024-10-03T11:29:39.847+0000] {logging_mixin.py:190} INFO - [2024-10-03T11:29:39.847+0000] {dag.py:4180} INFO - Setting next_dagrun for consume_1_or_both_2_and_3_with_dataset_expressions to None, run_after=None
[2024-10-03T11:29:39.848+0000] {logging_mixin.py:190} INFO - [2024-10-03T11:29:39.848+0000] {dag.py:4180} INFO - Setting next_dagrun for dataset_consumes_1 to None, run_after=None
[2024-10-03T11:29:39.849+0000] {logging_mixin.py:190} INFO - [2024-10-03T11:29:39.849+0000] {dag.py:4180} INFO - Setting next_dagrun for dataset_consumes_1_and_2 to None, run_after=None
[2024-10-03T11:29:39.850+0000] {logging_mixin.py:190} INFO - [2024-10-03T11:29:39.850+0000] {dag.py:4180} INFO - Setting next_dagrun for dataset_consumes_1_never_scheduled to None, run_after=None
[2024-10-03T11:29:39.850+0000] {logging_mixin.py:190} INFO - [2024-10-03T11:29:39.850+0000] {dag.py:4180} INFO - Setting next_dagrun for dataset_consumes_unknown_never_scheduled to None, run_after=None
[2024-10-03T11:29:39.852+0000] {logging_mixin.py:190} INFO - [2024-10-03T11:29:39.851+0000] {dag.py:4180} INFO - Setting next_dagrun for dataset_produces_1 to 2024-10-02 00:00:00+00:00, run_after=2024-10-03 00:00:00+00:00
[2024-10-03T11:29:39.852+0000] {logging_mixin.py:190} INFO - [2024-10-03T11:29:39.852+0000] {dag.py:4180} INFO - Setting next_dagrun for dataset_produces_2 to None, run_after=None
[2024-10-03T11:29:39.870+0000] {processor.py:208} INFO - Processing /home/airflow/.local/lib/python3.12/site-packages/airflow/example_dags/example_datasets.py took 0.158 seconds
[2024-10-03T11:30:10.119+0000] {processor.py:186} INFO - Started process (PID=6363) to work on /home/airflow/.local/lib/python3.12/site-packages/airflow/example_dags/example_datasets.py
[2024-10-03T11:30:10.121+0000] {processor.py:914} INFO - Processing file /home/airflow/.local/lib/python3.12/site-packages/airflow/example_dags/example_datasets.py for tasks to queue
[2024-10-03T11:30:10.124+0000] {logging_mixin.py:190} INFO - [2024-10-03T11:30:10.124+0000] {dagbag.py:588} INFO - Filling up the DagBag from /home/airflow/.local/lib/python3.12/site-packages/airflow/example_dags/example_datasets.py
[2024-10-03T11:30:10.206+0000] {processor.py:925} INFO - DAG(s) 'consume_1_or_2_with_dataset_expressions', 'dataset_produces_1', 'dataset_consumes_unknown_never_scheduled', 'dataset_produces_2', 'dataset_consumes_1', 'dataset_consumes_1_never_scheduled', 'consume_1_or_both_2_and_3_with_dataset_expressions', 'dataset_consumes_1_and_2', 'consume_1_and_2_with_dataset_expressions', 'conditional_dataset_and_time_based_timetable' retrieved from /home/airflow/.local/lib/python3.12/site-packages/airflow/example_dags/example_datasets.py
[2024-10-03T11:30:10.228+0000] {logging_mixin.py:190} INFO - [2024-10-03T11:30:10.227+0000] {dag.py:3239} INFO - Sync 10 DAGs
[2024-10-03T11:30:10.242+0000] {logging_mixin.py:190} INFO - [2024-10-03T11:30:10.242+0000] {dag.py:4180} INFO - Setting next_dagrun for conditional_dataset_and_time_based_timetable to 2024-10-09 01:00:00+00:00, run_after=2024-10-09 01:00:00+00:00
[2024-10-03T11:30:10.244+0000] {logging_mixin.py:190} INFO - [2024-10-03T11:30:10.244+0000] {dag.py:4180} INFO - Setting next_dagrun for consume_1_and_2_with_dataset_expressions to None, run_after=None
[2024-10-03T11:30:10.245+0000] {logging_mixin.py:190} INFO - [2024-10-03T11:30:10.245+0000] {dag.py:4180} INFO - Setting next_dagrun for consume_1_or_2_with_dataset_expressions to None, run_after=None
[2024-10-03T11:30:10.246+0000] {logging_mixin.py:190} INFO - [2024-10-03T11:30:10.246+0000] {dag.py:4180} INFO - Setting next_dagrun for consume_1_or_both_2_and_3_with_dataset_expressions to None, run_after=None
[2024-10-03T11:30:10.247+0000] {logging_mixin.py:190} INFO - [2024-10-03T11:30:10.247+0000] {dag.py:4180} INFO - Setting next_dagrun for dataset_consumes_1 to None, run_after=None
[2024-10-03T11:30:10.248+0000] {logging_mixin.py:190} INFO - [2024-10-03T11:30:10.248+0000] {dag.py:4180} INFO - Setting next_dagrun for dataset_consumes_1_and_2 to None, run_after=None
[2024-10-03T11:30:10.249+0000] {logging_mixin.py:190} INFO - [2024-10-03T11:30:10.249+0000] {dag.py:4180} INFO - Setting next_dagrun for dataset_consumes_1_never_scheduled to None, run_after=None
[2024-10-03T11:30:10.250+0000] {logging_mixin.py:190} INFO - [2024-10-03T11:30:10.250+0000] {dag.py:4180} INFO - Setting next_dagrun for dataset_consumes_unknown_never_scheduled to None, run_after=None
[2024-10-03T11:30:10.251+0000] {logging_mixin.py:190} INFO - [2024-10-03T11:30:10.251+0000] {dag.py:4180} INFO - Setting next_dagrun for dataset_produces_1 to 2024-10-02 00:00:00+00:00, run_after=2024-10-03 00:00:00+00:00
[2024-10-03T11:30:10.252+0000] {logging_mixin.py:190} INFO - [2024-10-03T11:30:10.252+0000] {dag.py:4180} INFO - Setting next_dagrun for dataset_produces_2 to None, run_after=None
[2024-10-03T11:30:10.271+0000] {processor.py:208} INFO - Processing /home/airflow/.local/lib/python3.12/site-packages/airflow/example_dags/example_datasets.py took 0.160 seconds
[2024-10-03T11:30:40.465+0000] {processor.py:186} INFO - Started process (PID=6649) to work on /home/airflow/.local/lib/python3.12/site-packages/airflow/example_dags/example_datasets.py
[2024-10-03T11:30:40.466+0000] {processor.py:914} INFO - Processing file /home/airflow/.local/lib/python3.12/site-packages/airflow/example_dags/example_datasets.py for tasks to queue
[2024-10-03T11:30:40.467+0000] {logging_mixin.py:190} INFO - [2024-10-03T11:30:40.467+0000] {dagbag.py:588} INFO - Filling up the DagBag from /home/airflow/.local/lib/python3.12/site-packages/airflow/example_dags/example_datasets.py
[2024-10-03T11:30:40.555+0000] {processor.py:925} INFO - DAG(s) 'dataset_produces_2', 'dataset_consumes_1', 'dataset_consumes_unknown_never_scheduled', 'consume_1_and_2_with_dataset_expressions', 'consume_1_or_2_with_dataset_expressions', 'conditional_dataset_and_time_based_timetable', 'dataset_produces_1', 'consume_1_or_both_2_and_3_with_dataset_expressions', 'dataset_consumes_1_never_scheduled', 'dataset_consumes_1_and_2' retrieved from /home/airflow/.local/lib/python3.12/site-packages/airflow/example_dags/example_datasets.py
[2024-10-03T11:30:40.573+0000] {logging_mixin.py:190} INFO - [2024-10-03T11:30:40.573+0000] {dag.py:3239} INFO - Sync 10 DAGs
[2024-10-03T11:30:40.586+0000] {logging_mixin.py:190} INFO - [2024-10-03T11:30:40.586+0000] {dag.py:4180} INFO - Setting next_dagrun for conditional_dataset_and_time_based_timetable to 2024-10-09 01:00:00+00:00, run_after=2024-10-09 01:00:00+00:00
[2024-10-03T11:30:40.588+0000] {logging_mixin.py:190} INFO - [2024-10-03T11:30:40.588+0000] {dag.py:4180} INFO - Setting next_dagrun for consume_1_and_2_with_dataset_expressions to None, run_after=None
[2024-10-03T11:30:40.589+0000] {logging_mixin.py:190} INFO - [2024-10-03T11:30:40.589+0000] {dag.py:4180} INFO - Setting next_dagrun for consume_1_or_2_with_dataset_expressions to None, run_after=None
[2024-10-03T11:30:40.590+0000] {logging_mixin.py:190} INFO - [2024-10-03T11:30:40.589+0000] {dag.py:4180} INFO - Setting next_dagrun for consume_1_or_both_2_and_3_with_dataset_expressions to None, run_after=None
[2024-10-03T11:30:40.590+0000] {logging_mixin.py:190} INFO - [2024-10-03T11:30:40.590+0000] {dag.py:4180} INFO - Setting next_dagrun for dataset_consumes_1 to None, run_after=None
[2024-10-03T11:30:40.591+0000] {logging_mixin.py:190} INFO - [2024-10-03T11:30:40.591+0000] {dag.py:4180} INFO - Setting next_dagrun for dataset_consumes_1_and_2 to None, run_after=None
[2024-10-03T11:30:40.591+0000] {logging_mixin.py:190} INFO - [2024-10-03T11:30:40.591+0000] {dag.py:4180} INFO - Setting next_dagrun for dataset_consumes_1_never_scheduled to None, run_after=None
[2024-10-03T11:30:40.592+0000] {logging_mixin.py:190} INFO - [2024-10-03T11:30:40.592+0000] {dag.py:4180} INFO - Setting next_dagrun for dataset_consumes_unknown_never_scheduled to None, run_after=None
[2024-10-03T11:30:40.593+0000] {logging_mixin.py:190} INFO - [2024-10-03T11:30:40.593+0000] {dag.py:4180} INFO - Setting next_dagrun for dataset_produces_1 to 2024-10-02 00:00:00+00:00, run_after=2024-10-03 00:00:00+00:00
[2024-10-03T11:30:40.594+0000] {logging_mixin.py:190} INFO - [2024-10-03T11:30:40.594+0000] {dag.py:4180} INFO - Setting next_dagrun for dataset_produces_2 to None, run_after=None
[2024-10-03T11:30:40.609+0000] {processor.py:208} INFO - Processing /home/airflow/.local/lib/python3.12/site-packages/airflow/example_dags/example_datasets.py took 0.148 seconds
[2024-10-03T11:31:10.771+0000] {processor.py:186} INFO - Started process (PID=6935) to work on /home/airflow/.local/lib/python3.12/site-packages/airflow/example_dags/example_datasets.py
[2024-10-03T11:31:10.772+0000] {processor.py:914} INFO - Processing file /home/airflow/.local/lib/python3.12/site-packages/airflow/example_dags/example_datasets.py for tasks to queue
[2024-10-03T11:31:10.775+0000] {logging_mixin.py:190} INFO - [2024-10-03T11:31:10.775+0000] {dagbag.py:588} INFO - Filling up the DagBag from /home/airflow/.local/lib/python3.12/site-packages/airflow/example_dags/example_datasets.py
[2024-10-03T11:31:10.859+0000] {processor.py:925} INFO - DAG(s) 'dataset_consumes_1', 'dataset_produces_2', 'dataset_consumes_1_never_scheduled', 'dataset_consumes_unknown_never_scheduled', 'dataset_produces_1', 'conditional_dataset_and_time_based_timetable', 'dataset_consumes_1_and_2', 'consume_1_and_2_with_dataset_expressions', 'consume_1_or_2_with_dataset_expressions', 'consume_1_or_both_2_and_3_with_dataset_expressions' retrieved from /home/airflow/.local/lib/python3.12/site-packages/airflow/example_dags/example_datasets.py
[2024-10-03T11:31:10.879+0000] {logging_mixin.py:190} INFO - [2024-10-03T11:31:10.879+0000] {dag.py:3239} INFO - Sync 10 DAGs
[2024-10-03T11:31:10.893+0000] {logging_mixin.py:190} INFO - [2024-10-03T11:31:10.893+0000] {dag.py:4180} INFO - Setting next_dagrun for conditional_dataset_and_time_based_timetable to 2024-10-09 01:00:00+00:00, run_after=2024-10-09 01:00:00+00:00
[2024-10-03T11:31:10.895+0000] {logging_mixin.py:190} INFO - [2024-10-03T11:31:10.895+0000] {dag.py:4180} INFO - Setting next_dagrun for consume_1_and_2_with_dataset_expressions to None, run_after=None
[2024-10-03T11:31:10.896+0000] {logging_mixin.py:190} INFO - [2024-10-03T11:31:10.896+0000] {dag.py:4180} INFO - Setting next_dagrun for consume_1_or_2_with_dataset_expressions to None, run_after=None
[2024-10-03T11:31:10.897+0000] {logging_mixin.py:190} INFO - [2024-10-03T11:31:10.897+0000] {dag.py:4180} INFO - Setting next_dagrun for consume_1_or_both_2_and_3_with_dataset_expressions to None, run_after=None
[2024-10-03T11:31:10.897+0000] {logging_mixin.py:190} INFO - [2024-10-03T11:31:10.897+0000] {dag.py:4180} INFO - Setting next_dagrun for dataset_consumes_1 to None, run_after=None
[2024-10-03T11:31:10.898+0000] {logging_mixin.py:190} INFO - [2024-10-03T11:31:10.898+0000] {dag.py:4180} INFO - Setting next_dagrun for dataset_consumes_1_and_2 to None, run_after=None
[2024-10-03T11:31:10.899+0000] {logging_mixin.py:190} INFO - [2024-10-03T11:31:10.898+0000] {dag.py:4180} INFO - Setting next_dagrun for dataset_consumes_1_never_scheduled to None, run_after=None
[2024-10-03T11:31:10.899+0000] {logging_mixin.py:190} INFO - [2024-10-03T11:31:10.899+0000] {dag.py:4180} INFO - Setting next_dagrun for dataset_consumes_unknown_never_scheduled to None, run_after=None
[2024-10-03T11:31:10.901+0000] {logging_mixin.py:190} INFO - [2024-10-03T11:31:10.900+0000] {dag.py:4180} INFO - Setting next_dagrun for dataset_produces_1 to 2024-10-02 00:00:00+00:00, run_after=2024-10-03 00:00:00+00:00
[2024-10-03T11:31:10.901+0000] {logging_mixin.py:190} INFO - [2024-10-03T11:31:10.901+0000] {dag.py:4180} INFO - Setting next_dagrun for dataset_produces_2 to None, run_after=None
[2024-10-03T11:31:10.918+0000] {processor.py:208} INFO - Processing /home/airflow/.local/lib/python3.12/site-packages/airflow/example_dags/example_datasets.py took 0.155 seconds
