[2024-10-03T11:19:31.895+0000] {processor.py:186} INFO - Started process (PID=407) to work on /home/airflow/.local/lib/python3.12/site-packages/airflow/example_dags/example_task_group.py
[2024-10-03T11:19:31.895+0000] {processor.py:914} INFO - Processing file /home/airflow/.local/lib/python3.12/site-packages/airflow/example_dags/example_task_group.py for tasks to queue
[2024-10-03T11:19:31.897+0000] {logging_mixin.py:190} INFO - [2024-10-03T11:19:31.897+0000] {dagbag.py:588} INFO - Filling up the DagBag from /home/airflow/.local/lib/python3.12/site-packages/airflow/example_dags/example_task_group.py
[2024-10-03T11:19:31.902+0000] {processor.py:925} INFO - DAG(s) 'example_task_group' retrieved from /home/airflow/.local/lib/python3.12/site-packages/airflow/example_dags/example_task_group.py
[2024-10-03T11:19:31.960+0000] {logging_mixin.py:190} INFO - [2024-10-03T11:19:31.960+0000] {override.py:1900} INFO - Created Permission View: can delete on DAG:example_task_group
[2024-10-03T11:19:31.965+0000] {logging_mixin.py:190} INFO - [2024-10-03T11:19:31.965+0000] {override.py:1900} INFO - Created Permission View: can read on DAG:example_task_group
[2024-10-03T11:19:31.968+0000] {logging_mixin.py:190} INFO - [2024-10-03T11:19:31.968+0000] {override.py:1900} INFO - Created Permission View: can edit on DAG:example_task_group
[2024-10-03T11:19:31.971+0000] {logging_mixin.py:190} INFO - [2024-10-03T11:19:31.971+0000] {override.py:1900} INFO - Created Permission View: can read on DAG Run:example_task_group
[2024-10-03T11:19:31.974+0000] {logging_mixin.py:190} INFO - [2024-10-03T11:19:31.974+0000] {override.py:1900} INFO - Created Permission View: can create on DAG Run:example_task_group
[2024-10-03T11:19:31.977+0000] {logging_mixin.py:190} INFO - [2024-10-03T11:19:31.976+0000] {override.py:1900} INFO - Created Permission View: menu access on DAG Run:example_task_group
[2024-10-03T11:19:31.979+0000] {logging_mixin.py:190} INFO - [2024-10-03T11:19:31.979+0000] {override.py:1900} INFO - Created Permission View: can delete on DAG Run:example_task_group
[2024-10-03T11:19:31.980+0000] {logging_mixin.py:190} INFO - [2024-10-03T11:19:31.979+0000] {dag.py:3239} INFO - Sync 1 DAGs
[2024-10-03T11:19:31.986+0000] {logging_mixin.py:190} INFO - [2024-10-03T11:19:31.986+0000] {dag.py:3262} INFO - Creating ORM DAG for example_task_group
[2024-10-03T11:19:31.987+0000] {logging_mixin.py:190} INFO - [2024-10-03T11:19:31.987+0000] {dag.py:4180} INFO - Setting next_dagrun for example_task_group to None, run_after=None
[2024-10-03T11:19:31.995+0000] {processor.py:208} INFO - Processing /home/airflow/.local/lib/python3.12/site-packages/airflow/example_dags/example_task_group.py took 0.104 seconds
[2024-10-03T11:20:02.377+0000] {processor.py:186} INFO - Started process (PID=693) to work on /home/airflow/.local/lib/python3.12/site-packages/airflow/example_dags/example_task_group.py
[2024-10-03T11:20:02.378+0000] {processor.py:914} INFO - Processing file /home/airflow/.local/lib/python3.12/site-packages/airflow/example_dags/example_task_group.py for tasks to queue
[2024-10-03T11:20:02.379+0000] {logging_mixin.py:190} INFO - [2024-10-03T11:20:02.379+0000] {dagbag.py:588} INFO - Filling up the DagBag from /home/airflow/.local/lib/python3.12/site-packages/airflow/example_dags/example_task_group.py
[2024-10-03T11:20:02.384+0000] {processor.py:925} INFO - DAG(s) 'example_task_group' retrieved from /home/airflow/.local/lib/python3.12/site-packages/airflow/example_dags/example_task_group.py
[2024-10-03T11:20:02.396+0000] {logging_mixin.py:190} INFO - [2024-10-03T11:20:02.396+0000] {dag.py:3239} INFO - Sync 1 DAGs
[2024-10-03T11:20:02.404+0000] {logging_mixin.py:190} INFO - [2024-10-03T11:20:02.403+0000] {dag.py:4180} INFO - Setting next_dagrun for example_task_group to None, run_after=None
[2024-10-03T11:20:02.414+0000] {processor.py:208} INFO - Processing /home/airflow/.local/lib/python3.12/site-packages/airflow/example_dags/example_task_group.py took 0.040 seconds
[2024-10-03T11:20:32.833+0000] {processor.py:186} INFO - Started process (PID=981) to work on /home/airflow/.local/lib/python3.12/site-packages/airflow/example_dags/example_task_group.py
[2024-10-03T11:20:32.833+0000] {processor.py:914} INFO - Processing file /home/airflow/.local/lib/python3.12/site-packages/airflow/example_dags/example_task_group.py for tasks to queue
[2024-10-03T11:20:32.835+0000] {logging_mixin.py:190} INFO - [2024-10-03T11:20:32.835+0000] {dagbag.py:588} INFO - Filling up the DagBag from /home/airflow/.local/lib/python3.12/site-packages/airflow/example_dags/example_task_group.py
[2024-10-03T11:20:32.840+0000] {processor.py:925} INFO - DAG(s) 'example_task_group' retrieved from /home/airflow/.local/lib/python3.12/site-packages/airflow/example_dags/example_task_group.py
[2024-10-03T11:20:32.853+0000] {logging_mixin.py:190} INFO - [2024-10-03T11:20:32.852+0000] {dag.py:3239} INFO - Sync 1 DAGs
[2024-10-03T11:20:32.860+0000] {logging_mixin.py:190} INFO - [2024-10-03T11:20:32.860+0000] {dag.py:4180} INFO - Setting next_dagrun for example_task_group to None, run_after=None
[2024-10-03T11:20:32.869+0000] {processor.py:208} INFO - Processing /home/airflow/.local/lib/python3.12/site-packages/airflow/example_dags/example_task_group.py took 0.040 seconds
[2024-10-03T11:21:03.236+0000] {processor.py:186} INFO - Started process (PID=1267) to work on /home/airflow/.local/lib/python3.12/site-packages/airflow/example_dags/example_task_group.py
[2024-10-03T11:21:03.237+0000] {processor.py:914} INFO - Processing file /home/airflow/.local/lib/python3.12/site-packages/airflow/example_dags/example_task_group.py for tasks to queue
[2024-10-03T11:21:03.238+0000] {logging_mixin.py:190} INFO - [2024-10-03T11:21:03.238+0000] {dagbag.py:588} INFO - Filling up the DagBag from /home/airflow/.local/lib/python3.12/site-packages/airflow/example_dags/example_task_group.py
[2024-10-03T11:21:03.243+0000] {processor.py:925} INFO - DAG(s) 'example_task_group' retrieved from /home/airflow/.local/lib/python3.12/site-packages/airflow/example_dags/example_task_group.py
[2024-10-03T11:21:03.256+0000] {logging_mixin.py:190} INFO - [2024-10-03T11:21:03.255+0000] {dag.py:3239} INFO - Sync 1 DAGs
[2024-10-03T11:21:03.263+0000] {logging_mixin.py:190} INFO - [2024-10-03T11:21:03.263+0000] {dag.py:4180} INFO - Setting next_dagrun for example_task_group to None, run_after=None
[2024-10-03T11:21:03.271+0000] {processor.py:208} INFO - Processing /home/airflow/.local/lib/python3.12/site-packages/airflow/example_dags/example_task_group.py took 0.039 seconds
[2024-10-03T11:21:33.778+0000] {processor.py:186} INFO - Started process (PID=1553) to work on /home/airflow/.local/lib/python3.12/site-packages/airflow/example_dags/example_task_group.py
[2024-10-03T11:21:33.778+0000] {processor.py:914} INFO - Processing file /home/airflow/.local/lib/python3.12/site-packages/airflow/example_dags/example_task_group.py for tasks to queue
[2024-10-03T11:21:33.780+0000] {logging_mixin.py:190} INFO - [2024-10-03T11:21:33.780+0000] {dagbag.py:588} INFO - Filling up the DagBag from /home/airflow/.local/lib/python3.12/site-packages/airflow/example_dags/example_task_group.py
[2024-10-03T11:21:33.785+0000] {processor.py:925} INFO - DAG(s) 'example_task_group' retrieved from /home/airflow/.local/lib/python3.12/site-packages/airflow/example_dags/example_task_group.py
[2024-10-03T11:21:33.798+0000] {logging_mixin.py:190} INFO - [2024-10-03T11:21:33.798+0000] {dag.py:3239} INFO - Sync 1 DAGs
[2024-10-03T11:21:33.806+0000] {logging_mixin.py:190} INFO - [2024-10-03T11:21:33.806+0000] {dag.py:4180} INFO - Setting next_dagrun for example_task_group to None, run_after=None
[2024-10-03T11:21:33.816+0000] {processor.py:208} INFO - Processing /home/airflow/.local/lib/python3.12/site-packages/airflow/example_dags/example_task_group.py took 0.043 seconds
[2024-10-03T11:22:04.146+0000] {processor.py:186} INFO - Started process (PID=1839) to work on /home/airflow/.local/lib/python3.12/site-packages/airflow/example_dags/example_task_group.py
[2024-10-03T11:22:04.147+0000] {processor.py:914} INFO - Processing file /home/airflow/.local/lib/python3.12/site-packages/airflow/example_dags/example_task_group.py for tasks to queue
[2024-10-03T11:22:04.148+0000] {logging_mixin.py:190} INFO - [2024-10-03T11:22:04.148+0000] {dagbag.py:588} INFO - Filling up the DagBag from /home/airflow/.local/lib/python3.12/site-packages/airflow/example_dags/example_task_group.py
[2024-10-03T11:22:04.154+0000] {processor.py:925} INFO - DAG(s) 'example_task_group' retrieved from /home/airflow/.local/lib/python3.12/site-packages/airflow/example_dags/example_task_group.py
[2024-10-03T11:22:04.165+0000] {logging_mixin.py:190} INFO - [2024-10-03T11:22:04.165+0000] {dag.py:3239} INFO - Sync 1 DAGs
[2024-10-03T11:22:04.172+0000] {logging_mixin.py:190} INFO - [2024-10-03T11:22:04.172+0000] {dag.py:4180} INFO - Setting next_dagrun for example_task_group to None, run_after=None
[2024-10-03T11:22:04.181+0000] {processor.py:208} INFO - Processing /home/airflow/.local/lib/python3.12/site-packages/airflow/example_dags/example_task_group.py took 0.038 seconds
[2024-10-03T11:22:34.769+0000] {processor.py:186} INFO - Started process (PID=2125) to work on /home/airflow/.local/lib/python3.12/site-packages/airflow/example_dags/example_task_group.py
[2024-10-03T11:22:34.770+0000] {processor.py:914} INFO - Processing file /home/airflow/.local/lib/python3.12/site-packages/airflow/example_dags/example_task_group.py for tasks to queue
[2024-10-03T11:22:34.772+0000] {logging_mixin.py:190} INFO - [2024-10-03T11:22:34.771+0000] {dagbag.py:588} INFO - Filling up the DagBag from /home/airflow/.local/lib/python3.12/site-packages/airflow/example_dags/example_task_group.py
[2024-10-03T11:22:34.778+0000] {processor.py:925} INFO - DAG(s) 'example_task_group' retrieved from /home/airflow/.local/lib/python3.12/site-packages/airflow/example_dags/example_task_group.py
[2024-10-03T11:22:34.793+0000] {logging_mixin.py:190} INFO - [2024-10-03T11:22:34.792+0000] {dag.py:3239} INFO - Sync 1 DAGs
[2024-10-03T11:22:34.801+0000] {logging_mixin.py:190} INFO - [2024-10-03T11:22:34.801+0000] {dag.py:4180} INFO - Setting next_dagrun for example_task_group to None, run_after=None
[2024-10-03T11:22:34.814+0000] {processor.py:208} INFO - Processing /home/airflow/.local/lib/python3.12/site-packages/airflow/example_dags/example_task_group.py took 0.049 seconds
[2024-10-03T11:23:05.172+0000] {processor.py:186} INFO - Started process (PID=2409) to work on /home/airflow/.local/lib/python3.12/site-packages/airflow/example_dags/example_task_group.py
[2024-10-03T11:23:05.173+0000] {processor.py:914} INFO - Processing file /home/airflow/.local/lib/python3.12/site-packages/airflow/example_dags/example_task_group.py for tasks to queue
[2024-10-03T11:23:05.174+0000] {logging_mixin.py:190} INFO - [2024-10-03T11:23:05.174+0000] {dagbag.py:588} INFO - Filling up the DagBag from /home/airflow/.local/lib/python3.12/site-packages/airflow/example_dags/example_task_group.py
[2024-10-03T11:23:05.180+0000] {processor.py:925} INFO - DAG(s) 'example_task_group' retrieved from /home/airflow/.local/lib/python3.12/site-packages/airflow/example_dags/example_task_group.py
[2024-10-03T11:23:05.191+0000] {logging_mixin.py:190} INFO - [2024-10-03T11:23:05.191+0000] {dag.py:3239} INFO - Sync 1 DAGs
[2024-10-03T11:23:05.199+0000] {logging_mixin.py:190} INFO - [2024-10-03T11:23:05.199+0000] {dag.py:4180} INFO - Setting next_dagrun for example_task_group to None, run_after=None
[2024-10-03T11:23:05.209+0000] {processor.py:208} INFO - Processing /home/airflow/.local/lib/python3.12/site-packages/airflow/example_dags/example_task_group.py took 0.040 seconds
[2024-10-03T11:23:35.490+0000] {processor.py:186} INFO - Started process (PID=2697) to work on /home/airflow/.local/lib/python3.12/site-packages/airflow/example_dags/example_task_group.py
[2024-10-03T11:23:35.491+0000] {processor.py:914} INFO - Processing file /home/airflow/.local/lib/python3.12/site-packages/airflow/example_dags/example_task_group.py for tasks to queue
[2024-10-03T11:23:35.492+0000] {logging_mixin.py:190} INFO - [2024-10-03T11:23:35.492+0000] {dagbag.py:588} INFO - Filling up the DagBag from /home/airflow/.local/lib/python3.12/site-packages/airflow/example_dags/example_task_group.py
[2024-10-03T11:23:35.497+0000] {processor.py:925} INFO - DAG(s) 'example_task_group' retrieved from /home/airflow/.local/lib/python3.12/site-packages/airflow/example_dags/example_task_group.py
[2024-10-03T11:23:35.509+0000] {logging_mixin.py:190} INFO - [2024-10-03T11:23:35.509+0000] {dag.py:3239} INFO - Sync 1 DAGs
[2024-10-03T11:23:35.517+0000] {logging_mixin.py:190} INFO - [2024-10-03T11:23:35.516+0000] {dag.py:4180} INFO - Setting next_dagrun for example_task_group to None, run_after=None
[2024-10-03T11:23:35.526+0000] {processor.py:208} INFO - Processing /home/airflow/.local/lib/python3.12/site-packages/airflow/example_dags/example_task_group.py took 0.039 seconds
[2024-10-03T11:24:05.879+0000] {processor.py:186} INFO - Started process (PID=2983) to work on /home/airflow/.local/lib/python3.12/site-packages/airflow/example_dags/example_task_group.py
[2024-10-03T11:24:05.879+0000] {processor.py:914} INFO - Processing file /home/airflow/.local/lib/python3.12/site-packages/airflow/example_dags/example_task_group.py for tasks to queue
[2024-10-03T11:24:05.881+0000] {logging_mixin.py:190} INFO - [2024-10-03T11:24:05.881+0000] {dagbag.py:588} INFO - Filling up the DagBag from /home/airflow/.local/lib/python3.12/site-packages/airflow/example_dags/example_task_group.py
[2024-10-03T11:24:05.886+0000] {processor.py:925} INFO - DAG(s) 'example_task_group' retrieved from /home/airflow/.local/lib/python3.12/site-packages/airflow/example_dags/example_task_group.py
[2024-10-03T11:24:05.897+0000] {logging_mixin.py:190} INFO - [2024-10-03T11:24:05.897+0000] {dag.py:3239} INFO - Sync 1 DAGs
[2024-10-03T11:24:05.904+0000] {logging_mixin.py:190} INFO - [2024-10-03T11:24:05.904+0000] {dag.py:4180} INFO - Setting next_dagrun for example_task_group to None, run_after=None
[2024-10-03T11:24:05.913+0000] {processor.py:208} INFO - Processing /home/airflow/.local/lib/python3.12/site-packages/airflow/example_dags/example_task_group.py took 0.038 seconds
[2024-10-03T11:24:36.509+0000] {processor.py:186} INFO - Started process (PID=3269) to work on /home/airflow/.local/lib/python3.12/site-packages/airflow/example_dags/example_task_group.py
[2024-10-03T11:24:36.510+0000] {processor.py:914} INFO - Processing file /home/airflow/.local/lib/python3.12/site-packages/airflow/example_dags/example_task_group.py for tasks to queue
[2024-10-03T11:24:36.511+0000] {logging_mixin.py:190} INFO - [2024-10-03T11:24:36.511+0000] {dagbag.py:588} INFO - Filling up the DagBag from /home/airflow/.local/lib/python3.12/site-packages/airflow/example_dags/example_task_group.py
[2024-10-03T11:24:36.516+0000] {processor.py:925} INFO - DAG(s) 'example_task_group' retrieved from /home/airflow/.local/lib/python3.12/site-packages/airflow/example_dags/example_task_group.py
[2024-10-03T11:24:36.528+0000] {logging_mixin.py:190} INFO - [2024-10-03T11:24:36.528+0000] {dag.py:3239} INFO - Sync 1 DAGs
[2024-10-03T11:24:36.535+0000] {logging_mixin.py:190} INFO - [2024-10-03T11:24:36.535+0000] {dag.py:4180} INFO - Setting next_dagrun for example_task_group to None, run_after=None
[2024-10-03T11:24:36.544+0000] {processor.py:208} INFO - Processing /home/airflow/.local/lib/python3.12/site-packages/airflow/example_dags/example_task_group.py took 0.039 seconds
[2024-10-03T11:25:07.016+0000] {processor.py:186} INFO - Started process (PID=3555) to work on /home/airflow/.local/lib/python3.12/site-packages/airflow/example_dags/example_task_group.py
[2024-10-03T11:25:07.017+0000] {processor.py:914} INFO - Processing file /home/airflow/.local/lib/python3.12/site-packages/airflow/example_dags/example_task_group.py for tasks to queue
[2024-10-03T11:25:07.019+0000] {logging_mixin.py:190} INFO - [2024-10-03T11:25:07.019+0000] {dagbag.py:588} INFO - Filling up the DagBag from /home/airflow/.local/lib/python3.12/site-packages/airflow/example_dags/example_task_group.py
[2024-10-03T11:25:07.025+0000] {processor.py:925} INFO - DAG(s) 'example_task_group' retrieved from /home/airflow/.local/lib/python3.12/site-packages/airflow/example_dags/example_task_group.py
[2024-10-03T11:25:07.039+0000] {logging_mixin.py:190} INFO - [2024-10-03T11:25:07.039+0000] {dag.py:3239} INFO - Sync 1 DAGs
[2024-10-03T11:25:07.047+0000] {logging_mixin.py:190} INFO - [2024-10-03T11:25:07.047+0000] {dag.py:4180} INFO - Setting next_dagrun for example_task_group to None, run_after=None
[2024-10-03T11:25:07.056+0000] {processor.py:208} INFO - Processing /home/airflow/.local/lib/python3.12/site-packages/airflow/example_dags/example_task_group.py took 0.044 seconds
[2024-10-03T11:25:37.438+0000] {processor.py:186} INFO - Started process (PID=3839) to work on /home/airflow/.local/lib/python3.12/site-packages/airflow/example_dags/example_task_group.py
[2024-10-03T11:25:37.439+0000] {processor.py:914} INFO - Processing file /home/airflow/.local/lib/python3.12/site-packages/airflow/example_dags/example_task_group.py for tasks to queue
[2024-10-03T11:25:37.441+0000] {logging_mixin.py:190} INFO - [2024-10-03T11:25:37.441+0000] {dagbag.py:588} INFO - Filling up the DagBag from /home/airflow/.local/lib/python3.12/site-packages/airflow/example_dags/example_task_group.py
[2024-10-03T11:25:37.446+0000] {processor.py:925} INFO - DAG(s) 'example_task_group' retrieved from /home/airflow/.local/lib/python3.12/site-packages/airflow/example_dags/example_task_group.py
[2024-10-03T11:25:37.458+0000] {logging_mixin.py:190} INFO - [2024-10-03T11:25:37.458+0000] {dag.py:3239} INFO - Sync 1 DAGs
[2024-10-03T11:25:37.466+0000] {logging_mixin.py:190} INFO - [2024-10-03T11:25:37.466+0000] {dag.py:4180} INFO - Setting next_dagrun for example_task_group to None, run_after=None
[2024-10-03T11:25:37.476+0000] {processor.py:208} INFO - Processing /home/airflow/.local/lib/python3.12/site-packages/airflow/example_dags/example_task_group.py took 0.041 seconds
[2024-10-03T11:26:07.961+0000] {processor.py:186} INFO - Started process (PID=4129) to work on /home/airflow/.local/lib/python3.12/site-packages/airflow/example_dags/example_task_group.py
[2024-10-03T11:26:07.962+0000] {processor.py:914} INFO - Processing file /home/airflow/.local/lib/python3.12/site-packages/airflow/example_dags/example_task_group.py for tasks to queue
[2024-10-03T11:26:07.964+0000] {logging_mixin.py:190} INFO - [2024-10-03T11:26:07.964+0000] {dagbag.py:588} INFO - Filling up the DagBag from /home/airflow/.local/lib/python3.12/site-packages/airflow/example_dags/example_task_group.py
[2024-10-03T11:26:07.970+0000] {processor.py:925} INFO - DAG(s) 'example_task_group' retrieved from /home/airflow/.local/lib/python3.12/site-packages/airflow/example_dags/example_task_group.py
[2024-10-03T11:26:07.982+0000] {logging_mixin.py:190} INFO - [2024-10-03T11:26:07.982+0000] {dag.py:3239} INFO - Sync 1 DAGs
[2024-10-03T11:26:07.990+0000] {logging_mixin.py:190} INFO - [2024-10-03T11:26:07.989+0000] {dag.py:4180} INFO - Setting next_dagrun for example_task_group to None, run_after=None
[2024-10-03T11:26:07.999+0000] {processor.py:208} INFO - Processing /home/airflow/.local/lib/python3.12/site-packages/airflow/example_dags/example_task_group.py took 0.042 seconds
[2024-10-03T11:26:38.386+0000] {processor.py:186} INFO - Started process (PID=4417) to work on /home/airflow/.local/lib/python3.12/site-packages/airflow/example_dags/example_task_group.py
[2024-10-03T11:26:38.387+0000] {processor.py:914} INFO - Processing file /home/airflow/.local/lib/python3.12/site-packages/airflow/example_dags/example_task_group.py for tasks to queue
[2024-10-03T11:26:38.388+0000] {logging_mixin.py:190} INFO - [2024-10-03T11:26:38.388+0000] {dagbag.py:588} INFO - Filling up the DagBag from /home/airflow/.local/lib/python3.12/site-packages/airflow/example_dags/example_task_group.py
[2024-10-03T11:26:38.393+0000] {processor.py:925} INFO - DAG(s) 'example_task_group' retrieved from /home/airflow/.local/lib/python3.12/site-packages/airflow/example_dags/example_task_group.py
[2024-10-03T11:26:38.405+0000] {logging_mixin.py:190} INFO - [2024-10-03T11:26:38.405+0000] {dag.py:3239} INFO - Sync 1 DAGs
[2024-10-03T11:26:38.412+0000] {logging_mixin.py:190} INFO - [2024-10-03T11:26:38.411+0000] {dag.py:4180} INFO - Setting next_dagrun for example_task_group to None, run_after=None
[2024-10-03T11:26:38.420+0000] {processor.py:208} INFO - Processing /home/airflow/.local/lib/python3.12/site-packages/airflow/example_dags/example_task_group.py took 0.037 seconds
[2024-10-03T11:27:08.803+0000] {processor.py:186} INFO - Started process (PID=4703) to work on /home/airflow/.local/lib/python3.12/site-packages/airflow/example_dags/example_task_group.py
[2024-10-03T11:27:08.804+0000] {processor.py:914} INFO - Processing file /home/airflow/.local/lib/python3.12/site-packages/airflow/example_dags/example_task_group.py for tasks to queue
[2024-10-03T11:27:08.805+0000] {logging_mixin.py:190} INFO - [2024-10-03T11:27:08.805+0000] {dagbag.py:588} INFO - Filling up the DagBag from /home/airflow/.local/lib/python3.12/site-packages/airflow/example_dags/example_task_group.py
[2024-10-03T11:27:08.810+0000] {processor.py:925} INFO - DAG(s) 'example_task_group' retrieved from /home/airflow/.local/lib/python3.12/site-packages/airflow/example_dags/example_task_group.py
[2024-10-03T11:27:08.822+0000] {logging_mixin.py:190} INFO - [2024-10-03T11:27:08.822+0000] {dag.py:3239} INFO - Sync 1 DAGs
[2024-10-03T11:27:08.829+0000] {logging_mixin.py:190} INFO - [2024-10-03T11:27:08.829+0000] {dag.py:4180} INFO - Setting next_dagrun for example_task_group to None, run_after=None
[2024-10-03T11:27:08.837+0000] {processor.py:208} INFO - Processing /home/airflow/.local/lib/python3.12/site-packages/airflow/example_dags/example_task_group.py took 0.037 seconds
[2024-10-03T11:27:39.190+0000] {processor.py:186} INFO - Started process (PID=4989) to work on /home/airflow/.local/lib/python3.12/site-packages/airflow/example_dags/example_task_group.py
[2024-10-03T11:27:39.191+0000] {processor.py:914} INFO - Processing file /home/airflow/.local/lib/python3.12/site-packages/airflow/example_dags/example_task_group.py for tasks to queue
[2024-10-03T11:27:39.192+0000] {logging_mixin.py:190} INFO - [2024-10-03T11:27:39.192+0000] {dagbag.py:588} INFO - Filling up the DagBag from /home/airflow/.local/lib/python3.12/site-packages/airflow/example_dags/example_task_group.py
[2024-10-03T11:27:39.198+0000] {processor.py:925} INFO - DAG(s) 'example_task_group' retrieved from /home/airflow/.local/lib/python3.12/site-packages/airflow/example_dags/example_task_group.py
[2024-10-03T11:27:39.211+0000] {logging_mixin.py:190} INFO - [2024-10-03T11:27:39.211+0000] {dag.py:3239} INFO - Sync 1 DAGs
[2024-10-03T11:27:39.220+0000] {logging_mixin.py:190} INFO - [2024-10-03T11:27:39.219+0000] {dag.py:4180} INFO - Setting next_dagrun for example_task_group to None, run_after=None
[2024-10-03T11:27:39.230+0000] {processor.py:208} INFO - Processing /home/airflow/.local/lib/python3.12/site-packages/airflow/example_dags/example_task_group.py took 0.044 seconds
[2024-10-03T11:28:09.576+0000] {processor.py:186} INFO - Started process (PID=5274) to work on /home/airflow/.local/lib/python3.12/site-packages/airflow/example_dags/example_task_group.py
[2024-10-03T11:28:09.576+0000] {processor.py:914} INFO - Processing file /home/airflow/.local/lib/python3.12/site-packages/airflow/example_dags/example_task_group.py for tasks to queue
[2024-10-03T11:28:09.578+0000] {logging_mixin.py:190} INFO - [2024-10-03T11:28:09.577+0000] {dagbag.py:588} INFO - Filling up the DagBag from /home/airflow/.local/lib/python3.12/site-packages/airflow/example_dags/example_task_group.py
[2024-10-03T11:28:09.583+0000] {processor.py:925} INFO - DAG(s) 'example_task_group' retrieved from /home/airflow/.local/lib/python3.12/site-packages/airflow/example_dags/example_task_group.py
[2024-10-03T11:28:09.595+0000] {logging_mixin.py:190} INFO - [2024-10-03T11:28:09.595+0000] {dag.py:3239} INFO - Sync 1 DAGs
[2024-10-03T11:28:09.602+0000] {logging_mixin.py:190} INFO - [2024-10-03T11:28:09.601+0000] {dag.py:4180} INFO - Setting next_dagrun for example_task_group to None, run_after=None
[2024-10-03T11:28:09.611+0000] {processor.py:208} INFO - Processing /home/airflow/.local/lib/python3.12/site-packages/airflow/example_dags/example_task_group.py took 0.039 seconds
[2024-10-03T11:28:39.821+0000] {processor.py:186} INFO - Started process (PID=5559) to work on /home/airflow/.local/lib/python3.12/site-packages/airflow/example_dags/example_task_group.py
[2024-10-03T11:28:39.822+0000] {processor.py:914} INFO - Processing file /home/airflow/.local/lib/python3.12/site-packages/airflow/example_dags/example_task_group.py for tasks to queue
[2024-10-03T11:28:39.824+0000] {logging_mixin.py:190} INFO - [2024-10-03T11:28:39.823+0000] {dagbag.py:588} INFO - Filling up the DagBag from /home/airflow/.local/lib/python3.12/site-packages/airflow/example_dags/example_task_group.py
[2024-10-03T11:28:39.828+0000] {processor.py:925} INFO - DAG(s) 'example_task_group' retrieved from /home/airflow/.local/lib/python3.12/site-packages/airflow/example_dags/example_task_group.py
[2024-10-03T11:28:39.841+0000] {logging_mixin.py:190} INFO - [2024-10-03T11:28:39.840+0000] {dag.py:3239} INFO - Sync 1 DAGs
[2024-10-03T11:28:39.848+0000] {logging_mixin.py:190} INFO - [2024-10-03T11:28:39.848+0000] {dag.py:4180} INFO - Setting next_dagrun for example_task_group to None, run_after=None
[2024-10-03T11:28:39.859+0000] {processor.py:208} INFO - Processing /home/airflow/.local/lib/python3.12/site-packages/airflow/example_dags/example_task_group.py took 0.041 seconds
[2024-10-03T11:29:10.111+0000] {processor.py:186} INFO - Started process (PID=5871) to work on /home/airflow/.local/lib/python3.12/site-packages/airflow/example_dags/example_task_group.py
[2024-10-03T11:29:10.112+0000] {processor.py:914} INFO - Processing file /home/airflow/.local/lib/python3.12/site-packages/airflow/example_dags/example_task_group.py for tasks to queue
[2024-10-03T11:29:10.113+0000] {logging_mixin.py:190} INFO - [2024-10-03T11:29:10.113+0000] {dagbag.py:588} INFO - Filling up the DagBag from /home/airflow/.local/lib/python3.12/site-packages/airflow/example_dags/example_task_group.py
[2024-10-03T11:29:10.118+0000] {processor.py:925} INFO - DAG(s) 'example_task_group' retrieved from /home/airflow/.local/lib/python3.12/site-packages/airflow/example_dags/example_task_group.py
[2024-10-03T11:29:10.130+0000] {logging_mixin.py:190} INFO - [2024-10-03T11:29:10.130+0000] {dag.py:3239} INFO - Sync 1 DAGs
[2024-10-03T11:29:10.137+0000] {logging_mixin.py:190} INFO - [2024-10-03T11:29:10.137+0000] {dag.py:4180} INFO - Setting next_dagrun for example_task_group to None, run_after=None
[2024-10-03T11:29:10.145+0000] {processor.py:208} INFO - Processing /home/airflow/.local/lib/python3.12/site-packages/airflow/example_dags/example_task_group.py took 0.038 seconds
[2024-10-03T11:29:40.392+0000] {processor.py:186} INFO - Started process (PID=6155) to work on /home/airflow/.local/lib/python3.12/site-packages/airflow/example_dags/example_task_group.py
[2024-10-03T11:29:40.393+0000] {processor.py:914} INFO - Processing file /home/airflow/.local/lib/python3.12/site-packages/airflow/example_dags/example_task_group.py for tasks to queue
[2024-10-03T11:29:40.394+0000] {logging_mixin.py:190} INFO - [2024-10-03T11:29:40.394+0000] {dagbag.py:588} INFO - Filling up the DagBag from /home/airflow/.local/lib/python3.12/site-packages/airflow/example_dags/example_task_group.py
[2024-10-03T11:29:40.399+0000] {processor.py:925} INFO - DAG(s) 'example_task_group' retrieved from /home/airflow/.local/lib/python3.12/site-packages/airflow/example_dags/example_task_group.py
[2024-10-03T11:29:40.412+0000] {logging_mixin.py:190} INFO - [2024-10-03T11:29:40.412+0000] {dag.py:3239} INFO - Sync 1 DAGs
[2024-10-03T11:29:40.421+0000] {logging_mixin.py:190} INFO - [2024-10-03T11:29:40.420+0000] {dag.py:4180} INFO - Setting next_dagrun for example_task_group to None, run_after=None
[2024-10-03T11:29:40.436+0000] {processor.py:208} INFO - Processing /home/airflow/.local/lib/python3.12/site-packages/airflow/example_dags/example_task_group.py took 0.048 seconds
[2024-10-03T11:30:10.880+0000] {processor.py:186} INFO - Started process (PID=6443) to work on /home/airflow/.local/lib/python3.12/site-packages/airflow/example_dags/example_task_group.py
[2024-10-03T11:30:10.881+0000] {processor.py:914} INFO - Processing file /home/airflow/.local/lib/python3.12/site-packages/airflow/example_dags/example_task_group.py for tasks to queue
[2024-10-03T11:30:10.882+0000] {logging_mixin.py:190} INFO - [2024-10-03T11:30:10.882+0000] {dagbag.py:588} INFO - Filling up the DagBag from /home/airflow/.local/lib/python3.12/site-packages/airflow/example_dags/example_task_group.py
[2024-10-03T11:30:10.887+0000] {processor.py:925} INFO - DAG(s) 'example_task_group' retrieved from /home/airflow/.local/lib/python3.12/site-packages/airflow/example_dags/example_task_group.py
[2024-10-03T11:30:10.899+0000] {logging_mixin.py:190} INFO - [2024-10-03T11:30:10.899+0000] {dag.py:3239} INFO - Sync 1 DAGs
[2024-10-03T11:30:10.906+0000] {logging_mixin.py:190} INFO - [2024-10-03T11:30:10.906+0000] {dag.py:4180} INFO - Setting next_dagrun for example_task_group to None, run_after=None
[2024-10-03T11:30:10.915+0000] {processor.py:208} INFO - Processing /home/airflow/.local/lib/python3.12/site-packages/airflow/example_dags/example_task_group.py took 0.038 seconds
[2024-10-03T11:30:41.104+0000] {processor.py:186} INFO - Started process (PID=6727) to work on /home/airflow/.local/lib/python3.12/site-packages/airflow/example_dags/example_task_group.py
[2024-10-03T11:30:41.105+0000] {processor.py:914} INFO - Processing file /home/airflow/.local/lib/python3.12/site-packages/airflow/example_dags/example_task_group.py for tasks to queue
[2024-10-03T11:30:41.106+0000] {logging_mixin.py:190} INFO - [2024-10-03T11:30:41.106+0000] {dagbag.py:588} INFO - Filling up the DagBag from /home/airflow/.local/lib/python3.12/site-packages/airflow/example_dags/example_task_group.py
[2024-10-03T11:30:41.111+0000] {processor.py:925} INFO - DAG(s) 'example_task_group' retrieved from /home/airflow/.local/lib/python3.12/site-packages/airflow/example_dags/example_task_group.py
[2024-10-03T11:30:41.123+0000] {logging_mixin.py:190} INFO - [2024-10-03T11:30:41.123+0000] {dag.py:3239} INFO - Sync 1 DAGs
[2024-10-03T11:30:41.130+0000] {logging_mixin.py:190} INFO - [2024-10-03T11:30:41.130+0000] {dag.py:4180} INFO - Setting next_dagrun for example_task_group to None, run_after=None
[2024-10-03T11:30:41.139+0000] {processor.py:208} INFO - Processing /home/airflow/.local/lib/python3.12/site-packages/airflow/example_dags/example_task_group.py took 0.038 seconds
[2024-10-03T11:31:11.430+0000] {processor.py:186} INFO - Started process (PID=7013) to work on /home/airflow/.local/lib/python3.12/site-packages/airflow/example_dags/example_task_group.py
[2024-10-03T11:31:11.430+0000] {processor.py:914} INFO - Processing file /home/airflow/.local/lib/python3.12/site-packages/airflow/example_dags/example_task_group.py for tasks to queue
[2024-10-03T11:31:11.432+0000] {logging_mixin.py:190} INFO - [2024-10-03T11:31:11.432+0000] {dagbag.py:588} INFO - Filling up the DagBag from /home/airflow/.local/lib/python3.12/site-packages/airflow/example_dags/example_task_group.py
[2024-10-03T11:31:11.437+0000] {processor.py:925} INFO - DAG(s) 'example_task_group' retrieved from /home/airflow/.local/lib/python3.12/site-packages/airflow/example_dags/example_task_group.py
[2024-10-03T11:31:11.449+0000] {logging_mixin.py:190} INFO - [2024-10-03T11:31:11.449+0000] {dag.py:3239} INFO - Sync 1 DAGs
[2024-10-03T11:31:11.456+0000] {logging_mixin.py:190} INFO - [2024-10-03T11:31:11.456+0000] {dag.py:4180} INFO - Setting next_dagrun for example_task_group to None, run_after=None
[2024-10-03T11:31:11.466+0000] {processor.py:208} INFO - Processing /home/airflow/.local/lib/python3.12/site-packages/airflow/example_dags/example_task_group.py took 0.040 seconds
