[2024-10-03T11:19:31.479+0000] {processor.py:186} INFO - Started process (PID=377) to work on /home/airflow/.local/lib/python3.12/site-packages/airflow/example_dags/example_params_ui_tutorial.py
[2024-10-03T11:19:31.480+0000] {processor.py:914} INFO - Processing file /home/airflow/.local/lib/python3.12/site-packages/airflow/example_dags/example_params_ui_tutorial.py for tasks to queue
[2024-10-03T11:19:31.481+0000] {logging_mixin.py:190} INFO - [2024-10-03T11:19:31.481+0000] {dagbag.py:588} INFO - Filling up the DagBag from /home/airflow/.local/lib/python3.12/site-packages/airflow/example_dags/example_params_ui_tutorial.py
[2024-10-03T11:19:31.488+0000] {processor.py:925} INFO - DAG(s) 'example_params_ui_tutorial' retrieved from /home/airflow/.local/lib/python3.12/site-packages/airflow/example_dags/example_params_ui_tutorial.py
[2024-10-03T11:19:31.552+0000] {logging_mixin.py:190} INFO - [2024-10-03T11:19:31.552+0000] {override.py:1900} INFO - Created Permission View: can delete on DAG:example_params_ui_tutorial
[2024-10-03T11:19:31.556+0000] {logging_mixin.py:190} INFO - [2024-10-03T11:19:31.556+0000] {override.py:1900} INFO - Created Permission View: can read on DAG:example_params_ui_tutorial
[2024-10-03T11:19:31.559+0000] {logging_mixin.py:190} INFO - [2024-10-03T11:19:31.559+0000] {override.py:1900} INFO - Created Permission View: can edit on DAG:example_params_ui_tutorial
[2024-10-03T11:19:31.564+0000] {logging_mixin.py:190} INFO - [2024-10-03T11:19:31.563+0000] {override.py:1900} INFO - Created Permission View: can read on DAG Run:example_params_ui_tutorial
[2024-10-03T11:19:31.567+0000] {logging_mixin.py:190} INFO - [2024-10-03T11:19:31.567+0000] {override.py:1900} INFO - Created Permission View: can create on DAG Run:example_params_ui_tutorial
[2024-10-03T11:19:31.570+0000] {logging_mixin.py:190} INFO - [2024-10-03T11:19:31.570+0000] {override.py:1900} INFO - Created Permission View: menu access on DAG Run:example_params_ui_tutorial
[2024-10-03T11:19:31.572+0000] {logging_mixin.py:190} INFO - [2024-10-03T11:19:31.572+0000] {override.py:1900} INFO - Created Permission View: can delete on DAG Run:example_params_ui_tutorial
[2024-10-03T11:19:31.573+0000] {logging_mixin.py:190} INFO - [2024-10-03T11:19:31.573+0000] {dag.py:3239} INFO - Sync 1 DAGs
[2024-10-03T11:19:31.580+0000] {logging_mixin.py:190} INFO - [2024-10-03T11:19:31.579+0000] {dag.py:3262} INFO - Creating ORM DAG for example_params_ui_tutorial
[2024-10-03T11:19:31.580+0000] {logging_mixin.py:190} INFO - [2024-10-03T11:19:31.580+0000] {dag.py:4180} INFO - Setting next_dagrun for example_params_ui_tutorial to None, run_after=None
[2024-10-03T11:19:31.589+0000] {processor.py:208} INFO - Processing /home/airflow/.local/lib/python3.12/site-packages/airflow/example_dags/example_params_ui_tutorial.py took 0.114 seconds
[2024-10-03T11:20:02.190+0000] {processor.py:186} INFO - Started process (PID=665) to work on /home/airflow/.local/lib/python3.12/site-packages/airflow/example_dags/example_params_ui_tutorial.py
[2024-10-03T11:20:02.191+0000] {processor.py:914} INFO - Processing file /home/airflow/.local/lib/python3.12/site-packages/airflow/example_dags/example_params_ui_tutorial.py for tasks to queue
[2024-10-03T11:20:02.192+0000] {logging_mixin.py:190} INFO - [2024-10-03T11:20:02.192+0000] {dagbag.py:588} INFO - Filling up the DagBag from /home/airflow/.local/lib/python3.12/site-packages/airflow/example_dags/example_params_ui_tutorial.py
[2024-10-03T11:20:02.198+0000] {processor.py:925} INFO - DAG(s) 'example_params_ui_tutorial' retrieved from /home/airflow/.local/lib/python3.12/site-packages/airflow/example_dags/example_params_ui_tutorial.py
[2024-10-03T11:20:02.220+0000] {logging_mixin.py:190} INFO - [2024-10-03T11:20:02.220+0000] {dag.py:3239} INFO - Sync 1 DAGs
[2024-10-03T11:20:02.228+0000] {logging_mixin.py:190} INFO - [2024-10-03T11:20:02.228+0000] {dag.py:4180} INFO - Setting next_dagrun for example_params_ui_tutorial to None, run_after=None
[2024-10-03T11:20:02.238+0000] {processor.py:208} INFO - Processing /home/airflow/.local/lib/python3.12/site-packages/airflow/example_dags/example_params_ui_tutorial.py took 0.052 seconds
[2024-10-03T11:20:32.597+0000] {processor.py:186} INFO - Started process (PID=951) to work on /home/airflow/.local/lib/python3.12/site-packages/airflow/example_dags/example_params_ui_tutorial.py
[2024-10-03T11:20:32.598+0000] {processor.py:914} INFO - Processing file /home/airflow/.local/lib/python3.12/site-packages/airflow/example_dags/example_params_ui_tutorial.py for tasks to queue
[2024-10-03T11:20:32.599+0000] {logging_mixin.py:190} INFO - [2024-10-03T11:20:32.599+0000] {dagbag.py:588} INFO - Filling up the DagBag from /home/airflow/.local/lib/python3.12/site-packages/airflow/example_dags/example_params_ui_tutorial.py
[2024-10-03T11:20:32.605+0000] {processor.py:925} INFO - DAG(s) 'example_params_ui_tutorial' retrieved from /home/airflow/.local/lib/python3.12/site-packages/airflow/example_dags/example_params_ui_tutorial.py
[2024-10-03T11:20:32.626+0000] {logging_mixin.py:190} INFO - [2024-10-03T11:20:32.626+0000] {dag.py:3239} INFO - Sync 1 DAGs
[2024-10-03T11:20:32.633+0000] {logging_mixin.py:190} INFO - [2024-10-03T11:20:32.633+0000] {dag.py:4180} INFO - Setting next_dagrun for example_params_ui_tutorial to None, run_after=None
[2024-10-03T11:20:32.643+0000] {processor.py:208} INFO - Processing /home/airflow/.local/lib/python3.12/site-packages/airflow/example_dags/example_params_ui_tutorial.py took 0.050 seconds
[2024-10-03T11:21:03.007+0000] {processor.py:186} INFO - Started process (PID=1237) to work on /home/airflow/.local/lib/python3.12/site-packages/airflow/example_dags/example_params_ui_tutorial.py
[2024-10-03T11:21:03.008+0000] {processor.py:914} INFO - Processing file /home/airflow/.local/lib/python3.12/site-packages/airflow/example_dags/example_params_ui_tutorial.py for tasks to queue
[2024-10-03T11:21:03.010+0000] {logging_mixin.py:190} INFO - [2024-10-03T11:21:03.009+0000] {dagbag.py:588} INFO - Filling up the DagBag from /home/airflow/.local/lib/python3.12/site-packages/airflow/example_dags/example_params_ui_tutorial.py
[2024-10-03T11:21:03.015+0000] {processor.py:925} INFO - DAG(s) 'example_params_ui_tutorial' retrieved from /home/airflow/.local/lib/python3.12/site-packages/airflow/example_dags/example_params_ui_tutorial.py
[2024-10-03T11:21:03.035+0000] {logging_mixin.py:190} INFO - [2024-10-03T11:21:03.034+0000] {dag.py:3239} INFO - Sync 1 DAGs
[2024-10-03T11:21:03.042+0000] {logging_mixin.py:190} INFO - [2024-10-03T11:21:03.042+0000] {dag.py:4180} INFO - Setting next_dagrun for example_params_ui_tutorial to None, run_after=None
[2024-10-03T11:21:03.051+0000] {processor.py:208} INFO - Processing /home/airflow/.local/lib/python3.12/site-packages/airflow/example_dags/example_params_ui_tutorial.py took 0.048 seconds
[2024-10-03T11:21:33.521+0000] {processor.py:186} INFO - Started process (PID=1523) to work on /home/airflow/.local/lib/python3.12/site-packages/airflow/example_dags/example_params_ui_tutorial.py
[2024-10-03T11:21:33.522+0000] {processor.py:914} INFO - Processing file /home/airflow/.local/lib/python3.12/site-packages/airflow/example_dags/example_params_ui_tutorial.py for tasks to queue
[2024-10-03T11:21:33.524+0000] {logging_mixin.py:190} INFO - [2024-10-03T11:21:33.523+0000] {dagbag.py:588} INFO - Filling up the DagBag from /home/airflow/.local/lib/python3.12/site-packages/airflow/example_dags/example_params_ui_tutorial.py
[2024-10-03T11:21:33.529+0000] {processor.py:925} INFO - DAG(s) 'example_params_ui_tutorial' retrieved from /home/airflow/.local/lib/python3.12/site-packages/airflow/example_dags/example_params_ui_tutorial.py
[2024-10-03T11:21:33.549+0000] {logging_mixin.py:190} INFO - [2024-10-03T11:21:33.549+0000] {dag.py:3239} INFO - Sync 1 DAGs
[2024-10-03T11:21:33.556+0000] {logging_mixin.py:190} INFO - [2024-10-03T11:21:33.556+0000] {dag.py:4180} INFO - Setting next_dagrun for example_params_ui_tutorial to None, run_after=None
[2024-10-03T11:21:33.567+0000] {processor.py:208} INFO - Processing /home/airflow/.local/lib/python3.12/site-packages/airflow/example_dags/example_params_ui_tutorial.py took 0.050 seconds
[2024-10-03T11:22:03.929+0000] {processor.py:186} INFO - Started process (PID=1809) to work on /home/airflow/.local/lib/python3.12/site-packages/airflow/example_dags/example_params_ui_tutorial.py
[2024-10-03T11:22:03.930+0000] {processor.py:914} INFO - Processing file /home/airflow/.local/lib/python3.12/site-packages/airflow/example_dags/example_params_ui_tutorial.py for tasks to queue
[2024-10-03T11:22:03.931+0000] {logging_mixin.py:190} INFO - [2024-10-03T11:22:03.931+0000] {dagbag.py:588} INFO - Filling up the DagBag from /home/airflow/.local/lib/python3.12/site-packages/airflow/example_dags/example_params_ui_tutorial.py
[2024-10-03T11:22:03.936+0000] {processor.py:925} INFO - DAG(s) 'example_params_ui_tutorial' retrieved from /home/airflow/.local/lib/python3.12/site-packages/airflow/example_dags/example_params_ui_tutorial.py
[2024-10-03T11:22:03.956+0000] {logging_mixin.py:190} INFO - [2024-10-03T11:22:03.956+0000] {dag.py:3239} INFO - Sync 1 DAGs
[2024-10-03T11:22:03.963+0000] {logging_mixin.py:190} INFO - [2024-10-03T11:22:03.963+0000] {dag.py:4180} INFO - Setting next_dagrun for example_params_ui_tutorial to None, run_after=None
[2024-10-03T11:22:03.971+0000] {processor.py:208} INFO - Processing /home/airflow/.local/lib/python3.12/site-packages/airflow/example_dags/example_params_ui_tutorial.py took 0.046 seconds
[2024-10-03T11:22:34.509+0000] {processor.py:186} INFO - Started process (PID=2095) to work on /home/airflow/.local/lib/python3.12/site-packages/airflow/example_dags/example_params_ui_tutorial.py
[2024-10-03T11:22:34.510+0000] {processor.py:914} INFO - Processing file /home/airflow/.local/lib/python3.12/site-packages/airflow/example_dags/example_params_ui_tutorial.py for tasks to queue
[2024-10-03T11:22:34.511+0000] {logging_mixin.py:190} INFO - [2024-10-03T11:22:34.511+0000] {dagbag.py:588} INFO - Filling up the DagBag from /home/airflow/.local/lib/python3.12/site-packages/airflow/example_dags/example_params_ui_tutorial.py
[2024-10-03T11:22:34.517+0000] {processor.py:925} INFO - DAG(s) 'example_params_ui_tutorial' retrieved from /home/airflow/.local/lib/python3.12/site-packages/airflow/example_dags/example_params_ui_tutorial.py
[2024-10-03T11:22:34.539+0000] {logging_mixin.py:190} INFO - [2024-10-03T11:22:34.538+0000] {dag.py:3239} INFO - Sync 1 DAGs
[2024-10-03T11:22:34.546+0000] {logging_mixin.py:190} INFO - [2024-10-03T11:22:34.545+0000] {dag.py:4180} INFO - Setting next_dagrun for example_params_ui_tutorial to None, run_after=None
[2024-10-03T11:22:34.556+0000] {processor.py:208} INFO - Processing /home/airflow/.local/lib/python3.12/site-packages/airflow/example_dags/example_params_ui_tutorial.py took 0.051 seconds
[2024-10-03T11:23:04.948+0000] {processor.py:186} INFO - Started process (PID=2379) to work on /home/airflow/.local/lib/python3.12/site-packages/airflow/example_dags/example_params_ui_tutorial.py
[2024-10-03T11:23:04.949+0000] {processor.py:914} INFO - Processing file /home/airflow/.local/lib/python3.12/site-packages/airflow/example_dags/example_params_ui_tutorial.py for tasks to queue
[2024-10-03T11:23:04.950+0000] {logging_mixin.py:190} INFO - [2024-10-03T11:23:04.950+0000] {dagbag.py:588} INFO - Filling up the DagBag from /home/airflow/.local/lib/python3.12/site-packages/airflow/example_dags/example_params_ui_tutorial.py
[2024-10-03T11:23:04.955+0000] {processor.py:925} INFO - DAG(s) 'example_params_ui_tutorial' retrieved from /home/airflow/.local/lib/python3.12/site-packages/airflow/example_dags/example_params_ui_tutorial.py
[2024-10-03T11:23:04.975+0000] {logging_mixin.py:190} INFO - [2024-10-03T11:23:04.975+0000] {dag.py:3239} INFO - Sync 1 DAGs
[2024-10-03T11:23:04.982+0000] {logging_mixin.py:190} INFO - [2024-10-03T11:23:04.982+0000] {dag.py:4180} INFO - Setting next_dagrun for example_params_ui_tutorial to None, run_after=None
[2024-10-03T11:23:04.993+0000] {processor.py:208} INFO - Processing /home/airflow/.local/lib/python3.12/site-packages/airflow/example_dags/example_params_ui_tutorial.py took 0.048 seconds
[2024-10-03T11:23:35.278+0000] {processor.py:186} INFO - Started process (PID=2667) to work on /home/airflow/.local/lib/python3.12/site-packages/airflow/example_dags/example_params_ui_tutorial.py
[2024-10-03T11:23:35.279+0000] {processor.py:914} INFO - Processing file /home/airflow/.local/lib/python3.12/site-packages/airflow/example_dags/example_params_ui_tutorial.py for tasks to queue
[2024-10-03T11:23:35.280+0000] {logging_mixin.py:190} INFO - [2024-10-03T11:23:35.280+0000] {dagbag.py:588} INFO - Filling up the DagBag from /home/airflow/.local/lib/python3.12/site-packages/airflow/example_dags/example_params_ui_tutorial.py
[2024-10-03T11:23:35.286+0000] {processor.py:925} INFO - DAG(s) 'example_params_ui_tutorial' retrieved from /home/airflow/.local/lib/python3.12/site-packages/airflow/example_dags/example_params_ui_tutorial.py
[2024-10-03T11:23:35.306+0000] {logging_mixin.py:190} INFO - [2024-10-03T11:23:35.305+0000] {dag.py:3239} INFO - Sync 1 DAGs
[2024-10-03T11:23:35.312+0000] {logging_mixin.py:190} INFO - [2024-10-03T11:23:35.312+0000] {dag.py:4180} INFO - Setting next_dagrun for example_params_ui_tutorial to None, run_after=None
[2024-10-03T11:23:35.321+0000] {processor.py:208} INFO - Processing /home/airflow/.local/lib/python3.12/site-packages/airflow/example_dags/example_params_ui_tutorial.py took 0.046 seconds
[2024-10-03T11:24:05.661+0000] {processor.py:186} INFO - Started process (PID=2953) to work on /home/airflow/.local/lib/python3.12/site-packages/airflow/example_dags/example_params_ui_tutorial.py
[2024-10-03T11:24:05.661+0000] {processor.py:914} INFO - Processing file /home/airflow/.local/lib/python3.12/site-packages/airflow/example_dags/example_params_ui_tutorial.py for tasks to queue
[2024-10-03T11:24:05.663+0000] {logging_mixin.py:190} INFO - [2024-10-03T11:24:05.662+0000] {dagbag.py:588} INFO - Filling up the DagBag from /home/airflow/.local/lib/python3.12/site-packages/airflow/example_dags/example_params_ui_tutorial.py
[2024-10-03T11:24:05.668+0000] {processor.py:925} INFO - DAG(s) 'example_params_ui_tutorial' retrieved from /home/airflow/.local/lib/python3.12/site-packages/airflow/example_dags/example_params_ui_tutorial.py
[2024-10-03T11:24:05.688+0000] {logging_mixin.py:190} INFO - [2024-10-03T11:24:05.688+0000] {dag.py:3239} INFO - Sync 1 DAGs
[2024-10-03T11:24:05.694+0000] {logging_mixin.py:190} INFO - [2024-10-03T11:24:05.694+0000] {dag.py:4180} INFO - Setting next_dagrun for example_params_ui_tutorial to None, run_after=None
[2024-10-03T11:24:05.703+0000] {processor.py:208} INFO - Processing /home/airflow/.local/lib/python3.12/site-packages/airflow/example_dags/example_params_ui_tutorial.py took 0.046 seconds
[2024-10-03T11:24:36.274+0000] {processor.py:186} INFO - Started process (PID=3239) to work on /home/airflow/.local/lib/python3.12/site-packages/airflow/example_dags/example_params_ui_tutorial.py
[2024-10-03T11:24:36.275+0000] {processor.py:914} INFO - Processing file /home/airflow/.local/lib/python3.12/site-packages/airflow/example_dags/example_params_ui_tutorial.py for tasks to queue
[2024-10-03T11:24:36.277+0000] {logging_mixin.py:190} INFO - [2024-10-03T11:24:36.276+0000] {dagbag.py:588} INFO - Filling up the DagBag from /home/airflow/.local/lib/python3.12/site-packages/airflow/example_dags/example_params_ui_tutorial.py
[2024-10-03T11:24:36.282+0000] {processor.py:925} INFO - DAG(s) 'example_params_ui_tutorial' retrieved from /home/airflow/.local/lib/python3.12/site-packages/airflow/example_dags/example_params_ui_tutorial.py
[2024-10-03T11:24:36.303+0000] {logging_mixin.py:190} INFO - [2024-10-03T11:24:36.303+0000] {dag.py:3239} INFO - Sync 1 DAGs
[2024-10-03T11:24:36.310+0000] {logging_mixin.py:190} INFO - [2024-10-03T11:24:36.310+0000] {dag.py:4180} INFO - Setting next_dagrun for example_params_ui_tutorial to None, run_after=None
[2024-10-03T11:24:36.319+0000] {processor.py:208} INFO - Processing /home/airflow/.local/lib/python3.12/site-packages/airflow/example_dags/example_params_ui_tutorial.py took 0.049 seconds
[2024-10-03T11:25:06.780+0000] {processor.py:186} INFO - Started process (PID=3525) to work on /home/airflow/.local/lib/python3.12/site-packages/airflow/example_dags/example_params_ui_tutorial.py
[2024-10-03T11:25:06.781+0000] {processor.py:914} INFO - Processing file /home/airflow/.local/lib/python3.12/site-packages/airflow/example_dags/example_params_ui_tutorial.py for tasks to queue
[2024-10-03T11:25:06.782+0000] {logging_mixin.py:190} INFO - [2024-10-03T11:25:06.782+0000] {dagbag.py:588} INFO - Filling up the DagBag from /home/airflow/.local/lib/python3.12/site-packages/airflow/example_dags/example_params_ui_tutorial.py
[2024-10-03T11:25:06.787+0000] {processor.py:925} INFO - DAG(s) 'example_params_ui_tutorial' retrieved from /home/airflow/.local/lib/python3.12/site-packages/airflow/example_dags/example_params_ui_tutorial.py
[2024-10-03T11:25:06.808+0000] {logging_mixin.py:190} INFO - [2024-10-03T11:25:06.808+0000] {dag.py:3239} INFO - Sync 1 DAGs
[2024-10-03T11:25:06.815+0000] {logging_mixin.py:190} INFO - [2024-10-03T11:25:06.815+0000] {dag.py:4180} INFO - Setting next_dagrun for example_params_ui_tutorial to None, run_after=None
[2024-10-03T11:25:06.823+0000] {processor.py:208} INFO - Processing /home/airflow/.local/lib/python3.12/site-packages/airflow/example_dags/example_params_ui_tutorial.py took 0.047 seconds
[2024-10-03T11:25:37.195+0000] {processor.py:186} INFO - Started process (PID=3809) to work on /home/airflow/.local/lib/python3.12/site-packages/airflow/example_dags/example_params_ui_tutorial.py
[2024-10-03T11:25:37.196+0000] {processor.py:914} INFO - Processing file /home/airflow/.local/lib/python3.12/site-packages/airflow/example_dags/example_params_ui_tutorial.py for tasks to queue
[2024-10-03T11:25:37.197+0000] {logging_mixin.py:190} INFO - [2024-10-03T11:25:37.197+0000] {dagbag.py:588} INFO - Filling up the DagBag from /home/airflow/.local/lib/python3.12/site-packages/airflow/example_dags/example_params_ui_tutorial.py
[2024-10-03T11:25:37.206+0000] {processor.py:925} INFO - DAG(s) 'example_params_ui_tutorial' retrieved from /home/airflow/.local/lib/python3.12/site-packages/airflow/example_dags/example_params_ui_tutorial.py
[2024-10-03T11:25:37.228+0000] {logging_mixin.py:190} INFO - [2024-10-03T11:25:37.228+0000] {dag.py:3239} INFO - Sync 1 DAGs
[2024-10-03T11:25:37.236+0000] {logging_mixin.py:190} INFO - [2024-10-03T11:25:37.235+0000] {dag.py:4180} INFO - Setting next_dagrun for example_params_ui_tutorial to None, run_after=None
[2024-10-03T11:25:37.248+0000] {processor.py:208} INFO - Processing /home/airflow/.local/lib/python3.12/site-packages/airflow/example_dags/example_params_ui_tutorial.py took 0.057 seconds
[2024-10-03T11:26:07.685+0000] {processor.py:186} INFO - Started process (PID=4099) to work on /home/airflow/.local/lib/python3.12/site-packages/airflow/example_dags/example_params_ui_tutorial.py
[2024-10-03T11:26:07.686+0000] {processor.py:914} INFO - Processing file /home/airflow/.local/lib/python3.12/site-packages/airflow/example_dags/example_params_ui_tutorial.py for tasks to queue
[2024-10-03T11:26:07.687+0000] {logging_mixin.py:190} INFO - [2024-10-03T11:26:07.687+0000] {dagbag.py:588} INFO - Filling up the DagBag from /home/airflow/.local/lib/python3.12/site-packages/airflow/example_dags/example_params_ui_tutorial.py
[2024-10-03T11:26:07.692+0000] {processor.py:925} INFO - DAG(s) 'example_params_ui_tutorial' retrieved from /home/airflow/.local/lib/python3.12/site-packages/airflow/example_dags/example_params_ui_tutorial.py
[2024-10-03T11:26:07.717+0000] {logging_mixin.py:190} INFO - [2024-10-03T11:26:07.717+0000] {dag.py:3239} INFO - Sync 1 DAGs
[2024-10-03T11:26:07.727+0000] {logging_mixin.py:190} INFO - [2024-10-03T11:26:07.727+0000] {dag.py:4180} INFO - Setting next_dagrun for example_params_ui_tutorial to None, run_after=None
[2024-10-03T11:26:07.741+0000] {processor.py:208} INFO - Processing /home/airflow/.local/lib/python3.12/site-packages/airflow/example_dags/example_params_ui_tutorial.py took 0.059 seconds
[2024-10-03T11:26:38.223+0000] {processor.py:186} INFO - Started process (PID=4392) to work on /home/airflow/.local/lib/python3.12/site-packages/airflow/example_dags/example_params_ui_tutorial.py
[2024-10-03T11:26:38.224+0000] {processor.py:914} INFO - Processing file /home/airflow/.local/lib/python3.12/site-packages/airflow/example_dags/example_params_ui_tutorial.py for tasks to queue
[2024-10-03T11:26:38.225+0000] {logging_mixin.py:190} INFO - [2024-10-03T11:26:38.225+0000] {dagbag.py:588} INFO - Filling up the DagBag from /home/airflow/.local/lib/python3.12/site-packages/airflow/example_dags/example_params_ui_tutorial.py
[2024-10-03T11:26:38.230+0000] {processor.py:925} INFO - DAG(s) 'example_params_ui_tutorial' retrieved from /home/airflow/.local/lib/python3.12/site-packages/airflow/example_dags/example_params_ui_tutorial.py
[2024-10-03T11:26:38.251+0000] {logging_mixin.py:190} INFO - [2024-10-03T11:26:38.251+0000] {dag.py:3239} INFO - Sync 1 DAGs
[2024-10-03T11:26:38.258+0000] {logging_mixin.py:190} INFO - [2024-10-03T11:26:38.258+0000] {dag.py:4180} INFO - Setting next_dagrun for example_params_ui_tutorial to None, run_after=None
[2024-10-03T11:26:38.266+0000] {processor.py:208} INFO - Processing /home/airflow/.local/lib/python3.12/site-packages/airflow/example_dags/example_params_ui_tutorial.py took 0.047 seconds
[2024-10-03T11:27:08.643+0000] {processor.py:186} INFO - Started process (PID=4678) to work on /home/airflow/.local/lib/python3.12/site-packages/airflow/example_dags/example_params_ui_tutorial.py
[2024-10-03T11:27:08.644+0000] {processor.py:914} INFO - Processing file /home/airflow/.local/lib/python3.12/site-packages/airflow/example_dags/example_params_ui_tutorial.py for tasks to queue
[2024-10-03T11:27:08.645+0000] {logging_mixin.py:190} INFO - [2024-10-03T11:27:08.645+0000] {dagbag.py:588} INFO - Filling up the DagBag from /home/airflow/.local/lib/python3.12/site-packages/airflow/example_dags/example_params_ui_tutorial.py
[2024-10-03T11:27:08.651+0000] {processor.py:925} INFO - DAG(s) 'example_params_ui_tutorial' retrieved from /home/airflow/.local/lib/python3.12/site-packages/airflow/example_dags/example_params_ui_tutorial.py
[2024-10-03T11:27:08.671+0000] {logging_mixin.py:190} INFO - [2024-10-03T11:27:08.671+0000] {dag.py:3239} INFO - Sync 1 DAGs
[2024-10-03T11:27:08.678+0000] {logging_mixin.py:190} INFO - [2024-10-03T11:27:08.678+0000] {dag.py:4180} INFO - Setting next_dagrun for example_params_ui_tutorial to None, run_after=None
[2024-10-03T11:27:08.686+0000] {processor.py:208} INFO - Processing /home/airflow/.local/lib/python3.12/site-packages/airflow/example_dags/example_params_ui_tutorial.py took 0.046 seconds
[2024-10-03T11:27:39.014+0000] {processor.py:186} INFO - Started process (PID=4964) to work on /home/airflow/.local/lib/python3.12/site-packages/airflow/example_dags/example_params_ui_tutorial.py
[2024-10-03T11:27:39.015+0000] {processor.py:914} INFO - Processing file /home/airflow/.local/lib/python3.12/site-packages/airflow/example_dags/example_params_ui_tutorial.py for tasks to queue
[2024-10-03T11:27:39.016+0000] {logging_mixin.py:190} INFO - [2024-10-03T11:27:39.016+0000] {dagbag.py:588} INFO - Filling up the DagBag from /home/airflow/.local/lib/python3.12/site-packages/airflow/example_dags/example_params_ui_tutorial.py
[2024-10-03T11:27:39.022+0000] {processor.py:925} INFO - DAG(s) 'example_params_ui_tutorial' retrieved from /home/airflow/.local/lib/python3.12/site-packages/airflow/example_dags/example_params_ui_tutorial.py
[2024-10-03T11:27:39.043+0000] {logging_mixin.py:190} INFO - [2024-10-03T11:27:39.043+0000] {dag.py:3239} INFO - Sync 1 DAGs
[2024-10-03T11:27:39.050+0000] {logging_mixin.py:190} INFO - [2024-10-03T11:27:39.050+0000] {dag.py:4180} INFO - Setting next_dagrun for example_params_ui_tutorial to None, run_after=None
[2024-10-03T11:27:39.059+0000] {processor.py:208} INFO - Processing /home/airflow/.local/lib/python3.12/site-packages/airflow/example_dags/example_params_ui_tutorial.py took 0.049 seconds
[2024-10-03T11:28:09.412+0000] {processor.py:186} INFO - Started process (PID=5250) to work on /home/airflow/.local/lib/python3.12/site-packages/airflow/example_dags/example_params_ui_tutorial.py
[2024-10-03T11:28:09.413+0000] {processor.py:914} INFO - Processing file /home/airflow/.local/lib/python3.12/site-packages/airflow/example_dags/example_params_ui_tutorial.py for tasks to queue
[2024-10-03T11:28:09.415+0000] {logging_mixin.py:190} INFO - [2024-10-03T11:28:09.414+0000] {dagbag.py:588} INFO - Filling up the DagBag from /home/airflow/.local/lib/python3.12/site-packages/airflow/example_dags/example_params_ui_tutorial.py
[2024-10-03T11:28:09.420+0000] {processor.py:925} INFO - DAG(s) 'example_params_ui_tutorial' retrieved from /home/airflow/.local/lib/python3.12/site-packages/airflow/example_dags/example_params_ui_tutorial.py
[2024-10-03T11:28:09.439+0000] {logging_mixin.py:190} INFO - [2024-10-03T11:28:09.439+0000] {dag.py:3239} INFO - Sync 1 DAGs
[2024-10-03T11:28:09.446+0000] {logging_mixin.py:190} INFO - [2024-10-03T11:28:09.446+0000] {dag.py:4180} INFO - Setting next_dagrun for example_params_ui_tutorial to None, run_after=None
[2024-10-03T11:28:09.454+0000] {processor.py:208} INFO - Processing /home/airflow/.local/lib/python3.12/site-packages/airflow/example_dags/example_params_ui_tutorial.py took 0.045 seconds
[2024-10-03T11:28:39.640+0000] {processor.py:186} INFO - Started process (PID=5534) to work on /home/airflow/.local/lib/python3.12/site-packages/airflow/example_dags/example_params_ui_tutorial.py
[2024-10-03T11:28:39.641+0000] {processor.py:914} INFO - Processing file /home/airflow/.local/lib/python3.12/site-packages/airflow/example_dags/example_params_ui_tutorial.py for tasks to queue
[2024-10-03T11:28:39.643+0000] {logging_mixin.py:190} INFO - [2024-10-03T11:28:39.642+0000] {dagbag.py:588} INFO - Filling up the DagBag from /home/airflow/.local/lib/python3.12/site-packages/airflow/example_dags/example_params_ui_tutorial.py
[2024-10-03T11:28:39.648+0000] {processor.py:925} INFO - DAG(s) 'example_params_ui_tutorial' retrieved from /home/airflow/.local/lib/python3.12/site-packages/airflow/example_dags/example_params_ui_tutorial.py
[2024-10-03T11:28:39.670+0000] {logging_mixin.py:190} INFO - [2024-10-03T11:28:39.670+0000] {dag.py:3239} INFO - Sync 1 DAGs
[2024-10-03T11:28:39.678+0000] {logging_mixin.py:190} INFO - [2024-10-03T11:28:39.677+0000] {dag.py:4180} INFO - Setting next_dagrun for example_params_ui_tutorial to None, run_after=None
[2024-10-03T11:28:39.687+0000] {processor.py:208} INFO - Processing /home/airflow/.local/lib/python3.12/site-packages/airflow/example_dags/example_params_ui_tutorial.py took 0.051 seconds
[2024-10-03T11:29:09.893+0000] {processor.py:186} INFO - Started process (PID=5844) to work on /home/airflow/.local/lib/python3.12/site-packages/airflow/example_dags/example_params_ui_tutorial.py
[2024-10-03T11:29:09.893+0000] {processor.py:914} INFO - Processing file /home/airflow/.local/lib/python3.12/site-packages/airflow/example_dags/example_params_ui_tutorial.py for tasks to queue
[2024-10-03T11:29:09.895+0000] {logging_mixin.py:190} INFO - [2024-10-03T11:29:09.894+0000] {dagbag.py:588} INFO - Filling up the DagBag from /home/airflow/.local/lib/python3.12/site-packages/airflow/example_dags/example_params_ui_tutorial.py
[2024-10-03T11:29:09.900+0000] {processor.py:925} INFO - DAG(s) 'example_params_ui_tutorial' retrieved from /home/airflow/.local/lib/python3.12/site-packages/airflow/example_dags/example_params_ui_tutorial.py
[2024-10-03T11:29:09.920+0000] {logging_mixin.py:190} INFO - [2024-10-03T11:29:09.919+0000] {dag.py:3239} INFO - Sync 1 DAGs
[2024-10-03T11:29:09.926+0000] {logging_mixin.py:190} INFO - [2024-10-03T11:29:09.926+0000] {dag.py:4180} INFO - Setting next_dagrun for example_params_ui_tutorial to None, run_after=None
[2024-10-03T11:29:09.934+0000] {processor.py:208} INFO - Processing /home/airflow/.local/lib/python3.12/site-packages/airflow/example_dags/example_params_ui_tutorial.py took 0.045 seconds
[2024-10-03T11:29:40.174+0000] {processor.py:186} INFO - Started process (PID=6125) to work on /home/airflow/.local/lib/python3.12/site-packages/airflow/example_dags/example_params_ui_tutorial.py
[2024-10-03T11:29:40.175+0000] {processor.py:914} INFO - Processing file /home/airflow/.local/lib/python3.12/site-packages/airflow/example_dags/example_params_ui_tutorial.py for tasks to queue
[2024-10-03T11:29:40.177+0000] {logging_mixin.py:190} INFO - [2024-10-03T11:29:40.177+0000] {dagbag.py:588} INFO - Filling up the DagBag from /home/airflow/.local/lib/python3.12/site-packages/airflow/example_dags/example_params_ui_tutorial.py
[2024-10-03T11:29:40.182+0000] {processor.py:925} INFO - DAG(s) 'example_params_ui_tutorial' retrieved from /home/airflow/.local/lib/python3.12/site-packages/airflow/example_dags/example_params_ui_tutorial.py
[2024-10-03T11:29:40.204+0000] {logging_mixin.py:190} INFO - [2024-10-03T11:29:40.204+0000] {dag.py:3239} INFO - Sync 1 DAGs
[2024-10-03T11:29:40.212+0000] {logging_mixin.py:190} INFO - [2024-10-03T11:29:40.212+0000] {dag.py:4180} INFO - Setting next_dagrun for example_params_ui_tutorial to None, run_after=None
[2024-10-03T11:29:40.222+0000] {processor.py:208} INFO - Processing /home/airflow/.local/lib/python3.12/site-packages/airflow/example_dags/example_params_ui_tutorial.py took 0.051 seconds
[2024-10-03T11:30:10.718+0000] {processor.py:186} INFO - Started process (PID=6418) to work on /home/airflow/.local/lib/python3.12/site-packages/airflow/example_dags/example_params_ui_tutorial.py
[2024-10-03T11:30:10.719+0000] {processor.py:914} INFO - Processing file /home/airflow/.local/lib/python3.12/site-packages/airflow/example_dags/example_params_ui_tutorial.py for tasks to queue
[2024-10-03T11:30:10.721+0000] {logging_mixin.py:190} INFO - [2024-10-03T11:30:10.720+0000] {dagbag.py:588} INFO - Filling up the DagBag from /home/airflow/.local/lib/python3.12/site-packages/airflow/example_dags/example_params_ui_tutorial.py
[2024-10-03T11:30:10.726+0000] {processor.py:925} INFO - DAG(s) 'example_params_ui_tutorial' retrieved from /home/airflow/.local/lib/python3.12/site-packages/airflow/example_dags/example_params_ui_tutorial.py
[2024-10-03T11:30:10.747+0000] {logging_mixin.py:190} INFO - [2024-10-03T11:30:10.747+0000] {dag.py:3239} INFO - Sync 1 DAGs
[2024-10-03T11:30:10.754+0000] {logging_mixin.py:190} INFO - [2024-10-03T11:30:10.754+0000] {dag.py:4180} INFO - Setting next_dagrun for example_params_ui_tutorial to None, run_after=None
[2024-10-03T11:30:10.763+0000] {processor.py:208} INFO - Processing /home/airflow/.local/lib/python3.12/site-packages/airflow/example_dags/example_params_ui_tutorial.py took 0.048 seconds
[2024-10-03T11:30:40.929+0000] {processor.py:186} INFO - Started process (PID=6702) to work on /home/airflow/.local/lib/python3.12/site-packages/airflow/example_dags/example_params_ui_tutorial.py
[2024-10-03T11:30:40.930+0000] {processor.py:914} INFO - Processing file /home/airflow/.local/lib/python3.12/site-packages/airflow/example_dags/example_params_ui_tutorial.py for tasks to queue
[2024-10-03T11:30:40.931+0000] {logging_mixin.py:190} INFO - [2024-10-03T11:30:40.931+0000] {dagbag.py:588} INFO - Filling up the DagBag from /home/airflow/.local/lib/python3.12/site-packages/airflow/example_dags/example_params_ui_tutorial.py
[2024-10-03T11:30:40.936+0000] {processor.py:925} INFO - DAG(s) 'example_params_ui_tutorial' retrieved from /home/airflow/.local/lib/python3.12/site-packages/airflow/example_dags/example_params_ui_tutorial.py
[2024-10-03T11:30:40.955+0000] {logging_mixin.py:190} INFO - [2024-10-03T11:30:40.955+0000] {dag.py:3239} INFO - Sync 1 DAGs
[2024-10-03T11:30:40.962+0000] {logging_mixin.py:190} INFO - [2024-10-03T11:30:40.962+0000] {dag.py:4180} INFO - Setting next_dagrun for example_params_ui_tutorial to None, run_after=None
[2024-10-03T11:30:40.971+0000] {processor.py:208} INFO - Processing /home/airflow/.local/lib/python3.12/site-packages/airflow/example_dags/example_params_ui_tutorial.py took 0.045 seconds
[2024-10-03T11:31:11.212+0000] {processor.py:186} INFO - Started process (PID=6983) to work on /home/airflow/.local/lib/python3.12/site-packages/airflow/example_dags/example_params_ui_tutorial.py
[2024-10-03T11:31:11.212+0000] {processor.py:914} INFO - Processing file /home/airflow/.local/lib/python3.12/site-packages/airflow/example_dags/example_params_ui_tutorial.py for tasks to queue
[2024-10-03T11:31:11.214+0000] {logging_mixin.py:190} INFO - [2024-10-03T11:31:11.214+0000] {dagbag.py:588} INFO - Filling up the DagBag from /home/airflow/.local/lib/python3.12/site-packages/airflow/example_dags/example_params_ui_tutorial.py
[2024-10-03T11:31:11.219+0000] {processor.py:925} INFO - DAG(s) 'example_params_ui_tutorial' retrieved from /home/airflow/.local/lib/python3.12/site-packages/airflow/example_dags/example_params_ui_tutorial.py
[2024-10-03T11:31:11.240+0000] {logging_mixin.py:190} INFO - [2024-10-03T11:31:11.240+0000] {dag.py:3239} INFO - Sync 1 DAGs
[2024-10-03T11:31:11.247+0000] {logging_mixin.py:190} INFO - [2024-10-03T11:31:11.247+0000] {dag.py:4180} INFO - Setting next_dagrun for example_params_ui_tutorial to None, run_after=None
[2024-10-03T11:31:11.257+0000] {processor.py:208} INFO - Processing /home/airflow/.local/lib/python3.12/site-packages/airflow/example_dags/example_params_ui_tutorial.py took 0.049 seconds
