[2024-10-03T11:19:29.012+0000] {processor.py:186} INFO - Started process (PID=227) to work on /home/airflow/.local/lib/python3.12/site-packages/airflow/example_dags/example_display_name.py
[2024-10-03T11:19:29.013+0000] {processor.py:914} INFO - Processing file /home/airflow/.local/lib/python3.12/site-packages/airflow/example_dags/example_display_name.py for tasks to queue
[2024-10-03T11:19:29.015+0000] {logging_mixin.py:190} INFO - [2024-10-03T11:19:29.015+0000] {dagbag.py:588} INFO - Filling up the DagBag from /home/airflow/.local/lib/python3.12/site-packages/airflow/example_dags/example_display_name.py
[2024-10-03T11:19:29.025+0000] {processor.py:925} INFO - DAG(s) 'example_display_name' retrieved from /home/airflow/.local/lib/python3.12/site-packages/airflow/example_dags/example_display_name.py
[2024-10-03T11:19:29.089+0000] {logging_mixin.py:190} INFO - [2024-10-03T11:19:29.089+0000] {override.py:1900} INFO - Created Permission View: can delete on DAG:example_display_name
[2024-10-03T11:19:29.095+0000] {logging_mixin.py:190} INFO - [2024-10-03T11:19:29.095+0000] {override.py:1900} INFO - Created Permission View: can read on DAG:example_display_name
[2024-10-03T11:19:29.098+0000] {logging_mixin.py:190} INFO - [2024-10-03T11:19:29.098+0000] {override.py:1900} INFO - Created Permission View: can edit on DAG:example_display_name
[2024-10-03T11:19:29.102+0000] {logging_mixin.py:190} INFO - [2024-10-03T11:19:29.102+0000] {override.py:1900} INFO - Created Permission View: can read on DAG Run:example_display_name
[2024-10-03T11:19:29.105+0000] {logging_mixin.py:190} INFO - [2024-10-03T11:19:29.105+0000] {override.py:1900} INFO - Created Permission View: can create on DAG Run:example_display_name
[2024-10-03T11:19:29.108+0000] {logging_mixin.py:190} INFO - [2024-10-03T11:19:29.108+0000] {override.py:1900} INFO - Created Permission View: menu access on DAG Run:example_display_name
[2024-10-03T11:19:29.111+0000] {logging_mixin.py:190} INFO - [2024-10-03T11:19:29.111+0000] {override.py:1900} INFO - Created Permission View: can delete on DAG Run:example_display_name
[2024-10-03T11:19:29.112+0000] {logging_mixin.py:190} INFO - [2024-10-03T11:19:29.112+0000] {dag.py:3239} INFO - Sync 1 DAGs
[2024-10-03T11:19:29.119+0000] {logging_mixin.py:190} INFO - [2024-10-03T11:19:29.119+0000] {dag.py:3262} INFO - Creating ORM DAG for example_display_name
[2024-10-03T11:19:29.120+0000] {logging_mixin.py:190} INFO - [2024-10-03T11:19:29.120+0000] {dag.py:4180} INFO - Setting next_dagrun for example_display_name to None, run_after=None
[2024-10-03T11:19:29.129+0000] {processor.py:208} INFO - Processing /home/airflow/.local/lib/python3.12/site-packages/airflow/example_dags/example_display_name.py took 0.121 seconds
[2024-10-03T11:19:59.891+0000] {processor.py:186} INFO - Started process (PID=513) to work on /home/airflow/.local/lib/python3.12/site-packages/airflow/example_dags/example_display_name.py
[2024-10-03T11:19:59.892+0000] {processor.py:914} INFO - Processing file /home/airflow/.local/lib/python3.12/site-packages/airflow/example_dags/example_display_name.py for tasks to queue
[2024-10-03T11:19:59.893+0000] {logging_mixin.py:190} INFO - [2024-10-03T11:19:59.893+0000] {dagbag.py:588} INFO - Filling up the DagBag from /home/airflow/.local/lib/python3.12/site-packages/airflow/example_dags/example_display_name.py
[2024-10-03T11:19:59.899+0000] {processor.py:925} INFO - DAG(s) 'example_display_name' retrieved from /home/airflow/.local/lib/python3.12/site-packages/airflow/example_dags/example_display_name.py
[2024-10-03T11:19:59.911+0000] {logging_mixin.py:190} INFO - [2024-10-03T11:19:59.910+0000] {dag.py:3239} INFO - Sync 1 DAGs
[2024-10-03T11:19:59.918+0000] {logging_mixin.py:190} INFO - [2024-10-03T11:19:59.918+0000] {dag.py:4180} INFO - Setting next_dagrun for example_display_name to None, run_after=None
[2024-10-03T11:19:59.928+0000] {processor.py:208} INFO - Processing /home/airflow/.local/lib/python3.12/site-packages/airflow/example_dags/example_display_name.py took 0.041 seconds
[2024-10-03T11:20:30.363+0000] {processor.py:186} INFO - Started process (PID=799) to work on /home/airflow/.local/lib/python3.12/site-packages/airflow/example_dags/example_display_name.py
[2024-10-03T11:20:30.363+0000] {processor.py:914} INFO - Processing file /home/airflow/.local/lib/python3.12/site-packages/airflow/example_dags/example_display_name.py for tasks to queue
[2024-10-03T11:20:30.365+0000] {logging_mixin.py:190} INFO - [2024-10-03T11:20:30.365+0000] {dagbag.py:588} INFO - Filling up the DagBag from /home/airflow/.local/lib/python3.12/site-packages/airflow/example_dags/example_display_name.py
[2024-10-03T11:20:30.369+0000] {processor.py:925} INFO - DAG(s) 'example_display_name' retrieved from /home/airflow/.local/lib/python3.12/site-packages/airflow/example_dags/example_display_name.py
[2024-10-03T11:20:30.381+0000] {logging_mixin.py:190} INFO - [2024-10-03T11:20:30.381+0000] {dag.py:3239} INFO - Sync 1 DAGs
[2024-10-03T11:20:30.389+0000] {logging_mixin.py:190} INFO - [2024-10-03T11:20:30.388+0000] {dag.py:4180} INFO - Setting next_dagrun for example_display_name to None, run_after=None
[2024-10-03T11:20:30.399+0000] {processor.py:208} INFO - Processing /home/airflow/.local/lib/python3.12/site-packages/airflow/example_dags/example_display_name.py took 0.040 seconds
[2024-10-03T11:21:00.770+0000] {processor.py:186} INFO - Started process (PID=1085) to work on /home/airflow/.local/lib/python3.12/site-packages/airflow/example_dags/example_display_name.py
[2024-10-03T11:21:00.771+0000] {processor.py:914} INFO - Processing file /home/airflow/.local/lib/python3.12/site-packages/airflow/example_dags/example_display_name.py for tasks to queue
[2024-10-03T11:21:00.773+0000] {logging_mixin.py:190} INFO - [2024-10-03T11:21:00.773+0000] {dagbag.py:588} INFO - Filling up the DagBag from /home/airflow/.local/lib/python3.12/site-packages/airflow/example_dags/example_display_name.py
[2024-10-03T11:21:00.778+0000] {processor.py:925} INFO - DAG(s) 'example_display_name' retrieved from /home/airflow/.local/lib/python3.12/site-packages/airflow/example_dags/example_display_name.py
[2024-10-03T11:21:00.789+0000] {logging_mixin.py:190} INFO - [2024-10-03T11:21:00.789+0000] {dag.py:3239} INFO - Sync 1 DAGs
[2024-10-03T11:21:00.796+0000] {logging_mixin.py:190} INFO - [2024-10-03T11:21:00.796+0000] {dag.py:4180} INFO - Setting next_dagrun for example_display_name to None, run_after=None
[2024-10-03T11:21:00.806+0000] {processor.py:208} INFO - Processing /home/airflow/.local/lib/python3.12/site-packages/airflow/example_dags/example_display_name.py took 0.039 seconds
[2024-10-03T11:21:31.238+0000] {processor.py:186} INFO - Started process (PID=1371) to work on /home/airflow/.local/lib/python3.12/site-packages/airflow/example_dags/example_display_name.py
[2024-10-03T11:21:31.239+0000] {processor.py:914} INFO - Processing file /home/airflow/.local/lib/python3.12/site-packages/airflow/example_dags/example_display_name.py for tasks to queue
[2024-10-03T11:21:31.240+0000] {logging_mixin.py:190} INFO - [2024-10-03T11:21:31.240+0000] {dagbag.py:588} INFO - Filling up the DagBag from /home/airflow/.local/lib/python3.12/site-packages/airflow/example_dags/example_display_name.py
[2024-10-03T11:21:31.245+0000] {processor.py:925} INFO - DAG(s) 'example_display_name' retrieved from /home/airflow/.local/lib/python3.12/site-packages/airflow/example_dags/example_display_name.py
[2024-10-03T11:21:31.256+0000] {logging_mixin.py:190} INFO - [2024-10-03T11:21:31.256+0000] {dag.py:3239} INFO - Sync 1 DAGs
[2024-10-03T11:21:31.263+0000] {logging_mixin.py:190} INFO - [2024-10-03T11:21:31.263+0000] {dag.py:4180} INFO - Setting next_dagrun for example_display_name to None, run_after=None
[2024-10-03T11:21:31.272+0000] {processor.py:208} INFO - Processing /home/airflow/.local/lib/python3.12/site-packages/airflow/example_dags/example_display_name.py took 0.038 seconds
[2024-10-03T11:22:01.752+0000] {processor.py:186} INFO - Started process (PID=1657) to work on /home/airflow/.local/lib/python3.12/site-packages/airflow/example_dags/example_display_name.py
[2024-10-03T11:22:01.753+0000] {processor.py:914} INFO - Processing file /home/airflow/.local/lib/python3.12/site-packages/airflow/example_dags/example_display_name.py for tasks to queue
[2024-10-03T11:22:01.755+0000] {logging_mixin.py:190} INFO - [2024-10-03T11:22:01.754+0000] {dagbag.py:588} INFO - Filling up the DagBag from /home/airflow/.local/lib/python3.12/site-packages/airflow/example_dags/example_display_name.py
[2024-10-03T11:22:01.759+0000] {processor.py:925} INFO - DAG(s) 'example_display_name' retrieved from /home/airflow/.local/lib/python3.12/site-packages/airflow/example_dags/example_display_name.py
[2024-10-03T11:22:01.769+0000] {logging_mixin.py:190} INFO - [2024-10-03T11:22:01.769+0000] {dag.py:3239} INFO - Sync 1 DAGs
[2024-10-03T11:22:01.777+0000] {logging_mixin.py:190} INFO - [2024-10-03T11:22:01.777+0000] {dag.py:4180} INFO - Setting next_dagrun for example_display_name to None, run_after=None
[2024-10-03T11:22:01.786+0000] {processor.py:208} INFO - Processing /home/airflow/.local/lib/python3.12/site-packages/airflow/example_dags/example_display_name.py took 0.037 seconds
[2024-10-03T11:22:32.165+0000] {processor.py:186} INFO - Started process (PID=1943) to work on /home/airflow/.local/lib/python3.12/site-packages/airflow/example_dags/example_display_name.py
[2024-10-03T11:22:32.165+0000] {processor.py:914} INFO - Processing file /home/airflow/.local/lib/python3.12/site-packages/airflow/example_dags/example_display_name.py for tasks to queue
[2024-10-03T11:22:32.167+0000] {logging_mixin.py:190} INFO - [2024-10-03T11:22:32.166+0000] {dagbag.py:588} INFO - Filling up the DagBag from /home/airflow/.local/lib/python3.12/site-packages/airflow/example_dags/example_display_name.py
[2024-10-03T11:22:32.171+0000] {processor.py:925} INFO - DAG(s) 'example_display_name' retrieved from /home/airflow/.local/lib/python3.12/site-packages/airflow/example_dags/example_display_name.py
[2024-10-03T11:22:32.182+0000] {logging_mixin.py:190} INFO - [2024-10-03T11:22:32.182+0000] {dag.py:3239} INFO - Sync 1 DAGs
[2024-10-03T11:22:32.190+0000] {logging_mixin.py:190} INFO - [2024-10-03T11:22:32.190+0000] {dag.py:4180} INFO - Setting next_dagrun for example_display_name to None, run_after=None
[2024-10-03T11:22:32.199+0000] {processor.py:208} INFO - Processing /home/airflow/.local/lib/python3.12/site-packages/airflow/example_dags/example_display_name.py took 0.038 seconds
[2024-10-03T11:23:02.795+0000] {processor.py:186} INFO - Started process (PID=2229) to work on /home/airflow/.local/lib/python3.12/site-packages/airflow/example_dags/example_display_name.py
[2024-10-03T11:23:02.795+0000] {processor.py:914} INFO - Processing file /home/airflow/.local/lib/python3.12/site-packages/airflow/example_dags/example_display_name.py for tasks to queue
[2024-10-03T11:23:02.797+0000] {logging_mixin.py:190} INFO - [2024-10-03T11:23:02.797+0000] {dagbag.py:588} INFO - Filling up the DagBag from /home/airflow/.local/lib/python3.12/site-packages/airflow/example_dags/example_display_name.py
[2024-10-03T11:23:02.801+0000] {processor.py:925} INFO - DAG(s) 'example_display_name' retrieved from /home/airflow/.local/lib/python3.12/site-packages/airflow/example_dags/example_display_name.py
[2024-10-03T11:23:02.813+0000] {logging_mixin.py:190} INFO - [2024-10-03T11:23:02.812+0000] {dag.py:3239} INFO - Sync 1 DAGs
[2024-10-03T11:23:02.820+0000] {logging_mixin.py:190} INFO - [2024-10-03T11:23:02.820+0000] {dag.py:4180} INFO - Setting next_dagrun for example_display_name to None, run_after=None
[2024-10-03T11:23:02.830+0000] {processor.py:208} INFO - Processing /home/airflow/.local/lib/python3.12/site-packages/airflow/example_dags/example_display_name.py took 0.039 seconds
[2024-10-03T11:23:33.038+0000] {processor.py:186} INFO - Started process (PID=2515) to work on /home/airflow/.local/lib/python3.12/site-packages/airflow/example_dags/example_display_name.py
[2024-10-03T11:23:33.038+0000] {processor.py:914} INFO - Processing file /home/airflow/.local/lib/python3.12/site-packages/airflow/example_dags/example_display_name.py for tasks to queue
[2024-10-03T11:23:33.040+0000] {logging_mixin.py:190} INFO - [2024-10-03T11:23:33.040+0000] {dagbag.py:588} INFO - Filling up the DagBag from /home/airflow/.local/lib/python3.12/site-packages/airflow/example_dags/example_display_name.py
[2024-10-03T11:23:33.045+0000] {processor.py:925} INFO - DAG(s) 'example_display_name' retrieved from /home/airflow/.local/lib/python3.12/site-packages/airflow/example_dags/example_display_name.py
[2024-10-03T11:23:33.057+0000] {logging_mixin.py:190} INFO - [2024-10-03T11:23:33.056+0000] {dag.py:3239} INFO - Sync 1 DAGs
[2024-10-03T11:23:33.064+0000] {logging_mixin.py:190} INFO - [2024-10-03T11:23:33.064+0000] {dag.py:4180} INFO - Setting next_dagrun for example_display_name to None, run_after=None
[2024-10-03T11:23:33.074+0000] {processor.py:208} INFO - Processing /home/airflow/.local/lib/python3.12/site-packages/airflow/example_dags/example_display_name.py took 0.040 seconds
[2024-10-03T11:24:03.417+0000] {processor.py:186} INFO - Started process (PID=2801) to work on /home/airflow/.local/lib/python3.12/site-packages/airflow/example_dags/example_display_name.py
[2024-10-03T11:24:03.417+0000] {processor.py:914} INFO - Processing file /home/airflow/.local/lib/python3.12/site-packages/airflow/example_dags/example_display_name.py for tasks to queue
[2024-10-03T11:24:03.419+0000] {logging_mixin.py:190} INFO - [2024-10-03T11:24:03.419+0000] {dagbag.py:588} INFO - Filling up the DagBag from /home/airflow/.local/lib/python3.12/site-packages/airflow/example_dags/example_display_name.py
[2024-10-03T11:24:03.423+0000] {processor.py:925} INFO - DAG(s) 'example_display_name' retrieved from /home/airflow/.local/lib/python3.12/site-packages/airflow/example_dags/example_display_name.py
[2024-10-03T11:24:03.435+0000] {logging_mixin.py:190} INFO - [2024-10-03T11:24:03.435+0000] {dag.py:3239} INFO - Sync 1 DAGs
[2024-10-03T11:24:03.443+0000] {logging_mixin.py:190} INFO - [2024-10-03T11:24:03.443+0000] {dag.py:4180} INFO - Setting next_dagrun for example_display_name to None, run_after=None
[2024-10-03T11:24:03.454+0000] {processor.py:208} INFO - Processing /home/airflow/.local/lib/python3.12/site-packages/airflow/example_dags/example_display_name.py took 0.041 seconds
[2024-10-03T11:24:33.946+0000] {processor.py:186} INFO - Started process (PID=3087) to work on /home/airflow/.local/lib/python3.12/site-packages/airflow/example_dags/example_display_name.py
[2024-10-03T11:24:33.947+0000] {processor.py:914} INFO - Processing file /home/airflow/.local/lib/python3.12/site-packages/airflow/example_dags/example_display_name.py for tasks to queue
[2024-10-03T11:24:33.948+0000] {logging_mixin.py:190} INFO - [2024-10-03T11:24:33.948+0000] {dagbag.py:588} INFO - Filling up the DagBag from /home/airflow/.local/lib/python3.12/site-packages/airflow/example_dags/example_display_name.py
[2024-10-03T11:24:33.954+0000] {processor.py:925} INFO - DAG(s) 'example_display_name' retrieved from /home/airflow/.local/lib/python3.12/site-packages/airflow/example_dags/example_display_name.py
[2024-10-03T11:24:33.965+0000] {logging_mixin.py:190} INFO - [2024-10-03T11:24:33.964+0000] {dag.py:3239} INFO - Sync 1 DAGs
[2024-10-03T11:24:33.972+0000] {logging_mixin.py:190} INFO - [2024-10-03T11:24:33.972+0000] {dag.py:4180} INFO - Setting next_dagrun for example_display_name to None, run_after=None
[2024-10-03T11:24:33.982+0000] {processor.py:208} INFO - Processing /home/airflow/.local/lib/python3.12/site-packages/airflow/example_dags/example_display_name.py took 0.039 seconds
[2024-10-03T11:25:04.524+0000] {processor.py:186} INFO - Started process (PID=3373) to work on /home/airflow/.local/lib/python3.12/site-packages/airflow/example_dags/example_display_name.py
[2024-10-03T11:25:04.525+0000] {processor.py:914} INFO - Processing file /home/airflow/.local/lib/python3.12/site-packages/airflow/example_dags/example_display_name.py for tasks to queue
[2024-10-03T11:25:04.527+0000] {logging_mixin.py:190} INFO - [2024-10-03T11:25:04.527+0000] {dagbag.py:588} INFO - Filling up the DagBag from /home/airflow/.local/lib/python3.12/site-packages/airflow/example_dags/example_display_name.py
[2024-10-03T11:25:04.533+0000] {processor.py:925} INFO - DAG(s) 'example_display_name' retrieved from /home/airflow/.local/lib/python3.12/site-packages/airflow/example_dags/example_display_name.py
[2024-10-03T11:25:04.552+0000] {logging_mixin.py:190} INFO - [2024-10-03T11:25:04.552+0000] {dag.py:3239} INFO - Sync 1 DAGs
[2024-10-03T11:25:04.561+0000] {logging_mixin.py:190} INFO - [2024-10-03T11:25:04.560+0000] {dag.py:4180} INFO - Setting next_dagrun for example_display_name to None, run_after=None
[2024-10-03T11:25:04.572+0000] {processor.py:208} INFO - Processing /home/airflow/.local/lib/python3.12/site-packages/airflow/example_dags/example_display_name.py took 0.053 seconds
[2024-10-03T11:25:35.106+0000] {processor.py:186} INFO - Started process (PID=3659) to work on /home/airflow/.local/lib/python3.12/site-packages/airflow/example_dags/example_display_name.py
[2024-10-03T11:25:35.107+0000] {processor.py:914} INFO - Processing file /home/airflow/.local/lib/python3.12/site-packages/airflow/example_dags/example_display_name.py for tasks to queue
[2024-10-03T11:25:35.108+0000] {logging_mixin.py:190} INFO - [2024-10-03T11:25:35.108+0000] {dagbag.py:588} INFO - Filling up the DagBag from /home/airflow/.local/lib/python3.12/site-packages/airflow/example_dags/example_display_name.py
[2024-10-03T11:25:35.112+0000] {processor.py:925} INFO - DAG(s) 'example_display_name' retrieved from /home/airflow/.local/lib/python3.12/site-packages/airflow/example_dags/example_display_name.py
[2024-10-03T11:25:35.123+0000] {logging_mixin.py:190} INFO - [2024-10-03T11:25:35.123+0000] {dag.py:3239} INFO - Sync 1 DAGs
[2024-10-03T11:25:35.131+0000] {logging_mixin.py:190} INFO - [2024-10-03T11:25:35.131+0000] {dag.py:4180} INFO - Setting next_dagrun for example_display_name to None, run_after=None
[2024-10-03T11:25:35.141+0000] {processor.py:208} INFO - Processing /home/airflow/.local/lib/python3.12/site-packages/airflow/example_dags/example_display_name.py took 0.039 seconds
[2024-10-03T11:26:05.452+0000] {processor.py:186} INFO - Started process (PID=3949) to work on /home/airflow/.local/lib/python3.12/site-packages/airflow/example_dags/example_display_name.py
[2024-10-03T11:26:05.453+0000] {processor.py:914} INFO - Processing file /home/airflow/.local/lib/python3.12/site-packages/airflow/example_dags/example_display_name.py for tasks to queue
[2024-10-03T11:26:05.454+0000] {logging_mixin.py:190} INFO - [2024-10-03T11:26:05.454+0000] {dagbag.py:588} INFO - Filling up the DagBag from /home/airflow/.local/lib/python3.12/site-packages/airflow/example_dags/example_display_name.py
[2024-10-03T11:26:05.459+0000] {processor.py:925} INFO - DAG(s) 'example_display_name' retrieved from /home/airflow/.local/lib/python3.12/site-packages/airflow/example_dags/example_display_name.py
[2024-10-03T11:26:05.471+0000] {logging_mixin.py:190} INFO - [2024-10-03T11:26:05.471+0000] {dag.py:3239} INFO - Sync 1 DAGs
[2024-10-03T11:26:05.479+0000] {logging_mixin.py:190} INFO - [2024-10-03T11:26:05.479+0000] {dag.py:4180} INFO - Setting next_dagrun for example_display_name to None, run_after=None
[2024-10-03T11:26:05.488+0000] {processor.py:208} INFO - Processing /home/airflow/.local/lib/python3.12/site-packages/airflow/example_dags/example_display_name.py took 0.038 seconds
[2024-10-03T11:26:35.977+0000] {processor.py:186} INFO - Started process (PID=4240) to work on /home/airflow/.local/lib/python3.12/site-packages/airflow/example_dags/example_display_name.py
[2024-10-03T11:26:35.978+0000] {processor.py:914} INFO - Processing file /home/airflow/.local/lib/python3.12/site-packages/airflow/example_dags/example_display_name.py for tasks to queue
[2024-10-03T11:26:35.979+0000] {logging_mixin.py:190} INFO - [2024-10-03T11:26:35.979+0000] {dagbag.py:588} INFO - Filling up the DagBag from /home/airflow/.local/lib/python3.12/site-packages/airflow/example_dags/example_display_name.py
[2024-10-03T11:26:35.984+0000] {processor.py:925} INFO - DAG(s) 'example_display_name' retrieved from /home/airflow/.local/lib/python3.12/site-packages/airflow/example_dags/example_display_name.py
[2024-10-03T11:26:35.994+0000] {logging_mixin.py:190} INFO - [2024-10-03T11:26:35.994+0000] {dag.py:3239} INFO - Sync 1 DAGs
[2024-10-03T11:26:36.002+0000] {logging_mixin.py:190} INFO - [2024-10-03T11:26:36.002+0000] {dag.py:4180} INFO - Setting next_dagrun for example_display_name to None, run_after=None
[2024-10-03T11:26:36.011+0000] {processor.py:208} INFO - Processing /home/airflow/.local/lib/python3.12/site-packages/airflow/example_dags/example_display_name.py took 0.037 seconds
[2024-10-03T11:27:06.393+0000] {processor.py:186} INFO - Started process (PID=4526) to work on /home/airflow/.local/lib/python3.12/site-packages/airflow/example_dags/example_display_name.py
[2024-10-03T11:27:06.394+0000] {processor.py:914} INFO - Processing file /home/airflow/.local/lib/python3.12/site-packages/airflow/example_dags/example_display_name.py for tasks to queue
[2024-10-03T11:27:06.395+0000] {logging_mixin.py:190} INFO - [2024-10-03T11:27:06.395+0000] {dagbag.py:588} INFO - Filling up the DagBag from /home/airflow/.local/lib/python3.12/site-packages/airflow/example_dags/example_display_name.py
[2024-10-03T11:27:06.400+0000] {processor.py:925} INFO - DAG(s) 'example_display_name' retrieved from /home/airflow/.local/lib/python3.12/site-packages/airflow/example_dags/example_display_name.py
[2024-10-03T11:27:06.410+0000] {logging_mixin.py:190} INFO - [2024-10-03T11:27:06.410+0000] {dag.py:3239} INFO - Sync 1 DAGs
[2024-10-03T11:27:06.418+0000] {logging_mixin.py:190} INFO - [2024-10-03T11:27:06.418+0000] {dag.py:4180} INFO - Setting next_dagrun for example_display_name to None, run_after=None
[2024-10-03T11:27:06.427+0000] {processor.py:208} INFO - Processing /home/airflow/.local/lib/python3.12/site-packages/airflow/example_dags/example_display_name.py took 0.038 seconds
[2024-10-03T11:27:36.803+0000] {processor.py:186} INFO - Started process (PID=4812) to work on /home/airflow/.local/lib/python3.12/site-packages/airflow/example_dags/example_display_name.py
[2024-10-03T11:27:36.803+0000] {processor.py:914} INFO - Processing file /home/airflow/.local/lib/python3.12/site-packages/airflow/example_dags/example_display_name.py for tasks to queue
[2024-10-03T11:27:36.805+0000] {logging_mixin.py:190} INFO - [2024-10-03T11:27:36.805+0000] {dagbag.py:588} INFO - Filling up the DagBag from /home/airflow/.local/lib/python3.12/site-packages/airflow/example_dags/example_display_name.py
[2024-10-03T11:27:36.810+0000] {processor.py:925} INFO - DAG(s) 'example_display_name' retrieved from /home/airflow/.local/lib/python3.12/site-packages/airflow/example_dags/example_display_name.py
[2024-10-03T11:27:36.821+0000] {logging_mixin.py:190} INFO - [2024-10-03T11:27:36.821+0000] {dag.py:3239} INFO - Sync 1 DAGs
[2024-10-03T11:27:36.829+0000] {logging_mixin.py:190} INFO - [2024-10-03T11:27:36.829+0000] {dag.py:4180} INFO - Setting next_dagrun for example_display_name to None, run_after=None
[2024-10-03T11:27:36.840+0000] {processor.py:208} INFO - Processing /home/airflow/.local/lib/python3.12/site-packages/airflow/example_dags/example_display_name.py took 0.041 seconds
[2024-10-03T11:28:07.158+0000] {processor.py:186} INFO - Started process (PID=5098) to work on /home/airflow/.local/lib/python3.12/site-packages/airflow/example_dags/example_display_name.py
[2024-10-03T11:28:07.159+0000] {processor.py:914} INFO - Processing file /home/airflow/.local/lib/python3.12/site-packages/airflow/example_dags/example_display_name.py for tasks to queue
[2024-10-03T11:28:07.160+0000] {logging_mixin.py:190} INFO - [2024-10-03T11:28:07.160+0000] {dagbag.py:588} INFO - Filling up the DagBag from /home/airflow/.local/lib/python3.12/site-packages/airflow/example_dags/example_display_name.py
[2024-10-03T11:28:07.165+0000] {processor.py:925} INFO - DAG(s) 'example_display_name' retrieved from /home/airflow/.local/lib/python3.12/site-packages/airflow/example_dags/example_display_name.py
[2024-10-03T11:28:07.177+0000] {logging_mixin.py:190} INFO - [2024-10-03T11:28:07.177+0000] {dag.py:3239} INFO - Sync 1 DAGs
[2024-10-03T11:28:07.185+0000] {logging_mixin.py:190} INFO - [2024-10-03T11:28:07.184+0000] {dag.py:4180} INFO - Setting next_dagrun for example_display_name to None, run_after=None
[2024-10-03T11:28:07.195+0000] {processor.py:208} INFO - Processing /home/airflow/.local/lib/python3.12/site-packages/airflow/example_dags/example_display_name.py took 0.041 seconds
[2024-10-03T11:28:37.561+0000] {processor.py:186} INFO - Started process (PID=5384) to work on /home/airflow/.local/lib/python3.12/site-packages/airflow/example_dags/example_display_name.py
[2024-10-03T11:28:37.561+0000] {processor.py:914} INFO - Processing file /home/airflow/.local/lib/python3.12/site-packages/airflow/example_dags/example_display_name.py for tasks to queue
[2024-10-03T11:28:37.563+0000] {logging_mixin.py:190} INFO - [2024-10-03T11:28:37.562+0000] {dagbag.py:588} INFO - Filling up the DagBag from /home/airflow/.local/lib/python3.12/site-packages/airflow/example_dags/example_display_name.py
[2024-10-03T11:28:37.567+0000] {processor.py:925} INFO - DAG(s) 'example_display_name' retrieved from /home/airflow/.local/lib/python3.12/site-packages/airflow/example_dags/example_display_name.py
[2024-10-03T11:28:37.578+0000] {logging_mixin.py:190} INFO - [2024-10-03T11:28:37.578+0000] {dag.py:3239} INFO - Sync 1 DAGs
[2024-10-03T11:28:37.585+0000] {logging_mixin.py:190} INFO - [2024-10-03T11:28:37.585+0000] {dag.py:4180} INFO - Setting next_dagrun for example_display_name to None, run_after=None
[2024-10-03T11:28:37.594+0000] {processor.py:208} INFO - Processing /home/airflow/.local/lib/python3.12/site-packages/airflow/example_dags/example_display_name.py took 0.037 seconds
[2024-10-03T11:29:07.798+0000] {processor.py:186} INFO - Started process (PID=5694) to work on /home/airflow/.local/lib/python3.12/site-packages/airflow/example_dags/example_display_name.py
[2024-10-03T11:29:07.799+0000] {processor.py:914} INFO - Processing file /home/airflow/.local/lib/python3.12/site-packages/airflow/example_dags/example_display_name.py for tasks to queue
[2024-10-03T11:29:07.801+0000] {logging_mixin.py:190} INFO - [2024-10-03T11:29:07.800+0000] {dagbag.py:588} INFO - Filling up the DagBag from /home/airflow/.local/lib/python3.12/site-packages/airflow/example_dags/example_display_name.py
[2024-10-03T11:29:07.805+0000] {processor.py:925} INFO - DAG(s) 'example_display_name' retrieved from /home/airflow/.local/lib/python3.12/site-packages/airflow/example_dags/example_display_name.py
[2024-10-03T11:29:07.816+0000] {logging_mixin.py:190} INFO - [2024-10-03T11:29:07.816+0000] {dag.py:3239} INFO - Sync 1 DAGs
[2024-10-03T11:29:07.824+0000] {logging_mixin.py:190} INFO - [2024-10-03T11:29:07.823+0000] {dag.py:4180} INFO - Setting next_dagrun for example_display_name to None, run_after=None
[2024-10-03T11:29:07.832+0000] {processor.py:208} INFO - Processing /home/airflow/.local/lib/python3.12/site-packages/airflow/example_dags/example_display_name.py took 0.038 seconds
[2024-10-03T11:29:38.068+0000] {processor.py:186} INFO - Started process (PID=5980) to work on /home/airflow/.local/lib/python3.12/site-packages/airflow/example_dags/example_display_name.py
[2024-10-03T11:29:38.068+0000] {processor.py:914} INFO - Processing file /home/airflow/.local/lib/python3.12/site-packages/airflow/example_dags/example_display_name.py for tasks to queue
[2024-10-03T11:29:38.070+0000] {logging_mixin.py:190} INFO - [2024-10-03T11:29:38.070+0000] {dagbag.py:588} INFO - Filling up the DagBag from /home/airflow/.local/lib/python3.12/site-packages/airflow/example_dags/example_display_name.py
[2024-10-03T11:29:38.074+0000] {processor.py:925} INFO - DAG(s) 'example_display_name' retrieved from /home/airflow/.local/lib/python3.12/site-packages/airflow/example_dags/example_display_name.py
[2024-10-03T11:29:38.085+0000] {logging_mixin.py:190} INFO - [2024-10-03T11:29:38.085+0000] {dag.py:3239} INFO - Sync 1 DAGs
[2024-10-03T11:29:38.093+0000] {logging_mixin.py:190} INFO - [2024-10-03T11:29:38.092+0000] {dag.py:4180} INFO - Setting next_dagrun for example_display_name to None, run_after=None
[2024-10-03T11:29:38.102+0000] {processor.py:208} INFO - Processing /home/airflow/.local/lib/python3.12/site-packages/airflow/example_dags/example_display_name.py took 0.038 seconds
[2024-10-03T11:30:08.459+0000] {processor.py:186} INFO - Started process (PID=6266) to work on /home/airflow/.local/lib/python3.12/site-packages/airflow/example_dags/example_display_name.py
[2024-10-03T11:30:08.460+0000] {processor.py:914} INFO - Processing file /home/airflow/.local/lib/python3.12/site-packages/airflow/example_dags/example_display_name.py for tasks to queue
[2024-10-03T11:30:08.461+0000] {logging_mixin.py:190} INFO - [2024-10-03T11:30:08.461+0000] {dagbag.py:588} INFO - Filling up the DagBag from /home/airflow/.local/lib/python3.12/site-packages/airflow/example_dags/example_display_name.py
[2024-10-03T11:30:08.466+0000] {processor.py:925} INFO - DAG(s) 'example_display_name' retrieved from /home/airflow/.local/lib/python3.12/site-packages/airflow/example_dags/example_display_name.py
[2024-10-03T11:30:08.478+0000] {logging_mixin.py:190} INFO - [2024-10-03T11:30:08.478+0000] {dag.py:3239} INFO - Sync 1 DAGs
[2024-10-03T11:30:08.486+0000] {logging_mixin.py:190} INFO - [2024-10-03T11:30:08.486+0000] {dag.py:4180} INFO - Setting next_dagrun for example_display_name to None, run_after=None
[2024-10-03T11:30:08.497+0000] {processor.py:208} INFO - Processing /home/airflow/.local/lib/python3.12/site-packages/airflow/example_dags/example_display_name.py took 0.042 seconds
[2024-10-03T11:30:38.832+0000] {processor.py:186} INFO - Started process (PID=6552) to work on /home/airflow/.local/lib/python3.12/site-packages/airflow/example_dags/example_display_name.py
[2024-10-03T11:30:38.833+0000] {processor.py:914} INFO - Processing file /home/airflow/.local/lib/python3.12/site-packages/airflow/example_dags/example_display_name.py for tasks to queue
[2024-10-03T11:30:38.834+0000] {logging_mixin.py:190} INFO - [2024-10-03T11:30:38.834+0000] {dagbag.py:588} INFO - Filling up the DagBag from /home/airflow/.local/lib/python3.12/site-packages/airflow/example_dags/example_display_name.py
[2024-10-03T11:30:38.839+0000] {processor.py:925} INFO - DAG(s) 'example_display_name' retrieved from /home/airflow/.local/lib/python3.12/site-packages/airflow/example_dags/example_display_name.py
[2024-10-03T11:30:38.849+0000] {logging_mixin.py:190} INFO - [2024-10-03T11:30:38.849+0000] {dag.py:3239} INFO - Sync 1 DAGs
[2024-10-03T11:30:38.857+0000] {logging_mixin.py:190} INFO - [2024-10-03T11:30:38.857+0000] {dag.py:4180} INFO - Setting next_dagrun for example_display_name to None, run_after=None
[2024-10-03T11:30:38.866+0000] {processor.py:208} INFO - Processing /home/airflow/.local/lib/python3.12/site-packages/airflow/example_dags/example_display_name.py took 0.038 seconds
[2024-10-03T11:31:09.166+0000] {processor.py:186} INFO - Started process (PID=6838) to work on /home/airflow/.local/lib/python3.12/site-packages/airflow/example_dags/example_display_name.py
[2024-10-03T11:31:09.166+0000] {processor.py:914} INFO - Processing file /home/airflow/.local/lib/python3.12/site-packages/airflow/example_dags/example_display_name.py for tasks to queue
[2024-10-03T11:31:09.168+0000] {logging_mixin.py:190} INFO - [2024-10-03T11:31:09.167+0000] {dagbag.py:588} INFO - Filling up the DagBag from /home/airflow/.local/lib/python3.12/site-packages/airflow/example_dags/example_display_name.py
[2024-10-03T11:31:09.172+0000] {processor.py:925} INFO - DAG(s) 'example_display_name' retrieved from /home/airflow/.local/lib/python3.12/site-packages/airflow/example_dags/example_display_name.py
[2024-10-03T11:31:09.184+0000] {logging_mixin.py:190} INFO - [2024-10-03T11:31:09.183+0000] {dag.py:3239} INFO - Sync 1 DAGs
[2024-10-03T11:31:09.191+0000] {logging_mixin.py:190} INFO - [2024-10-03T11:31:09.191+0000] {dag.py:4180} INFO - Setting next_dagrun for example_display_name to None, run_after=None
[2024-10-03T11:31:09.200+0000] {processor.py:208} INFO - Processing /home/airflow/.local/lib/python3.12/site-packages/airflow/example_dags/example_display_name.py took 0.038 seconds
