[2024-10-03T11:19:31.102+0000] {processor.py:186} INFO - Started process (PID=352) to work on /home/airflow/.local/lib/python3.12/site-packages/airflow/example_dags/example_trigger_target_dag.py
[2024-10-03T11:19:31.102+0000] {processor.py:914} INFO - Processing file /home/airflow/.local/lib/python3.12/site-packages/airflow/example_dags/example_trigger_target_dag.py for tasks to queue
[2024-10-03T11:19:31.104+0000] {logging_mixin.py:190} INFO - [2024-10-03T11:19:31.104+0000] {dagbag.py:588} INFO - Filling up the DagBag from /home/airflow/.local/lib/python3.12/site-packages/airflow/example_dags/example_trigger_target_dag.py
[2024-10-03T11:19:31.109+0000] {processor.py:925} INFO - DAG(s) 'example_trigger_target_dag' retrieved from /home/airflow/.local/lib/python3.12/site-packages/airflow/example_dags/example_trigger_target_dag.py
[2024-10-03T11:19:31.166+0000] {logging_mixin.py:190} INFO - [2024-10-03T11:19:31.166+0000] {override.py:1900} INFO - Created Permission View: can delete on DAG:example_trigger_target_dag
[2024-10-03T11:19:31.171+0000] {logging_mixin.py:190} INFO - [2024-10-03T11:19:31.171+0000] {override.py:1900} INFO - Created Permission View: can read on DAG:example_trigger_target_dag
[2024-10-03T11:19:31.174+0000] {logging_mixin.py:190} INFO - [2024-10-03T11:19:31.173+0000] {override.py:1900} INFO - Created Permission View: can edit on DAG:example_trigger_target_dag
[2024-10-03T11:19:31.176+0000] {logging_mixin.py:190} INFO - [2024-10-03T11:19:31.176+0000] {override.py:1900} INFO - Created Permission View: can read on DAG Run:example_trigger_target_dag
[2024-10-03T11:19:31.181+0000] {logging_mixin.py:190} INFO - [2024-10-03T11:19:31.181+0000] {override.py:1900} INFO - Created Permission View: can create on DAG Run:example_trigger_target_dag
[2024-10-03T11:19:31.183+0000] {logging_mixin.py:190} INFO - [2024-10-03T11:19:31.183+0000] {override.py:1900} INFO - Created Permission View: menu access on DAG Run:example_trigger_target_dag
[2024-10-03T11:19:31.186+0000] {logging_mixin.py:190} INFO - [2024-10-03T11:19:31.186+0000] {override.py:1900} INFO - Created Permission View: can delete on DAG Run:example_trigger_target_dag
[2024-10-03T11:19:31.186+0000] {logging_mixin.py:190} INFO - [2024-10-03T11:19:31.186+0000] {dag.py:3239} INFO - Sync 1 DAGs
[2024-10-03T11:19:31.193+0000] {logging_mixin.py:190} INFO - [2024-10-03T11:19:31.193+0000] {dag.py:3262} INFO - Creating ORM DAG for example_trigger_target_dag
[2024-10-03T11:19:31.194+0000] {logging_mixin.py:190} INFO - [2024-10-03T11:19:31.194+0000] {dag.py:4180} INFO - Setting next_dagrun for example_trigger_target_dag to None, run_after=None
[2024-10-03T11:19:31.203+0000] {processor.py:208} INFO - Processing /home/airflow/.local/lib/python3.12/site-packages/airflow/example_dags/example_trigger_target_dag.py took 0.105 seconds
[2024-10-03T11:20:01.830+0000] {processor.py:186} INFO - Started process (PID=638) to work on /home/airflow/.local/lib/python3.12/site-packages/airflow/example_dags/example_trigger_target_dag.py
[2024-10-03T11:20:01.830+0000] {processor.py:914} INFO - Processing file /home/airflow/.local/lib/python3.12/site-packages/airflow/example_dags/example_trigger_target_dag.py for tasks to queue
[2024-10-03T11:20:01.832+0000] {logging_mixin.py:190} INFO - [2024-10-03T11:20:01.832+0000] {dagbag.py:588} INFO - Filling up the DagBag from /home/airflow/.local/lib/python3.12/site-packages/airflow/example_dags/example_trigger_target_dag.py
[2024-10-03T11:20:01.836+0000] {processor.py:925} INFO - DAG(s) 'example_trigger_target_dag' retrieved from /home/airflow/.local/lib/python3.12/site-packages/airflow/example_dags/example_trigger_target_dag.py
[2024-10-03T11:20:01.847+0000] {logging_mixin.py:190} INFO - [2024-10-03T11:20:01.847+0000] {dag.py:3239} INFO - Sync 1 DAGs
[2024-10-03T11:20:01.854+0000] {logging_mixin.py:190} INFO - [2024-10-03T11:20:01.854+0000] {dag.py:4180} INFO - Setting next_dagrun for example_trigger_target_dag to None, run_after=None
[2024-10-03T11:20:01.863+0000] {processor.py:208} INFO - Processing /home/airflow/.local/lib/python3.12/site-packages/airflow/example_dags/example_trigger_target_dag.py took 0.037 seconds
[2024-10-03T11:20:32.245+0000] {processor.py:186} INFO - Started process (PID=924) to work on /home/airflow/.local/lib/python3.12/site-packages/airflow/example_dags/example_trigger_target_dag.py
[2024-10-03T11:20:32.246+0000] {processor.py:914} INFO - Processing file /home/airflow/.local/lib/python3.12/site-packages/airflow/example_dags/example_trigger_target_dag.py for tasks to queue
[2024-10-03T11:20:32.247+0000] {logging_mixin.py:190} INFO - [2024-10-03T11:20:32.247+0000] {dagbag.py:588} INFO - Filling up the DagBag from /home/airflow/.local/lib/python3.12/site-packages/airflow/example_dags/example_trigger_target_dag.py
[2024-10-03T11:20:32.251+0000] {processor.py:925} INFO - DAG(s) 'example_trigger_target_dag' retrieved from /home/airflow/.local/lib/python3.12/site-packages/airflow/example_dags/example_trigger_target_dag.py
[2024-10-03T11:20:32.262+0000] {logging_mixin.py:190} INFO - [2024-10-03T11:20:32.262+0000] {dag.py:3239} INFO - Sync 1 DAGs
[2024-10-03T11:20:32.270+0000] {logging_mixin.py:190} INFO - [2024-10-03T11:20:32.269+0000] {dag.py:4180} INFO - Setting next_dagrun for example_trigger_target_dag to None, run_after=None
[2024-10-03T11:20:32.279+0000] {processor.py:208} INFO - Processing /home/airflow/.local/lib/python3.12/site-packages/airflow/example_dags/example_trigger_target_dag.py took 0.038 seconds
[2024-10-03T11:21:02.660+0000] {processor.py:186} INFO - Started process (PID=1210) to work on /home/airflow/.local/lib/python3.12/site-packages/airflow/example_dags/example_trigger_target_dag.py
[2024-10-03T11:21:02.661+0000] {processor.py:914} INFO - Processing file /home/airflow/.local/lib/python3.12/site-packages/airflow/example_dags/example_trigger_target_dag.py for tasks to queue
[2024-10-03T11:21:02.662+0000] {logging_mixin.py:190} INFO - [2024-10-03T11:21:02.662+0000] {dagbag.py:588} INFO - Filling up the DagBag from /home/airflow/.local/lib/python3.12/site-packages/airflow/example_dags/example_trigger_target_dag.py
[2024-10-03T11:21:02.667+0000] {processor.py:925} INFO - DAG(s) 'example_trigger_target_dag' retrieved from /home/airflow/.local/lib/python3.12/site-packages/airflow/example_dags/example_trigger_target_dag.py
[2024-10-03T11:21:02.679+0000] {logging_mixin.py:190} INFO - [2024-10-03T11:21:02.679+0000] {dag.py:3239} INFO - Sync 1 DAGs
[2024-10-03T11:21:02.686+0000] {logging_mixin.py:190} INFO - [2024-10-03T11:21:02.686+0000] {dag.py:4180} INFO - Setting next_dagrun for example_trigger_target_dag to None, run_after=None
[2024-10-03T11:21:02.695+0000] {processor.py:208} INFO - Processing /home/airflow/.local/lib/python3.12/site-packages/airflow/example_dags/example_trigger_target_dag.py took 0.038 seconds
[2024-10-03T11:21:33.203+0000] {processor.py:186} INFO - Started process (PID=1496) to work on /home/airflow/.local/lib/python3.12/site-packages/airflow/example_dags/example_trigger_target_dag.py
[2024-10-03T11:21:33.204+0000] {processor.py:914} INFO - Processing file /home/airflow/.local/lib/python3.12/site-packages/airflow/example_dags/example_trigger_target_dag.py for tasks to queue
[2024-10-03T11:21:33.205+0000] {logging_mixin.py:190} INFO - [2024-10-03T11:21:33.205+0000] {dagbag.py:588} INFO - Filling up the DagBag from /home/airflow/.local/lib/python3.12/site-packages/airflow/example_dags/example_trigger_target_dag.py
[2024-10-03T11:21:33.210+0000] {processor.py:925} INFO - DAG(s) 'example_trigger_target_dag' retrieved from /home/airflow/.local/lib/python3.12/site-packages/airflow/example_dags/example_trigger_target_dag.py
[2024-10-03T11:21:33.222+0000] {logging_mixin.py:190} INFO - [2024-10-03T11:21:33.221+0000] {dag.py:3239} INFO - Sync 1 DAGs
[2024-10-03T11:21:33.229+0000] {logging_mixin.py:190} INFO - [2024-10-03T11:21:33.229+0000] {dag.py:4180} INFO - Setting next_dagrun for example_trigger_target_dag to None, run_after=None
[2024-10-03T11:21:33.239+0000] {processor.py:208} INFO - Processing /home/airflow/.local/lib/python3.12/site-packages/airflow/example_dags/example_trigger_target_dag.py took 0.041 seconds
[2024-10-03T11:22:03.602+0000] {processor.py:186} INFO - Started process (PID=1782) to work on /home/airflow/.local/lib/python3.12/site-packages/airflow/example_dags/example_trigger_target_dag.py
[2024-10-03T11:22:03.603+0000] {processor.py:914} INFO - Processing file /home/airflow/.local/lib/python3.12/site-packages/airflow/example_dags/example_trigger_target_dag.py for tasks to queue
[2024-10-03T11:22:03.604+0000] {logging_mixin.py:190} INFO - [2024-10-03T11:22:03.604+0000] {dagbag.py:588} INFO - Filling up the DagBag from /home/airflow/.local/lib/python3.12/site-packages/airflow/example_dags/example_trigger_target_dag.py
[2024-10-03T11:22:03.609+0000] {processor.py:925} INFO - DAG(s) 'example_trigger_target_dag' retrieved from /home/airflow/.local/lib/python3.12/site-packages/airflow/example_dags/example_trigger_target_dag.py
[2024-10-03T11:22:03.620+0000] {logging_mixin.py:190} INFO - [2024-10-03T11:22:03.619+0000] {dag.py:3239} INFO - Sync 1 DAGs
[2024-10-03T11:22:03.626+0000] {logging_mixin.py:190} INFO - [2024-10-03T11:22:03.626+0000] {dag.py:4180} INFO - Setting next_dagrun for example_trigger_target_dag to None, run_after=None
[2024-10-03T11:22:03.634+0000] {processor.py:208} INFO - Processing /home/airflow/.local/lib/python3.12/site-packages/airflow/example_dags/example_trigger_target_dag.py took 0.035 seconds
[2024-10-03T11:22:34.114+0000] {processor.py:186} INFO - Started process (PID=2068) to work on /home/airflow/.local/lib/python3.12/site-packages/airflow/example_dags/example_trigger_target_dag.py
[2024-10-03T11:22:34.115+0000] {processor.py:914} INFO - Processing file /home/airflow/.local/lib/python3.12/site-packages/airflow/example_dags/example_trigger_target_dag.py for tasks to queue
[2024-10-03T11:22:34.117+0000] {logging_mixin.py:190} INFO - [2024-10-03T11:22:34.117+0000] {dagbag.py:588} INFO - Filling up the DagBag from /home/airflow/.local/lib/python3.12/site-packages/airflow/example_dags/example_trigger_target_dag.py
[2024-10-03T11:22:34.121+0000] {processor.py:925} INFO - DAG(s) 'example_trigger_target_dag' retrieved from /home/airflow/.local/lib/python3.12/site-packages/airflow/example_dags/example_trigger_target_dag.py
[2024-10-03T11:22:34.132+0000] {logging_mixin.py:190} INFO - [2024-10-03T11:22:34.132+0000] {dag.py:3239} INFO - Sync 1 DAGs
[2024-10-03T11:22:34.139+0000] {logging_mixin.py:190} INFO - [2024-10-03T11:22:34.139+0000] {dag.py:4180} INFO - Setting next_dagrun for example_trigger_target_dag to None, run_after=None
[2024-10-03T11:22:34.146+0000] {processor.py:208} INFO - Processing /home/airflow/.local/lib/python3.12/site-packages/airflow/example_dags/example_trigger_target_dag.py took 0.036 seconds
[2024-10-03T11:23:04.715+0000] {processor.py:186} INFO - Started process (PID=2354) to work on /home/airflow/.local/lib/python3.12/site-packages/airflow/example_dags/example_trigger_target_dag.py
[2024-10-03T11:23:04.715+0000] {processor.py:914} INFO - Processing file /home/airflow/.local/lib/python3.12/site-packages/airflow/example_dags/example_trigger_target_dag.py for tasks to queue
[2024-10-03T11:23:04.717+0000] {logging_mixin.py:190} INFO - [2024-10-03T11:23:04.717+0000] {dagbag.py:588} INFO - Filling up the DagBag from /home/airflow/.local/lib/python3.12/site-packages/airflow/example_dags/example_trigger_target_dag.py
[2024-10-03T11:23:04.721+0000] {processor.py:925} INFO - DAG(s) 'example_trigger_target_dag' retrieved from /home/airflow/.local/lib/python3.12/site-packages/airflow/example_dags/example_trigger_target_dag.py
[2024-10-03T11:23:04.732+0000] {logging_mixin.py:190} INFO - [2024-10-03T11:23:04.732+0000] {dag.py:3239} INFO - Sync 1 DAGs
[2024-10-03T11:23:04.739+0000] {logging_mixin.py:190} INFO - [2024-10-03T11:23:04.739+0000] {dag.py:4180} INFO - Setting next_dagrun for example_trigger_target_dag to None, run_after=None
[2024-10-03T11:23:04.748+0000] {processor.py:208} INFO - Processing /home/airflow/.local/lib/python3.12/site-packages/airflow/example_dags/example_trigger_target_dag.py took 0.037 seconds
[2024-10-03T11:23:34.932+0000] {processor.py:186} INFO - Started process (PID=2640) to work on /home/airflow/.local/lib/python3.12/site-packages/airflow/example_dags/example_trigger_target_dag.py
[2024-10-03T11:23:34.933+0000] {processor.py:914} INFO - Processing file /home/airflow/.local/lib/python3.12/site-packages/airflow/example_dags/example_trigger_target_dag.py for tasks to queue
[2024-10-03T11:23:34.934+0000] {logging_mixin.py:190} INFO - [2024-10-03T11:23:34.934+0000] {dagbag.py:588} INFO - Filling up the DagBag from /home/airflow/.local/lib/python3.12/site-packages/airflow/example_dags/example_trigger_target_dag.py
[2024-10-03T11:23:34.939+0000] {processor.py:925} INFO - DAG(s) 'example_trigger_target_dag' retrieved from /home/airflow/.local/lib/python3.12/site-packages/airflow/example_dags/example_trigger_target_dag.py
[2024-10-03T11:23:34.950+0000] {logging_mixin.py:190} INFO - [2024-10-03T11:23:34.950+0000] {dag.py:3239} INFO - Sync 1 DAGs
[2024-10-03T11:23:34.957+0000] {logging_mixin.py:190} INFO - [2024-10-03T11:23:34.957+0000] {dag.py:4180} INFO - Setting next_dagrun for example_trigger_target_dag to None, run_after=None
[2024-10-03T11:23:34.966+0000] {processor.py:208} INFO - Processing /home/airflow/.local/lib/python3.12/site-packages/airflow/example_dags/example_trigger_target_dag.py took 0.038 seconds
[2024-10-03T11:24:05.324+0000] {processor.py:186} INFO - Started process (PID=2926) to work on /home/airflow/.local/lib/python3.12/site-packages/airflow/example_dags/example_trigger_target_dag.py
[2024-10-03T11:24:05.325+0000] {processor.py:914} INFO - Processing file /home/airflow/.local/lib/python3.12/site-packages/airflow/example_dags/example_trigger_target_dag.py for tasks to queue
[2024-10-03T11:24:05.326+0000] {logging_mixin.py:190} INFO - [2024-10-03T11:24:05.326+0000] {dagbag.py:588} INFO - Filling up the DagBag from /home/airflow/.local/lib/python3.12/site-packages/airflow/example_dags/example_trigger_target_dag.py
[2024-10-03T11:24:05.331+0000] {processor.py:925} INFO - DAG(s) 'example_trigger_target_dag' retrieved from /home/airflow/.local/lib/python3.12/site-packages/airflow/example_dags/example_trigger_target_dag.py
[2024-10-03T11:24:05.341+0000] {logging_mixin.py:190} INFO - [2024-10-03T11:24:05.341+0000] {dag.py:3239} INFO - Sync 1 DAGs
[2024-10-03T11:24:05.348+0000] {logging_mixin.py:190} INFO - [2024-10-03T11:24:05.347+0000] {dag.py:4180} INFO - Setting next_dagrun for example_trigger_target_dag to None, run_after=None
[2024-10-03T11:24:05.355+0000] {processor.py:208} INFO - Processing /home/airflow/.local/lib/python3.12/site-packages/airflow/example_dags/example_trigger_target_dag.py took 0.035 seconds
[2024-10-03T11:24:35.921+0000] {processor.py:186} INFO - Started process (PID=3212) to work on /home/airflow/.local/lib/python3.12/site-packages/airflow/example_dags/example_trigger_target_dag.py
[2024-10-03T11:24:35.922+0000] {processor.py:914} INFO - Processing file /home/airflow/.local/lib/python3.12/site-packages/airflow/example_dags/example_trigger_target_dag.py for tasks to queue
[2024-10-03T11:24:35.924+0000] {logging_mixin.py:190} INFO - [2024-10-03T11:24:35.923+0000] {dagbag.py:588} INFO - Filling up the DagBag from /home/airflow/.local/lib/python3.12/site-packages/airflow/example_dags/example_trigger_target_dag.py
[2024-10-03T11:24:35.928+0000] {processor.py:925} INFO - DAG(s) 'example_trigger_target_dag' retrieved from /home/airflow/.local/lib/python3.12/site-packages/airflow/example_dags/example_trigger_target_dag.py
[2024-10-03T11:24:35.940+0000] {logging_mixin.py:190} INFO - [2024-10-03T11:24:35.939+0000] {dag.py:3239} INFO - Sync 1 DAGs
[2024-10-03T11:24:35.947+0000] {logging_mixin.py:190} INFO - [2024-10-03T11:24:35.947+0000] {dag.py:4180} INFO - Setting next_dagrun for example_trigger_target_dag to None, run_after=None
[2024-10-03T11:24:35.955+0000] {processor.py:208} INFO - Processing /home/airflow/.local/lib/python3.12/site-packages/airflow/example_dags/example_trigger_target_dag.py took 0.037 seconds
[2024-10-03T11:25:06.435+0000] {processor.py:186} INFO - Started process (PID=3498) to work on /home/airflow/.local/lib/python3.12/site-packages/airflow/example_dags/example_trigger_target_dag.py
[2024-10-03T11:25:06.436+0000] {processor.py:914} INFO - Processing file /home/airflow/.local/lib/python3.12/site-packages/airflow/example_dags/example_trigger_target_dag.py for tasks to queue
[2024-10-03T11:25:06.437+0000] {logging_mixin.py:190} INFO - [2024-10-03T11:25:06.437+0000] {dagbag.py:588} INFO - Filling up the DagBag from /home/airflow/.local/lib/python3.12/site-packages/airflow/example_dags/example_trigger_target_dag.py
[2024-10-03T11:25:06.442+0000] {processor.py:925} INFO - DAG(s) 'example_trigger_target_dag' retrieved from /home/airflow/.local/lib/python3.12/site-packages/airflow/example_dags/example_trigger_target_dag.py
[2024-10-03T11:25:06.453+0000] {logging_mixin.py:190} INFO - [2024-10-03T11:25:06.453+0000] {dag.py:3239} INFO - Sync 1 DAGs
[2024-10-03T11:25:06.461+0000] {logging_mixin.py:190} INFO - [2024-10-03T11:25:06.460+0000] {dag.py:4180} INFO - Setting next_dagrun for example_trigger_target_dag to None, run_after=None
[2024-10-03T11:25:06.470+0000] {processor.py:208} INFO - Processing /home/airflow/.local/lib/python3.12/site-packages/airflow/example_dags/example_trigger_target_dag.py took 0.038 seconds
[2024-10-03T11:25:36.990+0000] {processor.py:186} INFO - Started process (PID=3784) to work on /home/airflow/.local/lib/python3.12/site-packages/airflow/example_dags/example_trigger_target_dag.py
[2024-10-03T11:25:36.991+0000] {processor.py:914} INFO - Processing file /home/airflow/.local/lib/python3.12/site-packages/airflow/example_dags/example_trigger_target_dag.py for tasks to queue
[2024-10-03T11:25:36.992+0000] {logging_mixin.py:190} INFO - [2024-10-03T11:25:36.992+0000] {dagbag.py:588} INFO - Filling up the DagBag from /home/airflow/.local/lib/python3.12/site-packages/airflow/example_dags/example_trigger_target_dag.py
[2024-10-03T11:25:36.996+0000] {processor.py:925} INFO - DAG(s) 'example_trigger_target_dag' retrieved from /home/airflow/.local/lib/python3.12/site-packages/airflow/example_dags/example_trigger_target_dag.py
[2024-10-03T11:25:37.008+0000] {logging_mixin.py:190} INFO - [2024-10-03T11:25:37.008+0000] {dag.py:3239} INFO - Sync 1 DAGs
[2024-10-03T11:25:37.015+0000] {logging_mixin.py:190} INFO - [2024-10-03T11:25:37.015+0000] {dag.py:4180} INFO - Setting next_dagrun for example_trigger_target_dag to None, run_after=None
[2024-10-03T11:25:37.025+0000] {processor.py:208} INFO - Processing /home/airflow/.local/lib/python3.12/site-packages/airflow/example_dags/example_trigger_target_dag.py took 0.039 seconds
[2024-10-03T11:26:07.430+0000] {processor.py:186} INFO - Started process (PID=4074) to work on /home/airflow/.local/lib/python3.12/site-packages/airflow/example_dags/example_trigger_target_dag.py
[2024-10-03T11:26:07.430+0000] {processor.py:914} INFO - Processing file /home/airflow/.local/lib/python3.12/site-packages/airflow/example_dags/example_trigger_target_dag.py for tasks to queue
[2024-10-03T11:26:07.432+0000] {logging_mixin.py:190} INFO - [2024-10-03T11:26:07.432+0000] {dagbag.py:588} INFO - Filling up the DagBag from /home/airflow/.local/lib/python3.12/site-packages/airflow/example_dags/example_trigger_target_dag.py
[2024-10-03T11:26:07.437+0000] {processor.py:925} INFO - DAG(s) 'example_trigger_target_dag' retrieved from /home/airflow/.local/lib/python3.12/site-packages/airflow/example_dags/example_trigger_target_dag.py
[2024-10-03T11:26:07.449+0000] {logging_mixin.py:190} INFO - [2024-10-03T11:26:07.449+0000] {dag.py:3239} INFO - Sync 1 DAGs
[2024-10-03T11:26:07.457+0000] {logging_mixin.py:190} INFO - [2024-10-03T11:26:07.457+0000] {dag.py:4180} INFO - Setting next_dagrun for example_trigger_target_dag to None, run_after=None
[2024-10-03T11:26:07.467+0000] {processor.py:208} INFO - Processing /home/airflow/.local/lib/python3.12/site-packages/airflow/example_dags/example_trigger_target_dag.py took 0.042 seconds
[2024-10-03T11:26:37.848+0000] {processor.py:186} INFO - Started process (PID=4365) to work on /home/airflow/.local/lib/python3.12/site-packages/airflow/example_dags/example_trigger_target_dag.py
[2024-10-03T11:26:37.848+0000] {processor.py:914} INFO - Processing file /home/airflow/.local/lib/python3.12/site-packages/airflow/example_dags/example_trigger_target_dag.py for tasks to queue
[2024-10-03T11:26:37.850+0000] {logging_mixin.py:190} INFO - [2024-10-03T11:26:37.850+0000] {dagbag.py:588} INFO - Filling up the DagBag from /home/airflow/.local/lib/python3.12/site-packages/airflow/example_dags/example_trigger_target_dag.py
[2024-10-03T11:26:37.854+0000] {processor.py:925} INFO - DAG(s) 'example_trigger_target_dag' retrieved from /home/airflow/.local/lib/python3.12/site-packages/airflow/example_dags/example_trigger_target_dag.py
[2024-10-03T11:26:37.865+0000] {logging_mixin.py:190} INFO - [2024-10-03T11:26:37.865+0000] {dag.py:3239} INFO - Sync 1 DAGs
[2024-10-03T11:26:37.872+0000] {logging_mixin.py:190} INFO - [2024-10-03T11:26:37.872+0000] {dag.py:4180} INFO - Setting next_dagrun for example_trigger_target_dag to None, run_after=None
[2024-10-03T11:26:37.880+0000] {processor.py:208} INFO - Processing /home/airflow/.local/lib/python3.12/site-packages/airflow/example_dags/example_trigger_target_dag.py took 0.036 seconds
[2024-10-03T11:27:08.311+0000] {processor.py:186} INFO - Started process (PID=4651) to work on /home/airflow/.local/lib/python3.12/site-packages/airflow/example_dags/example_trigger_target_dag.py
[2024-10-03T11:27:08.311+0000] {processor.py:914} INFO - Processing file /home/airflow/.local/lib/python3.12/site-packages/airflow/example_dags/example_trigger_target_dag.py for tasks to queue
[2024-10-03T11:27:08.313+0000] {logging_mixin.py:190} INFO - [2024-10-03T11:27:08.312+0000] {dagbag.py:588} INFO - Filling up the DagBag from /home/airflow/.local/lib/python3.12/site-packages/airflow/example_dags/example_trigger_target_dag.py
[2024-10-03T11:27:08.317+0000] {processor.py:925} INFO - DAG(s) 'example_trigger_target_dag' retrieved from /home/airflow/.local/lib/python3.12/site-packages/airflow/example_dags/example_trigger_target_dag.py
[2024-10-03T11:27:08.328+0000] {logging_mixin.py:190} INFO - [2024-10-03T11:27:08.328+0000] {dag.py:3239} INFO - Sync 1 DAGs
[2024-10-03T11:27:08.335+0000] {logging_mixin.py:190} INFO - [2024-10-03T11:27:08.335+0000] {dag.py:4180} INFO - Setting next_dagrun for example_trigger_target_dag to None, run_after=None
[2024-10-03T11:27:08.344+0000] {processor.py:208} INFO - Processing /home/airflow/.local/lib/python3.12/site-packages/airflow/example_dags/example_trigger_target_dag.py took 0.037 seconds
[2024-10-03T11:27:38.720+0000] {processor.py:186} INFO - Started process (PID=4937) to work on /home/airflow/.local/lib/python3.12/site-packages/airflow/example_dags/example_trigger_target_dag.py
[2024-10-03T11:27:38.720+0000] {processor.py:914} INFO - Processing file /home/airflow/.local/lib/python3.12/site-packages/airflow/example_dags/example_trigger_target_dag.py for tasks to queue
[2024-10-03T11:27:38.722+0000] {logging_mixin.py:190} INFO - [2024-10-03T11:27:38.722+0000] {dagbag.py:588} INFO - Filling up the DagBag from /home/airflow/.local/lib/python3.12/site-packages/airflow/example_dags/example_trigger_target_dag.py
[2024-10-03T11:27:38.727+0000] {processor.py:925} INFO - DAG(s) 'example_trigger_target_dag' retrieved from /home/airflow/.local/lib/python3.12/site-packages/airflow/example_dags/example_trigger_target_dag.py
[2024-10-03T11:27:38.738+0000] {logging_mixin.py:190} INFO - [2024-10-03T11:27:38.738+0000] {dag.py:3239} INFO - Sync 1 DAGs
[2024-10-03T11:27:38.745+0000] {logging_mixin.py:190} INFO - [2024-10-03T11:27:38.745+0000] {dag.py:4180} INFO - Setting next_dagrun for example_trigger_target_dag to None, run_after=None
[2024-10-03T11:27:38.753+0000] {processor.py:208} INFO - Processing /home/airflow/.local/lib/python3.12/site-packages/airflow/example_dags/example_trigger_target_dag.py took 0.037 seconds
[2024-10-03T11:28:09.080+0000] {processor.py:186} INFO - Started process (PID=5223) to work on /home/airflow/.local/lib/python3.12/site-packages/airflow/example_dags/example_trigger_target_dag.py
[2024-10-03T11:28:09.080+0000] {processor.py:914} INFO - Processing file /home/airflow/.local/lib/python3.12/site-packages/airflow/example_dags/example_trigger_target_dag.py for tasks to queue
[2024-10-03T11:28:09.082+0000] {logging_mixin.py:190} INFO - [2024-10-03T11:28:09.081+0000] {dagbag.py:588} INFO - Filling up the DagBag from /home/airflow/.local/lib/python3.12/site-packages/airflow/example_dags/example_trigger_target_dag.py
[2024-10-03T11:28:09.087+0000] {processor.py:925} INFO - DAG(s) 'example_trigger_target_dag' retrieved from /home/airflow/.local/lib/python3.12/site-packages/airflow/example_dags/example_trigger_target_dag.py
[2024-10-03T11:28:09.098+0000] {logging_mixin.py:190} INFO - [2024-10-03T11:28:09.098+0000] {dag.py:3239} INFO - Sync 1 DAGs
[2024-10-03T11:28:09.105+0000] {logging_mixin.py:190} INFO - [2024-10-03T11:28:09.104+0000] {dag.py:4180} INFO - Setting next_dagrun for example_trigger_target_dag to None, run_after=None
[2024-10-03T11:28:09.113+0000] {processor.py:208} INFO - Processing /home/airflow/.local/lib/python3.12/site-packages/airflow/example_dags/example_trigger_target_dag.py took 0.037 seconds
[2024-10-03T11:28:39.428+0000] {processor.py:186} INFO - Started process (PID=5509) to work on /home/airflow/.local/lib/python3.12/site-packages/airflow/example_dags/example_trigger_target_dag.py
[2024-10-03T11:28:39.429+0000] {processor.py:914} INFO - Processing file /home/airflow/.local/lib/python3.12/site-packages/airflow/example_dags/example_trigger_target_dag.py for tasks to queue
[2024-10-03T11:28:39.430+0000] {logging_mixin.py:190} INFO - [2024-10-03T11:28:39.430+0000] {dagbag.py:588} INFO - Filling up the DagBag from /home/airflow/.local/lib/python3.12/site-packages/airflow/example_dags/example_trigger_target_dag.py
[2024-10-03T11:28:39.435+0000] {processor.py:925} INFO - DAG(s) 'example_trigger_target_dag' retrieved from /home/airflow/.local/lib/python3.12/site-packages/airflow/example_dags/example_trigger_target_dag.py
[2024-10-03T11:28:39.446+0000] {logging_mixin.py:190} INFO - [2024-10-03T11:28:39.446+0000] {dag.py:3239} INFO - Sync 1 DAGs
[2024-10-03T11:28:39.453+0000] {logging_mixin.py:190} INFO - [2024-10-03T11:28:39.453+0000] {dag.py:4180} INFO - Setting next_dagrun for example_trigger_target_dag to None, run_after=None
[2024-10-03T11:28:39.462+0000] {processor.py:208} INFO - Processing /home/airflow/.local/lib/python3.12/site-packages/airflow/example_dags/example_trigger_target_dag.py took 0.038 seconds
[2024-10-03T11:29:09.675+0000] {processor.py:186} INFO - Started process (PID=5819) to work on /home/airflow/.local/lib/python3.12/site-packages/airflow/example_dags/example_trigger_target_dag.py
[2024-10-03T11:29:09.676+0000] {processor.py:914} INFO - Processing file /home/airflow/.local/lib/python3.12/site-packages/airflow/example_dags/example_trigger_target_dag.py for tasks to queue
[2024-10-03T11:29:09.677+0000] {logging_mixin.py:190} INFO - [2024-10-03T11:29:09.677+0000] {dagbag.py:588} INFO - Filling up the DagBag from /home/airflow/.local/lib/python3.12/site-packages/airflow/example_dags/example_trigger_target_dag.py
[2024-10-03T11:29:09.682+0000] {processor.py:925} INFO - DAG(s) 'example_trigger_target_dag' retrieved from /home/airflow/.local/lib/python3.12/site-packages/airflow/example_dags/example_trigger_target_dag.py
[2024-10-03T11:29:09.693+0000] {logging_mixin.py:190} INFO - [2024-10-03T11:29:09.693+0000] {dag.py:3239} INFO - Sync 1 DAGs
[2024-10-03T11:29:09.699+0000] {logging_mixin.py:190} INFO - [2024-10-03T11:29:09.699+0000] {dag.py:4180} INFO - Setting next_dagrun for example_trigger_target_dag to None, run_after=None
[2024-10-03T11:29:09.707+0000] {processor.py:208} INFO - Processing /home/airflow/.local/lib/python3.12/site-packages/airflow/example_dags/example_trigger_target_dag.py took 0.036 seconds
[2024-10-03T11:29:39.992+0000] {processor.py:186} INFO - Started process (PID=6105) to work on /home/airflow/.local/lib/python3.12/site-packages/airflow/example_dags/example_trigger_target_dag.py
[2024-10-03T11:29:39.993+0000] {processor.py:914} INFO - Processing file /home/airflow/.local/lib/python3.12/site-packages/airflow/example_dags/example_trigger_target_dag.py for tasks to queue
[2024-10-03T11:29:39.994+0000] {logging_mixin.py:190} INFO - [2024-10-03T11:29:39.994+0000] {dagbag.py:588} INFO - Filling up the DagBag from /home/airflow/.local/lib/python3.12/site-packages/airflow/example_dags/example_trigger_target_dag.py
[2024-10-03T11:29:39.999+0000] {processor.py:925} INFO - DAG(s) 'example_trigger_target_dag' retrieved from /home/airflow/.local/lib/python3.12/site-packages/airflow/example_dags/example_trigger_target_dag.py
[2024-10-03T11:29:40.011+0000] {logging_mixin.py:190} INFO - [2024-10-03T11:29:40.011+0000] {dag.py:3239} INFO - Sync 1 DAGs
[2024-10-03T11:29:40.019+0000] {logging_mixin.py:190} INFO - [2024-10-03T11:29:40.019+0000] {dag.py:4180} INFO - Setting next_dagrun for example_trigger_target_dag to None, run_after=None
[2024-10-03T11:29:40.027+0000] {processor.py:208} INFO - Processing /home/airflow/.local/lib/python3.12/site-packages/airflow/example_dags/example_trigger_target_dag.py took 0.039 seconds
[2024-10-03T11:30:10.417+0000] {processor.py:186} INFO - Started process (PID=6391) to work on /home/airflow/.local/lib/python3.12/site-packages/airflow/example_dags/example_trigger_target_dag.py
[2024-10-03T11:30:10.417+0000] {processor.py:914} INFO - Processing file /home/airflow/.local/lib/python3.12/site-packages/airflow/example_dags/example_trigger_target_dag.py for tasks to queue
[2024-10-03T11:30:10.419+0000] {logging_mixin.py:190} INFO - [2024-10-03T11:30:10.419+0000] {dagbag.py:588} INFO - Filling up the DagBag from /home/airflow/.local/lib/python3.12/site-packages/airflow/example_dags/example_trigger_target_dag.py
[2024-10-03T11:30:10.424+0000] {processor.py:925} INFO - DAG(s) 'example_trigger_target_dag' retrieved from /home/airflow/.local/lib/python3.12/site-packages/airflow/example_dags/example_trigger_target_dag.py
[2024-10-03T11:30:10.435+0000] {logging_mixin.py:190} INFO - [2024-10-03T11:30:10.435+0000] {dag.py:3239} INFO - Sync 1 DAGs
[2024-10-03T11:30:10.442+0000] {logging_mixin.py:190} INFO - [2024-10-03T11:30:10.442+0000] {dag.py:4180} INFO - Setting next_dagrun for example_trigger_target_dag to None, run_after=None
[2024-10-03T11:30:10.450+0000] {processor.py:208} INFO - Processing /home/airflow/.local/lib/python3.12/site-packages/airflow/example_dags/example_trigger_target_dag.py took 0.038 seconds
[2024-10-03T11:30:40.729+0000] {processor.py:186} INFO - Started process (PID=6677) to work on /home/airflow/.local/lib/python3.12/site-packages/airflow/example_dags/example_trigger_target_dag.py
[2024-10-03T11:30:40.730+0000] {processor.py:914} INFO - Processing file /home/airflow/.local/lib/python3.12/site-packages/airflow/example_dags/example_trigger_target_dag.py for tasks to queue
[2024-10-03T11:30:40.731+0000] {logging_mixin.py:190} INFO - [2024-10-03T11:30:40.731+0000] {dagbag.py:588} INFO - Filling up the DagBag from /home/airflow/.local/lib/python3.12/site-packages/airflow/example_dags/example_trigger_target_dag.py
[2024-10-03T11:30:40.736+0000] {processor.py:925} INFO - DAG(s) 'example_trigger_target_dag' retrieved from /home/airflow/.local/lib/python3.12/site-packages/airflow/example_dags/example_trigger_target_dag.py
[2024-10-03T11:30:40.747+0000] {logging_mixin.py:190} INFO - [2024-10-03T11:30:40.747+0000] {dag.py:3239} INFO - Sync 1 DAGs
[2024-10-03T11:30:40.754+0000] {logging_mixin.py:190} INFO - [2024-10-03T11:30:40.753+0000] {dag.py:4180} INFO - Setting next_dagrun for example_trigger_target_dag to None, run_after=None
[2024-10-03T11:30:40.763+0000] {processor.py:208} INFO - Processing /home/airflow/.local/lib/python3.12/site-packages/airflow/example_dags/example_trigger_target_dag.py took 0.037 seconds
[2024-10-03T11:31:11.038+0000] {processor.py:186} INFO - Started process (PID=6963) to work on /home/airflow/.local/lib/python3.12/site-packages/airflow/example_dags/example_trigger_target_dag.py
[2024-10-03T11:31:11.038+0000] {processor.py:914} INFO - Processing file /home/airflow/.local/lib/python3.12/site-packages/airflow/example_dags/example_trigger_target_dag.py for tasks to queue
[2024-10-03T11:31:11.040+0000] {logging_mixin.py:190} INFO - [2024-10-03T11:31:11.039+0000] {dagbag.py:588} INFO - Filling up the DagBag from /home/airflow/.local/lib/python3.12/site-packages/airflow/example_dags/example_trigger_target_dag.py
[2024-10-03T11:31:11.045+0000] {processor.py:925} INFO - DAG(s) 'example_trigger_target_dag' retrieved from /home/airflow/.local/lib/python3.12/site-packages/airflow/example_dags/example_trigger_target_dag.py
[2024-10-03T11:31:11.056+0000] {logging_mixin.py:190} INFO - [2024-10-03T11:31:11.055+0000] {dag.py:3239} INFO - Sync 1 DAGs
[2024-10-03T11:31:11.063+0000] {logging_mixin.py:190} INFO - [2024-10-03T11:31:11.062+0000] {dag.py:4180} INFO - Setting next_dagrun for example_trigger_target_dag to None, run_after=None
[2024-10-03T11:31:11.071+0000] {processor.py:208} INFO - Processing /home/airflow/.local/lib/python3.12/site-packages/airflow/example_dags/example_trigger_target_dag.py took 0.038 seconds
