[2024-10-03T11:19:28.235+0000] {processor.py:186} INFO - Started process (PID=187) to work on /home/airflow/.local/lib/python3.12/site-packages/airflow/example_dags/example_setup_teardown.py
[2024-10-03T11:19:28.236+0000] {processor.py:914} INFO - Processing file /home/airflow/.local/lib/python3.12/site-packages/airflow/example_dags/example_setup_teardown.py for tasks to queue
[2024-10-03T11:19:28.237+0000] {logging_mixin.py:190} INFO - [2024-10-03T11:19:28.237+0000] {dagbag.py:588} INFO - Filling up the DagBag from /home/airflow/.local/lib/python3.12/site-packages/airflow/example_dags/example_setup_teardown.py
[2024-10-03T11:19:28.243+0000] {processor.py:925} INFO - DAG(s) 'example_setup_teardown' retrieved from /home/airflow/.local/lib/python3.12/site-packages/airflow/example_dags/example_setup_teardown.py
[2024-10-03T11:19:28.329+0000] {logging_mixin.py:190} INFO - [2024-10-03T11:19:28.328+0000] {override.py:1900} INFO - Created Permission View: can delete on DAG:example_setup_teardown
[2024-10-03T11:19:28.347+0000] {logging_mixin.py:190} INFO - [2024-10-03T11:19:28.347+0000] {override.py:1900} INFO - Created Permission View: can read on DAG:example_setup_teardown
[2024-10-03T11:19:28.353+0000] {logging_mixin.py:190} INFO - [2024-10-03T11:19:28.353+0000] {override.py:1900} INFO - Created Permission View: can edit on DAG:example_setup_teardown
[2024-10-03T11:19:28.358+0000] {logging_mixin.py:190} INFO - [2024-10-03T11:19:28.358+0000] {override.py:1900} INFO - Created Permission View: can read on DAG Run:example_setup_teardown
[2024-10-03T11:19:28.362+0000] {logging_mixin.py:190} INFO - [2024-10-03T11:19:28.362+0000] {override.py:1900} INFO - Created Permission View: can create on DAG Run:example_setup_teardown
[2024-10-03T11:19:28.365+0000] {logging_mixin.py:190} INFO - [2024-10-03T11:19:28.365+0000] {override.py:1900} INFO - Created Permission View: menu access on DAG Run:example_setup_teardown
[2024-10-03T11:19:28.369+0000] {logging_mixin.py:190} INFO - [2024-10-03T11:19:28.369+0000] {override.py:1900} INFO - Created Permission View: can delete on DAG Run:example_setup_teardown
[2024-10-03T11:19:28.370+0000] {logging_mixin.py:190} INFO - [2024-10-03T11:19:28.370+0000] {dag.py:3239} INFO - Sync 1 DAGs
[2024-10-03T11:19:28.377+0000] {logging_mixin.py:190} INFO - [2024-10-03T11:19:28.377+0000] {dag.py:3262} INFO - Creating ORM DAG for example_setup_teardown
[2024-10-03T11:19:28.377+0000] {logging_mixin.py:190} INFO - [2024-10-03T11:19:28.377+0000] {dag.py:4180} INFO - Setting next_dagrun for example_setup_teardown to None, run_after=None
[2024-10-03T11:19:28.388+0000] {processor.py:208} INFO - Processing /home/airflow/.local/lib/python3.12/site-packages/airflow/example_dags/example_setup_teardown.py took 0.156 seconds
[2024-10-03T11:19:58.608+0000] {processor.py:186} INFO - Started process (PID=470) to work on /home/airflow/.local/lib/python3.12/site-packages/airflow/example_dags/example_setup_teardown.py
[2024-10-03T11:19:58.608+0000] {processor.py:914} INFO - Processing file /home/airflow/.local/lib/python3.12/site-packages/airflow/example_dags/example_setup_teardown.py for tasks to queue
[2024-10-03T11:19:58.610+0000] {logging_mixin.py:190} INFO - [2024-10-03T11:19:58.610+0000] {dagbag.py:588} INFO - Filling up the DagBag from /home/airflow/.local/lib/python3.12/site-packages/airflow/example_dags/example_setup_teardown.py
[2024-10-03T11:19:58.615+0000] {processor.py:925} INFO - DAG(s) 'example_setup_teardown' retrieved from /home/airflow/.local/lib/python3.12/site-packages/airflow/example_dags/example_setup_teardown.py
[2024-10-03T11:19:58.625+0000] {logging_mixin.py:190} INFO - [2024-10-03T11:19:58.625+0000] {dag.py:3239} INFO - Sync 1 DAGs
[2024-10-03T11:19:58.632+0000] {logging_mixin.py:190} INFO - [2024-10-03T11:19:58.632+0000] {dag.py:4180} INFO - Setting next_dagrun for example_setup_teardown to None, run_after=None
[2024-10-03T11:19:58.640+0000] {processor.py:208} INFO - Processing /home/airflow/.local/lib/python3.12/site-packages/airflow/example_dags/example_setup_teardown.py took 0.036 seconds
[2024-10-03T11:20:29.075+0000] {processor.py:186} INFO - Started process (PID=759) to work on /home/airflow/.local/lib/python3.12/site-packages/airflow/example_dags/example_setup_teardown.py
[2024-10-03T11:20:29.075+0000] {processor.py:914} INFO - Processing file /home/airflow/.local/lib/python3.12/site-packages/airflow/example_dags/example_setup_teardown.py for tasks to queue
[2024-10-03T11:20:29.077+0000] {logging_mixin.py:190} INFO - [2024-10-03T11:20:29.077+0000] {dagbag.py:588} INFO - Filling up the DagBag from /home/airflow/.local/lib/python3.12/site-packages/airflow/example_dags/example_setup_teardown.py
[2024-10-03T11:20:29.082+0000] {processor.py:925} INFO - DAG(s) 'example_setup_teardown' retrieved from /home/airflow/.local/lib/python3.12/site-packages/airflow/example_dags/example_setup_teardown.py
[2024-10-03T11:20:29.093+0000] {logging_mixin.py:190} INFO - [2024-10-03T11:20:29.093+0000] {dag.py:3239} INFO - Sync 1 DAGs
[2024-10-03T11:20:29.100+0000] {logging_mixin.py:190} INFO - [2024-10-03T11:20:29.100+0000] {dag.py:4180} INFO - Setting next_dagrun for example_setup_teardown to None, run_after=None
[2024-10-03T11:20:29.109+0000] {processor.py:208} INFO - Processing /home/airflow/.local/lib/python3.12/site-packages/airflow/example_dags/example_setup_teardown.py took 0.038 seconds
[2024-10-03T11:20:59.500+0000] {processor.py:186} INFO - Started process (PID=1045) to work on /home/airflow/.local/lib/python3.12/site-packages/airflow/example_dags/example_setup_teardown.py
[2024-10-03T11:20:59.501+0000] {processor.py:914} INFO - Processing file /home/airflow/.local/lib/python3.12/site-packages/airflow/example_dags/example_setup_teardown.py for tasks to queue
[2024-10-03T11:20:59.502+0000] {logging_mixin.py:190} INFO - [2024-10-03T11:20:59.502+0000] {dagbag.py:588} INFO - Filling up the DagBag from /home/airflow/.local/lib/python3.12/site-packages/airflow/example_dags/example_setup_teardown.py
[2024-10-03T11:20:59.507+0000] {processor.py:925} INFO - DAG(s) 'example_setup_teardown' retrieved from /home/airflow/.local/lib/python3.12/site-packages/airflow/example_dags/example_setup_teardown.py
[2024-10-03T11:20:59.518+0000] {logging_mixin.py:190} INFO - [2024-10-03T11:20:59.518+0000] {dag.py:3239} INFO - Sync 1 DAGs
[2024-10-03T11:20:59.525+0000] {logging_mixin.py:190} INFO - [2024-10-03T11:20:59.525+0000] {dag.py:4180} INFO - Setting next_dagrun for example_setup_teardown to None, run_after=None
[2024-10-03T11:20:59.534+0000] {processor.py:208} INFO - Processing /home/airflow/.local/lib/python3.12/site-packages/airflow/example_dags/example_setup_teardown.py took 0.037 seconds
[2024-10-03T11:21:29.963+0000] {processor.py:186} INFO - Started process (PID=1331) to work on /home/airflow/.local/lib/python3.12/site-packages/airflow/example_dags/example_setup_teardown.py
[2024-10-03T11:21:29.963+0000] {processor.py:914} INFO - Processing file /home/airflow/.local/lib/python3.12/site-packages/airflow/example_dags/example_setup_teardown.py for tasks to queue
[2024-10-03T11:21:29.965+0000] {logging_mixin.py:190} INFO - [2024-10-03T11:21:29.965+0000] {dagbag.py:588} INFO - Filling up the DagBag from /home/airflow/.local/lib/python3.12/site-packages/airflow/example_dags/example_setup_teardown.py
[2024-10-03T11:21:29.970+0000] {processor.py:925} INFO - DAG(s) 'example_setup_teardown' retrieved from /home/airflow/.local/lib/python3.12/site-packages/airflow/example_dags/example_setup_teardown.py
[2024-10-03T11:21:29.982+0000] {logging_mixin.py:190} INFO - [2024-10-03T11:21:29.982+0000] {dag.py:3239} INFO - Sync 1 DAGs
[2024-10-03T11:21:29.990+0000] {logging_mixin.py:190} INFO - [2024-10-03T11:21:29.989+0000] {dag.py:4180} INFO - Setting next_dagrun for example_setup_teardown to None, run_after=None
[2024-10-03T11:21:29.999+0000] {processor.py:208} INFO - Processing /home/airflow/.local/lib/python3.12/site-packages/airflow/example_dags/example_setup_teardown.py took 0.039 seconds
[2024-10-03T11:22:00.451+0000] {processor.py:186} INFO - Started process (PID=1617) to work on /home/airflow/.local/lib/python3.12/site-packages/airflow/example_dags/example_setup_teardown.py
[2024-10-03T11:22:00.451+0000] {processor.py:914} INFO - Processing file /home/airflow/.local/lib/python3.12/site-packages/airflow/example_dags/example_setup_teardown.py for tasks to queue
[2024-10-03T11:22:00.453+0000] {logging_mixin.py:190} INFO - [2024-10-03T11:22:00.453+0000] {dagbag.py:588} INFO - Filling up the DagBag from /home/airflow/.local/lib/python3.12/site-packages/airflow/example_dags/example_setup_teardown.py
[2024-10-03T11:22:00.457+0000] {processor.py:925} INFO - DAG(s) 'example_setup_teardown' retrieved from /home/airflow/.local/lib/python3.12/site-packages/airflow/example_dags/example_setup_teardown.py
[2024-10-03T11:22:00.468+0000] {logging_mixin.py:190} INFO - [2024-10-03T11:22:00.467+0000] {dag.py:3239} INFO - Sync 1 DAGs
[2024-10-03T11:22:00.475+0000] {logging_mixin.py:190} INFO - [2024-10-03T11:22:00.474+0000] {dag.py:4180} INFO - Setting next_dagrun for example_setup_teardown to None, run_after=None
[2024-10-03T11:22:00.483+0000] {processor.py:208} INFO - Processing /home/airflow/.local/lib/python3.12/site-packages/airflow/example_dags/example_setup_teardown.py took 0.035 seconds
[2024-10-03T11:22:30.881+0000] {processor.py:186} INFO - Started process (PID=1903) to work on /home/airflow/.local/lib/python3.12/site-packages/airflow/example_dags/example_setup_teardown.py
[2024-10-03T11:22:30.882+0000] {processor.py:914} INFO - Processing file /home/airflow/.local/lib/python3.12/site-packages/airflow/example_dags/example_setup_teardown.py for tasks to queue
[2024-10-03T11:22:30.884+0000] {logging_mixin.py:190} INFO - [2024-10-03T11:22:30.883+0000] {dagbag.py:588} INFO - Filling up the DagBag from /home/airflow/.local/lib/python3.12/site-packages/airflow/example_dags/example_setup_teardown.py
[2024-10-03T11:22:30.888+0000] {processor.py:925} INFO - DAG(s) 'example_setup_teardown' retrieved from /home/airflow/.local/lib/python3.12/site-packages/airflow/example_dags/example_setup_teardown.py
[2024-10-03T11:22:30.900+0000] {logging_mixin.py:190} INFO - [2024-10-03T11:22:30.900+0000] {dag.py:3239} INFO - Sync 1 DAGs
[2024-10-03T11:22:30.906+0000] {logging_mixin.py:190} INFO - [2024-10-03T11:22:30.906+0000] {dag.py:4180} INFO - Setting next_dagrun for example_setup_teardown to None, run_after=None
[2024-10-03T11:22:30.916+0000] {processor.py:208} INFO - Processing /home/airflow/.local/lib/python3.12/site-packages/airflow/example_dags/example_setup_teardown.py took 0.038 seconds
[2024-10-03T11:23:01.508+0000] {processor.py:186} INFO - Started process (PID=2189) to work on /home/airflow/.local/lib/python3.12/site-packages/airflow/example_dags/example_setup_teardown.py
[2024-10-03T11:23:01.509+0000] {processor.py:914} INFO - Processing file /home/airflow/.local/lib/python3.12/site-packages/airflow/example_dags/example_setup_teardown.py for tasks to queue
[2024-10-03T11:23:01.511+0000] {logging_mixin.py:190} INFO - [2024-10-03T11:23:01.510+0000] {dagbag.py:588} INFO - Filling up the DagBag from /home/airflow/.local/lib/python3.12/site-packages/airflow/example_dags/example_setup_teardown.py
[2024-10-03T11:23:01.516+0000] {processor.py:925} INFO - DAG(s) 'example_setup_teardown' retrieved from /home/airflow/.local/lib/python3.12/site-packages/airflow/example_dags/example_setup_teardown.py
[2024-10-03T11:23:01.527+0000] {logging_mixin.py:190} INFO - [2024-10-03T11:23:01.527+0000] {dag.py:3239} INFO - Sync 1 DAGs
[2024-10-03T11:23:01.535+0000] {logging_mixin.py:190} INFO - [2024-10-03T11:23:01.535+0000] {dag.py:4180} INFO - Setting next_dagrun for example_setup_teardown to None, run_after=None
[2024-10-03T11:23:01.544+0000] {processor.py:208} INFO - Processing /home/airflow/.local/lib/python3.12/site-packages/airflow/example_dags/example_setup_teardown.py took 0.039 seconds
[2024-10-03T11:23:31.754+0000] {processor.py:186} INFO - Started process (PID=2475) to work on /home/airflow/.local/lib/python3.12/site-packages/airflow/example_dags/example_setup_teardown.py
[2024-10-03T11:23:31.754+0000] {processor.py:914} INFO - Processing file /home/airflow/.local/lib/python3.12/site-packages/airflow/example_dags/example_setup_teardown.py for tasks to queue
[2024-10-03T11:23:31.756+0000] {logging_mixin.py:190} INFO - [2024-10-03T11:23:31.756+0000] {dagbag.py:588} INFO - Filling up the DagBag from /home/airflow/.local/lib/python3.12/site-packages/airflow/example_dags/example_setup_teardown.py
[2024-10-03T11:23:31.760+0000] {processor.py:925} INFO - DAG(s) 'example_setup_teardown' retrieved from /home/airflow/.local/lib/python3.12/site-packages/airflow/example_dags/example_setup_teardown.py
[2024-10-03T11:23:31.771+0000] {logging_mixin.py:190} INFO - [2024-10-03T11:23:31.771+0000] {dag.py:3239} INFO - Sync 1 DAGs
[2024-10-03T11:23:31.778+0000] {logging_mixin.py:190} INFO - [2024-10-03T11:23:31.778+0000] {dag.py:4180} INFO - Setting next_dagrun for example_setup_teardown to None, run_after=None
[2024-10-03T11:23:31.787+0000] {processor.py:208} INFO - Processing /home/airflow/.local/lib/python3.12/site-packages/airflow/example_dags/example_setup_teardown.py took 0.036 seconds
[2024-10-03T11:24:02.119+0000] {processor.py:186} INFO - Started process (PID=2761) to work on /home/airflow/.local/lib/python3.12/site-packages/airflow/example_dags/example_setup_teardown.py
[2024-10-03T11:24:02.120+0000] {processor.py:914} INFO - Processing file /home/airflow/.local/lib/python3.12/site-packages/airflow/example_dags/example_setup_teardown.py for tasks to queue
[2024-10-03T11:24:02.121+0000] {logging_mixin.py:190} INFO - [2024-10-03T11:24:02.121+0000] {dagbag.py:588} INFO - Filling up the DagBag from /home/airflow/.local/lib/python3.12/site-packages/airflow/example_dags/example_setup_teardown.py
[2024-10-03T11:24:02.125+0000] {processor.py:925} INFO - DAG(s) 'example_setup_teardown' retrieved from /home/airflow/.local/lib/python3.12/site-packages/airflow/example_dags/example_setup_teardown.py
[2024-10-03T11:24:02.136+0000] {logging_mixin.py:190} INFO - [2024-10-03T11:24:02.136+0000] {dag.py:3239} INFO - Sync 1 DAGs
[2024-10-03T11:24:02.143+0000] {logging_mixin.py:190} INFO - [2024-10-03T11:24:02.143+0000] {dag.py:4180} INFO - Setting next_dagrun for example_setup_teardown to None, run_after=None
[2024-10-03T11:24:02.151+0000] {processor.py:208} INFO - Processing /home/airflow/.local/lib/python3.12/site-packages/airflow/example_dags/example_setup_teardown.py took 0.035 seconds
[2024-10-03T11:24:32.633+0000] {processor.py:186} INFO - Started process (PID=3047) to work on /home/airflow/.local/lib/python3.12/site-packages/airflow/example_dags/example_setup_teardown.py
[2024-10-03T11:24:32.633+0000] {processor.py:914} INFO - Processing file /home/airflow/.local/lib/python3.12/site-packages/airflow/example_dags/example_setup_teardown.py for tasks to queue
[2024-10-03T11:24:32.635+0000] {logging_mixin.py:190} INFO - [2024-10-03T11:24:32.635+0000] {dagbag.py:588} INFO - Filling up the DagBag from /home/airflow/.local/lib/python3.12/site-packages/airflow/example_dags/example_setup_teardown.py
[2024-10-03T11:24:32.640+0000] {processor.py:925} INFO - DAG(s) 'example_setup_teardown' retrieved from /home/airflow/.local/lib/python3.12/site-packages/airflow/example_dags/example_setup_teardown.py
[2024-10-03T11:24:32.652+0000] {logging_mixin.py:190} INFO - [2024-10-03T11:24:32.652+0000] {dag.py:3239} INFO - Sync 1 DAGs
[2024-10-03T11:24:32.660+0000] {logging_mixin.py:190} INFO - [2024-10-03T11:24:32.660+0000] {dag.py:4180} INFO - Setting next_dagrun for example_setup_teardown to None, run_after=None
[2024-10-03T11:24:32.670+0000] {processor.py:208} INFO - Processing /home/airflow/.local/lib/python3.12/site-packages/airflow/example_dags/example_setup_teardown.py took 0.041 seconds
[2024-10-03T11:25:03.222+0000] {processor.py:186} INFO - Started process (PID=3333) to work on /home/airflow/.local/lib/python3.12/site-packages/airflow/example_dags/example_setup_teardown.py
[2024-10-03T11:25:03.222+0000] {processor.py:914} INFO - Processing file /home/airflow/.local/lib/python3.12/site-packages/airflow/example_dags/example_setup_teardown.py for tasks to queue
[2024-10-03T11:25:03.224+0000] {logging_mixin.py:190} INFO - [2024-10-03T11:25:03.224+0000] {dagbag.py:588} INFO - Filling up the DagBag from /home/airflow/.local/lib/python3.12/site-packages/airflow/example_dags/example_setup_teardown.py
[2024-10-03T11:25:03.229+0000] {processor.py:925} INFO - DAG(s) 'example_setup_teardown' retrieved from /home/airflow/.local/lib/python3.12/site-packages/airflow/example_dags/example_setup_teardown.py
[2024-10-03T11:25:03.240+0000] {logging_mixin.py:190} INFO - [2024-10-03T11:25:03.240+0000] {dag.py:3239} INFO - Sync 1 DAGs
[2024-10-03T11:25:03.248+0000] {logging_mixin.py:190} INFO - [2024-10-03T11:25:03.248+0000] {dag.py:4180} INFO - Setting next_dagrun for example_setup_teardown to None, run_after=None
[2024-10-03T11:25:03.258+0000] {processor.py:208} INFO - Processing /home/airflow/.local/lib/python3.12/site-packages/airflow/example_dags/example_setup_teardown.py took 0.040 seconds
[2024-10-03T11:25:33.779+0000] {processor.py:186} INFO - Started process (PID=3619) to work on /home/airflow/.local/lib/python3.12/site-packages/airflow/example_dags/example_setup_teardown.py
[2024-10-03T11:25:33.780+0000] {processor.py:914} INFO - Processing file /home/airflow/.local/lib/python3.12/site-packages/airflow/example_dags/example_setup_teardown.py for tasks to queue
[2024-10-03T11:25:33.781+0000] {logging_mixin.py:190} INFO - [2024-10-03T11:25:33.781+0000] {dagbag.py:588} INFO - Filling up the DagBag from /home/airflow/.local/lib/python3.12/site-packages/airflow/example_dags/example_setup_teardown.py
[2024-10-03T11:25:33.786+0000] {processor.py:925} INFO - DAG(s) 'example_setup_teardown' retrieved from /home/airflow/.local/lib/python3.12/site-packages/airflow/example_dags/example_setup_teardown.py
[2024-10-03T11:25:33.799+0000] {logging_mixin.py:190} INFO - [2024-10-03T11:25:33.799+0000] {dag.py:3239} INFO - Sync 1 DAGs
[2024-10-03T11:25:33.806+0000] {logging_mixin.py:190} INFO - [2024-10-03T11:25:33.806+0000] {dag.py:4180} INFO - Setting next_dagrun for example_setup_teardown to None, run_after=None
[2024-10-03T11:25:33.816+0000] {processor.py:208} INFO - Processing /home/airflow/.local/lib/python3.12/site-packages/airflow/example_dags/example_setup_teardown.py took 0.041 seconds
[2024-10-03T11:26:04.182+0000] {processor.py:186} INFO - Started process (PID=3909) to work on /home/airflow/.local/lib/python3.12/site-packages/airflow/example_dags/example_setup_teardown.py
[2024-10-03T11:26:04.183+0000] {processor.py:914} INFO - Processing file /home/airflow/.local/lib/python3.12/site-packages/airflow/example_dags/example_setup_teardown.py for tasks to queue
[2024-10-03T11:26:04.184+0000] {logging_mixin.py:190} INFO - [2024-10-03T11:26:04.184+0000] {dagbag.py:588} INFO - Filling up the DagBag from /home/airflow/.local/lib/python3.12/site-packages/airflow/example_dags/example_setup_teardown.py
[2024-10-03T11:26:04.189+0000] {processor.py:925} INFO - DAG(s) 'example_setup_teardown' retrieved from /home/airflow/.local/lib/python3.12/site-packages/airflow/example_dags/example_setup_teardown.py
[2024-10-03T11:26:04.201+0000] {logging_mixin.py:190} INFO - [2024-10-03T11:26:04.201+0000] {dag.py:3239} INFO - Sync 1 DAGs
[2024-10-03T11:26:04.208+0000] {logging_mixin.py:190} INFO - [2024-10-03T11:26:04.208+0000] {dag.py:4180} INFO - Setting next_dagrun for example_setup_teardown to None, run_after=None
[2024-10-03T11:26:04.217+0000] {processor.py:208} INFO - Processing /home/airflow/.local/lib/python3.12/site-packages/airflow/example_dags/example_setup_teardown.py took 0.039 seconds
[2024-10-03T11:26:34.681+0000] {processor.py:186} INFO - Started process (PID=4200) to work on /home/airflow/.local/lib/python3.12/site-packages/airflow/example_dags/example_setup_teardown.py
[2024-10-03T11:26:34.682+0000] {processor.py:914} INFO - Processing file /home/airflow/.local/lib/python3.12/site-packages/airflow/example_dags/example_setup_teardown.py for tasks to queue
[2024-10-03T11:26:34.683+0000] {logging_mixin.py:190} INFO - [2024-10-03T11:26:34.683+0000] {dagbag.py:588} INFO - Filling up the DagBag from /home/airflow/.local/lib/python3.12/site-packages/airflow/example_dags/example_setup_teardown.py
[2024-10-03T11:26:34.687+0000] {processor.py:925} INFO - DAG(s) 'example_setup_teardown' retrieved from /home/airflow/.local/lib/python3.12/site-packages/airflow/example_dags/example_setup_teardown.py
[2024-10-03T11:26:34.698+0000] {logging_mixin.py:190} INFO - [2024-10-03T11:26:34.698+0000] {dag.py:3239} INFO - Sync 1 DAGs
[2024-10-03T11:26:34.705+0000] {logging_mixin.py:190} INFO - [2024-10-03T11:26:34.705+0000] {dag.py:4180} INFO - Setting next_dagrun for example_setup_teardown to None, run_after=None
[2024-10-03T11:26:34.714+0000] {processor.py:208} INFO - Processing /home/airflow/.local/lib/python3.12/site-packages/airflow/example_dags/example_setup_teardown.py took 0.036 seconds
[2024-10-03T11:27:05.079+0000] {processor.py:186} INFO - Started process (PID=4486) to work on /home/airflow/.local/lib/python3.12/site-packages/airflow/example_dags/example_setup_teardown.py
[2024-10-03T11:27:05.079+0000] {processor.py:914} INFO - Processing file /home/airflow/.local/lib/python3.12/site-packages/airflow/example_dags/example_setup_teardown.py for tasks to queue
[2024-10-03T11:27:05.081+0000] {logging_mixin.py:190} INFO - [2024-10-03T11:27:05.081+0000] {dagbag.py:588} INFO - Filling up the DagBag from /home/airflow/.local/lib/python3.12/site-packages/airflow/example_dags/example_setup_teardown.py
[2024-10-03T11:27:05.085+0000] {processor.py:925} INFO - DAG(s) 'example_setup_teardown' retrieved from /home/airflow/.local/lib/python3.12/site-packages/airflow/example_dags/example_setup_teardown.py
[2024-10-03T11:27:05.096+0000] {logging_mixin.py:190} INFO - [2024-10-03T11:27:05.096+0000] {dag.py:3239} INFO - Sync 1 DAGs
[2024-10-03T11:27:05.103+0000] {logging_mixin.py:190} INFO - [2024-10-03T11:27:05.103+0000] {dag.py:4180} INFO - Setting next_dagrun for example_setup_teardown to None, run_after=None
[2024-10-03T11:27:05.113+0000] {processor.py:208} INFO - Processing /home/airflow/.local/lib/python3.12/site-packages/airflow/example_dags/example_setup_teardown.py took 0.038 seconds
[2024-10-03T11:27:35.537+0000] {processor.py:186} INFO - Started process (PID=4772) to work on /home/airflow/.local/lib/python3.12/site-packages/airflow/example_dags/example_setup_teardown.py
[2024-10-03T11:27:35.537+0000] {processor.py:914} INFO - Processing file /home/airflow/.local/lib/python3.12/site-packages/airflow/example_dags/example_setup_teardown.py for tasks to queue
[2024-10-03T11:27:35.539+0000] {logging_mixin.py:190} INFO - [2024-10-03T11:27:35.538+0000] {dagbag.py:588} INFO - Filling up the DagBag from /home/airflow/.local/lib/python3.12/site-packages/airflow/example_dags/example_setup_teardown.py
[2024-10-03T11:27:35.544+0000] {processor.py:925} INFO - DAG(s) 'example_setup_teardown' retrieved from /home/airflow/.local/lib/python3.12/site-packages/airflow/example_dags/example_setup_teardown.py
[2024-10-03T11:27:35.556+0000] {logging_mixin.py:190} INFO - [2024-10-03T11:27:35.556+0000] {dag.py:3239} INFO - Sync 1 DAGs
[2024-10-03T11:27:35.564+0000] {logging_mixin.py:190} INFO - [2024-10-03T11:27:35.563+0000] {dag.py:4180} INFO - Setting next_dagrun for example_setup_teardown to None, run_after=None
[2024-10-03T11:27:35.572+0000] {processor.py:208} INFO - Processing /home/airflow/.local/lib/python3.12/site-packages/airflow/example_dags/example_setup_teardown.py took 0.040 seconds
[2024-10-03T11:28:05.885+0000] {processor.py:186} INFO - Started process (PID=5058) to work on /home/airflow/.local/lib/python3.12/site-packages/airflow/example_dags/example_setup_teardown.py
[2024-10-03T11:28:05.886+0000] {processor.py:914} INFO - Processing file /home/airflow/.local/lib/python3.12/site-packages/airflow/example_dags/example_setup_teardown.py for tasks to queue
[2024-10-03T11:28:05.887+0000] {logging_mixin.py:190} INFO - [2024-10-03T11:28:05.887+0000] {dagbag.py:588} INFO - Filling up the DagBag from /home/airflow/.local/lib/python3.12/site-packages/airflow/example_dags/example_setup_teardown.py
[2024-10-03T11:28:05.892+0000] {processor.py:925} INFO - DAG(s) 'example_setup_teardown' retrieved from /home/airflow/.local/lib/python3.12/site-packages/airflow/example_dags/example_setup_teardown.py
[2024-10-03T11:28:05.903+0000] {logging_mixin.py:190} INFO - [2024-10-03T11:28:05.903+0000] {dag.py:3239} INFO - Sync 1 DAGs
[2024-10-03T11:28:05.910+0000] {logging_mixin.py:190} INFO - [2024-10-03T11:28:05.910+0000] {dag.py:4180} INFO - Setting next_dagrun for example_setup_teardown to None, run_after=None
[2024-10-03T11:28:05.919+0000] {processor.py:208} INFO - Processing /home/airflow/.local/lib/python3.12/site-packages/airflow/example_dags/example_setup_teardown.py took 0.038 seconds
[2024-10-03T11:28:36.280+0000] {processor.py:186} INFO - Started process (PID=5344) to work on /home/airflow/.local/lib/python3.12/site-packages/airflow/example_dags/example_setup_teardown.py
[2024-10-03T11:28:36.281+0000] {processor.py:914} INFO - Processing file /home/airflow/.local/lib/python3.12/site-packages/airflow/example_dags/example_setup_teardown.py for tasks to queue
[2024-10-03T11:28:36.282+0000] {logging_mixin.py:190} INFO - [2024-10-03T11:28:36.282+0000] {dagbag.py:588} INFO - Filling up the DagBag from /home/airflow/.local/lib/python3.12/site-packages/airflow/example_dags/example_setup_teardown.py
[2024-10-03T11:28:36.288+0000] {processor.py:925} INFO - DAG(s) 'example_setup_teardown' retrieved from /home/airflow/.local/lib/python3.12/site-packages/airflow/example_dags/example_setup_teardown.py
[2024-10-03T11:28:36.299+0000] {logging_mixin.py:190} INFO - [2024-10-03T11:28:36.299+0000] {dag.py:3239} INFO - Sync 1 DAGs
[2024-10-03T11:28:36.307+0000] {logging_mixin.py:190} INFO - [2024-10-03T11:28:36.307+0000] {dag.py:4180} INFO - Setting next_dagrun for example_setup_teardown to None, run_after=None
[2024-10-03T11:28:36.316+0000] {processor.py:208} INFO - Processing /home/airflow/.local/lib/python3.12/site-packages/airflow/example_dags/example_setup_teardown.py took 0.040 seconds
[2024-10-03T11:29:06.488+0000] {processor.py:186} INFO - Started process (PID=5654) to work on /home/airflow/.local/lib/python3.12/site-packages/airflow/example_dags/example_setup_teardown.py
[2024-10-03T11:29:06.488+0000] {processor.py:914} INFO - Processing file /home/airflow/.local/lib/python3.12/site-packages/airflow/example_dags/example_setup_teardown.py for tasks to queue
[2024-10-03T11:29:06.490+0000] {logging_mixin.py:190} INFO - [2024-10-03T11:29:06.489+0000] {dagbag.py:588} INFO - Filling up the DagBag from /home/airflow/.local/lib/python3.12/site-packages/airflow/example_dags/example_setup_teardown.py
[2024-10-03T11:29:06.494+0000] {processor.py:925} INFO - DAG(s) 'example_setup_teardown' retrieved from /home/airflow/.local/lib/python3.12/site-packages/airflow/example_dags/example_setup_teardown.py
[2024-10-03T11:29:06.505+0000] {logging_mixin.py:190} INFO - [2024-10-03T11:29:06.505+0000] {dag.py:3239} INFO - Sync 1 DAGs
[2024-10-03T11:29:06.512+0000] {logging_mixin.py:190} INFO - [2024-10-03T11:29:06.512+0000] {dag.py:4180} INFO - Setting next_dagrun for example_setup_teardown to None, run_after=None
[2024-10-03T11:29:06.520+0000] {processor.py:208} INFO - Processing /home/airflow/.local/lib/python3.12/site-packages/airflow/example_dags/example_setup_teardown.py took 0.036 seconds
[2024-10-03T11:29:36.757+0000] {processor.py:186} INFO - Started process (PID=5940) to work on /home/airflow/.local/lib/python3.12/site-packages/airflow/example_dags/example_setup_teardown.py
[2024-10-03T11:29:36.757+0000] {processor.py:914} INFO - Processing file /home/airflow/.local/lib/python3.12/site-packages/airflow/example_dags/example_setup_teardown.py for tasks to queue
[2024-10-03T11:29:36.759+0000] {logging_mixin.py:190} INFO - [2024-10-03T11:29:36.758+0000] {dagbag.py:588} INFO - Filling up the DagBag from /home/airflow/.local/lib/python3.12/site-packages/airflow/example_dags/example_setup_teardown.py
[2024-10-03T11:29:36.763+0000] {processor.py:925} INFO - DAG(s) 'example_setup_teardown' retrieved from /home/airflow/.local/lib/python3.12/site-packages/airflow/example_dags/example_setup_teardown.py
[2024-10-03T11:29:36.774+0000] {logging_mixin.py:190} INFO - [2024-10-03T11:29:36.773+0000] {dag.py:3239} INFO - Sync 1 DAGs
[2024-10-03T11:29:36.781+0000] {logging_mixin.py:190} INFO - [2024-10-03T11:29:36.781+0000] {dag.py:4180} INFO - Setting next_dagrun for example_setup_teardown to None, run_after=None
[2024-10-03T11:29:36.789+0000] {processor.py:208} INFO - Processing /home/airflow/.local/lib/python3.12/site-packages/airflow/example_dags/example_setup_teardown.py took 0.035 seconds
[2024-10-03T11:30:07.142+0000] {processor.py:186} INFO - Started process (PID=6226) to work on /home/airflow/.local/lib/python3.12/site-packages/airflow/example_dags/example_setup_teardown.py
[2024-10-03T11:30:07.143+0000] {processor.py:914} INFO - Processing file /home/airflow/.local/lib/python3.12/site-packages/airflow/example_dags/example_setup_teardown.py for tasks to queue
[2024-10-03T11:30:07.144+0000] {logging_mixin.py:190} INFO - [2024-10-03T11:30:07.144+0000] {dagbag.py:588} INFO - Filling up the DagBag from /home/airflow/.local/lib/python3.12/site-packages/airflow/example_dags/example_setup_teardown.py
[2024-10-03T11:30:07.149+0000] {processor.py:925} INFO - DAG(s) 'example_setup_teardown' retrieved from /home/airflow/.local/lib/python3.12/site-packages/airflow/example_dags/example_setup_teardown.py
[2024-10-03T11:30:07.160+0000] {logging_mixin.py:190} INFO - [2024-10-03T11:30:07.160+0000] {dag.py:3239} INFO - Sync 1 DAGs
[2024-10-03T11:30:07.167+0000] {logging_mixin.py:190} INFO - [2024-10-03T11:30:07.167+0000] {dag.py:4180} INFO - Setting next_dagrun for example_setup_teardown to None, run_after=None
[2024-10-03T11:30:07.177+0000] {processor.py:208} INFO - Processing /home/airflow/.local/lib/python3.12/site-packages/airflow/example_dags/example_setup_teardown.py took 0.038 seconds
[2024-10-03T11:30:37.532+0000] {processor.py:186} INFO - Started process (PID=6512) to work on /home/airflow/.local/lib/python3.12/site-packages/airflow/example_dags/example_setup_teardown.py
[2024-10-03T11:30:37.532+0000] {processor.py:914} INFO - Processing file /home/airflow/.local/lib/python3.12/site-packages/airflow/example_dags/example_setup_teardown.py for tasks to queue
[2024-10-03T11:30:37.533+0000] {logging_mixin.py:190} INFO - [2024-10-03T11:30:37.533+0000] {dagbag.py:588} INFO - Filling up the DagBag from /home/airflow/.local/lib/python3.12/site-packages/airflow/example_dags/example_setup_teardown.py
[2024-10-03T11:30:37.538+0000] {processor.py:925} INFO - DAG(s) 'example_setup_teardown' retrieved from /home/airflow/.local/lib/python3.12/site-packages/airflow/example_dags/example_setup_teardown.py
[2024-10-03T11:30:37.548+0000] {logging_mixin.py:190} INFO - [2024-10-03T11:30:37.548+0000] {dag.py:3239} INFO - Sync 1 DAGs
[2024-10-03T11:30:37.556+0000] {logging_mixin.py:190} INFO - [2024-10-03T11:30:37.556+0000] {dag.py:4180} INFO - Setting next_dagrun for example_setup_teardown to None, run_after=None
[2024-10-03T11:30:37.564+0000] {processor.py:208} INFO - Processing /home/airflow/.local/lib/python3.12/site-packages/airflow/example_dags/example_setup_teardown.py took 0.037 seconds
[2024-10-03T11:31:07.860+0000] {processor.py:186} INFO - Started process (PID=6798) to work on /home/airflow/.local/lib/python3.12/site-packages/airflow/example_dags/example_setup_teardown.py
[2024-10-03T11:31:07.861+0000] {processor.py:914} INFO - Processing file /home/airflow/.local/lib/python3.12/site-packages/airflow/example_dags/example_setup_teardown.py for tasks to queue
[2024-10-03T11:31:07.862+0000] {logging_mixin.py:190} INFO - [2024-10-03T11:31:07.862+0000] {dagbag.py:588} INFO - Filling up the DagBag from /home/airflow/.local/lib/python3.12/site-packages/airflow/example_dags/example_setup_teardown.py
[2024-10-03T11:31:07.867+0000] {processor.py:925} INFO - DAG(s) 'example_setup_teardown' retrieved from /home/airflow/.local/lib/python3.12/site-packages/airflow/example_dags/example_setup_teardown.py
[2024-10-03T11:31:07.878+0000] {logging_mixin.py:190} INFO - [2024-10-03T11:31:07.878+0000] {dag.py:3239} INFO - Sync 1 DAGs
[2024-10-03T11:31:07.885+0000] {logging_mixin.py:190} INFO - [2024-10-03T11:31:07.885+0000] {dag.py:4180} INFO - Setting next_dagrun for example_setup_teardown to None, run_after=None
[2024-10-03T11:31:07.893+0000] {processor.py:208} INFO - Processing /home/airflow/.local/lib/python3.12/site-packages/airflow/example_dags/example_setup_teardown.py took 0.036 seconds
