[2024-10-03T11:19:30.840+0000] {processor.py:186} INFO - Started process (PID=337) to work on /home/airflow/.local/lib/python3.12/site-packages/airflow/example_dags/example_sla_dag.py
[2024-10-03T11:19:30.841+0000] {processor.py:914} INFO - Processing file /home/airflow/.local/lib/python3.12/site-packages/airflow/example_dags/example_sla_dag.py for tasks to queue
[2024-10-03T11:19:30.843+0000] {logging_mixin.py:190} INFO - [2024-10-03T11:19:30.842+0000] {dagbag.py:588} INFO - Filling up the DagBag from /home/airflow/.local/lib/python3.12/site-packages/airflow/example_dags/example_sla_dag.py
[2024-10-03T11:19:30.849+0000] {processor.py:925} INFO - DAG(s) 'example_sla_dag' retrieved from /home/airflow/.local/lib/python3.12/site-packages/airflow/example_dags/example_sla_dag.py
[2024-10-03T11:19:30.904+0000] {logging_mixin.py:190} INFO - [2024-10-03T11:19:30.904+0000] {override.py:1900} INFO - Created Permission View: can delete on DAG:example_sla_dag
[2024-10-03T11:19:30.909+0000] {logging_mixin.py:190} INFO - [2024-10-03T11:19:30.909+0000] {override.py:1900} INFO - Created Permission View: can read on DAG:example_sla_dag
[2024-10-03T11:19:30.912+0000] {logging_mixin.py:190} INFO - [2024-10-03T11:19:30.912+0000] {override.py:1900} INFO - Created Permission View: can edit on DAG:example_sla_dag
[2024-10-03T11:19:30.915+0000] {logging_mixin.py:190} INFO - [2024-10-03T11:19:30.915+0000] {override.py:1900} INFO - Created Permission View: can read on DAG Run:example_sla_dag
[2024-10-03T11:19:30.918+0000] {logging_mixin.py:190} INFO - [2024-10-03T11:19:30.918+0000] {override.py:1900} INFO - Created Permission View: can create on DAG Run:example_sla_dag
[2024-10-03T11:19:30.921+0000] {logging_mixin.py:190} INFO - [2024-10-03T11:19:30.921+0000] {override.py:1900} INFO - Created Permission View: menu access on DAG Run:example_sla_dag
[2024-10-03T11:19:30.924+0000] {logging_mixin.py:190} INFO - [2024-10-03T11:19:30.924+0000] {override.py:1900} INFO - Created Permission View: can delete on DAG Run:example_sla_dag
[2024-10-03T11:19:30.924+0000] {logging_mixin.py:190} INFO - [2024-10-03T11:19:30.924+0000] {dag.py:3239} INFO - Sync 1 DAGs
[2024-10-03T11:19:30.931+0000] {logging_mixin.py:190} INFO - [2024-10-03T11:19:30.931+0000] {dag.py:3262} INFO - Creating ORM DAG for example_sla_dag
[2024-10-03T11:19:30.937+0000] {logging_mixin.py:190} INFO - [2024-10-03T11:19:30.937+0000] {dag.py:4180} INFO - Setting next_dagrun for example_sla_dag to 2024-10-03 11:16:00+00:00, run_after=2024-10-03 11:18:00+00:00
[2024-10-03T11:19:30.944+0000] {processor.py:208} INFO - Processing /home/airflow/.local/lib/python3.12/site-packages/airflow/example_dags/example_sla_dag.py took 0.108 seconds
[2024-10-03T11:20:01.713+0000] {processor.py:186} INFO - Started process (PID=623) to work on /home/airflow/.local/lib/python3.12/site-packages/airflow/example_dags/example_sla_dag.py
[2024-10-03T11:20:01.714+0000] {processor.py:914} INFO - Processing file /home/airflow/.local/lib/python3.12/site-packages/airflow/example_dags/example_sla_dag.py for tasks to queue
[2024-10-03T11:20:01.715+0000] {logging_mixin.py:190} INFO - [2024-10-03T11:20:01.715+0000] {dagbag.py:588} INFO - Filling up the DagBag from /home/airflow/.local/lib/python3.12/site-packages/airflow/example_dags/example_sla_dag.py
[2024-10-03T11:20:01.721+0000] {processor.py:925} INFO - DAG(s) 'example_sla_dag' retrieved from /home/airflow/.local/lib/python3.12/site-packages/airflow/example_dags/example_sla_dag.py
[2024-10-03T11:20:01.732+0000] {logging_mixin.py:190} INFO - [2024-10-03T11:20:01.732+0000] {dag.py:3239} INFO - Sync 1 DAGs
[2024-10-03T11:20:01.744+0000] {logging_mixin.py:190} INFO - [2024-10-03T11:20:01.744+0000] {dag.py:4180} INFO - Setting next_dagrun for example_sla_dag to 2024-10-03 11:18:00+00:00, run_after=2024-10-03 11:20:00+00:00
[2024-10-03T11:20:01.753+0000] {processor.py:208} INFO - Processing /home/airflow/.local/lib/python3.12/site-packages/airflow/example_dags/example_sla_dag.py took 0.043 seconds
[2024-10-03T11:20:32.123+0000] {processor.py:186} INFO - Started process (PID=909) to work on /home/airflow/.local/lib/python3.12/site-packages/airflow/example_dags/example_sla_dag.py
[2024-10-03T11:20:32.123+0000] {processor.py:914} INFO - Processing file /home/airflow/.local/lib/python3.12/site-packages/airflow/example_dags/example_sla_dag.py for tasks to queue
[2024-10-03T11:20:32.125+0000] {logging_mixin.py:190} INFO - [2024-10-03T11:20:32.124+0000] {dagbag.py:588} INFO - Filling up the DagBag from /home/airflow/.local/lib/python3.12/site-packages/airflow/example_dags/example_sla_dag.py
[2024-10-03T11:20:32.130+0000] {processor.py:925} INFO - DAG(s) 'example_sla_dag' retrieved from /home/airflow/.local/lib/python3.12/site-packages/airflow/example_dags/example_sla_dag.py
[2024-10-03T11:20:32.142+0000] {logging_mixin.py:190} INFO - [2024-10-03T11:20:32.142+0000] {dag.py:3239} INFO - Sync 1 DAGs
[2024-10-03T11:20:32.156+0000] {logging_mixin.py:190} INFO - [2024-10-03T11:20:32.156+0000] {dag.py:4180} INFO - Setting next_dagrun for example_sla_dag to 2024-10-03 11:18:00+00:00, run_after=2024-10-03 11:20:00+00:00
[2024-10-03T11:20:32.166+0000] {processor.py:208} INFO - Processing /home/airflow/.local/lib/python3.12/site-packages/airflow/example_dags/example_sla_dag.py took 0.047 seconds
[2024-10-03T11:21:02.543+0000] {processor.py:186} INFO - Started process (PID=1195) to work on /home/airflow/.local/lib/python3.12/site-packages/airflow/example_dags/example_sla_dag.py
[2024-10-03T11:21:02.544+0000] {processor.py:914} INFO - Processing file /home/airflow/.local/lib/python3.12/site-packages/airflow/example_dags/example_sla_dag.py for tasks to queue
[2024-10-03T11:21:02.545+0000] {logging_mixin.py:190} INFO - [2024-10-03T11:21:02.545+0000] {dagbag.py:588} INFO - Filling up the DagBag from /home/airflow/.local/lib/python3.12/site-packages/airflow/example_dags/example_sla_dag.py
[2024-10-03T11:21:02.551+0000] {processor.py:925} INFO - DAG(s) 'example_sla_dag' retrieved from /home/airflow/.local/lib/python3.12/site-packages/airflow/example_dags/example_sla_dag.py
[2024-10-03T11:21:02.562+0000] {logging_mixin.py:190} INFO - [2024-10-03T11:21:02.562+0000] {dag.py:3239} INFO - Sync 1 DAGs
[2024-10-03T11:21:02.574+0000] {logging_mixin.py:190} INFO - [2024-10-03T11:21:02.574+0000] {dag.py:4180} INFO - Setting next_dagrun for example_sla_dag to 2024-10-03 11:18:00+00:00, run_after=2024-10-03 11:20:00+00:00
[2024-10-03T11:21:02.584+0000] {processor.py:208} INFO - Processing /home/airflow/.local/lib/python3.12/site-packages/airflow/example_dags/example_sla_dag.py took 0.044 seconds
[2024-10-03T11:21:33.019+0000] {processor.py:186} INFO - Started process (PID=1481) to work on /home/airflow/.local/lib/python3.12/site-packages/airflow/example_dags/example_sla_dag.py
[2024-10-03T11:21:33.020+0000] {processor.py:914} INFO - Processing file /home/airflow/.local/lib/python3.12/site-packages/airflow/example_dags/example_sla_dag.py for tasks to queue
[2024-10-03T11:21:33.022+0000] {logging_mixin.py:190} INFO - [2024-10-03T11:21:33.022+0000] {dagbag.py:588} INFO - Filling up the DagBag from /home/airflow/.local/lib/python3.12/site-packages/airflow/example_dags/example_sla_dag.py
[2024-10-03T11:21:33.028+0000] {processor.py:925} INFO - DAG(s) 'example_sla_dag' retrieved from /home/airflow/.local/lib/python3.12/site-packages/airflow/example_dags/example_sla_dag.py
[2024-10-03T11:21:33.040+0000] {logging_mixin.py:190} INFO - [2024-10-03T11:21:33.040+0000] {dag.py:3239} INFO - Sync 1 DAGs
[2024-10-03T11:21:33.054+0000] {logging_mixin.py:190} INFO - [2024-10-03T11:21:33.054+0000] {dag.py:4180} INFO - Setting next_dagrun for example_sla_dag to 2024-10-03 11:18:00+00:00, run_after=2024-10-03 11:20:00+00:00
[2024-10-03T11:21:33.065+0000] {processor.py:208} INFO - Processing /home/airflow/.local/lib/python3.12/site-packages/airflow/example_dags/example_sla_dag.py took 0.050 seconds
[2024-10-03T11:22:03.490+0000] {processor.py:186} INFO - Started process (PID=1767) to work on /home/airflow/.local/lib/python3.12/site-packages/airflow/example_dags/example_sla_dag.py
[2024-10-03T11:22:03.491+0000] {processor.py:914} INFO - Processing file /home/airflow/.local/lib/python3.12/site-packages/airflow/example_dags/example_sla_dag.py for tasks to queue
[2024-10-03T11:22:03.492+0000] {logging_mixin.py:190} INFO - [2024-10-03T11:22:03.492+0000] {dagbag.py:588} INFO - Filling up the DagBag from /home/airflow/.local/lib/python3.12/site-packages/airflow/example_dags/example_sla_dag.py
[2024-10-03T11:22:03.498+0000] {processor.py:925} INFO - DAG(s) 'example_sla_dag' retrieved from /home/airflow/.local/lib/python3.12/site-packages/airflow/example_dags/example_sla_dag.py
[2024-10-03T11:22:03.508+0000] {logging_mixin.py:190} INFO - [2024-10-03T11:22:03.508+0000] {dag.py:3239} INFO - Sync 1 DAGs
[2024-10-03T11:22:03.520+0000] {logging_mixin.py:190} INFO - [2024-10-03T11:22:03.520+0000] {dag.py:4180} INFO - Setting next_dagrun for example_sla_dag to 2024-10-03 11:20:00+00:00, run_after=2024-10-03 11:22:00+00:00
[2024-10-03T11:22:03.529+0000] {processor.py:208} INFO - Processing /home/airflow/.local/lib/python3.12/site-packages/airflow/example_dags/example_sla_dag.py took 0.042 seconds
[2024-10-03T11:22:33.998+0000] {processor.py:186} INFO - Started process (PID=2053) to work on /home/airflow/.local/lib/python3.12/site-packages/airflow/example_dags/example_sla_dag.py
[2024-10-03T11:22:33.999+0000] {processor.py:914} INFO - Processing file /home/airflow/.local/lib/python3.12/site-packages/airflow/example_dags/example_sla_dag.py for tasks to queue
[2024-10-03T11:22:34.001+0000] {logging_mixin.py:190} INFO - [2024-10-03T11:22:34.000+0000] {dagbag.py:588} INFO - Filling up the DagBag from /home/airflow/.local/lib/python3.12/site-packages/airflow/example_dags/example_sla_dag.py
[2024-10-03T11:22:34.007+0000] {processor.py:925} INFO - DAG(s) 'example_sla_dag' retrieved from /home/airflow/.local/lib/python3.12/site-packages/airflow/example_dags/example_sla_dag.py
[2024-10-03T11:22:34.017+0000] {logging_mixin.py:190} INFO - [2024-10-03T11:22:34.017+0000] {dag.py:3239} INFO - Sync 1 DAGs
[2024-10-03T11:22:34.030+0000] {logging_mixin.py:190} INFO - [2024-10-03T11:22:34.030+0000] {dag.py:4180} INFO - Setting next_dagrun for example_sla_dag to 2024-10-03 11:20:00+00:00, run_after=2024-10-03 11:22:00+00:00
[2024-10-03T11:22:34.039+0000] {processor.py:208} INFO - Processing /home/airflow/.local/lib/python3.12/site-packages/airflow/example_dags/example_sla_dag.py took 0.044 seconds
[2024-10-03T11:23:04.597+0000] {processor.py:186} INFO - Started process (PID=2339) to work on /home/airflow/.local/lib/python3.12/site-packages/airflow/example_dags/example_sla_dag.py
[2024-10-03T11:23:04.598+0000] {processor.py:914} INFO - Processing file /home/airflow/.local/lib/python3.12/site-packages/airflow/example_dags/example_sla_dag.py for tasks to queue
[2024-10-03T11:23:04.599+0000] {logging_mixin.py:190} INFO - [2024-10-03T11:23:04.599+0000] {dagbag.py:588} INFO - Filling up the DagBag from /home/airflow/.local/lib/python3.12/site-packages/airflow/example_dags/example_sla_dag.py
[2024-10-03T11:23:04.605+0000] {processor.py:925} INFO - DAG(s) 'example_sla_dag' retrieved from /home/airflow/.local/lib/python3.12/site-packages/airflow/example_dags/example_sla_dag.py
[2024-10-03T11:23:04.616+0000] {logging_mixin.py:190} INFO - [2024-10-03T11:23:04.616+0000] {dag.py:3239} INFO - Sync 1 DAGs
[2024-10-03T11:23:04.628+0000] {logging_mixin.py:190} INFO - [2024-10-03T11:23:04.628+0000] {dag.py:4180} INFO - Setting next_dagrun for example_sla_dag to 2024-10-03 11:20:00+00:00, run_after=2024-10-03 11:22:00+00:00
[2024-10-03T11:23:04.637+0000] {processor.py:208} INFO - Processing /home/airflow/.local/lib/python3.12/site-packages/airflow/example_dags/example_sla_dag.py took 0.045 seconds
[2024-10-03T11:23:34.811+0000] {processor.py:186} INFO - Started process (PID=2625) to work on /home/airflow/.local/lib/python3.12/site-packages/airflow/example_dags/example_sla_dag.py
[2024-10-03T11:23:34.812+0000] {processor.py:914} INFO - Processing file /home/airflow/.local/lib/python3.12/site-packages/airflow/example_dags/example_sla_dag.py for tasks to queue
[2024-10-03T11:23:34.814+0000] {logging_mixin.py:190} INFO - [2024-10-03T11:23:34.813+0000] {dagbag.py:588} INFO - Filling up the DagBag from /home/airflow/.local/lib/python3.12/site-packages/airflow/example_dags/example_sla_dag.py
[2024-10-03T11:23:34.820+0000] {processor.py:925} INFO - DAG(s) 'example_sla_dag' retrieved from /home/airflow/.local/lib/python3.12/site-packages/airflow/example_dags/example_sla_dag.py
[2024-10-03T11:23:34.831+0000] {logging_mixin.py:190} INFO - [2024-10-03T11:23:34.830+0000] {dag.py:3239} INFO - Sync 1 DAGs
[2024-10-03T11:23:34.844+0000] {logging_mixin.py:190} INFO - [2024-10-03T11:23:34.843+0000] {dag.py:4180} INFO - Setting next_dagrun for example_sla_dag to 2024-10-03 11:20:00+00:00, run_after=2024-10-03 11:22:00+00:00
[2024-10-03T11:23:34.853+0000] {processor.py:208} INFO - Processing /home/airflow/.local/lib/python3.12/site-packages/airflow/example_dags/example_sla_dag.py took 0.046 seconds
[2024-10-03T11:24:05.211+0000] {processor.py:186} INFO - Started process (PID=2911) to work on /home/airflow/.local/lib/python3.12/site-packages/airflow/example_dags/example_sla_dag.py
[2024-10-03T11:24:05.212+0000] {processor.py:914} INFO - Processing file /home/airflow/.local/lib/python3.12/site-packages/airflow/example_dags/example_sla_dag.py for tasks to queue
[2024-10-03T11:24:05.213+0000] {logging_mixin.py:190} INFO - [2024-10-03T11:24:05.213+0000] {dagbag.py:588} INFO - Filling up the DagBag from /home/airflow/.local/lib/python3.12/site-packages/airflow/example_dags/example_sla_dag.py
[2024-10-03T11:24:05.219+0000] {processor.py:925} INFO - DAG(s) 'example_sla_dag' retrieved from /home/airflow/.local/lib/python3.12/site-packages/airflow/example_dags/example_sla_dag.py
[2024-10-03T11:24:05.230+0000] {logging_mixin.py:190} INFO - [2024-10-03T11:24:05.229+0000] {dag.py:3239} INFO - Sync 1 DAGs
[2024-10-03T11:24:05.242+0000] {logging_mixin.py:190} INFO - [2024-10-03T11:24:05.242+0000] {dag.py:4180} INFO - Setting next_dagrun for example_sla_dag to 2024-10-03 11:22:00+00:00, run_after=2024-10-03 11:24:00+00:00
[2024-10-03T11:24:05.250+0000] {processor.py:208} INFO - Processing /home/airflow/.local/lib/python3.12/site-packages/airflow/example_dags/example_sla_dag.py took 0.043 seconds
[2024-10-03T11:24:35.801+0000] {processor.py:186} INFO - Started process (PID=3197) to work on /home/airflow/.local/lib/python3.12/site-packages/airflow/example_dags/example_sla_dag.py
[2024-10-03T11:24:35.801+0000] {processor.py:914} INFO - Processing file /home/airflow/.local/lib/python3.12/site-packages/airflow/example_dags/example_sla_dag.py for tasks to queue
[2024-10-03T11:24:35.803+0000] {logging_mixin.py:190} INFO - [2024-10-03T11:24:35.802+0000] {dagbag.py:588} INFO - Filling up the DagBag from /home/airflow/.local/lib/python3.12/site-packages/airflow/example_dags/example_sla_dag.py
[2024-10-03T11:24:35.808+0000] {processor.py:925} INFO - DAG(s) 'example_sla_dag' retrieved from /home/airflow/.local/lib/python3.12/site-packages/airflow/example_dags/example_sla_dag.py
[2024-10-03T11:24:35.819+0000] {logging_mixin.py:190} INFO - [2024-10-03T11:24:35.819+0000] {dag.py:3239} INFO - Sync 1 DAGs
[2024-10-03T11:24:35.832+0000] {logging_mixin.py:190} INFO - [2024-10-03T11:24:35.831+0000] {dag.py:4180} INFO - Setting next_dagrun for example_sla_dag to 2024-10-03 11:22:00+00:00, run_after=2024-10-03 11:24:00+00:00
[2024-10-03T11:24:35.841+0000] {processor.py:208} INFO - Processing /home/airflow/.local/lib/python3.12/site-packages/airflow/example_dags/example_sla_dag.py took 0.044 seconds
[2024-10-03T11:25:06.320+0000] {processor.py:186} INFO - Started process (PID=3483) to work on /home/airflow/.local/lib/python3.12/site-packages/airflow/example_dags/example_sla_dag.py
[2024-10-03T11:25:06.321+0000] {processor.py:914} INFO - Processing file /home/airflow/.local/lib/python3.12/site-packages/airflow/example_dags/example_sla_dag.py for tasks to queue
[2024-10-03T11:25:06.322+0000] {logging_mixin.py:190} INFO - [2024-10-03T11:25:06.322+0000] {dagbag.py:588} INFO - Filling up the DagBag from /home/airflow/.local/lib/python3.12/site-packages/airflow/example_dags/example_sla_dag.py
[2024-10-03T11:25:06.328+0000] {processor.py:925} INFO - DAG(s) 'example_sla_dag' retrieved from /home/airflow/.local/lib/python3.12/site-packages/airflow/example_dags/example_sla_dag.py
[2024-10-03T11:25:06.339+0000] {logging_mixin.py:190} INFO - [2024-10-03T11:25:06.338+0000] {dag.py:3239} INFO - Sync 1 DAGs
[2024-10-03T11:25:06.351+0000] {logging_mixin.py:190} INFO - [2024-10-03T11:25:06.351+0000] {dag.py:4180} INFO - Setting next_dagrun for example_sla_dag to 2024-10-03 11:22:00+00:00, run_after=2024-10-03 11:24:00+00:00
[2024-10-03T11:25:06.360+0000] {processor.py:208} INFO - Processing /home/airflow/.local/lib/python3.12/site-packages/airflow/example_dags/example_sla_dag.py took 0.043 seconds
[2024-10-03T11:25:36.869+0000] {processor.py:186} INFO - Started process (PID=3769) to work on /home/airflow/.local/lib/python3.12/site-packages/airflow/example_dags/example_sla_dag.py
[2024-10-03T11:25:36.869+0000] {processor.py:914} INFO - Processing file /home/airflow/.local/lib/python3.12/site-packages/airflow/example_dags/example_sla_dag.py for tasks to queue
[2024-10-03T11:25:36.871+0000] {logging_mixin.py:190} INFO - [2024-10-03T11:25:36.871+0000] {dagbag.py:588} INFO - Filling up the DagBag from /home/airflow/.local/lib/python3.12/site-packages/airflow/example_dags/example_sla_dag.py
[2024-10-03T11:25:36.877+0000] {processor.py:925} INFO - DAG(s) 'example_sla_dag' retrieved from /home/airflow/.local/lib/python3.12/site-packages/airflow/example_dags/example_sla_dag.py
[2024-10-03T11:25:36.888+0000] {logging_mixin.py:190} INFO - [2024-10-03T11:25:36.887+0000] {dag.py:3239} INFO - Sync 1 DAGs
[2024-10-03T11:25:36.900+0000] {logging_mixin.py:190} INFO - [2024-10-03T11:25:36.900+0000] {dag.py:4180} INFO - Setting next_dagrun for example_sla_dag to 2024-10-03 11:22:00+00:00, run_after=2024-10-03 11:24:00+00:00
[2024-10-03T11:25:36.910+0000] {processor.py:208} INFO - Processing /home/airflow/.local/lib/python3.12/site-packages/airflow/example_dags/example_sla_dag.py took 0.046 seconds
[2024-10-03T11:26:07.301+0000] {processor.py:186} INFO - Started process (PID=4059) to work on /home/airflow/.local/lib/python3.12/site-packages/airflow/example_dags/example_sla_dag.py
[2024-10-03T11:26:07.302+0000] {processor.py:914} INFO - Processing file /home/airflow/.local/lib/python3.12/site-packages/airflow/example_dags/example_sla_dag.py for tasks to queue
[2024-10-03T11:26:07.303+0000] {logging_mixin.py:190} INFO - [2024-10-03T11:26:07.303+0000] {dagbag.py:588} INFO - Filling up the DagBag from /home/airflow/.local/lib/python3.12/site-packages/airflow/example_dags/example_sla_dag.py
[2024-10-03T11:26:07.310+0000] {processor.py:925} INFO - DAG(s) 'example_sla_dag' retrieved from /home/airflow/.local/lib/python3.12/site-packages/airflow/example_dags/example_sla_dag.py
[2024-10-03T11:26:07.322+0000] {logging_mixin.py:190} INFO - [2024-10-03T11:26:07.322+0000] {dag.py:3239} INFO - Sync 1 DAGs
[2024-10-03T11:26:07.335+0000] {logging_mixin.py:190} INFO - [2024-10-03T11:26:07.335+0000] {dag.py:4180} INFO - Setting next_dagrun for example_sla_dag to 2024-10-03 11:24:00+00:00, run_after=2024-10-03 11:26:00+00:00
[2024-10-03T11:26:07.347+0000] {processor.py:208} INFO - Processing /home/airflow/.local/lib/python3.12/site-packages/airflow/example_dags/example_sla_dag.py took 0.049 seconds
[2024-10-03T11:26:37.733+0000] {processor.py:186} INFO - Started process (PID=4350) to work on /home/airflow/.local/lib/python3.12/site-packages/airflow/example_dags/example_sla_dag.py
[2024-10-03T11:26:37.733+0000] {processor.py:914} INFO - Processing file /home/airflow/.local/lib/python3.12/site-packages/airflow/example_dags/example_sla_dag.py for tasks to queue
[2024-10-03T11:26:37.735+0000] {logging_mixin.py:190} INFO - [2024-10-03T11:26:37.734+0000] {dagbag.py:588} INFO - Filling up the DagBag from /home/airflow/.local/lib/python3.12/site-packages/airflow/example_dags/example_sla_dag.py
[2024-10-03T11:26:37.740+0000] {processor.py:925} INFO - DAG(s) 'example_sla_dag' retrieved from /home/airflow/.local/lib/python3.12/site-packages/airflow/example_dags/example_sla_dag.py
[2024-10-03T11:26:37.750+0000] {logging_mixin.py:190} INFO - [2024-10-03T11:26:37.750+0000] {dag.py:3239} INFO - Sync 1 DAGs
[2024-10-03T11:26:37.763+0000] {logging_mixin.py:190} INFO - [2024-10-03T11:26:37.763+0000] {dag.py:4180} INFO - Setting next_dagrun for example_sla_dag to 2024-10-03 11:24:00+00:00, run_after=2024-10-03 11:26:00+00:00
[2024-10-03T11:26:37.773+0000] {processor.py:208} INFO - Processing /home/airflow/.local/lib/python3.12/site-packages/airflow/example_dags/example_sla_dag.py took 0.044 seconds
[2024-10-03T11:27:08.195+0000] {processor.py:186} INFO - Started process (PID=4636) to work on /home/airflow/.local/lib/python3.12/site-packages/airflow/example_dags/example_sla_dag.py
[2024-10-03T11:27:08.195+0000] {processor.py:914} INFO - Processing file /home/airflow/.local/lib/python3.12/site-packages/airflow/example_dags/example_sla_dag.py for tasks to queue
[2024-10-03T11:27:08.197+0000] {logging_mixin.py:190} INFO - [2024-10-03T11:27:08.197+0000] {dagbag.py:588} INFO - Filling up the DagBag from /home/airflow/.local/lib/python3.12/site-packages/airflow/example_dags/example_sla_dag.py
[2024-10-03T11:27:08.203+0000] {processor.py:925} INFO - DAG(s) 'example_sla_dag' retrieved from /home/airflow/.local/lib/python3.12/site-packages/airflow/example_dags/example_sla_dag.py
[2024-10-03T11:27:08.214+0000] {logging_mixin.py:190} INFO - [2024-10-03T11:27:08.213+0000] {dag.py:3239} INFO - Sync 1 DAGs
[2024-10-03T11:27:08.225+0000] {logging_mixin.py:190} INFO - [2024-10-03T11:27:08.225+0000] {dag.py:4180} INFO - Setting next_dagrun for example_sla_dag to 2024-10-03 11:24:00+00:00, run_after=2024-10-03 11:26:00+00:00
[2024-10-03T11:27:08.234+0000] {processor.py:208} INFO - Processing /home/airflow/.local/lib/python3.12/site-packages/airflow/example_dags/example_sla_dag.py took 0.043 seconds
[2024-10-03T11:27:38.600+0000] {processor.py:186} INFO - Started process (PID=4922) to work on /home/airflow/.local/lib/python3.12/site-packages/airflow/example_dags/example_sla_dag.py
[2024-10-03T11:27:38.601+0000] {processor.py:914} INFO - Processing file /home/airflow/.local/lib/python3.12/site-packages/airflow/example_dags/example_sla_dag.py for tasks to queue
[2024-10-03T11:27:38.603+0000] {logging_mixin.py:190} INFO - [2024-10-03T11:27:38.602+0000] {dagbag.py:588} INFO - Filling up the DagBag from /home/airflow/.local/lib/python3.12/site-packages/airflow/example_dags/example_sla_dag.py
[2024-10-03T11:27:38.609+0000] {processor.py:925} INFO - DAG(s) 'example_sla_dag' retrieved from /home/airflow/.local/lib/python3.12/site-packages/airflow/example_dags/example_sla_dag.py
[2024-10-03T11:27:38.621+0000] {logging_mixin.py:190} INFO - [2024-10-03T11:27:38.620+0000] {dag.py:3239} INFO - Sync 1 DAGs
[2024-10-03T11:27:38.634+0000] {logging_mixin.py:190} INFO - [2024-10-03T11:27:38.634+0000] {dag.py:4180} INFO - Setting next_dagrun for example_sla_dag to 2024-10-03 11:24:00+00:00, run_after=2024-10-03 11:26:00+00:00
[2024-10-03T11:27:38.643+0000] {processor.py:208} INFO - Processing /home/airflow/.local/lib/python3.12/site-packages/airflow/example_dags/example_sla_dag.py took 0.047 seconds
[2024-10-03T11:28:08.961+0000] {processor.py:186} INFO - Started process (PID=5208) to work on /home/airflow/.local/lib/python3.12/site-packages/airflow/example_dags/example_sla_dag.py
[2024-10-03T11:28:08.962+0000] {processor.py:914} INFO - Processing file /home/airflow/.local/lib/python3.12/site-packages/airflow/example_dags/example_sla_dag.py for tasks to queue
[2024-10-03T11:28:08.963+0000] {logging_mixin.py:190} INFO - [2024-10-03T11:28:08.963+0000] {dagbag.py:588} INFO - Filling up the DagBag from /home/airflow/.local/lib/python3.12/site-packages/airflow/example_dags/example_sla_dag.py
[2024-10-03T11:28:08.969+0000] {processor.py:925} INFO - DAG(s) 'example_sla_dag' retrieved from /home/airflow/.local/lib/python3.12/site-packages/airflow/example_dags/example_sla_dag.py
[2024-10-03T11:28:08.980+0000] {logging_mixin.py:190} INFO - [2024-10-03T11:28:08.980+0000] {dag.py:3239} INFO - Sync 1 DAGs
[2024-10-03T11:28:08.993+0000] {logging_mixin.py:190} INFO - [2024-10-03T11:28:08.993+0000] {dag.py:4180} INFO - Setting next_dagrun for example_sla_dag to 2024-10-03 11:26:00+00:00, run_after=2024-10-03 11:28:00+00:00
[2024-10-03T11:28:09.003+0000] {processor.py:208} INFO - Processing /home/airflow/.local/lib/python3.12/site-packages/airflow/example_dags/example_sla_dag.py took 0.045 seconds
[2024-10-03T11:28:39.326+0000] {processor.py:186} INFO - Started process (PID=5494) to work on /home/airflow/.local/lib/python3.12/site-packages/airflow/example_dags/example_sla_dag.py
[2024-10-03T11:28:39.327+0000] {processor.py:914} INFO - Processing file /home/airflow/.local/lib/python3.12/site-packages/airflow/example_dags/example_sla_dag.py for tasks to queue
[2024-10-03T11:28:39.328+0000] {logging_mixin.py:190} INFO - [2024-10-03T11:28:39.328+0000] {dagbag.py:588} INFO - Filling up the DagBag from /home/airflow/.local/lib/python3.12/site-packages/airflow/example_dags/example_sla_dag.py
[2024-10-03T11:28:39.334+0000] {processor.py:925} INFO - DAG(s) 'example_sla_dag' retrieved from /home/airflow/.local/lib/python3.12/site-packages/airflow/example_dags/example_sla_dag.py
[2024-10-03T11:28:39.345+0000] {logging_mixin.py:190} INFO - [2024-10-03T11:28:39.345+0000] {dag.py:3239} INFO - Sync 1 DAGs
[2024-10-03T11:28:39.358+0000] {logging_mixin.py:190} INFO - [2024-10-03T11:28:39.358+0000] {dag.py:4180} INFO - Setting next_dagrun for example_sla_dag to 2024-10-03 11:26:00+00:00, run_after=2024-10-03 11:28:00+00:00
[2024-10-03T11:28:39.368+0000] {processor.py:208} INFO - Processing /home/airflow/.local/lib/python3.12/site-packages/airflow/example_dags/example_sla_dag.py took 0.045 seconds
[2024-10-03T11:29:09.556+0000] {processor.py:186} INFO - Started process (PID=5804) to work on /home/airflow/.local/lib/python3.12/site-packages/airflow/example_dags/example_sla_dag.py
[2024-10-03T11:29:09.557+0000] {processor.py:914} INFO - Processing file /home/airflow/.local/lib/python3.12/site-packages/airflow/example_dags/example_sla_dag.py for tasks to queue
[2024-10-03T11:29:09.558+0000] {logging_mixin.py:190} INFO - [2024-10-03T11:29:09.558+0000] {dagbag.py:588} INFO - Filling up the DagBag from /home/airflow/.local/lib/python3.12/site-packages/airflow/example_dags/example_sla_dag.py
[2024-10-03T11:29:09.564+0000] {processor.py:925} INFO - DAG(s) 'example_sla_dag' retrieved from /home/airflow/.local/lib/python3.12/site-packages/airflow/example_dags/example_sla_dag.py
[2024-10-03T11:29:09.575+0000] {logging_mixin.py:190} INFO - [2024-10-03T11:29:09.575+0000] {dag.py:3239} INFO - Sync 1 DAGs
[2024-10-03T11:29:09.587+0000] {logging_mixin.py:190} INFO - [2024-10-03T11:29:09.587+0000] {dag.py:4180} INFO - Setting next_dagrun for example_sla_dag to 2024-10-03 11:26:00+00:00, run_after=2024-10-03 11:28:00+00:00
[2024-10-03T11:29:09.596+0000] {processor.py:208} INFO - Processing /home/airflow/.local/lib/python3.12/site-packages/airflow/example_dags/example_sla_dag.py took 0.044 seconds
[2024-10-03T11:29:39.890+0000] {processor.py:186} INFO - Started process (PID=6090) to work on /home/airflow/.local/lib/python3.12/site-packages/airflow/example_dags/example_sla_dag.py
[2024-10-03T11:29:39.891+0000] {processor.py:914} INFO - Processing file /home/airflow/.local/lib/python3.12/site-packages/airflow/example_dags/example_sla_dag.py for tasks to queue
[2024-10-03T11:29:39.892+0000] {logging_mixin.py:190} INFO - [2024-10-03T11:29:39.892+0000] {dagbag.py:588} INFO - Filling up the DagBag from /home/airflow/.local/lib/python3.12/site-packages/airflow/example_dags/example_sla_dag.py
[2024-10-03T11:29:39.899+0000] {processor.py:925} INFO - DAG(s) 'example_sla_dag' retrieved from /home/airflow/.local/lib/python3.12/site-packages/airflow/example_dags/example_sla_dag.py
[2024-10-03T11:29:39.910+0000] {logging_mixin.py:190} INFO - [2024-10-03T11:29:39.910+0000] {dag.py:3239} INFO - Sync 1 DAGs
[2024-10-03T11:29:39.923+0000] {logging_mixin.py:190} INFO - [2024-10-03T11:29:39.923+0000] {dag.py:4180} INFO - Setting next_dagrun for example_sla_dag to 2024-10-03 11:26:00+00:00, run_after=2024-10-03 11:28:00+00:00
[2024-10-03T11:29:39.932+0000] {processor.py:208} INFO - Processing /home/airflow/.local/lib/python3.12/site-packages/airflow/example_dags/example_sla_dag.py took 0.046 seconds
[2024-10-03T11:30:10.294+0000] {processor.py:186} INFO - Started process (PID=6376) to work on /home/airflow/.local/lib/python3.12/site-packages/airflow/example_dags/example_sla_dag.py
[2024-10-03T11:30:10.295+0000] {processor.py:914} INFO - Processing file /home/airflow/.local/lib/python3.12/site-packages/airflow/example_dags/example_sla_dag.py for tasks to queue
[2024-10-03T11:30:10.296+0000] {logging_mixin.py:190} INFO - [2024-10-03T11:30:10.296+0000] {dagbag.py:588} INFO - Filling up the DagBag from /home/airflow/.local/lib/python3.12/site-packages/airflow/example_dags/example_sla_dag.py
[2024-10-03T11:30:10.303+0000] {processor.py:925} INFO - DAG(s) 'example_sla_dag' retrieved from /home/airflow/.local/lib/python3.12/site-packages/airflow/example_dags/example_sla_dag.py
[2024-10-03T11:30:10.314+0000] {logging_mixin.py:190} INFO - [2024-10-03T11:30:10.314+0000] {dag.py:3239} INFO - Sync 1 DAGs
[2024-10-03T11:30:10.327+0000] {logging_mixin.py:190} INFO - [2024-10-03T11:30:10.327+0000] {dag.py:4180} INFO - Setting next_dagrun for example_sla_dag to 2024-10-03 11:28:00+00:00, run_after=2024-10-03 11:30:00+00:00
[2024-10-03T11:30:10.338+0000] {processor.py:208} INFO - Processing /home/airflow/.local/lib/python3.12/site-packages/airflow/example_dags/example_sla_dag.py took 0.048 seconds
[2024-10-03T11:30:40.629+0000] {processor.py:186} INFO - Started process (PID=6662) to work on /home/airflow/.local/lib/python3.12/site-packages/airflow/example_dags/example_sla_dag.py
[2024-10-03T11:30:40.629+0000] {processor.py:914} INFO - Processing file /home/airflow/.local/lib/python3.12/site-packages/airflow/example_dags/example_sla_dag.py for tasks to queue
[2024-10-03T11:30:40.631+0000] {logging_mixin.py:190} INFO - [2024-10-03T11:30:40.631+0000] {dagbag.py:588} INFO - Filling up the DagBag from /home/airflow/.local/lib/python3.12/site-packages/airflow/example_dags/example_sla_dag.py
[2024-10-03T11:30:40.637+0000] {processor.py:925} INFO - DAG(s) 'example_sla_dag' retrieved from /home/airflow/.local/lib/python3.12/site-packages/airflow/example_dags/example_sla_dag.py
[2024-10-03T11:30:40.648+0000] {logging_mixin.py:190} INFO - [2024-10-03T11:30:40.648+0000] {dag.py:3239} INFO - Sync 1 DAGs
[2024-10-03T11:30:40.661+0000] {logging_mixin.py:190} INFO - [2024-10-03T11:30:40.661+0000] {dag.py:4180} INFO - Setting next_dagrun for example_sla_dag to 2024-10-03 11:28:00+00:00, run_after=2024-10-03 11:30:00+00:00
[2024-10-03T11:30:40.669+0000] {processor.py:208} INFO - Processing /home/airflow/.local/lib/python3.12/site-packages/airflow/example_dags/example_sla_dag.py took 0.044 seconds
[2024-10-03T11:31:10.938+0000] {processor.py:186} INFO - Started process (PID=6948) to work on /home/airflow/.local/lib/python3.12/site-packages/airflow/example_dags/example_sla_dag.py
[2024-10-03T11:31:10.939+0000] {processor.py:914} INFO - Processing file /home/airflow/.local/lib/python3.12/site-packages/airflow/example_dags/example_sla_dag.py for tasks to queue
[2024-10-03T11:31:10.941+0000] {logging_mixin.py:190} INFO - [2024-10-03T11:31:10.941+0000] {dagbag.py:588} INFO - Filling up the DagBag from /home/airflow/.local/lib/python3.12/site-packages/airflow/example_dags/example_sla_dag.py
[2024-10-03T11:31:10.947+0000] {processor.py:925} INFO - DAG(s) 'example_sla_dag' retrieved from /home/airflow/.local/lib/python3.12/site-packages/airflow/example_dags/example_sla_dag.py
[2024-10-03T11:31:10.958+0000] {logging_mixin.py:190} INFO - [2024-10-03T11:31:10.958+0000] {dag.py:3239} INFO - Sync 1 DAGs
[2024-10-03T11:31:10.971+0000] {logging_mixin.py:190} INFO - [2024-10-03T11:31:10.971+0000] {dag.py:4180} INFO - Setting next_dagrun for example_sla_dag to 2024-10-03 11:28:00+00:00, run_after=2024-10-03 11:30:00+00:00
[2024-10-03T11:31:10.980+0000] {processor.py:208} INFO - Processing /home/airflow/.local/lib/python3.12/site-packages/airflow/example_dags/example_sla_dag.py took 0.045 seconds
