[2024-10-03T11:19:29.620+0000] {processor.py:186} INFO - Started process (PID=272) to work on /home/airflow/.local/lib/python3.12/site-packages/airflow/example_dags/example_nested_branch_dag.py
[2024-10-03T11:19:29.621+0000] {processor.py:914} INFO - Processing file /home/airflow/.local/lib/python3.12/site-packages/airflow/example_dags/example_nested_branch_dag.py for tasks to queue
[2024-10-03T11:19:29.622+0000] {logging_mixin.py:190} INFO - [2024-10-03T11:19:29.622+0000] {dagbag.py:588} INFO - Filling up the DagBag from /home/airflow/.local/lib/python3.12/site-packages/airflow/example_dags/example_nested_branch_dag.py
[2024-10-03T11:19:29.630+0000] {processor.py:925} INFO - DAG(s) 'example_nested_branch_dag' retrieved from /home/airflow/.local/lib/python3.12/site-packages/airflow/example_dags/example_nested_branch_dag.py
[2024-10-03T11:19:29.684+0000] {logging_mixin.py:190} INFO - [2024-10-03T11:19:29.684+0000] {override.py:1900} INFO - Created Permission View: can delete on DAG:example_nested_branch_dag
[2024-10-03T11:19:29.690+0000] {logging_mixin.py:190} INFO - [2024-10-03T11:19:29.689+0000] {override.py:1900} INFO - Created Permission View: can read on DAG:example_nested_branch_dag
[2024-10-03T11:19:29.692+0000] {logging_mixin.py:190} INFO - [2024-10-03T11:19:29.692+0000] {override.py:1900} INFO - Created Permission View: can edit on DAG:example_nested_branch_dag
[2024-10-03T11:19:29.695+0000] {logging_mixin.py:190} INFO - [2024-10-03T11:19:29.695+0000] {override.py:1900} INFO - Created Permission View: can read on DAG Run:example_nested_branch_dag
[2024-10-03T11:19:29.698+0000] {logging_mixin.py:190} INFO - [2024-10-03T11:19:29.698+0000] {override.py:1900} INFO - Created Permission View: can create on DAG Run:example_nested_branch_dag
[2024-10-03T11:19:29.700+0000] {logging_mixin.py:190} INFO - [2024-10-03T11:19:29.700+0000] {override.py:1900} INFO - Created Permission View: menu access on DAG Run:example_nested_branch_dag
[2024-10-03T11:19:29.703+0000] {logging_mixin.py:190} INFO - [2024-10-03T11:19:29.703+0000] {override.py:1900} INFO - Created Permission View: can delete on DAG Run:example_nested_branch_dag
[2024-10-03T11:19:29.703+0000] {logging_mixin.py:190} INFO - [2024-10-03T11:19:29.703+0000] {dag.py:3239} INFO - Sync 1 DAGs
[2024-10-03T11:19:29.710+0000] {logging_mixin.py:190} INFO - [2024-10-03T11:19:29.710+0000] {dag.py:3262} INFO - Creating ORM DAG for example_nested_branch_dag
[2024-10-03T11:19:29.716+0000] {logging_mixin.py:190} INFO - [2024-10-03T11:19:29.716+0000] {dag.py:4180} INFO - Setting next_dagrun for example_nested_branch_dag to 2024-10-02 00:00:00+00:00, run_after=2024-10-03 00:00:00+00:00
[2024-10-03T11:19:29.726+0000] {processor.py:208} INFO - Processing /home/airflow/.local/lib/python3.12/site-packages/airflow/example_dags/example_nested_branch_dag.py took 0.109 seconds
[2024-10-03T11:20:00.170+0000] {processor.py:186} INFO - Started process (PID=558) to work on /home/airflow/.local/lib/python3.12/site-packages/airflow/example_dags/example_nested_branch_dag.py
[2024-10-03T11:20:00.171+0000] {processor.py:914} INFO - Processing file /home/airflow/.local/lib/python3.12/site-packages/airflow/example_dags/example_nested_branch_dag.py for tasks to queue
[2024-10-03T11:20:00.172+0000] {logging_mixin.py:190} INFO - [2024-10-03T11:20:00.172+0000] {dagbag.py:588} INFO - Filling up the DagBag from /home/airflow/.local/lib/python3.12/site-packages/airflow/example_dags/example_nested_branch_dag.py
[2024-10-03T11:20:00.179+0000] {processor.py:925} INFO - DAG(s) 'example_nested_branch_dag' retrieved from /home/airflow/.local/lib/python3.12/site-packages/airflow/example_dags/example_nested_branch_dag.py
[2024-10-03T11:20:00.191+0000] {logging_mixin.py:190} INFO - [2024-10-03T11:20:00.191+0000] {dag.py:3239} INFO - Sync 1 DAGs
[2024-10-03T11:20:00.204+0000] {logging_mixin.py:190} INFO - [2024-10-03T11:20:00.204+0000] {dag.py:4180} INFO - Setting next_dagrun for example_nested_branch_dag to 2024-10-02 00:00:00+00:00, run_after=2024-10-03 00:00:00+00:00
[2024-10-03T11:20:00.214+0000] {processor.py:208} INFO - Processing /home/airflow/.local/lib/python3.12/site-packages/airflow/example_dags/example_nested_branch_dag.py took 0.048 seconds
[2024-10-03T11:20:30.635+0000] {processor.py:186} INFO - Started process (PID=844) to work on /home/airflow/.local/lib/python3.12/site-packages/airflow/example_dags/example_nested_branch_dag.py
[2024-10-03T11:20:30.636+0000] {processor.py:914} INFO - Processing file /home/airflow/.local/lib/python3.12/site-packages/airflow/example_dags/example_nested_branch_dag.py for tasks to queue
[2024-10-03T11:20:30.637+0000] {logging_mixin.py:190} INFO - [2024-10-03T11:20:30.637+0000] {dagbag.py:588} INFO - Filling up the DagBag from /home/airflow/.local/lib/python3.12/site-packages/airflow/example_dags/example_nested_branch_dag.py
[2024-10-03T11:20:30.644+0000] {processor.py:925} INFO - DAG(s) 'example_nested_branch_dag' retrieved from /home/airflow/.local/lib/python3.12/site-packages/airflow/example_dags/example_nested_branch_dag.py
[2024-10-03T11:20:30.656+0000] {logging_mixin.py:190} INFO - [2024-10-03T11:20:30.656+0000] {dag.py:3239} INFO - Sync 1 DAGs
[2024-10-03T11:20:30.668+0000] {logging_mixin.py:190} INFO - [2024-10-03T11:20:30.668+0000] {dag.py:4180} INFO - Setting next_dagrun for example_nested_branch_dag to 2024-10-02 00:00:00+00:00, run_after=2024-10-03 00:00:00+00:00
[2024-10-03T11:20:30.676+0000] {processor.py:208} INFO - Processing /home/airflow/.local/lib/python3.12/site-packages/airflow/example_dags/example_nested_branch_dag.py took 0.045 seconds
[2024-10-03T11:21:01.037+0000] {processor.py:186} INFO - Started process (PID=1130) to work on /home/airflow/.local/lib/python3.12/site-packages/airflow/example_dags/example_nested_branch_dag.py
[2024-10-03T11:21:01.038+0000] {processor.py:914} INFO - Processing file /home/airflow/.local/lib/python3.12/site-packages/airflow/example_dags/example_nested_branch_dag.py for tasks to queue
[2024-10-03T11:21:01.039+0000] {logging_mixin.py:190} INFO - [2024-10-03T11:21:01.039+0000] {dagbag.py:588} INFO - Filling up the DagBag from /home/airflow/.local/lib/python3.12/site-packages/airflow/example_dags/example_nested_branch_dag.py
[2024-10-03T11:21:01.046+0000] {processor.py:925} INFO - DAG(s) 'example_nested_branch_dag' retrieved from /home/airflow/.local/lib/python3.12/site-packages/airflow/example_dags/example_nested_branch_dag.py
[2024-10-03T11:21:01.057+0000] {logging_mixin.py:190} INFO - [2024-10-03T11:21:01.057+0000] {dag.py:3239} INFO - Sync 1 DAGs
[2024-10-03T11:21:01.069+0000] {logging_mixin.py:190} INFO - [2024-10-03T11:21:01.069+0000] {dag.py:4180} INFO - Setting next_dagrun for example_nested_branch_dag to 2024-10-02 00:00:00+00:00, run_after=2024-10-03 00:00:00+00:00
[2024-10-03T11:21:01.078+0000] {processor.py:208} INFO - Processing /home/airflow/.local/lib/python3.12/site-packages/airflow/example_dags/example_nested_branch_dag.py took 0.045 seconds
[2024-10-03T11:21:31.508+0000] {processor.py:186} INFO - Started process (PID=1416) to work on /home/airflow/.local/lib/python3.12/site-packages/airflow/example_dags/example_nested_branch_dag.py
[2024-10-03T11:21:31.508+0000] {processor.py:914} INFO - Processing file /home/airflow/.local/lib/python3.12/site-packages/airflow/example_dags/example_nested_branch_dag.py for tasks to queue
[2024-10-03T11:21:31.510+0000] {logging_mixin.py:190} INFO - [2024-10-03T11:21:31.509+0000] {dagbag.py:588} INFO - Filling up the DagBag from /home/airflow/.local/lib/python3.12/site-packages/airflow/example_dags/example_nested_branch_dag.py
[2024-10-03T11:21:31.516+0000] {processor.py:925} INFO - DAG(s) 'example_nested_branch_dag' retrieved from /home/airflow/.local/lib/python3.12/site-packages/airflow/example_dags/example_nested_branch_dag.py
[2024-10-03T11:21:31.527+0000] {logging_mixin.py:190} INFO - [2024-10-03T11:21:31.527+0000] {dag.py:3239} INFO - Sync 1 DAGs
[2024-10-03T11:21:31.540+0000] {logging_mixin.py:190} INFO - [2024-10-03T11:21:31.540+0000] {dag.py:4180} INFO - Setting next_dagrun for example_nested_branch_dag to 2024-10-02 00:00:00+00:00, run_after=2024-10-03 00:00:00+00:00
[2024-10-03T11:21:31.549+0000] {processor.py:208} INFO - Processing /home/airflow/.local/lib/python3.12/site-packages/airflow/example_dags/example_nested_branch_dag.py took 0.045 seconds
[2024-10-03T11:22:02.008+0000] {processor.py:186} INFO - Started process (PID=1702) to work on /home/airflow/.local/lib/python3.12/site-packages/airflow/example_dags/example_nested_branch_dag.py
[2024-10-03T11:22:02.009+0000] {processor.py:914} INFO - Processing file /home/airflow/.local/lib/python3.12/site-packages/airflow/example_dags/example_nested_branch_dag.py for tasks to queue
[2024-10-03T11:22:02.010+0000] {logging_mixin.py:190} INFO - [2024-10-03T11:22:02.010+0000] {dagbag.py:588} INFO - Filling up the DagBag from /home/airflow/.local/lib/python3.12/site-packages/airflow/example_dags/example_nested_branch_dag.py
[2024-10-03T11:22:02.017+0000] {processor.py:925} INFO - DAG(s) 'example_nested_branch_dag' retrieved from /home/airflow/.local/lib/python3.12/site-packages/airflow/example_dags/example_nested_branch_dag.py
[2024-10-03T11:22:02.028+0000] {logging_mixin.py:190} INFO - [2024-10-03T11:22:02.028+0000] {dag.py:3239} INFO - Sync 1 DAGs
[2024-10-03T11:22:02.040+0000] {logging_mixin.py:190} INFO - [2024-10-03T11:22:02.040+0000] {dag.py:4180} INFO - Setting next_dagrun for example_nested_branch_dag to 2024-10-02 00:00:00+00:00, run_after=2024-10-03 00:00:00+00:00
[2024-10-03T11:22:02.048+0000] {processor.py:208} INFO - Processing /home/airflow/.local/lib/python3.12/site-packages/airflow/example_dags/example_nested_branch_dag.py took 0.043 seconds
[2024-10-03T11:22:32.447+0000] {processor.py:186} INFO - Started process (PID=1988) to work on /home/airflow/.local/lib/python3.12/site-packages/airflow/example_dags/example_nested_branch_dag.py
[2024-10-03T11:22:32.448+0000] {processor.py:914} INFO - Processing file /home/airflow/.local/lib/python3.12/site-packages/airflow/example_dags/example_nested_branch_dag.py for tasks to queue
[2024-10-03T11:22:32.449+0000] {logging_mixin.py:190} INFO - [2024-10-03T11:22:32.449+0000] {dagbag.py:588} INFO - Filling up the DagBag from /home/airflow/.local/lib/python3.12/site-packages/airflow/example_dags/example_nested_branch_dag.py
[2024-10-03T11:22:32.456+0000] {processor.py:925} INFO - DAG(s) 'example_nested_branch_dag' retrieved from /home/airflow/.local/lib/python3.12/site-packages/airflow/example_dags/example_nested_branch_dag.py
[2024-10-03T11:22:32.468+0000] {logging_mixin.py:190} INFO - [2024-10-03T11:22:32.468+0000] {dag.py:3239} INFO - Sync 1 DAGs
[2024-10-03T11:22:32.481+0000] {logging_mixin.py:190} INFO - [2024-10-03T11:22:32.480+0000] {dag.py:4180} INFO - Setting next_dagrun for example_nested_branch_dag to 2024-10-02 00:00:00+00:00, run_after=2024-10-03 00:00:00+00:00
[2024-10-03T11:22:32.489+0000] {processor.py:208} INFO - Processing /home/airflow/.local/lib/python3.12/site-packages/airflow/example_dags/example_nested_branch_dag.py took 0.046 seconds
[2024-10-03T11:23:03.071+0000] {processor.py:186} INFO - Started process (PID=2274) to work on /home/airflow/.local/lib/python3.12/site-packages/airflow/example_dags/example_nested_branch_dag.py
[2024-10-03T11:23:03.072+0000] {processor.py:914} INFO - Processing file /home/airflow/.local/lib/python3.12/site-packages/airflow/example_dags/example_nested_branch_dag.py for tasks to queue
[2024-10-03T11:23:03.073+0000] {logging_mixin.py:190} INFO - [2024-10-03T11:23:03.073+0000] {dagbag.py:588} INFO - Filling up the DagBag from /home/airflow/.local/lib/python3.12/site-packages/airflow/example_dags/example_nested_branch_dag.py
[2024-10-03T11:23:03.080+0000] {processor.py:925} INFO - DAG(s) 'example_nested_branch_dag' retrieved from /home/airflow/.local/lib/python3.12/site-packages/airflow/example_dags/example_nested_branch_dag.py
[2024-10-03T11:23:03.091+0000] {logging_mixin.py:190} INFO - [2024-10-03T11:23:03.091+0000] {dag.py:3239} INFO - Sync 1 DAGs
[2024-10-03T11:23:03.104+0000] {logging_mixin.py:190} INFO - [2024-10-03T11:23:03.103+0000] {dag.py:4180} INFO - Setting next_dagrun for example_nested_branch_dag to 2024-10-02 00:00:00+00:00, run_after=2024-10-03 00:00:00+00:00
[2024-10-03T11:23:03.113+0000] {processor.py:208} INFO - Processing /home/airflow/.local/lib/python3.12/site-packages/airflow/example_dags/example_nested_branch_dag.py took 0.045 seconds
[2024-10-03T11:23:33.300+0000] {processor.py:186} INFO - Started process (PID=2560) to work on /home/airflow/.local/lib/python3.12/site-packages/airflow/example_dags/example_nested_branch_dag.py
[2024-10-03T11:23:33.301+0000] {processor.py:914} INFO - Processing file /home/airflow/.local/lib/python3.12/site-packages/airflow/example_dags/example_nested_branch_dag.py for tasks to queue
[2024-10-03T11:23:33.302+0000] {logging_mixin.py:190} INFO - [2024-10-03T11:23:33.302+0000] {dagbag.py:588} INFO - Filling up the DagBag from /home/airflow/.local/lib/python3.12/site-packages/airflow/example_dags/example_nested_branch_dag.py
[2024-10-03T11:23:33.308+0000] {processor.py:925} INFO - DAG(s) 'example_nested_branch_dag' retrieved from /home/airflow/.local/lib/python3.12/site-packages/airflow/example_dags/example_nested_branch_dag.py
[2024-10-03T11:23:33.320+0000] {logging_mixin.py:190} INFO - [2024-10-03T11:23:33.320+0000] {dag.py:3239} INFO - Sync 1 DAGs
[2024-10-03T11:23:33.332+0000] {logging_mixin.py:190} INFO - [2024-10-03T11:23:33.331+0000] {dag.py:4180} INFO - Setting next_dagrun for example_nested_branch_dag to 2024-10-02 00:00:00+00:00, run_after=2024-10-03 00:00:00+00:00
[2024-10-03T11:23:33.340+0000] {processor.py:208} INFO - Processing /home/airflow/.local/lib/python3.12/site-packages/airflow/example_dags/example_nested_branch_dag.py took 0.043 seconds
[2024-10-03T11:24:03.697+0000] {processor.py:186} INFO - Started process (PID=2846) to work on /home/airflow/.local/lib/python3.12/site-packages/airflow/example_dags/example_nested_branch_dag.py
[2024-10-03T11:24:03.698+0000] {processor.py:914} INFO - Processing file /home/airflow/.local/lib/python3.12/site-packages/airflow/example_dags/example_nested_branch_dag.py for tasks to queue
[2024-10-03T11:24:03.700+0000] {logging_mixin.py:190} INFO - [2024-10-03T11:24:03.700+0000] {dagbag.py:588} INFO - Filling up the DagBag from /home/airflow/.local/lib/python3.12/site-packages/airflow/example_dags/example_nested_branch_dag.py
[2024-10-03T11:24:03.706+0000] {processor.py:925} INFO - DAG(s) 'example_nested_branch_dag' retrieved from /home/airflow/.local/lib/python3.12/site-packages/airflow/example_dags/example_nested_branch_dag.py
[2024-10-03T11:24:03.719+0000] {logging_mixin.py:190} INFO - [2024-10-03T11:24:03.719+0000] {dag.py:3239} INFO - Sync 1 DAGs
[2024-10-03T11:24:03.731+0000] {logging_mixin.py:190} INFO - [2024-10-03T11:24:03.731+0000] {dag.py:4180} INFO - Setting next_dagrun for example_nested_branch_dag to 2024-10-02 00:00:00+00:00, run_after=2024-10-03 00:00:00+00:00
[2024-10-03T11:24:03.740+0000] {processor.py:208} INFO - Processing /home/airflow/.local/lib/python3.12/site-packages/airflow/example_dags/example_nested_branch_dag.py took 0.047 seconds
[2024-10-03T11:24:34.223+0000] {processor.py:186} INFO - Started process (PID=3132) to work on /home/airflow/.local/lib/python3.12/site-packages/airflow/example_dags/example_nested_branch_dag.py
[2024-10-03T11:24:34.224+0000] {processor.py:914} INFO - Processing file /home/airflow/.local/lib/python3.12/site-packages/airflow/example_dags/example_nested_branch_dag.py for tasks to queue
[2024-10-03T11:24:34.226+0000] {logging_mixin.py:190} INFO - [2024-10-03T11:24:34.225+0000] {dagbag.py:588} INFO - Filling up the DagBag from /home/airflow/.local/lib/python3.12/site-packages/airflow/example_dags/example_nested_branch_dag.py
[2024-10-03T11:24:34.233+0000] {processor.py:925} INFO - DAG(s) 'example_nested_branch_dag' retrieved from /home/airflow/.local/lib/python3.12/site-packages/airflow/example_dags/example_nested_branch_dag.py
[2024-10-03T11:24:34.244+0000] {logging_mixin.py:190} INFO - [2024-10-03T11:24:34.244+0000] {dag.py:3239} INFO - Sync 1 DAGs
[2024-10-03T11:24:34.257+0000] {logging_mixin.py:190} INFO - [2024-10-03T11:24:34.257+0000] {dag.py:4180} INFO - Setting next_dagrun for example_nested_branch_dag to 2024-10-02 00:00:00+00:00, run_after=2024-10-03 00:00:00+00:00
[2024-10-03T11:24:34.266+0000] {processor.py:208} INFO - Processing /home/airflow/.local/lib/python3.12/site-packages/airflow/example_dags/example_nested_branch_dag.py took 0.046 seconds
[2024-10-03T11:25:04.841+0000] {processor.py:186} INFO - Started process (PID=3418) to work on /home/airflow/.local/lib/python3.12/site-packages/airflow/example_dags/example_nested_branch_dag.py
[2024-10-03T11:25:04.842+0000] {processor.py:914} INFO - Processing file /home/airflow/.local/lib/python3.12/site-packages/airflow/example_dags/example_nested_branch_dag.py for tasks to queue
[2024-10-03T11:25:04.844+0000] {logging_mixin.py:190} INFO - [2024-10-03T11:25:04.844+0000] {dagbag.py:588} INFO - Filling up the DagBag from /home/airflow/.local/lib/python3.12/site-packages/airflow/example_dags/example_nested_branch_dag.py
[2024-10-03T11:25:04.852+0000] {processor.py:925} INFO - DAG(s) 'example_nested_branch_dag' retrieved from /home/airflow/.local/lib/python3.12/site-packages/airflow/example_dags/example_nested_branch_dag.py
[2024-10-03T11:25:04.866+0000] {logging_mixin.py:190} INFO - [2024-10-03T11:25:04.866+0000] {dag.py:3239} INFO - Sync 1 DAGs
[2024-10-03T11:25:04.879+0000] {logging_mixin.py:190} INFO - [2024-10-03T11:25:04.879+0000] {dag.py:4180} INFO - Setting next_dagrun for example_nested_branch_dag to 2024-10-02 00:00:00+00:00, run_after=2024-10-03 00:00:00+00:00
[2024-10-03T11:25:04.888+0000] {processor.py:208} INFO - Processing /home/airflow/.local/lib/python3.12/site-packages/airflow/example_dags/example_nested_branch_dag.py took 0.051 seconds
[2024-10-03T11:25:35.378+0000] {processor.py:186} INFO - Started process (PID=3704) to work on /home/airflow/.local/lib/python3.12/site-packages/airflow/example_dags/example_nested_branch_dag.py
[2024-10-03T11:25:35.378+0000] {processor.py:914} INFO - Processing file /home/airflow/.local/lib/python3.12/site-packages/airflow/example_dags/example_nested_branch_dag.py for tasks to queue
[2024-10-03T11:25:35.380+0000] {logging_mixin.py:190} INFO - [2024-10-03T11:25:35.380+0000] {dagbag.py:588} INFO - Filling up the DagBag from /home/airflow/.local/lib/python3.12/site-packages/airflow/example_dags/example_nested_branch_dag.py
[2024-10-03T11:25:35.386+0000] {processor.py:925} INFO - DAG(s) 'example_nested_branch_dag' retrieved from /home/airflow/.local/lib/python3.12/site-packages/airflow/example_dags/example_nested_branch_dag.py
[2024-10-03T11:25:35.400+0000] {logging_mixin.py:190} INFO - [2024-10-03T11:25:35.399+0000] {dag.py:3239} INFO - Sync 1 DAGs
[2024-10-03T11:25:35.413+0000] {logging_mixin.py:190} INFO - [2024-10-03T11:25:35.413+0000] {dag.py:4180} INFO - Setting next_dagrun for example_nested_branch_dag to 2024-10-02 00:00:00+00:00, run_after=2024-10-03 00:00:00+00:00
[2024-10-03T11:25:35.423+0000] {processor.py:208} INFO - Processing /home/airflow/.local/lib/python3.12/site-packages/airflow/example_dags/example_nested_branch_dag.py took 0.048 seconds
[2024-10-03T11:26:05.725+0000] {processor.py:186} INFO - Started process (PID=3994) to work on /home/airflow/.local/lib/python3.12/site-packages/airflow/example_dags/example_nested_branch_dag.py
[2024-10-03T11:26:05.726+0000] {processor.py:914} INFO - Processing file /home/airflow/.local/lib/python3.12/site-packages/airflow/example_dags/example_nested_branch_dag.py for tasks to queue
[2024-10-03T11:26:05.727+0000] {logging_mixin.py:190} INFO - [2024-10-03T11:26:05.727+0000] {dagbag.py:588} INFO - Filling up the DagBag from /home/airflow/.local/lib/python3.12/site-packages/airflow/example_dags/example_nested_branch_dag.py
[2024-10-03T11:26:05.734+0000] {processor.py:925} INFO - DAG(s) 'example_nested_branch_dag' retrieved from /home/airflow/.local/lib/python3.12/site-packages/airflow/example_dags/example_nested_branch_dag.py
[2024-10-03T11:26:05.752+0000] {logging_mixin.py:190} INFO - [2024-10-03T11:26:05.752+0000] {dag.py:3239} INFO - Sync 1 DAGs
[2024-10-03T11:26:05.765+0000] {logging_mixin.py:190} INFO - [2024-10-03T11:26:05.765+0000] {dag.py:4180} INFO - Setting next_dagrun for example_nested_branch_dag to 2024-10-02 00:00:00+00:00, run_after=2024-10-03 00:00:00+00:00
[2024-10-03T11:26:05.774+0000] {processor.py:208} INFO - Processing /home/airflow/.local/lib/python3.12/site-packages/airflow/example_dags/example_nested_branch_dag.py took 0.053 seconds
[2024-10-03T11:26:36.237+0000] {processor.py:186} INFO - Started process (PID=4285) to work on /home/airflow/.local/lib/python3.12/site-packages/airflow/example_dags/example_nested_branch_dag.py
[2024-10-03T11:26:36.237+0000] {processor.py:914} INFO - Processing file /home/airflow/.local/lib/python3.12/site-packages/airflow/example_dags/example_nested_branch_dag.py for tasks to queue
[2024-10-03T11:26:36.239+0000] {logging_mixin.py:190} INFO - [2024-10-03T11:26:36.239+0000] {dagbag.py:588} INFO - Filling up the DagBag from /home/airflow/.local/lib/python3.12/site-packages/airflow/example_dags/example_nested_branch_dag.py
[2024-10-03T11:26:36.245+0000] {processor.py:925} INFO - DAG(s) 'example_nested_branch_dag' retrieved from /home/airflow/.local/lib/python3.12/site-packages/airflow/example_dags/example_nested_branch_dag.py
[2024-10-03T11:26:36.257+0000] {logging_mixin.py:190} INFO - [2024-10-03T11:26:36.257+0000] {dag.py:3239} INFO - Sync 1 DAGs
[2024-10-03T11:26:36.269+0000] {logging_mixin.py:190} INFO - [2024-10-03T11:26:36.268+0000] {dag.py:4180} INFO - Setting next_dagrun for example_nested_branch_dag to 2024-10-02 00:00:00+00:00, run_after=2024-10-03 00:00:00+00:00
[2024-10-03T11:26:36.277+0000] {processor.py:208} INFO - Processing /home/airflow/.local/lib/python3.12/site-packages/airflow/example_dags/example_nested_branch_dag.py took 0.044 seconds
[2024-10-03T11:27:06.655+0000] {processor.py:186} INFO - Started process (PID=4571) to work on /home/airflow/.local/lib/python3.12/site-packages/airflow/example_dags/example_nested_branch_dag.py
[2024-10-03T11:27:06.656+0000] {processor.py:914} INFO - Processing file /home/airflow/.local/lib/python3.12/site-packages/airflow/example_dags/example_nested_branch_dag.py for tasks to queue
[2024-10-03T11:27:06.657+0000] {logging_mixin.py:190} INFO - [2024-10-03T11:27:06.657+0000] {dagbag.py:588} INFO - Filling up the DagBag from /home/airflow/.local/lib/python3.12/site-packages/airflow/example_dags/example_nested_branch_dag.py
[2024-10-03T11:27:06.663+0000] {processor.py:925} INFO - DAG(s) 'example_nested_branch_dag' retrieved from /home/airflow/.local/lib/python3.12/site-packages/airflow/example_dags/example_nested_branch_dag.py
[2024-10-03T11:27:06.674+0000] {logging_mixin.py:190} INFO - [2024-10-03T11:27:06.674+0000] {dag.py:3239} INFO - Sync 1 DAGs
[2024-10-03T11:27:06.686+0000] {logging_mixin.py:190} INFO - [2024-10-03T11:27:06.686+0000] {dag.py:4180} INFO - Setting next_dagrun for example_nested_branch_dag to 2024-10-02 00:00:00+00:00, run_after=2024-10-03 00:00:00+00:00
[2024-10-03T11:27:06.694+0000] {processor.py:208} INFO - Processing /home/airflow/.local/lib/python3.12/site-packages/airflow/example_dags/example_nested_branch_dag.py took 0.043 seconds
[2024-10-03T11:27:37.080+0000] {processor.py:186} INFO - Started process (PID=4857) to work on /home/airflow/.local/lib/python3.12/site-packages/airflow/example_dags/example_nested_branch_dag.py
[2024-10-03T11:27:37.081+0000] {processor.py:914} INFO - Processing file /home/airflow/.local/lib/python3.12/site-packages/airflow/example_dags/example_nested_branch_dag.py for tasks to queue
[2024-10-03T11:27:37.082+0000] {logging_mixin.py:190} INFO - [2024-10-03T11:27:37.082+0000] {dagbag.py:588} INFO - Filling up the DagBag from /home/airflow/.local/lib/python3.12/site-packages/airflow/example_dags/example_nested_branch_dag.py
[2024-10-03T11:27:37.089+0000] {processor.py:925} INFO - DAG(s) 'example_nested_branch_dag' retrieved from /home/airflow/.local/lib/python3.12/site-packages/airflow/example_dags/example_nested_branch_dag.py
[2024-10-03T11:27:37.102+0000] {logging_mixin.py:190} INFO - [2024-10-03T11:27:37.102+0000] {dag.py:3239} INFO - Sync 1 DAGs
[2024-10-03T11:27:37.114+0000] {logging_mixin.py:190} INFO - [2024-10-03T11:27:37.114+0000] {dag.py:4180} INFO - Setting next_dagrun for example_nested_branch_dag to 2024-10-02 00:00:00+00:00, run_after=2024-10-03 00:00:00+00:00
[2024-10-03T11:27:37.124+0000] {processor.py:208} INFO - Processing /home/airflow/.local/lib/python3.12/site-packages/airflow/example_dags/example_nested_branch_dag.py took 0.047 seconds
[2024-10-03T11:28:07.448+0000] {processor.py:186} INFO - Started process (PID=5143) to work on /home/airflow/.local/lib/python3.12/site-packages/airflow/example_dags/example_nested_branch_dag.py
[2024-10-03T11:28:07.449+0000] {processor.py:914} INFO - Processing file /home/airflow/.local/lib/python3.12/site-packages/airflow/example_dags/example_nested_branch_dag.py for tasks to queue
[2024-10-03T11:28:07.450+0000] {logging_mixin.py:190} INFO - [2024-10-03T11:28:07.450+0000] {dagbag.py:588} INFO - Filling up the DagBag from /home/airflow/.local/lib/python3.12/site-packages/airflow/example_dags/example_nested_branch_dag.py
[2024-10-03T11:28:07.457+0000] {processor.py:925} INFO - DAG(s) 'example_nested_branch_dag' retrieved from /home/airflow/.local/lib/python3.12/site-packages/airflow/example_dags/example_nested_branch_dag.py
[2024-10-03T11:28:07.469+0000] {logging_mixin.py:190} INFO - [2024-10-03T11:28:07.469+0000] {dag.py:3239} INFO - Sync 1 DAGs
[2024-10-03T11:28:07.481+0000] {logging_mixin.py:190} INFO - [2024-10-03T11:28:07.481+0000] {dag.py:4180} INFO - Setting next_dagrun for example_nested_branch_dag to 2024-10-02 00:00:00+00:00, run_after=2024-10-03 00:00:00+00:00
[2024-10-03T11:28:07.491+0000] {processor.py:208} INFO - Processing /home/airflow/.local/lib/python3.12/site-packages/airflow/example_dags/example_nested_branch_dag.py took 0.047 seconds
[2024-10-03T11:28:37.822+0000] {processor.py:186} INFO - Started process (PID=5429) to work on /home/airflow/.local/lib/python3.12/site-packages/airflow/example_dags/example_nested_branch_dag.py
[2024-10-03T11:28:37.823+0000] {processor.py:914} INFO - Processing file /home/airflow/.local/lib/python3.12/site-packages/airflow/example_dags/example_nested_branch_dag.py for tasks to queue
[2024-10-03T11:28:37.824+0000] {logging_mixin.py:190} INFO - [2024-10-03T11:28:37.824+0000] {dagbag.py:588} INFO - Filling up the DagBag from /home/airflow/.local/lib/python3.12/site-packages/airflow/example_dags/example_nested_branch_dag.py
[2024-10-03T11:28:37.831+0000] {processor.py:925} INFO - DAG(s) 'example_nested_branch_dag' retrieved from /home/airflow/.local/lib/python3.12/site-packages/airflow/example_dags/example_nested_branch_dag.py
[2024-10-03T11:28:37.843+0000] {logging_mixin.py:190} INFO - [2024-10-03T11:28:37.843+0000] {dag.py:3239} INFO - Sync 1 DAGs
[2024-10-03T11:28:37.856+0000] {logging_mixin.py:190} INFO - [2024-10-03T11:28:37.856+0000] {dag.py:4180} INFO - Setting next_dagrun for example_nested_branch_dag to 2024-10-02 00:00:00+00:00, run_after=2024-10-03 00:00:00+00:00
[2024-10-03T11:28:37.865+0000] {processor.py:208} INFO - Processing /home/airflow/.local/lib/python3.12/site-packages/airflow/example_dags/example_nested_branch_dag.py took 0.047 seconds
[2024-10-03T11:29:08.058+0000] {processor.py:186} INFO - Started process (PID=5739) to work on /home/airflow/.local/lib/python3.12/site-packages/airflow/example_dags/example_nested_branch_dag.py
[2024-10-03T11:29:08.059+0000] {processor.py:914} INFO - Processing file /home/airflow/.local/lib/python3.12/site-packages/airflow/example_dags/example_nested_branch_dag.py for tasks to queue
[2024-10-03T11:29:08.060+0000] {logging_mixin.py:190} INFO - [2024-10-03T11:29:08.060+0000] {dagbag.py:588} INFO - Filling up the DagBag from /home/airflow/.local/lib/python3.12/site-packages/airflow/example_dags/example_nested_branch_dag.py
[2024-10-03T11:29:08.067+0000] {processor.py:925} INFO - DAG(s) 'example_nested_branch_dag' retrieved from /home/airflow/.local/lib/python3.12/site-packages/airflow/example_dags/example_nested_branch_dag.py
[2024-10-03T11:29:08.078+0000] {logging_mixin.py:190} INFO - [2024-10-03T11:29:08.078+0000] {dag.py:3239} INFO - Sync 1 DAGs
[2024-10-03T11:29:08.089+0000] {logging_mixin.py:190} INFO - [2024-10-03T11:29:08.089+0000] {dag.py:4180} INFO - Setting next_dagrun for example_nested_branch_dag to 2024-10-02 00:00:00+00:00, run_after=2024-10-03 00:00:00+00:00
[2024-10-03T11:29:08.098+0000] {processor.py:208} INFO - Processing /home/airflow/.local/lib/python3.12/site-packages/airflow/example_dags/example_nested_branch_dag.py took 0.044 seconds
[2024-10-03T11:29:38.340+0000] {processor.py:186} INFO - Started process (PID=6025) to work on /home/airflow/.local/lib/python3.12/site-packages/airflow/example_dags/example_nested_branch_dag.py
[2024-10-03T11:29:38.341+0000] {processor.py:914} INFO - Processing file /home/airflow/.local/lib/python3.12/site-packages/airflow/example_dags/example_nested_branch_dag.py for tasks to queue
[2024-10-03T11:29:38.343+0000] {logging_mixin.py:190} INFO - [2024-10-03T11:29:38.343+0000] {dagbag.py:588} INFO - Filling up the DagBag from /home/airflow/.local/lib/python3.12/site-packages/airflow/example_dags/example_nested_branch_dag.py
[2024-10-03T11:29:38.349+0000] {processor.py:925} INFO - DAG(s) 'example_nested_branch_dag' retrieved from /home/airflow/.local/lib/python3.12/site-packages/airflow/example_dags/example_nested_branch_dag.py
[2024-10-03T11:29:38.362+0000] {logging_mixin.py:190} INFO - [2024-10-03T11:29:38.361+0000] {dag.py:3239} INFO - Sync 1 DAGs
[2024-10-03T11:29:38.374+0000] {logging_mixin.py:190} INFO - [2024-10-03T11:29:38.374+0000] {dag.py:4180} INFO - Setting next_dagrun for example_nested_branch_dag to 2024-10-02 00:00:00+00:00, run_after=2024-10-03 00:00:00+00:00
[2024-10-03T11:29:38.383+0000] {processor.py:208} INFO - Processing /home/airflow/.local/lib/python3.12/site-packages/airflow/example_dags/example_nested_branch_dag.py took 0.047 seconds
[2024-10-03T11:30:08.758+0000] {processor.py:186} INFO - Started process (PID=6311) to work on /home/airflow/.local/lib/python3.12/site-packages/airflow/example_dags/example_nested_branch_dag.py
[2024-10-03T11:30:08.759+0000] {processor.py:914} INFO - Processing file /home/airflow/.local/lib/python3.12/site-packages/airflow/example_dags/example_nested_branch_dag.py for tasks to queue
[2024-10-03T11:30:08.760+0000] {logging_mixin.py:190} INFO - [2024-10-03T11:30:08.760+0000] {dagbag.py:588} INFO - Filling up the DagBag from /home/airflow/.local/lib/python3.12/site-packages/airflow/example_dags/example_nested_branch_dag.py
[2024-10-03T11:30:08.768+0000] {processor.py:925} INFO - DAG(s) 'example_nested_branch_dag' retrieved from /home/airflow/.local/lib/python3.12/site-packages/airflow/example_dags/example_nested_branch_dag.py
[2024-10-03T11:30:08.781+0000] {logging_mixin.py:190} INFO - [2024-10-03T11:30:08.781+0000] {dag.py:3239} INFO - Sync 1 DAGs
[2024-10-03T11:30:08.792+0000] {logging_mixin.py:190} INFO - [2024-10-03T11:30:08.792+0000] {dag.py:4180} INFO - Setting next_dagrun for example_nested_branch_dag to 2024-10-02 00:00:00+00:00, run_after=2024-10-03 00:00:00+00:00
[2024-10-03T11:30:08.802+0000] {processor.py:208} INFO - Processing /home/airflow/.local/lib/python3.12/site-packages/airflow/example_dags/example_nested_branch_dag.py took 0.048 seconds
[2024-10-03T11:30:39.098+0000] {processor.py:186} INFO - Started process (PID=6597) to work on /home/airflow/.local/lib/python3.12/site-packages/airflow/example_dags/example_nested_branch_dag.py
[2024-10-03T11:30:39.099+0000] {processor.py:914} INFO - Processing file /home/airflow/.local/lib/python3.12/site-packages/airflow/example_dags/example_nested_branch_dag.py for tasks to queue
[2024-10-03T11:30:39.100+0000] {logging_mixin.py:190} INFO - [2024-10-03T11:30:39.100+0000] {dagbag.py:588} INFO - Filling up the DagBag from /home/airflow/.local/lib/python3.12/site-packages/airflow/example_dags/example_nested_branch_dag.py
[2024-10-03T11:30:39.107+0000] {processor.py:925} INFO - DAG(s) 'example_nested_branch_dag' retrieved from /home/airflow/.local/lib/python3.12/site-packages/airflow/example_dags/example_nested_branch_dag.py
[2024-10-03T11:30:39.118+0000] {logging_mixin.py:190} INFO - [2024-10-03T11:30:39.118+0000] {dag.py:3239} INFO - Sync 1 DAGs
[2024-10-03T11:30:39.130+0000] {logging_mixin.py:190} INFO - [2024-10-03T11:30:39.130+0000] {dag.py:4180} INFO - Setting next_dagrun for example_nested_branch_dag to 2024-10-02 00:00:00+00:00, run_after=2024-10-03 00:00:00+00:00
[2024-10-03T11:30:39.139+0000] {processor.py:208} INFO - Processing /home/airflow/.local/lib/python3.12/site-packages/airflow/example_dags/example_nested_branch_dag.py took 0.045 seconds
[2024-10-03T11:31:09.430+0000] {processor.py:186} INFO - Started process (PID=6883) to work on /home/airflow/.local/lib/python3.12/site-packages/airflow/example_dags/example_nested_branch_dag.py
[2024-10-03T11:31:09.430+0000] {processor.py:914} INFO - Processing file /home/airflow/.local/lib/python3.12/site-packages/airflow/example_dags/example_nested_branch_dag.py for tasks to queue
[2024-10-03T11:31:09.432+0000] {logging_mixin.py:190} INFO - [2024-10-03T11:31:09.432+0000] {dagbag.py:588} INFO - Filling up the DagBag from /home/airflow/.local/lib/python3.12/site-packages/airflow/example_dags/example_nested_branch_dag.py
[2024-10-03T11:31:09.438+0000] {processor.py:925} INFO - DAG(s) 'example_nested_branch_dag' retrieved from /home/airflow/.local/lib/python3.12/site-packages/airflow/example_dags/example_nested_branch_dag.py
[2024-10-03T11:31:09.450+0000] {logging_mixin.py:190} INFO - [2024-10-03T11:31:09.450+0000] {dag.py:3239} INFO - Sync 1 DAGs
[2024-10-03T11:31:09.462+0000] {logging_mixin.py:190} INFO - [2024-10-03T11:31:09.462+0000] {dag.py:4180} INFO - Setting next_dagrun for example_nested_branch_dag to 2024-10-02 00:00:00+00:00, run_after=2024-10-03 00:00:00+00:00
[2024-10-03T11:31:09.471+0000] {processor.py:208} INFO - Processing /home/airflow/.local/lib/python3.12/site-packages/airflow/example_dags/example_nested_branch_dag.py took 0.045 seconds
