[2024-10-03T11:19:29.152+0000] {processor.py:186} INFO - Started process (PID=237) to work on /home/airflow/.local/lib/python3.12/site-packages/airflow/example_dags/example_latest_only.py
[2024-10-03T11:19:29.152+0000] {processor.py:914} INFO - Processing file /home/airflow/.local/lib/python3.12/site-packages/airflow/example_dags/example_latest_only.py for tasks to queue
[2024-10-03T11:19:29.154+0000] {logging_mixin.py:190} INFO - [2024-10-03T11:19:29.154+0000] {dagbag.py:588} INFO - Filling up the DagBag from /home/airflow/.local/lib/python3.12/site-packages/airflow/example_dags/example_latest_only.py
[2024-10-03T11:19:29.158+0000] {processor.py:925} INFO - DAG(s) 'latest_only' retrieved from /home/airflow/.local/lib/python3.12/site-packages/airflow/example_dags/example_latest_only.py
[2024-10-03T11:19:29.212+0000] {logging_mixin.py:190} INFO - [2024-10-03T11:19:29.211+0000] {override.py:1900} INFO - Created Permission View: can delete on DAG:latest_only
[2024-10-03T11:19:29.216+0000] {logging_mixin.py:190} INFO - [2024-10-03T11:19:29.216+0000] {override.py:1900} INFO - Created Permission View: can read on DAG:latest_only
[2024-10-03T11:19:29.219+0000] {logging_mixin.py:190} INFO - [2024-10-03T11:19:29.219+0000] {override.py:1900} INFO - Created Permission View: can edit on DAG:latest_only
[2024-10-03T11:19:29.222+0000] {logging_mixin.py:190} INFO - [2024-10-03T11:19:29.222+0000] {override.py:1900} INFO - Created Permission View: can read on DAG Run:latest_only
[2024-10-03T11:19:29.225+0000] {logging_mixin.py:190} INFO - [2024-10-03T11:19:29.225+0000] {override.py:1900} INFO - Created Permission View: can create on DAG Run:latest_only
[2024-10-03T11:19:29.228+0000] {logging_mixin.py:190} INFO - [2024-10-03T11:19:29.227+0000] {override.py:1900} INFO - Created Permission View: menu access on DAG Run:latest_only
[2024-10-03T11:19:29.231+0000] {logging_mixin.py:190} INFO - [2024-10-03T11:19:29.230+0000] {override.py:1900} INFO - Created Permission View: can delete on DAG Run:latest_only
[2024-10-03T11:19:29.231+0000] {logging_mixin.py:190} INFO - [2024-10-03T11:19:29.231+0000] {dag.py:3239} INFO - Sync 1 DAGs
[2024-10-03T11:19:29.237+0000] {logging_mixin.py:190} INFO - [2024-10-03T11:19:29.237+0000] {dag.py:3262} INFO - Creating ORM DAG for latest_only
[2024-10-03T11:19:29.243+0000] {logging_mixin.py:190} INFO - [2024-10-03T11:19:29.243+0000] {dag.py:4180} INFO - Setting next_dagrun for latest_only to 2024-10-03 04:00:00+00:00, run_after=2024-10-03 08:00:00+00:00
[2024-10-03T11:19:29.252+0000] {processor.py:208} INFO - Processing /home/airflow/.local/lib/python3.12/site-packages/airflow/example_dags/example_latest_only.py took 0.104 seconds
[2024-10-03T11:19:59.949+0000] {processor.py:186} INFO - Started process (PID=523) to work on /home/airflow/.local/lib/python3.12/site-packages/airflow/example_dags/example_latest_only.py
[2024-10-03T11:19:59.950+0000] {processor.py:914} INFO - Processing file /home/airflow/.local/lib/python3.12/site-packages/airflow/example_dags/example_latest_only.py for tasks to queue
[2024-10-03T11:19:59.951+0000] {logging_mixin.py:190} INFO - [2024-10-03T11:19:59.951+0000] {dagbag.py:588} INFO - Filling up the DagBag from /home/airflow/.local/lib/python3.12/site-packages/airflow/example_dags/example_latest_only.py
[2024-10-03T11:19:59.956+0000] {processor.py:925} INFO - DAG(s) 'latest_only' retrieved from /home/airflow/.local/lib/python3.12/site-packages/airflow/example_dags/example_latest_only.py
[2024-10-03T11:19:59.967+0000] {logging_mixin.py:190} INFO - [2024-10-03T11:19:59.967+0000] {dag.py:3239} INFO - Sync 1 DAGs
[2024-10-03T11:19:59.978+0000] {logging_mixin.py:190} INFO - [2024-10-03T11:19:59.978+0000] {dag.py:4180} INFO - Setting next_dagrun for latest_only to 2024-10-03 04:00:00+00:00, run_after=2024-10-03 08:00:00+00:00
[2024-10-03T11:19:59.988+0000] {processor.py:208} INFO - Processing /home/airflow/.local/lib/python3.12/site-packages/airflow/example_dags/example_latest_only.py took 0.043 seconds
[2024-10-03T11:20:30.419+0000] {processor.py:186} INFO - Started process (PID=809) to work on /home/airflow/.local/lib/python3.12/site-packages/airflow/example_dags/example_latest_only.py
[2024-10-03T11:20:30.420+0000] {processor.py:914} INFO - Processing file /home/airflow/.local/lib/python3.12/site-packages/airflow/example_dags/example_latest_only.py for tasks to queue
[2024-10-03T11:20:30.421+0000] {logging_mixin.py:190} INFO - [2024-10-03T11:20:30.421+0000] {dagbag.py:588} INFO - Filling up the DagBag from /home/airflow/.local/lib/python3.12/site-packages/airflow/example_dags/example_latest_only.py
[2024-10-03T11:20:30.426+0000] {processor.py:925} INFO - DAG(s) 'latest_only' retrieved from /home/airflow/.local/lib/python3.12/site-packages/airflow/example_dags/example_latest_only.py
[2024-10-03T11:20:30.438+0000] {logging_mixin.py:190} INFO - [2024-10-03T11:20:30.437+0000] {dag.py:3239} INFO - Sync 1 DAGs
[2024-10-03T11:20:30.449+0000] {logging_mixin.py:190} INFO - [2024-10-03T11:20:30.449+0000] {dag.py:4180} INFO - Setting next_dagrun for latest_only to 2024-10-03 04:00:00+00:00, run_after=2024-10-03 08:00:00+00:00
[2024-10-03T11:20:30.457+0000] {processor.py:208} INFO - Processing /home/airflow/.local/lib/python3.12/site-packages/airflow/example_dags/example_latest_only.py took 0.042 seconds
[2024-10-03T11:21:00.824+0000] {processor.py:186} INFO - Started process (PID=1095) to work on /home/airflow/.local/lib/python3.12/site-packages/airflow/example_dags/example_latest_only.py
[2024-10-03T11:21:00.825+0000] {processor.py:914} INFO - Processing file /home/airflow/.local/lib/python3.12/site-packages/airflow/example_dags/example_latest_only.py for tasks to queue
[2024-10-03T11:21:00.826+0000] {logging_mixin.py:190} INFO - [2024-10-03T11:21:00.826+0000] {dagbag.py:588} INFO - Filling up the DagBag from /home/airflow/.local/lib/python3.12/site-packages/airflow/example_dags/example_latest_only.py
[2024-10-03T11:21:00.830+0000] {processor.py:925} INFO - DAG(s) 'latest_only' retrieved from /home/airflow/.local/lib/python3.12/site-packages/airflow/example_dags/example_latest_only.py
[2024-10-03T11:21:00.842+0000] {logging_mixin.py:190} INFO - [2024-10-03T11:21:00.841+0000] {dag.py:3239} INFO - Sync 1 DAGs
[2024-10-03T11:21:00.853+0000] {logging_mixin.py:190} INFO - [2024-10-03T11:21:00.853+0000] {dag.py:4180} INFO - Setting next_dagrun for latest_only to 2024-10-03 04:00:00+00:00, run_after=2024-10-03 08:00:00+00:00
[2024-10-03T11:21:00.863+0000] {processor.py:208} INFO - Processing /home/airflow/.local/lib/python3.12/site-packages/airflow/example_dags/example_latest_only.py took 0.042 seconds
[2024-10-03T11:21:31.291+0000] {processor.py:186} INFO - Started process (PID=1381) to work on /home/airflow/.local/lib/python3.12/site-packages/airflow/example_dags/example_latest_only.py
[2024-10-03T11:21:31.292+0000] {processor.py:914} INFO - Processing file /home/airflow/.local/lib/python3.12/site-packages/airflow/example_dags/example_latest_only.py for tasks to queue
[2024-10-03T11:21:31.294+0000] {logging_mixin.py:190} INFO - [2024-10-03T11:21:31.294+0000] {dagbag.py:588} INFO - Filling up the DagBag from /home/airflow/.local/lib/python3.12/site-packages/airflow/example_dags/example_latest_only.py
[2024-10-03T11:21:31.298+0000] {processor.py:925} INFO - DAG(s) 'latest_only' retrieved from /home/airflow/.local/lib/python3.12/site-packages/airflow/example_dags/example_latest_only.py
[2024-10-03T11:21:31.309+0000] {logging_mixin.py:190} INFO - [2024-10-03T11:21:31.309+0000] {dag.py:3239} INFO - Sync 1 DAGs
[2024-10-03T11:21:31.321+0000] {logging_mixin.py:190} INFO - [2024-10-03T11:21:31.321+0000] {dag.py:4180} INFO - Setting next_dagrun for latest_only to 2024-10-03 04:00:00+00:00, run_after=2024-10-03 08:00:00+00:00
[2024-10-03T11:21:31.331+0000] {processor.py:208} INFO - Processing /home/airflow/.local/lib/python3.12/site-packages/airflow/example_dags/example_latest_only.py took 0.043 seconds
[2024-10-03T11:22:01.804+0000] {processor.py:186} INFO - Started process (PID=1667) to work on /home/airflow/.local/lib/python3.12/site-packages/airflow/example_dags/example_latest_only.py
[2024-10-03T11:22:01.804+0000] {processor.py:914} INFO - Processing file /home/airflow/.local/lib/python3.12/site-packages/airflow/example_dags/example_latest_only.py for tasks to queue
[2024-10-03T11:22:01.806+0000] {logging_mixin.py:190} INFO - [2024-10-03T11:22:01.806+0000] {dagbag.py:588} INFO - Filling up the DagBag from /home/airflow/.local/lib/python3.12/site-packages/airflow/example_dags/example_latest_only.py
[2024-10-03T11:22:01.809+0000] {processor.py:925} INFO - DAG(s) 'latest_only' retrieved from /home/airflow/.local/lib/python3.12/site-packages/airflow/example_dags/example_latest_only.py
[2024-10-03T11:22:01.819+0000] {logging_mixin.py:190} INFO - [2024-10-03T11:22:01.819+0000] {dag.py:3239} INFO - Sync 1 DAGs
[2024-10-03T11:22:01.831+0000] {logging_mixin.py:190} INFO - [2024-10-03T11:22:01.831+0000] {dag.py:4180} INFO - Setting next_dagrun for latest_only to 2024-10-03 04:00:00+00:00, run_after=2024-10-03 08:00:00+00:00
[2024-10-03T11:22:01.839+0000] {processor.py:208} INFO - Processing /home/airflow/.local/lib/python3.12/site-packages/airflow/example_dags/example_latest_only.py took 0.039 seconds
[2024-10-03T11:22:32.219+0000] {processor.py:186} INFO - Started process (PID=1953) to work on /home/airflow/.local/lib/python3.12/site-packages/airflow/example_dags/example_latest_only.py
[2024-10-03T11:22:32.219+0000] {processor.py:914} INFO - Processing file /home/airflow/.local/lib/python3.12/site-packages/airflow/example_dags/example_latest_only.py for tasks to queue
[2024-10-03T11:22:32.221+0000] {logging_mixin.py:190} INFO - [2024-10-03T11:22:32.220+0000] {dagbag.py:588} INFO - Filling up the DagBag from /home/airflow/.local/lib/python3.12/site-packages/airflow/example_dags/example_latest_only.py
[2024-10-03T11:22:32.225+0000] {processor.py:925} INFO - DAG(s) 'latest_only' retrieved from /home/airflow/.local/lib/python3.12/site-packages/airflow/example_dags/example_latest_only.py
[2024-10-03T11:22:32.236+0000] {logging_mixin.py:190} INFO - [2024-10-03T11:22:32.236+0000] {dag.py:3239} INFO - Sync 1 DAGs
[2024-10-03T11:22:32.248+0000] {logging_mixin.py:190} INFO - [2024-10-03T11:22:32.247+0000] {dag.py:4180} INFO - Setting next_dagrun for latest_only to 2024-10-03 04:00:00+00:00, run_after=2024-10-03 08:00:00+00:00
[2024-10-03T11:22:32.257+0000] {processor.py:208} INFO - Processing /home/airflow/.local/lib/python3.12/site-packages/airflow/example_dags/example_latest_only.py took 0.042 seconds
[2024-10-03T11:23:02.850+0000] {processor.py:186} INFO - Started process (PID=2239) to work on /home/airflow/.local/lib/python3.12/site-packages/airflow/example_dags/example_latest_only.py
[2024-10-03T11:23:02.851+0000] {processor.py:914} INFO - Processing file /home/airflow/.local/lib/python3.12/site-packages/airflow/example_dags/example_latest_only.py for tasks to queue
[2024-10-03T11:23:02.853+0000] {logging_mixin.py:190} INFO - [2024-10-03T11:23:02.853+0000] {dagbag.py:588} INFO - Filling up the DagBag from /home/airflow/.local/lib/python3.12/site-packages/airflow/example_dags/example_latest_only.py
[2024-10-03T11:23:02.857+0000] {processor.py:925} INFO - DAG(s) 'latest_only' retrieved from /home/airflow/.local/lib/python3.12/site-packages/airflow/example_dags/example_latest_only.py
[2024-10-03T11:23:02.869+0000] {logging_mixin.py:190} INFO - [2024-10-03T11:23:02.869+0000] {dag.py:3239} INFO - Sync 1 DAGs
[2024-10-03T11:23:02.882+0000] {logging_mixin.py:190} INFO - [2024-10-03T11:23:02.882+0000] {dag.py:4180} INFO - Setting next_dagrun for latest_only to 2024-10-03 04:00:00+00:00, run_after=2024-10-03 08:00:00+00:00
[2024-10-03T11:23:02.894+0000] {processor.py:208} INFO - Processing /home/airflow/.local/lib/python3.12/site-packages/airflow/example_dags/example_latest_only.py took 0.048 seconds
[2024-10-03T11:23:33.092+0000] {processor.py:186} INFO - Started process (PID=2525) to work on /home/airflow/.local/lib/python3.12/site-packages/airflow/example_dags/example_latest_only.py
[2024-10-03T11:23:33.092+0000] {processor.py:914} INFO - Processing file /home/airflow/.local/lib/python3.12/site-packages/airflow/example_dags/example_latest_only.py for tasks to queue
[2024-10-03T11:23:33.094+0000] {logging_mixin.py:190} INFO - [2024-10-03T11:23:33.093+0000] {dagbag.py:588} INFO - Filling up the DagBag from /home/airflow/.local/lib/python3.12/site-packages/airflow/example_dags/example_latest_only.py
[2024-10-03T11:23:33.098+0000] {processor.py:925} INFO - DAG(s) 'latest_only' retrieved from /home/airflow/.local/lib/python3.12/site-packages/airflow/example_dags/example_latest_only.py
[2024-10-03T11:23:33.109+0000] {logging_mixin.py:190} INFO - [2024-10-03T11:23:33.109+0000] {dag.py:3239} INFO - Sync 1 DAGs
[2024-10-03T11:23:33.119+0000] {logging_mixin.py:190} INFO - [2024-10-03T11:23:33.119+0000] {dag.py:4180} INFO - Setting next_dagrun for latest_only to 2024-10-03 04:00:00+00:00, run_after=2024-10-03 08:00:00+00:00
[2024-10-03T11:23:33.128+0000] {processor.py:208} INFO - Processing /home/airflow/.local/lib/python3.12/site-packages/airflow/example_dags/example_latest_only.py took 0.040 seconds
[2024-10-03T11:24:03.474+0000] {processor.py:186} INFO - Started process (PID=2811) to work on /home/airflow/.local/lib/python3.12/site-packages/airflow/example_dags/example_latest_only.py
[2024-10-03T11:24:03.475+0000] {processor.py:914} INFO - Processing file /home/airflow/.local/lib/python3.12/site-packages/airflow/example_dags/example_latest_only.py for tasks to queue
[2024-10-03T11:24:03.477+0000] {logging_mixin.py:190} INFO - [2024-10-03T11:24:03.476+0000] {dagbag.py:588} INFO - Filling up the DagBag from /home/airflow/.local/lib/python3.12/site-packages/airflow/example_dags/example_latest_only.py
[2024-10-03T11:24:03.481+0000] {processor.py:925} INFO - DAG(s) 'latest_only' retrieved from /home/airflow/.local/lib/python3.12/site-packages/airflow/example_dags/example_latest_only.py
[2024-10-03T11:24:03.492+0000] {logging_mixin.py:190} INFO - [2024-10-03T11:24:03.492+0000] {dag.py:3239} INFO - Sync 1 DAGs
[2024-10-03T11:24:03.504+0000] {logging_mixin.py:190} INFO - [2024-10-03T11:24:03.504+0000] {dag.py:4180} INFO - Setting next_dagrun for latest_only to 2024-10-03 04:00:00+00:00, run_after=2024-10-03 08:00:00+00:00
[2024-10-03T11:24:03.514+0000] {processor.py:208} INFO - Processing /home/airflow/.local/lib/python3.12/site-packages/airflow/example_dags/example_latest_only.py took 0.043 seconds
[2024-10-03T11:24:34.001+0000] {processor.py:186} INFO - Started process (PID=3097) to work on /home/airflow/.local/lib/python3.12/site-packages/airflow/example_dags/example_latest_only.py
[2024-10-03T11:24:34.002+0000] {processor.py:914} INFO - Processing file /home/airflow/.local/lib/python3.12/site-packages/airflow/example_dags/example_latest_only.py for tasks to queue
[2024-10-03T11:24:34.004+0000] {logging_mixin.py:190} INFO - [2024-10-03T11:24:34.004+0000] {dagbag.py:588} INFO - Filling up the DagBag from /home/airflow/.local/lib/python3.12/site-packages/airflow/example_dags/example_latest_only.py
[2024-10-03T11:24:34.008+0000] {processor.py:925} INFO - DAG(s) 'latest_only' retrieved from /home/airflow/.local/lib/python3.12/site-packages/airflow/example_dags/example_latest_only.py
[2024-10-03T11:24:34.022+0000] {logging_mixin.py:190} INFO - [2024-10-03T11:24:34.022+0000] {dag.py:3239} INFO - Sync 1 DAGs
[2024-10-03T11:24:34.033+0000] {logging_mixin.py:190} INFO - [2024-10-03T11:24:34.033+0000] {dag.py:4180} INFO - Setting next_dagrun for latest_only to 2024-10-03 04:00:00+00:00, run_after=2024-10-03 08:00:00+00:00
[2024-10-03T11:24:34.043+0000] {processor.py:208} INFO - Processing /home/airflow/.local/lib/python3.12/site-packages/airflow/example_dags/example_latest_only.py took 0.045 seconds
[2024-10-03T11:25:04.593+0000] {processor.py:186} INFO - Started process (PID=3383) to work on /home/airflow/.local/lib/python3.12/site-packages/airflow/example_dags/example_latest_only.py
[2024-10-03T11:25:04.593+0000] {processor.py:914} INFO - Processing file /home/airflow/.local/lib/python3.12/site-packages/airflow/example_dags/example_latest_only.py for tasks to queue
[2024-10-03T11:25:04.595+0000] {logging_mixin.py:190} INFO - [2024-10-03T11:25:04.595+0000] {dagbag.py:588} INFO - Filling up the DagBag from /home/airflow/.local/lib/python3.12/site-packages/airflow/example_dags/example_latest_only.py
[2024-10-03T11:25:04.602+0000] {processor.py:925} INFO - DAG(s) 'latest_only' retrieved from /home/airflow/.local/lib/python3.12/site-packages/airflow/example_dags/example_latest_only.py
[2024-10-03T11:25:04.617+0000] {logging_mixin.py:190} INFO - [2024-10-03T11:25:04.617+0000] {dag.py:3239} INFO - Sync 1 DAGs
[2024-10-03T11:25:04.633+0000] {logging_mixin.py:190} INFO - [2024-10-03T11:25:04.633+0000] {dag.py:4180} INFO - Setting next_dagrun for latest_only to 2024-10-03 04:00:00+00:00, run_after=2024-10-03 08:00:00+00:00
[2024-10-03T11:25:04.643+0000] {processor.py:208} INFO - Processing /home/airflow/.local/lib/python3.12/site-packages/airflow/example_dags/example_latest_only.py took 0.055 seconds
[2024-10-03T11:25:35.161+0000] {processor.py:186} INFO - Started process (PID=3669) to work on /home/airflow/.local/lib/python3.12/site-packages/airflow/example_dags/example_latest_only.py
[2024-10-03T11:25:35.162+0000] {processor.py:914} INFO - Processing file /home/airflow/.local/lib/python3.12/site-packages/airflow/example_dags/example_latest_only.py for tasks to queue
[2024-10-03T11:25:35.163+0000] {logging_mixin.py:190} INFO - [2024-10-03T11:25:35.163+0000] {dagbag.py:588} INFO - Filling up the DagBag from /home/airflow/.local/lib/python3.12/site-packages/airflow/example_dags/example_latest_only.py
[2024-10-03T11:25:35.167+0000] {processor.py:925} INFO - DAG(s) 'latest_only' retrieved from /home/airflow/.local/lib/python3.12/site-packages/airflow/example_dags/example_latest_only.py
[2024-10-03T11:25:35.178+0000] {logging_mixin.py:190} INFO - [2024-10-03T11:25:35.178+0000] {dag.py:3239} INFO - Sync 1 DAGs
[2024-10-03T11:25:35.190+0000] {logging_mixin.py:190} INFO - [2024-10-03T11:25:35.190+0000] {dag.py:4180} INFO - Setting next_dagrun for latest_only to 2024-10-03 04:00:00+00:00, run_after=2024-10-03 08:00:00+00:00
[2024-10-03T11:25:35.199+0000] {processor.py:208} INFO - Processing /home/airflow/.local/lib/python3.12/site-packages/airflow/example_dags/example_latest_only.py took 0.042 seconds
[2024-10-03T11:26:05.507+0000] {processor.py:186} INFO - Started process (PID=3959) to work on /home/airflow/.local/lib/python3.12/site-packages/airflow/example_dags/example_latest_only.py
[2024-10-03T11:26:05.508+0000] {processor.py:914} INFO - Processing file /home/airflow/.local/lib/python3.12/site-packages/airflow/example_dags/example_latest_only.py for tasks to queue
[2024-10-03T11:26:05.509+0000] {logging_mixin.py:190} INFO - [2024-10-03T11:26:05.509+0000] {dagbag.py:588} INFO - Filling up the DagBag from /home/airflow/.local/lib/python3.12/site-packages/airflow/example_dags/example_latest_only.py
[2024-10-03T11:26:05.513+0000] {processor.py:925} INFO - DAG(s) 'latest_only' retrieved from /home/airflow/.local/lib/python3.12/site-packages/airflow/example_dags/example_latest_only.py
[2024-10-03T11:26:05.524+0000] {logging_mixin.py:190} INFO - [2024-10-03T11:26:05.524+0000] {dag.py:3239} INFO - Sync 1 DAGs
[2024-10-03T11:26:05.536+0000] {logging_mixin.py:190} INFO - [2024-10-03T11:26:05.535+0000] {dag.py:4180} INFO - Setting next_dagrun for latest_only to 2024-10-03 04:00:00+00:00, run_after=2024-10-03 08:00:00+00:00
[2024-10-03T11:26:05.545+0000] {processor.py:208} INFO - Processing /home/airflow/.local/lib/python3.12/site-packages/airflow/example_dags/example_latest_only.py took 0.041 seconds
[2024-10-03T11:26:36.029+0000] {processor.py:186} INFO - Started process (PID=4250) to work on /home/airflow/.local/lib/python3.12/site-packages/airflow/example_dags/example_latest_only.py
[2024-10-03T11:26:36.030+0000] {processor.py:914} INFO - Processing file /home/airflow/.local/lib/python3.12/site-packages/airflow/example_dags/example_latest_only.py for tasks to queue
[2024-10-03T11:26:36.031+0000] {logging_mixin.py:190} INFO - [2024-10-03T11:26:36.031+0000] {dagbag.py:588} INFO - Filling up the DagBag from /home/airflow/.local/lib/python3.12/site-packages/airflow/example_dags/example_latest_only.py
[2024-10-03T11:26:36.035+0000] {processor.py:925} INFO - DAG(s) 'latest_only' retrieved from /home/airflow/.local/lib/python3.12/site-packages/airflow/example_dags/example_latest_only.py
[2024-10-03T11:26:36.047+0000] {logging_mixin.py:190} INFO - [2024-10-03T11:26:36.047+0000] {dag.py:3239} INFO - Sync 1 DAGs
[2024-10-03T11:26:36.059+0000] {logging_mixin.py:190} INFO - [2024-10-03T11:26:36.059+0000] {dag.py:4180} INFO - Setting next_dagrun for latest_only to 2024-10-03 04:00:00+00:00, run_after=2024-10-03 08:00:00+00:00
[2024-10-03T11:26:36.068+0000] {processor.py:208} INFO - Processing /home/airflow/.local/lib/python3.12/site-packages/airflow/example_dags/example_latest_only.py took 0.043 seconds
[2024-10-03T11:27:06.445+0000] {processor.py:186} INFO - Started process (PID=4536) to work on /home/airflow/.local/lib/python3.12/site-packages/airflow/example_dags/example_latest_only.py
[2024-10-03T11:27:06.445+0000] {processor.py:914} INFO - Processing file /home/airflow/.local/lib/python3.12/site-packages/airflow/example_dags/example_latest_only.py for tasks to queue
[2024-10-03T11:27:06.447+0000] {logging_mixin.py:190} INFO - [2024-10-03T11:27:06.447+0000] {dagbag.py:588} INFO - Filling up the DagBag from /home/airflow/.local/lib/python3.12/site-packages/airflow/example_dags/example_latest_only.py
[2024-10-03T11:27:06.451+0000] {processor.py:925} INFO - DAG(s) 'latest_only' retrieved from /home/airflow/.local/lib/python3.12/site-packages/airflow/example_dags/example_latest_only.py
[2024-10-03T11:27:06.462+0000] {logging_mixin.py:190} INFO - [2024-10-03T11:27:06.461+0000] {dag.py:3239} INFO - Sync 1 DAGs
[2024-10-03T11:27:06.473+0000] {logging_mixin.py:190} INFO - [2024-10-03T11:27:06.473+0000] {dag.py:4180} INFO - Setting next_dagrun for latest_only to 2024-10-03 04:00:00+00:00, run_after=2024-10-03 08:00:00+00:00
[2024-10-03T11:27:06.481+0000] {processor.py:208} INFO - Processing /home/airflow/.local/lib/python3.12/site-packages/airflow/example_dags/example_latest_only.py took 0.040 seconds
[2024-10-03T11:27:36.859+0000] {processor.py:186} INFO - Started process (PID=4822) to work on /home/airflow/.local/lib/python3.12/site-packages/airflow/example_dags/example_latest_only.py
[2024-10-03T11:27:36.860+0000] {processor.py:914} INFO - Processing file /home/airflow/.local/lib/python3.12/site-packages/airflow/example_dags/example_latest_only.py for tasks to queue
[2024-10-03T11:27:36.861+0000] {logging_mixin.py:190} INFO - [2024-10-03T11:27:36.861+0000] {dagbag.py:588} INFO - Filling up the DagBag from /home/airflow/.local/lib/python3.12/site-packages/airflow/example_dags/example_latest_only.py
[2024-10-03T11:27:36.865+0000] {processor.py:925} INFO - DAG(s) 'latest_only' retrieved from /home/airflow/.local/lib/python3.12/site-packages/airflow/example_dags/example_latest_only.py
[2024-10-03T11:27:36.878+0000] {logging_mixin.py:190} INFO - [2024-10-03T11:27:36.878+0000] {dag.py:3239} INFO - Sync 1 DAGs
[2024-10-03T11:27:36.891+0000] {logging_mixin.py:190} INFO - [2024-10-03T11:27:36.891+0000] {dag.py:4180} INFO - Setting next_dagrun for latest_only to 2024-10-03 04:00:00+00:00, run_after=2024-10-03 08:00:00+00:00
[2024-10-03T11:27:36.900+0000] {processor.py:208} INFO - Processing /home/airflow/.local/lib/python3.12/site-packages/airflow/example_dags/example_latest_only.py took 0.045 seconds
[2024-10-03T11:28:07.215+0000] {processor.py:186} INFO - Started process (PID=5108) to work on /home/airflow/.local/lib/python3.12/site-packages/airflow/example_dags/example_latest_only.py
[2024-10-03T11:28:07.215+0000] {processor.py:914} INFO - Processing file /home/airflow/.local/lib/python3.12/site-packages/airflow/example_dags/example_latest_only.py for tasks to queue
[2024-10-03T11:28:07.217+0000] {logging_mixin.py:190} INFO - [2024-10-03T11:28:07.217+0000] {dagbag.py:588} INFO - Filling up the DagBag from /home/airflow/.local/lib/python3.12/site-packages/airflow/example_dags/example_latest_only.py
[2024-10-03T11:28:07.222+0000] {processor.py:925} INFO - DAG(s) 'latest_only' retrieved from /home/airflow/.local/lib/python3.12/site-packages/airflow/example_dags/example_latest_only.py
[2024-10-03T11:28:07.234+0000] {logging_mixin.py:190} INFO - [2024-10-03T11:28:07.234+0000] {dag.py:3239} INFO - Sync 1 DAGs
[2024-10-03T11:28:07.247+0000] {logging_mixin.py:190} INFO - [2024-10-03T11:28:07.247+0000] {dag.py:4180} INFO - Setting next_dagrun for latest_only to 2024-10-03 04:00:00+00:00, run_after=2024-10-03 08:00:00+00:00
[2024-10-03T11:28:07.257+0000] {processor.py:208} INFO - Processing /home/airflow/.local/lib/python3.12/site-packages/airflow/example_dags/example_latest_only.py took 0.047 seconds
[2024-10-03T11:28:37.613+0000] {processor.py:186} INFO - Started process (PID=5394) to work on /home/airflow/.local/lib/python3.12/site-packages/airflow/example_dags/example_latest_only.py
[2024-10-03T11:28:37.614+0000] {processor.py:914} INFO - Processing file /home/airflow/.local/lib/python3.12/site-packages/airflow/example_dags/example_latest_only.py for tasks to queue
[2024-10-03T11:28:37.616+0000] {logging_mixin.py:190} INFO - [2024-10-03T11:28:37.615+0000] {dagbag.py:588} INFO - Filling up the DagBag from /home/airflow/.local/lib/python3.12/site-packages/airflow/example_dags/example_latest_only.py
[2024-10-03T11:28:37.620+0000] {processor.py:925} INFO - DAG(s) 'latest_only' retrieved from /home/airflow/.local/lib/python3.12/site-packages/airflow/example_dags/example_latest_only.py
[2024-10-03T11:28:37.631+0000] {logging_mixin.py:190} INFO - [2024-10-03T11:28:37.630+0000] {dag.py:3239} INFO - Sync 1 DAGs
[2024-10-03T11:28:37.641+0000] {logging_mixin.py:190} INFO - [2024-10-03T11:28:37.641+0000] {dag.py:4180} INFO - Setting next_dagrun for latest_only to 2024-10-03 04:00:00+00:00, run_after=2024-10-03 08:00:00+00:00
[2024-10-03T11:28:37.650+0000] {processor.py:208} INFO - Processing /home/airflow/.local/lib/python3.12/site-packages/airflow/example_dags/example_latest_only.py took 0.041 seconds
[2024-10-03T11:29:07.851+0000] {processor.py:186} INFO - Started process (PID=5704) to work on /home/airflow/.local/lib/python3.12/site-packages/airflow/example_dags/example_latest_only.py
[2024-10-03T11:29:07.852+0000] {processor.py:914} INFO - Processing file /home/airflow/.local/lib/python3.12/site-packages/airflow/example_dags/example_latest_only.py for tasks to queue
[2024-10-03T11:29:07.853+0000] {logging_mixin.py:190} INFO - [2024-10-03T11:29:07.853+0000] {dagbag.py:588} INFO - Filling up the DagBag from /home/airflow/.local/lib/python3.12/site-packages/airflow/example_dags/example_latest_only.py
[2024-10-03T11:29:07.857+0000] {processor.py:925} INFO - DAG(s) 'latest_only' retrieved from /home/airflow/.local/lib/python3.12/site-packages/airflow/example_dags/example_latest_only.py
[2024-10-03T11:29:07.869+0000] {logging_mixin.py:190} INFO - [2024-10-03T11:29:07.869+0000] {dag.py:3239} INFO - Sync 1 DAGs
[2024-10-03T11:29:07.880+0000] {logging_mixin.py:190} INFO - [2024-10-03T11:29:07.880+0000] {dag.py:4180} INFO - Setting next_dagrun for latest_only to 2024-10-03 04:00:00+00:00, run_after=2024-10-03 08:00:00+00:00
[2024-10-03T11:29:07.889+0000] {processor.py:208} INFO - Processing /home/airflow/.local/lib/python3.12/site-packages/airflow/example_dags/example_latest_only.py took 0.041 seconds
[2024-10-03T11:29:38.121+0000] {processor.py:186} INFO - Started process (PID=5990) to work on /home/airflow/.local/lib/python3.12/site-packages/airflow/example_dags/example_latest_only.py
[2024-10-03T11:29:38.122+0000] {processor.py:914} INFO - Processing file /home/airflow/.local/lib/python3.12/site-packages/airflow/example_dags/example_latest_only.py for tasks to queue
[2024-10-03T11:29:38.123+0000] {logging_mixin.py:190} INFO - [2024-10-03T11:29:38.123+0000] {dagbag.py:588} INFO - Filling up the DagBag from /home/airflow/.local/lib/python3.12/site-packages/airflow/example_dags/example_latest_only.py
[2024-10-03T11:29:38.128+0000] {processor.py:925} INFO - DAG(s) 'latest_only' retrieved from /home/airflow/.local/lib/python3.12/site-packages/airflow/example_dags/example_latest_only.py
[2024-10-03T11:29:38.139+0000] {logging_mixin.py:190} INFO - [2024-10-03T11:29:38.139+0000] {dag.py:3239} INFO - Sync 1 DAGs
[2024-10-03T11:29:38.150+0000] {logging_mixin.py:190} INFO - [2024-10-03T11:29:38.150+0000] {dag.py:4180} INFO - Setting next_dagrun for latest_only to 2024-10-03 04:00:00+00:00, run_after=2024-10-03 08:00:00+00:00
[2024-10-03T11:29:38.159+0000] {processor.py:208} INFO - Processing /home/airflow/.local/lib/python3.12/site-packages/airflow/example_dags/example_latest_only.py took 0.042 seconds
[2024-10-03T11:30:08.520+0000] {processor.py:186} INFO - Started process (PID=6276) to work on /home/airflow/.local/lib/python3.12/site-packages/airflow/example_dags/example_latest_only.py
[2024-10-03T11:30:08.521+0000] {processor.py:914} INFO - Processing file /home/airflow/.local/lib/python3.12/site-packages/airflow/example_dags/example_latest_only.py for tasks to queue
[2024-10-03T11:30:08.523+0000] {logging_mixin.py:190} INFO - [2024-10-03T11:30:08.522+0000] {dagbag.py:588} INFO - Filling up the DagBag from /home/airflow/.local/lib/python3.12/site-packages/airflow/example_dags/example_latest_only.py
[2024-10-03T11:30:08.527+0000] {processor.py:925} INFO - DAG(s) 'latest_only' retrieved from /home/airflow/.local/lib/python3.12/site-packages/airflow/example_dags/example_latest_only.py
[2024-10-03T11:30:08.541+0000] {logging_mixin.py:190} INFO - [2024-10-03T11:30:08.541+0000] {dag.py:3239} INFO - Sync 1 DAGs
[2024-10-03T11:30:08.553+0000] {logging_mixin.py:190} INFO - [2024-10-03T11:30:08.553+0000] {dag.py:4180} INFO - Setting next_dagrun for latest_only to 2024-10-03 04:00:00+00:00, run_after=2024-10-03 08:00:00+00:00
[2024-10-03T11:30:08.563+0000] {processor.py:208} INFO - Processing /home/airflow/.local/lib/python3.12/site-packages/airflow/example_dags/example_latest_only.py took 0.047 seconds
[2024-10-03T11:30:38.886+0000] {processor.py:186} INFO - Started process (PID=6562) to work on /home/airflow/.local/lib/python3.12/site-packages/airflow/example_dags/example_latest_only.py
[2024-10-03T11:30:38.887+0000] {processor.py:914} INFO - Processing file /home/airflow/.local/lib/python3.12/site-packages/airflow/example_dags/example_latest_only.py for tasks to queue
[2024-10-03T11:30:38.888+0000] {logging_mixin.py:190} INFO - [2024-10-03T11:30:38.888+0000] {dagbag.py:588} INFO - Filling up the DagBag from /home/airflow/.local/lib/python3.12/site-packages/airflow/example_dags/example_latest_only.py
[2024-10-03T11:30:38.893+0000] {processor.py:925} INFO - DAG(s) 'latest_only' retrieved from /home/airflow/.local/lib/python3.12/site-packages/airflow/example_dags/example_latest_only.py
[2024-10-03T11:30:38.904+0000] {logging_mixin.py:190} INFO - [2024-10-03T11:30:38.904+0000] {dag.py:3239} INFO - Sync 1 DAGs
[2024-10-03T11:30:38.915+0000] {logging_mixin.py:190} INFO - [2024-10-03T11:30:38.915+0000] {dag.py:4180} INFO - Setting next_dagrun for latest_only to 2024-10-03 04:00:00+00:00, run_after=2024-10-03 08:00:00+00:00
[2024-10-03T11:30:38.923+0000] {processor.py:208} INFO - Processing /home/airflow/.local/lib/python3.12/site-packages/airflow/example_dags/example_latest_only.py took 0.042 seconds
[2024-10-03T11:31:09.218+0000] {processor.py:186} INFO - Started process (PID=6848) to work on /home/airflow/.local/lib/python3.12/site-packages/airflow/example_dags/example_latest_only.py
[2024-10-03T11:31:09.219+0000] {processor.py:914} INFO - Processing file /home/airflow/.local/lib/python3.12/site-packages/airflow/example_dags/example_latest_only.py for tasks to queue
[2024-10-03T11:31:09.220+0000] {logging_mixin.py:190} INFO - [2024-10-03T11:31:09.220+0000] {dagbag.py:588} INFO - Filling up the DagBag from /home/airflow/.local/lib/python3.12/site-packages/airflow/example_dags/example_latest_only.py
[2024-10-03T11:31:09.225+0000] {processor.py:925} INFO - DAG(s) 'latest_only' retrieved from /home/airflow/.local/lib/python3.12/site-packages/airflow/example_dags/example_latest_only.py
[2024-10-03T11:31:09.236+0000] {logging_mixin.py:190} INFO - [2024-10-03T11:31:09.236+0000] {dag.py:3239} INFO - Sync 1 DAGs
[2024-10-03T11:31:09.247+0000] {logging_mixin.py:190} INFO - [2024-10-03T11:31:09.246+0000] {dag.py:4180} INFO - Setting next_dagrun for latest_only to 2024-10-03 04:00:00+00:00, run_after=2024-10-03 08:00:00+00:00
[2024-10-03T11:31:09.255+0000] {processor.py:208} INFO - Processing /home/airflow/.local/lib/python3.12/site-packages/airflow/example_dags/example_latest_only.py took 0.040 seconds
