[2024-10-03T11:19:27.886+0000] {processor.py:186} INFO - Started process (PID=169) to work on /home/airflow/.local/lib/python3.12/site-packages/airflow/example_dags/example_latest_only_with_trigger.py
[2024-10-03T11:19:27.887+0000] {processor.py:914} INFO - Processing file /home/airflow/.local/lib/python3.12/site-packages/airflow/example_dags/example_latest_only_with_trigger.py for tasks to queue
[2024-10-03T11:19:27.889+0000] {logging_mixin.py:190} INFO - [2024-10-03T11:19:27.889+0000] {dagbag.py:588} INFO - Filling up the DagBag from /home/airflow/.local/lib/python3.12/site-packages/airflow/example_dags/example_latest_only_with_trigger.py
[2024-10-03T11:19:27.902+0000] {processor.py:925} INFO - DAG(s) 'latest_only_with_trigger' retrieved from /home/airflow/.local/lib/python3.12/site-packages/airflow/example_dags/example_latest_only_with_trigger.py
[2024-10-03T11:19:28.047+0000] {logging_mixin.py:190} INFO - [2024-10-03T11:19:28.047+0000] {override.py:1900} INFO - Created Permission View: can delete on DAG:latest_only_with_trigger
[2024-10-03T11:19:28.053+0000] {logging_mixin.py:190} INFO - [2024-10-03T11:19:28.053+0000] {override.py:1900} INFO - Created Permission View: can read on DAG:latest_only_with_trigger
[2024-10-03T11:19:28.057+0000] {logging_mixin.py:190} INFO - [2024-10-03T11:19:28.057+0000] {override.py:1900} INFO - Created Permission View: can edit on DAG:latest_only_with_trigger
[2024-10-03T11:19:28.060+0000] {logging_mixin.py:190} INFO - [2024-10-03T11:19:28.060+0000] {override.py:1900} INFO - Created Permission View: can read on DAG Run:latest_only_with_trigger
[2024-10-03T11:19:28.063+0000] {logging_mixin.py:190} INFO - [2024-10-03T11:19:28.063+0000] {override.py:1900} INFO - Created Permission View: can create on DAG Run:latest_only_with_trigger
[2024-10-03T11:19:28.066+0000] {logging_mixin.py:190} INFO - [2024-10-03T11:19:28.066+0000] {override.py:1900} INFO - Created Permission View: menu access on DAG Run:latest_only_with_trigger
[2024-10-03T11:19:28.069+0000] {logging_mixin.py:190} INFO - [2024-10-03T11:19:28.069+0000] {override.py:1900} INFO - Created Permission View: can delete on DAG Run:latest_only_with_trigger
[2024-10-03T11:19:28.069+0000] {logging_mixin.py:190} INFO - [2024-10-03T11:19:28.069+0000] {dag.py:3239} INFO - Sync 1 DAGs
[2024-10-03T11:19:28.077+0000] {logging_mixin.py:190} INFO - [2024-10-03T11:19:28.077+0000] {dag.py:3262} INFO - Creating ORM DAG for latest_only_with_trigger
[2024-10-03T11:19:28.084+0000] {logging_mixin.py:190} INFO - [2024-10-03T11:19:28.084+0000] {dag.py:4180} INFO - Setting next_dagrun for latest_only_with_trigger to 2024-10-03 04:00:00+00:00, run_after=2024-10-03 08:00:00+00:00
[2024-10-03T11:19:28.092+0000] {processor.py:208} INFO - Processing /home/airflow/.local/lib/python3.12/site-packages/airflow/example_dags/example_latest_only_with_trigger.py took 0.211 seconds
[2024-10-03T11:19:58.499+0000] {processor.py:186} INFO - Started process (PID=455) to work on /home/airflow/.local/lib/python3.12/site-packages/airflow/example_dags/example_latest_only_with_trigger.py
[2024-10-03T11:19:58.500+0000] {processor.py:914} INFO - Processing file /home/airflow/.local/lib/python3.12/site-packages/airflow/example_dags/example_latest_only_with_trigger.py for tasks to queue
[2024-10-03T11:19:58.501+0000] {logging_mixin.py:190} INFO - [2024-10-03T11:19:58.501+0000] {dagbag.py:588} INFO - Filling up the DagBag from /home/airflow/.local/lib/python3.12/site-packages/airflow/example_dags/example_latest_only_with_trigger.py
[2024-10-03T11:19:58.506+0000] {processor.py:925} INFO - DAG(s) 'latest_only_with_trigger' retrieved from /home/airflow/.local/lib/python3.12/site-packages/airflow/example_dags/example_latest_only_with_trigger.py
[2024-10-03T11:19:58.520+0000] {logging_mixin.py:190} INFO - [2024-10-03T11:19:58.520+0000] {dag.py:3239} INFO - Sync 1 DAGs
[2024-10-03T11:19:58.533+0000] {logging_mixin.py:190} INFO - [2024-10-03T11:19:58.533+0000] {dag.py:4180} INFO - Setting next_dagrun for latest_only_with_trigger to 2024-10-03 04:00:00+00:00, run_after=2024-10-03 08:00:00+00:00
[2024-10-03T11:19:58.541+0000] {processor.py:208} INFO - Processing /home/airflow/.local/lib/python3.12/site-packages/airflow/example_dags/example_latest_only_with_trigger.py took 0.046 seconds
[2024-10-03T11:20:28.950+0000] {processor.py:186} INFO - Started process (PID=741) to work on /home/airflow/.local/lib/python3.12/site-packages/airflow/example_dags/example_latest_only_with_trigger.py
[2024-10-03T11:20:28.951+0000] {processor.py:914} INFO - Processing file /home/airflow/.local/lib/python3.12/site-packages/airflow/example_dags/example_latest_only_with_trigger.py for tasks to queue
[2024-10-03T11:20:28.954+0000] {logging_mixin.py:190} INFO - [2024-10-03T11:20:28.954+0000] {dagbag.py:588} INFO - Filling up the DagBag from /home/airflow/.local/lib/python3.12/site-packages/airflow/example_dags/example_latest_only_with_trigger.py
[2024-10-03T11:20:28.961+0000] {processor.py:925} INFO - DAG(s) 'latest_only_with_trigger' retrieved from /home/airflow/.local/lib/python3.12/site-packages/airflow/example_dags/example_latest_only_with_trigger.py
[2024-10-03T11:20:28.978+0000] {logging_mixin.py:190} INFO - [2024-10-03T11:20:28.978+0000] {dag.py:3239} INFO - Sync 1 DAGs
[2024-10-03T11:20:28.993+0000] {logging_mixin.py:190} INFO - [2024-10-03T11:20:28.993+0000] {dag.py:4180} INFO - Setting next_dagrun for latest_only_with_trigger to 2024-10-03 04:00:00+00:00, run_after=2024-10-03 08:00:00+00:00
[2024-10-03T11:20:29.003+0000] {processor.py:208} INFO - Processing /home/airflow/.local/lib/python3.12/site-packages/airflow/example_dags/example_latest_only_with_trigger.py took 0.060 seconds
[2024-10-03T11:20:59.381+0000] {processor.py:186} INFO - Started process (PID=1027) to work on /home/airflow/.local/lib/python3.12/site-packages/airflow/example_dags/example_latest_only_with_trigger.py
[2024-10-03T11:20:59.383+0000] {processor.py:914} INFO - Processing file /home/airflow/.local/lib/python3.12/site-packages/airflow/example_dags/example_latest_only_with_trigger.py for tasks to queue
[2024-10-03T11:20:59.386+0000] {logging_mixin.py:190} INFO - [2024-10-03T11:20:59.385+0000] {dagbag.py:588} INFO - Filling up the DagBag from /home/airflow/.local/lib/python3.12/site-packages/airflow/example_dags/example_latest_only_with_trigger.py
[2024-10-03T11:20:59.392+0000] {processor.py:925} INFO - DAG(s) 'latest_only_with_trigger' retrieved from /home/airflow/.local/lib/python3.12/site-packages/airflow/example_dags/example_latest_only_with_trigger.py
[2024-10-03T11:20:59.408+0000] {logging_mixin.py:190} INFO - [2024-10-03T11:20:59.408+0000] {dag.py:3239} INFO - Sync 1 DAGs
[2024-10-03T11:20:59.421+0000] {logging_mixin.py:190} INFO - [2024-10-03T11:20:59.421+0000] {dag.py:4180} INFO - Setting next_dagrun for latest_only_with_trigger to 2024-10-03 04:00:00+00:00, run_after=2024-10-03 08:00:00+00:00
[2024-10-03T11:20:59.430+0000] {processor.py:208} INFO - Processing /home/airflow/.local/lib/python3.12/site-packages/airflow/example_dags/example_latest_only_with_trigger.py took 0.057 seconds
[2024-10-03T11:21:29.840+0000] {processor.py:186} INFO - Started process (PID=1313) to work on /home/airflow/.local/lib/python3.12/site-packages/airflow/example_dags/example_latest_only_with_trigger.py
[2024-10-03T11:21:29.841+0000] {processor.py:914} INFO - Processing file /home/airflow/.local/lib/python3.12/site-packages/airflow/example_dags/example_latest_only_with_trigger.py for tasks to queue
[2024-10-03T11:21:29.844+0000] {logging_mixin.py:190} INFO - [2024-10-03T11:21:29.844+0000] {dagbag.py:588} INFO - Filling up the DagBag from /home/airflow/.local/lib/python3.12/site-packages/airflow/example_dags/example_latest_only_with_trigger.py
[2024-10-03T11:21:29.850+0000] {processor.py:925} INFO - DAG(s) 'latest_only_with_trigger' retrieved from /home/airflow/.local/lib/python3.12/site-packages/airflow/example_dags/example_latest_only_with_trigger.py
[2024-10-03T11:21:29.866+0000] {logging_mixin.py:190} INFO - [2024-10-03T11:21:29.866+0000] {dag.py:3239} INFO - Sync 1 DAGs
[2024-10-03T11:21:29.879+0000] {logging_mixin.py:190} INFO - [2024-10-03T11:21:29.879+0000] {dag.py:4180} INFO - Setting next_dagrun for latest_only_with_trigger to 2024-10-03 04:00:00+00:00, run_after=2024-10-03 08:00:00+00:00
[2024-10-03T11:21:29.888+0000] {processor.py:208} INFO - Processing /home/airflow/.local/lib/python3.12/site-packages/airflow/example_dags/example_latest_only_with_trigger.py took 0.056 seconds
[2024-10-03T11:22:00.333+0000] {processor.py:186} INFO - Started process (PID=1599) to work on /home/airflow/.local/lib/python3.12/site-packages/airflow/example_dags/example_latest_only_with_trigger.py
[2024-10-03T11:22:00.335+0000] {processor.py:914} INFO - Processing file /home/airflow/.local/lib/python3.12/site-packages/airflow/example_dags/example_latest_only_with_trigger.py for tasks to queue
[2024-10-03T11:22:00.338+0000] {logging_mixin.py:190} INFO - [2024-10-03T11:22:00.337+0000] {dagbag.py:588} INFO - Filling up the DagBag from /home/airflow/.local/lib/python3.12/site-packages/airflow/example_dags/example_latest_only_with_trigger.py
[2024-10-03T11:22:00.345+0000] {processor.py:925} INFO - DAG(s) 'latest_only_with_trigger' retrieved from /home/airflow/.local/lib/python3.12/site-packages/airflow/example_dags/example_latest_only_with_trigger.py
[2024-10-03T11:22:00.362+0000] {logging_mixin.py:190} INFO - [2024-10-03T11:22:00.362+0000] {dag.py:3239} INFO - Sync 1 DAGs
[2024-10-03T11:22:00.376+0000] {logging_mixin.py:190} INFO - [2024-10-03T11:22:00.376+0000] {dag.py:4180} INFO - Setting next_dagrun for latest_only_with_trigger to 2024-10-03 04:00:00+00:00, run_after=2024-10-03 08:00:00+00:00
[2024-10-03T11:22:00.384+0000] {processor.py:208} INFO - Processing /home/airflow/.local/lib/python3.12/site-packages/airflow/example_dags/example_latest_only_with_trigger.py took 0.060 seconds
[2024-10-03T11:22:30.753+0000] {processor.py:186} INFO - Started process (PID=1885) to work on /home/airflow/.local/lib/python3.12/site-packages/airflow/example_dags/example_latest_only_with_trigger.py
[2024-10-03T11:22:30.754+0000] {processor.py:914} INFO - Processing file /home/airflow/.local/lib/python3.12/site-packages/airflow/example_dags/example_latest_only_with_trigger.py for tasks to queue
[2024-10-03T11:22:30.756+0000] {logging_mixin.py:190} INFO - [2024-10-03T11:22:30.755+0000] {dagbag.py:588} INFO - Filling up the DagBag from /home/airflow/.local/lib/python3.12/site-packages/airflow/example_dags/example_latest_only_with_trigger.py
[2024-10-03T11:22:30.762+0000] {processor.py:925} INFO - DAG(s) 'latest_only_with_trigger' retrieved from /home/airflow/.local/lib/python3.12/site-packages/airflow/example_dags/example_latest_only_with_trigger.py
[2024-10-03T11:22:30.781+0000] {logging_mixin.py:190} INFO - [2024-10-03T11:22:30.780+0000] {dag.py:3239} INFO - Sync 1 DAGs
[2024-10-03T11:22:30.796+0000] {logging_mixin.py:190} INFO - [2024-10-03T11:22:30.796+0000] {dag.py:4180} INFO - Setting next_dagrun for latest_only_with_trigger to 2024-10-03 04:00:00+00:00, run_after=2024-10-03 08:00:00+00:00
[2024-10-03T11:22:30.806+0000] {processor.py:208} INFO - Processing /home/airflow/.local/lib/python3.12/site-packages/airflow/example_dags/example_latest_only_with_trigger.py took 0.059 seconds
[2024-10-03T11:23:01.380+0000] {processor.py:186} INFO - Started process (PID=2171) to work on /home/airflow/.local/lib/python3.12/site-packages/airflow/example_dags/example_latest_only_with_trigger.py
[2024-10-03T11:23:01.382+0000] {processor.py:914} INFO - Processing file /home/airflow/.local/lib/python3.12/site-packages/airflow/example_dags/example_latest_only_with_trigger.py for tasks to queue
[2024-10-03T11:23:01.384+0000] {logging_mixin.py:190} INFO - [2024-10-03T11:23:01.384+0000] {dagbag.py:588} INFO - Filling up the DagBag from /home/airflow/.local/lib/python3.12/site-packages/airflow/example_dags/example_latest_only_with_trigger.py
[2024-10-03T11:23:01.391+0000] {processor.py:925} INFO - DAG(s) 'latest_only_with_trigger' retrieved from /home/airflow/.local/lib/python3.12/site-packages/airflow/example_dags/example_latest_only_with_trigger.py
[2024-10-03T11:23:01.407+0000] {logging_mixin.py:190} INFO - [2024-10-03T11:23:01.407+0000] {dag.py:3239} INFO - Sync 1 DAGs
[2024-10-03T11:23:01.420+0000] {logging_mixin.py:190} INFO - [2024-10-03T11:23:01.420+0000] {dag.py:4180} INFO - Setting next_dagrun for latest_only_with_trigger to 2024-10-03 04:00:00+00:00, run_after=2024-10-03 08:00:00+00:00
[2024-10-03T11:23:01.430+0000] {processor.py:208} INFO - Processing /home/airflow/.local/lib/python3.12/site-packages/airflow/example_dags/example_latest_only_with_trigger.py took 0.058 seconds
[2024-10-03T11:23:31.641+0000] {processor.py:186} INFO - Started process (PID=2457) to work on /home/airflow/.local/lib/python3.12/site-packages/airflow/example_dags/example_latest_only_with_trigger.py
[2024-10-03T11:23:31.642+0000] {processor.py:914} INFO - Processing file /home/airflow/.local/lib/python3.12/site-packages/airflow/example_dags/example_latest_only_with_trigger.py for tasks to queue
[2024-10-03T11:23:31.644+0000] {logging_mixin.py:190} INFO - [2024-10-03T11:23:31.644+0000] {dagbag.py:588} INFO - Filling up the DagBag from /home/airflow/.local/lib/python3.12/site-packages/airflow/example_dags/example_latest_only_with_trigger.py
[2024-10-03T11:23:31.649+0000] {processor.py:925} INFO - DAG(s) 'latest_only_with_trigger' retrieved from /home/airflow/.local/lib/python3.12/site-packages/airflow/example_dags/example_latest_only_with_trigger.py
[2024-10-03T11:23:31.663+0000] {logging_mixin.py:190} INFO - [2024-10-03T11:23:31.663+0000] {dag.py:3239} INFO - Sync 1 DAGs
[2024-10-03T11:23:31.675+0000] {logging_mixin.py:190} INFO - [2024-10-03T11:23:31.675+0000] {dag.py:4180} INFO - Setting next_dagrun for latest_only_with_trigger to 2024-10-03 04:00:00+00:00, run_after=2024-10-03 08:00:00+00:00
[2024-10-03T11:23:31.683+0000] {processor.py:208} INFO - Processing /home/airflow/.local/lib/python3.12/site-packages/airflow/example_dags/example_latest_only_with_trigger.py took 0.048 seconds
[2024-10-03T11:24:01.996+0000] {processor.py:186} INFO - Started process (PID=2743) to work on /home/airflow/.local/lib/python3.12/site-packages/airflow/example_dags/example_latest_only_with_trigger.py
[2024-10-03T11:24:01.997+0000] {processor.py:914} INFO - Processing file /home/airflow/.local/lib/python3.12/site-packages/airflow/example_dags/example_latest_only_with_trigger.py for tasks to queue
[2024-10-03T11:24:01.999+0000] {logging_mixin.py:190} INFO - [2024-10-03T11:24:01.998+0000] {dagbag.py:588} INFO - Filling up the DagBag from /home/airflow/.local/lib/python3.12/site-packages/airflow/example_dags/example_latest_only_with_trigger.py
[2024-10-03T11:24:02.004+0000] {processor.py:925} INFO - DAG(s) 'latest_only_with_trigger' retrieved from /home/airflow/.local/lib/python3.12/site-packages/airflow/example_dags/example_latest_only_with_trigger.py
[2024-10-03T11:24:02.021+0000] {logging_mixin.py:190} INFO - [2024-10-03T11:24:02.021+0000] {dag.py:3239} INFO - Sync 1 DAGs
[2024-10-03T11:24:02.035+0000] {logging_mixin.py:190} INFO - [2024-10-03T11:24:02.035+0000] {dag.py:4180} INFO - Setting next_dagrun for latest_only_with_trigger to 2024-10-03 04:00:00+00:00, run_after=2024-10-03 08:00:00+00:00
[2024-10-03T11:24:02.046+0000] {processor.py:208} INFO - Processing /home/airflow/.local/lib/python3.12/site-packages/airflow/example_dags/example_latest_only_with_trigger.py took 0.054 seconds
[2024-10-03T11:24:32.501+0000] {processor.py:186} INFO - Started process (PID=3029) to work on /home/airflow/.local/lib/python3.12/site-packages/airflow/example_dags/example_latest_only_with_trigger.py
[2024-10-03T11:24:32.501+0000] {processor.py:914} INFO - Processing file /home/airflow/.local/lib/python3.12/site-packages/airflow/example_dags/example_latest_only_with_trigger.py for tasks to queue
[2024-10-03T11:24:32.503+0000] {logging_mixin.py:190} INFO - [2024-10-03T11:24:32.503+0000] {dagbag.py:588} INFO - Filling up the DagBag from /home/airflow/.local/lib/python3.12/site-packages/airflow/example_dags/example_latest_only_with_trigger.py
[2024-10-03T11:24:32.510+0000] {processor.py:925} INFO - DAG(s) 'latest_only_with_trigger' retrieved from /home/airflow/.local/lib/python3.12/site-packages/airflow/example_dags/example_latest_only_with_trigger.py
[2024-10-03T11:24:32.524+0000] {logging_mixin.py:190} INFO - [2024-10-03T11:24:32.524+0000] {dag.py:3239} INFO - Sync 1 DAGs
[2024-10-03T11:24:32.537+0000] {logging_mixin.py:190} INFO - [2024-10-03T11:24:32.537+0000] {dag.py:4180} INFO - Setting next_dagrun for latest_only_with_trigger to 2024-10-03 04:00:00+00:00, run_after=2024-10-03 08:00:00+00:00
[2024-10-03T11:24:32.547+0000] {processor.py:208} INFO - Processing /home/airflow/.local/lib/python3.12/site-packages/airflow/example_dags/example_latest_only_with_trigger.py took 0.051 seconds
[2024-10-03T11:25:03.079+0000] {processor.py:186} INFO - Started process (PID=3315) to work on /home/airflow/.local/lib/python3.12/site-packages/airflow/example_dags/example_latest_only_with_trigger.py
[2024-10-03T11:25:03.080+0000] {processor.py:914} INFO - Processing file /home/airflow/.local/lib/python3.12/site-packages/airflow/example_dags/example_latest_only_with_trigger.py for tasks to queue
[2024-10-03T11:25:03.083+0000] {logging_mixin.py:190} INFO - [2024-10-03T11:25:03.083+0000] {dagbag.py:588} INFO - Filling up the DagBag from /home/airflow/.local/lib/python3.12/site-packages/airflow/example_dags/example_latest_only_with_trigger.py
[2024-10-03T11:25:03.092+0000] {processor.py:925} INFO - DAG(s) 'latest_only_with_trigger' retrieved from /home/airflow/.local/lib/python3.12/site-packages/airflow/example_dags/example_latest_only_with_trigger.py
[2024-10-03T11:25:03.111+0000] {logging_mixin.py:190} INFO - [2024-10-03T11:25:03.111+0000] {dag.py:3239} INFO - Sync 1 DAGs
[2024-10-03T11:25:03.130+0000] {logging_mixin.py:190} INFO - [2024-10-03T11:25:03.130+0000] {dag.py:4180} INFO - Setting next_dagrun for latest_only_with_trigger to 2024-10-03 04:00:00+00:00, run_after=2024-10-03 08:00:00+00:00
[2024-10-03T11:25:03.141+0000] {processor.py:208} INFO - Processing /home/airflow/.local/lib/python3.12/site-packages/airflow/example_dags/example_latest_only_with_trigger.py took 0.069 seconds
[2024-10-03T11:25:33.640+0000] {processor.py:186} INFO - Started process (PID=3601) to work on /home/airflow/.local/lib/python3.12/site-packages/airflow/example_dags/example_latest_only_with_trigger.py
[2024-10-03T11:25:33.641+0000] {processor.py:914} INFO - Processing file /home/airflow/.local/lib/python3.12/site-packages/airflow/example_dags/example_latest_only_with_trigger.py for tasks to queue
[2024-10-03T11:25:33.643+0000] {logging_mixin.py:190} INFO - [2024-10-03T11:25:33.643+0000] {dagbag.py:588} INFO - Filling up the DagBag from /home/airflow/.local/lib/python3.12/site-packages/airflow/example_dags/example_latest_only_with_trigger.py
[2024-10-03T11:25:33.649+0000] {processor.py:925} INFO - DAG(s) 'latest_only_with_trigger' retrieved from /home/airflow/.local/lib/python3.12/site-packages/airflow/example_dags/example_latest_only_with_trigger.py
[2024-10-03T11:25:33.665+0000] {logging_mixin.py:190} INFO - [2024-10-03T11:25:33.665+0000] {dag.py:3239} INFO - Sync 1 DAGs
[2024-10-03T11:25:33.682+0000] {logging_mixin.py:190} INFO - [2024-10-03T11:25:33.682+0000] {dag.py:4180} INFO - Setting next_dagrun for latest_only_with_trigger to 2024-10-03 04:00:00+00:00, run_after=2024-10-03 08:00:00+00:00
[2024-10-03T11:25:33.693+0000] {processor.py:208} INFO - Processing /home/airflow/.local/lib/python3.12/site-packages/airflow/example_dags/example_latest_only_with_trigger.py took 0.058 seconds
[2024-10-03T11:26:04.051+0000] {processor.py:186} INFO - Started process (PID=3891) to work on /home/airflow/.local/lib/python3.12/site-packages/airflow/example_dags/example_latest_only_with_trigger.py
[2024-10-03T11:26:04.052+0000] {processor.py:914} INFO - Processing file /home/airflow/.local/lib/python3.12/site-packages/airflow/example_dags/example_latest_only_with_trigger.py for tasks to queue
[2024-10-03T11:26:04.055+0000] {logging_mixin.py:190} INFO - [2024-10-03T11:26:04.054+0000] {dagbag.py:588} INFO - Filling up the DagBag from /home/airflow/.local/lib/python3.12/site-packages/airflow/example_dags/example_latest_only_with_trigger.py
[2024-10-03T11:26:04.063+0000] {processor.py:925} INFO - DAG(s) 'latest_only_with_trigger' retrieved from /home/airflow/.local/lib/python3.12/site-packages/airflow/example_dags/example_latest_only_with_trigger.py
[2024-10-03T11:26:04.081+0000] {logging_mixin.py:190} INFO - [2024-10-03T11:26:04.081+0000] {dag.py:3239} INFO - Sync 1 DAGs
[2024-10-03T11:26:04.096+0000] {logging_mixin.py:190} INFO - [2024-10-03T11:26:04.096+0000] {dag.py:4180} INFO - Setting next_dagrun for latest_only_with_trigger to 2024-10-03 04:00:00+00:00, run_after=2024-10-03 08:00:00+00:00
[2024-10-03T11:26:04.106+0000] {processor.py:208} INFO - Processing /home/airflow/.local/lib/python3.12/site-packages/airflow/example_dags/example_latest_only_with_trigger.py took 0.063 seconds
[2024-10-03T11:26:34.564+0000] {processor.py:186} INFO - Started process (PID=4182) to work on /home/airflow/.local/lib/python3.12/site-packages/airflow/example_dags/example_latest_only_with_trigger.py
[2024-10-03T11:26:34.565+0000] {processor.py:914} INFO - Processing file /home/airflow/.local/lib/python3.12/site-packages/airflow/example_dags/example_latest_only_with_trigger.py for tasks to queue
[2024-10-03T11:26:34.568+0000] {logging_mixin.py:190} INFO - [2024-10-03T11:26:34.568+0000] {dagbag.py:588} INFO - Filling up the DagBag from /home/airflow/.local/lib/python3.12/site-packages/airflow/example_dags/example_latest_only_with_trigger.py
[2024-10-03T11:26:34.575+0000] {processor.py:925} INFO - DAG(s) 'latest_only_with_trigger' retrieved from /home/airflow/.local/lib/python3.12/site-packages/airflow/example_dags/example_latest_only_with_trigger.py
[2024-10-03T11:26:34.590+0000] {logging_mixin.py:190} INFO - [2024-10-03T11:26:34.590+0000] {dag.py:3239} INFO - Sync 1 DAGs
[2024-10-03T11:26:34.604+0000] {logging_mixin.py:190} INFO - [2024-10-03T11:26:34.604+0000] {dag.py:4180} INFO - Setting next_dagrun for latest_only_with_trigger to 2024-10-03 04:00:00+00:00, run_after=2024-10-03 08:00:00+00:00
[2024-10-03T11:26:34.613+0000] {processor.py:208} INFO - Processing /home/airflow/.local/lib/python3.12/site-packages/airflow/example_dags/example_latest_only_with_trigger.py took 0.057 seconds
[2024-10-03T11:27:04.963+0000] {processor.py:186} INFO - Started process (PID=4468) to work on /home/airflow/.local/lib/python3.12/site-packages/airflow/example_dags/example_latest_only_with_trigger.py
[2024-10-03T11:27:04.963+0000] {processor.py:914} INFO - Processing file /home/airflow/.local/lib/python3.12/site-packages/airflow/example_dags/example_latest_only_with_trigger.py for tasks to queue
[2024-10-03T11:27:04.965+0000] {logging_mixin.py:190} INFO - [2024-10-03T11:27:04.965+0000] {dagbag.py:588} INFO - Filling up the DagBag from /home/airflow/.local/lib/python3.12/site-packages/airflow/example_dags/example_latest_only_with_trigger.py
[2024-10-03T11:27:04.970+0000] {processor.py:925} INFO - DAG(s) 'latest_only_with_trigger' retrieved from /home/airflow/.local/lib/python3.12/site-packages/airflow/example_dags/example_latest_only_with_trigger.py
[2024-10-03T11:27:04.983+0000] {logging_mixin.py:190} INFO - [2024-10-03T11:27:04.983+0000] {dag.py:3239} INFO - Sync 1 DAGs
[2024-10-03T11:27:04.997+0000] {logging_mixin.py:190} INFO - [2024-10-03T11:27:04.997+0000] {dag.py:4180} INFO - Setting next_dagrun for latest_only_with_trigger to 2024-10-03 04:00:00+00:00, run_after=2024-10-03 08:00:00+00:00
[2024-10-03T11:27:05.006+0000] {processor.py:208} INFO - Processing /home/airflow/.local/lib/python3.12/site-packages/airflow/example_dags/example_latest_only_with_trigger.py took 0.049 seconds
[2024-10-03T11:27:35.405+0000] {processor.py:186} INFO - Started process (PID=4754) to work on /home/airflow/.local/lib/python3.12/site-packages/airflow/example_dags/example_latest_only_with_trigger.py
[2024-10-03T11:27:35.406+0000] {processor.py:914} INFO - Processing file /home/airflow/.local/lib/python3.12/site-packages/airflow/example_dags/example_latest_only_with_trigger.py for tasks to queue
[2024-10-03T11:27:35.408+0000] {logging_mixin.py:190} INFO - [2024-10-03T11:27:35.408+0000] {dagbag.py:588} INFO - Filling up the DagBag from /home/airflow/.local/lib/python3.12/site-packages/airflow/example_dags/example_latest_only_with_trigger.py
[2024-10-03T11:27:35.415+0000] {processor.py:925} INFO - DAG(s) 'latest_only_with_trigger' retrieved from /home/airflow/.local/lib/python3.12/site-packages/airflow/example_dags/example_latest_only_with_trigger.py
[2024-10-03T11:27:35.432+0000] {logging_mixin.py:190} INFO - [2024-10-03T11:27:35.431+0000] {dag.py:3239} INFO - Sync 1 DAGs
[2024-10-03T11:27:35.449+0000] {logging_mixin.py:190} INFO - [2024-10-03T11:27:35.449+0000] {dag.py:4180} INFO - Setting next_dagrun for latest_only_with_trigger to 2024-10-03 04:00:00+00:00, run_after=2024-10-03 08:00:00+00:00
[2024-10-03T11:27:35.460+0000] {processor.py:208} INFO - Processing /home/airflow/.local/lib/python3.12/site-packages/airflow/example_dags/example_latest_only_with_trigger.py took 0.063 seconds
[2024-10-03T11:28:05.764+0000] {processor.py:186} INFO - Started process (PID=5040) to work on /home/airflow/.local/lib/python3.12/site-packages/airflow/example_dags/example_latest_only_with_trigger.py
[2024-10-03T11:28:05.765+0000] {processor.py:914} INFO - Processing file /home/airflow/.local/lib/python3.12/site-packages/airflow/example_dags/example_latest_only_with_trigger.py for tasks to queue
[2024-10-03T11:28:05.768+0000] {logging_mixin.py:190} INFO - [2024-10-03T11:28:05.768+0000] {dagbag.py:588} INFO - Filling up the DagBag from /home/airflow/.local/lib/python3.12/site-packages/airflow/example_dags/example_latest_only_with_trigger.py
[2024-10-03T11:28:05.775+0000] {processor.py:925} INFO - DAG(s) 'latest_only_with_trigger' retrieved from /home/airflow/.local/lib/python3.12/site-packages/airflow/example_dags/example_latest_only_with_trigger.py
[2024-10-03T11:28:05.791+0000] {logging_mixin.py:190} INFO - [2024-10-03T11:28:05.791+0000] {dag.py:3239} INFO - Sync 1 DAGs
[2024-10-03T11:28:05.806+0000] {logging_mixin.py:190} INFO - [2024-10-03T11:28:05.806+0000] {dag.py:4180} INFO - Setting next_dagrun for latest_only_with_trigger to 2024-10-03 04:00:00+00:00, run_after=2024-10-03 08:00:00+00:00
[2024-10-03T11:28:05.815+0000] {processor.py:208} INFO - Processing /home/airflow/.local/lib/python3.12/site-packages/airflow/example_dags/example_latest_only_with_trigger.py took 0.058 seconds
[2024-10-03T11:28:36.160+0000] {processor.py:186} INFO - Started process (PID=5326) to work on /home/airflow/.local/lib/python3.12/site-packages/airflow/example_dags/example_latest_only_with_trigger.py
[2024-10-03T11:28:36.161+0000] {processor.py:914} INFO - Processing file /home/airflow/.local/lib/python3.12/site-packages/airflow/example_dags/example_latest_only_with_trigger.py for tasks to queue
[2024-10-03T11:28:36.163+0000] {logging_mixin.py:190} INFO - [2024-10-03T11:28:36.163+0000] {dagbag.py:588} INFO - Filling up the DagBag from /home/airflow/.local/lib/python3.12/site-packages/airflow/example_dags/example_latest_only_with_trigger.py
[2024-10-03T11:28:36.169+0000] {processor.py:925} INFO - DAG(s) 'latest_only_with_trigger' retrieved from /home/airflow/.local/lib/python3.12/site-packages/airflow/example_dags/example_latest_only_with_trigger.py
[2024-10-03T11:28:36.184+0000] {logging_mixin.py:190} INFO - [2024-10-03T11:28:36.183+0000] {dag.py:3239} INFO - Sync 1 DAGs
[2024-10-03T11:28:36.199+0000] {logging_mixin.py:190} INFO - [2024-10-03T11:28:36.199+0000] {dag.py:4180} INFO - Setting next_dagrun for latest_only_with_trigger to 2024-10-03 04:00:00+00:00, run_after=2024-10-03 08:00:00+00:00
[2024-10-03T11:28:36.210+0000] {processor.py:208} INFO - Processing /home/airflow/.local/lib/python3.12/site-packages/airflow/example_dags/example_latest_only_with_trigger.py took 0.055 seconds
[2024-10-03T11:29:06.376+0000] {processor.py:186} INFO - Started process (PID=5636) to work on /home/airflow/.local/lib/python3.12/site-packages/airflow/example_dags/example_latest_only_with_trigger.py
[2024-10-03T11:29:06.377+0000] {processor.py:914} INFO - Processing file /home/airflow/.local/lib/python3.12/site-packages/airflow/example_dags/example_latest_only_with_trigger.py for tasks to queue
[2024-10-03T11:29:06.380+0000] {logging_mixin.py:190} INFO - [2024-10-03T11:29:06.379+0000] {dagbag.py:588} INFO - Filling up the DagBag from /home/airflow/.local/lib/python3.12/site-packages/airflow/example_dags/example_latest_only_with_trigger.py
[2024-10-03T11:29:06.386+0000] {processor.py:925} INFO - DAG(s) 'latest_only_with_trigger' retrieved from /home/airflow/.local/lib/python3.12/site-packages/airflow/example_dags/example_latest_only_with_trigger.py
[2024-10-03T11:29:06.401+0000] {logging_mixin.py:190} INFO - [2024-10-03T11:29:06.400+0000] {dag.py:3239} INFO - Sync 1 DAGs
[2024-10-03T11:29:06.414+0000] {logging_mixin.py:190} INFO - [2024-10-03T11:29:06.414+0000] {dag.py:4180} INFO - Setting next_dagrun for latest_only_with_trigger to 2024-10-03 04:00:00+00:00, run_after=2024-10-03 08:00:00+00:00
[2024-10-03T11:29:06.422+0000] {processor.py:208} INFO - Processing /home/airflow/.local/lib/python3.12/site-packages/airflow/example_dags/example_latest_only_with_trigger.py took 0.054 seconds
[2024-10-03T11:29:36.641+0000] {processor.py:186} INFO - Started process (PID=5922) to work on /home/airflow/.local/lib/python3.12/site-packages/airflow/example_dags/example_latest_only_with_trigger.py
[2024-10-03T11:29:36.643+0000] {processor.py:914} INFO - Processing file /home/airflow/.local/lib/python3.12/site-packages/airflow/example_dags/example_latest_only_with_trigger.py for tasks to queue
[2024-10-03T11:29:36.645+0000] {logging_mixin.py:190} INFO - [2024-10-03T11:29:36.645+0000] {dagbag.py:588} INFO - Filling up the DagBag from /home/airflow/.local/lib/python3.12/site-packages/airflow/example_dags/example_latest_only_with_trigger.py
[2024-10-03T11:29:36.651+0000] {processor.py:925} INFO - DAG(s) 'latest_only_with_trigger' retrieved from /home/airflow/.local/lib/python3.12/site-packages/airflow/example_dags/example_latest_only_with_trigger.py
[2024-10-03T11:29:36.666+0000] {logging_mixin.py:190} INFO - [2024-10-03T11:29:36.666+0000] {dag.py:3239} INFO - Sync 1 DAGs
[2024-10-03T11:29:36.681+0000] {logging_mixin.py:190} INFO - [2024-10-03T11:29:36.681+0000] {dag.py:4180} INFO - Setting next_dagrun for latest_only_with_trigger to 2024-10-03 04:00:00+00:00, run_after=2024-10-03 08:00:00+00:00
[2024-10-03T11:29:36.690+0000] {processor.py:208} INFO - Processing /home/airflow/.local/lib/python3.12/site-packages/airflow/example_dags/example_latest_only_with_trigger.py took 0.055 seconds
[2024-10-03T11:30:07.008+0000] {processor.py:186} INFO - Started process (PID=6208) to work on /home/airflow/.local/lib/python3.12/site-packages/airflow/example_dags/example_latest_only_with_trigger.py
[2024-10-03T11:30:07.010+0000] {processor.py:914} INFO - Processing file /home/airflow/.local/lib/python3.12/site-packages/airflow/example_dags/example_latest_only_with_trigger.py for tasks to queue
[2024-10-03T11:30:07.012+0000] {logging_mixin.py:190} INFO - [2024-10-03T11:30:07.012+0000] {dagbag.py:588} INFO - Filling up the DagBag from /home/airflow/.local/lib/python3.12/site-packages/airflow/example_dags/example_latest_only_with_trigger.py
[2024-10-03T11:30:07.020+0000] {processor.py:925} INFO - DAG(s) 'latest_only_with_trigger' retrieved from /home/airflow/.local/lib/python3.12/site-packages/airflow/example_dags/example_latest_only_with_trigger.py
[2024-10-03T11:30:07.037+0000] {logging_mixin.py:190} INFO - [2024-10-03T11:30:07.037+0000] {dag.py:3239} INFO - Sync 1 DAGs
[2024-10-03T11:30:07.052+0000] {logging_mixin.py:190} INFO - [2024-10-03T11:30:07.052+0000] {dag.py:4180} INFO - Setting next_dagrun for latest_only_with_trigger to 2024-10-03 04:00:00+00:00, run_after=2024-10-03 08:00:00+00:00
[2024-10-03T11:30:07.061+0000] {processor.py:208} INFO - Processing /home/airflow/.local/lib/python3.12/site-packages/airflow/example_dags/example_latest_only_with_trigger.py took 0.062 seconds
[2024-10-03T11:30:37.411+0000] {processor.py:186} INFO - Started process (PID=6494) to work on /home/airflow/.local/lib/python3.12/site-packages/airflow/example_dags/example_latest_only_with_trigger.py
[2024-10-03T11:30:37.412+0000] {processor.py:914} INFO - Processing file /home/airflow/.local/lib/python3.12/site-packages/airflow/example_dags/example_latest_only_with_trigger.py for tasks to queue
[2024-10-03T11:30:37.416+0000] {logging_mixin.py:190} INFO - [2024-10-03T11:30:37.415+0000] {dagbag.py:588} INFO - Filling up the DagBag from /home/airflow/.local/lib/python3.12/site-packages/airflow/example_dags/example_latest_only_with_trigger.py
[2024-10-03T11:30:37.424+0000] {processor.py:925} INFO - DAG(s) 'latest_only_with_trigger' retrieved from /home/airflow/.local/lib/python3.12/site-packages/airflow/example_dags/example_latest_only_with_trigger.py
[2024-10-03T11:30:37.441+0000] {logging_mixin.py:190} INFO - [2024-10-03T11:30:37.441+0000] {dag.py:3239} INFO - Sync 1 DAGs
[2024-10-03T11:30:37.457+0000] {logging_mixin.py:190} INFO - [2024-10-03T11:30:37.456+0000] {dag.py:4180} INFO - Setting next_dagrun for latest_only_with_trigger to 2024-10-03 04:00:00+00:00, run_after=2024-10-03 08:00:00+00:00
[2024-10-03T11:30:37.465+0000] {processor.py:208} INFO - Processing /home/airflow/.local/lib/python3.12/site-packages/airflow/example_dags/example_latest_only_with_trigger.py took 0.063 seconds
[2024-10-03T11:31:07.737+0000] {processor.py:186} INFO - Started process (PID=6780) to work on /home/airflow/.local/lib/python3.12/site-packages/airflow/example_dags/example_latest_only_with_trigger.py
[2024-10-03T11:31:07.739+0000] {processor.py:914} INFO - Processing file /home/airflow/.local/lib/python3.12/site-packages/airflow/example_dags/example_latest_only_with_trigger.py for tasks to queue
[2024-10-03T11:31:07.743+0000] {logging_mixin.py:190} INFO - [2024-10-03T11:31:07.742+0000] {dagbag.py:588} INFO - Filling up the DagBag from /home/airflow/.local/lib/python3.12/site-packages/airflow/example_dags/example_latest_only_with_trigger.py
[2024-10-03T11:31:07.750+0000] {processor.py:925} INFO - DAG(s) 'latest_only_with_trigger' retrieved from /home/airflow/.local/lib/python3.12/site-packages/airflow/example_dags/example_latest_only_with_trigger.py
[2024-10-03T11:31:07.766+0000] {logging_mixin.py:190} INFO - [2024-10-03T11:31:07.766+0000] {dag.py:3239} INFO - Sync 1 DAGs
[2024-10-03T11:31:07.783+0000] {logging_mixin.py:190} INFO - [2024-10-03T11:31:07.783+0000] {dag.py:4180} INFO - Setting next_dagrun for latest_only_with_trigger to 2024-10-03 04:00:00+00:00, run_after=2024-10-03 08:00:00+00:00
[2024-10-03T11:31:07.793+0000] {processor.py:208} INFO - Processing /home/airflow/.local/lib/python3.12/site-packages/airflow/example_dags/example_latest_only_with_trigger.py took 0.065 seconds
