[2024-10-03T11:19:29.119+0000] {processor.py:186} INFO - Started process (PID=232) to work on /home/airflow/.local/lib/python3.12/site-packages/airflow/example_dags/example_kubernetes_executor.py
[2024-10-03T11:19:29.120+0000] {processor.py:914} INFO - Processing file /home/airflow/.local/lib/python3.12/site-packages/airflow/example_dags/example_kubernetes_executor.py for tasks to queue
[2024-10-03T11:19:29.122+0000] {logging_mixin.py:190} INFO - [2024-10-03T11:19:29.121+0000] {dagbag.py:588} INFO - Filling up the DagBag from /home/airflow/.local/lib/python3.12/site-packages/airflow/example_dags/example_kubernetes_executor.py
[2024-10-03T11:19:29.131+0000] {processor.py:925} INFO - DAG(s) 'example_kubernetes_executor' retrieved from /home/airflow/.local/lib/python3.12/site-packages/airflow/example_dags/example_kubernetes_executor.py
[2024-10-03T11:19:29.199+0000] {logging_mixin.py:190} INFO - [2024-10-03T11:19:29.199+0000] {override.py:1900} INFO - Created Permission View: can delete on DAG:example_kubernetes_executor
[2024-10-03T11:19:29.203+0000] {logging_mixin.py:190} INFO - [2024-10-03T11:19:29.203+0000] {override.py:1900} INFO - Created Permission View: can read on DAG:example_kubernetes_executor
[2024-10-03T11:19:29.206+0000] {logging_mixin.py:190} INFO - [2024-10-03T11:19:29.206+0000] {override.py:1900} INFO - Created Permission View: can edit on DAG:example_kubernetes_executor
[2024-10-03T11:19:29.209+0000] {logging_mixin.py:190} INFO - [2024-10-03T11:19:29.209+0000] {override.py:1900} INFO - Created Permission View: can read on DAG Run:example_kubernetes_executor
[2024-10-03T11:19:29.212+0000] {logging_mixin.py:190} INFO - [2024-10-03T11:19:29.212+0000] {override.py:1900} INFO - Created Permission View: can create on DAG Run:example_kubernetes_executor
[2024-10-03T11:19:29.214+0000] {logging_mixin.py:190} INFO - [2024-10-03T11:19:29.214+0000] {override.py:1900} INFO - Created Permission View: menu access on DAG Run:example_kubernetes_executor
[2024-10-03T11:19:29.218+0000] {logging_mixin.py:190} INFO - [2024-10-03T11:19:29.218+0000] {override.py:1900} INFO - Created Permission View: can delete on DAG Run:example_kubernetes_executor
[2024-10-03T11:19:29.218+0000] {logging_mixin.py:190} INFO - [2024-10-03T11:19:29.218+0000] {dag.py:3239} INFO - Sync 1 DAGs
[2024-10-03T11:19:29.224+0000] {logging_mixin.py:190} INFO - [2024-10-03T11:19:29.224+0000] {dag.py:3262} INFO - Creating ORM DAG for example_kubernetes_executor
[2024-10-03T11:19:29.225+0000] {logging_mixin.py:190} INFO - [2024-10-03T11:19:29.224+0000] {dag.py:4180} INFO - Setting next_dagrun for example_kubernetes_executor to None, run_after=None
[2024-10-03T11:19:29.233+0000] {processor.py:208} INFO - Processing /home/airflow/.local/lib/python3.12/site-packages/airflow/example_dags/example_kubernetes_executor.py took 0.118 seconds
[2024-10-03T11:19:59.928+0000] {processor.py:186} INFO - Started process (PID=518) to work on /home/airflow/.local/lib/python3.12/site-packages/airflow/example_dags/example_kubernetes_executor.py
[2024-10-03T11:19:59.929+0000] {processor.py:914} INFO - Processing file /home/airflow/.local/lib/python3.12/site-packages/airflow/example_dags/example_kubernetes_executor.py for tasks to queue
[2024-10-03T11:19:59.931+0000] {logging_mixin.py:190} INFO - [2024-10-03T11:19:59.930+0000] {dagbag.py:588} INFO - Filling up the DagBag from /home/airflow/.local/lib/python3.12/site-packages/airflow/example_dags/example_kubernetes_executor.py
[2024-10-03T11:19:59.939+0000] {processor.py:925} INFO - DAG(s) 'example_kubernetes_executor' retrieved from /home/airflow/.local/lib/python3.12/site-packages/airflow/example_dags/example_kubernetes_executor.py
[2024-10-03T11:19:59.960+0000] {logging_mixin.py:190} INFO - [2024-10-03T11:19:59.960+0000] {dag.py:3239} INFO - Sync 1 DAGs
[2024-10-03T11:19:59.967+0000] {logging_mixin.py:190} INFO - [2024-10-03T11:19:59.967+0000] {dag.py:4180} INFO - Setting next_dagrun for example_kubernetes_executor to None, run_after=None
[2024-10-03T11:19:59.976+0000] {processor.py:208} INFO - Processing /home/airflow/.local/lib/python3.12/site-packages/airflow/example_dags/example_kubernetes_executor.py took 0.052 seconds
[2024-10-03T11:20:30.400+0000] {processor.py:186} INFO - Started process (PID=804) to work on /home/airflow/.local/lib/python3.12/site-packages/airflow/example_dags/example_kubernetes_executor.py
[2024-10-03T11:20:30.401+0000] {processor.py:914} INFO - Processing file /home/airflow/.local/lib/python3.12/site-packages/airflow/example_dags/example_kubernetes_executor.py for tasks to queue
[2024-10-03T11:20:30.402+0000] {logging_mixin.py:190} INFO - [2024-10-03T11:20:30.402+0000] {dagbag.py:588} INFO - Filling up the DagBag from /home/airflow/.local/lib/python3.12/site-packages/airflow/example_dags/example_kubernetes_executor.py
[2024-10-03T11:20:30.410+0000] {processor.py:925} INFO - DAG(s) 'example_kubernetes_executor' retrieved from /home/airflow/.local/lib/python3.12/site-packages/airflow/example_dags/example_kubernetes_executor.py
[2024-10-03T11:20:30.431+0000] {logging_mixin.py:190} INFO - [2024-10-03T11:20:30.431+0000] {dag.py:3239} INFO - Sync 1 DAGs
[2024-10-03T11:20:30.438+0000] {logging_mixin.py:190} INFO - [2024-10-03T11:20:30.438+0000] {dag.py:4180} INFO - Setting next_dagrun for example_kubernetes_executor to None, run_after=None
[2024-10-03T11:20:30.447+0000] {processor.py:208} INFO - Processing /home/airflow/.local/lib/python3.12/site-packages/airflow/example_dags/example_kubernetes_executor.py took 0.051 seconds
[2024-10-03T11:21:00.801+0000] {processor.py:186} INFO - Started process (PID=1090) to work on /home/airflow/.local/lib/python3.12/site-packages/airflow/example_dags/example_kubernetes_executor.py
[2024-10-03T11:21:00.802+0000] {processor.py:914} INFO - Processing file /home/airflow/.local/lib/python3.12/site-packages/airflow/example_dags/example_kubernetes_executor.py for tasks to queue
[2024-10-03T11:21:00.803+0000] {logging_mixin.py:190} INFO - [2024-10-03T11:21:00.803+0000] {dagbag.py:588} INFO - Filling up the DagBag from /home/airflow/.local/lib/python3.12/site-packages/airflow/example_dags/example_kubernetes_executor.py
[2024-10-03T11:21:00.811+0000] {processor.py:925} INFO - DAG(s) 'example_kubernetes_executor' retrieved from /home/airflow/.local/lib/python3.12/site-packages/airflow/example_dags/example_kubernetes_executor.py
[2024-10-03T11:21:00.830+0000] {logging_mixin.py:190} INFO - [2024-10-03T11:21:00.830+0000] {dag.py:3239} INFO - Sync 1 DAGs
[2024-10-03T11:21:00.837+0000] {logging_mixin.py:190} INFO - [2024-10-03T11:21:00.837+0000] {dag.py:4180} INFO - Setting next_dagrun for example_kubernetes_executor to None, run_after=None
[2024-10-03T11:21:00.846+0000] {processor.py:208} INFO - Processing /home/airflow/.local/lib/python3.12/site-packages/airflow/example_dags/example_kubernetes_executor.py took 0.049 seconds
[2024-10-03T11:21:31.270+0000] {processor.py:186} INFO - Started process (PID=1376) to work on /home/airflow/.local/lib/python3.12/site-packages/airflow/example_dags/example_kubernetes_executor.py
[2024-10-03T11:21:31.271+0000] {processor.py:914} INFO - Processing file /home/airflow/.local/lib/python3.12/site-packages/airflow/example_dags/example_kubernetes_executor.py for tasks to queue
[2024-10-03T11:21:31.272+0000] {logging_mixin.py:190} INFO - [2024-10-03T11:21:31.272+0000] {dagbag.py:588} INFO - Filling up the DagBag from /home/airflow/.local/lib/python3.12/site-packages/airflow/example_dags/example_kubernetes_executor.py
[2024-10-03T11:21:31.279+0000] {processor.py:925} INFO - DAG(s) 'example_kubernetes_executor' retrieved from /home/airflow/.local/lib/python3.12/site-packages/airflow/example_dags/example_kubernetes_executor.py
[2024-10-03T11:21:31.299+0000] {logging_mixin.py:190} INFO - [2024-10-03T11:21:31.298+0000] {dag.py:3239} INFO - Sync 1 DAGs
[2024-10-03T11:21:31.306+0000] {logging_mixin.py:190} INFO - [2024-10-03T11:21:31.306+0000] {dag.py:4180} INFO - Setting next_dagrun for example_kubernetes_executor to None, run_after=None
[2024-10-03T11:21:31.316+0000] {processor.py:208} INFO - Processing /home/airflow/.local/lib/python3.12/site-packages/airflow/example_dags/example_kubernetes_executor.py took 0.050 seconds
[2024-10-03T11:22:01.783+0000] {processor.py:186} INFO - Started process (PID=1662) to work on /home/airflow/.local/lib/python3.12/site-packages/airflow/example_dags/example_kubernetes_executor.py
[2024-10-03T11:22:01.784+0000] {processor.py:914} INFO - Processing file /home/airflow/.local/lib/python3.12/site-packages/airflow/example_dags/example_kubernetes_executor.py for tasks to queue
[2024-10-03T11:22:01.785+0000] {logging_mixin.py:190} INFO - [2024-10-03T11:22:01.785+0000] {dagbag.py:588} INFO - Filling up the DagBag from /home/airflow/.local/lib/python3.12/site-packages/airflow/example_dags/example_kubernetes_executor.py
[2024-10-03T11:22:01.793+0000] {processor.py:925} INFO - DAG(s) 'example_kubernetes_executor' retrieved from /home/airflow/.local/lib/python3.12/site-packages/airflow/example_dags/example_kubernetes_executor.py
[2024-10-03T11:22:01.811+0000] {logging_mixin.py:190} INFO - [2024-10-03T11:22:01.811+0000] {dag.py:3239} INFO - Sync 1 DAGs
[2024-10-03T11:22:01.818+0000] {logging_mixin.py:190} INFO - [2024-10-03T11:22:01.817+0000] {dag.py:4180} INFO - Setting next_dagrun for example_kubernetes_executor to None, run_after=None
[2024-10-03T11:22:01.826+0000] {processor.py:208} INFO - Processing /home/airflow/.local/lib/python3.12/site-packages/airflow/example_dags/example_kubernetes_executor.py took 0.047 seconds
[2024-10-03T11:22:32.200+0000] {processor.py:186} INFO - Started process (PID=1948) to work on /home/airflow/.local/lib/python3.12/site-packages/airflow/example_dags/example_kubernetes_executor.py
[2024-10-03T11:22:32.201+0000] {processor.py:914} INFO - Processing file /home/airflow/.local/lib/python3.12/site-packages/airflow/example_dags/example_kubernetes_executor.py for tasks to queue
[2024-10-03T11:22:32.202+0000] {logging_mixin.py:190} INFO - [2024-10-03T11:22:32.202+0000] {dagbag.py:588} INFO - Filling up the DagBag from /home/airflow/.local/lib/python3.12/site-packages/airflow/example_dags/example_kubernetes_executor.py
[2024-10-03T11:22:32.210+0000] {processor.py:925} INFO - DAG(s) 'example_kubernetes_executor' retrieved from /home/airflow/.local/lib/python3.12/site-packages/airflow/example_dags/example_kubernetes_executor.py
[2024-10-03T11:22:32.229+0000] {logging_mixin.py:190} INFO - [2024-10-03T11:22:32.229+0000] {dag.py:3239} INFO - Sync 1 DAGs
[2024-10-03T11:22:32.237+0000] {logging_mixin.py:190} INFO - [2024-10-03T11:22:32.237+0000] {dag.py:4180} INFO - Setting next_dagrun for example_kubernetes_executor to None, run_after=None
[2024-10-03T11:22:32.246+0000] {processor.py:208} INFO - Processing /home/airflow/.local/lib/python3.12/site-packages/airflow/example_dags/example_kubernetes_executor.py took 0.049 seconds
[2024-10-03T11:23:02.827+0000] {processor.py:186} INFO - Started process (PID=2234) to work on /home/airflow/.local/lib/python3.12/site-packages/airflow/example_dags/example_kubernetes_executor.py
[2024-10-03T11:23:02.828+0000] {processor.py:914} INFO - Processing file /home/airflow/.local/lib/python3.12/site-packages/airflow/example_dags/example_kubernetes_executor.py for tasks to queue
[2024-10-03T11:23:02.829+0000] {logging_mixin.py:190} INFO - [2024-10-03T11:23:02.829+0000] {dagbag.py:588} INFO - Filling up the DagBag from /home/airflow/.local/lib/python3.12/site-packages/airflow/example_dags/example_kubernetes_executor.py
[2024-10-03T11:23:02.837+0000] {processor.py:925} INFO - DAG(s) 'example_kubernetes_executor' retrieved from /home/airflow/.local/lib/python3.12/site-packages/airflow/example_dags/example_kubernetes_executor.py
[2024-10-03T11:23:02.857+0000] {logging_mixin.py:190} INFO - [2024-10-03T11:23:02.857+0000] {dag.py:3239} INFO - Sync 1 DAGs
[2024-10-03T11:23:02.865+0000] {logging_mixin.py:190} INFO - [2024-10-03T11:23:02.865+0000] {dag.py:4180} INFO - Setting next_dagrun for example_kubernetes_executor to None, run_after=None
[2024-10-03T11:23:02.875+0000] {processor.py:208} INFO - Processing /home/airflow/.local/lib/python3.12/site-packages/airflow/example_dags/example_kubernetes_executor.py took 0.052 seconds
[2024-10-03T11:23:33.075+0000] {processor.py:186} INFO - Started process (PID=2520) to work on /home/airflow/.local/lib/python3.12/site-packages/airflow/example_dags/example_kubernetes_executor.py
[2024-10-03T11:23:33.076+0000] {processor.py:914} INFO - Processing file /home/airflow/.local/lib/python3.12/site-packages/airflow/example_dags/example_kubernetes_executor.py for tasks to queue
[2024-10-03T11:23:33.077+0000] {logging_mixin.py:190} INFO - [2024-10-03T11:23:33.077+0000] {dagbag.py:588} INFO - Filling up the DagBag from /home/airflow/.local/lib/python3.12/site-packages/airflow/example_dags/example_kubernetes_executor.py
[2024-10-03T11:23:33.085+0000] {processor.py:925} INFO - DAG(s) 'example_kubernetes_executor' retrieved from /home/airflow/.local/lib/python3.12/site-packages/airflow/example_dags/example_kubernetes_executor.py
[2024-10-03T11:23:33.104+0000] {logging_mixin.py:190} INFO - [2024-10-03T11:23:33.104+0000] {dag.py:3239} INFO - Sync 1 DAGs
[2024-10-03T11:23:33.111+0000] {logging_mixin.py:190} INFO - [2024-10-03T11:23:33.111+0000] {dag.py:4180} INFO - Setting next_dagrun for example_kubernetes_executor to None, run_after=None
[2024-10-03T11:23:33.119+0000] {processor.py:208} INFO - Processing /home/airflow/.local/lib/python3.12/site-packages/airflow/example_dags/example_kubernetes_executor.py took 0.048 seconds
[2024-10-03T11:24:03.450+0000] {processor.py:186} INFO - Started process (PID=2806) to work on /home/airflow/.local/lib/python3.12/site-packages/airflow/example_dags/example_kubernetes_executor.py
[2024-10-03T11:24:03.451+0000] {processor.py:914} INFO - Processing file /home/airflow/.local/lib/python3.12/site-packages/airflow/example_dags/example_kubernetes_executor.py for tasks to queue
[2024-10-03T11:24:03.452+0000] {logging_mixin.py:190} INFO - [2024-10-03T11:24:03.452+0000] {dagbag.py:588} INFO - Filling up the DagBag from /home/airflow/.local/lib/python3.12/site-packages/airflow/example_dags/example_kubernetes_executor.py
[2024-10-03T11:24:03.461+0000] {processor.py:925} INFO - DAG(s) 'example_kubernetes_executor' retrieved from /home/airflow/.local/lib/python3.12/site-packages/airflow/example_dags/example_kubernetes_executor.py
[2024-10-03T11:24:03.482+0000] {logging_mixin.py:190} INFO - [2024-10-03T11:24:03.481+0000] {dag.py:3239} INFO - Sync 1 DAGs
[2024-10-03T11:24:03.489+0000] {logging_mixin.py:190} INFO - [2024-10-03T11:24:03.488+0000] {dag.py:4180} INFO - Setting next_dagrun for example_kubernetes_executor to None, run_after=None
[2024-10-03T11:24:03.498+0000] {processor.py:208} INFO - Processing /home/airflow/.local/lib/python3.12/site-packages/airflow/example_dags/example_kubernetes_executor.py took 0.051 seconds
[2024-10-03T11:24:33.983+0000] {processor.py:186} INFO - Started process (PID=3092) to work on /home/airflow/.local/lib/python3.12/site-packages/airflow/example_dags/example_kubernetes_executor.py
[2024-10-03T11:24:33.984+0000] {processor.py:914} INFO - Processing file /home/airflow/.local/lib/python3.12/site-packages/airflow/example_dags/example_kubernetes_executor.py for tasks to queue
[2024-10-03T11:24:33.985+0000] {logging_mixin.py:190} INFO - [2024-10-03T11:24:33.985+0000] {dagbag.py:588} INFO - Filling up the DagBag from /home/airflow/.local/lib/python3.12/site-packages/airflow/example_dags/example_kubernetes_executor.py
[2024-10-03T11:24:33.994+0000] {processor.py:925} INFO - DAG(s) 'example_kubernetes_executor' retrieved from /home/airflow/.local/lib/python3.12/site-packages/airflow/example_dags/example_kubernetes_executor.py
[2024-10-03T11:24:34.016+0000] {logging_mixin.py:190} INFO - [2024-10-03T11:24:34.015+0000] {dag.py:3239} INFO - Sync 1 DAGs
[2024-10-03T11:24:34.023+0000] {logging_mixin.py:190} INFO - [2024-10-03T11:24:34.023+0000] {dag.py:4180} INFO - Setting next_dagrun for example_kubernetes_executor to None, run_after=None
[2024-10-03T11:24:34.032+0000] {processor.py:208} INFO - Processing /home/airflow/.local/lib/python3.12/site-packages/airflow/example_dags/example_kubernetes_executor.py took 0.053 seconds
[2024-10-03T11:25:04.570+0000] {processor.py:186} INFO - Started process (PID=3378) to work on /home/airflow/.local/lib/python3.12/site-packages/airflow/example_dags/example_kubernetes_executor.py
[2024-10-03T11:25:04.571+0000] {processor.py:914} INFO - Processing file /home/airflow/.local/lib/python3.12/site-packages/airflow/example_dags/example_kubernetes_executor.py for tasks to queue
[2024-10-03T11:25:04.573+0000] {logging_mixin.py:190} INFO - [2024-10-03T11:25:04.573+0000] {dagbag.py:588} INFO - Filling up the DagBag from /home/airflow/.local/lib/python3.12/site-packages/airflow/example_dags/example_kubernetes_executor.py
[2024-10-03T11:25:04.582+0000] {processor.py:925} INFO - DAG(s) 'example_kubernetes_executor' retrieved from /home/airflow/.local/lib/python3.12/site-packages/airflow/example_dags/example_kubernetes_executor.py
[2024-10-03T11:25:04.606+0000] {logging_mixin.py:190} INFO - [2024-10-03T11:25:04.606+0000] {dag.py:3239} INFO - Sync 1 DAGs
[2024-10-03T11:25:04.616+0000] {logging_mixin.py:190} INFO - [2024-10-03T11:25:04.616+0000] {dag.py:4180} INFO - Setting next_dagrun for example_kubernetes_executor to None, run_after=None
[2024-10-03T11:25:04.628+0000] {processor.py:208} INFO - Processing /home/airflow/.local/lib/python3.12/site-packages/airflow/example_dags/example_kubernetes_executor.py took 0.063 seconds
[2024-10-03T11:25:35.138+0000] {processor.py:186} INFO - Started process (PID=3664) to work on /home/airflow/.local/lib/python3.12/site-packages/airflow/example_dags/example_kubernetes_executor.py
[2024-10-03T11:25:35.139+0000] {processor.py:914} INFO - Processing file /home/airflow/.local/lib/python3.12/site-packages/airflow/example_dags/example_kubernetes_executor.py for tasks to queue
[2024-10-03T11:25:35.140+0000] {logging_mixin.py:190} INFO - [2024-10-03T11:25:35.140+0000] {dagbag.py:588} INFO - Filling up the DagBag from /home/airflow/.local/lib/python3.12/site-packages/airflow/example_dags/example_kubernetes_executor.py
[2024-10-03T11:25:35.148+0000] {processor.py:925} INFO - DAG(s) 'example_kubernetes_executor' retrieved from /home/airflow/.local/lib/python3.12/site-packages/airflow/example_dags/example_kubernetes_executor.py
[2024-10-03T11:25:35.168+0000] {logging_mixin.py:190} INFO - [2024-10-03T11:25:35.168+0000] {dag.py:3239} INFO - Sync 1 DAGs
[2024-10-03T11:25:35.175+0000] {logging_mixin.py:190} INFO - [2024-10-03T11:25:35.175+0000] {dag.py:4180} INFO - Setting next_dagrun for example_kubernetes_executor to None, run_after=None
[2024-10-03T11:25:35.184+0000] {processor.py:208} INFO - Processing /home/airflow/.local/lib/python3.12/site-packages/airflow/example_dags/example_kubernetes_executor.py took 0.050 seconds
[2024-10-03T11:26:05.487+0000] {processor.py:186} INFO - Started process (PID=3954) to work on /home/airflow/.local/lib/python3.12/site-packages/airflow/example_dags/example_kubernetes_executor.py
[2024-10-03T11:26:05.487+0000] {processor.py:914} INFO - Processing file /home/airflow/.local/lib/python3.12/site-packages/airflow/example_dags/example_kubernetes_executor.py for tasks to queue
[2024-10-03T11:26:05.489+0000] {logging_mixin.py:190} INFO - [2024-10-03T11:26:05.488+0000] {dagbag.py:588} INFO - Filling up the DagBag from /home/airflow/.local/lib/python3.12/site-packages/airflow/example_dags/example_kubernetes_executor.py
[2024-10-03T11:26:05.496+0000] {processor.py:925} INFO - DAG(s) 'example_kubernetes_executor' retrieved from /home/airflow/.local/lib/python3.12/site-packages/airflow/example_dags/example_kubernetes_executor.py
[2024-10-03T11:26:05.515+0000] {logging_mixin.py:190} INFO - [2024-10-03T11:26:05.515+0000] {dag.py:3239} INFO - Sync 1 DAGs
[2024-10-03T11:26:05.523+0000] {logging_mixin.py:190} INFO - [2024-10-03T11:26:05.523+0000] {dag.py:4180} INFO - Setting next_dagrun for example_kubernetes_executor to None, run_after=None
[2024-10-03T11:26:05.531+0000] {processor.py:208} INFO - Processing /home/airflow/.local/lib/python3.12/site-packages/airflow/example_dags/example_kubernetes_executor.py took 0.049 seconds
[2024-10-03T11:26:36.008+0000] {processor.py:186} INFO - Started process (PID=4245) to work on /home/airflow/.local/lib/python3.12/site-packages/airflow/example_dags/example_kubernetes_executor.py
[2024-10-03T11:26:36.009+0000] {processor.py:914} INFO - Processing file /home/airflow/.local/lib/python3.12/site-packages/airflow/example_dags/example_kubernetes_executor.py for tasks to queue
[2024-10-03T11:26:36.010+0000] {logging_mixin.py:190} INFO - [2024-10-03T11:26:36.010+0000] {dagbag.py:588} INFO - Filling up the DagBag from /home/airflow/.local/lib/python3.12/site-packages/airflow/example_dags/example_kubernetes_executor.py
[2024-10-03T11:26:36.017+0000] {processor.py:925} INFO - DAG(s) 'example_kubernetes_executor' retrieved from /home/airflow/.local/lib/python3.12/site-packages/airflow/example_dags/example_kubernetes_executor.py
[2024-10-03T11:26:36.037+0000] {logging_mixin.py:190} INFO - [2024-10-03T11:26:36.037+0000] {dag.py:3239} INFO - Sync 1 DAGs
[2024-10-03T11:26:36.045+0000] {logging_mixin.py:190} INFO - [2024-10-03T11:26:36.045+0000] {dag.py:4180} INFO - Setting next_dagrun for example_kubernetes_executor to None, run_after=None
[2024-10-03T11:26:36.054+0000] {processor.py:208} INFO - Processing /home/airflow/.local/lib/python3.12/site-packages/airflow/example_dags/example_kubernetes_executor.py took 0.050 seconds
[2024-10-03T11:27:06.425+0000] {processor.py:186} INFO - Started process (PID=4531) to work on /home/airflow/.local/lib/python3.12/site-packages/airflow/example_dags/example_kubernetes_executor.py
[2024-10-03T11:27:06.426+0000] {processor.py:914} INFO - Processing file /home/airflow/.local/lib/python3.12/site-packages/airflow/example_dags/example_kubernetes_executor.py for tasks to queue
[2024-10-03T11:27:06.427+0000] {logging_mixin.py:190} INFO - [2024-10-03T11:27:06.427+0000] {dagbag.py:588} INFO - Filling up the DagBag from /home/airflow/.local/lib/python3.12/site-packages/airflow/example_dags/example_kubernetes_executor.py
[2024-10-03T11:27:06.434+0000] {processor.py:925} INFO - DAG(s) 'example_kubernetes_executor' retrieved from /home/airflow/.local/lib/python3.12/site-packages/airflow/example_dags/example_kubernetes_executor.py
[2024-10-03T11:27:06.453+0000] {logging_mixin.py:190} INFO - [2024-10-03T11:27:06.453+0000] {dag.py:3239} INFO - Sync 1 DAGs
[2024-10-03T11:27:06.460+0000] {logging_mixin.py:190} INFO - [2024-10-03T11:27:06.460+0000] {dag.py:4180} INFO - Setting next_dagrun for example_kubernetes_executor to None, run_after=None
[2024-10-03T11:27:06.468+0000] {processor.py:208} INFO - Processing /home/airflow/.local/lib/python3.12/site-packages/airflow/example_dags/example_kubernetes_executor.py took 0.047 seconds
[2024-10-03T11:27:36.837+0000] {processor.py:186} INFO - Started process (PID=4817) to work on /home/airflow/.local/lib/python3.12/site-packages/airflow/example_dags/example_kubernetes_executor.py
[2024-10-03T11:27:36.838+0000] {processor.py:914} INFO - Processing file /home/airflow/.local/lib/python3.12/site-packages/airflow/example_dags/example_kubernetes_executor.py for tasks to queue
[2024-10-03T11:27:36.840+0000] {logging_mixin.py:190} INFO - [2024-10-03T11:27:36.839+0000] {dagbag.py:588} INFO - Filling up the DagBag from /home/airflow/.local/lib/python3.12/site-packages/airflow/example_dags/example_kubernetes_executor.py
[2024-10-03T11:27:36.847+0000] {processor.py:925} INFO - DAG(s) 'example_kubernetes_executor' retrieved from /home/airflow/.local/lib/python3.12/site-packages/airflow/example_dags/example_kubernetes_executor.py
[2024-10-03T11:27:36.866+0000] {logging_mixin.py:190} INFO - [2024-10-03T11:27:36.866+0000] {dag.py:3239} INFO - Sync 1 DAGs
[2024-10-03T11:27:36.874+0000] {logging_mixin.py:190} INFO - [2024-10-03T11:27:36.874+0000] {dag.py:4180} INFO - Setting next_dagrun for example_kubernetes_executor to None, run_after=None
[2024-10-03T11:27:36.884+0000] {processor.py:208} INFO - Processing /home/airflow/.local/lib/python3.12/site-packages/airflow/example_dags/example_kubernetes_executor.py took 0.050 seconds
[2024-10-03T11:28:07.194+0000] {processor.py:186} INFO - Started process (PID=5103) to work on /home/airflow/.local/lib/python3.12/site-packages/airflow/example_dags/example_kubernetes_executor.py
[2024-10-03T11:28:07.195+0000] {processor.py:914} INFO - Processing file /home/airflow/.local/lib/python3.12/site-packages/airflow/example_dags/example_kubernetes_executor.py for tasks to queue
[2024-10-03T11:28:07.196+0000] {logging_mixin.py:190} INFO - [2024-10-03T11:28:07.196+0000] {dagbag.py:588} INFO - Filling up the DagBag from /home/airflow/.local/lib/python3.12/site-packages/airflow/example_dags/example_kubernetes_executor.py
[2024-10-03T11:28:07.204+0000] {processor.py:925} INFO - DAG(s) 'example_kubernetes_executor' retrieved from /home/airflow/.local/lib/python3.12/site-packages/airflow/example_dags/example_kubernetes_executor.py
[2024-10-03T11:28:07.224+0000] {logging_mixin.py:190} INFO - [2024-10-03T11:28:07.224+0000] {dag.py:3239} INFO - Sync 1 DAGs
[2024-10-03T11:28:07.232+0000] {logging_mixin.py:190} INFO - [2024-10-03T11:28:07.232+0000] {dag.py:4180} INFO - Setting next_dagrun for example_kubernetes_executor to None, run_after=None
[2024-10-03T11:28:07.242+0000] {processor.py:208} INFO - Processing /home/airflow/.local/lib/python3.12/site-packages/airflow/example_dags/example_kubernetes_executor.py took 0.052 seconds
[2024-10-03T11:28:37.594+0000] {processor.py:186} INFO - Started process (PID=5389) to work on /home/airflow/.local/lib/python3.12/site-packages/airflow/example_dags/example_kubernetes_executor.py
[2024-10-03T11:28:37.595+0000] {processor.py:914} INFO - Processing file /home/airflow/.local/lib/python3.12/site-packages/airflow/example_dags/example_kubernetes_executor.py for tasks to queue
[2024-10-03T11:28:37.596+0000] {logging_mixin.py:190} INFO - [2024-10-03T11:28:37.596+0000] {dagbag.py:588} INFO - Filling up the DagBag from /home/airflow/.local/lib/python3.12/site-packages/airflow/example_dags/example_kubernetes_executor.py
[2024-10-03T11:28:37.604+0000] {processor.py:925} INFO - DAG(s) 'example_kubernetes_executor' retrieved from /home/airflow/.local/lib/python3.12/site-packages/airflow/example_dags/example_kubernetes_executor.py
[2024-10-03T11:28:37.623+0000] {logging_mixin.py:190} INFO - [2024-10-03T11:28:37.622+0000] {dag.py:3239} INFO - Sync 1 DAGs
[2024-10-03T11:28:37.630+0000] {logging_mixin.py:190} INFO - [2024-10-03T11:28:37.629+0000] {dag.py:4180} INFO - Setting next_dagrun for example_kubernetes_executor to None, run_after=None
[2024-10-03T11:28:37.638+0000] {processor.py:208} INFO - Processing /home/airflow/.local/lib/python3.12/site-packages/airflow/example_dags/example_kubernetes_executor.py took 0.047 seconds
[2024-10-03T11:29:07.831+0000] {processor.py:186} INFO - Started process (PID=5699) to work on /home/airflow/.local/lib/python3.12/site-packages/airflow/example_dags/example_kubernetes_executor.py
[2024-10-03T11:29:07.831+0000] {processor.py:914} INFO - Processing file /home/airflow/.local/lib/python3.12/site-packages/airflow/example_dags/example_kubernetes_executor.py for tasks to queue
[2024-10-03T11:29:07.833+0000] {logging_mixin.py:190} INFO - [2024-10-03T11:29:07.833+0000] {dagbag.py:588} INFO - Filling up the DagBag from /home/airflow/.local/lib/python3.12/site-packages/airflow/example_dags/example_kubernetes_executor.py
[2024-10-03T11:29:07.840+0000] {processor.py:925} INFO - DAG(s) 'example_kubernetes_executor' retrieved from /home/airflow/.local/lib/python3.12/site-packages/airflow/example_dags/example_kubernetes_executor.py
[2024-10-03T11:29:07.860+0000] {logging_mixin.py:190} INFO - [2024-10-03T11:29:07.860+0000] {dag.py:3239} INFO - Sync 1 DAGs
[2024-10-03T11:29:07.867+0000] {logging_mixin.py:190} INFO - [2024-10-03T11:29:07.867+0000] {dag.py:4180} INFO - Setting next_dagrun for example_kubernetes_executor to None, run_after=None
[2024-10-03T11:29:07.875+0000] {processor.py:208} INFO - Processing /home/airflow/.local/lib/python3.12/site-packages/airflow/example_dags/example_kubernetes_executor.py took 0.048 seconds
[2024-10-03T11:29:38.103+0000] {processor.py:186} INFO - Started process (PID=5985) to work on /home/airflow/.local/lib/python3.12/site-packages/airflow/example_dags/example_kubernetes_executor.py
[2024-10-03T11:29:38.104+0000] {processor.py:914} INFO - Processing file /home/airflow/.local/lib/python3.12/site-packages/airflow/example_dags/example_kubernetes_executor.py for tasks to queue
[2024-10-03T11:29:38.105+0000] {logging_mixin.py:190} INFO - [2024-10-03T11:29:38.105+0000] {dagbag.py:588} INFO - Filling up the DagBag from /home/airflow/.local/lib/python3.12/site-packages/airflow/example_dags/example_kubernetes_executor.py
[2024-10-03T11:29:38.113+0000] {processor.py:925} INFO - DAG(s) 'example_kubernetes_executor' retrieved from /home/airflow/.local/lib/python3.12/site-packages/airflow/example_dags/example_kubernetes_executor.py
[2024-10-03T11:29:38.132+0000] {logging_mixin.py:190} INFO - [2024-10-03T11:29:38.132+0000] {dag.py:3239} INFO - Sync 1 DAGs
[2024-10-03T11:29:38.140+0000] {logging_mixin.py:190} INFO - [2024-10-03T11:29:38.139+0000] {dag.py:4180} INFO - Setting next_dagrun for example_kubernetes_executor to None, run_after=None
[2024-10-03T11:29:38.148+0000] {processor.py:208} INFO - Processing /home/airflow/.local/lib/python3.12/site-packages/airflow/example_dags/example_kubernetes_executor.py took 0.049 seconds
[2024-10-03T11:30:08.498+0000] {processor.py:186} INFO - Started process (PID=6271) to work on /home/airflow/.local/lib/python3.12/site-packages/airflow/example_dags/example_kubernetes_executor.py
[2024-10-03T11:30:08.499+0000] {processor.py:914} INFO - Processing file /home/airflow/.local/lib/python3.12/site-packages/airflow/example_dags/example_kubernetes_executor.py for tasks to queue
[2024-10-03T11:30:08.500+0000] {logging_mixin.py:190} INFO - [2024-10-03T11:30:08.500+0000] {dagbag.py:588} INFO - Filling up the DagBag from /home/airflow/.local/lib/python3.12/site-packages/airflow/example_dags/example_kubernetes_executor.py
[2024-10-03T11:30:08.509+0000] {processor.py:925} INFO - DAG(s) 'example_kubernetes_executor' retrieved from /home/airflow/.local/lib/python3.12/site-packages/airflow/example_dags/example_kubernetes_executor.py
[2024-10-03T11:30:08.531+0000] {logging_mixin.py:190} INFO - [2024-10-03T11:30:08.531+0000] {dag.py:3239} INFO - Sync 1 DAGs
[2024-10-03T11:30:08.538+0000] {logging_mixin.py:190} INFO - [2024-10-03T11:30:08.538+0000] {dag.py:4180} INFO - Setting next_dagrun for example_kubernetes_executor to None, run_after=None
[2024-10-03T11:30:08.549+0000] {processor.py:208} INFO - Processing /home/airflow/.local/lib/python3.12/site-packages/airflow/example_dags/example_kubernetes_executor.py took 0.055 seconds
[2024-10-03T11:30:38.865+0000] {processor.py:186} INFO - Started process (PID=6557) to work on /home/airflow/.local/lib/python3.12/site-packages/airflow/example_dags/example_kubernetes_executor.py
[2024-10-03T11:30:38.866+0000] {processor.py:914} INFO - Processing file /home/airflow/.local/lib/python3.12/site-packages/airflow/example_dags/example_kubernetes_executor.py for tasks to queue
[2024-10-03T11:30:38.867+0000] {logging_mixin.py:190} INFO - [2024-10-03T11:30:38.867+0000] {dagbag.py:588} INFO - Filling up the DagBag from /home/airflow/.local/lib/python3.12/site-packages/airflow/example_dags/example_kubernetes_executor.py
[2024-10-03T11:30:38.876+0000] {processor.py:925} INFO - DAG(s) 'example_kubernetes_executor' retrieved from /home/airflow/.local/lib/python3.12/site-packages/airflow/example_dags/example_kubernetes_executor.py
[2024-10-03T11:30:38.897+0000] {logging_mixin.py:190} INFO - [2024-10-03T11:30:38.897+0000] {dag.py:3239} INFO - Sync 1 DAGs
[2024-10-03T11:30:38.904+0000] {logging_mixin.py:190} INFO - [2024-10-03T11:30:38.904+0000] {dag.py:4180} INFO - Setting next_dagrun for example_kubernetes_executor to None, run_after=None
[2024-10-03T11:30:38.912+0000] {processor.py:208} INFO - Processing /home/airflow/.local/lib/python3.12/site-packages/airflow/example_dags/example_kubernetes_executor.py took 0.051 seconds
[2024-10-03T11:31:09.199+0000] {processor.py:186} INFO - Started process (PID=6843) to work on /home/airflow/.local/lib/python3.12/site-packages/airflow/example_dags/example_kubernetes_executor.py
[2024-10-03T11:31:09.200+0000] {processor.py:914} INFO - Processing file /home/airflow/.local/lib/python3.12/site-packages/airflow/example_dags/example_kubernetes_executor.py for tasks to queue
[2024-10-03T11:31:09.202+0000] {logging_mixin.py:190} INFO - [2024-10-03T11:31:09.201+0000] {dagbag.py:588} INFO - Filling up the DagBag from /home/airflow/.local/lib/python3.12/site-packages/airflow/example_dags/example_kubernetes_executor.py
[2024-10-03T11:31:09.209+0000] {processor.py:925} INFO - DAG(s) 'example_kubernetes_executor' retrieved from /home/airflow/.local/lib/python3.12/site-packages/airflow/example_dags/example_kubernetes_executor.py
[2024-10-03T11:31:09.229+0000] {logging_mixin.py:190} INFO - [2024-10-03T11:31:09.229+0000] {dag.py:3239} INFO - Sync 1 DAGs
[2024-10-03T11:31:09.236+0000] {logging_mixin.py:190} INFO - [2024-10-03T11:31:09.236+0000] {dag.py:4180} INFO - Setting next_dagrun for example_kubernetes_executor to None, run_after=None
[2024-10-03T11:31:09.244+0000] {processor.py:208} INFO - Processing /home/airflow/.local/lib/python3.12/site-packages/airflow/example_dags/example_kubernetes_executor.py took 0.048 seconds
