[2024-10-03T11:19:27.919+0000] {processor.py:186} INFO - Started process (PID=172) to work on /home/airflow/.local/lib/python3.12/site-packages/airflow/example_dags/example_short_circuit_decorator.py
[2024-10-03T11:19:27.920+0000] {processor.py:914} INFO - Processing file /home/airflow/.local/lib/python3.12/site-packages/airflow/example_dags/example_short_circuit_decorator.py for tasks to queue
[2024-10-03T11:19:27.922+0000] {logging_mixin.py:190} INFO - [2024-10-03T11:19:27.922+0000] {dagbag.py:588} INFO - Filling up the DagBag from /home/airflow/.local/lib/python3.12/site-packages/airflow/example_dags/example_short_circuit_decorator.py
[2024-10-03T11:19:27.932+0000] {processor.py:925} INFO - DAG(s) 'example_short_circuit_decorator' retrieved from /home/airflow/.local/lib/python3.12/site-packages/airflow/example_dags/example_short_circuit_decorator.py
[2024-10-03T11:19:28.048+0000] {logging_mixin.py:190} INFO - [2024-10-03T11:19:28.047+0000] {override.py:1900} INFO - Created Permission View: can delete on DAG:example_short_circuit_decorator
[2024-10-03T11:19:28.053+0000] {logging_mixin.py:190} INFO - [2024-10-03T11:19:28.053+0000] {override.py:1900} INFO - Created Permission View: can read on DAG:example_short_circuit_decorator
[2024-10-03T11:19:28.058+0000] {logging_mixin.py:190} INFO - [2024-10-03T11:19:28.058+0000] {override.py:1900} INFO - Created Permission View: can edit on DAG:example_short_circuit_decorator
[2024-10-03T11:19:28.061+0000] {logging_mixin.py:190} INFO - [2024-10-03T11:19:28.061+0000] {override.py:1900} INFO - Created Permission View: can read on DAG Run:example_short_circuit_decorator
[2024-10-03T11:19:28.064+0000] {logging_mixin.py:190} INFO - [2024-10-03T11:19:28.064+0000] {override.py:1900} INFO - Created Permission View: can create on DAG Run:example_short_circuit_decorator
[2024-10-03T11:19:28.067+0000] {logging_mixin.py:190} INFO - [2024-10-03T11:19:28.067+0000] {override.py:1900} INFO - Created Permission View: menu access on DAG Run:example_short_circuit_decorator
[2024-10-03T11:19:28.069+0000] {logging_mixin.py:190} INFO - [2024-10-03T11:19:28.069+0000] {override.py:1900} INFO - Created Permission View: can delete on DAG Run:example_short_circuit_decorator
[2024-10-03T11:19:28.070+0000] {logging_mixin.py:190} INFO - [2024-10-03T11:19:28.070+0000] {dag.py:3239} INFO - Sync 1 DAGs
[2024-10-03T11:19:28.077+0000] {logging_mixin.py:190} INFO - [2024-10-03T11:19:28.077+0000] {dag.py:3262} INFO - Creating ORM DAG for example_short_circuit_decorator
[2024-10-03T11:19:28.077+0000] {logging_mixin.py:190} INFO - [2024-10-03T11:19:28.077+0000] {dag.py:4180} INFO - Setting next_dagrun for example_short_circuit_decorator to None, run_after=None
[2024-10-03T11:19:28.086+0000] {processor.py:208} INFO - Processing /home/airflow/.local/lib/python3.12/site-packages/airflow/example_dags/example_short_circuit_decorator.py took 0.172 seconds
[2024-10-03T11:19:58.501+0000] {processor.py:186} INFO - Started process (PID=458) to work on /home/airflow/.local/lib/python3.12/site-packages/airflow/example_dags/example_short_circuit_decorator.py
[2024-10-03T11:19:58.502+0000] {processor.py:914} INFO - Processing file /home/airflow/.local/lib/python3.12/site-packages/airflow/example_dags/example_short_circuit_decorator.py for tasks to queue
[2024-10-03T11:19:58.504+0000] {logging_mixin.py:190} INFO - [2024-10-03T11:19:58.503+0000] {dagbag.py:588} INFO - Filling up the DagBag from /home/airflow/.local/lib/python3.12/site-packages/airflow/example_dags/example_short_circuit_decorator.py
[2024-10-03T11:19:58.509+0000] {processor.py:925} INFO - DAG(s) 'example_short_circuit_decorator' retrieved from /home/airflow/.local/lib/python3.12/site-packages/airflow/example_dags/example_short_circuit_decorator.py
[2024-10-03T11:19:58.522+0000] {logging_mixin.py:190} INFO - [2024-10-03T11:19:58.522+0000] {dag.py:3239} INFO - Sync 1 DAGs
[2024-10-03T11:19:58.529+0000] {logging_mixin.py:190} INFO - [2024-10-03T11:19:58.529+0000] {dag.py:4180} INFO - Setting next_dagrun for example_short_circuit_decorator to None, run_after=None
[2024-10-03T11:19:58.539+0000] {processor.py:208} INFO - Processing /home/airflow/.local/lib/python3.12/site-packages/airflow/example_dags/example_short_circuit_decorator.py took 0.042 seconds
[2024-10-03T11:20:28.955+0000] {processor.py:186} INFO - Started process (PID=744) to work on /home/airflow/.local/lib/python3.12/site-packages/airflow/example_dags/example_short_circuit_decorator.py
[2024-10-03T11:20:28.956+0000] {processor.py:914} INFO - Processing file /home/airflow/.local/lib/python3.12/site-packages/airflow/example_dags/example_short_circuit_decorator.py for tasks to queue
[2024-10-03T11:20:28.958+0000] {logging_mixin.py:190} INFO - [2024-10-03T11:20:28.958+0000] {dagbag.py:588} INFO - Filling up the DagBag from /home/airflow/.local/lib/python3.12/site-packages/airflow/example_dags/example_short_circuit_decorator.py
[2024-10-03T11:20:28.967+0000] {processor.py:925} INFO - DAG(s) 'example_short_circuit_decorator' retrieved from /home/airflow/.local/lib/python3.12/site-packages/airflow/example_dags/example_short_circuit_decorator.py
[2024-10-03T11:20:28.985+0000] {logging_mixin.py:190} INFO - [2024-10-03T11:20:28.984+0000] {dag.py:3239} INFO - Sync 1 DAGs
[2024-10-03T11:20:28.994+0000] {logging_mixin.py:190} INFO - [2024-10-03T11:20:28.993+0000] {dag.py:4180} INFO - Setting next_dagrun for example_short_circuit_decorator to None, run_after=None
[2024-10-03T11:20:29.003+0000] {processor.py:208} INFO - Processing /home/airflow/.local/lib/python3.12/site-packages/airflow/example_dags/example_short_circuit_decorator.py took 0.054 seconds
[2024-10-03T11:20:59.385+0000] {processor.py:186} INFO - Started process (PID=1030) to work on /home/airflow/.local/lib/python3.12/site-packages/airflow/example_dags/example_short_circuit_decorator.py
[2024-10-03T11:20:59.386+0000] {processor.py:914} INFO - Processing file /home/airflow/.local/lib/python3.12/site-packages/airflow/example_dags/example_short_circuit_decorator.py for tasks to queue
[2024-10-03T11:20:59.388+0000] {logging_mixin.py:190} INFO - [2024-10-03T11:20:59.388+0000] {dagbag.py:588} INFO - Filling up the DagBag from /home/airflow/.local/lib/python3.12/site-packages/airflow/example_dags/example_short_circuit_decorator.py
[2024-10-03T11:20:59.395+0000] {processor.py:925} INFO - DAG(s) 'example_short_circuit_decorator' retrieved from /home/airflow/.local/lib/python3.12/site-packages/airflow/example_dags/example_short_circuit_decorator.py
[2024-10-03T11:20:59.410+0000] {logging_mixin.py:190} INFO - [2024-10-03T11:20:59.410+0000] {dag.py:3239} INFO - Sync 1 DAGs
[2024-10-03T11:20:59.418+0000] {logging_mixin.py:190} INFO - [2024-10-03T11:20:59.418+0000] {dag.py:4180} INFO - Setting next_dagrun for example_short_circuit_decorator to None, run_after=None
[2024-10-03T11:20:59.427+0000] {processor.py:208} INFO - Processing /home/airflow/.local/lib/python3.12/site-packages/airflow/example_dags/example_short_circuit_decorator.py took 0.049 seconds
[2024-10-03T11:21:29.846+0000] {processor.py:186} INFO - Started process (PID=1316) to work on /home/airflow/.local/lib/python3.12/site-packages/airflow/example_dags/example_short_circuit_decorator.py
[2024-10-03T11:21:29.846+0000] {processor.py:914} INFO - Processing file /home/airflow/.local/lib/python3.12/site-packages/airflow/example_dags/example_short_circuit_decorator.py for tasks to queue
[2024-10-03T11:21:29.848+0000] {logging_mixin.py:190} INFO - [2024-10-03T11:21:29.848+0000] {dagbag.py:588} INFO - Filling up the DagBag from /home/airflow/.local/lib/python3.12/site-packages/airflow/example_dags/example_short_circuit_decorator.py
[2024-10-03T11:21:29.856+0000] {processor.py:925} INFO - DAG(s) 'example_short_circuit_decorator' retrieved from /home/airflow/.local/lib/python3.12/site-packages/airflow/example_dags/example_short_circuit_decorator.py
[2024-10-03T11:21:29.871+0000] {logging_mixin.py:190} INFO - [2024-10-03T11:21:29.871+0000] {dag.py:3239} INFO - Sync 1 DAGs
[2024-10-03T11:21:29.879+0000] {logging_mixin.py:190} INFO - [2024-10-03T11:21:29.878+0000] {dag.py:4180} INFO - Setting next_dagrun for example_short_circuit_decorator to None, run_after=None
[2024-10-03T11:21:29.888+0000] {processor.py:208} INFO - Processing /home/airflow/.local/lib/python3.12/site-packages/airflow/example_dags/example_short_circuit_decorator.py took 0.050 seconds
[2024-10-03T11:22:00.340+0000] {processor.py:186} INFO - Started process (PID=1602) to work on /home/airflow/.local/lib/python3.12/site-packages/airflow/example_dags/example_short_circuit_decorator.py
[2024-10-03T11:22:00.341+0000] {processor.py:914} INFO - Processing file /home/airflow/.local/lib/python3.12/site-packages/airflow/example_dags/example_short_circuit_decorator.py for tasks to queue
[2024-10-03T11:22:00.343+0000] {logging_mixin.py:190} INFO - [2024-10-03T11:22:00.343+0000] {dagbag.py:588} INFO - Filling up the DagBag from /home/airflow/.local/lib/python3.12/site-packages/airflow/example_dags/example_short_circuit_decorator.py
[2024-10-03T11:22:00.351+0000] {processor.py:925} INFO - DAG(s) 'example_short_circuit_decorator' retrieved from /home/airflow/.local/lib/python3.12/site-packages/airflow/example_dags/example_short_circuit_decorator.py
[2024-10-03T11:22:00.366+0000] {logging_mixin.py:190} INFO - [2024-10-03T11:22:00.366+0000] {dag.py:3239} INFO - Sync 1 DAGs
[2024-10-03T11:22:00.374+0000] {logging_mixin.py:190} INFO - [2024-10-03T11:22:00.374+0000] {dag.py:4180} INFO - Setting next_dagrun for example_short_circuit_decorator to None, run_after=None
[2024-10-03T11:22:00.383+0000] {processor.py:208} INFO - Processing /home/airflow/.local/lib/python3.12/site-packages/airflow/example_dags/example_short_circuit_decorator.py took 0.050 seconds
[2024-10-03T11:22:30.759+0000] {processor.py:186} INFO - Started process (PID=1888) to work on /home/airflow/.local/lib/python3.12/site-packages/airflow/example_dags/example_short_circuit_decorator.py
[2024-10-03T11:22:30.760+0000] {processor.py:914} INFO - Processing file /home/airflow/.local/lib/python3.12/site-packages/airflow/example_dags/example_short_circuit_decorator.py for tasks to queue
[2024-10-03T11:22:30.763+0000] {logging_mixin.py:190} INFO - [2024-10-03T11:22:30.762+0000] {dagbag.py:588} INFO - Filling up the DagBag from /home/airflow/.local/lib/python3.12/site-packages/airflow/example_dags/example_short_circuit_decorator.py
[2024-10-03T11:22:30.771+0000] {processor.py:925} INFO - DAG(s) 'example_short_circuit_decorator' retrieved from /home/airflow/.local/lib/python3.12/site-packages/airflow/example_dags/example_short_circuit_decorator.py
[2024-10-03T11:22:30.788+0000] {logging_mixin.py:190} INFO - [2024-10-03T11:22:30.788+0000] {dag.py:3239} INFO - Sync 1 DAGs
[2024-10-03T11:22:30.797+0000] {logging_mixin.py:190} INFO - [2024-10-03T11:22:30.797+0000] {dag.py:4180} INFO - Setting next_dagrun for example_short_circuit_decorator to None, run_after=None
[2024-10-03T11:22:30.807+0000] {processor.py:208} INFO - Processing /home/airflow/.local/lib/python3.12/site-packages/airflow/example_dags/example_short_circuit_decorator.py took 0.052 seconds
[2024-10-03T11:23:01.387+0000] {processor.py:186} INFO - Started process (PID=2174) to work on /home/airflow/.local/lib/python3.12/site-packages/airflow/example_dags/example_short_circuit_decorator.py
[2024-10-03T11:23:01.387+0000] {processor.py:914} INFO - Processing file /home/airflow/.local/lib/python3.12/site-packages/airflow/example_dags/example_short_circuit_decorator.py for tasks to queue
[2024-10-03T11:23:01.390+0000] {logging_mixin.py:190} INFO - [2024-10-03T11:23:01.389+0000] {dagbag.py:588} INFO - Filling up the DagBag from /home/airflow/.local/lib/python3.12/site-packages/airflow/example_dags/example_short_circuit_decorator.py
[2024-10-03T11:23:01.398+0000] {processor.py:925} INFO - DAG(s) 'example_short_circuit_decorator' retrieved from /home/airflow/.local/lib/python3.12/site-packages/airflow/example_dags/example_short_circuit_decorator.py
[2024-10-03T11:23:01.413+0000] {logging_mixin.py:190} INFO - [2024-10-03T11:23:01.413+0000] {dag.py:3239} INFO - Sync 1 DAGs
[2024-10-03T11:23:01.421+0000] {logging_mixin.py:190} INFO - [2024-10-03T11:23:01.421+0000] {dag.py:4180} INFO - Setting next_dagrun for example_short_circuit_decorator to None, run_after=None
[2024-10-03T11:23:01.430+0000] {processor.py:208} INFO - Processing /home/airflow/.local/lib/python3.12/site-packages/airflow/example_dags/example_short_circuit_decorator.py took 0.049 seconds
[2024-10-03T11:23:31.645+0000] {processor.py:186} INFO - Started process (PID=2460) to work on /home/airflow/.local/lib/python3.12/site-packages/airflow/example_dags/example_short_circuit_decorator.py
[2024-10-03T11:23:31.646+0000] {processor.py:914} INFO - Processing file /home/airflow/.local/lib/python3.12/site-packages/airflow/example_dags/example_short_circuit_decorator.py for tasks to queue
[2024-10-03T11:23:31.648+0000] {logging_mixin.py:190} INFO - [2024-10-03T11:23:31.647+0000] {dagbag.py:588} INFO - Filling up the DagBag from /home/airflow/.local/lib/python3.12/site-packages/airflow/example_dags/example_short_circuit_decorator.py
[2024-10-03T11:23:31.654+0000] {processor.py:925} INFO - DAG(s) 'example_short_circuit_decorator' retrieved from /home/airflow/.local/lib/python3.12/site-packages/airflow/example_dags/example_short_circuit_decorator.py
[2024-10-03T11:23:31.667+0000] {logging_mixin.py:190} INFO - [2024-10-03T11:23:31.667+0000] {dag.py:3239} INFO - Sync 1 DAGs
[2024-10-03T11:23:31.674+0000] {logging_mixin.py:190} INFO - [2024-10-03T11:23:31.674+0000] {dag.py:4180} INFO - Setting next_dagrun for example_short_circuit_decorator to None, run_after=None
[2024-10-03T11:23:31.683+0000] {processor.py:208} INFO - Processing /home/airflow/.local/lib/python3.12/site-packages/airflow/example_dags/example_short_circuit_decorator.py took 0.042 seconds
[2024-10-03T11:24:02.000+0000] {processor.py:186} INFO - Started process (PID=2746) to work on /home/airflow/.local/lib/python3.12/site-packages/airflow/example_dags/example_short_circuit_decorator.py
[2024-10-03T11:24:02.001+0000] {processor.py:914} INFO - Processing file /home/airflow/.local/lib/python3.12/site-packages/airflow/example_dags/example_short_circuit_decorator.py for tasks to queue
[2024-10-03T11:24:02.002+0000] {logging_mixin.py:190} INFO - [2024-10-03T11:24:02.002+0000] {dagbag.py:588} INFO - Filling up the DagBag from /home/airflow/.local/lib/python3.12/site-packages/airflow/example_dags/example_short_circuit_decorator.py
[2024-10-03T11:24:02.010+0000] {processor.py:925} INFO - DAG(s) 'example_short_circuit_decorator' retrieved from /home/airflow/.local/lib/python3.12/site-packages/airflow/example_dags/example_short_circuit_decorator.py
[2024-10-03T11:24:02.027+0000] {logging_mixin.py:190} INFO - [2024-10-03T11:24:02.026+0000] {dag.py:3239} INFO - Sync 1 DAGs
[2024-10-03T11:24:02.036+0000] {logging_mixin.py:190} INFO - [2024-10-03T11:24:02.035+0000] {dag.py:4180} INFO - Setting next_dagrun for example_short_circuit_decorator to None, run_after=None
[2024-10-03T11:24:02.046+0000] {processor.py:208} INFO - Processing /home/airflow/.local/lib/python3.12/site-packages/airflow/example_dags/example_short_circuit_decorator.py took 0.050 seconds
[2024-10-03T11:24:32.503+0000] {processor.py:186} INFO - Started process (PID=3032) to work on /home/airflow/.local/lib/python3.12/site-packages/airflow/example_dags/example_short_circuit_decorator.py
[2024-10-03T11:24:32.503+0000] {processor.py:914} INFO - Processing file /home/airflow/.local/lib/python3.12/site-packages/airflow/example_dags/example_short_circuit_decorator.py for tasks to queue
[2024-10-03T11:24:32.505+0000] {logging_mixin.py:190} INFO - [2024-10-03T11:24:32.505+0000] {dagbag.py:588} INFO - Filling up the DagBag from /home/airflow/.local/lib/python3.12/site-packages/airflow/example_dags/example_short_circuit_decorator.py
[2024-10-03T11:24:32.512+0000] {processor.py:925} INFO - DAG(s) 'example_short_circuit_decorator' retrieved from /home/airflow/.local/lib/python3.12/site-packages/airflow/example_dags/example_short_circuit_decorator.py
[2024-10-03T11:24:32.527+0000] {logging_mixin.py:190} INFO - [2024-10-03T11:24:32.527+0000] {dag.py:3239} INFO - Sync 1 DAGs
[2024-10-03T11:24:32.535+0000] {logging_mixin.py:190} INFO - [2024-10-03T11:24:32.535+0000] {dag.py:4180} INFO - Setting next_dagrun for example_short_circuit_decorator to None, run_after=None
[2024-10-03T11:24:32.546+0000] {processor.py:208} INFO - Processing /home/airflow/.local/lib/python3.12/site-packages/airflow/example_dags/example_short_circuit_decorator.py took 0.048 seconds
[2024-10-03T11:25:03.084+0000] {processor.py:186} INFO - Started process (PID=3318) to work on /home/airflow/.local/lib/python3.12/site-packages/airflow/example_dags/example_short_circuit_decorator.py
[2024-10-03T11:25:03.085+0000] {processor.py:914} INFO - Processing file /home/airflow/.local/lib/python3.12/site-packages/airflow/example_dags/example_short_circuit_decorator.py for tasks to queue
[2024-10-03T11:25:03.088+0000] {logging_mixin.py:190} INFO - [2024-10-03T11:25:03.087+0000] {dagbag.py:588} INFO - Filling up the DagBag from /home/airflow/.local/lib/python3.12/site-packages/airflow/example_dags/example_short_circuit_decorator.py
[2024-10-03T11:25:03.096+0000] {processor.py:925} INFO - DAG(s) 'example_short_circuit_decorator' retrieved from /home/airflow/.local/lib/python3.12/site-packages/airflow/example_dags/example_short_circuit_decorator.py
[2024-10-03T11:25:03.113+0000] {logging_mixin.py:190} INFO - [2024-10-03T11:25:03.113+0000] {dag.py:3239} INFO - Sync 1 DAGs
[2024-10-03T11:25:03.126+0000] {logging_mixin.py:190} INFO - [2024-10-03T11:25:03.125+0000] {dag.py:4180} INFO - Setting next_dagrun for example_short_circuit_decorator to None, run_after=None
[2024-10-03T11:25:03.138+0000] {processor.py:208} INFO - Processing /home/airflow/.local/lib/python3.12/site-packages/airflow/example_dags/example_short_circuit_decorator.py took 0.060 seconds
[2024-10-03T11:25:33.642+0000] {processor.py:186} INFO - Started process (PID=3604) to work on /home/airflow/.local/lib/python3.12/site-packages/airflow/example_dags/example_short_circuit_decorator.py
[2024-10-03T11:25:33.642+0000] {processor.py:914} INFO - Processing file /home/airflow/.local/lib/python3.12/site-packages/airflow/example_dags/example_short_circuit_decorator.py for tasks to queue
[2024-10-03T11:25:33.644+0000] {logging_mixin.py:190} INFO - [2024-10-03T11:25:33.644+0000] {dagbag.py:588} INFO - Filling up the DagBag from /home/airflow/.local/lib/python3.12/site-packages/airflow/example_dags/example_short_circuit_decorator.py
[2024-10-03T11:25:33.656+0000] {processor.py:925} INFO - DAG(s) 'example_short_circuit_decorator' retrieved from /home/airflow/.local/lib/python3.12/site-packages/airflow/example_dags/example_short_circuit_decorator.py
[2024-10-03T11:25:33.673+0000] {logging_mixin.py:190} INFO - [2024-10-03T11:25:33.673+0000] {dag.py:3239} INFO - Sync 1 DAGs
[2024-10-03T11:25:33.682+0000] {logging_mixin.py:190} INFO - [2024-10-03T11:25:33.682+0000] {dag.py:4180} INFO - Setting next_dagrun for example_short_circuit_decorator to None, run_after=None
[2024-10-03T11:25:33.693+0000] {processor.py:208} INFO - Processing /home/airflow/.local/lib/python3.12/site-packages/airflow/example_dags/example_short_circuit_decorator.py took 0.056 seconds
[2024-10-03T11:26:04.058+0000] {processor.py:186} INFO - Started process (PID=3894) to work on /home/airflow/.local/lib/python3.12/site-packages/airflow/example_dags/example_short_circuit_decorator.py
[2024-10-03T11:26:04.059+0000] {processor.py:914} INFO - Processing file /home/airflow/.local/lib/python3.12/site-packages/airflow/example_dags/example_short_circuit_decorator.py for tasks to queue
[2024-10-03T11:26:04.062+0000] {logging_mixin.py:190} INFO - [2024-10-03T11:26:04.062+0000] {dagbag.py:588} INFO - Filling up the DagBag from /home/airflow/.local/lib/python3.12/site-packages/airflow/example_dags/example_short_circuit_decorator.py
[2024-10-03T11:26:04.071+0000] {processor.py:925} INFO - DAG(s) 'example_short_circuit_decorator' retrieved from /home/airflow/.local/lib/python3.12/site-packages/airflow/example_dags/example_short_circuit_decorator.py
[2024-10-03T11:26:04.088+0000] {logging_mixin.py:190} INFO - [2024-10-03T11:26:04.088+0000] {dag.py:3239} INFO - Sync 1 DAGs
[2024-10-03T11:26:04.097+0000] {logging_mixin.py:190} INFO - [2024-10-03T11:26:04.097+0000] {dag.py:4180} INFO - Setting next_dagrun for example_short_circuit_decorator to None, run_after=None
[2024-10-03T11:26:04.106+0000] {processor.py:208} INFO - Processing /home/airflow/.local/lib/python3.12/site-packages/airflow/example_dags/example_short_circuit_decorator.py took 0.055 seconds
[2024-10-03T11:26:34.568+0000] {processor.py:186} INFO - Started process (PID=4185) to work on /home/airflow/.local/lib/python3.12/site-packages/airflow/example_dags/example_short_circuit_decorator.py
[2024-10-03T11:26:34.569+0000] {processor.py:914} INFO - Processing file /home/airflow/.local/lib/python3.12/site-packages/airflow/example_dags/example_short_circuit_decorator.py for tasks to queue
[2024-10-03T11:26:34.571+0000] {logging_mixin.py:190} INFO - [2024-10-03T11:26:34.571+0000] {dagbag.py:588} INFO - Filling up the DagBag from /home/airflow/.local/lib/python3.12/site-packages/airflow/example_dags/example_short_circuit_decorator.py
[2024-10-03T11:26:34.579+0000] {processor.py:925} INFO - DAG(s) 'example_short_circuit_decorator' retrieved from /home/airflow/.local/lib/python3.12/site-packages/airflow/example_dags/example_short_circuit_decorator.py
[2024-10-03T11:26:34.594+0000] {logging_mixin.py:190} INFO - [2024-10-03T11:26:34.594+0000] {dag.py:3239} INFO - Sync 1 DAGs
[2024-10-03T11:26:34.602+0000] {logging_mixin.py:190} INFO - [2024-10-03T11:26:34.602+0000] {dag.py:4180} INFO - Setting next_dagrun for example_short_circuit_decorator to None, run_after=None
[2024-10-03T11:26:34.611+0000] {processor.py:208} INFO - Processing /home/airflow/.local/lib/python3.12/site-packages/airflow/example_dags/example_short_circuit_decorator.py took 0.049 seconds
[2024-10-03T11:27:04.965+0000] {processor.py:186} INFO - Started process (PID=4471) to work on /home/airflow/.local/lib/python3.12/site-packages/airflow/example_dags/example_short_circuit_decorator.py
[2024-10-03T11:27:04.966+0000] {processor.py:914} INFO - Processing file /home/airflow/.local/lib/python3.12/site-packages/airflow/example_dags/example_short_circuit_decorator.py for tasks to queue
[2024-10-03T11:27:04.968+0000] {logging_mixin.py:190} INFO - [2024-10-03T11:27:04.968+0000] {dagbag.py:588} INFO - Filling up the DagBag from /home/airflow/.local/lib/python3.12/site-packages/airflow/example_dags/example_short_circuit_decorator.py
[2024-10-03T11:27:04.974+0000] {processor.py:925} INFO - DAG(s) 'example_short_circuit_decorator' retrieved from /home/airflow/.local/lib/python3.12/site-packages/airflow/example_dags/example_short_circuit_decorator.py
[2024-10-03T11:27:04.986+0000] {logging_mixin.py:190} INFO - [2024-10-03T11:27:04.986+0000] {dag.py:3239} INFO - Sync 1 DAGs
[2024-10-03T11:27:04.996+0000] {logging_mixin.py:190} INFO - [2024-10-03T11:27:04.996+0000] {dag.py:4180} INFO - Setting next_dagrun for example_short_circuit_decorator to None, run_after=None
[2024-10-03T11:27:05.006+0000] {processor.py:208} INFO - Processing /home/airflow/.local/lib/python3.12/site-packages/airflow/example_dags/example_short_circuit_decorator.py took 0.045 seconds
[2024-10-03T11:27:35.408+0000] {processor.py:186} INFO - Started process (PID=4757) to work on /home/airflow/.local/lib/python3.12/site-packages/airflow/example_dags/example_short_circuit_decorator.py
[2024-10-03T11:27:35.408+0000] {processor.py:914} INFO - Processing file /home/airflow/.local/lib/python3.12/site-packages/airflow/example_dags/example_short_circuit_decorator.py for tasks to queue
[2024-10-03T11:27:35.410+0000] {logging_mixin.py:190} INFO - [2024-10-03T11:27:35.410+0000] {dagbag.py:588} INFO - Filling up the DagBag from /home/airflow/.local/lib/python3.12/site-packages/airflow/example_dags/example_short_circuit_decorator.py
[2024-10-03T11:27:35.419+0000] {processor.py:925} INFO - DAG(s) 'example_short_circuit_decorator' retrieved from /home/airflow/.local/lib/python3.12/site-packages/airflow/example_dags/example_short_circuit_decorator.py
[2024-10-03T11:27:35.437+0000] {logging_mixin.py:190} INFO - [2024-10-03T11:27:35.437+0000] {dag.py:3239} INFO - Sync 1 DAGs
[2024-10-03T11:27:35.448+0000] {logging_mixin.py:190} INFO - [2024-10-03T11:27:35.448+0000] {dag.py:4180} INFO - Setting next_dagrun for example_short_circuit_decorator to None, run_after=None
[2024-10-03T11:27:35.460+0000] {processor.py:208} INFO - Processing /home/airflow/.local/lib/python3.12/site-packages/airflow/example_dags/example_short_circuit_decorator.py took 0.058 seconds
[2024-10-03T11:28:05.769+0000] {processor.py:186} INFO - Started process (PID=5043) to work on /home/airflow/.local/lib/python3.12/site-packages/airflow/example_dags/example_short_circuit_decorator.py
[2024-10-03T11:28:05.770+0000] {processor.py:914} INFO - Processing file /home/airflow/.local/lib/python3.12/site-packages/airflow/example_dags/example_short_circuit_decorator.py for tasks to queue
[2024-10-03T11:28:05.772+0000] {logging_mixin.py:190} INFO - [2024-10-03T11:28:05.772+0000] {dagbag.py:588} INFO - Filling up the DagBag from /home/airflow/.local/lib/python3.12/site-packages/airflow/example_dags/example_short_circuit_decorator.py
[2024-10-03T11:28:05.780+0000] {processor.py:925} INFO - DAG(s) 'example_short_circuit_decorator' retrieved from /home/airflow/.local/lib/python3.12/site-packages/airflow/example_dags/example_short_circuit_decorator.py
[2024-10-03T11:28:05.796+0000] {logging_mixin.py:190} INFO - [2024-10-03T11:28:05.795+0000] {dag.py:3239} INFO - Sync 1 DAGs
[2024-10-03T11:28:05.804+0000] {logging_mixin.py:190} INFO - [2024-10-03T11:28:05.804+0000] {dag.py:4180} INFO - Setting next_dagrun for example_short_circuit_decorator to None, run_after=None
[2024-10-03T11:28:05.814+0000] {processor.py:208} INFO - Processing /home/airflow/.local/lib/python3.12/site-packages/airflow/example_dags/example_short_circuit_decorator.py took 0.051 seconds
[2024-10-03T11:28:36.162+0000] {processor.py:186} INFO - Started process (PID=5329) to work on /home/airflow/.local/lib/python3.12/site-packages/airflow/example_dags/example_short_circuit_decorator.py
[2024-10-03T11:28:36.162+0000] {processor.py:914} INFO - Processing file /home/airflow/.local/lib/python3.12/site-packages/airflow/example_dags/example_short_circuit_decorator.py for tasks to queue
[2024-10-03T11:28:36.164+0000] {logging_mixin.py:190} INFO - [2024-10-03T11:28:36.164+0000] {dagbag.py:588} INFO - Filling up the DagBag from /home/airflow/.local/lib/python3.12/site-packages/airflow/example_dags/example_short_circuit_decorator.py
[2024-10-03T11:28:36.170+0000] {processor.py:925} INFO - DAG(s) 'example_short_circuit_decorator' retrieved from /home/airflow/.local/lib/python3.12/site-packages/airflow/example_dags/example_short_circuit_decorator.py
[2024-10-03T11:28:36.184+0000] {logging_mixin.py:190} INFO - [2024-10-03T11:28:36.184+0000] {dag.py:3239} INFO - Sync 1 DAGs
[2024-10-03T11:28:36.194+0000] {logging_mixin.py:190} INFO - [2024-10-03T11:28:36.194+0000] {dag.py:4180} INFO - Setting next_dagrun for example_short_circuit_decorator to None, run_after=None
[2024-10-03T11:28:36.205+0000] {processor.py:208} INFO - Processing /home/airflow/.local/lib/python3.12/site-packages/airflow/example_dags/example_short_circuit_decorator.py took 0.047 seconds
[2024-10-03T11:29:06.378+0000] {processor.py:186} INFO - Started process (PID=5639) to work on /home/airflow/.local/lib/python3.12/site-packages/airflow/example_dags/example_short_circuit_decorator.py
[2024-10-03T11:29:06.379+0000] {processor.py:914} INFO - Processing file /home/airflow/.local/lib/python3.12/site-packages/airflow/example_dags/example_short_circuit_decorator.py for tasks to queue
[2024-10-03T11:29:06.381+0000] {logging_mixin.py:190} INFO - [2024-10-03T11:29:06.381+0000] {dagbag.py:588} INFO - Filling up the DagBag from /home/airflow/.local/lib/python3.12/site-packages/airflow/example_dags/example_short_circuit_decorator.py
[2024-10-03T11:29:06.388+0000] {processor.py:925} INFO - DAG(s) 'example_short_circuit_decorator' retrieved from /home/airflow/.local/lib/python3.12/site-packages/airflow/example_dags/example_short_circuit_decorator.py
[2024-10-03T11:29:06.403+0000] {logging_mixin.py:190} INFO - [2024-10-03T11:29:06.403+0000] {dag.py:3239} INFO - Sync 1 DAGs
[2024-10-03T11:29:06.411+0000] {logging_mixin.py:190} INFO - [2024-10-03T11:29:06.410+0000] {dag.py:4180} INFO - Setting next_dagrun for example_short_circuit_decorator to None, run_after=None
[2024-10-03T11:29:06.420+0000] {processor.py:208} INFO - Processing /home/airflow/.local/lib/python3.12/site-packages/airflow/example_dags/example_short_circuit_decorator.py took 0.047 seconds
[2024-10-03T11:29:36.644+0000] {processor.py:186} INFO - Started process (PID=5925) to work on /home/airflow/.local/lib/python3.12/site-packages/airflow/example_dags/example_short_circuit_decorator.py
[2024-10-03T11:29:36.645+0000] {processor.py:914} INFO - Processing file /home/airflow/.local/lib/python3.12/site-packages/airflow/example_dags/example_short_circuit_decorator.py for tasks to queue
[2024-10-03T11:29:36.647+0000] {logging_mixin.py:190} INFO - [2024-10-03T11:29:36.647+0000] {dagbag.py:588} INFO - Filling up the DagBag from /home/airflow/.local/lib/python3.12/site-packages/airflow/example_dags/example_short_circuit_decorator.py
[2024-10-03T11:29:36.654+0000] {processor.py:925} INFO - DAG(s) 'example_short_circuit_decorator' retrieved from /home/airflow/.local/lib/python3.12/site-packages/airflow/example_dags/example_short_circuit_decorator.py
[2024-10-03T11:29:36.669+0000] {logging_mixin.py:190} INFO - [2024-10-03T11:29:36.669+0000] {dag.py:3239} INFO - Sync 1 DAGs
[2024-10-03T11:29:36.678+0000] {logging_mixin.py:190} INFO - [2024-10-03T11:29:36.678+0000] {dag.py:4180} INFO - Setting next_dagrun for example_short_circuit_decorator to None, run_after=None
[2024-10-03T11:29:36.688+0000] {processor.py:208} INFO - Processing /home/airflow/.local/lib/python3.12/site-packages/airflow/example_dags/example_short_circuit_decorator.py took 0.048 seconds
[2024-10-03T11:30:07.013+0000] {processor.py:186} INFO - Started process (PID=6211) to work on /home/airflow/.local/lib/python3.12/site-packages/airflow/example_dags/example_short_circuit_decorator.py
[2024-10-03T11:30:07.014+0000] {processor.py:914} INFO - Processing file /home/airflow/.local/lib/python3.12/site-packages/airflow/example_dags/example_short_circuit_decorator.py for tasks to queue
[2024-10-03T11:30:07.016+0000] {logging_mixin.py:190} INFO - [2024-10-03T11:30:07.016+0000] {dagbag.py:588} INFO - Filling up the DagBag from /home/airflow/.local/lib/python3.12/site-packages/airflow/example_dags/example_short_circuit_decorator.py
[2024-10-03T11:30:07.025+0000] {processor.py:925} INFO - DAG(s) 'example_short_circuit_decorator' retrieved from /home/airflow/.local/lib/python3.12/site-packages/airflow/example_dags/example_short_circuit_decorator.py
[2024-10-03T11:30:07.041+0000] {logging_mixin.py:190} INFO - [2024-10-03T11:30:07.041+0000] {dag.py:3239} INFO - Sync 1 DAGs
[2024-10-03T11:30:07.050+0000] {logging_mixin.py:190} INFO - [2024-10-03T11:30:07.050+0000] {dag.py:4180} INFO - Setting next_dagrun for example_short_circuit_decorator to None, run_after=None
[2024-10-03T11:30:07.061+0000] {processor.py:208} INFO - Processing /home/airflow/.local/lib/python3.12/site-packages/airflow/example_dags/example_short_circuit_decorator.py took 0.054 seconds
[2024-10-03T11:30:37.416+0000] {processor.py:186} INFO - Started process (PID=6497) to work on /home/airflow/.local/lib/python3.12/site-packages/airflow/example_dags/example_short_circuit_decorator.py
[2024-10-03T11:30:37.417+0000] {processor.py:914} INFO - Processing file /home/airflow/.local/lib/python3.12/site-packages/airflow/example_dags/example_short_circuit_decorator.py for tasks to queue
[2024-10-03T11:30:37.419+0000] {logging_mixin.py:190} INFO - [2024-10-03T11:30:37.419+0000] {dagbag.py:588} INFO - Filling up the DagBag from /home/airflow/.local/lib/python3.12/site-packages/airflow/example_dags/example_short_circuit_decorator.py
[2024-10-03T11:30:37.428+0000] {processor.py:925} INFO - DAG(s) 'example_short_circuit_decorator' retrieved from /home/airflow/.local/lib/python3.12/site-packages/airflow/example_dags/example_short_circuit_decorator.py
[2024-10-03T11:30:37.445+0000] {logging_mixin.py:190} INFO - [2024-10-03T11:30:37.445+0000] {dag.py:3239} INFO - Sync 1 DAGs
[2024-10-03T11:30:37.454+0000] {logging_mixin.py:190} INFO - [2024-10-03T11:30:37.454+0000] {dag.py:4180} INFO - Setting next_dagrun for example_short_circuit_decorator to None, run_after=None
[2024-10-03T11:30:37.463+0000] {processor.py:208} INFO - Processing /home/airflow/.local/lib/python3.12/site-packages/airflow/example_dags/example_short_circuit_decorator.py took 0.055 seconds
[2024-10-03T11:31:07.743+0000] {processor.py:186} INFO - Started process (PID=6783) to work on /home/airflow/.local/lib/python3.12/site-packages/airflow/example_dags/example_short_circuit_decorator.py
[2024-10-03T11:31:07.744+0000] {processor.py:914} INFO - Processing file /home/airflow/.local/lib/python3.12/site-packages/airflow/example_dags/example_short_circuit_decorator.py for tasks to queue
[2024-10-03T11:31:07.746+0000] {logging_mixin.py:190} INFO - [2024-10-03T11:31:07.746+0000] {dagbag.py:588} INFO - Filling up the DagBag from /home/airflow/.local/lib/python3.12/site-packages/airflow/example_dags/example_short_circuit_decorator.py
[2024-10-03T11:31:07.754+0000] {processor.py:925} INFO - DAG(s) 'example_short_circuit_decorator' retrieved from /home/airflow/.local/lib/python3.12/site-packages/airflow/example_dags/example_short_circuit_decorator.py
[2024-10-03T11:31:07.770+0000] {logging_mixin.py:190} INFO - [2024-10-03T11:31:07.769+0000] {dag.py:3239} INFO - Sync 1 DAGs
[2024-10-03T11:31:07.780+0000] {logging_mixin.py:190} INFO - [2024-10-03T11:31:07.780+0000] {dag.py:4180} INFO - Setting next_dagrun for example_short_circuit_decorator to None, run_after=None
[2024-10-03T11:31:07.791+0000] {processor.py:208} INFO - Processing /home/airflow/.local/lib/python3.12/site-packages/airflow/example_dags/example_short_circuit_decorator.py took 0.055 seconds
