[2024-10-03T11:19:31.733+0000] {processor.py:186} INFO - Started process (PID=392) to work on /home/airflow/.local/lib/python3.12/site-packages/airflow/example_dags/example_xcomargs.py
[2024-10-03T11:19:31.733+0000] {processor.py:914} INFO - Processing file /home/airflow/.local/lib/python3.12/site-packages/airflow/example_dags/example_xcomargs.py for tasks to queue
[2024-10-03T11:19:31.735+0000] {logging_mixin.py:190} INFO - [2024-10-03T11:19:31.735+0000] {dagbag.py:588} INFO - Filling up the DagBag from /home/airflow/.local/lib/python3.12/site-packages/airflow/example_dags/example_xcomargs.py
[2024-10-03T11:19:31.741+0000] {processor.py:925} INFO - DAG(s) 'example_xcom_args_with_operators', 'example_xcom_args' retrieved from /home/airflow/.local/lib/python3.12/site-packages/airflow/example_dags/example_xcomargs.py
[2024-10-03T11:19:31.797+0000] {logging_mixin.py:190} INFO - [2024-10-03T11:19:31.797+0000] {override.py:1900} INFO - Created Permission View: can delete on DAG:example_xcom_args_with_operators
[2024-10-03T11:19:31.802+0000] {logging_mixin.py:190} INFO - [2024-10-03T11:19:31.802+0000] {override.py:1900} INFO - Created Permission View: can read on DAG:example_xcom_args_with_operators
[2024-10-03T11:19:31.806+0000] {logging_mixin.py:190} INFO - [2024-10-03T11:19:31.806+0000] {override.py:1900} INFO - Created Permission View: can edit on DAG:example_xcom_args_with_operators
[2024-10-03T11:19:31.810+0000] {logging_mixin.py:190} INFO - [2024-10-03T11:19:31.809+0000] {override.py:1900} INFO - Created Permission View: can read on DAG Run:example_xcom_args_with_operators
[2024-10-03T11:19:31.812+0000] {logging_mixin.py:190} INFO - [2024-10-03T11:19:31.812+0000] {override.py:1900} INFO - Created Permission View: can create on DAG Run:example_xcom_args_with_operators
[2024-10-03T11:19:31.815+0000] {logging_mixin.py:190} INFO - [2024-10-03T11:19:31.815+0000] {override.py:1900} INFO - Created Permission View: menu access on DAG Run:example_xcom_args_with_operators
[2024-10-03T11:19:31.817+0000] {logging_mixin.py:190} INFO - [2024-10-03T11:19:31.817+0000] {override.py:1900} INFO - Created Permission View: can delete on DAG Run:example_xcom_args_with_operators
[2024-10-03T11:19:31.823+0000] {logging_mixin.py:190} INFO - [2024-10-03T11:19:31.822+0000] {override.py:1900} INFO - Created Permission View: can delete on DAG:example_xcom_args
[2024-10-03T11:19:31.826+0000] {logging_mixin.py:190} INFO - [2024-10-03T11:19:31.826+0000] {override.py:1900} INFO - Created Permission View: can read on DAG:example_xcom_args
[2024-10-03T11:19:31.829+0000] {logging_mixin.py:190} INFO - [2024-10-03T11:19:31.828+0000] {override.py:1900} INFO - Created Permission View: can edit on DAG:example_xcom_args
[2024-10-03T11:19:31.831+0000] {logging_mixin.py:190} INFO - [2024-10-03T11:19:31.831+0000] {override.py:1900} INFO - Created Permission View: can read on DAG Run:example_xcom_args
[2024-10-03T11:19:31.835+0000] {logging_mixin.py:190} INFO - [2024-10-03T11:19:31.835+0000] {override.py:1900} INFO - Created Permission View: can create on DAG Run:example_xcom_args
[2024-10-03T11:19:31.838+0000] {logging_mixin.py:190} INFO - [2024-10-03T11:19:31.838+0000] {override.py:1900} INFO - Created Permission View: menu access on DAG Run:example_xcom_args
[2024-10-03T11:19:31.841+0000] {logging_mixin.py:190} INFO - [2024-10-03T11:19:31.841+0000] {override.py:1900} INFO - Created Permission View: can delete on DAG Run:example_xcom_args
[2024-10-03T11:19:31.842+0000] {logging_mixin.py:190} INFO - [2024-10-03T11:19:31.841+0000] {dag.py:3239} INFO - Sync 2 DAGs
[2024-10-03T11:19:31.850+0000] {logging_mixin.py:190} INFO - [2024-10-03T11:19:31.850+0000] {dag.py:3262} INFO - Creating ORM DAG for example_xcom_args_with_operators
[2024-10-03T11:19:31.850+0000] {logging_mixin.py:190} INFO - [2024-10-03T11:19:31.850+0000] {dag.py:3262} INFO - Creating ORM DAG for example_xcom_args
[2024-10-03T11:19:31.851+0000] {logging_mixin.py:190} INFO - [2024-10-03T11:19:31.851+0000] {dag.py:4180} INFO - Setting next_dagrun for example_xcom_args to None, run_after=None
[2024-10-03T11:19:31.851+0000] {logging_mixin.py:190} INFO - [2024-10-03T11:19:31.851+0000] {dag.py:4180} INFO - Setting next_dagrun for example_xcom_args_with_operators to None, run_after=None
[2024-10-03T11:19:31.859+0000] {processor.py:208} INFO - Processing /home/airflow/.local/lib/python3.12/site-packages/airflow/example_dags/example_xcomargs.py took 0.130 seconds
[2024-10-03T11:20:02.315+0000] {processor.py:186} INFO - Started process (PID=680) to work on /home/airflow/.local/lib/python3.12/site-packages/airflow/example_dags/example_xcomargs.py
[2024-10-03T11:20:02.316+0000] {processor.py:914} INFO - Processing file /home/airflow/.local/lib/python3.12/site-packages/airflow/example_dags/example_xcomargs.py for tasks to queue
[2024-10-03T11:20:02.317+0000] {logging_mixin.py:190} INFO - [2024-10-03T11:20:02.317+0000] {dagbag.py:588} INFO - Filling up the DagBag from /home/airflow/.local/lib/python3.12/site-packages/airflow/example_dags/example_xcomargs.py
[2024-10-03T11:20:02.323+0000] {processor.py:925} INFO - DAG(s) 'example_xcom_args_with_operators', 'example_xcom_args' retrieved from /home/airflow/.local/lib/python3.12/site-packages/airflow/example_dags/example_xcomargs.py
[2024-10-03T11:20:02.336+0000] {logging_mixin.py:190} INFO - [2024-10-03T11:20:02.336+0000] {dag.py:3239} INFO - Sync 2 DAGs
[2024-10-03T11:20:02.344+0000] {logging_mixin.py:190} INFO - [2024-10-03T11:20:02.344+0000] {dag.py:4180} INFO - Setting next_dagrun for example_xcom_args to None, run_after=None
[2024-10-03T11:20:02.346+0000] {logging_mixin.py:190} INFO - [2024-10-03T11:20:02.346+0000] {dag.py:4180} INFO - Setting next_dagrun for example_xcom_args_with_operators to None, run_after=None
[2024-10-03T11:20:02.355+0000] {processor.py:208} INFO - Processing /home/airflow/.local/lib/python3.12/site-packages/airflow/example_dags/example_xcomargs.py took 0.044 seconds
[2024-10-03T11:20:32.720+0000] {processor.py:186} INFO - Started process (PID=966) to work on /home/airflow/.local/lib/python3.12/site-packages/airflow/example_dags/example_xcomargs.py
[2024-10-03T11:20:32.721+0000] {processor.py:914} INFO - Processing file /home/airflow/.local/lib/python3.12/site-packages/airflow/example_dags/example_xcomargs.py for tasks to queue
[2024-10-03T11:20:32.722+0000] {logging_mixin.py:190} INFO - [2024-10-03T11:20:32.722+0000] {dagbag.py:588} INFO - Filling up the DagBag from /home/airflow/.local/lib/python3.12/site-packages/airflow/example_dags/example_xcomargs.py
[2024-10-03T11:20:32.729+0000] {processor.py:925} INFO - DAG(s) 'example_xcom_args_with_operators', 'example_xcom_args' retrieved from /home/airflow/.local/lib/python3.12/site-packages/airflow/example_dags/example_xcomargs.py
[2024-10-03T11:20:32.742+0000] {logging_mixin.py:190} INFO - [2024-10-03T11:20:32.742+0000] {dag.py:3239} INFO - Sync 2 DAGs
[2024-10-03T11:20:32.751+0000] {logging_mixin.py:190} INFO - [2024-10-03T11:20:32.751+0000] {dag.py:4180} INFO - Setting next_dagrun for example_xcom_args to None, run_after=None
[2024-10-03T11:20:32.753+0000] {logging_mixin.py:190} INFO - [2024-10-03T11:20:32.753+0000] {dag.py:4180} INFO - Setting next_dagrun for example_xcom_args_with_operators to None, run_after=None
[2024-10-03T11:20:32.761+0000] {processor.py:208} INFO - Processing /home/airflow/.local/lib/python3.12/site-packages/airflow/example_dags/example_xcomargs.py took 0.045 seconds
[2024-10-03T11:21:03.127+0000] {processor.py:186} INFO - Started process (PID=1252) to work on /home/airflow/.local/lib/python3.12/site-packages/airflow/example_dags/example_xcomargs.py
[2024-10-03T11:21:03.128+0000] {processor.py:914} INFO - Processing file /home/airflow/.local/lib/python3.12/site-packages/airflow/example_dags/example_xcomargs.py for tasks to queue
[2024-10-03T11:21:03.129+0000] {logging_mixin.py:190} INFO - [2024-10-03T11:21:03.129+0000] {dagbag.py:588} INFO - Filling up the DagBag from /home/airflow/.local/lib/python3.12/site-packages/airflow/example_dags/example_xcomargs.py
[2024-10-03T11:21:03.136+0000] {processor.py:925} INFO - DAG(s) 'example_xcom_args_with_operators', 'example_xcom_args' retrieved from /home/airflow/.local/lib/python3.12/site-packages/airflow/example_dags/example_xcomargs.py
[2024-10-03T11:21:03.148+0000] {logging_mixin.py:190} INFO - [2024-10-03T11:21:03.148+0000] {dag.py:3239} INFO - Sync 2 DAGs
[2024-10-03T11:21:03.155+0000] {logging_mixin.py:190} INFO - [2024-10-03T11:21:03.155+0000] {dag.py:4180} INFO - Setting next_dagrun for example_xcom_args to None, run_after=None
[2024-10-03T11:21:03.157+0000] {logging_mixin.py:190} INFO - [2024-10-03T11:21:03.157+0000] {dag.py:4180} INFO - Setting next_dagrun for example_xcom_args_with_operators to None, run_after=None
[2024-10-03T11:21:03.164+0000] {processor.py:208} INFO - Processing /home/airflow/.local/lib/python3.12/site-packages/airflow/example_dags/example_xcomargs.py took 0.041 seconds
[2024-10-03T11:21:33.652+0000] {processor.py:186} INFO - Started process (PID=1538) to work on /home/airflow/.local/lib/python3.12/site-packages/airflow/example_dags/example_xcomargs.py
[2024-10-03T11:21:33.652+0000] {processor.py:914} INFO - Processing file /home/airflow/.local/lib/python3.12/site-packages/airflow/example_dags/example_xcomargs.py for tasks to queue
[2024-10-03T11:21:33.654+0000] {logging_mixin.py:190} INFO - [2024-10-03T11:21:33.654+0000] {dagbag.py:588} INFO - Filling up the DagBag from /home/airflow/.local/lib/python3.12/site-packages/airflow/example_dags/example_xcomargs.py
[2024-10-03T11:21:33.660+0000] {processor.py:925} INFO - DAG(s) 'example_xcom_args', 'example_xcom_args_with_operators' retrieved from /home/airflow/.local/lib/python3.12/site-packages/airflow/example_dags/example_xcomargs.py
[2024-10-03T11:21:33.675+0000] {logging_mixin.py:190} INFO - [2024-10-03T11:21:33.675+0000] {dag.py:3239} INFO - Sync 2 DAGs
[2024-10-03T11:21:33.683+0000] {logging_mixin.py:190} INFO - [2024-10-03T11:21:33.682+0000] {dag.py:4180} INFO - Setting next_dagrun for example_xcom_args to None, run_after=None
[2024-10-03T11:21:33.685+0000] {logging_mixin.py:190} INFO - [2024-10-03T11:21:33.684+0000] {dag.py:4180} INFO - Setting next_dagrun for example_xcom_args_with_operators to None, run_after=None
[2024-10-03T11:21:33.694+0000] {processor.py:208} INFO - Processing /home/airflow/.local/lib/python3.12/site-packages/airflow/example_dags/example_xcomargs.py took 0.046 seconds
[2024-10-03T11:22:04.041+0000] {processor.py:186} INFO - Started process (PID=1824) to work on /home/airflow/.local/lib/python3.12/site-packages/airflow/example_dags/example_xcomargs.py
[2024-10-03T11:22:04.042+0000] {processor.py:914} INFO - Processing file /home/airflow/.local/lib/python3.12/site-packages/airflow/example_dags/example_xcomargs.py for tasks to queue
[2024-10-03T11:22:04.043+0000] {logging_mixin.py:190} INFO - [2024-10-03T11:22:04.043+0000] {dagbag.py:588} INFO - Filling up the DagBag from /home/airflow/.local/lib/python3.12/site-packages/airflow/example_dags/example_xcomargs.py
[2024-10-03T11:22:04.049+0000] {processor.py:925} INFO - DAG(s) 'example_xcom_args_with_operators', 'example_xcom_args' retrieved from /home/airflow/.local/lib/python3.12/site-packages/airflow/example_dags/example_xcomargs.py
[2024-10-03T11:22:04.061+0000] {logging_mixin.py:190} INFO - [2024-10-03T11:22:04.061+0000] {dag.py:3239} INFO - Sync 2 DAGs
[2024-10-03T11:22:04.068+0000] {logging_mixin.py:190} INFO - [2024-10-03T11:22:04.068+0000] {dag.py:4180} INFO - Setting next_dagrun for example_xcom_args to None, run_after=None
[2024-10-03T11:22:04.070+0000] {logging_mixin.py:190} INFO - [2024-10-03T11:22:04.070+0000] {dag.py:4180} INFO - Setting next_dagrun for example_xcom_args_with_operators to None, run_after=None
[2024-10-03T11:22:04.077+0000] {processor.py:208} INFO - Processing /home/airflow/.local/lib/python3.12/site-packages/airflow/example_dags/example_xcomargs.py took 0.040 seconds
[2024-10-03T11:22:34.643+0000] {processor.py:186} INFO - Started process (PID=2110) to work on /home/airflow/.local/lib/python3.12/site-packages/airflow/example_dags/example_xcomargs.py
[2024-10-03T11:22:34.643+0000] {processor.py:914} INFO - Processing file /home/airflow/.local/lib/python3.12/site-packages/airflow/example_dags/example_xcomargs.py for tasks to queue
[2024-10-03T11:22:34.645+0000] {logging_mixin.py:190} INFO - [2024-10-03T11:22:34.645+0000] {dagbag.py:588} INFO - Filling up the DagBag from /home/airflow/.local/lib/python3.12/site-packages/airflow/example_dags/example_xcomargs.py
[2024-10-03T11:22:34.651+0000] {processor.py:925} INFO - DAG(s) 'example_xcom_args', 'example_xcom_args_with_operators' retrieved from /home/airflow/.local/lib/python3.12/site-packages/airflow/example_dags/example_xcomargs.py
[2024-10-03T11:22:34.666+0000] {logging_mixin.py:190} INFO - [2024-10-03T11:22:34.666+0000] {dag.py:3239} INFO - Sync 2 DAGs
[2024-10-03T11:22:34.673+0000] {logging_mixin.py:190} INFO - [2024-10-03T11:22:34.673+0000] {dag.py:4180} INFO - Setting next_dagrun for example_xcom_args to None, run_after=None
[2024-10-03T11:22:34.676+0000] {logging_mixin.py:190} INFO - [2024-10-03T11:22:34.676+0000] {dag.py:4180} INFO - Setting next_dagrun for example_xcom_args_with_operators to None, run_after=None
[2024-10-03T11:22:34.685+0000] {processor.py:208} INFO - Processing /home/airflow/.local/lib/python3.12/site-packages/airflow/example_dags/example_xcomargs.py took 0.046 seconds
[2024-10-03T11:23:05.074+0000] {processor.py:186} INFO - Started process (PID=2394) to work on /home/airflow/.local/lib/python3.12/site-packages/airflow/example_dags/example_xcomargs.py
[2024-10-03T11:23:05.075+0000] {processor.py:914} INFO - Processing file /home/airflow/.local/lib/python3.12/site-packages/airflow/example_dags/example_xcomargs.py for tasks to queue
[2024-10-03T11:23:05.076+0000] {logging_mixin.py:190} INFO - [2024-10-03T11:23:05.076+0000] {dagbag.py:588} INFO - Filling up the DagBag from /home/airflow/.local/lib/python3.12/site-packages/airflow/example_dags/example_xcomargs.py
[2024-10-03T11:23:05.083+0000] {processor.py:925} INFO - DAG(s) 'example_xcom_args_with_operators', 'example_xcom_args' retrieved from /home/airflow/.local/lib/python3.12/site-packages/airflow/example_dags/example_xcomargs.py
[2024-10-03T11:23:05.095+0000] {logging_mixin.py:190} INFO - [2024-10-03T11:23:05.095+0000] {dag.py:3239} INFO - Sync 2 DAGs
[2024-10-03T11:23:05.103+0000] {logging_mixin.py:190} INFO - [2024-10-03T11:23:05.102+0000] {dag.py:4180} INFO - Setting next_dagrun for example_xcom_args to None, run_after=None
[2024-10-03T11:23:05.105+0000] {logging_mixin.py:190} INFO - [2024-10-03T11:23:05.104+0000] {dag.py:4180} INFO - Setting next_dagrun for example_xcom_args_with_operators to None, run_after=None
[2024-10-03T11:23:05.113+0000] {processor.py:208} INFO - Processing /home/airflow/.local/lib/python3.12/site-packages/airflow/example_dags/example_xcomargs.py took 0.042 seconds
[2024-10-03T11:23:35.389+0000] {processor.py:186} INFO - Started process (PID=2682) to work on /home/airflow/.local/lib/python3.12/site-packages/airflow/example_dags/example_xcomargs.py
[2024-10-03T11:23:35.389+0000] {processor.py:914} INFO - Processing file /home/airflow/.local/lib/python3.12/site-packages/airflow/example_dags/example_xcomargs.py for tasks to queue
[2024-10-03T11:23:35.391+0000] {logging_mixin.py:190} INFO - [2024-10-03T11:23:35.390+0000] {dagbag.py:588} INFO - Filling up the DagBag from /home/airflow/.local/lib/python3.12/site-packages/airflow/example_dags/example_xcomargs.py
[2024-10-03T11:23:35.396+0000] {processor.py:925} INFO - DAG(s) 'example_xcom_args', 'example_xcom_args_with_operators' retrieved from /home/airflow/.local/lib/python3.12/site-packages/airflow/example_dags/example_xcomargs.py
[2024-10-03T11:23:35.408+0000] {logging_mixin.py:190} INFO - [2024-10-03T11:23:35.407+0000] {dag.py:3239} INFO - Sync 2 DAGs
[2024-10-03T11:23:35.414+0000] {logging_mixin.py:190} INFO - [2024-10-03T11:23:35.414+0000] {dag.py:4180} INFO - Setting next_dagrun for example_xcom_args to None, run_after=None
[2024-10-03T11:23:35.416+0000] {logging_mixin.py:190} INFO - [2024-10-03T11:23:35.416+0000] {dag.py:4180} INFO - Setting next_dagrun for example_xcom_args_with_operators to None, run_after=None
[2024-10-03T11:23:35.423+0000] {processor.py:208} INFO - Processing /home/airflow/.local/lib/python3.12/site-packages/airflow/example_dags/example_xcomargs.py took 0.038 seconds
[2024-10-03T11:24:05.773+0000] {processor.py:186} INFO - Started process (PID=2968) to work on /home/airflow/.local/lib/python3.12/site-packages/airflow/example_dags/example_xcomargs.py
[2024-10-03T11:24:05.774+0000] {processor.py:914} INFO - Processing file /home/airflow/.local/lib/python3.12/site-packages/airflow/example_dags/example_xcomargs.py for tasks to queue
[2024-10-03T11:24:05.776+0000] {logging_mixin.py:190} INFO - [2024-10-03T11:24:05.775+0000] {dagbag.py:588} INFO - Filling up the DagBag from /home/airflow/.local/lib/python3.12/site-packages/airflow/example_dags/example_xcomargs.py
[2024-10-03T11:24:05.781+0000] {processor.py:925} INFO - DAG(s) 'example_xcom_args', 'example_xcom_args_with_operators' retrieved from /home/airflow/.local/lib/python3.12/site-packages/airflow/example_dags/example_xcomargs.py
[2024-10-03T11:24:05.794+0000] {logging_mixin.py:190} INFO - [2024-10-03T11:24:05.793+0000] {dag.py:3239} INFO - Sync 2 DAGs
[2024-10-03T11:24:05.800+0000] {logging_mixin.py:190} INFO - [2024-10-03T11:24:05.800+0000] {dag.py:4180} INFO - Setting next_dagrun for example_xcom_args to None, run_after=None
[2024-10-03T11:24:05.802+0000] {logging_mixin.py:190} INFO - [2024-10-03T11:24:05.802+0000] {dag.py:4180} INFO - Setting next_dagrun for example_xcom_args_with_operators to None, run_after=None
[2024-10-03T11:24:05.809+0000] {processor.py:208} INFO - Processing /home/airflow/.local/lib/python3.12/site-packages/airflow/example_dags/example_xcomargs.py took 0.039 seconds
[2024-10-03T11:24:36.393+0000] {processor.py:186} INFO - Started process (PID=3254) to work on /home/airflow/.local/lib/python3.12/site-packages/airflow/example_dags/example_xcomargs.py
[2024-10-03T11:24:36.394+0000] {processor.py:914} INFO - Processing file /home/airflow/.local/lib/python3.12/site-packages/airflow/example_dags/example_xcomargs.py for tasks to queue
[2024-10-03T11:24:36.395+0000] {logging_mixin.py:190} INFO - [2024-10-03T11:24:36.395+0000] {dagbag.py:588} INFO - Filling up the DagBag from /home/airflow/.local/lib/python3.12/site-packages/airflow/example_dags/example_xcomargs.py
[2024-10-03T11:24:36.401+0000] {processor.py:925} INFO - DAG(s) 'example_xcom_args', 'example_xcom_args_with_operators' retrieved from /home/airflow/.local/lib/python3.12/site-packages/airflow/example_dags/example_xcomargs.py
[2024-10-03T11:24:36.416+0000] {logging_mixin.py:190} INFO - [2024-10-03T11:24:36.416+0000] {dag.py:3239} INFO - Sync 2 DAGs
[2024-10-03T11:24:36.423+0000] {logging_mixin.py:190} INFO - [2024-10-03T11:24:36.423+0000] {dag.py:4180} INFO - Setting next_dagrun for example_xcom_args to None, run_after=None
[2024-10-03T11:24:36.425+0000] {logging_mixin.py:190} INFO - [2024-10-03T11:24:36.425+0000] {dag.py:4180} INFO - Setting next_dagrun for example_xcom_args_with_operators to None, run_after=None
[2024-10-03T11:24:36.432+0000] {processor.py:208} INFO - Processing /home/airflow/.local/lib/python3.12/site-packages/airflow/example_dags/example_xcomargs.py took 0.043 seconds
[2024-10-03T11:25:06.897+0000] {processor.py:186} INFO - Started process (PID=3540) to work on /home/airflow/.local/lib/python3.12/site-packages/airflow/example_dags/example_xcomargs.py
[2024-10-03T11:25:06.898+0000] {processor.py:914} INFO - Processing file /home/airflow/.local/lib/python3.12/site-packages/airflow/example_dags/example_xcomargs.py for tasks to queue
[2024-10-03T11:25:06.899+0000] {logging_mixin.py:190} INFO - [2024-10-03T11:25:06.899+0000] {dagbag.py:588} INFO - Filling up the DagBag from /home/airflow/.local/lib/python3.12/site-packages/airflow/example_dags/example_xcomargs.py
[2024-10-03T11:25:06.906+0000] {processor.py:925} INFO - DAG(s) 'example_xcom_args', 'example_xcom_args_with_operators' retrieved from /home/airflow/.local/lib/python3.12/site-packages/airflow/example_dags/example_xcomargs.py
[2024-10-03T11:25:06.919+0000] {logging_mixin.py:190} INFO - [2024-10-03T11:25:06.919+0000] {dag.py:3239} INFO - Sync 2 DAGs
[2024-10-03T11:25:06.926+0000] {logging_mixin.py:190} INFO - [2024-10-03T11:25:06.926+0000] {dag.py:4180} INFO - Setting next_dagrun for example_xcom_args to None, run_after=None
[2024-10-03T11:25:06.928+0000] {logging_mixin.py:190} INFO - [2024-10-03T11:25:06.928+0000] {dag.py:4180} INFO - Setting next_dagrun for example_xcom_args_with_operators to None, run_after=None
[2024-10-03T11:25:06.936+0000] {processor.py:208} INFO - Processing /home/airflow/.local/lib/python3.12/site-packages/airflow/example_dags/example_xcomargs.py took 0.042 seconds
[2024-10-03T11:25:37.337+0000] {processor.py:186} INFO - Started process (PID=3824) to work on /home/airflow/.local/lib/python3.12/site-packages/airflow/example_dags/example_xcomargs.py
[2024-10-03T11:25:37.338+0000] {processor.py:914} INFO - Processing file /home/airflow/.local/lib/python3.12/site-packages/airflow/example_dags/example_xcomargs.py for tasks to queue
[2024-10-03T11:25:37.339+0000] {logging_mixin.py:190} INFO - [2024-10-03T11:25:37.339+0000] {dagbag.py:588} INFO - Filling up the DagBag from /home/airflow/.local/lib/python3.12/site-packages/airflow/example_dags/example_xcomargs.py
[2024-10-03T11:25:37.345+0000] {processor.py:925} INFO - DAG(s) 'example_xcom_args_with_operators', 'example_xcom_args' retrieved from /home/airflow/.local/lib/python3.12/site-packages/airflow/example_dags/example_xcomargs.py
[2024-10-03T11:25:37.358+0000] {logging_mixin.py:190} INFO - [2024-10-03T11:25:37.358+0000] {dag.py:3239} INFO - Sync 2 DAGs
[2024-10-03T11:25:37.366+0000] {logging_mixin.py:190} INFO - [2024-10-03T11:25:37.365+0000] {dag.py:4180} INFO - Setting next_dagrun for example_xcom_args to None, run_after=None
[2024-10-03T11:25:37.368+0000] {logging_mixin.py:190} INFO - [2024-10-03T11:25:37.368+0000] {dag.py:4180} INFO - Setting next_dagrun for example_xcom_args_with_operators to None, run_after=None
[2024-10-03T11:25:37.376+0000] {processor.py:208} INFO - Processing /home/airflow/.local/lib/python3.12/site-packages/airflow/example_dags/example_xcomargs.py took 0.042 seconds
[2024-10-03T11:26:07.850+0000] {processor.py:186} INFO - Started process (PID=4114) to work on /home/airflow/.local/lib/python3.12/site-packages/airflow/example_dags/example_xcomargs.py
[2024-10-03T11:26:07.851+0000] {processor.py:914} INFO - Processing file /home/airflow/.local/lib/python3.12/site-packages/airflow/example_dags/example_xcomargs.py for tasks to queue
[2024-10-03T11:26:07.852+0000] {logging_mixin.py:190} INFO - [2024-10-03T11:26:07.852+0000] {dagbag.py:588} INFO - Filling up the DagBag from /home/airflow/.local/lib/python3.12/site-packages/airflow/example_dags/example_xcomargs.py
[2024-10-03T11:26:07.858+0000] {processor.py:925} INFO - DAG(s) 'example_xcom_args_with_operators', 'example_xcom_args' retrieved from /home/airflow/.local/lib/python3.12/site-packages/airflow/example_dags/example_xcomargs.py
[2024-10-03T11:26:07.872+0000] {logging_mixin.py:190} INFO - [2024-10-03T11:26:07.872+0000] {dag.py:3239} INFO - Sync 2 DAGs
[2024-10-03T11:26:07.881+0000] {logging_mixin.py:190} INFO - [2024-10-03T11:26:07.881+0000] {dag.py:4180} INFO - Setting next_dagrun for example_xcom_args to None, run_after=None
[2024-10-03T11:26:07.883+0000] {logging_mixin.py:190} INFO - [2024-10-03T11:26:07.883+0000] {dag.py:4180} INFO - Setting next_dagrun for example_xcom_args_with_operators to None, run_after=None
[2024-10-03T11:26:07.892+0000] {processor.py:208} INFO - Processing /home/airflow/.local/lib/python3.12/site-packages/airflow/example_dags/example_xcomargs.py took 0.047 seconds
[2024-10-03T11:26:38.279+0000] {processor.py:186} INFO - Started process (PID=4402) to work on /home/airflow/.local/lib/python3.12/site-packages/airflow/example_dags/example_xcomargs.py
[2024-10-03T11:26:38.280+0000] {processor.py:914} INFO - Processing file /home/airflow/.local/lib/python3.12/site-packages/airflow/example_dags/example_xcomargs.py for tasks to queue
[2024-10-03T11:26:38.281+0000] {logging_mixin.py:190} INFO - [2024-10-03T11:26:38.281+0000] {dagbag.py:588} INFO - Filling up the DagBag from /home/airflow/.local/lib/python3.12/site-packages/airflow/example_dags/example_xcomargs.py
[2024-10-03T11:26:38.287+0000] {processor.py:925} INFO - DAG(s) 'example_xcom_args_with_operators', 'example_xcom_args' retrieved from /home/airflow/.local/lib/python3.12/site-packages/airflow/example_dags/example_xcomargs.py
[2024-10-03T11:26:38.300+0000] {logging_mixin.py:190} INFO - [2024-10-03T11:26:38.300+0000] {dag.py:3239} INFO - Sync 2 DAGs
[2024-10-03T11:26:38.308+0000] {logging_mixin.py:190} INFO - [2024-10-03T11:26:38.307+0000] {dag.py:4180} INFO - Setting next_dagrun for example_xcom_args to None, run_after=None
[2024-10-03T11:26:38.309+0000] {logging_mixin.py:190} INFO - [2024-10-03T11:26:38.309+0000] {dag.py:4180} INFO - Setting next_dagrun for example_xcom_args_with_operators to None, run_after=None
[2024-10-03T11:26:38.317+0000] {processor.py:208} INFO - Processing /home/airflow/.local/lib/python3.12/site-packages/airflow/example_dags/example_xcomargs.py took 0.041 seconds
[2024-10-03T11:27:08.698+0000] {processor.py:186} INFO - Started process (PID=4688) to work on /home/airflow/.local/lib/python3.12/site-packages/airflow/example_dags/example_xcomargs.py
[2024-10-03T11:27:08.699+0000] {processor.py:914} INFO - Processing file /home/airflow/.local/lib/python3.12/site-packages/airflow/example_dags/example_xcomargs.py for tasks to queue
[2024-10-03T11:27:08.700+0000] {logging_mixin.py:190} INFO - [2024-10-03T11:27:08.700+0000] {dagbag.py:588} INFO - Filling up the DagBag from /home/airflow/.local/lib/python3.12/site-packages/airflow/example_dags/example_xcomargs.py
[2024-10-03T11:27:08.706+0000] {processor.py:925} INFO - DAG(s) 'example_xcom_args_with_operators', 'example_xcom_args' retrieved from /home/airflow/.local/lib/python3.12/site-packages/airflow/example_dags/example_xcomargs.py
[2024-10-03T11:27:08.718+0000] {logging_mixin.py:190} INFO - [2024-10-03T11:27:08.718+0000] {dag.py:3239} INFO - Sync 2 DAGs
[2024-10-03T11:27:08.725+0000] {logging_mixin.py:190} INFO - [2024-10-03T11:27:08.725+0000] {dag.py:4180} INFO - Setting next_dagrun for example_xcom_args to None, run_after=None
[2024-10-03T11:27:08.727+0000] {logging_mixin.py:190} INFO - [2024-10-03T11:27:08.727+0000] {dag.py:4180} INFO - Setting next_dagrun for example_xcom_args_with_operators to None, run_after=None
[2024-10-03T11:27:08.734+0000] {processor.py:208} INFO - Processing /home/airflow/.local/lib/python3.12/site-packages/airflow/example_dags/example_xcomargs.py took 0.039 seconds
[2024-10-03T11:27:39.073+0000] {processor.py:186} INFO - Started process (PID=4974) to work on /home/airflow/.local/lib/python3.12/site-packages/airflow/example_dags/example_xcomargs.py
[2024-10-03T11:27:39.074+0000] {processor.py:914} INFO - Processing file /home/airflow/.local/lib/python3.12/site-packages/airflow/example_dags/example_xcomargs.py for tasks to queue
[2024-10-03T11:27:39.075+0000] {logging_mixin.py:190} INFO - [2024-10-03T11:27:39.075+0000] {dagbag.py:588} INFO - Filling up the DagBag from /home/airflow/.local/lib/python3.12/site-packages/airflow/example_dags/example_xcomargs.py
[2024-10-03T11:27:39.081+0000] {processor.py:925} INFO - DAG(s) 'example_xcom_args', 'example_xcom_args_with_operators' retrieved from /home/airflow/.local/lib/python3.12/site-packages/airflow/example_dags/example_xcomargs.py
[2024-10-03T11:27:39.095+0000] {logging_mixin.py:190} INFO - [2024-10-03T11:27:39.094+0000] {dag.py:3239} INFO - Sync 2 DAGs
[2024-10-03T11:27:39.103+0000] {logging_mixin.py:190} INFO - [2024-10-03T11:27:39.102+0000] {dag.py:4180} INFO - Setting next_dagrun for example_xcom_args to None, run_after=None
[2024-10-03T11:27:39.105+0000] {logging_mixin.py:190} INFO - [2024-10-03T11:27:39.104+0000] {dag.py:4180} INFO - Setting next_dagrun for example_xcom_args_with_operators to None, run_after=None
[2024-10-03T11:27:39.112+0000] {processor.py:208} INFO - Processing /home/airflow/.local/lib/python3.12/site-packages/airflow/example_dags/example_xcomargs.py took 0.042 seconds
[2024-10-03T11:28:09.466+0000] {processor.py:186} INFO - Started process (PID=5260) to work on /home/airflow/.local/lib/python3.12/site-packages/airflow/example_dags/example_xcomargs.py
[2024-10-03T11:28:09.467+0000] {processor.py:914} INFO - Processing file /home/airflow/.local/lib/python3.12/site-packages/airflow/example_dags/example_xcomargs.py for tasks to queue
[2024-10-03T11:28:09.468+0000] {logging_mixin.py:190} INFO - [2024-10-03T11:28:09.468+0000] {dagbag.py:588} INFO - Filling up the DagBag from /home/airflow/.local/lib/python3.12/site-packages/airflow/example_dags/example_xcomargs.py
[2024-10-03T11:28:09.474+0000] {processor.py:925} INFO - DAG(s) 'example_xcom_args', 'example_xcom_args_with_operators' retrieved from /home/airflow/.local/lib/python3.12/site-packages/airflow/example_dags/example_xcomargs.py
[2024-10-03T11:28:09.486+0000] {logging_mixin.py:190} INFO - [2024-10-03T11:28:09.486+0000] {dag.py:3239} INFO - Sync 2 DAGs
[2024-10-03T11:28:09.493+0000] {logging_mixin.py:190} INFO - [2024-10-03T11:28:09.493+0000] {dag.py:4180} INFO - Setting next_dagrun for example_xcom_args to None, run_after=None
[2024-10-03T11:28:09.495+0000] {logging_mixin.py:190} INFO - [2024-10-03T11:28:09.495+0000] {dag.py:4180} INFO - Setting next_dagrun for example_xcom_args_with_operators to None, run_after=None
[2024-10-03T11:28:09.502+0000] {processor.py:208} INFO - Processing /home/airflow/.local/lib/python3.12/site-packages/airflow/example_dags/example_xcomargs.py took 0.040 seconds
[2024-10-03T11:28:39.735+0000] {processor.py:186} INFO - Started process (PID=5544) to work on /home/airflow/.local/lib/python3.12/site-packages/airflow/example_dags/example_xcomargs.py
[2024-10-03T11:28:39.736+0000] {processor.py:914} INFO - Processing file /home/airflow/.local/lib/python3.12/site-packages/airflow/example_dags/example_xcomargs.py for tasks to queue
[2024-10-03T11:28:39.738+0000] {logging_mixin.py:190} INFO - [2024-10-03T11:28:39.737+0000] {dagbag.py:588} INFO - Filling up the DagBag from /home/airflow/.local/lib/python3.12/site-packages/airflow/example_dags/example_xcomargs.py
[2024-10-03T11:28:39.744+0000] {processor.py:925} INFO - DAG(s) 'example_xcom_args', 'example_xcom_args_with_operators' retrieved from /home/airflow/.local/lib/python3.12/site-packages/airflow/example_dags/example_xcomargs.py
[2024-10-03T11:28:39.758+0000] {logging_mixin.py:190} INFO - [2024-10-03T11:28:39.757+0000] {dag.py:3239} INFO - Sync 2 DAGs
[2024-10-03T11:28:39.766+0000] {logging_mixin.py:190} INFO - [2024-10-03T11:28:39.766+0000] {dag.py:4180} INFO - Setting next_dagrun for example_xcom_args to None, run_after=None
[2024-10-03T11:28:39.768+0000] {logging_mixin.py:190} INFO - [2024-10-03T11:28:39.768+0000] {dag.py:4180} INFO - Setting next_dagrun for example_xcom_args_with_operators to None, run_after=None
[2024-10-03T11:28:39.777+0000] {processor.py:208} INFO - Processing /home/airflow/.local/lib/python3.12/site-packages/airflow/example_dags/example_xcomargs.py took 0.045 seconds
[2024-10-03T11:29:10.005+0000] {processor.py:186} INFO - Started process (PID=5856) to work on /home/airflow/.local/lib/python3.12/site-packages/airflow/example_dags/example_xcomargs.py
[2024-10-03T11:29:10.006+0000] {processor.py:914} INFO - Processing file /home/airflow/.local/lib/python3.12/site-packages/airflow/example_dags/example_xcomargs.py for tasks to queue
[2024-10-03T11:29:10.007+0000] {logging_mixin.py:190} INFO - [2024-10-03T11:29:10.007+0000] {dagbag.py:588} INFO - Filling up the DagBag from /home/airflow/.local/lib/python3.12/site-packages/airflow/example_dags/example_xcomargs.py
[2024-10-03T11:29:10.013+0000] {processor.py:925} INFO - DAG(s) 'example_xcom_args_with_operators', 'example_xcom_args' retrieved from /home/airflow/.local/lib/python3.12/site-packages/airflow/example_dags/example_xcomargs.py
[2024-10-03T11:29:10.025+0000] {logging_mixin.py:190} INFO - [2024-10-03T11:29:10.025+0000] {dag.py:3239} INFO - Sync 2 DAGs
[2024-10-03T11:29:10.032+0000] {logging_mixin.py:190} INFO - [2024-10-03T11:29:10.032+0000] {dag.py:4180} INFO - Setting next_dagrun for example_xcom_args to None, run_after=None
[2024-10-03T11:29:10.034+0000] {logging_mixin.py:190} INFO - [2024-10-03T11:29:10.034+0000] {dag.py:4180} INFO - Setting next_dagrun for example_xcom_args_with_operators to None, run_after=None
[2024-10-03T11:29:10.041+0000] {processor.py:208} INFO - Processing /home/airflow/.local/lib/python3.12/site-packages/airflow/example_dags/example_xcomargs.py took 0.039 seconds
[2024-10-03T11:29:40.303+0000] {processor.py:186} INFO - Started process (PID=6140) to work on /home/airflow/.local/lib/python3.12/site-packages/airflow/example_dags/example_xcomargs.py
[2024-10-03T11:29:40.303+0000] {processor.py:914} INFO - Processing file /home/airflow/.local/lib/python3.12/site-packages/airflow/example_dags/example_xcomargs.py for tasks to queue
[2024-10-03T11:29:40.305+0000] {logging_mixin.py:190} INFO - [2024-10-03T11:29:40.305+0000] {dagbag.py:588} INFO - Filling up the DagBag from /home/airflow/.local/lib/python3.12/site-packages/airflow/example_dags/example_xcomargs.py
[2024-10-03T11:29:40.310+0000] {processor.py:925} INFO - DAG(s) 'example_xcom_args_with_operators', 'example_xcom_args' retrieved from /home/airflow/.local/lib/python3.12/site-packages/airflow/example_dags/example_xcomargs.py
[2024-10-03T11:29:40.323+0000] {logging_mixin.py:190} INFO - [2024-10-03T11:29:40.323+0000] {dag.py:3239} INFO - Sync 2 DAGs
[2024-10-03T11:29:40.331+0000] {logging_mixin.py:190} INFO - [2024-10-03T11:29:40.331+0000] {dag.py:4180} INFO - Setting next_dagrun for example_xcom_args to None, run_after=None
[2024-10-03T11:29:40.334+0000] {logging_mixin.py:190} INFO - [2024-10-03T11:29:40.334+0000] {dag.py:4180} INFO - Setting next_dagrun for example_xcom_args_with_operators to None, run_after=None
[2024-10-03T11:29:40.342+0000] {processor.py:208} INFO - Processing /home/airflow/.local/lib/python3.12/site-packages/airflow/example_dags/example_xcomargs.py took 0.043 seconds
[2024-10-03T11:30:10.775+0000] {processor.py:186} INFO - Started process (PID=6428) to work on /home/airflow/.local/lib/python3.12/site-packages/airflow/example_dags/example_xcomargs.py
[2024-10-03T11:30:10.775+0000] {processor.py:914} INFO - Processing file /home/airflow/.local/lib/python3.12/site-packages/airflow/example_dags/example_xcomargs.py for tasks to queue
[2024-10-03T11:30:10.777+0000] {logging_mixin.py:190} INFO - [2024-10-03T11:30:10.777+0000] {dagbag.py:588} INFO - Filling up the DagBag from /home/airflow/.local/lib/python3.12/site-packages/airflow/example_dags/example_xcomargs.py
[2024-10-03T11:30:10.783+0000] {processor.py:925} INFO - DAG(s) 'example_xcom_args_with_operators', 'example_xcom_args' retrieved from /home/airflow/.local/lib/python3.12/site-packages/airflow/example_dags/example_xcomargs.py
[2024-10-03T11:30:10.795+0000] {logging_mixin.py:190} INFO - [2024-10-03T11:30:10.795+0000] {dag.py:3239} INFO - Sync 2 DAGs
[2024-10-03T11:30:10.802+0000] {logging_mixin.py:190} INFO - [2024-10-03T11:30:10.802+0000] {dag.py:4180} INFO - Setting next_dagrun for example_xcom_args to None, run_after=None
[2024-10-03T11:30:10.804+0000] {logging_mixin.py:190} INFO - [2024-10-03T11:30:10.804+0000] {dag.py:4180} INFO - Setting next_dagrun for example_xcom_args_with_operators to None, run_after=None
[2024-10-03T11:30:10.811+0000] {processor.py:208} INFO - Processing /home/airflow/.local/lib/python3.12/site-packages/airflow/example_dags/example_xcomargs.py took 0.040 seconds
[2024-10-03T11:30:41.028+0000] {processor.py:186} INFO - Started process (PID=6712) to work on /home/airflow/.local/lib/python3.12/site-packages/airflow/example_dags/example_xcomargs.py
[2024-10-03T11:30:41.029+0000] {processor.py:914} INFO - Processing file /home/airflow/.local/lib/python3.12/site-packages/airflow/example_dags/example_xcomargs.py for tasks to queue
[2024-10-03T11:30:41.030+0000] {logging_mixin.py:190} INFO - [2024-10-03T11:30:41.030+0000] {dagbag.py:588} INFO - Filling up the DagBag from /home/airflow/.local/lib/python3.12/site-packages/airflow/example_dags/example_xcomargs.py
[2024-10-03T11:30:41.037+0000] {processor.py:925} INFO - DAG(s) 'example_xcom_args_with_operators', 'example_xcom_args' retrieved from /home/airflow/.local/lib/python3.12/site-packages/airflow/example_dags/example_xcomargs.py
[2024-10-03T11:30:41.049+0000] {logging_mixin.py:190} INFO - [2024-10-03T11:30:41.049+0000] {dag.py:3239} INFO - Sync 2 DAGs
[2024-10-03T11:30:41.057+0000] {logging_mixin.py:190} INFO - [2024-10-03T11:30:41.057+0000] {dag.py:4180} INFO - Setting next_dagrun for example_xcom_args to None, run_after=None
[2024-10-03T11:30:41.059+0000] {logging_mixin.py:190} INFO - [2024-10-03T11:30:41.059+0000] {dag.py:4180} INFO - Setting next_dagrun for example_xcom_args_with_operators to None, run_after=None
[2024-10-03T11:30:41.066+0000] {processor.py:208} INFO - Processing /home/airflow/.local/lib/python3.12/site-packages/airflow/example_dags/example_xcomargs.py took 0.042 seconds
[2024-10-03T11:31:11.332+0000] {processor.py:186} INFO - Started process (PID=6998) to work on /home/airflow/.local/lib/python3.12/site-packages/airflow/example_dags/example_xcomargs.py
[2024-10-03T11:31:11.333+0000] {processor.py:914} INFO - Processing file /home/airflow/.local/lib/python3.12/site-packages/airflow/example_dags/example_xcomargs.py for tasks to queue
[2024-10-03T11:31:11.334+0000] {logging_mixin.py:190} INFO - [2024-10-03T11:31:11.334+0000] {dagbag.py:588} INFO - Filling up the DagBag from /home/airflow/.local/lib/python3.12/site-packages/airflow/example_dags/example_xcomargs.py
[2024-10-03T11:31:11.340+0000] {processor.py:925} INFO - DAG(s) 'example_xcom_args', 'example_xcom_args_with_operators' retrieved from /home/airflow/.local/lib/python3.12/site-packages/airflow/example_dags/example_xcomargs.py
[2024-10-03T11:31:11.353+0000] {logging_mixin.py:190} INFO - [2024-10-03T11:31:11.353+0000] {dag.py:3239} INFO - Sync 2 DAGs
[2024-10-03T11:31:11.360+0000] {logging_mixin.py:190} INFO - [2024-10-03T11:31:11.360+0000] {dag.py:4180} INFO - Setting next_dagrun for example_xcom_args to None, run_after=None
[2024-10-03T11:31:11.363+0000] {logging_mixin.py:190} INFO - [2024-10-03T11:31:11.362+0000] {dag.py:4180} INFO - Setting next_dagrun for example_xcom_args_with_operators to None, run_after=None
[2024-10-03T11:31:11.372+0000] {processor.py:208} INFO - Processing /home/airflow/.local/lib/python3.12/site-packages/airflow/example_dags/example_xcomargs.py took 0.043 seconds
