[2024-10-03T11:19:31.880+0000] {processor.py:186} INFO - Started process (PID=402) to work on /home/airflow/.local/lib/python3.12/site-packages/airflow/example_dags/example_branch_python_dop_operator_3.py
[2024-10-03T11:19:31.880+0000] {processor.py:914} INFO - Processing file /home/airflow/.local/lib/python3.12/site-packages/airflow/example_dags/example_branch_python_dop_operator_3.py for tasks to queue
[2024-10-03T11:19:31.882+0000] {logging_mixin.py:190} INFO - [2024-10-03T11:19:31.882+0000] {dagbag.py:588} INFO - Filling up the DagBag from /home/airflow/.local/lib/python3.12/site-packages/airflow/example_dags/example_branch_python_dop_operator_3.py
[2024-10-03T11:19:31.889+0000] {processor.py:925} INFO - DAG(s) 'example_branch_dop_operator_v3' retrieved from /home/airflow/.local/lib/python3.12/site-packages/airflow/example_dags/example_branch_python_dop_operator_3.py
[2024-10-03T11:19:31.946+0000] {logging_mixin.py:190} INFO - [2024-10-03T11:19:31.946+0000] {override.py:1900} INFO - Created Permission View: can delete on DAG:example_branch_dop_operator_v3
[2024-10-03T11:19:31.951+0000] {logging_mixin.py:190} INFO - [2024-10-03T11:19:31.951+0000] {override.py:1900} INFO - Created Permission View: can read on DAG:example_branch_dop_operator_v3
[2024-10-03T11:19:31.954+0000] {logging_mixin.py:190} INFO - [2024-10-03T11:19:31.954+0000] {override.py:1900} INFO - Created Permission View: can edit on DAG:example_branch_dop_operator_v3
[2024-10-03T11:19:31.957+0000] {logging_mixin.py:190} INFO - [2024-10-03T11:19:31.957+0000] {override.py:1900} INFO - Created Permission View: can read on DAG Run:example_branch_dop_operator_v3
[2024-10-03T11:19:31.960+0000] {logging_mixin.py:190} INFO - [2024-10-03T11:19:31.960+0000] {override.py:1900} INFO - Created Permission View: can create on DAG Run:example_branch_dop_operator_v3
[2024-10-03T11:19:31.963+0000] {logging_mixin.py:190} INFO - [2024-10-03T11:19:31.963+0000] {override.py:1900} INFO - Created Permission View: menu access on DAG Run:example_branch_dop_operator_v3
[2024-10-03T11:19:31.966+0000] {logging_mixin.py:190} INFO - [2024-10-03T11:19:31.966+0000] {override.py:1900} INFO - Created Permission View: can delete on DAG Run:example_branch_dop_operator_v3
[2024-10-03T11:19:31.967+0000] {logging_mixin.py:190} INFO - [2024-10-03T11:19:31.967+0000] {dag.py:3239} INFO - Sync 1 DAGs
[2024-10-03T11:19:31.974+0000] {logging_mixin.py:190} INFO - [2024-10-03T11:19:31.974+0000] {dag.py:3262} INFO - Creating ORM DAG for example_branch_dop_operator_v3
[2024-10-03T11:19:31.980+0000] {logging_mixin.py:190} INFO - [2024-10-03T11:19:31.980+0000] {dag.py:4180} INFO - Setting next_dagrun for example_branch_dop_operator_v3 to 2024-10-03 11:18:00+00:00, run_after=2024-10-03 11:19:00+00:00
[2024-10-03T11:19:31.988+0000] {processor.py:208} INFO - Processing /home/airflow/.local/lib/python3.12/site-packages/airflow/example_dags/example_branch_python_dop_operator_3.py took 0.112 seconds
[2024-10-03T11:20:02.374+0000] {processor.py:186} INFO - Started process (PID=690) to work on /home/airflow/.local/lib/python3.12/site-packages/airflow/example_dags/example_branch_python_dop_operator_3.py
[2024-10-03T11:20:02.375+0000] {processor.py:914} INFO - Processing file /home/airflow/.local/lib/python3.12/site-packages/airflow/example_dags/example_branch_python_dop_operator_3.py for tasks to queue
[2024-10-03T11:20:02.377+0000] {logging_mixin.py:190} INFO - [2024-10-03T11:20:02.377+0000] {dagbag.py:588} INFO - Filling up the DagBag from /home/airflow/.local/lib/python3.12/site-packages/airflow/example_dags/example_branch_python_dop_operator_3.py
[2024-10-03T11:20:02.383+0000] {processor.py:925} INFO - DAG(s) 'example_branch_dop_operator_v3' retrieved from /home/airflow/.local/lib/python3.12/site-packages/airflow/example_dags/example_branch_python_dop_operator_3.py
[2024-10-03T11:20:02.396+0000] {logging_mixin.py:190} INFO - [2024-10-03T11:20:02.395+0000] {dag.py:3239} INFO - Sync 1 DAGs
[2024-10-03T11:20:02.410+0000] {logging_mixin.py:190} INFO - [2024-10-03T11:20:02.410+0000] {dag.py:4180} INFO - Setting next_dagrun for example_branch_dop_operator_v3 to 2024-10-03 11:19:00+00:00, run_after=2024-10-03 11:20:00+00:00
[2024-10-03T11:20:02.420+0000] {processor.py:208} INFO - Processing /home/airflow/.local/lib/python3.12/site-packages/airflow/example_dags/example_branch_python_dop_operator_3.py took 0.049 seconds
[2024-10-03T11:20:32.775+0000] {processor.py:186} INFO - Started process (PID=976) to work on /home/airflow/.local/lib/python3.12/site-packages/airflow/example_dags/example_branch_python_dop_operator_3.py
[2024-10-03T11:20:32.776+0000] {processor.py:914} INFO - Processing file /home/airflow/.local/lib/python3.12/site-packages/airflow/example_dags/example_branch_python_dop_operator_3.py for tasks to queue
[2024-10-03T11:20:32.777+0000] {logging_mixin.py:190} INFO - [2024-10-03T11:20:32.777+0000] {dagbag.py:588} INFO - Filling up the DagBag from /home/airflow/.local/lib/python3.12/site-packages/airflow/example_dags/example_branch_python_dop_operator_3.py
[2024-10-03T11:20:32.783+0000] {processor.py:925} INFO - DAG(s) 'example_branch_dop_operator_v3' retrieved from /home/airflow/.local/lib/python3.12/site-packages/airflow/example_dags/example_branch_python_dop_operator_3.py
[2024-10-03T11:20:32.795+0000] {logging_mixin.py:190} INFO - [2024-10-03T11:20:32.794+0000] {dag.py:3239} INFO - Sync 1 DAGs
[2024-10-03T11:20:32.807+0000] {logging_mixin.py:190} INFO - [2024-10-03T11:20:32.807+0000] {dag.py:4180} INFO - Setting next_dagrun for example_branch_dop_operator_v3 to 2024-10-03 11:19:00+00:00, run_after=2024-10-03 11:20:00+00:00
[2024-10-03T11:20:32.816+0000] {processor.py:208} INFO - Processing /home/airflow/.local/lib/python3.12/site-packages/airflow/example_dags/example_branch_python_dop_operator_3.py took 0.044 seconds
[2024-10-03T11:21:03.181+0000] {processor.py:186} INFO - Started process (PID=1262) to work on /home/airflow/.local/lib/python3.12/site-packages/airflow/example_dags/example_branch_python_dop_operator_3.py
[2024-10-03T11:21:03.181+0000] {processor.py:914} INFO - Processing file /home/airflow/.local/lib/python3.12/site-packages/airflow/example_dags/example_branch_python_dop_operator_3.py for tasks to queue
[2024-10-03T11:21:03.183+0000] {logging_mixin.py:190} INFO - [2024-10-03T11:21:03.182+0000] {dagbag.py:588} INFO - Filling up the DagBag from /home/airflow/.local/lib/python3.12/site-packages/airflow/example_dags/example_branch_python_dop_operator_3.py
[2024-10-03T11:21:03.189+0000] {processor.py:925} INFO - DAG(s) 'example_branch_dop_operator_v3' retrieved from /home/airflow/.local/lib/python3.12/site-packages/airflow/example_dags/example_branch_python_dop_operator_3.py
[2024-10-03T11:21:03.200+0000] {logging_mixin.py:190} INFO - [2024-10-03T11:21:03.200+0000] {dag.py:3239} INFO - Sync 1 DAGs
[2024-10-03T11:21:03.211+0000] {logging_mixin.py:190} INFO - [2024-10-03T11:21:03.211+0000] {dag.py:4180} INFO - Setting next_dagrun for example_branch_dop_operator_v3 to 2024-10-03 11:20:00+00:00, run_after=2024-10-03 11:21:00+00:00
[2024-10-03T11:21:03.220+0000] {processor.py:208} INFO - Processing /home/airflow/.local/lib/python3.12/site-packages/airflow/example_dags/example_branch_python_dop_operator_3.py took 0.043 seconds
[2024-10-03T11:21:33.711+0000] {processor.py:186} INFO - Started process (PID=1548) to work on /home/airflow/.local/lib/python3.12/site-packages/airflow/example_dags/example_branch_python_dop_operator_3.py
[2024-10-03T11:21:33.712+0000] {processor.py:914} INFO - Processing file /home/airflow/.local/lib/python3.12/site-packages/airflow/example_dags/example_branch_python_dop_operator_3.py for tasks to queue
[2024-10-03T11:21:33.714+0000] {logging_mixin.py:190} INFO - [2024-10-03T11:21:33.714+0000] {dagbag.py:588} INFO - Filling up the DagBag from /home/airflow/.local/lib/python3.12/site-packages/airflow/example_dags/example_branch_python_dop_operator_3.py
[2024-10-03T11:21:33.720+0000] {processor.py:925} INFO - DAG(s) 'example_branch_dop_operator_v3' retrieved from /home/airflow/.local/lib/python3.12/site-packages/airflow/example_dags/example_branch_python_dop_operator_3.py
[2024-10-03T11:21:33.732+0000] {logging_mixin.py:190} INFO - [2024-10-03T11:21:33.732+0000] {dag.py:3239} INFO - Sync 1 DAGs
[2024-10-03T11:21:33.748+0000] {logging_mixin.py:190} INFO - [2024-10-03T11:21:33.747+0000] {dag.py:4180} INFO - Setting next_dagrun for example_branch_dop_operator_v3 to 2024-10-03 11:20:00+00:00, run_after=2024-10-03 11:21:00+00:00
[2024-10-03T11:21:33.758+0000] {processor.py:208} INFO - Processing /home/airflow/.local/lib/python3.12/site-packages/airflow/example_dags/example_branch_python_dop_operator_3.py took 0.051 seconds
[2024-10-03T11:22:04.092+0000] {processor.py:186} INFO - Started process (PID=1834) to work on /home/airflow/.local/lib/python3.12/site-packages/airflow/example_dags/example_branch_python_dop_operator_3.py
[2024-10-03T11:22:04.093+0000] {processor.py:914} INFO - Processing file /home/airflow/.local/lib/python3.12/site-packages/airflow/example_dags/example_branch_python_dop_operator_3.py for tasks to queue
[2024-10-03T11:22:04.094+0000] {logging_mixin.py:190} INFO - [2024-10-03T11:22:04.094+0000] {dagbag.py:588} INFO - Filling up the DagBag from /home/airflow/.local/lib/python3.12/site-packages/airflow/example_dags/example_branch_python_dop_operator_3.py
[2024-10-03T11:22:04.100+0000] {processor.py:925} INFO - DAG(s) 'example_branch_dop_operator_v3' retrieved from /home/airflow/.local/lib/python3.12/site-packages/airflow/example_dags/example_branch_python_dop_operator_3.py
[2024-10-03T11:22:04.110+0000] {logging_mixin.py:190} INFO - [2024-10-03T11:22:04.110+0000] {dag.py:3239} INFO - Sync 1 DAGs
[2024-10-03T11:22:04.122+0000] {logging_mixin.py:190} INFO - [2024-10-03T11:22:04.122+0000] {dag.py:4180} INFO - Setting next_dagrun for example_branch_dop_operator_v3 to 2024-10-03 11:21:00+00:00, run_after=2024-10-03 11:22:00+00:00
[2024-10-03T11:22:04.130+0000] {processor.py:208} INFO - Processing /home/airflow/.local/lib/python3.12/site-packages/airflow/example_dags/example_branch_python_dop_operator_3.py took 0.041 seconds
[2024-10-03T11:22:34.702+0000] {processor.py:186} INFO - Started process (PID=2120) to work on /home/airflow/.local/lib/python3.12/site-packages/airflow/example_dags/example_branch_python_dop_operator_3.py
[2024-10-03T11:22:34.702+0000] {processor.py:914} INFO - Processing file /home/airflow/.local/lib/python3.12/site-packages/airflow/example_dags/example_branch_python_dop_operator_3.py for tasks to queue
[2024-10-03T11:22:34.704+0000] {logging_mixin.py:190} INFO - [2024-10-03T11:22:34.704+0000] {dagbag.py:588} INFO - Filling up the DagBag from /home/airflow/.local/lib/python3.12/site-packages/airflow/example_dags/example_branch_python_dop_operator_3.py
[2024-10-03T11:22:34.710+0000] {processor.py:925} INFO - DAG(s) 'example_branch_dop_operator_v3' retrieved from /home/airflow/.local/lib/python3.12/site-packages/airflow/example_dags/example_branch_python_dop_operator_3.py
[2024-10-03T11:22:34.720+0000] {logging_mixin.py:190} INFO - [2024-10-03T11:22:34.720+0000] {dag.py:3239} INFO - Sync 1 DAGs
[2024-10-03T11:22:34.733+0000] {logging_mixin.py:190} INFO - [2024-10-03T11:22:34.733+0000] {dag.py:4180} INFO - Setting next_dagrun for example_branch_dop_operator_v3 to 2024-10-03 11:21:00+00:00, run_after=2024-10-03 11:22:00+00:00
[2024-10-03T11:22:34.746+0000] {processor.py:208} INFO - Processing /home/airflow/.local/lib/python3.12/site-packages/airflow/example_dags/example_branch_python_dop_operator_3.py took 0.048 seconds
[2024-10-03T11:23:05.132+0000] {processor.py:186} INFO - Started process (PID=2404) to work on /home/airflow/.local/lib/python3.12/site-packages/airflow/example_dags/example_branch_python_dop_operator_3.py
[2024-10-03T11:23:05.133+0000] {processor.py:914} INFO - Processing file /home/airflow/.local/lib/python3.12/site-packages/airflow/example_dags/example_branch_python_dop_operator_3.py for tasks to queue
[2024-10-03T11:23:05.134+0000] {logging_mixin.py:190} INFO - [2024-10-03T11:23:05.134+0000] {dagbag.py:588} INFO - Filling up the DagBag from /home/airflow/.local/lib/python3.12/site-packages/airflow/example_dags/example_branch_python_dop_operator_3.py
[2024-10-03T11:23:05.140+0000] {processor.py:925} INFO - DAG(s) 'example_branch_dop_operator_v3' retrieved from /home/airflow/.local/lib/python3.12/site-packages/airflow/example_dags/example_branch_python_dop_operator_3.py
[2024-10-03T11:23:05.151+0000] {logging_mixin.py:190} INFO - [2024-10-03T11:23:05.151+0000] {dag.py:3239} INFO - Sync 1 DAGs
[2024-10-03T11:23:05.163+0000] {logging_mixin.py:190} INFO - [2024-10-03T11:23:05.163+0000] {dag.py:4180} INFO - Setting next_dagrun for example_branch_dop_operator_v3 to 2024-10-03 11:22:00+00:00, run_after=2024-10-03 11:23:00+00:00
[2024-10-03T11:23:05.173+0000] {processor.py:208} INFO - Processing /home/airflow/.local/lib/python3.12/site-packages/airflow/example_dags/example_branch_python_dop_operator_3.py took 0.045 seconds
[2024-10-03T11:23:35.442+0000] {processor.py:186} INFO - Started process (PID=2690) to work on /home/airflow/.local/lib/python3.12/site-packages/airflow/example_dags/example_branch_python_dop_operator_3.py
[2024-10-03T11:23:35.442+0000] {processor.py:914} INFO - Processing file /home/airflow/.local/lib/python3.12/site-packages/airflow/example_dags/example_branch_python_dop_operator_3.py for tasks to queue
[2024-10-03T11:23:35.444+0000] {logging_mixin.py:190} INFO - [2024-10-03T11:23:35.444+0000] {dagbag.py:588} INFO - Filling up the DagBag from /home/airflow/.local/lib/python3.12/site-packages/airflow/example_dags/example_branch_python_dop_operator_3.py
[2024-10-03T11:23:35.449+0000] {processor.py:925} INFO - DAG(s) 'example_branch_dop_operator_v3' retrieved from /home/airflow/.local/lib/python3.12/site-packages/airflow/example_dags/example_branch_python_dop_operator_3.py
[2024-10-03T11:23:35.459+0000] {logging_mixin.py:190} INFO - [2024-10-03T11:23:35.458+0000] {dag.py:3239} INFO - Sync 1 DAGs
[2024-10-03T11:23:35.471+0000] {logging_mixin.py:190} INFO - [2024-10-03T11:23:35.470+0000] {dag.py:4180} INFO - Setting next_dagrun for example_branch_dop_operator_v3 to 2024-10-03 11:22:00+00:00, run_after=2024-10-03 11:23:00+00:00
[2024-10-03T11:23:35.479+0000] {processor.py:208} INFO - Processing /home/airflow/.local/lib/python3.12/site-packages/airflow/example_dags/example_branch_python_dop_operator_3.py took 0.041 seconds
[2024-10-03T11:24:05.823+0000] {processor.py:186} INFO - Started process (PID=2978) to work on /home/airflow/.local/lib/python3.12/site-packages/airflow/example_dags/example_branch_python_dop_operator_3.py
[2024-10-03T11:24:05.824+0000] {processor.py:914} INFO - Processing file /home/airflow/.local/lib/python3.12/site-packages/airflow/example_dags/example_branch_python_dop_operator_3.py for tasks to queue
[2024-10-03T11:24:05.825+0000] {logging_mixin.py:190} INFO - [2024-10-03T11:24:05.825+0000] {dagbag.py:588} INFO - Filling up the DagBag from /home/airflow/.local/lib/python3.12/site-packages/airflow/example_dags/example_branch_python_dop_operator_3.py
[2024-10-03T11:24:05.831+0000] {processor.py:925} INFO - DAG(s) 'example_branch_dop_operator_v3' retrieved from /home/airflow/.local/lib/python3.12/site-packages/airflow/example_dags/example_branch_python_dop_operator_3.py
[2024-10-03T11:24:05.842+0000] {logging_mixin.py:190} INFO - [2024-10-03T11:24:05.842+0000] {dag.py:3239} INFO - Sync 1 DAGs
[2024-10-03T11:24:05.854+0000] {logging_mixin.py:190} INFO - [2024-10-03T11:24:05.854+0000] {dag.py:4180} INFO - Setting next_dagrun for example_branch_dop_operator_v3 to 2024-10-03 11:23:00+00:00, run_after=2024-10-03 11:24:00+00:00
[2024-10-03T11:24:05.862+0000] {processor.py:208} INFO - Processing /home/airflow/.local/lib/python3.12/site-packages/airflow/example_dags/example_branch_python_dop_operator_3.py took 0.042 seconds
[2024-10-03T11:24:36.450+0000] {processor.py:186} INFO - Started process (PID=3264) to work on /home/airflow/.local/lib/python3.12/site-packages/airflow/example_dags/example_branch_python_dop_operator_3.py
[2024-10-03T11:24:36.451+0000] {processor.py:914} INFO - Processing file /home/airflow/.local/lib/python3.12/site-packages/airflow/example_dags/example_branch_python_dop_operator_3.py for tasks to queue
[2024-10-03T11:24:36.453+0000] {logging_mixin.py:190} INFO - [2024-10-03T11:24:36.453+0000] {dagbag.py:588} INFO - Filling up the DagBag from /home/airflow/.local/lib/python3.12/site-packages/airflow/example_dags/example_branch_python_dop_operator_3.py
[2024-10-03T11:24:36.460+0000] {processor.py:925} INFO - DAG(s) 'example_branch_dop_operator_v3' retrieved from /home/airflow/.local/lib/python3.12/site-packages/airflow/example_dags/example_branch_python_dop_operator_3.py
[2024-10-03T11:24:36.472+0000] {logging_mixin.py:190} INFO - [2024-10-03T11:24:36.471+0000] {dag.py:3239} INFO - Sync 1 DAGs
[2024-10-03T11:24:36.484+0000] {logging_mixin.py:190} INFO - [2024-10-03T11:24:36.483+0000] {dag.py:4180} INFO - Setting next_dagrun for example_branch_dop_operator_v3 to 2024-10-03 11:23:00+00:00, run_after=2024-10-03 11:24:00+00:00
[2024-10-03T11:24:36.492+0000] {processor.py:208} INFO - Processing /home/airflow/.local/lib/python3.12/site-packages/airflow/example_dags/example_branch_python_dop_operator_3.py took 0.045 seconds
[2024-10-03T11:25:06.954+0000] {processor.py:186} INFO - Started process (PID=3550) to work on /home/airflow/.local/lib/python3.12/site-packages/airflow/example_dags/example_branch_python_dop_operator_3.py
[2024-10-03T11:25:06.955+0000] {processor.py:914} INFO - Processing file /home/airflow/.local/lib/python3.12/site-packages/airflow/example_dags/example_branch_python_dop_operator_3.py for tasks to queue
[2024-10-03T11:25:06.956+0000] {logging_mixin.py:190} INFO - [2024-10-03T11:25:06.956+0000] {dagbag.py:588} INFO - Filling up the DagBag from /home/airflow/.local/lib/python3.12/site-packages/airflow/example_dags/example_branch_python_dop_operator_3.py
[2024-10-03T11:25:06.962+0000] {processor.py:925} INFO - DAG(s) 'example_branch_dop_operator_v3' retrieved from /home/airflow/.local/lib/python3.12/site-packages/airflow/example_dags/example_branch_python_dop_operator_3.py
[2024-10-03T11:25:06.974+0000] {logging_mixin.py:190} INFO - [2024-10-03T11:25:06.974+0000] {dag.py:3239} INFO - Sync 1 DAGs
[2024-10-03T11:25:06.987+0000] {logging_mixin.py:190} INFO - [2024-10-03T11:25:06.987+0000] {dag.py:4180} INFO - Setting next_dagrun for example_branch_dop_operator_v3 to 2024-10-03 11:24:00+00:00, run_after=2024-10-03 11:25:00+00:00
[2024-10-03T11:25:06.997+0000] {processor.py:208} INFO - Processing /home/airflow/.local/lib/python3.12/site-packages/airflow/example_dags/example_branch_python_dop_operator_3.py took 0.047 seconds
[2024-10-03T11:25:37.396+0000] {processor.py:186} INFO - Started process (PID=3834) to work on /home/airflow/.local/lib/python3.12/site-packages/airflow/example_dags/example_branch_python_dop_operator_3.py
[2024-10-03T11:25:37.397+0000] {processor.py:914} INFO - Processing file /home/airflow/.local/lib/python3.12/site-packages/airflow/example_dags/example_branch_python_dop_operator_3.py for tasks to queue
[2024-10-03T11:25:37.398+0000] {logging_mixin.py:190} INFO - [2024-10-03T11:25:37.398+0000] {dagbag.py:588} INFO - Filling up the DagBag from /home/airflow/.local/lib/python3.12/site-packages/airflow/example_dags/example_branch_python_dop_operator_3.py
[2024-10-03T11:25:37.404+0000] {processor.py:925} INFO - DAG(s) 'example_branch_dop_operator_v3' retrieved from /home/airflow/.local/lib/python3.12/site-packages/airflow/example_dags/example_branch_python_dop_operator_3.py
[2024-10-03T11:25:37.416+0000] {logging_mixin.py:190} INFO - [2024-10-03T11:25:37.415+0000] {dag.py:3239} INFO - Sync 1 DAGs
[2024-10-03T11:25:37.429+0000] {logging_mixin.py:190} INFO - [2024-10-03T11:25:37.429+0000] {dag.py:4180} INFO - Setting next_dagrun for example_branch_dop_operator_v3 to 2024-10-03 11:24:00+00:00, run_after=2024-10-03 11:25:00+00:00
[2024-10-03T11:25:37.440+0000] {processor.py:208} INFO - Processing /home/airflow/.local/lib/python3.12/site-packages/airflow/example_dags/example_branch_python_dop_operator_3.py took 0.048 seconds
[2024-10-03T11:26:07.915+0000] {processor.py:186} INFO - Started process (PID=4124) to work on /home/airflow/.local/lib/python3.12/site-packages/airflow/example_dags/example_branch_python_dop_operator_3.py
[2024-10-03T11:26:07.915+0000] {processor.py:914} INFO - Processing file /home/airflow/.local/lib/python3.12/site-packages/airflow/example_dags/example_branch_python_dop_operator_3.py for tasks to queue
[2024-10-03T11:26:07.917+0000] {logging_mixin.py:190} INFO - [2024-10-03T11:26:07.917+0000] {dagbag.py:588} INFO - Filling up the DagBag from /home/airflow/.local/lib/python3.12/site-packages/airflow/example_dags/example_branch_python_dop_operator_3.py
[2024-10-03T11:26:07.926+0000] {processor.py:925} INFO - DAG(s) 'example_branch_dop_operator_v3' retrieved from /home/airflow/.local/lib/python3.12/site-packages/airflow/example_dags/example_branch_python_dop_operator_3.py
[2024-10-03T11:26:07.937+0000] {logging_mixin.py:190} INFO - [2024-10-03T11:26:07.937+0000] {dag.py:3239} INFO - Sync 1 DAGs
[2024-10-03T11:26:07.950+0000] {logging_mixin.py:190} INFO - [2024-10-03T11:26:07.950+0000] {dag.py:4180} INFO - Setting next_dagrun for example_branch_dop_operator_v3 to 2024-10-03 11:25:00+00:00, run_after=2024-10-03 11:26:00+00:00
[2024-10-03T11:26:07.961+0000] {processor.py:208} INFO - Processing /home/airflow/.local/lib/python3.12/site-packages/airflow/example_dags/example_branch_python_dop_operator_3.py took 0.051 seconds
[2024-10-03T11:26:38.336+0000] {processor.py:186} INFO - Started process (PID=4410) to work on /home/airflow/.local/lib/python3.12/site-packages/airflow/example_dags/example_branch_python_dop_operator_3.py
[2024-10-03T11:26:38.337+0000] {processor.py:914} INFO - Processing file /home/airflow/.local/lib/python3.12/site-packages/airflow/example_dags/example_branch_python_dop_operator_3.py for tasks to queue
[2024-10-03T11:26:38.338+0000] {logging_mixin.py:190} INFO - [2024-10-03T11:26:38.338+0000] {dagbag.py:588} INFO - Filling up the DagBag from /home/airflow/.local/lib/python3.12/site-packages/airflow/example_dags/example_branch_python_dop_operator_3.py
[2024-10-03T11:26:38.344+0000] {processor.py:925} INFO - DAG(s) 'example_branch_dop_operator_v3' retrieved from /home/airflow/.local/lib/python3.12/site-packages/airflow/example_dags/example_branch_python_dop_operator_3.py
[2024-10-03T11:26:38.354+0000] {logging_mixin.py:190} INFO - [2024-10-03T11:26:38.354+0000] {dag.py:3239} INFO - Sync 1 DAGs
[2024-10-03T11:26:38.367+0000] {logging_mixin.py:190} INFO - [2024-10-03T11:26:38.366+0000] {dag.py:4180} INFO - Setting next_dagrun for example_branch_dop_operator_v3 to 2024-10-03 11:25:00+00:00, run_after=2024-10-03 11:26:00+00:00
[2024-10-03T11:26:38.376+0000] {processor.py:208} INFO - Processing /home/airflow/.local/lib/python3.12/site-packages/airflow/example_dags/example_branch_python_dop_operator_3.py took 0.043 seconds
[2024-10-03T11:27:08.754+0000] {processor.py:186} INFO - Started process (PID=4696) to work on /home/airflow/.local/lib/python3.12/site-packages/airflow/example_dags/example_branch_python_dop_operator_3.py
[2024-10-03T11:27:08.755+0000] {processor.py:914} INFO - Processing file /home/airflow/.local/lib/python3.12/site-packages/airflow/example_dags/example_branch_python_dop_operator_3.py for tasks to queue
[2024-10-03T11:27:08.756+0000] {logging_mixin.py:190} INFO - [2024-10-03T11:27:08.756+0000] {dagbag.py:588} INFO - Filling up the DagBag from /home/airflow/.local/lib/python3.12/site-packages/airflow/example_dags/example_branch_python_dop_operator_3.py
[2024-10-03T11:27:08.762+0000] {processor.py:925} INFO - DAG(s) 'example_branch_dop_operator_v3' retrieved from /home/airflow/.local/lib/python3.12/site-packages/airflow/example_dags/example_branch_python_dop_operator_3.py
[2024-10-03T11:27:08.772+0000] {logging_mixin.py:190} INFO - [2024-10-03T11:27:08.772+0000] {dag.py:3239} INFO - Sync 1 DAGs
[2024-10-03T11:27:08.784+0000] {logging_mixin.py:190} INFO - [2024-10-03T11:27:08.784+0000] {dag.py:4180} INFO - Setting next_dagrun for example_branch_dop_operator_v3 to 2024-10-03 11:26:00+00:00, run_after=2024-10-03 11:27:00+00:00
[2024-10-03T11:27:08.792+0000] {processor.py:208} INFO - Processing /home/airflow/.local/lib/python3.12/site-packages/airflow/example_dags/example_branch_python_dop_operator_3.py took 0.042 seconds
[2024-10-03T11:27:39.135+0000] {processor.py:186} INFO - Started process (PID=4982) to work on /home/airflow/.local/lib/python3.12/site-packages/airflow/example_dags/example_branch_python_dop_operator_3.py
[2024-10-03T11:27:39.136+0000] {processor.py:914} INFO - Processing file /home/airflow/.local/lib/python3.12/site-packages/airflow/example_dags/example_branch_python_dop_operator_3.py for tasks to queue
[2024-10-03T11:27:39.137+0000] {logging_mixin.py:190} INFO - [2024-10-03T11:27:39.137+0000] {dagbag.py:588} INFO - Filling up the DagBag from /home/airflow/.local/lib/python3.12/site-packages/airflow/example_dags/example_branch_python_dop_operator_3.py
[2024-10-03T11:27:39.143+0000] {processor.py:925} INFO - DAG(s) 'example_branch_dop_operator_v3' retrieved from /home/airflow/.local/lib/python3.12/site-packages/airflow/example_dags/example_branch_python_dop_operator_3.py
[2024-10-03T11:27:39.154+0000] {logging_mixin.py:190} INFO - [2024-10-03T11:27:39.154+0000] {dag.py:3239} INFO - Sync 1 DAGs
[2024-10-03T11:27:39.167+0000] {logging_mixin.py:190} INFO - [2024-10-03T11:27:39.167+0000] {dag.py:4180} INFO - Setting next_dagrun for example_branch_dop_operator_v3 to 2024-10-03 11:26:00+00:00, run_after=2024-10-03 11:27:00+00:00
[2024-10-03T11:27:39.178+0000] {processor.py:208} INFO - Processing /home/airflow/.local/lib/python3.12/site-packages/airflow/example_dags/example_branch_python_dop_operator_3.py took 0.047 seconds
[2024-10-03T11:28:09.524+0000] {processor.py:186} INFO - Started process (PID=5268) to work on /home/airflow/.local/lib/python3.12/site-packages/airflow/example_dags/example_branch_python_dop_operator_3.py
[2024-10-03T11:28:09.525+0000] {processor.py:914} INFO - Processing file /home/airflow/.local/lib/python3.12/site-packages/airflow/example_dags/example_branch_python_dop_operator_3.py for tasks to queue
[2024-10-03T11:28:09.526+0000] {logging_mixin.py:190} INFO - [2024-10-03T11:28:09.526+0000] {dagbag.py:588} INFO - Filling up the DagBag from /home/airflow/.local/lib/python3.12/site-packages/airflow/example_dags/example_branch_python_dop_operator_3.py
[2024-10-03T11:28:09.532+0000] {processor.py:925} INFO - DAG(s) 'example_branch_dop_operator_v3' retrieved from /home/airflow/.local/lib/python3.12/site-packages/airflow/example_dags/example_branch_python_dop_operator_3.py
[2024-10-03T11:28:09.543+0000] {logging_mixin.py:190} INFO - [2024-10-03T11:28:09.543+0000] {dag.py:3239} INFO - Sync 1 DAGs
[2024-10-03T11:28:09.557+0000] {logging_mixin.py:190} INFO - [2024-10-03T11:28:09.557+0000] {dag.py:4180} INFO - Setting next_dagrun for example_branch_dop_operator_v3 to 2024-10-03 11:27:00+00:00, run_after=2024-10-03 11:28:00+00:00
[2024-10-03T11:28:09.567+0000] {processor.py:208} INFO - Processing /home/airflow/.local/lib/python3.12/site-packages/airflow/example_dags/example_branch_python_dop_operator_3.py took 0.046 seconds
[2024-10-03T11:28:39.796+0000] {processor.py:186} INFO - Started process (PID=5554) to work on /home/airflow/.local/lib/python3.12/site-packages/airflow/example_dags/example_branch_python_dop_operator_3.py
[2024-10-03T11:28:39.797+0000] {processor.py:914} INFO - Processing file /home/airflow/.local/lib/python3.12/site-packages/airflow/example_dags/example_branch_python_dop_operator_3.py for tasks to queue
[2024-10-03T11:28:39.798+0000] {logging_mixin.py:190} INFO - [2024-10-03T11:28:39.798+0000] {dagbag.py:588} INFO - Filling up the DagBag from /home/airflow/.local/lib/python3.12/site-packages/airflow/example_dags/example_branch_python_dop_operator_3.py
[2024-10-03T11:28:39.804+0000] {processor.py:925} INFO - DAG(s) 'example_branch_dop_operator_v3' retrieved from /home/airflow/.local/lib/python3.12/site-packages/airflow/example_dags/example_branch_python_dop_operator_3.py
[2024-10-03T11:28:39.815+0000] {logging_mixin.py:190} INFO - [2024-10-03T11:28:39.815+0000] {dag.py:3239} INFO - Sync 1 DAGs
[2024-10-03T11:28:39.828+0000] {logging_mixin.py:190} INFO - [2024-10-03T11:28:39.828+0000] {dag.py:4180} INFO - Setting next_dagrun for example_branch_dop_operator_v3 to 2024-10-03 11:27:00+00:00, run_after=2024-10-03 11:28:00+00:00
[2024-10-03T11:28:39.839+0000] {processor.py:208} INFO - Processing /home/airflow/.local/lib/python3.12/site-packages/airflow/example_dags/example_branch_python_dop_operator_3.py took 0.046 seconds
[2024-10-03T11:29:10.056+0000] {processor.py:186} INFO - Started process (PID=5866) to work on /home/airflow/.local/lib/python3.12/site-packages/airflow/example_dags/example_branch_python_dop_operator_3.py
[2024-10-03T11:29:10.057+0000] {processor.py:914} INFO - Processing file /home/airflow/.local/lib/python3.12/site-packages/airflow/example_dags/example_branch_python_dop_operator_3.py for tasks to queue
[2024-10-03T11:29:10.058+0000] {logging_mixin.py:190} INFO - [2024-10-03T11:29:10.058+0000] {dagbag.py:588} INFO - Filling up the DagBag from /home/airflow/.local/lib/python3.12/site-packages/airflow/example_dags/example_branch_python_dop_operator_3.py
[2024-10-03T11:29:10.064+0000] {processor.py:925} INFO - DAG(s) 'example_branch_dop_operator_v3' retrieved from /home/airflow/.local/lib/python3.12/site-packages/airflow/example_dags/example_branch_python_dop_operator_3.py
[2024-10-03T11:29:10.075+0000] {logging_mixin.py:190} INFO - [2024-10-03T11:29:10.075+0000] {dag.py:3239} INFO - Sync 1 DAGs
[2024-10-03T11:29:10.086+0000] {logging_mixin.py:190} INFO - [2024-10-03T11:29:10.086+0000] {dag.py:4180} INFO - Setting next_dagrun for example_branch_dop_operator_v3 to 2024-10-03 11:28:00+00:00, run_after=2024-10-03 11:29:00+00:00
[2024-10-03T11:29:10.095+0000] {processor.py:208} INFO - Processing /home/airflow/.local/lib/python3.12/site-packages/airflow/example_dags/example_branch_python_dop_operator_3.py took 0.042 seconds
[2024-10-03T11:29:40.361+0000] {processor.py:186} INFO - Started process (PID=6150) to work on /home/airflow/.local/lib/python3.12/site-packages/airflow/example_dags/example_branch_python_dop_operator_3.py
[2024-10-03T11:29:40.362+0000] {processor.py:914} INFO - Processing file /home/airflow/.local/lib/python3.12/site-packages/airflow/example_dags/example_branch_python_dop_operator_3.py for tasks to queue
[2024-10-03T11:29:40.363+0000] {logging_mixin.py:190} INFO - [2024-10-03T11:29:40.363+0000] {dagbag.py:588} INFO - Filling up the DagBag from /home/airflow/.local/lib/python3.12/site-packages/airflow/example_dags/example_branch_python_dop_operator_3.py
[2024-10-03T11:29:40.369+0000] {processor.py:925} INFO - DAG(s) 'example_branch_dop_operator_v3' retrieved from /home/airflow/.local/lib/python3.12/site-packages/airflow/example_dags/example_branch_python_dop_operator_3.py
[2024-10-03T11:29:40.381+0000] {logging_mixin.py:190} INFO - [2024-10-03T11:29:40.381+0000] {dag.py:3239} INFO - Sync 1 DAGs
[2024-10-03T11:29:40.396+0000] {logging_mixin.py:190} INFO - [2024-10-03T11:29:40.396+0000] {dag.py:4180} INFO - Setting next_dagrun for example_branch_dop_operator_v3 to 2024-10-03 11:28:00+00:00, run_after=2024-10-03 11:29:00+00:00
[2024-10-03T11:29:40.406+0000] {processor.py:208} INFO - Processing /home/airflow/.local/lib/python3.12/site-packages/airflow/example_dags/example_branch_python_dop_operator_3.py took 0.048 seconds
[2024-10-03T11:30:10.830+0000] {processor.py:186} INFO - Started process (PID=6436) to work on /home/airflow/.local/lib/python3.12/site-packages/airflow/example_dags/example_branch_python_dop_operator_3.py
[2024-10-03T11:30:10.831+0000] {processor.py:914} INFO - Processing file /home/airflow/.local/lib/python3.12/site-packages/airflow/example_dags/example_branch_python_dop_operator_3.py for tasks to queue
[2024-10-03T11:30:10.832+0000] {logging_mixin.py:190} INFO - [2024-10-03T11:30:10.832+0000] {dagbag.py:588} INFO - Filling up the DagBag from /home/airflow/.local/lib/python3.12/site-packages/airflow/example_dags/example_branch_python_dop_operator_3.py
[2024-10-03T11:30:10.838+0000] {processor.py:925} INFO - DAG(s) 'example_branch_dop_operator_v3' retrieved from /home/airflow/.local/lib/python3.12/site-packages/airflow/example_dags/example_branch_python_dop_operator_3.py
[2024-10-03T11:30:10.848+0000] {logging_mixin.py:190} INFO - [2024-10-03T11:30:10.848+0000] {dag.py:3239} INFO - Sync 1 DAGs
[2024-10-03T11:30:10.860+0000] {logging_mixin.py:190} INFO - [2024-10-03T11:30:10.860+0000] {dag.py:4180} INFO - Setting next_dagrun for example_branch_dop_operator_v3 to 2024-10-03 11:29:00+00:00, run_after=2024-10-03 11:30:00+00:00
[2024-10-03T11:30:10.869+0000] {processor.py:208} INFO - Processing /home/airflow/.local/lib/python3.12/site-packages/airflow/example_dags/example_branch_python_dop_operator_3.py took 0.042 seconds
[2024-10-03T11:30:41.084+0000] {processor.py:186} INFO - Started process (PID=6722) to work on /home/airflow/.local/lib/python3.12/site-packages/airflow/example_dags/example_branch_python_dop_operator_3.py
[2024-10-03T11:30:41.085+0000] {processor.py:914} INFO - Processing file /home/airflow/.local/lib/python3.12/site-packages/airflow/example_dags/example_branch_python_dop_operator_3.py for tasks to queue
[2024-10-03T11:30:41.086+0000] {logging_mixin.py:190} INFO - [2024-10-03T11:30:41.086+0000] {dagbag.py:588} INFO - Filling up the DagBag from /home/airflow/.local/lib/python3.12/site-packages/airflow/example_dags/example_branch_python_dop_operator_3.py
[2024-10-03T11:30:41.092+0000] {processor.py:925} INFO - DAG(s) 'example_branch_dop_operator_v3' retrieved from /home/airflow/.local/lib/python3.12/site-packages/airflow/example_dags/example_branch_python_dop_operator_3.py
[2024-10-03T11:30:41.103+0000] {logging_mixin.py:190} INFO - [2024-10-03T11:30:41.102+0000] {dag.py:3239} INFO - Sync 1 DAGs
[2024-10-03T11:30:41.115+0000] {logging_mixin.py:190} INFO - [2024-10-03T11:30:41.115+0000] {dag.py:4180} INFO - Setting next_dagrun for example_branch_dop_operator_v3 to 2024-10-03 11:29:00+00:00, run_after=2024-10-03 11:30:00+00:00
[2024-10-03T11:30:41.124+0000] {processor.py:208} INFO - Processing /home/airflow/.local/lib/python3.12/site-packages/airflow/example_dags/example_branch_python_dop_operator_3.py took 0.043 seconds
[2024-10-03T11:31:11.391+0000] {processor.py:186} INFO - Started process (PID=7008) to work on /home/airflow/.local/lib/python3.12/site-packages/airflow/example_dags/example_branch_python_dop_operator_3.py
[2024-10-03T11:31:11.392+0000] {processor.py:914} INFO - Processing file /home/airflow/.local/lib/python3.12/site-packages/airflow/example_dags/example_branch_python_dop_operator_3.py for tasks to queue
[2024-10-03T11:31:11.394+0000] {logging_mixin.py:190} INFO - [2024-10-03T11:31:11.393+0000] {dagbag.py:588} INFO - Filling up the DagBag from /home/airflow/.local/lib/python3.12/site-packages/airflow/example_dags/example_branch_python_dop_operator_3.py
[2024-10-03T11:31:11.400+0000] {processor.py:925} INFO - DAG(s) 'example_branch_dop_operator_v3' retrieved from /home/airflow/.local/lib/python3.12/site-packages/airflow/example_dags/example_branch_python_dop_operator_3.py
[2024-10-03T11:31:11.411+0000] {logging_mixin.py:190} INFO - [2024-10-03T11:31:11.411+0000] {dag.py:3239} INFO - Sync 1 DAGs
[2024-10-03T11:31:11.424+0000] {logging_mixin.py:190} INFO - [2024-10-03T11:31:11.424+0000] {dag.py:4180} INFO - Setting next_dagrun for example_branch_dop_operator_v3 to 2024-10-03 11:30:00+00:00, run_after=2024-10-03 11:31:00+00:00
[2024-10-03T11:31:11.434+0000] {processor.py:208} INFO - Processing /home/airflow/.local/lib/python3.12/site-packages/airflow/example_dags/example_branch_python_dop_operator_3.py took 0.046 seconds
