[2024-10-03T11:19:30.454+0000] {processor.py:186} INFO - Started process (PID=327) to work on /home/airflow/.local/lib/python3.12/site-packages/airflow/example_dags/example_dataset_alias_with_no_taskflow.py
[2024-10-03T11:19:30.455+0000] {processor.py:914} INFO - Processing file /home/airflow/.local/lib/python3.12/site-packages/airflow/example_dags/example_dataset_alias_with_no_taskflow.py for tasks to queue
[2024-10-03T11:19:30.456+0000] {logging_mixin.py:190} INFO - [2024-10-03T11:19:30.456+0000] {dagbag.py:588} INFO - Filling up the DagBag from /home/airflow/.local/lib/python3.12/site-packages/airflow/example_dags/example_dataset_alias_with_no_taskflow.py
[2024-10-03T11:19:30.549+0000] {processor.py:925} INFO - DAG(s) 'dataset_s3_bucket_producer_with_no_taskflow', 'dataset_alias_example_alias_consumer_with_no_taskflow', 'dataset_s3_bucket_consumer_with_no_taskflow', 'dataset_alias_example_alias_producer_with_no_taskflow' retrieved from /home/airflow/.local/lib/python3.12/site-packages/airflow/example_dags/example_dataset_alias_with_no_taskflow.py
[2024-10-03T11:19:30.611+0000] {logging_mixin.py:190} INFO - [2024-10-03T11:19:30.611+0000] {override.py:1900} INFO - Created Permission View: can delete on DAG:dataset_s3_bucket_producer_with_no_taskflow
[2024-10-03T11:19:30.619+0000] {logging_mixin.py:190} INFO - [2024-10-03T11:19:30.619+0000] {override.py:1900} INFO - Created Permission View: can read on DAG:dataset_s3_bucket_producer_with_no_taskflow
[2024-10-03T11:19:30.623+0000] {logging_mixin.py:190} INFO - [2024-10-03T11:19:30.623+0000] {override.py:1900} INFO - Created Permission View: can edit on DAG:dataset_s3_bucket_producer_with_no_taskflow
[2024-10-03T11:19:30.628+0000] {logging_mixin.py:190} INFO - [2024-10-03T11:19:30.627+0000] {override.py:1900} INFO - Created Permission View: can read on DAG Run:dataset_s3_bucket_producer_with_no_taskflow
[2024-10-03T11:19:30.631+0000] {logging_mixin.py:190} INFO - [2024-10-03T11:19:30.631+0000] {override.py:1900} INFO - Created Permission View: can create on DAG Run:dataset_s3_bucket_producer_with_no_taskflow
[2024-10-03T11:19:30.635+0000] {logging_mixin.py:190} INFO - [2024-10-03T11:19:30.635+0000] {override.py:1900} INFO - Created Permission View: menu access on DAG Run:dataset_s3_bucket_producer_with_no_taskflow
[2024-10-03T11:19:30.638+0000] {logging_mixin.py:190} INFO - [2024-10-03T11:19:30.638+0000] {override.py:1900} INFO - Created Permission View: can delete on DAG Run:dataset_s3_bucket_producer_with_no_taskflow
[2024-10-03T11:19:30.646+0000] {logging_mixin.py:190} INFO - [2024-10-03T11:19:30.646+0000] {override.py:1900} INFO - Created Permission View: can delete on DAG:dataset_alias_example_alias_consumer_with_no_taskflow
[2024-10-03T11:19:30.649+0000] {logging_mixin.py:190} INFO - [2024-10-03T11:19:30.649+0000] {override.py:1900} INFO - Created Permission View: can read on DAG:dataset_alias_example_alias_consumer_with_no_taskflow
[2024-10-03T11:19:30.652+0000] {logging_mixin.py:190} INFO - [2024-10-03T11:19:30.652+0000] {override.py:1900} INFO - Created Permission View: can edit on DAG:dataset_alias_example_alias_consumer_with_no_taskflow
[2024-10-03T11:19:30.656+0000] {logging_mixin.py:190} INFO - [2024-10-03T11:19:30.656+0000] {override.py:1900} INFO - Created Permission View: can read on DAG Run:dataset_alias_example_alias_consumer_with_no_taskflow
[2024-10-03T11:19:30.662+0000] {logging_mixin.py:190} INFO - [2024-10-03T11:19:30.662+0000] {override.py:1900} INFO - Created Permission View: can create on DAG Run:dataset_alias_example_alias_consumer_with_no_taskflow
[2024-10-03T11:19:30.665+0000] {logging_mixin.py:190} INFO - [2024-10-03T11:19:30.665+0000] {override.py:1900} INFO - Created Permission View: menu access on DAG Run:dataset_alias_example_alias_consumer_with_no_taskflow
[2024-10-03T11:19:30.668+0000] {logging_mixin.py:190} INFO - [2024-10-03T11:19:30.668+0000] {override.py:1900} INFO - Created Permission View: can delete on DAG Run:dataset_alias_example_alias_consumer_with_no_taskflow
[2024-10-03T11:19:30.674+0000] {logging_mixin.py:190} INFO - [2024-10-03T11:19:30.674+0000] {override.py:1900} INFO - Created Permission View: can delete on DAG:dataset_s3_bucket_consumer_with_no_taskflow
[2024-10-03T11:19:30.676+0000] {logging_mixin.py:190} INFO - [2024-10-03T11:19:30.676+0000] {override.py:1900} INFO - Created Permission View: can read on DAG:dataset_s3_bucket_consumer_with_no_taskflow
[2024-10-03T11:19:30.680+0000] {logging_mixin.py:190} INFO - [2024-10-03T11:19:30.680+0000] {override.py:1900} INFO - Created Permission View: can edit on DAG:dataset_s3_bucket_consumer_with_no_taskflow
[2024-10-03T11:19:30.683+0000] {logging_mixin.py:190} INFO - [2024-10-03T11:19:30.683+0000] {override.py:1900} INFO - Created Permission View: can read on DAG Run:dataset_s3_bucket_consumer_with_no_taskflow
[2024-10-03T11:19:30.685+0000] {logging_mixin.py:190} INFO - [2024-10-03T11:19:30.685+0000] {override.py:1900} INFO - Created Permission View: can create on DAG Run:dataset_s3_bucket_consumer_with_no_taskflow
[2024-10-03T11:19:30.689+0000] {logging_mixin.py:190} INFO - [2024-10-03T11:19:30.688+0000] {override.py:1900} INFO - Created Permission View: menu access on DAG Run:dataset_s3_bucket_consumer_with_no_taskflow
[2024-10-03T11:19:30.691+0000] {logging_mixin.py:190} INFO - [2024-10-03T11:19:30.691+0000] {override.py:1900} INFO - Created Permission View: can delete on DAG Run:dataset_s3_bucket_consumer_with_no_taskflow
[2024-10-03T11:19:30.698+0000] {logging_mixin.py:190} INFO - [2024-10-03T11:19:30.698+0000] {override.py:1900} INFO - Created Permission View: can delete on DAG:dataset_alias_example_alias_producer_with_no_taskflow
[2024-10-03T11:19:30.700+0000] {logging_mixin.py:190} INFO - [2024-10-03T11:19:30.700+0000] {override.py:1900} INFO - Created Permission View: can read on DAG:dataset_alias_example_alias_producer_with_no_taskflow
[2024-10-03T11:19:30.703+0000] {logging_mixin.py:190} INFO - [2024-10-03T11:19:30.703+0000] {override.py:1900} INFO - Created Permission View: can edit on DAG:dataset_alias_example_alias_producer_with_no_taskflow
[2024-10-03T11:19:30.706+0000] {logging_mixin.py:190} INFO - [2024-10-03T11:19:30.706+0000] {override.py:1900} INFO - Created Permission View: can read on DAG Run:dataset_alias_example_alias_producer_with_no_taskflow
[2024-10-03T11:19:30.709+0000] {logging_mixin.py:190} INFO - [2024-10-03T11:19:30.709+0000] {override.py:1900} INFO - Created Permission View: can create on DAG Run:dataset_alias_example_alias_producer_with_no_taskflow
[2024-10-03T11:19:30.714+0000] {logging_mixin.py:190} INFO - [2024-10-03T11:19:30.714+0000] {override.py:1900} INFO - Created Permission View: menu access on DAG Run:dataset_alias_example_alias_producer_with_no_taskflow
[2024-10-03T11:19:30.717+0000] {logging_mixin.py:190} INFO - [2024-10-03T11:19:30.717+0000] {override.py:1900} INFO - Created Permission View: can delete on DAG Run:dataset_alias_example_alias_producer_with_no_taskflow
[2024-10-03T11:19:30.717+0000] {logging_mixin.py:190} INFO - [2024-10-03T11:19:30.717+0000] {dag.py:3239} INFO - Sync 4 DAGs
[2024-10-03T11:19:30.724+0000] {logging_mixin.py:190} INFO - [2024-10-03T11:19:30.724+0000] {dag.py:3262} INFO - Creating ORM DAG for dataset_alias_example_alias_producer_with_no_taskflow
[2024-10-03T11:19:30.725+0000] {logging_mixin.py:190} INFO - [2024-10-03T11:19:30.724+0000] {dag.py:3262} INFO - Creating ORM DAG for dataset_alias_example_alias_consumer_with_no_taskflow
[2024-10-03T11:19:30.725+0000] {logging_mixin.py:190} INFO - [2024-10-03T11:19:30.725+0000] {dag.py:3262} INFO - Creating ORM DAG for dataset_s3_bucket_consumer_with_no_taskflow
[2024-10-03T11:19:30.726+0000] {logging_mixin.py:190} INFO - [2024-10-03T11:19:30.725+0000] {dag.py:3262} INFO - Creating ORM DAG for dataset_s3_bucket_producer_with_no_taskflow
[2024-10-03T11:19:30.731+0000] {logging_mixin.py:190} INFO - [2024-10-03T11:19:30.731+0000] {dag.py:4180} INFO - Setting next_dagrun for dataset_alias_example_alias_consumer_with_no_taskflow to None, run_after=None
[2024-10-03T11:19:30.731+0000] {logging_mixin.py:190} INFO - [2024-10-03T11:19:30.731+0000] {dag.py:4180} INFO - Setting next_dagrun for dataset_alias_example_alias_producer_with_no_taskflow to None, run_after=None
[2024-10-03T11:19:30.732+0000] {logging_mixin.py:190} INFO - [2024-10-03T11:19:30.732+0000] {dag.py:4180} INFO - Setting next_dagrun for dataset_s3_bucket_consumer_with_no_taskflow to None, run_after=None
[2024-10-03T11:19:30.732+0000] {logging_mixin.py:190} INFO - [2024-10-03T11:19:30.732+0000] {dag.py:4180} INFO - Setting next_dagrun for dataset_s3_bucket_producer_with_no_taskflow to None, run_after=None
[2024-10-03T11:19:30.747+0000] {processor.py:208} INFO - Processing /home/airflow/.local/lib/python3.12/site-packages/airflow/example_dags/example_dataset_alias_with_no_taskflow.py took 0.298 seconds
[2024-10-03T11:20:01.545+0000] {processor.py:186} INFO - Started process (PID=613) to work on /home/airflow/.local/lib/python3.12/site-packages/airflow/example_dags/example_dataset_alias_with_no_taskflow.py
[2024-10-03T11:20:01.546+0000] {processor.py:914} INFO - Processing file /home/airflow/.local/lib/python3.12/site-packages/airflow/example_dags/example_dataset_alias_with_no_taskflow.py for tasks to queue
[2024-10-03T11:20:01.549+0000] {logging_mixin.py:190} INFO - [2024-10-03T11:20:01.549+0000] {dagbag.py:588} INFO - Filling up the DagBag from /home/airflow/.local/lib/python3.12/site-packages/airflow/example_dags/example_dataset_alias_with_no_taskflow.py
[2024-10-03T11:20:01.639+0000] {processor.py:925} INFO - DAG(s) 'dataset_alias_example_alias_consumer_with_no_taskflow', 'dataset_s3_bucket_consumer_with_no_taskflow', 'dataset_alias_example_alias_producer_with_no_taskflow', 'dataset_s3_bucket_producer_with_no_taskflow' retrieved from /home/airflow/.local/lib/python3.12/site-packages/airflow/example_dags/example_dataset_alias_with_no_taskflow.py
[2024-10-03T11:20:01.650+0000] {logging_mixin.py:190} INFO - [2024-10-03T11:20:01.649+0000] {dag.py:3239} INFO - Sync 4 DAGs
[2024-10-03T11:20:01.661+0000] {logging_mixin.py:190} INFO - [2024-10-03T11:20:01.661+0000] {dag.py:4180} INFO - Setting next_dagrun for dataset_alias_example_alias_consumer_with_no_taskflow to None, run_after=None
[2024-10-03T11:20:01.663+0000] {logging_mixin.py:190} INFO - [2024-10-03T11:20:01.663+0000] {dag.py:4180} INFO - Setting next_dagrun for dataset_alias_example_alias_producer_with_no_taskflow to None, run_after=None
[2024-10-03T11:20:01.664+0000] {logging_mixin.py:190} INFO - [2024-10-03T11:20:01.664+0000] {dag.py:4180} INFO - Setting next_dagrun for dataset_s3_bucket_consumer_with_no_taskflow to None, run_after=None
[2024-10-03T11:20:01.664+0000] {logging_mixin.py:190} INFO - [2024-10-03T11:20:01.664+0000] {dag.py:4180} INFO - Setting next_dagrun for dataset_s3_bucket_producer_with_no_taskflow to None, run_after=None
[2024-10-03T11:20:01.676+0000] {processor.py:208} INFO - Processing /home/airflow/.local/lib/python3.12/site-packages/airflow/example_dags/example_dataset_alias_with_no_taskflow.py took 0.136 seconds
[2024-10-03T11:20:31.964+0000] {processor.py:186} INFO - Started process (PID=899) to work on /home/airflow/.local/lib/python3.12/site-packages/airflow/example_dags/example_dataset_alias_with_no_taskflow.py
[2024-10-03T11:20:31.965+0000] {processor.py:914} INFO - Processing file /home/airflow/.local/lib/python3.12/site-packages/airflow/example_dags/example_dataset_alias_with_no_taskflow.py for tasks to queue
[2024-10-03T11:20:31.967+0000] {logging_mixin.py:190} INFO - [2024-10-03T11:20:31.967+0000] {dagbag.py:588} INFO - Filling up the DagBag from /home/airflow/.local/lib/python3.12/site-packages/airflow/example_dags/example_dataset_alias_with_no_taskflow.py
[2024-10-03T11:20:32.046+0000] {processor.py:925} INFO - DAG(s) 'dataset_s3_bucket_producer_with_no_taskflow', 'dataset_s3_bucket_consumer_with_no_taskflow', 'dataset_alias_example_alias_consumer_with_no_taskflow', 'dataset_alias_example_alias_producer_with_no_taskflow' retrieved from /home/airflow/.local/lib/python3.12/site-packages/airflow/example_dags/example_dataset_alias_with_no_taskflow.py
[2024-10-03T11:20:32.058+0000] {logging_mixin.py:190} INFO - [2024-10-03T11:20:32.057+0000] {dag.py:3239} INFO - Sync 4 DAGs
[2024-10-03T11:20:32.069+0000] {logging_mixin.py:190} INFO - [2024-10-03T11:20:32.069+0000] {dag.py:4180} INFO - Setting next_dagrun for dataset_alias_example_alias_consumer_with_no_taskflow to None, run_after=None
[2024-10-03T11:20:32.071+0000] {logging_mixin.py:190} INFO - [2024-10-03T11:20:32.071+0000] {dag.py:4180} INFO - Setting next_dagrun for dataset_alias_example_alias_producer_with_no_taskflow to None, run_after=None
[2024-10-03T11:20:32.072+0000] {logging_mixin.py:190} INFO - [2024-10-03T11:20:32.072+0000] {dag.py:4180} INFO - Setting next_dagrun for dataset_s3_bucket_consumer_with_no_taskflow to None, run_after=None
[2024-10-03T11:20:32.072+0000] {logging_mixin.py:190} INFO - [2024-10-03T11:20:32.072+0000] {dag.py:4180} INFO - Setting next_dagrun for dataset_s3_bucket_producer_with_no_taskflow to None, run_after=None
[2024-10-03T11:20:32.082+0000] {processor.py:208} INFO - Processing /home/airflow/.local/lib/python3.12/site-packages/airflow/example_dags/example_dataset_alias_with_no_taskflow.py took 0.122 seconds
[2024-10-03T11:21:02.390+0000] {processor.py:186} INFO - Started process (PID=1185) to work on /home/airflow/.local/lib/python3.12/site-packages/airflow/example_dags/example_dataset_alias_with_no_taskflow.py
[2024-10-03T11:21:02.391+0000] {processor.py:914} INFO - Processing file /home/airflow/.local/lib/python3.12/site-packages/airflow/example_dags/example_dataset_alias_with_no_taskflow.py for tasks to queue
[2024-10-03T11:21:02.393+0000] {logging_mixin.py:190} INFO - [2024-10-03T11:21:02.393+0000] {dagbag.py:588} INFO - Filling up the DagBag from /home/airflow/.local/lib/python3.12/site-packages/airflow/example_dags/example_dataset_alias_with_no_taskflow.py
[2024-10-03T11:21:02.468+0000] {processor.py:925} INFO - DAG(s) 'dataset_alias_example_alias_producer_with_no_taskflow', 'dataset_alias_example_alias_consumer_with_no_taskflow', 'dataset_s3_bucket_consumer_with_no_taskflow', 'dataset_s3_bucket_producer_with_no_taskflow' retrieved from /home/airflow/.local/lib/python3.12/site-packages/airflow/example_dags/example_dataset_alias_with_no_taskflow.py
[2024-10-03T11:21:02.480+0000] {logging_mixin.py:190} INFO - [2024-10-03T11:21:02.480+0000] {dag.py:3239} INFO - Sync 4 DAGs
[2024-10-03T11:21:02.492+0000] {logging_mixin.py:190} INFO - [2024-10-03T11:21:02.492+0000] {dag.py:4180} INFO - Setting next_dagrun for dataset_alias_example_alias_consumer_with_no_taskflow to None, run_after=None
[2024-10-03T11:21:02.493+0000] {logging_mixin.py:190} INFO - [2024-10-03T11:21:02.493+0000] {dag.py:4180} INFO - Setting next_dagrun for dataset_alias_example_alias_producer_with_no_taskflow to None, run_after=None
[2024-10-03T11:21:02.494+0000] {logging_mixin.py:190} INFO - [2024-10-03T11:21:02.494+0000] {dag.py:4180} INFO - Setting next_dagrun for dataset_s3_bucket_consumer_with_no_taskflow to None, run_after=None
[2024-10-03T11:21:02.495+0000] {logging_mixin.py:190} INFO - [2024-10-03T11:21:02.495+0000] {dag.py:4180} INFO - Setting next_dagrun for dataset_s3_bucket_producer_with_no_taskflow to None, run_after=None
[2024-10-03T11:21:02.506+0000] {processor.py:208} INFO - Processing /home/airflow/.local/lib/python3.12/site-packages/airflow/example_dags/example_dataset_alias_with_no_taskflow.py took 0.122 seconds
[2024-10-03T11:21:32.849+0000] {processor.py:186} INFO - Started process (PID=1471) to work on /home/airflow/.local/lib/python3.12/site-packages/airflow/example_dags/example_dataset_alias_with_no_taskflow.py
[2024-10-03T11:21:32.849+0000] {processor.py:914} INFO - Processing file /home/airflow/.local/lib/python3.12/site-packages/airflow/example_dags/example_dataset_alias_with_no_taskflow.py for tasks to queue
[2024-10-03T11:21:32.852+0000] {logging_mixin.py:190} INFO - [2024-10-03T11:21:32.851+0000] {dagbag.py:588} INFO - Filling up the DagBag from /home/airflow/.local/lib/python3.12/site-packages/airflow/example_dags/example_dataset_alias_with_no_taskflow.py
[2024-10-03T11:21:32.934+0000] {processor.py:925} INFO - DAG(s) 'dataset_s3_bucket_producer_with_no_taskflow', 'dataset_s3_bucket_consumer_with_no_taskflow', 'dataset_alias_example_alias_consumer_with_no_taskflow', 'dataset_alias_example_alias_producer_with_no_taskflow' retrieved from /home/airflow/.local/lib/python3.12/site-packages/airflow/example_dags/example_dataset_alias_with_no_taskflow.py
[2024-10-03T11:21:32.947+0000] {logging_mixin.py:190} INFO - [2024-10-03T11:21:32.947+0000] {dag.py:3239} INFO - Sync 4 DAGs
[2024-10-03T11:21:32.959+0000] {logging_mixin.py:190} INFO - [2024-10-03T11:21:32.959+0000] {dag.py:4180} INFO - Setting next_dagrun for dataset_alias_example_alias_consumer_with_no_taskflow to None, run_after=None
[2024-10-03T11:21:32.961+0000] {logging_mixin.py:190} INFO - [2024-10-03T11:21:32.960+0000] {dag.py:4180} INFO - Setting next_dagrun for dataset_alias_example_alias_producer_with_no_taskflow to None, run_after=None
[2024-10-03T11:21:32.962+0000] {logging_mixin.py:190} INFO - [2024-10-03T11:21:32.962+0000] {dag.py:4180} INFO - Setting next_dagrun for dataset_s3_bucket_consumer_with_no_taskflow to None, run_after=None
[2024-10-03T11:21:32.963+0000] {logging_mixin.py:190} INFO - [2024-10-03T11:21:32.963+0000] {dag.py:4180} INFO - Setting next_dagrun for dataset_s3_bucket_producer_with_no_taskflow to None, run_after=None
[2024-10-03T11:21:32.975+0000] {processor.py:208} INFO - Processing /home/airflow/.local/lib/python3.12/site-packages/airflow/example_dags/example_dataset_alias_with_no_taskflow.py took 0.131 seconds
[2024-10-03T11:22:03.344+0000] {processor.py:186} INFO - Started process (PID=1757) to work on /home/airflow/.local/lib/python3.12/site-packages/airflow/example_dags/example_dataset_alias_with_no_taskflow.py
[2024-10-03T11:22:03.345+0000] {processor.py:914} INFO - Processing file /home/airflow/.local/lib/python3.12/site-packages/airflow/example_dags/example_dataset_alias_with_no_taskflow.py for tasks to queue
[2024-10-03T11:22:03.347+0000] {logging_mixin.py:190} INFO - [2024-10-03T11:22:03.346+0000] {dagbag.py:588} INFO - Filling up the DagBag from /home/airflow/.local/lib/python3.12/site-packages/airflow/example_dags/example_dataset_alias_with_no_taskflow.py
[2024-10-03T11:22:03.420+0000] {processor.py:925} INFO - DAG(s) 'dataset_s3_bucket_consumer_with_no_taskflow', 'dataset_alias_example_alias_consumer_with_no_taskflow', 'dataset_alias_example_alias_producer_with_no_taskflow', 'dataset_s3_bucket_producer_with_no_taskflow' retrieved from /home/airflow/.local/lib/python3.12/site-packages/airflow/example_dags/example_dataset_alias_with_no_taskflow.py
[2024-10-03T11:22:03.431+0000] {logging_mixin.py:190} INFO - [2024-10-03T11:22:03.431+0000] {dag.py:3239} INFO - Sync 4 DAGs
[2024-10-03T11:22:03.442+0000] {logging_mixin.py:190} INFO - [2024-10-03T11:22:03.442+0000] {dag.py:4180} INFO - Setting next_dagrun for dataset_alias_example_alias_consumer_with_no_taskflow to None, run_after=None
[2024-10-03T11:22:03.443+0000] {logging_mixin.py:190} INFO - [2024-10-03T11:22:03.443+0000] {dag.py:4180} INFO - Setting next_dagrun for dataset_alias_example_alias_producer_with_no_taskflow to None, run_after=None
[2024-10-03T11:22:03.444+0000] {logging_mixin.py:190} INFO - [2024-10-03T11:22:03.444+0000] {dag.py:4180} INFO - Setting next_dagrun for dataset_s3_bucket_consumer_with_no_taskflow to None, run_after=None
[2024-10-03T11:22:03.444+0000] {logging_mixin.py:190} INFO - [2024-10-03T11:22:03.444+0000] {dag.py:4180} INFO - Setting next_dagrun for dataset_s3_bucket_producer_with_no_taskflow to None, run_after=None
[2024-10-03T11:22:03.454+0000] {processor.py:208} INFO - Processing /home/airflow/.local/lib/python3.12/site-packages/airflow/example_dags/example_dataset_alias_with_no_taskflow.py took 0.115 seconds
[2024-10-03T11:22:33.833+0000] {processor.py:186} INFO - Started process (PID=2043) to work on /home/airflow/.local/lib/python3.12/site-packages/airflow/example_dags/example_dataset_alias_with_no_taskflow.py
[2024-10-03T11:22:33.834+0000] {processor.py:914} INFO - Processing file /home/airflow/.local/lib/python3.12/site-packages/airflow/example_dags/example_dataset_alias_with_no_taskflow.py for tasks to queue
[2024-10-03T11:22:33.836+0000] {logging_mixin.py:190} INFO - [2024-10-03T11:22:33.836+0000] {dagbag.py:588} INFO - Filling up the DagBag from /home/airflow/.local/lib/python3.12/site-packages/airflow/example_dags/example_dataset_alias_with_no_taskflow.py
[2024-10-03T11:22:33.912+0000] {processor.py:925} INFO - DAG(s) 'dataset_s3_bucket_producer_with_no_taskflow', 'dataset_s3_bucket_consumer_with_no_taskflow', 'dataset_alias_example_alias_producer_with_no_taskflow', 'dataset_alias_example_alias_consumer_with_no_taskflow' retrieved from /home/airflow/.local/lib/python3.12/site-packages/airflow/example_dags/example_dataset_alias_with_no_taskflow.py
[2024-10-03T11:22:33.923+0000] {logging_mixin.py:190} INFO - [2024-10-03T11:22:33.923+0000] {dag.py:3239} INFO - Sync 4 DAGs
[2024-10-03T11:22:33.934+0000] {logging_mixin.py:190} INFO - [2024-10-03T11:22:33.934+0000] {dag.py:4180} INFO - Setting next_dagrun for dataset_alias_example_alias_consumer_with_no_taskflow to None, run_after=None
[2024-10-03T11:22:33.935+0000] {logging_mixin.py:190} INFO - [2024-10-03T11:22:33.935+0000] {dag.py:4180} INFO - Setting next_dagrun for dataset_alias_example_alias_producer_with_no_taskflow to None, run_after=None
[2024-10-03T11:22:33.936+0000] {logging_mixin.py:190} INFO - [2024-10-03T11:22:33.936+0000] {dag.py:4180} INFO - Setting next_dagrun for dataset_s3_bucket_consumer_with_no_taskflow to None, run_after=None
[2024-10-03T11:22:33.936+0000] {logging_mixin.py:190} INFO - [2024-10-03T11:22:33.936+0000] {dag.py:4180} INFO - Setting next_dagrun for dataset_s3_bucket_producer_with_no_taskflow to None, run_after=None
[2024-10-03T11:22:33.947+0000] {processor.py:208} INFO - Processing /home/airflow/.local/lib/python3.12/site-packages/airflow/example_dags/example_dataset_alias_with_no_taskflow.py took 0.121 seconds
[2024-10-03T11:23:04.447+0000] {processor.py:186} INFO - Started process (PID=2329) to work on /home/airflow/.local/lib/python3.12/site-packages/airflow/example_dags/example_dataset_alias_with_no_taskflow.py
[2024-10-03T11:23:04.448+0000] {processor.py:914} INFO - Processing file /home/airflow/.local/lib/python3.12/site-packages/airflow/example_dags/example_dataset_alias_with_no_taskflow.py for tasks to queue
[2024-10-03T11:23:04.450+0000] {logging_mixin.py:190} INFO - [2024-10-03T11:23:04.450+0000] {dagbag.py:588} INFO - Filling up the DagBag from /home/airflow/.local/lib/python3.12/site-packages/airflow/example_dags/example_dataset_alias_with_no_taskflow.py
[2024-10-03T11:23:04.524+0000] {processor.py:925} INFO - DAG(s) 'dataset_s3_bucket_producer_with_no_taskflow', 'dataset_alias_example_alias_producer_with_no_taskflow', 'dataset_s3_bucket_consumer_with_no_taskflow', 'dataset_alias_example_alias_consumer_with_no_taskflow' retrieved from /home/airflow/.local/lib/python3.12/site-packages/airflow/example_dags/example_dataset_alias_with_no_taskflow.py
[2024-10-03T11:23:04.535+0000] {logging_mixin.py:190} INFO - [2024-10-03T11:23:04.535+0000] {dag.py:3239} INFO - Sync 4 DAGs
[2024-10-03T11:23:04.546+0000] {logging_mixin.py:190} INFO - [2024-10-03T11:23:04.546+0000] {dag.py:4180} INFO - Setting next_dagrun for dataset_alias_example_alias_consumer_with_no_taskflow to None, run_after=None
[2024-10-03T11:23:04.547+0000] {logging_mixin.py:190} INFO - [2024-10-03T11:23:04.547+0000] {dag.py:4180} INFO - Setting next_dagrun for dataset_alias_example_alias_producer_with_no_taskflow to None, run_after=None
[2024-10-03T11:23:04.548+0000] {logging_mixin.py:190} INFO - [2024-10-03T11:23:04.548+0000] {dag.py:4180} INFO - Setting next_dagrun for dataset_s3_bucket_consumer_with_no_taskflow to None, run_after=None
[2024-10-03T11:23:04.548+0000] {logging_mixin.py:190} INFO - [2024-10-03T11:23:04.548+0000] {dag.py:4180} INFO - Setting next_dagrun for dataset_s3_bucket_producer_with_no_taskflow to None, run_after=None
[2024-10-03T11:23:04.558+0000] {processor.py:208} INFO - Processing /home/airflow/.local/lib/python3.12/site-packages/airflow/example_dags/example_dataset_alias_with_no_taskflow.py took 0.117 seconds
[2024-10-03T11:23:34.652+0000] {processor.py:186} INFO - Started process (PID=2615) to work on /home/airflow/.local/lib/python3.12/site-packages/airflow/example_dags/example_dataset_alias_with_no_taskflow.py
[2024-10-03T11:23:34.653+0000] {processor.py:914} INFO - Processing file /home/airflow/.local/lib/python3.12/site-packages/airflow/example_dags/example_dataset_alias_with_no_taskflow.py for tasks to queue
[2024-10-03T11:23:34.655+0000] {logging_mixin.py:190} INFO - [2024-10-03T11:23:34.655+0000] {dagbag.py:588} INFO - Filling up the DagBag from /home/airflow/.local/lib/python3.12/site-packages/airflow/example_dags/example_dataset_alias_with_no_taskflow.py
[2024-10-03T11:23:34.733+0000] {processor.py:925} INFO - DAG(s) 'dataset_s3_bucket_producer_with_no_taskflow', 'dataset_alias_example_alias_consumer_with_no_taskflow', 'dataset_s3_bucket_consumer_with_no_taskflow', 'dataset_alias_example_alias_producer_with_no_taskflow' retrieved from /home/airflow/.local/lib/python3.12/site-packages/airflow/example_dags/example_dataset_alias_with_no_taskflow.py
[2024-10-03T11:23:34.745+0000] {logging_mixin.py:190} INFO - [2024-10-03T11:23:34.745+0000] {dag.py:3239} INFO - Sync 4 DAGs
[2024-10-03T11:23:34.757+0000] {logging_mixin.py:190} INFO - [2024-10-03T11:23:34.757+0000] {dag.py:4180} INFO - Setting next_dagrun for dataset_alias_example_alias_consumer_with_no_taskflow to None, run_after=None
[2024-10-03T11:23:34.759+0000] {logging_mixin.py:190} INFO - [2024-10-03T11:23:34.759+0000] {dag.py:4180} INFO - Setting next_dagrun for dataset_alias_example_alias_producer_with_no_taskflow to None, run_after=None
[2024-10-03T11:23:34.760+0000] {logging_mixin.py:190} INFO - [2024-10-03T11:23:34.760+0000] {dag.py:4180} INFO - Setting next_dagrun for dataset_s3_bucket_consumer_with_no_taskflow to None, run_after=None
[2024-10-03T11:23:34.761+0000] {logging_mixin.py:190} INFO - [2024-10-03T11:23:34.761+0000] {dag.py:4180} INFO - Setting next_dagrun for dataset_s3_bucket_producer_with_no_taskflow to None, run_after=None
[2024-10-03T11:23:34.773+0000] {processor.py:208} INFO - Processing /home/airflow/.local/lib/python3.12/site-packages/airflow/example_dags/example_dataset_alias_with_no_taskflow.py took 0.127 seconds
[2024-10-03T11:24:05.062+0000] {processor.py:186} INFO - Started process (PID=2901) to work on /home/airflow/.local/lib/python3.12/site-packages/airflow/example_dags/example_dataset_alias_with_no_taskflow.py
[2024-10-03T11:24:05.063+0000] {processor.py:914} INFO - Processing file /home/airflow/.local/lib/python3.12/site-packages/airflow/example_dags/example_dataset_alias_with_no_taskflow.py for tasks to queue
[2024-10-03T11:24:05.066+0000] {logging_mixin.py:190} INFO - [2024-10-03T11:24:05.065+0000] {dagbag.py:588} INFO - Filling up the DagBag from /home/airflow/.local/lib/python3.12/site-packages/airflow/example_dags/example_dataset_alias_with_no_taskflow.py
[2024-10-03T11:24:05.139+0000] {processor.py:925} INFO - DAG(s) 'dataset_s3_bucket_consumer_with_no_taskflow', 'dataset_s3_bucket_producer_with_no_taskflow', 'dataset_alias_example_alias_consumer_with_no_taskflow', 'dataset_alias_example_alias_producer_with_no_taskflow' retrieved from /home/airflow/.local/lib/python3.12/site-packages/airflow/example_dags/example_dataset_alias_with_no_taskflow.py
[2024-10-03T11:24:05.150+0000] {logging_mixin.py:190} INFO - [2024-10-03T11:24:05.150+0000] {dag.py:3239} INFO - Sync 4 DAGs
[2024-10-03T11:24:05.161+0000] {logging_mixin.py:190} INFO - [2024-10-03T11:24:05.161+0000] {dag.py:4180} INFO - Setting next_dagrun for dataset_alias_example_alias_consumer_with_no_taskflow to None, run_after=None
[2024-10-03T11:24:05.163+0000] {logging_mixin.py:190} INFO - [2024-10-03T11:24:05.162+0000] {dag.py:4180} INFO - Setting next_dagrun for dataset_alias_example_alias_producer_with_no_taskflow to None, run_after=None
[2024-10-03T11:24:05.163+0000] {logging_mixin.py:190} INFO - [2024-10-03T11:24:05.163+0000] {dag.py:4180} INFO - Setting next_dagrun for dataset_s3_bucket_consumer_with_no_taskflow to None, run_after=None
[2024-10-03T11:24:05.164+0000] {logging_mixin.py:190} INFO - [2024-10-03T11:24:05.164+0000] {dag.py:4180} INFO - Setting next_dagrun for dataset_s3_bucket_producer_with_no_taskflow to None, run_after=None
[2024-10-03T11:24:05.174+0000] {processor.py:208} INFO - Processing /home/airflow/.local/lib/python3.12/site-packages/airflow/example_dags/example_dataset_alias_with_no_taskflow.py took 0.117 seconds
[2024-10-03T11:24:35.640+0000] {processor.py:186} INFO - Started process (PID=3187) to work on /home/airflow/.local/lib/python3.12/site-packages/airflow/example_dags/example_dataset_alias_with_no_taskflow.py
[2024-10-03T11:24:35.641+0000] {processor.py:914} INFO - Processing file /home/airflow/.local/lib/python3.12/site-packages/airflow/example_dags/example_dataset_alias_with_no_taskflow.py for tasks to queue
[2024-10-03T11:24:35.643+0000] {logging_mixin.py:190} INFO - [2024-10-03T11:24:35.643+0000] {dagbag.py:588} INFO - Filling up the DagBag from /home/airflow/.local/lib/python3.12/site-packages/airflow/example_dags/example_dataset_alias_with_no_taskflow.py
[2024-10-03T11:24:35.725+0000] {processor.py:925} INFO - DAG(s) 'dataset_s3_bucket_producer_with_no_taskflow', 'dataset_alias_example_alias_consumer_with_no_taskflow', 'dataset_s3_bucket_consumer_with_no_taskflow', 'dataset_alias_example_alias_producer_with_no_taskflow' retrieved from /home/airflow/.local/lib/python3.12/site-packages/airflow/example_dags/example_dataset_alias_with_no_taskflow.py
[2024-10-03T11:24:35.738+0000] {logging_mixin.py:190} INFO - [2024-10-03T11:24:35.737+0000] {dag.py:3239} INFO - Sync 4 DAGs
[2024-10-03T11:24:35.749+0000] {logging_mixin.py:190} INFO - [2024-10-03T11:24:35.749+0000] {dag.py:4180} INFO - Setting next_dagrun for dataset_alias_example_alias_consumer_with_no_taskflow to None, run_after=None
[2024-10-03T11:24:35.750+0000] {logging_mixin.py:190} INFO - [2024-10-03T11:24:35.750+0000] {dag.py:4180} INFO - Setting next_dagrun for dataset_alias_example_alias_producer_with_no_taskflow to None, run_after=None
[2024-10-03T11:24:35.751+0000] {logging_mixin.py:190} INFO - [2024-10-03T11:24:35.751+0000] {dag.py:4180} INFO - Setting next_dagrun for dataset_s3_bucket_consumer_with_no_taskflow to None, run_after=None
[2024-10-03T11:24:35.752+0000] {logging_mixin.py:190} INFO - [2024-10-03T11:24:35.751+0000] {dag.py:4180} INFO - Setting next_dagrun for dataset_s3_bucket_producer_with_no_taskflow to None, run_after=None
[2024-10-03T11:24:35.762+0000] {processor.py:208} INFO - Processing /home/airflow/.local/lib/python3.12/site-packages/airflow/example_dags/example_dataset_alias_with_no_taskflow.py took 0.129 seconds
[2024-10-03T11:25:06.168+0000] {processor.py:186} INFO - Started process (PID=3473) to work on /home/airflow/.local/lib/python3.12/site-packages/airflow/example_dags/example_dataset_alias_with_no_taskflow.py
[2024-10-03T11:25:06.169+0000] {processor.py:914} INFO - Processing file /home/airflow/.local/lib/python3.12/site-packages/airflow/example_dags/example_dataset_alias_with_no_taskflow.py for tasks to queue
[2024-10-03T11:25:06.170+0000] {logging_mixin.py:190} INFO - [2024-10-03T11:25:06.170+0000] {dagbag.py:588} INFO - Filling up the DagBag from /home/airflow/.local/lib/python3.12/site-packages/airflow/example_dags/example_dataset_alias_with_no_taskflow.py
[2024-10-03T11:25:06.248+0000] {processor.py:925} INFO - DAG(s) 'dataset_s3_bucket_consumer_with_no_taskflow', 'dataset_s3_bucket_producer_with_no_taskflow', 'dataset_alias_example_alias_consumer_with_no_taskflow', 'dataset_alias_example_alias_producer_with_no_taskflow' retrieved from /home/airflow/.local/lib/python3.12/site-packages/airflow/example_dags/example_dataset_alias_with_no_taskflow.py
[2024-10-03T11:25:06.260+0000] {logging_mixin.py:190} INFO - [2024-10-03T11:25:06.260+0000] {dag.py:3239} INFO - Sync 4 DAGs
[2024-10-03T11:25:06.271+0000] {logging_mixin.py:190} INFO - [2024-10-03T11:25:06.271+0000] {dag.py:4180} INFO - Setting next_dagrun for dataset_alias_example_alias_consumer_with_no_taskflow to None, run_after=None
[2024-10-03T11:25:06.273+0000] {logging_mixin.py:190} INFO - [2024-10-03T11:25:06.273+0000] {dag.py:4180} INFO - Setting next_dagrun for dataset_alias_example_alias_producer_with_no_taskflow to None, run_after=None
[2024-10-03T11:25:06.273+0000] {logging_mixin.py:190} INFO - [2024-10-03T11:25:06.273+0000] {dag.py:4180} INFO - Setting next_dagrun for dataset_s3_bucket_consumer_with_no_taskflow to None, run_after=None
[2024-10-03T11:25:06.274+0000] {logging_mixin.py:190} INFO - [2024-10-03T11:25:06.274+0000] {dag.py:4180} INFO - Setting next_dagrun for dataset_s3_bucket_producer_with_no_taskflow to None, run_after=None
[2024-10-03T11:25:06.285+0000] {processor.py:208} INFO - Processing /home/airflow/.local/lib/python3.12/site-packages/airflow/example_dags/example_dataset_alias_with_no_taskflow.py took 0.120 seconds
[2024-10-03T11:25:36.697+0000] {processor.py:186} INFO - Started process (PID=3759) to work on /home/airflow/.local/lib/python3.12/site-packages/airflow/example_dags/example_dataset_alias_with_no_taskflow.py
[2024-10-03T11:25:36.697+0000] {processor.py:914} INFO - Processing file /home/airflow/.local/lib/python3.12/site-packages/airflow/example_dags/example_dataset_alias_with_no_taskflow.py for tasks to queue
[2024-10-03T11:25:36.699+0000] {logging_mixin.py:190} INFO - [2024-10-03T11:25:36.698+0000] {dagbag.py:588} INFO - Filling up the DagBag from /home/airflow/.local/lib/python3.12/site-packages/airflow/example_dags/example_dataset_alias_with_no_taskflow.py
[2024-10-03T11:25:36.787+0000] {processor.py:925} INFO - DAG(s) 'dataset_alias_example_alias_consumer_with_no_taskflow', 'dataset_s3_bucket_producer_with_no_taskflow', 'dataset_s3_bucket_consumer_with_no_taskflow', 'dataset_alias_example_alias_producer_with_no_taskflow' retrieved from /home/airflow/.local/lib/python3.12/site-packages/airflow/example_dags/example_dataset_alias_with_no_taskflow.py
[2024-10-03T11:25:36.800+0000] {logging_mixin.py:190} INFO - [2024-10-03T11:25:36.799+0000] {dag.py:3239} INFO - Sync 4 DAGs
[2024-10-03T11:25:36.812+0000] {logging_mixin.py:190} INFO - [2024-10-03T11:25:36.811+0000] {dag.py:4180} INFO - Setting next_dagrun for dataset_alias_example_alias_consumer_with_no_taskflow to None, run_after=None
[2024-10-03T11:25:36.813+0000] {logging_mixin.py:190} INFO - [2024-10-03T11:25:36.813+0000] {dag.py:4180} INFO - Setting next_dagrun for dataset_alias_example_alias_producer_with_no_taskflow to None, run_after=None
[2024-10-03T11:25:36.814+0000] {logging_mixin.py:190} INFO - [2024-10-03T11:25:36.814+0000] {dag.py:4180} INFO - Setting next_dagrun for dataset_s3_bucket_consumer_with_no_taskflow to None, run_after=None
[2024-10-03T11:25:36.816+0000] {logging_mixin.py:190} INFO - [2024-10-03T11:25:36.816+0000] {dag.py:4180} INFO - Setting next_dagrun for dataset_s3_bucket_producer_with_no_taskflow to None, run_after=None
[2024-10-03T11:25:36.828+0000] {processor.py:208} INFO - Processing /home/airflow/.local/lib/python3.12/site-packages/airflow/example_dags/example_dataset_alias_with_no_taskflow.py took 0.134 seconds
[2024-10-03T11:26:07.095+0000] {processor.py:186} INFO - Started process (PID=4049) to work on /home/airflow/.local/lib/python3.12/site-packages/airflow/example_dags/example_dataset_alias_with_no_taskflow.py
[2024-10-03T11:26:07.096+0000] {processor.py:914} INFO - Processing file /home/airflow/.local/lib/python3.12/site-packages/airflow/example_dags/example_dataset_alias_with_no_taskflow.py for tasks to queue
[2024-10-03T11:26:07.099+0000] {logging_mixin.py:190} INFO - [2024-10-03T11:26:07.099+0000] {dagbag.py:588} INFO - Filling up the DagBag from /home/airflow/.local/lib/python3.12/site-packages/airflow/example_dags/example_dataset_alias_with_no_taskflow.py
[2024-10-03T11:26:07.222+0000] {processor.py:925} INFO - DAG(s) 'dataset_alias_example_alias_consumer_with_no_taskflow', 'dataset_alias_example_alias_producer_with_no_taskflow', 'dataset_s3_bucket_producer_with_no_taskflow', 'dataset_s3_bucket_consumer_with_no_taskflow' retrieved from /home/airflow/.local/lib/python3.12/site-packages/airflow/example_dags/example_dataset_alias_with_no_taskflow.py
[2024-10-03T11:26:07.235+0000] {logging_mixin.py:190} INFO - [2024-10-03T11:26:07.234+0000] {dag.py:3239} INFO - Sync 4 DAGs
[2024-10-03T11:26:07.246+0000] {logging_mixin.py:190} INFO - [2024-10-03T11:26:07.246+0000] {dag.py:4180} INFO - Setting next_dagrun for dataset_alias_example_alias_consumer_with_no_taskflow to None, run_after=None
[2024-10-03T11:26:07.248+0000] {logging_mixin.py:190} INFO - [2024-10-03T11:26:07.248+0000] {dag.py:4180} INFO - Setting next_dagrun for dataset_alias_example_alias_producer_with_no_taskflow to None, run_after=None
[2024-10-03T11:26:07.249+0000] {logging_mixin.py:190} INFO - [2024-10-03T11:26:07.249+0000] {dag.py:4180} INFO - Setting next_dagrun for dataset_s3_bucket_consumer_with_no_taskflow to None, run_after=None
[2024-10-03T11:26:07.250+0000] {logging_mixin.py:190} INFO - [2024-10-03T11:26:07.249+0000] {dag.py:4180} INFO - Setting next_dagrun for dataset_s3_bucket_producer_with_no_taskflow to None, run_after=None
[2024-10-03T11:26:07.260+0000] {processor.py:208} INFO - Processing /home/airflow/.local/lib/python3.12/site-packages/airflow/example_dags/example_dataset_alias_with_no_taskflow.py took 0.171 seconds
[2024-10-03T11:26:37.583+0000] {processor.py:186} INFO - Started process (PID=4340) to work on /home/airflow/.local/lib/python3.12/site-packages/airflow/example_dags/example_dataset_alias_with_no_taskflow.py
[2024-10-03T11:26:37.584+0000] {processor.py:914} INFO - Processing file /home/airflow/.local/lib/python3.12/site-packages/airflow/example_dags/example_dataset_alias_with_no_taskflow.py for tasks to queue
[2024-10-03T11:26:37.586+0000] {logging_mixin.py:190} INFO - [2024-10-03T11:26:37.586+0000] {dagbag.py:588} INFO - Filling up the DagBag from /home/airflow/.local/lib/python3.12/site-packages/airflow/example_dags/example_dataset_alias_with_no_taskflow.py
[2024-10-03T11:26:37.659+0000] {processor.py:925} INFO - DAG(s) 'dataset_alias_example_alias_producer_with_no_taskflow', 'dataset_s3_bucket_producer_with_no_taskflow', 'dataset_alias_example_alias_consumer_with_no_taskflow', 'dataset_s3_bucket_consumer_with_no_taskflow' retrieved from /home/airflow/.local/lib/python3.12/site-packages/airflow/example_dags/example_dataset_alias_with_no_taskflow.py
[2024-10-03T11:26:37.670+0000] {logging_mixin.py:190} INFO - [2024-10-03T11:26:37.670+0000] {dag.py:3239} INFO - Sync 4 DAGs
[2024-10-03T11:26:37.682+0000] {logging_mixin.py:190} INFO - [2024-10-03T11:26:37.682+0000] {dag.py:4180} INFO - Setting next_dagrun for dataset_alias_example_alias_consumer_with_no_taskflow to None, run_after=None
[2024-10-03T11:26:37.683+0000] {logging_mixin.py:190} INFO - [2024-10-03T11:26:37.683+0000] {dag.py:4180} INFO - Setting next_dagrun for dataset_alias_example_alias_producer_with_no_taskflow to None, run_after=None
[2024-10-03T11:26:37.684+0000] {logging_mixin.py:190} INFO - [2024-10-03T11:26:37.684+0000] {dag.py:4180} INFO - Setting next_dagrun for dataset_s3_bucket_consumer_with_no_taskflow to None, run_after=None
[2024-10-03T11:26:37.685+0000] {logging_mixin.py:190} INFO - [2024-10-03T11:26:37.685+0000] {dag.py:4180} INFO - Setting next_dagrun for dataset_s3_bucket_producer_with_no_taskflow to None, run_after=None
[2024-10-03T11:26:37.694+0000] {processor.py:208} INFO - Processing /home/airflow/.local/lib/python3.12/site-packages/airflow/example_dags/example_dataset_alias_with_no_taskflow.py took 0.117 seconds
[2024-10-03T11:27:08.042+0000] {processor.py:186} INFO - Started process (PID=4626) to work on /home/airflow/.local/lib/python3.12/site-packages/airflow/example_dags/example_dataset_alias_with_no_taskflow.py
[2024-10-03T11:27:08.043+0000] {processor.py:914} INFO - Processing file /home/airflow/.local/lib/python3.12/site-packages/airflow/example_dags/example_dataset_alias_with_no_taskflow.py for tasks to queue
[2024-10-03T11:27:08.045+0000] {logging_mixin.py:190} INFO - [2024-10-03T11:27:08.045+0000] {dagbag.py:588} INFO - Filling up the DagBag from /home/airflow/.local/lib/python3.12/site-packages/airflow/example_dags/example_dataset_alias_with_no_taskflow.py
[2024-10-03T11:27:08.121+0000] {processor.py:925} INFO - DAG(s) 'dataset_alias_example_alias_producer_with_no_taskflow', 'dataset_alias_example_alias_consumer_with_no_taskflow', 'dataset_s3_bucket_producer_with_no_taskflow', 'dataset_s3_bucket_consumer_with_no_taskflow' retrieved from /home/airflow/.local/lib/python3.12/site-packages/airflow/example_dags/example_dataset_alias_with_no_taskflow.py
[2024-10-03T11:27:08.132+0000] {logging_mixin.py:190} INFO - [2024-10-03T11:27:08.132+0000] {dag.py:3239} INFO - Sync 4 DAGs
[2024-10-03T11:27:08.144+0000] {logging_mixin.py:190} INFO - [2024-10-03T11:27:08.144+0000] {dag.py:4180} INFO - Setting next_dagrun for dataset_alias_example_alias_consumer_with_no_taskflow to None, run_after=None
[2024-10-03T11:27:08.146+0000] {logging_mixin.py:190} INFO - [2024-10-03T11:27:08.145+0000] {dag.py:4180} INFO - Setting next_dagrun for dataset_alias_example_alias_producer_with_no_taskflow to None, run_after=None
[2024-10-03T11:27:08.146+0000] {logging_mixin.py:190} INFO - [2024-10-03T11:27:08.146+0000] {dag.py:4180} INFO - Setting next_dagrun for dataset_s3_bucket_consumer_with_no_taskflow to None, run_after=None
[2024-10-03T11:27:08.147+0000] {logging_mixin.py:190} INFO - [2024-10-03T11:27:08.147+0000] {dag.py:4180} INFO - Setting next_dagrun for dataset_s3_bucket_producer_with_no_taskflow to None, run_after=None
[2024-10-03T11:27:08.158+0000] {processor.py:208} INFO - Processing /home/airflow/.local/lib/python3.12/site-packages/airflow/example_dags/example_dataset_alias_with_no_taskflow.py took 0.122 seconds
[2024-10-03T11:27:38.429+0000] {processor.py:186} INFO - Started process (PID=4912) to work on /home/airflow/.local/lib/python3.12/site-packages/airflow/example_dags/example_dataset_alias_with_no_taskflow.py
[2024-10-03T11:27:38.430+0000] {processor.py:914} INFO - Processing file /home/airflow/.local/lib/python3.12/site-packages/airflow/example_dags/example_dataset_alias_with_no_taskflow.py for tasks to queue
[2024-10-03T11:27:38.433+0000] {logging_mixin.py:190} INFO - [2024-10-03T11:27:38.432+0000] {dagbag.py:588} INFO - Filling up the DagBag from /home/airflow/.local/lib/python3.12/site-packages/airflow/example_dags/example_dataset_alias_with_no_taskflow.py
[2024-10-03T11:27:38.517+0000] {processor.py:925} INFO - DAG(s) 'dataset_alias_example_alias_producer_with_no_taskflow', 'dataset_alias_example_alias_consumer_with_no_taskflow', 'dataset_s3_bucket_producer_with_no_taskflow', 'dataset_s3_bucket_consumer_with_no_taskflow' retrieved from /home/airflow/.local/lib/python3.12/site-packages/airflow/example_dags/example_dataset_alias_with_no_taskflow.py
[2024-10-03T11:27:38.532+0000] {logging_mixin.py:190} INFO - [2024-10-03T11:27:38.532+0000] {dag.py:3239} INFO - Sync 4 DAGs
[2024-10-03T11:27:38.544+0000] {logging_mixin.py:190} INFO - [2024-10-03T11:27:38.544+0000] {dag.py:4180} INFO - Setting next_dagrun for dataset_alias_example_alias_consumer_with_no_taskflow to None, run_after=None
[2024-10-03T11:27:38.546+0000] {logging_mixin.py:190} INFO - [2024-10-03T11:27:38.546+0000] {dag.py:4180} INFO - Setting next_dagrun for dataset_alias_example_alias_producer_with_no_taskflow to None, run_after=None
[2024-10-03T11:27:38.547+0000] {logging_mixin.py:190} INFO - [2024-10-03T11:27:38.547+0000] {dag.py:4180} INFO - Setting next_dagrun for dataset_s3_bucket_consumer_with_no_taskflow to None, run_after=None
[2024-10-03T11:27:38.548+0000] {logging_mixin.py:190} INFO - [2024-10-03T11:27:38.548+0000] {dag.py:4180} INFO - Setting next_dagrun for dataset_s3_bucket_producer_with_no_taskflow to None, run_after=None
[2024-10-03T11:27:38.560+0000] {processor.py:208} INFO - Processing /home/airflow/.local/lib/python3.12/site-packages/airflow/example_dags/example_dataset_alias_with_no_taskflow.py took 0.138 seconds
[2024-10-03T11:28:08.815+0000] {processor.py:186} INFO - Started process (PID=5198) to work on /home/airflow/.local/lib/python3.12/site-packages/airflow/example_dags/example_dataset_alias_with_no_taskflow.py
[2024-10-03T11:28:08.816+0000] {processor.py:914} INFO - Processing file /home/airflow/.local/lib/python3.12/site-packages/airflow/example_dags/example_dataset_alias_with_no_taskflow.py for tasks to queue
[2024-10-03T11:28:08.818+0000] {logging_mixin.py:190} INFO - [2024-10-03T11:28:08.818+0000] {dagbag.py:588} INFO - Filling up the DagBag from /home/airflow/.local/lib/python3.12/site-packages/airflow/example_dags/example_dataset_alias_with_no_taskflow.py
[2024-10-03T11:28:08.892+0000] {processor.py:925} INFO - DAG(s) 'dataset_s3_bucket_consumer_with_no_taskflow', 'dataset_alias_example_alias_producer_with_no_taskflow', 'dataset_alias_example_alias_consumer_with_no_taskflow', 'dataset_s3_bucket_producer_with_no_taskflow' retrieved from /home/airflow/.local/lib/python3.12/site-packages/airflow/example_dags/example_dataset_alias_with_no_taskflow.py
[2024-10-03T11:28:08.902+0000] {logging_mixin.py:190} INFO - [2024-10-03T11:28:08.902+0000] {dag.py:3239} INFO - Sync 4 DAGs
[2024-10-03T11:28:08.914+0000] {logging_mixin.py:190} INFO - [2024-10-03T11:28:08.914+0000] {dag.py:4180} INFO - Setting next_dagrun for dataset_alias_example_alias_consumer_with_no_taskflow to None, run_after=None
[2024-10-03T11:28:08.915+0000] {logging_mixin.py:190} INFO - [2024-10-03T11:28:08.915+0000] {dag.py:4180} INFO - Setting next_dagrun for dataset_alias_example_alias_producer_with_no_taskflow to None, run_after=None
[2024-10-03T11:28:08.916+0000] {logging_mixin.py:190} INFO - [2024-10-03T11:28:08.916+0000] {dag.py:4180} INFO - Setting next_dagrun for dataset_s3_bucket_consumer_with_no_taskflow to None, run_after=None
[2024-10-03T11:28:08.917+0000] {logging_mixin.py:190} INFO - [2024-10-03T11:28:08.917+0000] {dag.py:4180} INFO - Setting next_dagrun for dataset_s3_bucket_producer_with_no_taskflow to None, run_after=None
[2024-10-03T11:28:08.926+0000] {processor.py:208} INFO - Processing /home/airflow/.local/lib/python3.12/site-packages/airflow/example_dags/example_dataset_alias_with_no_taskflow.py took 0.117 seconds
[2024-10-03T11:28:39.160+0000] {processor.py:186} INFO - Started process (PID=5484) to work on /home/airflow/.local/lib/python3.12/site-packages/airflow/example_dags/example_dataset_alias_with_no_taskflow.py
[2024-10-03T11:28:39.161+0000] {processor.py:914} INFO - Processing file /home/airflow/.local/lib/python3.12/site-packages/airflow/example_dags/example_dataset_alias_with_no_taskflow.py for tasks to queue
[2024-10-03T11:28:39.164+0000] {logging_mixin.py:190} INFO - [2024-10-03T11:28:39.164+0000] {dagbag.py:588} INFO - Filling up the DagBag from /home/airflow/.local/lib/python3.12/site-packages/airflow/example_dags/example_dataset_alias_with_no_taskflow.py
[2024-10-03T11:28:39.242+0000] {processor.py:925} INFO - DAG(s) 'dataset_alias_example_alias_consumer_with_no_taskflow', 'dataset_alias_example_alias_producer_with_no_taskflow', 'dataset_s3_bucket_producer_with_no_taskflow', 'dataset_s3_bucket_consumer_with_no_taskflow' retrieved from /home/airflow/.local/lib/python3.12/site-packages/airflow/example_dags/example_dataset_alias_with_no_taskflow.py
[2024-10-03T11:28:39.254+0000] {logging_mixin.py:190} INFO - [2024-10-03T11:28:39.254+0000] {dag.py:3239} INFO - Sync 4 DAGs
[2024-10-03T11:28:39.266+0000] {logging_mixin.py:190} INFO - [2024-10-03T11:28:39.266+0000] {dag.py:4180} INFO - Setting next_dagrun for dataset_alias_example_alias_consumer_with_no_taskflow to None, run_after=None
[2024-10-03T11:28:39.268+0000] {logging_mixin.py:190} INFO - [2024-10-03T11:28:39.268+0000] {dag.py:4180} INFO - Setting next_dagrun for dataset_alias_example_alias_producer_with_no_taskflow to None, run_after=None
[2024-10-03T11:28:39.269+0000] {logging_mixin.py:190} INFO - [2024-10-03T11:28:39.268+0000] {dag.py:4180} INFO - Setting next_dagrun for dataset_s3_bucket_consumer_with_no_taskflow to None, run_after=None
[2024-10-03T11:28:39.269+0000] {logging_mixin.py:190} INFO - [2024-10-03T11:28:39.269+0000] {dag.py:4180} INFO - Setting next_dagrun for dataset_s3_bucket_producer_with_no_taskflow to None, run_after=None
[2024-10-03T11:28:39.280+0000] {processor.py:208} INFO - Processing /home/airflow/.local/lib/python3.12/site-packages/airflow/example_dags/example_dataset_alias_with_no_taskflow.py took 0.128 seconds
[2024-10-03T11:29:09.400+0000] {processor.py:186} INFO - Started process (PID=5794) to work on /home/airflow/.local/lib/python3.12/site-packages/airflow/example_dags/example_dataset_alias_with_no_taskflow.py
[2024-10-03T11:29:09.401+0000] {processor.py:914} INFO - Processing file /home/airflow/.local/lib/python3.12/site-packages/airflow/example_dags/example_dataset_alias_with_no_taskflow.py for tasks to queue
[2024-10-03T11:29:09.403+0000] {logging_mixin.py:190} INFO - [2024-10-03T11:29:09.403+0000] {dagbag.py:588} INFO - Filling up the DagBag from /home/airflow/.local/lib/python3.12/site-packages/airflow/example_dags/example_dataset_alias_with_no_taskflow.py
[2024-10-03T11:29:09.479+0000] {processor.py:925} INFO - DAG(s) 'dataset_alias_example_alias_producer_with_no_taskflow', 'dataset_s3_bucket_producer_with_no_taskflow', 'dataset_s3_bucket_consumer_with_no_taskflow', 'dataset_alias_example_alias_consumer_with_no_taskflow' retrieved from /home/airflow/.local/lib/python3.12/site-packages/airflow/example_dags/example_dataset_alias_with_no_taskflow.py
[2024-10-03T11:29:09.491+0000] {logging_mixin.py:190} INFO - [2024-10-03T11:29:09.491+0000] {dag.py:3239} INFO - Sync 4 DAGs
[2024-10-03T11:29:09.503+0000] {logging_mixin.py:190} INFO - [2024-10-03T11:29:09.503+0000] {dag.py:4180} INFO - Setting next_dagrun for dataset_alias_example_alias_consumer_with_no_taskflow to None, run_after=None
[2024-10-03T11:29:09.505+0000] {logging_mixin.py:190} INFO - [2024-10-03T11:29:09.505+0000] {dag.py:4180} INFO - Setting next_dagrun for dataset_alias_example_alias_producer_with_no_taskflow to None, run_after=None
[2024-10-03T11:29:09.506+0000] {logging_mixin.py:190} INFO - [2024-10-03T11:29:09.505+0000] {dag.py:4180} INFO - Setting next_dagrun for dataset_s3_bucket_consumer_with_no_taskflow to None, run_after=None
[2024-10-03T11:29:09.506+0000] {logging_mixin.py:190} INFO - [2024-10-03T11:29:09.506+0000] {dag.py:4180} INFO - Setting next_dagrun for dataset_s3_bucket_producer_with_no_taskflow to None, run_after=None
[2024-10-03T11:29:09.517+0000] {processor.py:208} INFO - Processing /home/airflow/.local/lib/python3.12/site-packages/airflow/example_dags/example_dataset_alias_with_no_taskflow.py took 0.123 seconds
[2024-10-03T11:29:39.724+0000] {processor.py:186} INFO - Started process (PID=6080) to work on /home/airflow/.local/lib/python3.12/site-packages/airflow/example_dags/example_dataset_alias_with_no_taskflow.py
[2024-10-03T11:29:39.725+0000] {processor.py:914} INFO - Processing file /home/airflow/.local/lib/python3.12/site-packages/airflow/example_dags/example_dataset_alias_with_no_taskflow.py for tasks to queue
[2024-10-03T11:29:39.727+0000] {logging_mixin.py:190} INFO - [2024-10-03T11:29:39.727+0000] {dagbag.py:588} INFO - Filling up the DagBag from /home/airflow/.local/lib/python3.12/site-packages/airflow/example_dags/example_dataset_alias_with_no_taskflow.py
[2024-10-03T11:29:39.811+0000] {processor.py:925} INFO - DAG(s) 'dataset_s3_bucket_producer_with_no_taskflow', 'dataset_s3_bucket_consumer_with_no_taskflow', 'dataset_alias_example_alias_consumer_with_no_taskflow', 'dataset_alias_example_alias_producer_with_no_taskflow' retrieved from /home/airflow/.local/lib/python3.12/site-packages/airflow/example_dags/example_dataset_alias_with_no_taskflow.py
[2024-10-03T11:29:39.824+0000] {logging_mixin.py:190} INFO - [2024-10-03T11:29:39.823+0000] {dag.py:3239} INFO - Sync 4 DAGs
[2024-10-03T11:29:39.834+0000] {logging_mixin.py:190} INFO - [2024-10-03T11:29:39.834+0000] {dag.py:4180} INFO - Setting next_dagrun for dataset_alias_example_alias_consumer_with_no_taskflow to None, run_after=None
[2024-10-03T11:29:39.836+0000] {logging_mixin.py:190} INFO - [2024-10-03T11:29:39.836+0000] {dag.py:4180} INFO - Setting next_dagrun for dataset_alias_example_alias_producer_with_no_taskflow to None, run_after=None
[2024-10-03T11:29:39.837+0000] {logging_mixin.py:190} INFO - [2024-10-03T11:29:39.837+0000] {dag.py:4180} INFO - Setting next_dagrun for dataset_s3_bucket_consumer_with_no_taskflow to None, run_after=None
[2024-10-03T11:29:39.838+0000] {logging_mixin.py:190} INFO - [2024-10-03T11:29:39.837+0000] {dag.py:4180} INFO - Setting next_dagrun for dataset_s3_bucket_producer_with_no_taskflow to None, run_after=None
[2024-10-03T11:29:39.849+0000] {processor.py:208} INFO - Processing /home/airflow/.local/lib/python3.12/site-packages/airflow/example_dags/example_dataset_alias_with_no_taskflow.py took 0.132 seconds
[2024-10-03T11:30:10.126+0000] {processor.py:186} INFO - Started process (PID=6366) to work on /home/airflow/.local/lib/python3.12/site-packages/airflow/example_dags/example_dataset_alias_with_no_taskflow.py
[2024-10-03T11:30:10.127+0000] {processor.py:914} INFO - Processing file /home/airflow/.local/lib/python3.12/site-packages/airflow/example_dags/example_dataset_alias_with_no_taskflow.py for tasks to queue
[2024-10-03T11:30:10.130+0000] {logging_mixin.py:190} INFO - [2024-10-03T11:30:10.130+0000] {dagbag.py:588} INFO - Filling up the DagBag from /home/airflow/.local/lib/python3.12/site-packages/airflow/example_dags/example_dataset_alias_with_no_taskflow.py
[2024-10-03T11:30:10.211+0000] {processor.py:925} INFO - DAG(s) 'dataset_s3_bucket_producer_with_no_taskflow', 'dataset_alias_example_alias_producer_with_no_taskflow', 'dataset_s3_bucket_consumer_with_no_taskflow', 'dataset_alias_example_alias_consumer_with_no_taskflow' retrieved from /home/airflow/.local/lib/python3.12/site-packages/airflow/example_dags/example_dataset_alias_with_no_taskflow.py
[2024-10-03T11:30:10.222+0000] {logging_mixin.py:190} INFO - [2024-10-03T11:30:10.221+0000] {dag.py:3239} INFO - Sync 4 DAGs
[2024-10-03T11:30:10.235+0000] {logging_mixin.py:190} INFO - [2024-10-03T11:30:10.234+0000] {dag.py:4180} INFO - Setting next_dagrun for dataset_alias_example_alias_consumer_with_no_taskflow to None, run_after=None
[2024-10-03T11:30:10.236+0000] {logging_mixin.py:190} INFO - [2024-10-03T11:30:10.236+0000] {dag.py:4180} INFO - Setting next_dagrun for dataset_alias_example_alias_producer_with_no_taskflow to None, run_after=None
[2024-10-03T11:30:10.237+0000] {logging_mixin.py:190} INFO - [2024-10-03T11:30:10.237+0000] {dag.py:4180} INFO - Setting next_dagrun for dataset_s3_bucket_consumer_with_no_taskflow to None, run_after=None
[2024-10-03T11:30:10.238+0000] {logging_mixin.py:190} INFO - [2024-10-03T11:30:10.238+0000] {dag.py:4180} INFO - Setting next_dagrun for dataset_s3_bucket_producer_with_no_taskflow to None, run_after=None
[2024-10-03T11:30:10.250+0000] {processor.py:208} INFO - Processing /home/airflow/.local/lib/python3.12/site-packages/airflow/example_dags/example_dataset_alias_with_no_taskflow.py took 0.131 seconds
[2024-10-03T11:30:40.468+0000] {processor.py:186} INFO - Started process (PID=6652) to work on /home/airflow/.local/lib/python3.12/site-packages/airflow/example_dags/example_dataset_alias_with_no_taskflow.py
[2024-10-03T11:30:40.470+0000] {processor.py:914} INFO - Processing file /home/airflow/.local/lib/python3.12/site-packages/airflow/example_dags/example_dataset_alias_with_no_taskflow.py for tasks to queue
[2024-10-03T11:30:40.473+0000] {logging_mixin.py:190} INFO - [2024-10-03T11:30:40.472+0000] {dagbag.py:588} INFO - Filling up the DagBag from /home/airflow/.local/lib/python3.12/site-packages/airflow/example_dags/example_dataset_alias_with_no_taskflow.py
[2024-10-03T11:30:40.559+0000] {processor.py:925} INFO - DAG(s) 'dataset_s3_bucket_producer_with_no_taskflow', 'dataset_alias_example_alias_producer_with_no_taskflow', 'dataset_alias_example_alias_consumer_with_no_taskflow', 'dataset_s3_bucket_consumer_with_no_taskflow' retrieved from /home/airflow/.local/lib/python3.12/site-packages/airflow/example_dags/example_dataset_alias_with_no_taskflow.py
[2024-10-03T11:30:40.569+0000] {logging_mixin.py:190} INFO - [2024-10-03T11:30:40.569+0000] {dag.py:3239} INFO - Sync 4 DAGs
[2024-10-03T11:30:40.580+0000] {logging_mixin.py:190} INFO - [2024-10-03T11:30:40.580+0000] {dag.py:4180} INFO - Setting next_dagrun for dataset_alias_example_alias_consumer_with_no_taskflow to None, run_after=None
[2024-10-03T11:30:40.581+0000] {logging_mixin.py:190} INFO - [2024-10-03T11:30:40.581+0000] {dag.py:4180} INFO - Setting next_dagrun for dataset_alias_example_alias_producer_with_no_taskflow to None, run_after=None
[2024-10-03T11:30:40.582+0000] {logging_mixin.py:190} INFO - [2024-10-03T11:30:40.582+0000] {dag.py:4180} INFO - Setting next_dagrun for dataset_s3_bucket_consumer_with_no_taskflow to None, run_after=None
[2024-10-03T11:30:40.583+0000] {logging_mixin.py:190} INFO - [2024-10-03T11:30:40.583+0000] {dag.py:4180} INFO - Setting next_dagrun for dataset_s3_bucket_producer_with_no_taskflow to None, run_after=None
[2024-10-03T11:30:40.595+0000] {processor.py:208} INFO - Processing /home/airflow/.local/lib/python3.12/site-packages/airflow/example_dags/example_dataset_alias_with_no_taskflow.py took 0.130 seconds
[2024-10-03T11:31:10.775+0000] {processor.py:186} INFO - Started process (PID=6938) to work on /home/airflow/.local/lib/python3.12/site-packages/airflow/example_dags/example_dataset_alias_with_no_taskflow.py
[2024-10-03T11:31:10.776+0000] {processor.py:914} INFO - Processing file /home/airflow/.local/lib/python3.12/site-packages/airflow/example_dags/example_dataset_alias_with_no_taskflow.py for tasks to queue
[2024-10-03T11:31:10.778+0000] {logging_mixin.py:190} INFO - [2024-10-03T11:31:10.778+0000] {dagbag.py:588} INFO - Filling up the DagBag from /home/airflow/.local/lib/python3.12/site-packages/airflow/example_dags/example_dataset_alias_with_no_taskflow.py
[2024-10-03T11:31:10.862+0000] {processor.py:925} INFO - DAG(s) 'dataset_s3_bucket_producer_with_no_taskflow', 'dataset_alias_example_alias_producer_with_no_taskflow', 'dataset_s3_bucket_consumer_with_no_taskflow', 'dataset_alias_example_alias_consumer_with_no_taskflow' retrieved from /home/airflow/.local/lib/python3.12/site-packages/airflow/example_dags/example_dataset_alias_with_no_taskflow.py
[2024-10-03T11:31:10.872+0000] {logging_mixin.py:190} INFO - [2024-10-03T11:31:10.872+0000] {dag.py:3239} INFO - Sync 4 DAGs
[2024-10-03T11:31:10.885+0000] {logging_mixin.py:190} INFO - [2024-10-03T11:31:10.885+0000] {dag.py:4180} INFO - Setting next_dagrun for dataset_alias_example_alias_consumer_with_no_taskflow to None, run_after=None
[2024-10-03T11:31:10.886+0000] {logging_mixin.py:190} INFO - [2024-10-03T11:31:10.886+0000] {dag.py:4180} INFO - Setting next_dagrun for dataset_alias_example_alias_producer_with_no_taskflow to None, run_after=None
[2024-10-03T11:31:10.887+0000] {logging_mixin.py:190} INFO - [2024-10-03T11:31:10.887+0000] {dag.py:4180} INFO - Setting next_dagrun for dataset_s3_bucket_consumer_with_no_taskflow to None, run_after=None
[2024-10-03T11:31:10.888+0000] {logging_mixin.py:190} INFO - [2024-10-03T11:31:10.888+0000] {dag.py:4180} INFO - Setting next_dagrun for dataset_s3_bucket_producer_with_no_taskflow to None, run_after=None
[2024-10-03T11:31:10.898+0000] {processor.py:208} INFO - Processing /home/airflow/.local/lib/python3.12/site-packages/airflow/example_dags/example_dataset_alias_with_no_taskflow.py took 0.129 seconds
