[2024-10-03T11:19:29.516+0000] {processor.py:186} INFO - Started process (PID=267) to work on /home/airflow/.local/lib/python3.12/site-packages/airflow/example_dags/example_branch_operator.py
[2024-10-03T11:19:29.517+0000] {processor.py:914} INFO - Processing file /home/airflow/.local/lib/python3.12/site-packages/airflow/example_dags/example_branch_operator.py for tasks to queue
[2024-10-03T11:19:29.518+0000] {logging_mixin.py:190} INFO - [2024-10-03T11:19:29.518+0000] {dagbag.py:588} INFO - Filling up the DagBag from /home/airflow/.local/lib/python3.12/site-packages/airflow/example_dags/example_branch_operator.py
[2024-10-03T11:19:29.529+0000] {processor.py:925} INFO - DAG(s) 'example_branch_operator' retrieved from /home/airflow/.local/lib/python3.12/site-packages/airflow/example_dags/example_branch_operator.py
[2024-10-03T11:19:29.587+0000] {logging_mixin.py:190} INFO - [2024-10-03T11:19:29.586+0000] {override.py:1900} INFO - Created Permission View: can delete on DAG:example_branch_operator
[2024-10-03T11:19:29.591+0000] {logging_mixin.py:190} INFO - [2024-10-03T11:19:29.591+0000] {override.py:1900} INFO - Created Permission View: can read on DAG:example_branch_operator
[2024-10-03T11:19:29.594+0000] {logging_mixin.py:190} INFO - [2024-10-03T11:19:29.594+0000] {override.py:1900} INFO - Created Permission View: can edit on DAG:example_branch_operator
[2024-10-03T11:19:29.597+0000] {logging_mixin.py:190} INFO - [2024-10-03T11:19:29.597+0000] {override.py:1900} INFO - Created Permission View: can read on DAG Run:example_branch_operator
[2024-10-03T11:19:29.600+0000] {logging_mixin.py:190} INFO - [2024-10-03T11:19:29.600+0000] {override.py:1900} INFO - Created Permission View: can create on DAG Run:example_branch_operator
[2024-10-03T11:19:29.603+0000] {logging_mixin.py:190} INFO - [2024-10-03T11:19:29.603+0000] {override.py:1900} INFO - Created Permission View: menu access on DAG Run:example_branch_operator
[2024-10-03T11:19:29.607+0000] {logging_mixin.py:190} INFO - [2024-10-03T11:19:29.607+0000] {override.py:1900} INFO - Created Permission View: can delete on DAG Run:example_branch_operator
[2024-10-03T11:19:29.607+0000] {logging_mixin.py:190} INFO - [2024-10-03T11:19:29.607+0000] {dag.py:3239} INFO - Sync 1 DAGs
[2024-10-03T11:19:29.613+0000] {logging_mixin.py:190} INFO - [2024-10-03T11:19:29.613+0000] {dag.py:3262} INFO - Creating ORM DAG for example_branch_operator
[2024-10-03T11:19:29.618+0000] {logging_mixin.py:190} INFO - [2024-10-03T11:19:29.618+0000] {dag.py:4180} INFO - Setting next_dagrun for example_branch_operator to 2024-10-02 00:00:00+00:00, run_after=2024-10-03 00:00:00+00:00
[2024-10-03T11:19:29.628+0000] {processor.py:208} INFO - Processing /home/airflow/.local/lib/python3.12/site-packages/airflow/example_dags/example_branch_operator.py took 0.115 seconds
[2024-10-03T11:20:00.122+0000] {processor.py:186} INFO - Started process (PID=553) to work on /home/airflow/.local/lib/python3.12/site-packages/airflow/example_dags/example_branch_operator.py
[2024-10-03T11:20:00.123+0000] {processor.py:914} INFO - Processing file /home/airflow/.local/lib/python3.12/site-packages/airflow/example_dags/example_branch_operator.py for tasks to queue
[2024-10-03T11:20:00.124+0000] {logging_mixin.py:190} INFO - [2024-10-03T11:20:00.124+0000] {dagbag.py:588} INFO - Filling up the DagBag from /home/airflow/.local/lib/python3.12/site-packages/airflow/example_dags/example_branch_operator.py
[2024-10-03T11:20:00.134+0000] {processor.py:925} INFO - DAG(s) 'example_branch_operator' retrieved from /home/airflow/.local/lib/python3.12/site-packages/airflow/example_dags/example_branch_operator.py
[2024-10-03T11:20:00.150+0000] {logging_mixin.py:190} INFO - [2024-10-03T11:20:00.150+0000] {dag.py:3239} INFO - Sync 1 DAGs
[2024-10-03T11:20:00.163+0000] {logging_mixin.py:190} INFO - [2024-10-03T11:20:00.163+0000] {dag.py:4180} INFO - Setting next_dagrun for example_branch_operator to 2024-10-02 00:00:00+00:00, run_after=2024-10-03 00:00:00+00:00
[2024-10-03T11:20:00.173+0000] {processor.py:208} INFO - Processing /home/airflow/.local/lib/python3.12/site-packages/airflow/example_dags/example_branch_operator.py took 0.055 seconds
[2024-10-03T11:20:30.591+0000] {processor.py:186} INFO - Started process (PID=839) to work on /home/airflow/.local/lib/python3.12/site-packages/airflow/example_dags/example_branch_operator.py
[2024-10-03T11:20:30.592+0000] {processor.py:914} INFO - Processing file /home/airflow/.local/lib/python3.12/site-packages/airflow/example_dags/example_branch_operator.py for tasks to queue
[2024-10-03T11:20:30.593+0000] {logging_mixin.py:190} INFO - [2024-10-03T11:20:30.593+0000] {dagbag.py:588} INFO - Filling up the DagBag from /home/airflow/.local/lib/python3.12/site-packages/airflow/example_dags/example_branch_operator.py
[2024-10-03T11:20:30.602+0000] {processor.py:925} INFO - DAG(s) 'example_branch_operator' retrieved from /home/airflow/.local/lib/python3.12/site-packages/airflow/example_dags/example_branch_operator.py
[2024-10-03T11:20:30.617+0000] {logging_mixin.py:190} INFO - [2024-10-03T11:20:30.616+0000] {dag.py:3239} INFO - Sync 1 DAGs
[2024-10-03T11:20:30.629+0000] {logging_mixin.py:190} INFO - [2024-10-03T11:20:30.629+0000] {dag.py:4180} INFO - Setting next_dagrun for example_branch_operator to 2024-10-02 00:00:00+00:00, run_after=2024-10-03 00:00:00+00:00
[2024-10-03T11:20:30.638+0000] {processor.py:208} INFO - Processing /home/airflow/.local/lib/python3.12/site-packages/airflow/example_dags/example_branch_operator.py took 0.051 seconds
[2024-10-03T11:21:00.995+0000] {processor.py:186} INFO - Started process (PID=1125) to work on /home/airflow/.local/lib/python3.12/site-packages/airflow/example_dags/example_branch_operator.py
[2024-10-03T11:21:00.996+0000] {processor.py:914} INFO - Processing file /home/airflow/.local/lib/python3.12/site-packages/airflow/example_dags/example_branch_operator.py for tasks to queue
[2024-10-03T11:21:00.997+0000] {logging_mixin.py:190} INFO - [2024-10-03T11:21:00.997+0000] {dagbag.py:588} INFO - Filling up the DagBag from /home/airflow/.local/lib/python3.12/site-packages/airflow/example_dags/example_branch_operator.py
[2024-10-03T11:21:01.007+0000] {processor.py:925} INFO - DAG(s) 'example_branch_operator' retrieved from /home/airflow/.local/lib/python3.12/site-packages/airflow/example_dags/example_branch_operator.py
[2024-10-03T11:21:01.022+0000] {logging_mixin.py:190} INFO - [2024-10-03T11:21:01.022+0000] {dag.py:3239} INFO - Sync 1 DAGs
[2024-10-03T11:21:01.034+0000] {logging_mixin.py:190} INFO - [2024-10-03T11:21:01.034+0000] {dag.py:4180} INFO - Setting next_dagrun for example_branch_operator to 2024-10-02 00:00:00+00:00, run_after=2024-10-03 00:00:00+00:00
[2024-10-03T11:21:01.043+0000] {processor.py:208} INFO - Processing /home/airflow/.local/lib/python3.12/site-packages/airflow/example_dags/example_branch_operator.py took 0.051 seconds
[2024-10-03T11:21:31.466+0000] {processor.py:186} INFO - Started process (PID=1411) to work on /home/airflow/.local/lib/python3.12/site-packages/airflow/example_dags/example_branch_operator.py
[2024-10-03T11:21:31.467+0000] {processor.py:914} INFO - Processing file /home/airflow/.local/lib/python3.12/site-packages/airflow/example_dags/example_branch_operator.py for tasks to queue
[2024-10-03T11:21:31.468+0000] {logging_mixin.py:190} INFO - [2024-10-03T11:21:31.468+0000] {dagbag.py:588} INFO - Filling up the DagBag from /home/airflow/.local/lib/python3.12/site-packages/airflow/example_dags/example_branch_operator.py
[2024-10-03T11:21:31.477+0000] {processor.py:925} INFO - DAG(s) 'example_branch_operator' retrieved from /home/airflow/.local/lib/python3.12/site-packages/airflow/example_dags/example_branch_operator.py
[2024-10-03T11:21:31.492+0000] {logging_mixin.py:190} INFO - [2024-10-03T11:21:31.492+0000] {dag.py:3239} INFO - Sync 1 DAGs
[2024-10-03T11:21:31.504+0000] {logging_mixin.py:190} INFO - [2024-10-03T11:21:31.504+0000] {dag.py:4180} INFO - Setting next_dagrun for example_branch_operator to 2024-10-02 00:00:00+00:00, run_after=2024-10-03 00:00:00+00:00
[2024-10-03T11:21:31.513+0000] {processor.py:208} INFO - Processing /home/airflow/.local/lib/python3.12/site-packages/airflow/example_dags/example_branch_operator.py took 0.051 seconds
[2024-10-03T11:22:01.967+0000] {processor.py:186} INFO - Started process (PID=1697) to work on /home/airflow/.local/lib/python3.12/site-packages/airflow/example_dags/example_branch_operator.py
[2024-10-03T11:22:01.968+0000] {processor.py:914} INFO - Processing file /home/airflow/.local/lib/python3.12/site-packages/airflow/example_dags/example_branch_operator.py for tasks to queue
[2024-10-03T11:22:01.969+0000] {logging_mixin.py:190} INFO - [2024-10-03T11:22:01.969+0000] {dagbag.py:588} INFO - Filling up the DagBag from /home/airflow/.local/lib/python3.12/site-packages/airflow/example_dags/example_branch_operator.py
[2024-10-03T11:22:01.978+0000] {processor.py:925} INFO - DAG(s) 'example_branch_operator' retrieved from /home/airflow/.local/lib/python3.12/site-packages/airflow/example_dags/example_branch_operator.py
[2024-10-03T11:22:01.992+0000] {logging_mixin.py:190} INFO - [2024-10-03T11:22:01.992+0000] {dag.py:3239} INFO - Sync 1 DAGs
[2024-10-03T11:22:02.004+0000] {logging_mixin.py:190} INFO - [2024-10-03T11:22:02.004+0000] {dag.py:4180} INFO - Setting next_dagrun for example_branch_operator to 2024-10-02 00:00:00+00:00, run_after=2024-10-03 00:00:00+00:00
[2024-10-03T11:22:02.013+0000] {processor.py:208} INFO - Processing /home/airflow/.local/lib/python3.12/site-packages/airflow/example_dags/example_branch_operator.py took 0.049 seconds
[2024-10-03T11:22:32.391+0000] {processor.py:186} INFO - Started process (PID=1983) to work on /home/airflow/.local/lib/python3.12/site-packages/airflow/example_dags/example_branch_operator.py
[2024-10-03T11:22:32.392+0000] {processor.py:914} INFO - Processing file /home/airflow/.local/lib/python3.12/site-packages/airflow/example_dags/example_branch_operator.py for tasks to queue
[2024-10-03T11:22:32.394+0000] {logging_mixin.py:190} INFO - [2024-10-03T11:22:32.393+0000] {dagbag.py:588} INFO - Filling up the DagBag from /home/airflow/.local/lib/python3.12/site-packages/airflow/example_dags/example_branch_operator.py
[2024-10-03T11:22:32.404+0000] {processor.py:925} INFO - DAG(s) 'example_branch_operator' retrieved from /home/airflow/.local/lib/python3.12/site-packages/airflow/example_dags/example_branch_operator.py
[2024-10-03T11:22:32.424+0000] {logging_mixin.py:190} INFO - [2024-10-03T11:22:32.423+0000] {dag.py:3239} INFO - Sync 1 DAGs
[2024-10-03T11:22:32.437+0000] {logging_mixin.py:190} INFO - [2024-10-03T11:22:32.437+0000] {dag.py:4180} INFO - Setting next_dagrun for example_branch_operator to 2024-10-02 00:00:00+00:00, run_after=2024-10-03 00:00:00+00:00
[2024-10-03T11:22:32.448+0000] {processor.py:208} INFO - Processing /home/airflow/.local/lib/python3.12/site-packages/airflow/example_dags/example_branch_operator.py took 0.061 seconds
[2024-10-03T11:23:03.030+0000] {processor.py:186} INFO - Started process (PID=2269) to work on /home/airflow/.local/lib/python3.12/site-packages/airflow/example_dags/example_branch_operator.py
[2024-10-03T11:23:03.031+0000] {processor.py:914} INFO - Processing file /home/airflow/.local/lib/python3.12/site-packages/airflow/example_dags/example_branch_operator.py for tasks to queue
[2024-10-03T11:23:03.032+0000] {logging_mixin.py:190} INFO - [2024-10-03T11:23:03.032+0000] {dagbag.py:588} INFO - Filling up the DagBag from /home/airflow/.local/lib/python3.12/site-packages/airflow/example_dags/example_branch_operator.py
[2024-10-03T11:23:03.041+0000] {processor.py:925} INFO - DAG(s) 'example_branch_operator' retrieved from /home/airflow/.local/lib/python3.12/site-packages/airflow/example_dags/example_branch_operator.py
[2024-10-03T11:23:03.056+0000] {logging_mixin.py:190} INFO - [2024-10-03T11:23:03.056+0000] {dag.py:3239} INFO - Sync 1 DAGs
[2024-10-03T11:23:03.068+0000] {logging_mixin.py:190} INFO - [2024-10-03T11:23:03.068+0000] {dag.py:4180} INFO - Setting next_dagrun for example_branch_operator to 2024-10-02 00:00:00+00:00, run_after=2024-10-03 00:00:00+00:00
[2024-10-03T11:23:03.078+0000] {processor.py:208} INFO - Processing /home/airflow/.local/lib/python3.12/site-packages/airflow/example_dags/example_branch_operator.py took 0.051 seconds
[2024-10-03T11:23:33.297+0000] {processor.py:186} INFO - Started process (PID=2557) to work on /home/airflow/.local/lib/python3.12/site-packages/airflow/example_dags/example_branch_operator.py
[2024-10-03T11:23:33.298+0000] {processor.py:914} INFO - Processing file /home/airflow/.local/lib/python3.12/site-packages/airflow/example_dags/example_branch_operator.py for tasks to queue
[2024-10-03T11:23:33.300+0000] {logging_mixin.py:190} INFO - [2024-10-03T11:23:33.299+0000] {dagbag.py:588} INFO - Filling up the DagBag from /home/airflow/.local/lib/python3.12/site-packages/airflow/example_dags/example_branch_operator.py
[2024-10-03T11:23:33.309+0000] {processor.py:925} INFO - DAG(s) 'example_branch_operator' retrieved from /home/airflow/.local/lib/python3.12/site-packages/airflow/example_dags/example_branch_operator.py
[2024-10-03T11:23:33.323+0000] {logging_mixin.py:190} INFO - [2024-10-03T11:23:33.323+0000] {dag.py:3239} INFO - Sync 1 DAGs
[2024-10-03T11:23:33.333+0000] {logging_mixin.py:190} INFO - [2024-10-03T11:23:33.333+0000] {dag.py:4180} INFO - Setting next_dagrun for example_branch_operator to 2024-10-02 00:00:00+00:00, run_after=2024-10-03 00:00:00+00:00
[2024-10-03T11:23:33.341+0000] {processor.py:208} INFO - Processing /home/airflow/.local/lib/python3.12/site-packages/airflow/example_dags/example_branch_operator.py took 0.047 seconds
[2024-10-03T11:24:03.653+0000] {processor.py:186} INFO - Started process (PID=2841) to work on /home/airflow/.local/lib/python3.12/site-packages/airflow/example_dags/example_branch_operator.py
[2024-10-03T11:24:03.654+0000] {processor.py:914} INFO - Processing file /home/airflow/.local/lib/python3.12/site-packages/airflow/example_dags/example_branch_operator.py for tasks to queue
[2024-10-03T11:24:03.655+0000] {logging_mixin.py:190} INFO - [2024-10-03T11:24:03.655+0000] {dagbag.py:588} INFO - Filling up the DagBag from /home/airflow/.local/lib/python3.12/site-packages/airflow/example_dags/example_branch_operator.py
[2024-10-03T11:24:03.666+0000] {processor.py:925} INFO - DAG(s) 'example_branch_operator' retrieved from /home/airflow/.local/lib/python3.12/site-packages/airflow/example_dags/example_branch_operator.py
[2024-10-03T11:24:03.681+0000] {logging_mixin.py:190} INFO - [2024-10-03T11:24:03.681+0000] {dag.py:3239} INFO - Sync 1 DAGs
[2024-10-03T11:24:03.694+0000] {logging_mixin.py:190} INFO - [2024-10-03T11:24:03.693+0000] {dag.py:4180} INFO - Setting next_dagrun for example_branch_operator to 2024-10-02 00:00:00+00:00, run_after=2024-10-03 00:00:00+00:00
[2024-10-03T11:24:03.704+0000] {processor.py:208} INFO - Processing /home/airflow/.local/lib/python3.12/site-packages/airflow/example_dags/example_branch_operator.py took 0.055 seconds
[2024-10-03T11:24:34.177+0000] {processor.py:186} INFO - Started process (PID=3127) to work on /home/airflow/.local/lib/python3.12/site-packages/airflow/example_dags/example_branch_operator.py
[2024-10-03T11:24:34.178+0000] {processor.py:914} INFO - Processing file /home/airflow/.local/lib/python3.12/site-packages/airflow/example_dags/example_branch_operator.py for tasks to queue
[2024-10-03T11:24:34.179+0000] {logging_mixin.py:190} INFO - [2024-10-03T11:24:34.179+0000] {dagbag.py:588} INFO - Filling up the DagBag from /home/airflow/.local/lib/python3.12/site-packages/airflow/example_dags/example_branch_operator.py
[2024-10-03T11:24:34.189+0000] {processor.py:925} INFO - DAG(s) 'example_branch_operator' retrieved from /home/airflow/.local/lib/python3.12/site-packages/airflow/example_dags/example_branch_operator.py
[2024-10-03T11:24:34.204+0000] {logging_mixin.py:190} INFO - [2024-10-03T11:24:34.203+0000] {dag.py:3239} INFO - Sync 1 DAGs
[2024-10-03T11:24:34.217+0000] {logging_mixin.py:190} INFO - [2024-10-03T11:24:34.216+0000] {dag.py:4180} INFO - Setting next_dagrun for example_branch_operator to 2024-10-02 00:00:00+00:00, run_after=2024-10-03 00:00:00+00:00
[2024-10-03T11:24:34.226+0000] {processor.py:208} INFO - Processing /home/airflow/.local/lib/python3.12/site-packages/airflow/example_dags/example_branch_operator.py took 0.053 seconds
[2024-10-03T11:25:04.791+0000] {processor.py:186} INFO - Started process (PID=3413) to work on /home/airflow/.local/lib/python3.12/site-packages/airflow/example_dags/example_branch_operator.py
[2024-10-03T11:25:04.792+0000] {processor.py:914} INFO - Processing file /home/airflow/.local/lib/python3.12/site-packages/airflow/example_dags/example_branch_operator.py for tasks to queue
[2024-10-03T11:25:04.793+0000] {logging_mixin.py:190} INFO - [2024-10-03T11:25:04.793+0000] {dagbag.py:588} INFO - Filling up the DagBag from /home/airflow/.local/lib/python3.12/site-packages/airflow/example_dags/example_branch_operator.py
[2024-10-03T11:25:04.803+0000] {processor.py:925} INFO - DAG(s) 'example_branch_operator' retrieved from /home/airflow/.local/lib/python3.12/site-packages/airflow/example_dags/example_branch_operator.py
[2024-10-03T11:25:04.818+0000] {logging_mixin.py:190} INFO - [2024-10-03T11:25:04.818+0000] {dag.py:3239} INFO - Sync 1 DAGs
[2024-10-03T11:25:04.831+0000] {logging_mixin.py:190} INFO - [2024-10-03T11:25:04.831+0000] {dag.py:4180} INFO - Setting next_dagrun for example_branch_operator to 2024-10-02 00:00:00+00:00, run_after=2024-10-03 00:00:00+00:00
[2024-10-03T11:25:04.842+0000] {processor.py:208} INFO - Processing /home/airflow/.local/lib/python3.12/site-packages/airflow/example_dags/example_branch_operator.py took 0.055 seconds
[2024-10-03T11:25:35.336+0000] {processor.py:186} INFO - Started process (PID=3699) to work on /home/airflow/.local/lib/python3.12/site-packages/airflow/example_dags/example_branch_operator.py
[2024-10-03T11:25:35.336+0000] {processor.py:914} INFO - Processing file /home/airflow/.local/lib/python3.12/site-packages/airflow/example_dags/example_branch_operator.py for tasks to queue
[2024-10-03T11:25:35.338+0000] {logging_mixin.py:190} INFO - [2024-10-03T11:25:35.338+0000] {dagbag.py:588} INFO - Filling up the DagBag from /home/airflow/.local/lib/python3.12/site-packages/airflow/example_dags/example_branch_operator.py
[2024-10-03T11:25:35.347+0000] {processor.py:925} INFO - DAG(s) 'example_branch_operator' retrieved from /home/airflow/.local/lib/python3.12/site-packages/airflow/example_dags/example_branch_operator.py
[2024-10-03T11:25:35.362+0000] {logging_mixin.py:190} INFO - [2024-10-03T11:25:35.362+0000] {dag.py:3239} INFO - Sync 1 DAGs
[2024-10-03T11:25:35.374+0000] {logging_mixin.py:190} INFO - [2024-10-03T11:25:35.374+0000] {dag.py:4180} INFO - Setting next_dagrun for example_branch_operator to 2024-10-02 00:00:00+00:00, run_after=2024-10-03 00:00:00+00:00
[2024-10-03T11:25:35.384+0000] {processor.py:208} INFO - Processing /home/airflow/.local/lib/python3.12/site-packages/airflow/example_dags/example_branch_operator.py took 0.051 seconds
[2024-10-03T11:26:05.677+0000] {processor.py:186} INFO - Started process (PID=3989) to work on /home/airflow/.local/lib/python3.12/site-packages/airflow/example_dags/example_branch_operator.py
[2024-10-03T11:26:05.678+0000] {processor.py:914} INFO - Processing file /home/airflow/.local/lib/python3.12/site-packages/airflow/example_dags/example_branch_operator.py for tasks to queue
[2024-10-03T11:26:05.680+0000] {logging_mixin.py:190} INFO - [2024-10-03T11:26:05.679+0000] {dagbag.py:588} INFO - Filling up the DagBag from /home/airflow/.local/lib/python3.12/site-packages/airflow/example_dags/example_branch_operator.py
[2024-10-03T11:26:05.689+0000] {processor.py:925} INFO - DAG(s) 'example_branch_operator' retrieved from /home/airflow/.local/lib/python3.12/site-packages/airflow/example_dags/example_branch_operator.py
[2024-10-03T11:26:05.704+0000] {logging_mixin.py:190} INFO - [2024-10-03T11:26:05.704+0000] {dag.py:3239} INFO - Sync 1 DAGs
[2024-10-03T11:26:05.716+0000] {logging_mixin.py:190} INFO - [2024-10-03T11:26:05.716+0000] {dag.py:4180} INFO - Setting next_dagrun for example_branch_operator to 2024-10-02 00:00:00+00:00, run_after=2024-10-03 00:00:00+00:00
[2024-10-03T11:26:05.726+0000] {processor.py:208} INFO - Processing /home/airflow/.local/lib/python3.12/site-packages/airflow/example_dags/example_branch_operator.py took 0.052 seconds
[2024-10-03T11:26:36.195+0000] {processor.py:186} INFO - Started process (PID=4280) to work on /home/airflow/.local/lib/python3.12/site-packages/airflow/example_dags/example_branch_operator.py
[2024-10-03T11:26:36.196+0000] {processor.py:914} INFO - Processing file /home/airflow/.local/lib/python3.12/site-packages/airflow/example_dags/example_branch_operator.py for tasks to queue
[2024-10-03T11:26:36.197+0000] {logging_mixin.py:190} INFO - [2024-10-03T11:26:36.197+0000] {dagbag.py:588} INFO - Filling up the DagBag from /home/airflow/.local/lib/python3.12/site-packages/airflow/example_dags/example_branch_operator.py
[2024-10-03T11:26:36.207+0000] {processor.py:925} INFO - DAG(s) 'example_branch_operator' retrieved from /home/airflow/.local/lib/python3.12/site-packages/airflow/example_dags/example_branch_operator.py
[2024-10-03T11:26:36.221+0000] {logging_mixin.py:190} INFO - [2024-10-03T11:26:36.221+0000] {dag.py:3239} INFO - Sync 1 DAGs
[2024-10-03T11:26:36.233+0000] {logging_mixin.py:190} INFO - [2024-10-03T11:26:36.233+0000] {dag.py:4180} INFO - Setting next_dagrun for example_branch_operator to 2024-10-02 00:00:00+00:00, run_after=2024-10-03 00:00:00+00:00
[2024-10-03T11:26:36.241+0000] {processor.py:208} INFO - Processing /home/airflow/.local/lib/python3.12/site-packages/airflow/example_dags/example_branch_operator.py took 0.049 seconds
[2024-10-03T11:27:06.652+0000] {processor.py:186} INFO - Started process (PID=4568) to work on /home/airflow/.local/lib/python3.12/site-packages/airflow/example_dags/example_branch_operator.py
[2024-10-03T11:27:06.653+0000] {processor.py:914} INFO - Processing file /home/airflow/.local/lib/python3.12/site-packages/airflow/example_dags/example_branch_operator.py for tasks to queue
[2024-10-03T11:27:06.654+0000] {logging_mixin.py:190} INFO - [2024-10-03T11:27:06.654+0000] {dagbag.py:588} INFO - Filling up the DagBag from /home/airflow/.local/lib/python3.12/site-packages/airflow/example_dags/example_branch_operator.py
[2024-10-03T11:27:06.664+0000] {processor.py:925} INFO - DAG(s) 'example_branch_operator' retrieved from /home/airflow/.local/lib/python3.12/site-packages/airflow/example_dags/example_branch_operator.py
[2024-10-03T11:27:06.677+0000] {logging_mixin.py:190} INFO - [2024-10-03T11:27:06.677+0000] {dag.py:3239} INFO - Sync 1 DAGs
[2024-10-03T11:27:06.687+0000] {logging_mixin.py:190} INFO - [2024-10-03T11:27:06.687+0000] {dag.py:4180} INFO - Setting next_dagrun for example_branch_operator to 2024-10-02 00:00:00+00:00, run_after=2024-10-03 00:00:00+00:00
[2024-10-03T11:27:06.695+0000] {processor.py:208} INFO - Processing /home/airflow/.local/lib/python3.12/site-packages/airflow/example_dags/example_branch_operator.py took 0.046 seconds
[2024-10-03T11:27:37.036+0000] {processor.py:186} INFO - Started process (PID=4852) to work on /home/airflow/.local/lib/python3.12/site-packages/airflow/example_dags/example_branch_operator.py
[2024-10-03T11:27:37.036+0000] {processor.py:914} INFO - Processing file /home/airflow/.local/lib/python3.12/site-packages/airflow/example_dags/example_branch_operator.py for tasks to queue
[2024-10-03T11:27:37.038+0000] {logging_mixin.py:190} INFO - [2024-10-03T11:27:37.037+0000] {dagbag.py:588} INFO - Filling up the DagBag from /home/airflow/.local/lib/python3.12/site-packages/airflow/example_dags/example_branch_operator.py
[2024-10-03T11:27:37.048+0000] {processor.py:925} INFO - DAG(s) 'example_branch_operator' retrieved from /home/airflow/.local/lib/python3.12/site-packages/airflow/example_dags/example_branch_operator.py
[2024-10-03T11:27:37.063+0000] {logging_mixin.py:190} INFO - [2024-10-03T11:27:37.063+0000] {dag.py:3239} INFO - Sync 1 DAGs
[2024-10-03T11:27:37.076+0000] {logging_mixin.py:190} INFO - [2024-10-03T11:27:37.075+0000] {dag.py:4180} INFO - Setting next_dagrun for example_branch_operator to 2024-10-02 00:00:00+00:00, run_after=2024-10-03 00:00:00+00:00
[2024-10-03T11:27:37.085+0000] {processor.py:208} INFO - Processing /home/airflow/.local/lib/python3.12/site-packages/airflow/example_dags/example_branch_operator.py took 0.053 seconds
[2024-10-03T11:28:07.401+0000] {processor.py:186} INFO - Started process (PID=5138) to work on /home/airflow/.local/lib/python3.12/site-packages/airflow/example_dags/example_branch_operator.py
[2024-10-03T11:28:07.402+0000] {processor.py:914} INFO - Processing file /home/airflow/.local/lib/python3.12/site-packages/airflow/example_dags/example_branch_operator.py for tasks to queue
[2024-10-03T11:28:07.404+0000] {logging_mixin.py:190} INFO - [2024-10-03T11:28:07.404+0000] {dagbag.py:588} INFO - Filling up the DagBag from /home/airflow/.local/lib/python3.12/site-packages/airflow/example_dags/example_branch_operator.py
[2024-10-03T11:28:07.413+0000] {processor.py:925} INFO - DAG(s) 'example_branch_operator' retrieved from /home/airflow/.local/lib/python3.12/site-packages/airflow/example_dags/example_branch_operator.py
[2024-10-03T11:28:07.428+0000] {logging_mixin.py:190} INFO - [2024-10-03T11:28:07.428+0000] {dag.py:3239} INFO - Sync 1 DAGs
[2024-10-03T11:28:07.441+0000] {logging_mixin.py:190} INFO - [2024-10-03T11:28:07.440+0000] {dag.py:4180} INFO - Setting next_dagrun for example_branch_operator to 2024-10-02 00:00:00+00:00, run_after=2024-10-03 00:00:00+00:00
[2024-10-03T11:28:07.451+0000] {processor.py:208} INFO - Processing /home/airflow/.local/lib/python3.12/site-packages/airflow/example_dags/example_branch_operator.py took 0.053 seconds
[2024-10-03T11:28:37.779+0000] {processor.py:186} INFO - Started process (PID=5424) to work on /home/airflow/.local/lib/python3.12/site-packages/airflow/example_dags/example_branch_operator.py
[2024-10-03T11:28:37.779+0000] {processor.py:914} INFO - Processing file /home/airflow/.local/lib/python3.12/site-packages/airflow/example_dags/example_branch_operator.py for tasks to queue
[2024-10-03T11:28:37.781+0000] {logging_mixin.py:190} INFO - [2024-10-03T11:28:37.780+0000] {dagbag.py:588} INFO - Filling up the DagBag from /home/airflow/.local/lib/python3.12/site-packages/airflow/example_dags/example_branch_operator.py
[2024-10-03T11:28:37.790+0000] {processor.py:925} INFO - DAG(s) 'example_branch_operator' retrieved from /home/airflow/.local/lib/python3.12/site-packages/airflow/example_dags/example_branch_operator.py
[2024-10-03T11:28:37.804+0000] {logging_mixin.py:190} INFO - [2024-10-03T11:28:37.804+0000] {dag.py:3239} INFO - Sync 1 DAGs
[2024-10-03T11:28:37.817+0000] {logging_mixin.py:190} INFO - [2024-10-03T11:28:37.816+0000] {dag.py:4180} INFO - Setting next_dagrun for example_branch_operator to 2024-10-02 00:00:00+00:00, run_after=2024-10-03 00:00:00+00:00
[2024-10-03T11:28:37.827+0000] {processor.py:208} INFO - Processing /home/airflow/.local/lib/python3.12/site-packages/airflow/example_dags/example_branch_operator.py took 0.051 seconds
[2024-10-03T11:29:08.014+0000] {processor.py:186} INFO - Started process (PID=5734) to work on /home/airflow/.local/lib/python3.12/site-packages/airflow/example_dags/example_branch_operator.py
[2024-10-03T11:29:08.015+0000] {processor.py:914} INFO - Processing file /home/airflow/.local/lib/python3.12/site-packages/airflow/example_dags/example_branch_operator.py for tasks to queue
[2024-10-03T11:29:08.016+0000] {logging_mixin.py:190} INFO - [2024-10-03T11:29:08.016+0000] {dagbag.py:588} INFO - Filling up the DagBag from /home/airflow/.local/lib/python3.12/site-packages/airflow/example_dags/example_branch_operator.py
[2024-10-03T11:29:08.026+0000] {processor.py:925} INFO - DAG(s) 'example_branch_operator' retrieved from /home/airflow/.local/lib/python3.12/site-packages/airflow/example_dags/example_branch_operator.py
[2024-10-03T11:29:08.040+0000] {logging_mixin.py:190} INFO - [2024-10-03T11:29:08.039+0000] {dag.py:3239} INFO - Sync 1 DAGs
[2024-10-03T11:29:08.052+0000] {logging_mixin.py:190} INFO - [2024-10-03T11:29:08.051+0000] {dag.py:4180} INFO - Setting next_dagrun for example_branch_operator to 2024-10-02 00:00:00+00:00, run_after=2024-10-03 00:00:00+00:00
[2024-10-03T11:29:08.061+0000] {processor.py:208} INFO - Processing /home/airflow/.local/lib/python3.12/site-packages/airflow/example_dags/example_branch_operator.py took 0.050 seconds
[2024-10-03T11:29:38.287+0000] {processor.py:186} INFO - Started process (PID=6020) to work on /home/airflow/.local/lib/python3.12/site-packages/airflow/example_dags/example_branch_operator.py
[2024-10-03T11:29:38.288+0000] {processor.py:914} INFO - Processing file /home/airflow/.local/lib/python3.12/site-packages/airflow/example_dags/example_branch_operator.py for tasks to queue
[2024-10-03T11:29:38.289+0000] {logging_mixin.py:190} INFO - [2024-10-03T11:29:38.289+0000] {dagbag.py:588} INFO - Filling up the DagBag from /home/airflow/.local/lib/python3.12/site-packages/airflow/example_dags/example_branch_operator.py
[2024-10-03T11:29:38.301+0000] {processor.py:925} INFO - DAG(s) 'example_branch_operator' retrieved from /home/airflow/.local/lib/python3.12/site-packages/airflow/example_dags/example_branch_operator.py
[2024-10-03T11:29:38.317+0000] {logging_mixin.py:190} INFO - [2024-10-03T11:29:38.317+0000] {dag.py:3239} INFO - Sync 1 DAGs
[2024-10-03T11:29:38.330+0000] {logging_mixin.py:190} INFO - [2024-10-03T11:29:38.329+0000] {dag.py:4180} INFO - Setting next_dagrun for example_branch_operator to 2024-10-02 00:00:00+00:00, run_after=2024-10-03 00:00:00+00:00
[2024-10-03T11:29:38.339+0000] {processor.py:208} INFO - Processing /home/airflow/.local/lib/python3.12/site-packages/airflow/example_dags/example_branch_operator.py took 0.056 seconds
[2024-10-03T11:30:08.708+0000] {processor.py:186} INFO - Started process (PID=6306) to work on /home/airflow/.local/lib/python3.12/site-packages/airflow/example_dags/example_branch_operator.py
[2024-10-03T11:30:08.709+0000] {processor.py:914} INFO - Processing file /home/airflow/.local/lib/python3.12/site-packages/airflow/example_dags/example_branch_operator.py for tasks to queue
[2024-10-03T11:30:08.710+0000] {logging_mixin.py:190} INFO - [2024-10-03T11:30:08.710+0000] {dagbag.py:588} INFO - Filling up the DagBag from /home/airflow/.local/lib/python3.12/site-packages/airflow/example_dags/example_branch_operator.py
[2024-10-03T11:30:08.720+0000] {processor.py:925} INFO - DAG(s) 'example_branch_operator' retrieved from /home/airflow/.local/lib/python3.12/site-packages/airflow/example_dags/example_branch_operator.py
[2024-10-03T11:30:08.736+0000] {logging_mixin.py:190} INFO - [2024-10-03T11:30:08.736+0000] {dag.py:3239} INFO - Sync 1 DAGs
[2024-10-03T11:30:08.749+0000] {logging_mixin.py:190} INFO - [2024-10-03T11:30:08.749+0000] {dag.py:4180} INFO - Setting next_dagrun for example_branch_operator to 2024-10-02 00:00:00+00:00, run_after=2024-10-03 00:00:00+00:00
[2024-10-03T11:30:08.760+0000] {processor.py:208} INFO - Processing /home/airflow/.local/lib/python3.12/site-packages/airflow/example_dags/example_branch_operator.py took 0.056 seconds
[2024-10-03T11:30:39.052+0000] {processor.py:186} INFO - Started process (PID=6592) to work on /home/airflow/.local/lib/python3.12/site-packages/airflow/example_dags/example_branch_operator.py
[2024-10-03T11:30:39.053+0000] {processor.py:914} INFO - Processing file /home/airflow/.local/lib/python3.12/site-packages/airflow/example_dags/example_branch_operator.py for tasks to queue
[2024-10-03T11:30:39.054+0000] {logging_mixin.py:190} INFO - [2024-10-03T11:30:39.054+0000] {dagbag.py:588} INFO - Filling up the DagBag from /home/airflow/.local/lib/python3.12/site-packages/airflow/example_dags/example_branch_operator.py
[2024-10-03T11:30:39.064+0000] {processor.py:925} INFO - DAG(s) 'example_branch_operator' retrieved from /home/airflow/.local/lib/python3.12/site-packages/airflow/example_dags/example_branch_operator.py
[2024-10-03T11:30:39.077+0000] {logging_mixin.py:190} INFO - [2024-10-03T11:30:39.077+0000] {dag.py:3239} INFO - Sync 1 DAGs
[2024-10-03T11:30:39.089+0000] {logging_mixin.py:190} INFO - [2024-10-03T11:30:39.089+0000] {dag.py:4180} INFO - Setting next_dagrun for example_branch_operator to 2024-10-02 00:00:00+00:00, run_after=2024-10-03 00:00:00+00:00
[2024-10-03T11:30:39.098+0000] {processor.py:208} INFO - Processing /home/airflow/.local/lib/python3.12/site-packages/airflow/example_dags/example_branch_operator.py took 0.050 seconds
[2024-10-03T11:31:09.386+0000] {processor.py:186} INFO - Started process (PID=6878) to work on /home/airflow/.local/lib/python3.12/site-packages/airflow/example_dags/example_branch_operator.py
[2024-10-03T11:31:09.387+0000] {processor.py:914} INFO - Processing file /home/airflow/.local/lib/python3.12/site-packages/airflow/example_dags/example_branch_operator.py for tasks to queue
[2024-10-03T11:31:09.388+0000] {logging_mixin.py:190} INFO - [2024-10-03T11:31:09.388+0000] {dagbag.py:588} INFO - Filling up the DagBag from /home/airflow/.local/lib/python3.12/site-packages/airflow/example_dags/example_branch_operator.py
[2024-10-03T11:31:09.398+0000] {processor.py:925} INFO - DAG(s) 'example_branch_operator' retrieved from /home/airflow/.local/lib/python3.12/site-packages/airflow/example_dags/example_branch_operator.py
[2024-10-03T11:31:09.412+0000] {logging_mixin.py:190} INFO - [2024-10-03T11:31:09.412+0000] {dag.py:3239} INFO - Sync 1 DAGs
[2024-10-03T11:31:09.424+0000] {logging_mixin.py:190} INFO - [2024-10-03T11:31:09.424+0000] {dag.py:4180} INFO - Setting next_dagrun for example_branch_operator to 2024-10-02 00:00:00+00:00, run_after=2024-10-03 00:00:00+00:00
[2024-10-03T11:31:09.433+0000] {processor.py:208} INFO - Processing /home/airflow/.local/lib/python3.12/site-packages/airflow/example_dags/example_branch_operator.py took 0.051 seconds
