[2024-10-03T11:19:29.746+0000] {processor.py:186} INFO - Started process (PID=282) to work on /home/airflow/.local/lib/python3.12/site-packages/airflow/example_dags/tutorial_objectstorage.py
[2024-10-03T11:19:29.746+0000] {processor.py:914} INFO - Processing file /home/airflow/.local/lib/python3.12/site-packages/airflow/example_dags/tutorial_objectstorage.py for tasks to queue
[2024-10-03T11:19:29.748+0000] {logging_mixin.py:190} INFO - [2024-10-03T11:19:29.748+0000] {dagbag.py:588} INFO - Filling up the DagBag from /home/airflow/.local/lib/python3.12/site-packages/airflow/example_dags/tutorial_objectstorage.py
[2024-10-03T11:19:29.754+0000] {processor.py:925} INFO - DAG(s) 'tutorial_objectstorage' retrieved from /home/airflow/.local/lib/python3.12/site-packages/airflow/example_dags/tutorial_objectstorage.py
[2024-10-03T11:19:29.808+0000] {logging_mixin.py:190} INFO - [2024-10-03T11:19:29.808+0000] {override.py:1900} INFO - Created Permission View: can delete on DAG:tutorial_objectstorage
[2024-10-03T11:19:29.813+0000] {logging_mixin.py:190} INFO - [2024-10-03T11:19:29.813+0000] {override.py:1900} INFO - Created Permission View: can read on DAG:tutorial_objectstorage
[2024-10-03T11:19:29.816+0000] {logging_mixin.py:190} INFO - [2024-10-03T11:19:29.816+0000] {override.py:1900} INFO - Created Permission View: can edit on DAG:tutorial_objectstorage
[2024-10-03T11:19:29.818+0000] {logging_mixin.py:190} INFO - [2024-10-03T11:19:29.818+0000] {override.py:1900} INFO - Created Permission View: can read on DAG Run:tutorial_objectstorage
[2024-10-03T11:19:29.821+0000] {logging_mixin.py:190} INFO - [2024-10-03T11:19:29.821+0000] {override.py:1900} INFO - Created Permission View: can create on DAG Run:tutorial_objectstorage
[2024-10-03T11:19:29.824+0000] {logging_mixin.py:190} INFO - [2024-10-03T11:19:29.824+0000] {override.py:1900} INFO - Created Permission View: menu access on DAG Run:tutorial_objectstorage
[2024-10-03T11:19:29.826+0000] {logging_mixin.py:190} INFO - [2024-10-03T11:19:29.826+0000] {override.py:1900} INFO - Created Permission View: can delete on DAG Run:tutorial_objectstorage
[2024-10-03T11:19:29.827+0000] {logging_mixin.py:190} INFO - [2024-10-03T11:19:29.827+0000] {dag.py:3239} INFO - Sync 1 DAGs
[2024-10-03T11:19:29.834+0000] {logging_mixin.py:190} INFO - [2024-10-03T11:19:29.833+0000] {dag.py:3262} INFO - Creating ORM DAG for tutorial_objectstorage
[2024-10-03T11:19:29.834+0000] {logging_mixin.py:190} INFO - [2024-10-03T11:19:29.834+0000] {dag.py:4180} INFO - Setting next_dagrun for tutorial_objectstorage to None, run_after=None
[2024-10-03T11:19:29.842+0000] {processor.py:208} INFO - Processing /home/airflow/.local/lib/python3.12/site-packages/airflow/example_dags/tutorial_objectstorage.py took 0.100 seconds
[2024-10-03T11:20:00.233+0000] {processor.py:186} INFO - Started process (PID=568) to work on /home/airflow/.local/lib/python3.12/site-packages/airflow/example_dags/tutorial_objectstorage.py
[2024-10-03T11:20:00.233+0000] {processor.py:914} INFO - Processing file /home/airflow/.local/lib/python3.12/site-packages/airflow/example_dags/tutorial_objectstorage.py for tasks to queue
[2024-10-03T11:20:00.235+0000] {logging_mixin.py:190} INFO - [2024-10-03T11:20:00.235+0000] {dagbag.py:588} INFO - Filling up the DagBag from /home/airflow/.local/lib/python3.12/site-packages/airflow/example_dags/tutorial_objectstorage.py
[2024-10-03T11:20:00.240+0000] {processor.py:925} INFO - DAG(s) 'tutorial_objectstorage' retrieved from /home/airflow/.local/lib/python3.12/site-packages/airflow/example_dags/tutorial_objectstorage.py
[2024-10-03T11:20:00.251+0000] {logging_mixin.py:190} INFO - [2024-10-03T11:20:00.251+0000] {dag.py:3239} INFO - Sync 1 DAGs
[2024-10-03T11:20:00.258+0000] {logging_mixin.py:190} INFO - [2024-10-03T11:20:00.258+0000] {dag.py:4180} INFO - Setting next_dagrun for tutorial_objectstorage to None, run_after=None
[2024-10-03T11:20:00.266+0000] {processor.py:208} INFO - Processing /home/airflow/.local/lib/python3.12/site-packages/airflow/example_dags/tutorial_objectstorage.py took 0.037 seconds
[2024-10-03T11:20:30.695+0000] {processor.py:186} INFO - Started process (PID=854) to work on /home/airflow/.local/lib/python3.12/site-packages/airflow/example_dags/tutorial_objectstorage.py
[2024-10-03T11:20:30.695+0000] {processor.py:914} INFO - Processing file /home/airflow/.local/lib/python3.12/site-packages/airflow/example_dags/tutorial_objectstorage.py for tasks to queue
[2024-10-03T11:20:30.697+0000] {logging_mixin.py:190} INFO - [2024-10-03T11:20:30.697+0000] {dagbag.py:588} INFO - Filling up the DagBag from /home/airflow/.local/lib/python3.12/site-packages/airflow/example_dags/tutorial_objectstorage.py
[2024-10-03T11:20:30.703+0000] {processor.py:925} INFO - DAG(s) 'tutorial_objectstorage' retrieved from /home/airflow/.local/lib/python3.12/site-packages/airflow/example_dags/tutorial_objectstorage.py
[2024-10-03T11:20:30.713+0000] {logging_mixin.py:190} INFO - [2024-10-03T11:20:30.713+0000] {dag.py:3239} INFO - Sync 1 DAGs
[2024-10-03T11:20:30.720+0000] {logging_mixin.py:190} INFO - [2024-10-03T11:20:30.720+0000] {dag.py:4180} INFO - Setting next_dagrun for tutorial_objectstorage to None, run_after=None
[2024-10-03T11:20:30.729+0000] {processor.py:208} INFO - Processing /home/airflow/.local/lib/python3.12/site-packages/airflow/example_dags/tutorial_objectstorage.py took 0.038 seconds
[2024-10-03T11:21:01.096+0000] {processor.py:186} INFO - Started process (PID=1140) to work on /home/airflow/.local/lib/python3.12/site-packages/airflow/example_dags/tutorial_objectstorage.py
[2024-10-03T11:21:01.097+0000] {processor.py:914} INFO - Processing file /home/airflow/.local/lib/python3.12/site-packages/airflow/example_dags/tutorial_objectstorage.py for tasks to queue
[2024-10-03T11:21:01.098+0000] {logging_mixin.py:190} INFO - [2024-10-03T11:21:01.098+0000] {dagbag.py:588} INFO - Filling up the DagBag from /home/airflow/.local/lib/python3.12/site-packages/airflow/example_dags/tutorial_objectstorage.py
[2024-10-03T11:21:01.104+0000] {processor.py:925} INFO - DAG(s) 'tutorial_objectstorage' retrieved from /home/airflow/.local/lib/python3.12/site-packages/airflow/example_dags/tutorial_objectstorage.py
[2024-10-03T11:21:01.114+0000] {logging_mixin.py:190} INFO - [2024-10-03T11:21:01.114+0000] {dag.py:3239} INFO - Sync 1 DAGs
[2024-10-03T11:21:01.122+0000] {logging_mixin.py:190} INFO - [2024-10-03T11:21:01.122+0000] {dag.py:4180} INFO - Setting next_dagrun for tutorial_objectstorage to None, run_after=None
[2024-10-03T11:21:01.131+0000] {processor.py:208} INFO - Processing /home/airflow/.local/lib/python3.12/site-packages/airflow/example_dags/tutorial_objectstorage.py took 0.038 seconds
[2024-10-03T11:21:31.567+0000] {processor.py:186} INFO - Started process (PID=1426) to work on /home/airflow/.local/lib/python3.12/site-packages/airflow/example_dags/tutorial_objectstorage.py
[2024-10-03T11:21:31.567+0000] {processor.py:914} INFO - Processing file /home/airflow/.local/lib/python3.12/site-packages/airflow/example_dags/tutorial_objectstorage.py for tasks to queue
[2024-10-03T11:21:31.569+0000] {logging_mixin.py:190} INFO - [2024-10-03T11:21:31.568+0000] {dagbag.py:588} INFO - Filling up the DagBag from /home/airflow/.local/lib/python3.12/site-packages/airflow/example_dags/tutorial_objectstorage.py
[2024-10-03T11:21:31.575+0000] {processor.py:925} INFO - DAG(s) 'tutorial_objectstorage' retrieved from /home/airflow/.local/lib/python3.12/site-packages/airflow/example_dags/tutorial_objectstorage.py
[2024-10-03T11:21:31.586+0000] {logging_mixin.py:190} INFO - [2024-10-03T11:21:31.586+0000] {dag.py:3239} INFO - Sync 1 DAGs
[2024-10-03T11:21:31.594+0000] {logging_mixin.py:190} INFO - [2024-10-03T11:21:31.594+0000] {dag.py:4180} INFO - Setting next_dagrun for tutorial_objectstorage to None, run_after=None
[2024-10-03T11:21:31.603+0000] {processor.py:208} INFO - Processing /home/airflow/.local/lib/python3.12/site-packages/airflow/example_dags/tutorial_objectstorage.py took 0.040 seconds
[2024-10-03T11:22:02.065+0000] {processor.py:186} INFO - Started process (PID=1712) to work on /home/airflow/.local/lib/python3.12/site-packages/airflow/example_dags/tutorial_objectstorage.py
[2024-10-03T11:22:02.066+0000] {processor.py:914} INFO - Processing file /home/airflow/.local/lib/python3.12/site-packages/airflow/example_dags/tutorial_objectstorage.py for tasks to queue
[2024-10-03T11:22:02.068+0000] {logging_mixin.py:190} INFO - [2024-10-03T11:22:02.067+0000] {dagbag.py:588} INFO - Filling up the DagBag from /home/airflow/.local/lib/python3.12/site-packages/airflow/example_dags/tutorial_objectstorage.py
[2024-10-03T11:22:02.073+0000] {processor.py:925} INFO - DAG(s) 'tutorial_objectstorage' retrieved from /home/airflow/.local/lib/python3.12/site-packages/airflow/example_dags/tutorial_objectstorage.py
[2024-10-03T11:22:02.083+0000] {logging_mixin.py:190} INFO - [2024-10-03T11:22:02.083+0000] {dag.py:3239} INFO - Sync 1 DAGs
[2024-10-03T11:22:02.090+0000] {logging_mixin.py:190} INFO - [2024-10-03T11:22:02.090+0000] {dag.py:4180} INFO - Setting next_dagrun for tutorial_objectstorage to None, run_after=None
[2024-10-03T11:22:02.099+0000] {processor.py:208} INFO - Processing /home/airflow/.local/lib/python3.12/site-packages/airflow/example_dags/tutorial_objectstorage.py took 0.037 seconds
[2024-10-03T11:22:32.509+0000] {processor.py:186} INFO - Started process (PID=1998) to work on /home/airflow/.local/lib/python3.12/site-packages/airflow/example_dags/tutorial_objectstorage.py
[2024-10-03T11:22:32.510+0000] {processor.py:914} INFO - Processing file /home/airflow/.local/lib/python3.12/site-packages/airflow/example_dags/tutorial_objectstorage.py for tasks to queue
[2024-10-03T11:22:32.511+0000] {logging_mixin.py:190} INFO - [2024-10-03T11:22:32.511+0000] {dagbag.py:588} INFO - Filling up the DagBag from /home/airflow/.local/lib/python3.12/site-packages/airflow/example_dags/tutorial_objectstorage.py
[2024-10-03T11:22:32.517+0000] {processor.py:925} INFO - DAG(s) 'tutorial_objectstorage' retrieved from /home/airflow/.local/lib/python3.12/site-packages/airflow/example_dags/tutorial_objectstorage.py
[2024-10-03T11:22:32.528+0000] {logging_mixin.py:190} INFO - [2024-10-03T11:22:32.528+0000] {dag.py:3239} INFO - Sync 1 DAGs
[2024-10-03T11:22:32.535+0000] {logging_mixin.py:190} INFO - [2024-10-03T11:22:32.535+0000] {dag.py:4180} INFO - Setting next_dagrun for tutorial_objectstorage to None, run_after=None
[2024-10-03T11:22:32.545+0000] {processor.py:208} INFO - Processing /home/airflow/.local/lib/python3.12/site-packages/airflow/example_dags/tutorial_objectstorage.py took 0.039 seconds
[2024-10-03T11:23:03.131+0000] {processor.py:186} INFO - Started process (PID=2284) to work on /home/airflow/.local/lib/python3.12/site-packages/airflow/example_dags/tutorial_objectstorage.py
[2024-10-03T11:23:03.131+0000] {processor.py:914} INFO - Processing file /home/airflow/.local/lib/python3.12/site-packages/airflow/example_dags/tutorial_objectstorage.py for tasks to queue
[2024-10-03T11:23:03.133+0000] {logging_mixin.py:190} INFO - [2024-10-03T11:23:03.133+0000] {dagbag.py:588} INFO - Filling up the DagBag from /home/airflow/.local/lib/python3.12/site-packages/airflow/example_dags/tutorial_objectstorage.py
[2024-10-03T11:23:03.139+0000] {processor.py:925} INFO - DAG(s) 'tutorial_objectstorage' retrieved from /home/airflow/.local/lib/python3.12/site-packages/airflow/example_dags/tutorial_objectstorage.py
[2024-10-03T11:23:03.149+0000] {logging_mixin.py:190} INFO - [2024-10-03T11:23:03.149+0000] {dag.py:3239} INFO - Sync 1 DAGs
[2024-10-03T11:23:03.157+0000] {logging_mixin.py:190} INFO - [2024-10-03T11:23:03.157+0000] {dag.py:4180} INFO - Setting next_dagrun for tutorial_objectstorage to None, run_after=None
[2024-10-03T11:23:03.166+0000] {processor.py:208} INFO - Processing /home/airflow/.local/lib/python3.12/site-packages/airflow/example_dags/tutorial_objectstorage.py took 0.039 seconds
[2024-10-03T11:23:33.410+0000] {processor.py:186} INFO - Started process (PID=2572) to work on /home/airflow/.local/lib/python3.12/site-packages/airflow/example_dags/tutorial_objectstorage.py
[2024-10-03T11:23:33.411+0000] {processor.py:914} INFO - Processing file /home/airflow/.local/lib/python3.12/site-packages/airflow/example_dags/tutorial_objectstorage.py for tasks to queue
[2024-10-03T11:23:33.413+0000] {logging_mixin.py:190} INFO - [2024-10-03T11:23:33.412+0000] {dagbag.py:588} INFO - Filling up the DagBag from /home/airflow/.local/lib/python3.12/site-packages/airflow/example_dags/tutorial_objectstorage.py
[2024-10-03T11:23:33.418+0000] {processor.py:925} INFO - DAG(s) 'tutorial_objectstorage' retrieved from /home/airflow/.local/lib/python3.12/site-packages/airflow/example_dags/tutorial_objectstorage.py
[2024-10-03T11:23:33.429+0000] {logging_mixin.py:190} INFO - [2024-10-03T11:23:33.428+0000] {dag.py:3239} INFO - Sync 1 DAGs
[2024-10-03T11:23:33.435+0000] {logging_mixin.py:190} INFO - [2024-10-03T11:23:33.435+0000] {dag.py:4180} INFO - Setting next_dagrun for tutorial_objectstorage to None, run_after=None
[2024-10-03T11:23:33.443+0000] {processor.py:208} INFO - Processing /home/airflow/.local/lib/python3.12/site-packages/airflow/example_dags/tutorial_objectstorage.py took 0.037 seconds
[2024-10-03T11:24:03.760+0000] {processor.py:186} INFO - Started process (PID=2856) to work on /home/airflow/.local/lib/python3.12/site-packages/airflow/example_dags/tutorial_objectstorage.py
[2024-10-03T11:24:03.761+0000] {processor.py:914} INFO - Processing file /home/airflow/.local/lib/python3.12/site-packages/airflow/example_dags/tutorial_objectstorage.py for tasks to queue
[2024-10-03T11:24:03.763+0000] {logging_mixin.py:190} INFO - [2024-10-03T11:24:03.762+0000] {dagbag.py:588} INFO - Filling up the DagBag from /home/airflow/.local/lib/python3.12/site-packages/airflow/example_dags/tutorial_objectstorage.py
[2024-10-03T11:24:03.768+0000] {processor.py:925} INFO - DAG(s) 'tutorial_objectstorage' retrieved from /home/airflow/.local/lib/python3.12/site-packages/airflow/example_dags/tutorial_objectstorage.py
[2024-10-03T11:24:03.779+0000] {logging_mixin.py:190} INFO - [2024-10-03T11:24:03.779+0000] {dag.py:3239} INFO - Sync 1 DAGs
[2024-10-03T11:24:03.787+0000] {logging_mixin.py:190} INFO - [2024-10-03T11:24:03.787+0000] {dag.py:4180} INFO - Setting next_dagrun for tutorial_objectstorage to None, run_after=None
[2024-10-03T11:24:03.797+0000] {processor.py:208} INFO - Processing /home/airflow/.local/lib/python3.12/site-packages/airflow/example_dags/tutorial_objectstorage.py took 0.041 seconds
[2024-10-03T11:24:34.285+0000] {processor.py:186} INFO - Started process (PID=3142) to work on /home/airflow/.local/lib/python3.12/site-packages/airflow/example_dags/tutorial_objectstorage.py
[2024-10-03T11:24:34.286+0000] {processor.py:914} INFO - Processing file /home/airflow/.local/lib/python3.12/site-packages/airflow/example_dags/tutorial_objectstorage.py for tasks to queue
[2024-10-03T11:24:34.287+0000] {logging_mixin.py:190} INFO - [2024-10-03T11:24:34.287+0000] {dagbag.py:588} INFO - Filling up the DagBag from /home/airflow/.local/lib/python3.12/site-packages/airflow/example_dags/tutorial_objectstorage.py
[2024-10-03T11:24:34.293+0000] {processor.py:925} INFO - DAG(s) 'tutorial_objectstorage' retrieved from /home/airflow/.local/lib/python3.12/site-packages/airflow/example_dags/tutorial_objectstorage.py
[2024-10-03T11:24:34.303+0000] {logging_mixin.py:190} INFO - [2024-10-03T11:24:34.303+0000] {dag.py:3239} INFO - Sync 1 DAGs
[2024-10-03T11:24:34.311+0000] {logging_mixin.py:190} INFO - [2024-10-03T11:24:34.311+0000] {dag.py:4180} INFO - Setting next_dagrun for tutorial_objectstorage to None, run_after=None
[2024-10-03T11:24:34.320+0000] {processor.py:208} INFO - Processing /home/airflow/.local/lib/python3.12/site-packages/airflow/example_dags/tutorial_objectstorage.py took 0.039 seconds
[2024-10-03T11:25:04.907+0000] {processor.py:186} INFO - Started process (PID=3428) to work on /home/airflow/.local/lib/python3.12/site-packages/airflow/example_dags/tutorial_objectstorage.py
[2024-10-03T11:25:04.908+0000] {processor.py:914} INFO - Processing file /home/airflow/.local/lib/python3.12/site-packages/airflow/example_dags/tutorial_objectstorage.py for tasks to queue
[2024-10-03T11:25:04.909+0000] {logging_mixin.py:190} INFO - [2024-10-03T11:25:04.909+0000] {dagbag.py:588} INFO - Filling up the DagBag from /home/airflow/.local/lib/python3.12/site-packages/airflow/example_dags/tutorial_objectstorage.py
[2024-10-03T11:25:04.915+0000] {processor.py:925} INFO - DAG(s) 'tutorial_objectstorage' retrieved from /home/airflow/.local/lib/python3.12/site-packages/airflow/example_dags/tutorial_objectstorage.py
[2024-10-03T11:25:04.927+0000] {logging_mixin.py:190} INFO - [2024-10-03T11:25:04.926+0000] {dag.py:3239} INFO - Sync 1 DAGs
[2024-10-03T11:25:04.935+0000] {logging_mixin.py:190} INFO - [2024-10-03T11:25:04.934+0000] {dag.py:4180} INFO - Setting next_dagrun for tutorial_objectstorage to None, run_after=None
[2024-10-03T11:25:04.945+0000] {processor.py:208} INFO - Processing /home/airflow/.local/lib/python3.12/site-packages/airflow/example_dags/tutorial_objectstorage.py took 0.042 seconds
[2024-10-03T11:25:35.442+0000] {processor.py:186} INFO - Started process (PID=3714) to work on /home/airflow/.local/lib/python3.12/site-packages/airflow/example_dags/tutorial_objectstorage.py
[2024-10-03T11:25:35.443+0000] {processor.py:914} INFO - Processing file /home/airflow/.local/lib/python3.12/site-packages/airflow/example_dags/tutorial_objectstorage.py for tasks to queue
[2024-10-03T11:25:35.445+0000] {logging_mixin.py:190} INFO - [2024-10-03T11:25:35.445+0000] {dagbag.py:588} INFO - Filling up the DagBag from /home/airflow/.local/lib/python3.12/site-packages/airflow/example_dags/tutorial_objectstorage.py
[2024-10-03T11:25:35.450+0000] {processor.py:925} INFO - DAG(s) 'tutorial_objectstorage' retrieved from /home/airflow/.local/lib/python3.12/site-packages/airflow/example_dags/tutorial_objectstorage.py
[2024-10-03T11:25:35.462+0000] {logging_mixin.py:190} INFO - [2024-10-03T11:25:35.462+0000] {dag.py:3239} INFO - Sync 1 DAGs
[2024-10-03T11:25:35.470+0000] {logging_mixin.py:190} INFO - [2024-10-03T11:25:35.469+0000] {dag.py:4180} INFO - Setting next_dagrun for tutorial_objectstorage to None, run_after=None
[2024-10-03T11:25:35.479+0000] {processor.py:208} INFO - Processing /home/airflow/.local/lib/python3.12/site-packages/airflow/example_dags/tutorial_objectstorage.py took 0.040 seconds
[2024-10-03T11:26:05.794+0000] {processor.py:186} INFO - Started process (PID=4004) to work on /home/airflow/.local/lib/python3.12/site-packages/airflow/example_dags/tutorial_objectstorage.py
[2024-10-03T11:26:05.795+0000] {processor.py:914} INFO - Processing file /home/airflow/.local/lib/python3.12/site-packages/airflow/example_dags/tutorial_objectstorage.py for tasks to queue
[2024-10-03T11:26:05.796+0000] {logging_mixin.py:190} INFO - [2024-10-03T11:26:05.796+0000] {dagbag.py:588} INFO - Filling up the DagBag from /home/airflow/.local/lib/python3.12/site-packages/airflow/example_dags/tutorial_objectstorage.py
[2024-10-03T11:26:05.802+0000] {processor.py:925} INFO - DAG(s) 'tutorial_objectstorage' retrieved from /home/airflow/.local/lib/python3.12/site-packages/airflow/example_dags/tutorial_objectstorage.py
[2024-10-03T11:26:05.813+0000] {logging_mixin.py:190} INFO - [2024-10-03T11:26:05.813+0000] {dag.py:3239} INFO - Sync 1 DAGs
[2024-10-03T11:26:05.821+0000] {logging_mixin.py:190} INFO - [2024-10-03T11:26:05.821+0000] {dag.py:4180} INFO - Setting next_dagrun for tutorial_objectstorage to None, run_after=None
[2024-10-03T11:26:05.830+0000] {processor.py:208} INFO - Processing /home/airflow/.local/lib/python3.12/site-packages/airflow/example_dags/tutorial_objectstorage.py took 0.039 seconds
[2024-10-03T11:26:36.294+0000] {processor.py:186} INFO - Started process (PID=4295) to work on /home/airflow/.local/lib/python3.12/site-packages/airflow/example_dags/tutorial_objectstorage.py
[2024-10-03T11:26:36.295+0000] {processor.py:914} INFO - Processing file /home/airflow/.local/lib/python3.12/site-packages/airflow/example_dags/tutorial_objectstorage.py for tasks to queue
[2024-10-03T11:26:36.296+0000] {logging_mixin.py:190} INFO - [2024-10-03T11:26:36.296+0000] {dagbag.py:588} INFO - Filling up the DagBag from /home/airflow/.local/lib/python3.12/site-packages/airflow/example_dags/tutorial_objectstorage.py
[2024-10-03T11:26:36.302+0000] {processor.py:925} INFO - DAG(s) 'tutorial_objectstorage' retrieved from /home/airflow/.local/lib/python3.12/site-packages/airflow/example_dags/tutorial_objectstorage.py
[2024-10-03T11:26:36.313+0000] {logging_mixin.py:190} INFO - [2024-10-03T11:26:36.312+0000] {dag.py:3239} INFO - Sync 1 DAGs
[2024-10-03T11:26:36.320+0000] {logging_mixin.py:190} INFO - [2024-10-03T11:26:36.320+0000] {dag.py:4180} INFO - Setting next_dagrun for tutorial_objectstorage to None, run_after=None
[2024-10-03T11:26:36.329+0000] {processor.py:208} INFO - Processing /home/airflow/.local/lib/python3.12/site-packages/airflow/example_dags/tutorial_objectstorage.py took 0.038 seconds
[2024-10-03T11:27:06.769+0000] {processor.py:186} INFO - Started process (PID=4583) to work on /home/airflow/.local/lib/python3.12/site-packages/airflow/example_dags/tutorial_objectstorage.py
[2024-10-03T11:27:06.769+0000] {processor.py:914} INFO - Processing file /home/airflow/.local/lib/python3.12/site-packages/airflow/example_dags/tutorial_objectstorage.py for tasks to queue
[2024-10-03T11:27:06.771+0000] {logging_mixin.py:190} INFO - [2024-10-03T11:27:06.771+0000] {dagbag.py:588} INFO - Filling up the DagBag from /home/airflow/.local/lib/python3.12/site-packages/airflow/example_dags/tutorial_objectstorage.py
[2024-10-03T11:27:06.777+0000] {processor.py:925} INFO - DAG(s) 'tutorial_objectstorage' retrieved from /home/airflow/.local/lib/python3.12/site-packages/airflow/example_dags/tutorial_objectstorage.py
[2024-10-03T11:27:06.788+0000] {logging_mixin.py:190} INFO - [2024-10-03T11:27:06.788+0000] {dag.py:3239} INFO - Sync 1 DAGs
[2024-10-03T11:27:06.795+0000] {logging_mixin.py:190} INFO - [2024-10-03T11:27:06.795+0000] {dag.py:4180} INFO - Setting next_dagrun for tutorial_objectstorage to None, run_after=None
[2024-10-03T11:27:06.803+0000] {processor.py:208} INFO - Processing /home/airflow/.local/lib/python3.12/site-packages/airflow/example_dags/tutorial_objectstorage.py took 0.038 seconds
[2024-10-03T11:27:37.142+0000] {processor.py:186} INFO - Started process (PID=4867) to work on /home/airflow/.local/lib/python3.12/site-packages/airflow/example_dags/tutorial_objectstorage.py
[2024-10-03T11:27:37.143+0000] {processor.py:914} INFO - Processing file /home/airflow/.local/lib/python3.12/site-packages/airflow/example_dags/tutorial_objectstorage.py for tasks to queue
[2024-10-03T11:27:37.144+0000] {logging_mixin.py:190} INFO - [2024-10-03T11:27:37.144+0000] {dagbag.py:588} INFO - Filling up the DagBag from /home/airflow/.local/lib/python3.12/site-packages/airflow/example_dags/tutorial_objectstorage.py
[2024-10-03T11:27:37.150+0000] {processor.py:925} INFO - DAG(s) 'tutorial_objectstorage' retrieved from /home/airflow/.local/lib/python3.12/site-packages/airflow/example_dags/tutorial_objectstorage.py
[2024-10-03T11:27:37.160+0000] {logging_mixin.py:190} INFO - [2024-10-03T11:27:37.160+0000] {dag.py:3239} INFO - Sync 1 DAGs
[2024-10-03T11:27:37.168+0000] {logging_mixin.py:190} INFO - [2024-10-03T11:27:37.167+0000] {dag.py:4180} INFO - Setting next_dagrun for tutorial_objectstorage to None, run_after=None
[2024-10-03T11:27:37.176+0000] {processor.py:208} INFO - Processing /home/airflow/.local/lib/python3.12/site-packages/airflow/example_dags/tutorial_objectstorage.py took 0.038 seconds
[2024-10-03T11:28:07.511+0000] {processor.py:186} INFO - Started process (PID=5153) to work on /home/airflow/.local/lib/python3.12/site-packages/airflow/example_dags/tutorial_objectstorage.py
[2024-10-03T11:28:07.512+0000] {processor.py:914} INFO - Processing file /home/airflow/.local/lib/python3.12/site-packages/airflow/example_dags/tutorial_objectstorage.py for tasks to queue
[2024-10-03T11:28:07.513+0000] {logging_mixin.py:190} INFO - [2024-10-03T11:28:07.513+0000] {dagbag.py:588} INFO - Filling up the DagBag from /home/airflow/.local/lib/python3.12/site-packages/airflow/example_dags/tutorial_objectstorage.py
[2024-10-03T11:28:07.519+0000] {processor.py:925} INFO - DAG(s) 'tutorial_objectstorage' retrieved from /home/airflow/.local/lib/python3.12/site-packages/airflow/example_dags/tutorial_objectstorage.py
[2024-10-03T11:28:07.531+0000] {logging_mixin.py:190} INFO - [2024-10-03T11:28:07.530+0000] {dag.py:3239} INFO - Sync 1 DAGs
[2024-10-03T11:28:07.539+0000] {logging_mixin.py:190} INFO - [2024-10-03T11:28:07.538+0000] {dag.py:4180} INFO - Setting next_dagrun for tutorial_objectstorage to None, run_after=None
[2024-10-03T11:28:07.548+0000] {processor.py:208} INFO - Processing /home/airflow/.local/lib/python3.12/site-packages/airflow/example_dags/tutorial_objectstorage.py took 0.041 seconds
[2024-10-03T11:28:37.883+0000] {processor.py:186} INFO - Started process (PID=5439) to work on /home/airflow/.local/lib/python3.12/site-packages/airflow/example_dags/tutorial_objectstorage.py
[2024-10-03T11:28:37.883+0000] {processor.py:914} INFO - Processing file /home/airflow/.local/lib/python3.12/site-packages/airflow/example_dags/tutorial_objectstorage.py for tasks to queue
[2024-10-03T11:28:37.885+0000] {logging_mixin.py:190} INFO - [2024-10-03T11:28:37.885+0000] {dagbag.py:588} INFO - Filling up the DagBag from /home/airflow/.local/lib/python3.12/site-packages/airflow/example_dags/tutorial_objectstorage.py
[2024-10-03T11:28:37.890+0000] {processor.py:925} INFO - DAG(s) 'tutorial_objectstorage' retrieved from /home/airflow/.local/lib/python3.12/site-packages/airflow/example_dags/tutorial_objectstorage.py
[2024-10-03T11:28:37.901+0000] {logging_mixin.py:190} INFO - [2024-10-03T11:28:37.901+0000] {dag.py:3239} INFO - Sync 1 DAGs
[2024-10-03T11:28:37.908+0000] {logging_mixin.py:190} INFO - [2024-10-03T11:28:37.908+0000] {dag.py:4180} INFO - Setting next_dagrun for tutorial_objectstorage to None, run_after=None
[2024-10-03T11:28:37.917+0000] {processor.py:208} INFO - Processing /home/airflow/.local/lib/python3.12/site-packages/airflow/example_dags/tutorial_objectstorage.py took 0.038 seconds
[2024-10-03T11:29:08.116+0000] {processor.py:186} INFO - Started process (PID=5749) to work on /home/airflow/.local/lib/python3.12/site-packages/airflow/example_dags/tutorial_objectstorage.py
[2024-10-03T11:29:08.117+0000] {processor.py:914} INFO - Processing file /home/airflow/.local/lib/python3.12/site-packages/airflow/example_dags/tutorial_objectstorage.py for tasks to queue
[2024-10-03T11:29:08.118+0000] {logging_mixin.py:190} INFO - [2024-10-03T11:29:08.118+0000] {dagbag.py:588} INFO - Filling up the DagBag from /home/airflow/.local/lib/python3.12/site-packages/airflow/example_dags/tutorial_objectstorage.py
[2024-10-03T11:29:08.124+0000] {processor.py:925} INFO - DAG(s) 'tutorial_objectstorage' retrieved from /home/airflow/.local/lib/python3.12/site-packages/airflow/example_dags/tutorial_objectstorage.py
[2024-10-03T11:29:08.135+0000] {logging_mixin.py:190} INFO - [2024-10-03T11:29:08.135+0000] {dag.py:3239} INFO - Sync 1 DAGs
[2024-10-03T11:29:08.142+0000] {logging_mixin.py:190} INFO - [2024-10-03T11:29:08.142+0000] {dag.py:4180} INFO - Setting next_dagrun for tutorial_objectstorage to None, run_after=None
[2024-10-03T11:29:08.150+0000] {processor.py:208} INFO - Processing /home/airflow/.local/lib/python3.12/site-packages/airflow/example_dags/tutorial_objectstorage.py took 0.038 seconds
[2024-10-03T11:29:38.403+0000] {processor.py:186} INFO - Started process (PID=6035) to work on /home/airflow/.local/lib/python3.12/site-packages/airflow/example_dags/tutorial_objectstorage.py
[2024-10-03T11:29:38.404+0000] {processor.py:914} INFO - Processing file /home/airflow/.local/lib/python3.12/site-packages/airflow/example_dags/tutorial_objectstorage.py for tasks to queue
[2024-10-03T11:29:38.405+0000] {logging_mixin.py:190} INFO - [2024-10-03T11:29:38.405+0000] {dagbag.py:588} INFO - Filling up the DagBag from /home/airflow/.local/lib/python3.12/site-packages/airflow/example_dags/tutorial_objectstorage.py
[2024-10-03T11:29:38.411+0000] {processor.py:925} INFO - DAG(s) 'tutorial_objectstorage' retrieved from /home/airflow/.local/lib/python3.12/site-packages/airflow/example_dags/tutorial_objectstorage.py
[2024-10-03T11:29:38.422+0000] {logging_mixin.py:190} INFO - [2024-10-03T11:29:38.422+0000] {dag.py:3239} INFO - Sync 1 DAGs
[2024-10-03T11:29:38.430+0000] {logging_mixin.py:190} INFO - [2024-10-03T11:29:38.429+0000] {dag.py:4180} INFO - Setting next_dagrun for tutorial_objectstorage to None, run_after=None
[2024-10-03T11:29:38.439+0000] {processor.py:208} INFO - Processing /home/airflow/.local/lib/python3.12/site-packages/airflow/example_dags/tutorial_objectstorage.py took 0.039 seconds
[2024-10-03T11:30:08.822+0000] {processor.py:186} INFO - Started process (PID=6321) to work on /home/airflow/.local/lib/python3.12/site-packages/airflow/example_dags/tutorial_objectstorage.py
[2024-10-03T11:30:08.823+0000] {processor.py:914} INFO - Processing file /home/airflow/.local/lib/python3.12/site-packages/airflow/example_dags/tutorial_objectstorage.py for tasks to queue
[2024-10-03T11:30:08.825+0000] {logging_mixin.py:190} INFO - [2024-10-03T11:30:08.825+0000] {dagbag.py:588} INFO - Filling up the DagBag from /home/airflow/.local/lib/python3.12/site-packages/airflow/example_dags/tutorial_objectstorage.py
[2024-10-03T11:30:08.830+0000] {processor.py:925} INFO - DAG(s) 'tutorial_objectstorage' retrieved from /home/airflow/.local/lib/python3.12/site-packages/airflow/example_dags/tutorial_objectstorage.py
[2024-10-03T11:30:08.842+0000] {logging_mixin.py:190} INFO - [2024-10-03T11:30:08.842+0000] {dag.py:3239} INFO - Sync 1 DAGs
[2024-10-03T11:30:08.850+0000] {logging_mixin.py:190} INFO - [2024-10-03T11:30:08.850+0000] {dag.py:4180} INFO - Setting next_dagrun for tutorial_objectstorage to None, run_after=None
[2024-10-03T11:30:08.860+0000] {processor.py:208} INFO - Processing /home/airflow/.local/lib/python3.12/site-packages/airflow/example_dags/tutorial_objectstorage.py took 0.042 seconds
[2024-10-03T11:30:39.157+0000] {processor.py:186} INFO - Started process (PID=6607) to work on /home/airflow/.local/lib/python3.12/site-packages/airflow/example_dags/tutorial_objectstorage.py
[2024-10-03T11:30:39.158+0000] {processor.py:914} INFO - Processing file /home/airflow/.local/lib/python3.12/site-packages/airflow/example_dags/tutorial_objectstorage.py for tasks to queue
[2024-10-03T11:30:39.159+0000] {logging_mixin.py:190} INFO - [2024-10-03T11:30:39.159+0000] {dagbag.py:588} INFO - Filling up the DagBag from /home/airflow/.local/lib/python3.12/site-packages/airflow/example_dags/tutorial_objectstorage.py
[2024-10-03T11:30:39.165+0000] {processor.py:925} INFO - DAG(s) 'tutorial_objectstorage' retrieved from /home/airflow/.local/lib/python3.12/site-packages/airflow/example_dags/tutorial_objectstorage.py
[2024-10-03T11:30:39.175+0000] {logging_mixin.py:190} INFO - [2024-10-03T11:30:39.175+0000] {dag.py:3239} INFO - Sync 1 DAGs
[2024-10-03T11:30:39.183+0000] {logging_mixin.py:190} INFO - [2024-10-03T11:30:39.183+0000] {dag.py:4180} INFO - Setting next_dagrun for tutorial_objectstorage to None, run_after=None
[2024-10-03T11:30:39.192+0000] {processor.py:208} INFO - Processing /home/airflow/.local/lib/python3.12/site-packages/airflow/example_dags/tutorial_objectstorage.py took 0.038 seconds
[2024-10-03T11:31:09.490+0000] {processor.py:186} INFO - Started process (PID=6893) to work on /home/airflow/.local/lib/python3.12/site-packages/airflow/example_dags/tutorial_objectstorage.py
[2024-10-03T11:31:09.491+0000] {processor.py:914} INFO - Processing file /home/airflow/.local/lib/python3.12/site-packages/airflow/example_dags/tutorial_objectstorage.py for tasks to queue
[2024-10-03T11:31:09.493+0000] {logging_mixin.py:190} INFO - [2024-10-03T11:31:09.493+0000] {dagbag.py:588} INFO - Filling up the DagBag from /home/airflow/.local/lib/python3.12/site-packages/airflow/example_dags/tutorial_objectstorage.py
[2024-10-03T11:31:09.499+0000] {processor.py:925} INFO - DAG(s) 'tutorial_objectstorage' retrieved from /home/airflow/.local/lib/python3.12/site-packages/airflow/example_dags/tutorial_objectstorage.py
[2024-10-03T11:31:09.510+0000] {logging_mixin.py:190} INFO - [2024-10-03T11:31:09.510+0000] {dag.py:3239} INFO - Sync 1 DAGs
[2024-10-03T11:31:09.517+0000] {logging_mixin.py:190} INFO - [2024-10-03T11:31:09.517+0000] {dag.py:4180} INFO - Setting next_dagrun for tutorial_objectstorage to None, run_after=None
[2024-10-03T11:31:09.526+0000] {processor.py:208} INFO - Processing /home/airflow/.local/lib/python3.12/site-packages/airflow/example_dags/tutorial_objectstorage.py took 0.039 seconds
