[2024-10-03T11:19:29.987+0000] {processor.py:186} INFO - Started process (PID=302) to work on /home/airflow/.local/lib/python3.12/site-packages/airflow/example_dags/tutorial_taskflow_api.py
[2024-10-03T11:19:29.988+0000] {processor.py:914} INFO - Processing file /home/airflow/.local/lib/python3.12/site-packages/airflow/example_dags/tutorial_taskflow_api.py for tasks to queue
[2024-10-03T11:19:29.989+0000] {logging_mixin.py:190} INFO - [2024-10-03T11:19:29.989+0000] {dagbag.py:588} INFO - Filling up the DagBag from /home/airflow/.local/lib/python3.12/site-packages/airflow/example_dags/tutorial_taskflow_api.py
[2024-10-03T11:19:29.996+0000] {processor.py:925} INFO - DAG(s) 'tutorial_taskflow_api' retrieved from /home/airflow/.local/lib/python3.12/site-packages/airflow/example_dags/tutorial_taskflow_api.py
[2024-10-03T11:19:30.052+0000] {logging_mixin.py:190} INFO - [2024-10-03T11:19:30.051+0000] {override.py:1900} INFO - Created Permission View: can delete on DAG:tutorial_taskflow_api
[2024-10-03T11:19:30.056+0000] {logging_mixin.py:190} INFO - [2024-10-03T11:19:30.056+0000] {override.py:1900} INFO - Created Permission View: can read on DAG:tutorial_taskflow_api
[2024-10-03T11:19:30.059+0000] {logging_mixin.py:190} INFO - [2024-10-03T11:19:30.059+0000] {override.py:1900} INFO - Created Permission View: can edit on DAG:tutorial_taskflow_api
[2024-10-03T11:19:30.062+0000] {logging_mixin.py:190} INFO - [2024-10-03T11:19:30.062+0000] {override.py:1900} INFO - Created Permission View: can read on DAG Run:tutorial_taskflow_api
[2024-10-03T11:19:30.065+0000] {logging_mixin.py:190} INFO - [2024-10-03T11:19:30.065+0000] {override.py:1900} INFO - Created Permission View: can create on DAG Run:tutorial_taskflow_api
[2024-10-03T11:19:30.068+0000] {logging_mixin.py:190} INFO - [2024-10-03T11:19:30.068+0000] {override.py:1900} INFO - Created Permission View: menu access on DAG Run:tutorial_taskflow_api
[2024-10-03T11:19:30.071+0000] {logging_mixin.py:190} INFO - [2024-10-03T11:19:30.071+0000] {override.py:1900} INFO - Created Permission View: can delete on DAG Run:tutorial_taskflow_api
[2024-10-03T11:19:30.072+0000] {logging_mixin.py:190} INFO - [2024-10-03T11:19:30.072+0000] {dag.py:3239} INFO - Sync 1 DAGs
[2024-10-03T11:19:30.079+0000] {logging_mixin.py:190} INFO - [2024-10-03T11:19:30.079+0000] {dag.py:3262} INFO - Creating ORM DAG for tutorial_taskflow_api
[2024-10-03T11:19:30.080+0000] {logging_mixin.py:190} INFO - [2024-10-03T11:19:30.080+0000] {dag.py:4180} INFO - Setting next_dagrun for tutorial_taskflow_api to None, run_after=None
[2024-10-03T11:19:30.089+0000] {processor.py:208} INFO - Processing /home/airflow/.local/lib/python3.12/site-packages/airflow/example_dags/tutorial_taskflow_api.py took 0.107 seconds
[2024-10-03T11:20:00.394+0000] {processor.py:186} INFO - Started process (PID=590) to work on /home/airflow/.local/lib/python3.12/site-packages/airflow/example_dags/tutorial_taskflow_api.py
[2024-10-03T11:20:00.395+0000] {processor.py:914} INFO - Processing file /home/airflow/.local/lib/python3.12/site-packages/airflow/example_dags/tutorial_taskflow_api.py for tasks to queue
[2024-10-03T11:20:00.396+0000] {logging_mixin.py:190} INFO - [2024-10-03T11:20:00.396+0000] {dagbag.py:588} INFO - Filling up the DagBag from /home/airflow/.local/lib/python3.12/site-packages/airflow/example_dags/tutorial_taskflow_api.py
[2024-10-03T11:20:00.401+0000] {processor.py:925} INFO - DAG(s) 'tutorial_taskflow_api' retrieved from /home/airflow/.local/lib/python3.12/site-packages/airflow/example_dags/tutorial_taskflow_api.py
[2024-10-03T11:20:00.413+0000] {logging_mixin.py:190} INFO - [2024-10-03T11:20:00.413+0000] {dag.py:3239} INFO - Sync 1 DAGs
[2024-10-03T11:20:00.420+0000] {logging_mixin.py:190} INFO - [2024-10-03T11:20:00.420+0000] {dag.py:4180} INFO - Setting next_dagrun for tutorial_taskflow_api to None, run_after=None
[2024-10-03T11:20:00.429+0000] {processor.py:208} INFO - Processing /home/airflow/.local/lib/python3.12/site-packages/airflow/example_dags/tutorial_taskflow_api.py took 0.038 seconds
[2024-10-03T11:20:30.815+0000] {processor.py:186} INFO - Started process (PID=874) to work on /home/airflow/.local/lib/python3.12/site-packages/airflow/example_dags/tutorial_taskflow_api.py
[2024-10-03T11:20:30.815+0000] {processor.py:914} INFO - Processing file /home/airflow/.local/lib/python3.12/site-packages/airflow/example_dags/tutorial_taskflow_api.py for tasks to queue
[2024-10-03T11:20:30.817+0000] {logging_mixin.py:190} INFO - [2024-10-03T11:20:30.817+0000] {dagbag.py:588} INFO - Filling up the DagBag from /home/airflow/.local/lib/python3.12/site-packages/airflow/example_dags/tutorial_taskflow_api.py
[2024-10-03T11:20:30.821+0000] {processor.py:925} INFO - DAG(s) 'tutorial_taskflow_api' retrieved from /home/airflow/.local/lib/python3.12/site-packages/airflow/example_dags/tutorial_taskflow_api.py
[2024-10-03T11:20:30.833+0000] {logging_mixin.py:190} INFO - [2024-10-03T11:20:30.832+0000] {dag.py:3239} INFO - Sync 1 DAGs
[2024-10-03T11:20:30.840+0000] {logging_mixin.py:190} INFO - [2024-10-03T11:20:30.840+0000] {dag.py:4180} INFO - Setting next_dagrun for tutorial_taskflow_api to None, run_after=None
[2024-10-03T11:20:30.848+0000] {processor.py:208} INFO - Processing /home/airflow/.local/lib/python3.12/site-packages/airflow/example_dags/tutorial_taskflow_api.py took 0.037 seconds
[2024-10-03T11:21:01.219+0000] {processor.py:186} INFO - Started process (PID=1160) to work on /home/airflow/.local/lib/python3.12/site-packages/airflow/example_dags/tutorial_taskflow_api.py
[2024-10-03T11:21:01.220+0000] {processor.py:914} INFO - Processing file /home/airflow/.local/lib/python3.12/site-packages/airflow/example_dags/tutorial_taskflow_api.py for tasks to queue
[2024-10-03T11:21:01.221+0000] {logging_mixin.py:190} INFO - [2024-10-03T11:21:01.221+0000] {dagbag.py:588} INFO - Filling up the DagBag from /home/airflow/.local/lib/python3.12/site-packages/airflow/example_dags/tutorial_taskflow_api.py
[2024-10-03T11:21:01.226+0000] {processor.py:925} INFO - DAG(s) 'tutorial_taskflow_api' retrieved from /home/airflow/.local/lib/python3.12/site-packages/airflow/example_dags/tutorial_taskflow_api.py
[2024-10-03T11:21:01.236+0000] {logging_mixin.py:190} INFO - [2024-10-03T11:21:01.236+0000] {dag.py:3239} INFO - Sync 1 DAGs
[2024-10-03T11:21:01.244+0000] {logging_mixin.py:190} INFO - [2024-10-03T11:21:01.244+0000] {dag.py:4180} INFO - Setting next_dagrun for tutorial_taskflow_api to None, run_after=None
[2024-10-03T11:21:01.252+0000] {processor.py:208} INFO - Processing /home/airflow/.local/lib/python3.12/site-packages/airflow/example_dags/tutorial_taskflow_api.py took 0.037 seconds
[2024-10-03T11:21:31.693+0000] {processor.py:186} INFO - Started process (PID=1446) to work on /home/airflow/.local/lib/python3.12/site-packages/airflow/example_dags/tutorial_taskflow_api.py
[2024-10-03T11:21:31.693+0000] {processor.py:914} INFO - Processing file /home/airflow/.local/lib/python3.12/site-packages/airflow/example_dags/tutorial_taskflow_api.py for tasks to queue
[2024-10-03T11:21:31.695+0000] {logging_mixin.py:190} INFO - [2024-10-03T11:21:31.695+0000] {dagbag.py:588} INFO - Filling up the DagBag from /home/airflow/.local/lib/python3.12/site-packages/airflow/example_dags/tutorial_taskflow_api.py
[2024-10-03T11:21:31.700+0000] {processor.py:925} INFO - DAG(s) 'tutorial_taskflow_api' retrieved from /home/airflow/.local/lib/python3.12/site-packages/airflow/example_dags/tutorial_taskflow_api.py
[2024-10-03T11:21:31.711+0000] {logging_mixin.py:190} INFO - [2024-10-03T11:21:31.711+0000] {dag.py:3239} INFO - Sync 1 DAGs
[2024-10-03T11:21:31.718+0000] {logging_mixin.py:190} INFO - [2024-10-03T11:21:31.718+0000] {dag.py:4180} INFO - Setting next_dagrun for tutorial_taskflow_api to None, run_after=None
[2024-10-03T11:21:31.727+0000] {processor.py:208} INFO - Processing /home/airflow/.local/lib/python3.12/site-packages/airflow/example_dags/tutorial_taskflow_api.py took 0.038 seconds
[2024-10-03T11:22:02.185+0000] {processor.py:186} INFO - Started process (PID=1732) to work on /home/airflow/.local/lib/python3.12/site-packages/airflow/example_dags/tutorial_taskflow_api.py
[2024-10-03T11:22:02.185+0000] {processor.py:914} INFO - Processing file /home/airflow/.local/lib/python3.12/site-packages/airflow/example_dags/tutorial_taskflow_api.py for tasks to queue
[2024-10-03T11:22:02.187+0000] {logging_mixin.py:190} INFO - [2024-10-03T11:22:02.187+0000] {dagbag.py:588} INFO - Filling up the DagBag from /home/airflow/.local/lib/python3.12/site-packages/airflow/example_dags/tutorial_taskflow_api.py
[2024-10-03T11:22:02.192+0000] {processor.py:925} INFO - DAG(s) 'tutorial_taskflow_api' retrieved from /home/airflow/.local/lib/python3.12/site-packages/airflow/example_dags/tutorial_taskflow_api.py
[2024-10-03T11:22:02.202+0000] {logging_mixin.py:190} INFO - [2024-10-03T11:22:02.202+0000] {dag.py:3239} INFO - Sync 1 DAGs
[2024-10-03T11:22:02.209+0000] {logging_mixin.py:190} INFO - [2024-10-03T11:22:02.209+0000] {dag.py:4180} INFO - Setting next_dagrun for tutorial_taskflow_api to None, run_after=None
[2024-10-03T11:22:02.218+0000] {processor.py:208} INFO - Processing /home/airflow/.local/lib/python3.12/site-packages/airflow/example_dags/tutorial_taskflow_api.py took 0.037 seconds
[2024-10-03T11:22:32.675+0000] {processor.py:186} INFO - Started process (PID=2020) to work on /home/airflow/.local/lib/python3.12/site-packages/airflow/example_dags/tutorial_taskflow_api.py
[2024-10-03T11:22:32.675+0000] {processor.py:914} INFO - Processing file /home/airflow/.local/lib/python3.12/site-packages/airflow/example_dags/tutorial_taskflow_api.py for tasks to queue
[2024-10-03T11:22:32.677+0000] {logging_mixin.py:190} INFO - [2024-10-03T11:22:32.677+0000] {dagbag.py:588} INFO - Filling up the DagBag from /home/airflow/.local/lib/python3.12/site-packages/airflow/example_dags/tutorial_taskflow_api.py
[2024-10-03T11:22:32.682+0000] {processor.py:925} INFO - DAG(s) 'tutorial_taskflow_api' retrieved from /home/airflow/.local/lib/python3.12/site-packages/airflow/example_dags/tutorial_taskflow_api.py
[2024-10-03T11:22:32.694+0000] {logging_mixin.py:190} INFO - [2024-10-03T11:22:32.694+0000] {dag.py:3239} INFO - Sync 1 DAGs
[2024-10-03T11:22:32.702+0000] {logging_mixin.py:190} INFO - [2024-10-03T11:22:32.702+0000] {dag.py:4180} INFO - Setting next_dagrun for tutorial_taskflow_api to None, run_after=None
[2024-10-03T11:22:32.712+0000] {processor.py:208} INFO - Processing /home/airflow/.local/lib/python3.12/site-packages/airflow/example_dags/tutorial_taskflow_api.py took 0.041 seconds
[2024-10-03T11:23:03.253+0000] {processor.py:186} INFO - Started process (PID=2304) to work on /home/airflow/.local/lib/python3.12/site-packages/airflow/example_dags/tutorial_taskflow_api.py
[2024-10-03T11:23:03.253+0000] {processor.py:914} INFO - Processing file /home/airflow/.local/lib/python3.12/site-packages/airflow/example_dags/tutorial_taskflow_api.py for tasks to queue
[2024-10-03T11:23:03.255+0000] {logging_mixin.py:190} INFO - [2024-10-03T11:23:03.255+0000] {dagbag.py:588} INFO - Filling up the DagBag from /home/airflow/.local/lib/python3.12/site-packages/airflow/example_dags/tutorial_taskflow_api.py
[2024-10-03T11:23:03.259+0000] {processor.py:925} INFO - DAG(s) 'tutorial_taskflow_api' retrieved from /home/airflow/.local/lib/python3.12/site-packages/airflow/example_dags/tutorial_taskflow_api.py
[2024-10-03T11:23:03.270+0000] {logging_mixin.py:190} INFO - [2024-10-03T11:23:03.269+0000] {dag.py:3239} INFO - Sync 1 DAGs
[2024-10-03T11:23:03.277+0000] {logging_mixin.py:190} INFO - [2024-10-03T11:23:03.277+0000] {dag.py:4180} INFO - Setting next_dagrun for tutorial_taskflow_api to None, run_after=None
[2024-10-03T11:23:03.286+0000] {processor.py:208} INFO - Processing /home/airflow/.local/lib/python3.12/site-packages/airflow/example_dags/tutorial_taskflow_api.py took 0.037 seconds
[2024-10-03T11:23:33.518+0000] {processor.py:186} INFO - Started process (PID=2590) to work on /home/airflow/.local/lib/python3.12/site-packages/airflow/example_dags/tutorial_taskflow_api.py
[2024-10-03T11:23:33.519+0000] {processor.py:914} INFO - Processing file /home/airflow/.local/lib/python3.12/site-packages/airflow/example_dags/tutorial_taskflow_api.py for tasks to queue
[2024-10-03T11:23:33.520+0000] {logging_mixin.py:190} INFO - [2024-10-03T11:23:33.520+0000] {dagbag.py:588} INFO - Filling up the DagBag from /home/airflow/.local/lib/python3.12/site-packages/airflow/example_dags/tutorial_taskflow_api.py
[2024-10-03T11:23:33.525+0000] {processor.py:925} INFO - DAG(s) 'tutorial_taskflow_api' retrieved from /home/airflow/.local/lib/python3.12/site-packages/airflow/example_dags/tutorial_taskflow_api.py
[2024-10-03T11:23:33.536+0000] {logging_mixin.py:190} INFO - [2024-10-03T11:23:33.536+0000] {dag.py:3239} INFO - Sync 1 DAGs
[2024-10-03T11:23:33.543+0000] {logging_mixin.py:190} INFO - [2024-10-03T11:23:33.543+0000] {dag.py:4180} INFO - Setting next_dagrun for tutorial_taskflow_api to None, run_after=None
[2024-10-03T11:23:33.551+0000] {processor.py:208} INFO - Processing /home/airflow/.local/lib/python3.12/site-packages/airflow/example_dags/tutorial_taskflow_api.py took 0.036 seconds
[2024-10-03T11:24:03.891+0000] {processor.py:186} INFO - Started process (PID=2876) to work on /home/airflow/.local/lib/python3.12/site-packages/airflow/example_dags/tutorial_taskflow_api.py
[2024-10-03T11:24:03.891+0000] {processor.py:914} INFO - Processing file /home/airflow/.local/lib/python3.12/site-packages/airflow/example_dags/tutorial_taskflow_api.py for tasks to queue
[2024-10-03T11:24:03.893+0000] {logging_mixin.py:190} INFO - [2024-10-03T11:24:03.892+0000] {dagbag.py:588} INFO - Filling up the DagBag from /home/airflow/.local/lib/python3.12/site-packages/airflow/example_dags/tutorial_taskflow_api.py
[2024-10-03T11:24:03.898+0000] {processor.py:925} INFO - DAG(s) 'tutorial_taskflow_api' retrieved from /home/airflow/.local/lib/python3.12/site-packages/airflow/example_dags/tutorial_taskflow_api.py
[2024-10-03T11:24:03.909+0000] {logging_mixin.py:190} INFO - [2024-10-03T11:24:03.909+0000] {dag.py:3239} INFO - Sync 1 DAGs
[2024-10-03T11:24:03.917+0000] {logging_mixin.py:190} INFO - [2024-10-03T11:24:03.917+0000] {dag.py:4180} INFO - Setting next_dagrun for tutorial_taskflow_api to None, run_after=None
[2024-10-03T11:24:03.926+0000] {processor.py:208} INFO - Processing /home/airflow/.local/lib/python3.12/site-packages/airflow/example_dags/tutorial_taskflow_api.py took 0.040 seconds
[2024-10-03T11:24:34.469+0000] {processor.py:186} INFO - Started process (PID=3164) to work on /home/airflow/.local/lib/python3.12/site-packages/airflow/example_dags/tutorial_taskflow_api.py
[2024-10-03T11:24:34.469+0000] {processor.py:914} INFO - Processing file /home/airflow/.local/lib/python3.12/site-packages/airflow/example_dags/tutorial_taskflow_api.py for tasks to queue
[2024-10-03T11:24:34.471+0000] {logging_mixin.py:190} INFO - [2024-10-03T11:24:34.471+0000] {dagbag.py:588} INFO - Filling up the DagBag from /home/airflow/.local/lib/python3.12/site-packages/airflow/example_dags/tutorial_taskflow_api.py
[2024-10-03T11:24:34.477+0000] {processor.py:925} INFO - DAG(s) 'tutorial_taskflow_api' retrieved from /home/airflow/.local/lib/python3.12/site-packages/airflow/example_dags/tutorial_taskflow_api.py
[2024-10-03T11:24:34.488+0000] {logging_mixin.py:190} INFO - [2024-10-03T11:24:34.488+0000] {dag.py:3239} INFO - Sync 1 DAGs
[2024-10-03T11:24:34.495+0000] {logging_mixin.py:190} INFO - [2024-10-03T11:24:34.495+0000] {dag.py:4180} INFO - Setting next_dagrun for tutorial_taskflow_api to None, run_after=None
[2024-10-03T11:24:34.505+0000] {processor.py:208} INFO - Processing /home/airflow/.local/lib/python3.12/site-packages/airflow/example_dags/tutorial_taskflow_api.py took 0.040 seconds
[2024-10-03T11:25:05.090+0000] {processor.py:186} INFO - Started process (PID=3450) to work on /home/airflow/.local/lib/python3.12/site-packages/airflow/example_dags/tutorial_taskflow_api.py
[2024-10-03T11:25:05.091+0000] {processor.py:914} INFO - Processing file /home/airflow/.local/lib/python3.12/site-packages/airflow/example_dags/tutorial_taskflow_api.py for tasks to queue
[2024-10-03T11:25:05.092+0000] {logging_mixin.py:190} INFO - [2024-10-03T11:25:05.092+0000] {dagbag.py:588} INFO - Filling up the DagBag from /home/airflow/.local/lib/python3.12/site-packages/airflow/example_dags/tutorial_taskflow_api.py
[2024-10-03T11:25:05.098+0000] {processor.py:925} INFO - DAG(s) 'tutorial_taskflow_api' retrieved from /home/airflow/.local/lib/python3.12/site-packages/airflow/example_dags/tutorial_taskflow_api.py
[2024-10-03T11:25:05.110+0000] {logging_mixin.py:190} INFO - [2024-10-03T11:25:05.110+0000] {dag.py:3239} INFO - Sync 1 DAGs
[2024-10-03T11:25:05.118+0000] {logging_mixin.py:190} INFO - [2024-10-03T11:25:05.118+0000] {dag.py:4180} INFO - Setting next_dagrun for tutorial_taskflow_api to None, run_after=None
[2024-10-03T11:25:05.128+0000] {processor.py:208} INFO - Processing /home/airflow/.local/lib/python3.12/site-packages/airflow/example_dags/tutorial_taskflow_api.py took 0.042 seconds
[2024-10-03T11:25:35.569+0000] {processor.py:186} INFO - Started process (PID=3734) to work on /home/airflow/.local/lib/python3.12/site-packages/airflow/example_dags/tutorial_taskflow_api.py
[2024-10-03T11:25:35.569+0000] {processor.py:914} INFO - Processing file /home/airflow/.local/lib/python3.12/site-packages/airflow/example_dags/tutorial_taskflow_api.py for tasks to queue
[2024-10-03T11:25:35.571+0000] {logging_mixin.py:190} INFO - [2024-10-03T11:25:35.571+0000] {dagbag.py:588} INFO - Filling up the DagBag from /home/airflow/.local/lib/python3.12/site-packages/airflow/example_dags/tutorial_taskflow_api.py
[2024-10-03T11:25:35.576+0000] {processor.py:925} INFO - DAG(s) 'tutorial_taskflow_api' retrieved from /home/airflow/.local/lib/python3.12/site-packages/airflow/example_dags/tutorial_taskflow_api.py
[2024-10-03T11:25:35.588+0000] {logging_mixin.py:190} INFO - [2024-10-03T11:25:35.587+0000] {dag.py:3239} INFO - Sync 1 DAGs
[2024-10-03T11:25:35.595+0000] {logging_mixin.py:190} INFO - [2024-10-03T11:25:35.595+0000] {dag.py:4180} INFO - Setting next_dagrun for tutorial_taskflow_api to None, run_after=None
[2024-10-03T11:25:35.605+0000] {processor.py:208} INFO - Processing /home/airflow/.local/lib/python3.12/site-packages/airflow/example_dags/tutorial_taskflow_api.py took 0.040 seconds
[2024-10-03T11:26:05.962+0000] {processor.py:186} INFO - Started process (PID=4026) to work on /home/airflow/.local/lib/python3.12/site-packages/airflow/example_dags/tutorial_taskflow_api.py
[2024-10-03T11:26:05.962+0000] {processor.py:914} INFO - Processing file /home/airflow/.local/lib/python3.12/site-packages/airflow/example_dags/tutorial_taskflow_api.py for tasks to queue
[2024-10-03T11:26:05.964+0000] {logging_mixin.py:190} INFO - [2024-10-03T11:26:05.964+0000] {dagbag.py:588} INFO - Filling up the DagBag from /home/airflow/.local/lib/python3.12/site-packages/airflow/example_dags/tutorial_taskflow_api.py
[2024-10-03T11:26:05.969+0000] {processor.py:925} INFO - DAG(s) 'tutorial_taskflow_api' retrieved from /home/airflow/.local/lib/python3.12/site-packages/airflow/example_dags/tutorial_taskflow_api.py
[2024-10-03T11:26:05.980+0000] {logging_mixin.py:190} INFO - [2024-10-03T11:26:05.980+0000] {dag.py:3239} INFO - Sync 1 DAGs
[2024-10-03T11:26:05.987+0000] {logging_mixin.py:190} INFO - [2024-10-03T11:26:05.987+0000] {dag.py:4180} INFO - Setting next_dagrun for tutorial_taskflow_api to None, run_after=None
[2024-10-03T11:26:05.996+0000] {processor.py:208} INFO - Processing /home/airflow/.local/lib/python3.12/site-packages/airflow/example_dags/tutorial_taskflow_api.py took 0.038 seconds
[2024-10-03T11:26:36.414+0000] {processor.py:186} INFO - Started process (PID=4315) to work on /home/airflow/.local/lib/python3.12/site-packages/airflow/example_dags/tutorial_taskflow_api.py
[2024-10-03T11:26:36.414+0000] {processor.py:914} INFO - Processing file /home/airflow/.local/lib/python3.12/site-packages/airflow/example_dags/tutorial_taskflow_api.py for tasks to queue
[2024-10-03T11:26:36.416+0000] {logging_mixin.py:190} INFO - [2024-10-03T11:26:36.416+0000] {dagbag.py:588} INFO - Filling up the DagBag from /home/airflow/.local/lib/python3.12/site-packages/airflow/example_dags/tutorial_taskflow_api.py
[2024-10-03T11:26:36.421+0000] {processor.py:925} INFO - DAG(s) 'tutorial_taskflow_api' retrieved from /home/airflow/.local/lib/python3.12/site-packages/airflow/example_dags/tutorial_taskflow_api.py
[2024-10-03T11:26:36.432+0000] {logging_mixin.py:190} INFO - [2024-10-03T11:26:36.432+0000] {dag.py:3239} INFO - Sync 1 DAGs
[2024-10-03T11:26:36.439+0000] {logging_mixin.py:190} INFO - [2024-10-03T11:26:36.439+0000] {dag.py:4180} INFO - Setting next_dagrun for tutorial_taskflow_api to None, run_after=None
[2024-10-03T11:26:36.448+0000] {processor.py:208} INFO - Processing /home/airflow/.local/lib/python3.12/site-packages/airflow/example_dags/tutorial_taskflow_api.py took 0.038 seconds
[2024-10-03T11:27:06.879+0000] {processor.py:186} INFO - Started process (PID=4601) to work on /home/airflow/.local/lib/python3.12/site-packages/airflow/example_dags/tutorial_taskflow_api.py
[2024-10-03T11:27:06.880+0000] {processor.py:914} INFO - Processing file /home/airflow/.local/lib/python3.12/site-packages/airflow/example_dags/tutorial_taskflow_api.py for tasks to queue
[2024-10-03T11:27:06.881+0000] {logging_mixin.py:190} INFO - [2024-10-03T11:27:06.881+0000] {dagbag.py:588} INFO - Filling up the DagBag from /home/airflow/.local/lib/python3.12/site-packages/airflow/example_dags/tutorial_taskflow_api.py
[2024-10-03T11:27:06.886+0000] {processor.py:925} INFO - DAG(s) 'tutorial_taskflow_api' retrieved from /home/airflow/.local/lib/python3.12/site-packages/airflow/example_dags/tutorial_taskflow_api.py
[2024-10-03T11:27:06.897+0000] {logging_mixin.py:190} INFO - [2024-10-03T11:27:06.897+0000] {dag.py:3239} INFO - Sync 1 DAGs
[2024-10-03T11:27:06.904+0000] {logging_mixin.py:190} INFO - [2024-10-03T11:27:06.904+0000] {dag.py:4180} INFO - Setting next_dagrun for tutorial_taskflow_api to None, run_after=None
[2024-10-03T11:27:06.913+0000] {processor.py:208} INFO - Processing /home/airflow/.local/lib/python3.12/site-packages/airflow/example_dags/tutorial_taskflow_api.py took 0.037 seconds
[2024-10-03T11:27:37.266+0000] {processor.py:186} INFO - Started process (PID=4887) to work on /home/airflow/.local/lib/python3.12/site-packages/airflow/example_dags/tutorial_taskflow_api.py
[2024-10-03T11:27:37.267+0000] {processor.py:914} INFO - Processing file /home/airflow/.local/lib/python3.12/site-packages/airflow/example_dags/tutorial_taskflow_api.py for tasks to queue
[2024-10-03T11:27:37.268+0000] {logging_mixin.py:190} INFO - [2024-10-03T11:27:37.268+0000] {dagbag.py:588} INFO - Filling up the DagBag from /home/airflow/.local/lib/python3.12/site-packages/airflow/example_dags/tutorial_taskflow_api.py
[2024-10-03T11:27:37.274+0000] {processor.py:925} INFO - DAG(s) 'tutorial_taskflow_api' retrieved from /home/airflow/.local/lib/python3.12/site-packages/airflow/example_dags/tutorial_taskflow_api.py
[2024-10-03T11:27:37.285+0000] {logging_mixin.py:190} INFO - [2024-10-03T11:27:37.285+0000] {dag.py:3239} INFO - Sync 1 DAGs
[2024-10-03T11:27:37.292+0000] {logging_mixin.py:190} INFO - [2024-10-03T11:27:37.292+0000] {dag.py:4180} INFO - Setting next_dagrun for tutorial_taskflow_api to None, run_after=None
[2024-10-03T11:27:37.301+0000] {processor.py:208} INFO - Processing /home/airflow/.local/lib/python3.12/site-packages/airflow/example_dags/tutorial_taskflow_api.py took 0.038 seconds
[2024-10-03T11:28:07.642+0000] {processor.py:186} INFO - Started process (PID=5173) to work on /home/airflow/.local/lib/python3.12/site-packages/airflow/example_dags/tutorial_taskflow_api.py
[2024-10-03T11:28:07.642+0000] {processor.py:914} INFO - Processing file /home/airflow/.local/lib/python3.12/site-packages/airflow/example_dags/tutorial_taskflow_api.py for tasks to queue
[2024-10-03T11:28:07.644+0000] {logging_mixin.py:190} INFO - [2024-10-03T11:28:07.644+0000] {dagbag.py:588} INFO - Filling up the DagBag from /home/airflow/.local/lib/python3.12/site-packages/airflow/example_dags/tutorial_taskflow_api.py
[2024-10-03T11:28:07.649+0000] {processor.py:925} INFO - DAG(s) 'tutorial_taskflow_api' retrieved from /home/airflow/.local/lib/python3.12/site-packages/airflow/example_dags/tutorial_taskflow_api.py
[2024-10-03T11:28:07.661+0000] {logging_mixin.py:190} INFO - [2024-10-03T11:28:07.660+0000] {dag.py:3239} INFO - Sync 1 DAGs
[2024-10-03T11:28:07.668+0000] {logging_mixin.py:190} INFO - [2024-10-03T11:28:07.668+0000] {dag.py:4180} INFO - Setting next_dagrun for tutorial_taskflow_api to None, run_after=None
[2024-10-03T11:28:07.677+0000] {processor.py:208} INFO - Processing /home/airflow/.local/lib/python3.12/site-packages/airflow/example_dags/tutorial_taskflow_api.py took 0.039 seconds
[2024-10-03T11:28:37.995+0000] {processor.py:186} INFO - Started process (PID=5459) to work on /home/airflow/.local/lib/python3.12/site-packages/airflow/example_dags/tutorial_taskflow_api.py
[2024-10-03T11:28:37.996+0000] {processor.py:914} INFO - Processing file /home/airflow/.local/lib/python3.12/site-packages/airflow/example_dags/tutorial_taskflow_api.py for tasks to queue
[2024-10-03T11:28:37.997+0000] {logging_mixin.py:190} INFO - [2024-10-03T11:28:37.997+0000] {dagbag.py:588} INFO - Filling up the DagBag from /home/airflow/.local/lib/python3.12/site-packages/airflow/example_dags/tutorial_taskflow_api.py
[2024-10-03T11:28:38.002+0000] {processor.py:925} INFO - DAG(s) 'tutorial_taskflow_api' retrieved from /home/airflow/.local/lib/python3.12/site-packages/airflow/example_dags/tutorial_taskflow_api.py
[2024-10-03T11:28:38.013+0000] {logging_mixin.py:190} INFO - [2024-10-03T11:28:38.013+0000] {dag.py:3239} INFO - Sync 1 DAGs
[2024-10-03T11:28:38.021+0000] {logging_mixin.py:190} INFO - [2024-10-03T11:28:38.020+0000] {dag.py:4180} INFO - Setting next_dagrun for tutorial_taskflow_api to None, run_after=None
[2024-10-03T11:28:38.030+0000] {processor.py:208} INFO - Processing /home/airflow/.local/lib/python3.12/site-packages/airflow/example_dags/tutorial_taskflow_api.py took 0.039 seconds
[2024-10-03T11:29:08.227+0000] {processor.py:186} INFO - Started process (PID=5769) to work on /home/airflow/.local/lib/python3.12/site-packages/airflow/example_dags/tutorial_taskflow_api.py
[2024-10-03T11:29:08.227+0000] {processor.py:914} INFO - Processing file /home/airflow/.local/lib/python3.12/site-packages/airflow/example_dags/tutorial_taskflow_api.py for tasks to queue
[2024-10-03T11:29:08.229+0000] {logging_mixin.py:190} INFO - [2024-10-03T11:29:08.228+0000] {dagbag.py:588} INFO - Filling up the DagBag from /home/airflow/.local/lib/python3.12/site-packages/airflow/example_dags/tutorial_taskflow_api.py
[2024-10-03T11:29:08.233+0000] {processor.py:925} INFO - DAG(s) 'tutorial_taskflow_api' retrieved from /home/airflow/.local/lib/python3.12/site-packages/airflow/example_dags/tutorial_taskflow_api.py
[2024-10-03T11:29:08.244+0000] {logging_mixin.py:190} INFO - [2024-10-03T11:29:08.244+0000] {dag.py:3239} INFO - Sync 1 DAGs
[2024-10-03T11:29:08.251+0000] {logging_mixin.py:190} INFO - [2024-10-03T11:29:08.251+0000] {dag.py:4180} INFO - Setting next_dagrun for tutorial_taskflow_api to None, run_after=None
[2024-10-03T11:29:08.259+0000] {processor.py:208} INFO - Processing /home/airflow/.local/lib/python3.12/site-packages/airflow/example_dags/tutorial_taskflow_api.py took 0.036 seconds
[2024-10-03T11:29:38.570+0000] {processor.py:186} INFO - Started process (PID=6057) to work on /home/airflow/.local/lib/python3.12/site-packages/airflow/example_dags/tutorial_taskflow_api.py
[2024-10-03T11:29:38.570+0000] {processor.py:914} INFO - Processing file /home/airflow/.local/lib/python3.12/site-packages/airflow/example_dags/tutorial_taskflow_api.py for tasks to queue
[2024-10-03T11:29:38.572+0000] {logging_mixin.py:190} INFO - [2024-10-03T11:29:38.572+0000] {dagbag.py:588} INFO - Filling up the DagBag from /home/airflow/.local/lib/python3.12/site-packages/airflow/example_dags/tutorial_taskflow_api.py
[2024-10-03T11:29:38.577+0000] {processor.py:925} INFO - DAG(s) 'tutorial_taskflow_api' retrieved from /home/airflow/.local/lib/python3.12/site-packages/airflow/example_dags/tutorial_taskflow_api.py
[2024-10-03T11:29:38.588+0000] {logging_mixin.py:190} INFO - [2024-10-03T11:29:38.588+0000] {dag.py:3239} INFO - Sync 1 DAGs
[2024-10-03T11:29:38.595+0000] {logging_mixin.py:190} INFO - [2024-10-03T11:29:38.595+0000] {dag.py:4180} INFO - Setting next_dagrun for tutorial_taskflow_api to None, run_after=None
[2024-10-03T11:29:38.604+0000] {processor.py:208} INFO - Processing /home/airflow/.local/lib/python3.12/site-packages/airflow/example_dags/tutorial_taskflow_api.py took 0.038 seconds
[2024-10-03T11:30:08.951+0000] {processor.py:186} INFO - Started process (PID=6341) to work on /home/airflow/.local/lib/python3.12/site-packages/airflow/example_dags/tutorial_taskflow_api.py
[2024-10-03T11:30:08.952+0000] {processor.py:914} INFO - Processing file /home/airflow/.local/lib/python3.12/site-packages/airflow/example_dags/tutorial_taskflow_api.py for tasks to queue
[2024-10-03T11:30:08.954+0000] {logging_mixin.py:190} INFO - [2024-10-03T11:30:08.953+0000] {dagbag.py:588} INFO - Filling up the DagBag from /home/airflow/.local/lib/python3.12/site-packages/airflow/example_dags/tutorial_taskflow_api.py
[2024-10-03T11:30:08.959+0000] {processor.py:925} INFO - DAG(s) 'tutorial_taskflow_api' retrieved from /home/airflow/.local/lib/python3.12/site-packages/airflow/example_dags/tutorial_taskflow_api.py
[2024-10-03T11:30:08.971+0000] {logging_mixin.py:190} INFO - [2024-10-03T11:30:08.970+0000] {dag.py:3239} INFO - Sync 1 DAGs
[2024-10-03T11:30:08.979+0000] {logging_mixin.py:190} INFO - [2024-10-03T11:30:08.978+0000] {dag.py:4180} INFO - Setting next_dagrun for tutorial_taskflow_api to None, run_after=None
[2024-10-03T11:30:08.988+0000] {processor.py:208} INFO - Processing /home/airflow/.local/lib/python3.12/site-packages/airflow/example_dags/tutorial_taskflow_api.py took 0.041 seconds
[2024-10-03T11:30:39.325+0000] {processor.py:186} INFO - Started process (PID=6629) to work on /home/airflow/.local/lib/python3.12/site-packages/airflow/example_dags/tutorial_taskflow_api.py
[2024-10-03T11:30:39.325+0000] {processor.py:914} INFO - Processing file /home/airflow/.local/lib/python3.12/site-packages/airflow/example_dags/tutorial_taskflow_api.py for tasks to queue
[2024-10-03T11:30:39.327+0000] {logging_mixin.py:190} INFO - [2024-10-03T11:30:39.326+0000] {dagbag.py:588} INFO - Filling up the DagBag from /home/airflow/.local/lib/python3.12/site-packages/airflow/example_dags/tutorial_taskflow_api.py
[2024-10-03T11:30:39.332+0000] {processor.py:925} INFO - DAG(s) 'tutorial_taskflow_api' retrieved from /home/airflow/.local/lib/python3.12/site-packages/airflow/example_dags/tutorial_taskflow_api.py
[2024-10-03T11:30:39.343+0000] {logging_mixin.py:190} INFO - [2024-10-03T11:30:39.343+0000] {dag.py:3239} INFO - Sync 1 DAGs
[2024-10-03T11:30:39.351+0000] {logging_mixin.py:190} INFO - [2024-10-03T11:30:39.350+0000] {dag.py:4180} INFO - Setting next_dagrun for tutorial_taskflow_api to None, run_after=None
[2024-10-03T11:30:39.359+0000] {processor.py:208} INFO - Processing /home/airflow/.local/lib/python3.12/site-packages/airflow/example_dags/tutorial_taskflow_api.py took 0.038 seconds
[2024-10-03T11:31:09.623+0000] {processor.py:186} INFO - Started process (PID=6913) to work on /home/airflow/.local/lib/python3.12/site-packages/airflow/example_dags/tutorial_taskflow_api.py
[2024-10-03T11:31:09.624+0000] {processor.py:914} INFO - Processing file /home/airflow/.local/lib/python3.12/site-packages/airflow/example_dags/tutorial_taskflow_api.py for tasks to queue
[2024-10-03T11:31:09.625+0000] {logging_mixin.py:190} INFO - [2024-10-03T11:31:09.625+0000] {dagbag.py:588} INFO - Filling up the DagBag from /home/airflow/.local/lib/python3.12/site-packages/airflow/example_dags/tutorial_taskflow_api.py
[2024-10-03T11:31:09.630+0000] {processor.py:925} INFO - DAG(s) 'tutorial_taskflow_api' retrieved from /home/airflow/.local/lib/python3.12/site-packages/airflow/example_dags/tutorial_taskflow_api.py
[2024-10-03T11:31:09.641+0000] {logging_mixin.py:190} INFO - [2024-10-03T11:31:09.641+0000] {dag.py:3239} INFO - Sync 1 DAGs
[2024-10-03T11:31:09.648+0000] {logging_mixin.py:190} INFO - [2024-10-03T11:31:09.648+0000] {dag.py:4180} INFO - Setting next_dagrun for tutorial_taskflow_api to None, run_after=None
[2024-10-03T11:31:09.657+0000] {processor.py:208} INFO - Processing /home/airflow/.local/lib/python3.12/site-packages/airflow/example_dags/tutorial_taskflow_api.py took 0.037 seconds
