[2024-10-03T11:19:29.895+0000] {processor.py:186} INFO - Started process (PID=297) to work on /home/airflow/.local/lib/python3.12/site-packages/airflow/example_dags/tutorial_dag.py
[2024-10-03T11:19:29.896+0000] {processor.py:914} INFO - Processing file /home/airflow/.local/lib/python3.12/site-packages/airflow/example_dags/tutorial_dag.py for tasks to queue
[2024-10-03T11:19:29.897+0000] {logging_mixin.py:190} INFO - [2024-10-03T11:19:29.897+0000] {dagbag.py:588} INFO - Filling up the DagBag from /home/airflow/.local/lib/python3.12/site-packages/airflow/example_dags/tutorial_dag.py
[2024-10-03T11:19:29.902+0000] {processor.py:925} INFO - DAG(s) 'tutorial_dag' retrieved from /home/airflow/.local/lib/python3.12/site-packages/airflow/example_dags/tutorial_dag.py
[2024-10-03T11:19:29.956+0000] {logging_mixin.py:190} INFO - [2024-10-03T11:19:29.955+0000] {override.py:1900} INFO - Created Permission View: can delete on DAG:tutorial_dag
[2024-10-03T11:19:29.960+0000] {logging_mixin.py:190} INFO - [2024-10-03T11:19:29.960+0000] {override.py:1900} INFO - Created Permission View: can read on DAG:tutorial_dag
[2024-10-03T11:19:29.963+0000] {logging_mixin.py:190} INFO - [2024-10-03T11:19:29.963+0000] {override.py:1900} INFO - Created Permission View: can edit on DAG:tutorial_dag
[2024-10-03T11:19:29.967+0000] {logging_mixin.py:190} INFO - [2024-10-03T11:19:29.967+0000] {override.py:1900} INFO - Created Permission View: can read on DAG Run:tutorial_dag
[2024-10-03T11:19:29.970+0000] {logging_mixin.py:190} INFO - [2024-10-03T11:19:29.970+0000] {override.py:1900} INFO - Created Permission View: can create on DAG Run:tutorial_dag
[2024-10-03T11:19:29.973+0000] {logging_mixin.py:190} INFO - [2024-10-03T11:19:29.973+0000] {override.py:1900} INFO - Created Permission View: menu access on DAG Run:tutorial_dag
[2024-10-03T11:19:29.976+0000] {logging_mixin.py:190} INFO - [2024-10-03T11:19:29.976+0000] {override.py:1900} INFO - Created Permission View: can delete on DAG Run:tutorial_dag
[2024-10-03T11:19:29.977+0000] {logging_mixin.py:190} INFO - [2024-10-03T11:19:29.977+0000] {dag.py:3239} INFO - Sync 1 DAGs
[2024-10-03T11:19:29.984+0000] {logging_mixin.py:190} INFO - [2024-10-03T11:19:29.984+0000] {dag.py:3262} INFO - Creating ORM DAG for tutorial_dag
[2024-10-03T11:19:29.984+0000] {logging_mixin.py:190} INFO - [2024-10-03T11:19:29.984+0000] {dag.py:4180} INFO - Setting next_dagrun for tutorial_dag to None, run_after=None
[2024-10-03T11:19:29.993+0000] {processor.py:208} INFO - Processing /home/airflow/.local/lib/python3.12/site-packages/airflow/example_dags/tutorial_dag.py took 0.102 seconds
[2024-10-03T11:20:00.344+0000] {processor.py:186} INFO - Started process (PID=585) to work on /home/airflow/.local/lib/python3.12/site-packages/airflow/example_dags/tutorial_dag.py
[2024-10-03T11:20:00.345+0000] {processor.py:914} INFO - Processing file /home/airflow/.local/lib/python3.12/site-packages/airflow/example_dags/tutorial_dag.py for tasks to queue
[2024-10-03T11:20:00.346+0000] {logging_mixin.py:190} INFO - [2024-10-03T11:20:00.346+0000] {dagbag.py:588} INFO - Filling up the DagBag from /home/airflow/.local/lib/python3.12/site-packages/airflow/example_dags/tutorial_dag.py
[2024-10-03T11:20:00.351+0000] {processor.py:925} INFO - DAG(s) 'tutorial_dag' retrieved from /home/airflow/.local/lib/python3.12/site-packages/airflow/example_dags/tutorial_dag.py
[2024-10-03T11:20:00.362+0000] {logging_mixin.py:190} INFO - [2024-10-03T11:20:00.362+0000] {dag.py:3239} INFO - Sync 1 DAGs
[2024-10-03T11:20:00.369+0000] {logging_mixin.py:190} INFO - [2024-10-03T11:20:00.369+0000] {dag.py:4180} INFO - Setting next_dagrun for tutorial_dag to None, run_after=None
[2024-10-03T11:20:00.377+0000] {processor.py:208} INFO - Processing /home/airflow/.local/lib/python3.12/site-packages/airflow/example_dags/tutorial_dag.py took 0.037 seconds
[2024-10-03T11:20:30.806+0000] {processor.py:186} INFO - Started process (PID=871) to work on /home/airflow/.local/lib/python3.12/site-packages/airflow/example_dags/tutorial_dag.py
[2024-10-03T11:20:30.806+0000] {processor.py:914} INFO - Processing file /home/airflow/.local/lib/python3.12/site-packages/airflow/example_dags/tutorial_dag.py for tasks to queue
[2024-10-03T11:20:30.808+0000] {logging_mixin.py:190} INFO - [2024-10-03T11:20:30.808+0000] {dagbag.py:588} INFO - Filling up the DagBag from /home/airflow/.local/lib/python3.12/site-packages/airflow/example_dags/tutorial_dag.py
[2024-10-03T11:20:30.812+0000] {processor.py:925} INFO - DAG(s) 'tutorial_dag' retrieved from /home/airflow/.local/lib/python3.12/site-packages/airflow/example_dags/tutorial_dag.py
[2024-10-03T11:20:30.823+0000] {logging_mixin.py:190} INFO - [2024-10-03T11:20:30.823+0000] {dag.py:3239} INFO - Sync 1 DAGs
[2024-10-03T11:20:30.830+0000] {logging_mixin.py:190} INFO - [2024-10-03T11:20:30.830+0000] {dag.py:4180} INFO - Setting next_dagrun for tutorial_dag to None, run_after=None
[2024-10-03T11:20:30.839+0000] {processor.py:208} INFO - Processing /home/airflow/.local/lib/python3.12/site-packages/airflow/example_dags/tutorial_dag.py took 0.037 seconds
[2024-10-03T11:21:01.208+0000] {processor.py:186} INFO - Started process (PID=1156) to work on /home/airflow/.local/lib/python3.12/site-packages/airflow/example_dags/tutorial_dag.py
[2024-10-03T11:21:01.209+0000] {processor.py:914} INFO - Processing file /home/airflow/.local/lib/python3.12/site-packages/airflow/example_dags/tutorial_dag.py for tasks to queue
[2024-10-03T11:21:01.210+0000] {logging_mixin.py:190} INFO - [2024-10-03T11:21:01.210+0000] {dagbag.py:588} INFO - Filling up the DagBag from /home/airflow/.local/lib/python3.12/site-packages/airflow/example_dags/tutorial_dag.py
[2024-10-03T11:21:01.215+0000] {processor.py:925} INFO - DAG(s) 'tutorial_dag' retrieved from /home/airflow/.local/lib/python3.12/site-packages/airflow/example_dags/tutorial_dag.py
[2024-10-03T11:21:01.225+0000] {logging_mixin.py:190} INFO - [2024-10-03T11:21:01.225+0000] {dag.py:3239} INFO - Sync 1 DAGs
[2024-10-03T11:21:01.232+0000] {logging_mixin.py:190} INFO - [2024-10-03T11:21:01.232+0000] {dag.py:4180} INFO - Setting next_dagrun for tutorial_dag to None, run_after=None
[2024-10-03T11:21:01.240+0000] {processor.py:208} INFO - Processing /home/airflow/.local/lib/python3.12/site-packages/airflow/example_dags/tutorial_dag.py took 0.036 seconds
[2024-10-03T11:21:31.681+0000] {processor.py:186} INFO - Started process (PID=1442) to work on /home/airflow/.local/lib/python3.12/site-packages/airflow/example_dags/tutorial_dag.py
[2024-10-03T11:21:31.682+0000] {processor.py:914} INFO - Processing file /home/airflow/.local/lib/python3.12/site-packages/airflow/example_dags/tutorial_dag.py for tasks to queue
[2024-10-03T11:21:31.683+0000] {logging_mixin.py:190} INFO - [2024-10-03T11:21:31.683+0000] {dagbag.py:588} INFO - Filling up the DagBag from /home/airflow/.local/lib/python3.12/site-packages/airflow/example_dags/tutorial_dag.py
[2024-10-03T11:21:31.688+0000] {processor.py:925} INFO - DAG(s) 'tutorial_dag' retrieved from /home/airflow/.local/lib/python3.12/site-packages/airflow/example_dags/tutorial_dag.py
[2024-10-03T11:21:31.699+0000] {logging_mixin.py:190} INFO - [2024-10-03T11:21:31.699+0000] {dag.py:3239} INFO - Sync 1 DAGs
[2024-10-03T11:21:31.707+0000] {logging_mixin.py:190} INFO - [2024-10-03T11:21:31.706+0000] {dag.py:4180} INFO - Setting next_dagrun for tutorial_dag to None, run_after=None
[2024-10-03T11:21:31.715+0000] {processor.py:208} INFO - Processing /home/airflow/.local/lib/python3.12/site-packages/airflow/example_dags/tutorial_dag.py took 0.037 seconds
[2024-10-03T11:22:02.174+0000] {processor.py:186} INFO - Started process (PID=1728) to work on /home/airflow/.local/lib/python3.12/site-packages/airflow/example_dags/tutorial_dag.py
[2024-10-03T11:22:02.175+0000] {processor.py:914} INFO - Processing file /home/airflow/.local/lib/python3.12/site-packages/airflow/example_dags/tutorial_dag.py for tasks to queue
[2024-10-03T11:22:02.176+0000] {logging_mixin.py:190} INFO - [2024-10-03T11:22:02.176+0000] {dagbag.py:588} INFO - Filling up the DagBag from /home/airflow/.local/lib/python3.12/site-packages/airflow/example_dags/tutorial_dag.py
[2024-10-03T11:22:02.181+0000] {processor.py:925} INFO - DAG(s) 'tutorial_dag' retrieved from /home/airflow/.local/lib/python3.12/site-packages/airflow/example_dags/tutorial_dag.py
[2024-10-03T11:22:02.191+0000] {logging_mixin.py:190} INFO - [2024-10-03T11:22:02.191+0000] {dag.py:3239} INFO - Sync 1 DAGs
[2024-10-03T11:22:02.199+0000] {logging_mixin.py:190} INFO - [2024-10-03T11:22:02.198+0000] {dag.py:4180} INFO - Setting next_dagrun for tutorial_dag to None, run_after=None
[2024-10-03T11:22:02.207+0000] {processor.py:208} INFO - Processing /home/airflow/.local/lib/python3.12/site-packages/airflow/example_dags/tutorial_dag.py took 0.037 seconds
[2024-10-03T11:22:32.624+0000] {processor.py:186} INFO - Started process (PID=2015) to work on /home/airflow/.local/lib/python3.12/site-packages/airflow/example_dags/tutorial_dag.py
[2024-10-03T11:22:32.624+0000] {processor.py:914} INFO - Processing file /home/airflow/.local/lib/python3.12/site-packages/airflow/example_dags/tutorial_dag.py for tasks to queue
[2024-10-03T11:22:32.626+0000] {logging_mixin.py:190} INFO - [2024-10-03T11:22:32.626+0000] {dagbag.py:588} INFO - Filling up the DagBag from /home/airflow/.local/lib/python3.12/site-packages/airflow/example_dags/tutorial_dag.py
[2024-10-03T11:22:32.630+0000] {processor.py:925} INFO - DAG(s) 'tutorial_dag' retrieved from /home/airflow/.local/lib/python3.12/site-packages/airflow/example_dags/tutorial_dag.py
[2024-10-03T11:22:32.642+0000] {logging_mixin.py:190} INFO - [2024-10-03T11:22:32.642+0000] {dag.py:3239} INFO - Sync 1 DAGs
[2024-10-03T11:22:32.649+0000] {logging_mixin.py:190} INFO - [2024-10-03T11:22:32.649+0000] {dag.py:4180} INFO - Setting next_dagrun for tutorial_dag to None, run_after=None
[2024-10-03T11:22:32.657+0000] {processor.py:208} INFO - Processing /home/airflow/.local/lib/python3.12/site-packages/airflow/example_dags/tutorial_dag.py took 0.038 seconds
[2024-10-03T11:23:03.242+0000] {processor.py:186} INFO - Started process (PID=2300) to work on /home/airflow/.local/lib/python3.12/site-packages/airflow/example_dags/tutorial_dag.py
[2024-10-03T11:23:03.243+0000] {processor.py:914} INFO - Processing file /home/airflow/.local/lib/python3.12/site-packages/airflow/example_dags/tutorial_dag.py for tasks to queue
[2024-10-03T11:23:03.244+0000] {logging_mixin.py:190} INFO - [2024-10-03T11:23:03.244+0000] {dagbag.py:588} INFO - Filling up the DagBag from /home/airflow/.local/lib/python3.12/site-packages/airflow/example_dags/tutorial_dag.py
[2024-10-03T11:23:03.249+0000] {processor.py:925} INFO - DAG(s) 'tutorial_dag' retrieved from /home/airflow/.local/lib/python3.12/site-packages/airflow/example_dags/tutorial_dag.py
[2024-10-03T11:23:03.259+0000] {logging_mixin.py:190} INFO - [2024-10-03T11:23:03.259+0000] {dag.py:3239} INFO - Sync 1 DAGs
[2024-10-03T11:23:03.266+0000] {logging_mixin.py:190} INFO - [2024-10-03T11:23:03.266+0000] {dag.py:4180} INFO - Setting next_dagrun for tutorial_dag to None, run_after=None
[2024-10-03T11:23:03.274+0000] {processor.py:208} INFO - Processing /home/airflow/.local/lib/python3.12/site-packages/airflow/example_dags/tutorial_dag.py took 0.036 seconds
[2024-10-03T11:23:33.507+0000] {processor.py:186} INFO - Started process (PID=2585) to work on /home/airflow/.local/lib/python3.12/site-packages/airflow/example_dags/tutorial_dag.py
[2024-10-03T11:23:33.508+0000] {processor.py:914} INFO - Processing file /home/airflow/.local/lib/python3.12/site-packages/airflow/example_dags/tutorial_dag.py for tasks to queue
[2024-10-03T11:23:33.509+0000] {logging_mixin.py:190} INFO - [2024-10-03T11:23:33.509+0000] {dagbag.py:588} INFO - Filling up the DagBag from /home/airflow/.local/lib/python3.12/site-packages/airflow/example_dags/tutorial_dag.py
[2024-10-03T11:23:33.514+0000] {processor.py:925} INFO - DAG(s) 'tutorial_dag' retrieved from /home/airflow/.local/lib/python3.12/site-packages/airflow/example_dags/tutorial_dag.py
[2024-10-03T11:23:33.524+0000] {logging_mixin.py:190} INFO - [2024-10-03T11:23:33.524+0000] {dag.py:3239} INFO - Sync 1 DAGs
[2024-10-03T11:23:33.531+0000] {logging_mixin.py:190} INFO - [2024-10-03T11:23:33.531+0000] {dag.py:4180} INFO - Setting next_dagrun for tutorial_dag to None, run_after=None
[2024-10-03T11:23:33.540+0000] {processor.py:208} INFO - Processing /home/airflow/.local/lib/python3.12/site-packages/airflow/example_dags/tutorial_dag.py took 0.036 seconds
[2024-10-03T11:24:03.880+0000] {processor.py:186} INFO - Started process (PID=2873) to work on /home/airflow/.local/lib/python3.12/site-packages/airflow/example_dags/tutorial_dag.py
[2024-10-03T11:24:03.880+0000] {processor.py:914} INFO - Processing file /home/airflow/.local/lib/python3.12/site-packages/airflow/example_dags/tutorial_dag.py for tasks to queue
[2024-10-03T11:24:03.882+0000] {logging_mixin.py:190} INFO - [2024-10-03T11:24:03.882+0000] {dagbag.py:588} INFO - Filling up the DagBag from /home/airflow/.local/lib/python3.12/site-packages/airflow/example_dags/tutorial_dag.py
[2024-10-03T11:24:03.887+0000] {processor.py:925} INFO - DAG(s) 'tutorial_dag' retrieved from /home/airflow/.local/lib/python3.12/site-packages/airflow/example_dags/tutorial_dag.py
[2024-10-03T11:24:03.899+0000] {logging_mixin.py:190} INFO - [2024-10-03T11:24:03.899+0000] {dag.py:3239} INFO - Sync 1 DAGs
[2024-10-03T11:24:03.906+0000] {logging_mixin.py:190} INFO - [2024-10-03T11:24:03.906+0000] {dag.py:4180} INFO - Setting next_dagrun for tutorial_dag to None, run_after=None
[2024-10-03T11:24:03.916+0000] {processor.py:208} INFO - Processing /home/airflow/.local/lib/python3.12/site-packages/airflow/example_dags/tutorial_dag.py took 0.040 seconds
[2024-10-03T11:24:34.416+0000] {processor.py:186} INFO - Started process (PID=3159) to work on /home/airflow/.local/lib/python3.12/site-packages/airflow/example_dags/tutorial_dag.py
[2024-10-03T11:24:34.416+0000] {processor.py:914} INFO - Processing file /home/airflow/.local/lib/python3.12/site-packages/airflow/example_dags/tutorial_dag.py for tasks to queue
[2024-10-03T11:24:34.418+0000] {logging_mixin.py:190} INFO - [2024-10-03T11:24:34.417+0000] {dagbag.py:588} INFO - Filling up the DagBag from /home/airflow/.local/lib/python3.12/site-packages/airflow/example_dags/tutorial_dag.py
[2024-10-03T11:24:34.423+0000] {processor.py:925} INFO - DAG(s) 'tutorial_dag' retrieved from /home/airflow/.local/lib/python3.12/site-packages/airflow/example_dags/tutorial_dag.py
[2024-10-03T11:24:34.434+0000] {logging_mixin.py:190} INFO - [2024-10-03T11:24:34.433+0000] {dag.py:3239} INFO - Sync 1 DAGs
[2024-10-03T11:24:34.441+0000] {logging_mixin.py:190} INFO - [2024-10-03T11:24:34.441+0000] {dag.py:4180} INFO - Setting next_dagrun for tutorial_dag to None, run_after=None
[2024-10-03T11:24:34.450+0000] {processor.py:208} INFO - Processing /home/airflow/.local/lib/python3.12/site-packages/airflow/example_dags/tutorial_dag.py took 0.038 seconds
[2024-10-03T11:25:05.036+0000] {processor.py:186} INFO - Started process (PID=3445) to work on /home/airflow/.local/lib/python3.12/site-packages/airflow/example_dags/tutorial_dag.py
[2024-10-03T11:25:05.037+0000] {processor.py:914} INFO - Processing file /home/airflow/.local/lib/python3.12/site-packages/airflow/example_dags/tutorial_dag.py for tasks to queue
[2024-10-03T11:25:05.038+0000] {logging_mixin.py:190} INFO - [2024-10-03T11:25:05.038+0000] {dagbag.py:588} INFO - Filling up the DagBag from /home/airflow/.local/lib/python3.12/site-packages/airflow/example_dags/tutorial_dag.py
[2024-10-03T11:25:05.043+0000] {processor.py:925} INFO - DAG(s) 'tutorial_dag' retrieved from /home/airflow/.local/lib/python3.12/site-packages/airflow/example_dags/tutorial_dag.py
[2024-10-03T11:25:05.054+0000] {logging_mixin.py:190} INFO - [2024-10-03T11:25:05.054+0000] {dag.py:3239} INFO - Sync 1 DAGs
[2024-10-03T11:25:05.062+0000] {logging_mixin.py:190} INFO - [2024-10-03T11:25:05.062+0000] {dag.py:4180} INFO - Setting next_dagrun for tutorial_dag to None, run_after=None
[2024-10-03T11:25:05.072+0000] {processor.py:208} INFO - Processing /home/airflow/.local/lib/python3.12/site-packages/airflow/example_dags/tutorial_dag.py took 0.040 seconds
[2024-10-03T11:25:35.559+0000] {processor.py:186} INFO - Started process (PID=3731) to work on /home/airflow/.local/lib/python3.12/site-packages/airflow/example_dags/tutorial_dag.py
[2024-10-03T11:25:35.560+0000] {processor.py:914} INFO - Processing file /home/airflow/.local/lib/python3.12/site-packages/airflow/example_dags/tutorial_dag.py for tasks to queue
[2024-10-03T11:25:35.562+0000] {logging_mixin.py:190} INFO - [2024-10-03T11:25:35.562+0000] {dagbag.py:588} INFO - Filling up the DagBag from /home/airflow/.local/lib/python3.12/site-packages/airflow/example_dags/tutorial_dag.py
[2024-10-03T11:25:35.566+0000] {processor.py:925} INFO - DAG(s) 'tutorial_dag' retrieved from /home/airflow/.local/lib/python3.12/site-packages/airflow/example_dags/tutorial_dag.py
[2024-10-03T11:25:35.578+0000] {logging_mixin.py:190} INFO - [2024-10-03T11:25:35.578+0000] {dag.py:3239} INFO - Sync 1 DAGs
[2024-10-03T11:25:35.585+0000] {logging_mixin.py:190} INFO - [2024-10-03T11:25:35.585+0000] {dag.py:4180} INFO - Setting next_dagrun for tutorial_dag to None, run_after=None
[2024-10-03T11:25:35.594+0000] {processor.py:208} INFO - Processing /home/airflow/.local/lib/python3.12/site-packages/airflow/example_dags/tutorial_dag.py took 0.038 seconds
[2024-10-03T11:26:05.907+0000] {processor.py:186} INFO - Started process (PID=4021) to work on /home/airflow/.local/lib/python3.12/site-packages/airflow/example_dags/tutorial_dag.py
[2024-10-03T11:26:05.908+0000] {processor.py:914} INFO - Processing file /home/airflow/.local/lib/python3.12/site-packages/airflow/example_dags/tutorial_dag.py for tasks to queue
[2024-10-03T11:26:05.909+0000] {logging_mixin.py:190} INFO - [2024-10-03T11:26:05.909+0000] {dagbag.py:588} INFO - Filling up the DagBag from /home/airflow/.local/lib/python3.12/site-packages/airflow/example_dags/tutorial_dag.py
[2024-10-03T11:26:05.914+0000] {processor.py:925} INFO - DAG(s) 'tutorial_dag' retrieved from /home/airflow/.local/lib/python3.12/site-packages/airflow/example_dags/tutorial_dag.py
[2024-10-03T11:26:05.926+0000] {logging_mixin.py:190} INFO - [2024-10-03T11:26:05.926+0000] {dag.py:3239} INFO - Sync 1 DAGs
[2024-10-03T11:26:05.933+0000] {logging_mixin.py:190} INFO - [2024-10-03T11:26:05.933+0000] {dag.py:4180} INFO - Setting next_dagrun for tutorial_dag to None, run_after=None
[2024-10-03T11:26:05.944+0000] {processor.py:208} INFO - Processing /home/airflow/.local/lib/python3.12/site-packages/airflow/example_dags/tutorial_dag.py took 0.040 seconds
[2024-10-03T11:26:36.407+0000] {processor.py:186} INFO - Started process (PID=4312) to work on /home/airflow/.local/lib/python3.12/site-packages/airflow/example_dags/tutorial_dag.py
[2024-10-03T11:26:36.407+0000] {processor.py:914} INFO - Processing file /home/airflow/.local/lib/python3.12/site-packages/airflow/example_dags/tutorial_dag.py for tasks to queue
[2024-10-03T11:26:36.409+0000] {logging_mixin.py:190} INFO - [2024-10-03T11:26:36.408+0000] {dagbag.py:588} INFO - Filling up the DagBag from /home/airflow/.local/lib/python3.12/site-packages/airflow/example_dags/tutorial_dag.py
[2024-10-03T11:26:36.413+0000] {processor.py:925} INFO - DAG(s) 'tutorial_dag' retrieved from /home/airflow/.local/lib/python3.12/site-packages/airflow/example_dags/tutorial_dag.py
[2024-10-03T11:26:36.424+0000] {logging_mixin.py:190} INFO - [2024-10-03T11:26:36.424+0000] {dag.py:3239} INFO - Sync 1 DAGs
[2024-10-03T11:26:36.431+0000] {logging_mixin.py:190} INFO - [2024-10-03T11:26:36.431+0000] {dag.py:4180} INFO - Setting next_dagrun for tutorial_dag to None, run_after=None
[2024-10-03T11:26:36.441+0000] {processor.py:208} INFO - Processing /home/airflow/.local/lib/python3.12/site-packages/airflow/example_dags/tutorial_dag.py took 0.037 seconds
[2024-10-03T11:27:06.867+0000] {processor.py:186} INFO - Started process (PID=4596) to work on /home/airflow/.local/lib/python3.12/site-packages/airflow/example_dags/tutorial_dag.py
[2024-10-03T11:27:06.868+0000] {processor.py:914} INFO - Processing file /home/airflow/.local/lib/python3.12/site-packages/airflow/example_dags/tutorial_dag.py for tasks to queue
[2024-10-03T11:27:06.869+0000] {logging_mixin.py:190} INFO - [2024-10-03T11:27:06.869+0000] {dagbag.py:588} INFO - Filling up the DagBag from /home/airflow/.local/lib/python3.12/site-packages/airflow/example_dags/tutorial_dag.py
[2024-10-03T11:27:06.874+0000] {processor.py:925} INFO - DAG(s) 'tutorial_dag' retrieved from /home/airflow/.local/lib/python3.12/site-packages/airflow/example_dags/tutorial_dag.py
[2024-10-03T11:27:06.884+0000] {logging_mixin.py:190} INFO - [2024-10-03T11:27:06.884+0000] {dag.py:3239} INFO - Sync 1 DAGs
[2024-10-03T11:27:06.892+0000] {logging_mixin.py:190} INFO - [2024-10-03T11:27:06.892+0000] {dag.py:4180} INFO - Setting next_dagrun for tutorial_dag to None, run_after=None
[2024-10-03T11:27:06.900+0000] {processor.py:208} INFO - Processing /home/airflow/.local/lib/python3.12/site-packages/airflow/example_dags/tutorial_dag.py took 0.036 seconds
[2024-10-03T11:27:37.255+0000] {processor.py:186} INFO - Started process (PID=4884) to work on /home/airflow/.local/lib/python3.12/site-packages/airflow/example_dags/tutorial_dag.py
[2024-10-03T11:27:37.256+0000] {processor.py:914} INFO - Processing file /home/airflow/.local/lib/python3.12/site-packages/airflow/example_dags/tutorial_dag.py for tasks to queue
[2024-10-03T11:27:37.257+0000] {logging_mixin.py:190} INFO - [2024-10-03T11:27:37.257+0000] {dagbag.py:588} INFO - Filling up the DagBag from /home/airflow/.local/lib/python3.12/site-packages/airflow/example_dags/tutorial_dag.py
[2024-10-03T11:27:37.262+0000] {processor.py:925} INFO - DAG(s) 'tutorial_dag' retrieved from /home/airflow/.local/lib/python3.12/site-packages/airflow/example_dags/tutorial_dag.py
[2024-10-03T11:27:37.273+0000] {logging_mixin.py:190} INFO - [2024-10-03T11:27:37.273+0000] {dag.py:3239} INFO - Sync 1 DAGs
[2024-10-03T11:27:37.281+0000] {logging_mixin.py:190} INFO - [2024-10-03T11:27:37.281+0000] {dag.py:4180} INFO - Setting next_dagrun for tutorial_dag to None, run_after=None
[2024-10-03T11:27:37.289+0000] {processor.py:208} INFO - Processing /home/airflow/.local/lib/python3.12/site-packages/airflow/example_dags/tutorial_dag.py took 0.038 seconds
[2024-10-03T11:28:07.631+0000] {processor.py:186} INFO - Started process (PID=5170) to work on /home/airflow/.local/lib/python3.12/site-packages/airflow/example_dags/tutorial_dag.py
[2024-10-03T11:28:07.632+0000] {processor.py:914} INFO - Processing file /home/airflow/.local/lib/python3.12/site-packages/airflow/example_dags/tutorial_dag.py for tasks to queue
[2024-10-03T11:28:07.634+0000] {logging_mixin.py:190} INFO - [2024-10-03T11:28:07.633+0000] {dagbag.py:588} INFO - Filling up the DagBag from /home/airflow/.local/lib/python3.12/site-packages/airflow/example_dags/tutorial_dag.py
[2024-10-03T11:28:07.638+0000] {processor.py:925} INFO - DAG(s) 'tutorial_dag' retrieved from /home/airflow/.local/lib/python3.12/site-packages/airflow/example_dags/tutorial_dag.py
[2024-10-03T11:28:07.649+0000] {logging_mixin.py:190} INFO - [2024-10-03T11:28:07.649+0000] {dag.py:3239} INFO - Sync 1 DAGs
[2024-10-03T11:28:07.657+0000] {logging_mixin.py:190} INFO - [2024-10-03T11:28:07.657+0000] {dag.py:4180} INFO - Setting next_dagrun for tutorial_dag to None, run_after=None
[2024-10-03T11:28:07.666+0000] {processor.py:208} INFO - Processing /home/airflow/.local/lib/python3.12/site-packages/airflow/example_dags/tutorial_dag.py took 0.039 seconds
[2024-10-03T11:28:37.959+0000] {processor.py:186} INFO - Started process (PID=5454) to work on /home/airflow/.local/lib/python3.12/site-packages/airflow/example_dags/tutorial_dag.py
[2024-10-03T11:28:37.959+0000] {processor.py:914} INFO - Processing file /home/airflow/.local/lib/python3.12/site-packages/airflow/example_dags/tutorial_dag.py for tasks to queue
[2024-10-03T11:28:37.961+0000] {logging_mixin.py:190} INFO - [2024-10-03T11:28:37.961+0000] {dagbag.py:588} INFO - Filling up the DagBag from /home/airflow/.local/lib/python3.12/site-packages/airflow/example_dags/tutorial_dag.py
[2024-10-03T11:28:37.965+0000] {processor.py:925} INFO - DAG(s) 'tutorial_dag' retrieved from /home/airflow/.local/lib/python3.12/site-packages/airflow/example_dags/tutorial_dag.py
[2024-10-03T11:28:37.977+0000] {logging_mixin.py:190} INFO - [2024-10-03T11:28:37.976+0000] {dag.py:3239} INFO - Sync 1 DAGs
[2024-10-03T11:28:37.984+0000] {logging_mixin.py:190} INFO - [2024-10-03T11:28:37.984+0000] {dag.py:4180} INFO - Setting next_dagrun for tutorial_dag to None, run_after=None
[2024-10-03T11:28:37.993+0000] {processor.py:208} INFO - Processing /home/airflow/.local/lib/python3.12/site-packages/airflow/example_dags/tutorial_dag.py took 0.038 seconds
[2024-10-03T11:29:08.192+0000] {processor.py:186} INFO - Started process (PID=5764) to work on /home/airflow/.local/lib/python3.12/site-packages/airflow/example_dags/tutorial_dag.py
[2024-10-03T11:29:08.193+0000] {processor.py:914} INFO - Processing file /home/airflow/.local/lib/python3.12/site-packages/airflow/example_dags/tutorial_dag.py for tasks to queue
[2024-10-03T11:29:08.194+0000] {logging_mixin.py:190} INFO - [2024-10-03T11:29:08.194+0000] {dagbag.py:588} INFO - Filling up the DagBag from /home/airflow/.local/lib/python3.12/site-packages/airflow/example_dags/tutorial_dag.py
[2024-10-03T11:29:08.199+0000] {processor.py:925} INFO - DAG(s) 'tutorial_dag' retrieved from /home/airflow/.local/lib/python3.12/site-packages/airflow/example_dags/tutorial_dag.py
[2024-10-03T11:29:08.209+0000] {logging_mixin.py:190} INFO - [2024-10-03T11:29:08.209+0000] {dag.py:3239} INFO - Sync 1 DAGs
[2024-10-03T11:29:08.216+0000] {logging_mixin.py:190} INFO - [2024-10-03T11:29:08.216+0000] {dag.py:4180} INFO - Setting next_dagrun for tutorial_dag to None, run_after=None
[2024-10-03T11:29:08.225+0000] {processor.py:208} INFO - Processing /home/airflow/.local/lib/python3.12/site-packages/airflow/example_dags/tutorial_dag.py took 0.036 seconds
[2024-10-03T11:29:38.520+0000] {processor.py:186} INFO - Started process (PID=6052) to work on /home/airflow/.local/lib/python3.12/site-packages/airflow/example_dags/tutorial_dag.py
[2024-10-03T11:29:38.520+0000] {processor.py:914} INFO - Processing file /home/airflow/.local/lib/python3.12/site-packages/airflow/example_dags/tutorial_dag.py for tasks to queue
[2024-10-03T11:29:38.522+0000] {logging_mixin.py:190} INFO - [2024-10-03T11:29:38.522+0000] {dagbag.py:588} INFO - Filling up the DagBag from /home/airflow/.local/lib/python3.12/site-packages/airflow/example_dags/tutorial_dag.py
[2024-10-03T11:29:38.526+0000] {processor.py:925} INFO - DAG(s) 'tutorial_dag' retrieved from /home/airflow/.local/lib/python3.12/site-packages/airflow/example_dags/tutorial_dag.py
[2024-10-03T11:29:38.537+0000] {logging_mixin.py:190} INFO - [2024-10-03T11:29:38.537+0000] {dag.py:3239} INFO - Sync 1 DAGs
[2024-10-03T11:29:38.544+0000] {logging_mixin.py:190} INFO - [2024-10-03T11:29:38.544+0000] {dag.py:4180} INFO - Setting next_dagrun for tutorial_dag to None, run_after=None
[2024-10-03T11:29:38.553+0000] {processor.py:208} INFO - Processing /home/airflow/.local/lib/python3.12/site-packages/airflow/example_dags/tutorial_dag.py took 0.036 seconds
[2024-10-03T11:30:08.944+0000] {processor.py:186} INFO - Started process (PID=6338) to work on /home/airflow/.local/lib/python3.12/site-packages/airflow/example_dags/tutorial_dag.py
[2024-10-03T11:30:08.944+0000] {processor.py:914} INFO - Processing file /home/airflow/.local/lib/python3.12/site-packages/airflow/example_dags/tutorial_dag.py for tasks to queue
[2024-10-03T11:30:08.946+0000] {logging_mixin.py:190} INFO - [2024-10-03T11:30:08.946+0000] {dagbag.py:588} INFO - Filling up the DagBag from /home/airflow/.local/lib/python3.12/site-packages/airflow/example_dags/tutorial_dag.py
[2024-10-03T11:30:08.951+0000] {processor.py:925} INFO - DAG(s) 'tutorial_dag' retrieved from /home/airflow/.local/lib/python3.12/site-packages/airflow/example_dags/tutorial_dag.py
[2024-10-03T11:30:08.962+0000] {logging_mixin.py:190} INFO - [2024-10-03T11:30:08.962+0000] {dag.py:3239} INFO - Sync 1 DAGs
[2024-10-03T11:30:08.969+0000] {logging_mixin.py:190} INFO - [2024-10-03T11:30:08.969+0000] {dag.py:4180} INFO - Setting next_dagrun for tutorial_dag to None, run_after=None
[2024-10-03T11:30:08.980+0000] {processor.py:208} INFO - Processing /home/airflow/.local/lib/python3.12/site-packages/airflow/example_dags/tutorial_dag.py took 0.040 seconds
[2024-10-03T11:30:39.274+0000] {processor.py:186} INFO - Started process (PID=6624) to work on /home/airflow/.local/lib/python3.12/site-packages/airflow/example_dags/tutorial_dag.py
[2024-10-03T11:30:39.275+0000] {processor.py:914} INFO - Processing file /home/airflow/.local/lib/python3.12/site-packages/airflow/example_dags/tutorial_dag.py for tasks to queue
[2024-10-03T11:30:39.276+0000] {logging_mixin.py:190} INFO - [2024-10-03T11:30:39.276+0000] {dagbag.py:588} INFO - Filling up the DagBag from /home/airflow/.local/lib/python3.12/site-packages/airflow/example_dags/tutorial_dag.py
[2024-10-03T11:30:39.281+0000] {processor.py:925} INFO - DAG(s) 'tutorial_dag' retrieved from /home/airflow/.local/lib/python3.12/site-packages/airflow/example_dags/tutorial_dag.py
[2024-10-03T11:30:39.292+0000] {logging_mixin.py:190} INFO - [2024-10-03T11:30:39.292+0000] {dag.py:3239} INFO - Sync 1 DAGs
[2024-10-03T11:30:39.299+0000] {logging_mixin.py:190} INFO - [2024-10-03T11:30:39.299+0000] {dag.py:4180} INFO - Setting next_dagrun for tutorial_dag to None, run_after=None
[2024-10-03T11:30:39.307+0000] {processor.py:208} INFO - Processing /home/airflow/.local/lib/python3.12/site-packages/airflow/example_dags/tutorial_dag.py took 0.037 seconds
[2024-10-03T11:31:09.574+0000] {processor.py:186} INFO - Started process (PID=6908) to work on /home/airflow/.local/lib/python3.12/site-packages/airflow/example_dags/tutorial_dag.py
[2024-10-03T11:31:09.574+0000] {processor.py:914} INFO - Processing file /home/airflow/.local/lib/python3.12/site-packages/airflow/example_dags/tutorial_dag.py for tasks to queue
[2024-10-03T11:31:09.576+0000] {logging_mixin.py:190} INFO - [2024-10-03T11:31:09.575+0000] {dagbag.py:588} INFO - Filling up the DagBag from /home/airflow/.local/lib/python3.12/site-packages/airflow/example_dags/tutorial_dag.py
[2024-10-03T11:31:09.580+0000] {processor.py:925} INFO - DAG(s) 'tutorial_dag' retrieved from /home/airflow/.local/lib/python3.12/site-packages/airflow/example_dags/tutorial_dag.py
[2024-10-03T11:31:09.591+0000] {logging_mixin.py:190} INFO - [2024-10-03T11:31:09.591+0000] {dag.py:3239} INFO - Sync 1 DAGs
[2024-10-03T11:31:09.598+0000] {logging_mixin.py:190} INFO - [2024-10-03T11:31:09.598+0000] {dag.py:4180} INFO - Setting next_dagrun for tutorial_dag to None, run_after=None
[2024-10-03T11:31:09.606+0000] {processor.py:208} INFO - Processing /home/airflow/.local/lib/python3.12/site-packages/airflow/example_dags/tutorial_dag.py took 0.036 seconds
