[2024-10-03T11:19:31.654+0000] {processor.py:186} INFO - Started process (PID=387) to work on /home/airflow/.local/lib/python3.12/site-packages/airflow/example_dags/tutorial.py
[2024-10-03T11:19:31.654+0000] {processor.py:914} INFO - Processing file /home/airflow/.local/lib/python3.12/site-packages/airflow/example_dags/tutorial.py for tasks to queue
[2024-10-03T11:19:31.656+0000] {logging_mixin.py:190} INFO - [2024-10-03T11:19:31.656+0000] {dagbag.py:588} INFO - Filling up the DagBag from /home/airflow/.local/lib/python3.12/site-packages/airflow/example_dags/tutorial.py
[2024-10-03T11:19:31.661+0000] {processor.py:925} INFO - DAG(s) 'tutorial' retrieved from /home/airflow/.local/lib/python3.12/site-packages/airflow/example_dags/tutorial.py
[2024-10-03T11:19:31.714+0000] {logging_mixin.py:190} INFO - [2024-10-03T11:19:31.714+0000] {override.py:1900} INFO - Created Permission View: can delete on DAG:tutorial
[2024-10-03T11:19:31.719+0000] {logging_mixin.py:190} INFO - [2024-10-03T11:19:31.719+0000] {override.py:1900} INFO - Created Permission View: can read on DAG:tutorial
[2024-10-03T11:19:31.722+0000] {logging_mixin.py:190} INFO - [2024-10-03T11:19:31.722+0000] {override.py:1900} INFO - Created Permission View: can edit on DAG:tutorial
[2024-10-03T11:19:31.725+0000] {logging_mixin.py:190} INFO - [2024-10-03T11:19:31.725+0000] {override.py:1900} INFO - Created Permission View: can read on DAG Run:tutorial
[2024-10-03T11:19:31.728+0000] {logging_mixin.py:190} INFO - [2024-10-03T11:19:31.728+0000] {override.py:1900} INFO - Created Permission View: can create on DAG Run:tutorial
[2024-10-03T11:19:31.730+0000] {logging_mixin.py:190} INFO - [2024-10-03T11:19:31.730+0000] {override.py:1900} INFO - Created Permission View: menu access on DAG Run:tutorial
[2024-10-03T11:19:31.734+0000] {logging_mixin.py:190} INFO - [2024-10-03T11:19:31.734+0000] {override.py:1900} INFO - Created Permission View: can delete on DAG Run:tutorial
[2024-10-03T11:19:31.734+0000] {logging_mixin.py:190} INFO - [2024-10-03T11:19:31.734+0000] {dag.py:3239} INFO - Sync 1 DAGs
[2024-10-03T11:19:31.741+0000] {logging_mixin.py:190} INFO - [2024-10-03T11:19:31.741+0000] {dag.py:3262} INFO - Creating ORM DAG for tutorial
[2024-10-03T11:19:31.746+0000] {logging_mixin.py:190} INFO - [2024-10-03T11:19:31.746+0000] {dag.py:4180} INFO - Setting next_dagrun for tutorial to 2024-10-02 00:00:00+00:00, run_after=2024-10-03 00:00:00+00:00
[2024-10-03T11:19:31.755+0000] {processor.py:208} INFO - Processing /home/airflow/.local/lib/python3.12/site-packages/airflow/example_dags/tutorial.py took 0.104 seconds
[2024-10-03T11:20:02.256+0000] {processor.py:186} INFO - Started process (PID=675) to work on /home/airflow/.local/lib/python3.12/site-packages/airflow/example_dags/tutorial.py
[2024-10-03T11:20:02.257+0000] {processor.py:914} INFO - Processing file /home/airflow/.local/lib/python3.12/site-packages/airflow/example_dags/tutorial.py for tasks to queue
[2024-10-03T11:20:02.259+0000] {logging_mixin.py:190} INFO - [2024-10-03T11:20:02.258+0000] {dagbag.py:588} INFO - Filling up the DagBag from /home/airflow/.local/lib/python3.12/site-packages/airflow/example_dags/tutorial.py
[2024-10-03T11:20:02.264+0000] {processor.py:925} INFO - DAG(s) 'tutorial' retrieved from /home/airflow/.local/lib/python3.12/site-packages/airflow/example_dags/tutorial.py
[2024-10-03T11:20:02.274+0000] {logging_mixin.py:190} INFO - [2024-10-03T11:20:02.274+0000] {dag.py:3239} INFO - Sync 1 DAGs
[2024-10-03T11:20:02.286+0000] {logging_mixin.py:190} INFO - [2024-10-03T11:20:02.286+0000] {dag.py:4180} INFO - Setting next_dagrun for tutorial to 2024-10-02 00:00:00+00:00, run_after=2024-10-03 00:00:00+00:00
[2024-10-03T11:20:02.296+0000] {processor.py:208} INFO - Processing /home/airflow/.local/lib/python3.12/site-packages/airflow/example_dags/tutorial.py took 0.044 seconds
[2024-10-03T11:20:32.663+0000] {processor.py:186} INFO - Started process (PID=961) to work on /home/airflow/.local/lib/python3.12/site-packages/airflow/example_dags/tutorial.py
[2024-10-03T11:20:32.664+0000] {processor.py:914} INFO - Processing file /home/airflow/.local/lib/python3.12/site-packages/airflow/example_dags/tutorial.py for tasks to queue
[2024-10-03T11:20:32.665+0000] {logging_mixin.py:190} INFO - [2024-10-03T11:20:32.665+0000] {dagbag.py:588} INFO - Filling up the DagBag from /home/airflow/.local/lib/python3.12/site-packages/airflow/example_dags/tutorial.py
[2024-10-03T11:20:32.670+0000] {processor.py:925} INFO - DAG(s) 'tutorial' retrieved from /home/airflow/.local/lib/python3.12/site-packages/airflow/example_dags/tutorial.py
[2024-10-03T11:20:32.681+0000] {logging_mixin.py:190} INFO - [2024-10-03T11:20:32.681+0000] {dag.py:3239} INFO - Sync 1 DAGs
[2024-10-03T11:20:32.694+0000] {logging_mixin.py:190} INFO - [2024-10-03T11:20:32.694+0000] {dag.py:4180} INFO - Setting next_dagrun for tutorial to 2024-10-02 00:00:00+00:00, run_after=2024-10-03 00:00:00+00:00
[2024-10-03T11:20:32.702+0000] {processor.py:208} INFO - Processing /home/airflow/.local/lib/python3.12/site-packages/airflow/example_dags/tutorial.py took 0.043 seconds
[2024-10-03T11:21:03.072+0000] {processor.py:186} INFO - Started process (PID=1247) to work on /home/airflow/.local/lib/python3.12/site-packages/airflow/example_dags/tutorial.py
[2024-10-03T11:21:03.073+0000] {processor.py:914} INFO - Processing file /home/airflow/.local/lib/python3.12/site-packages/airflow/example_dags/tutorial.py for tasks to queue
[2024-10-03T11:21:03.074+0000] {logging_mixin.py:190} INFO - [2024-10-03T11:21:03.074+0000] {dagbag.py:588} INFO - Filling up the DagBag from /home/airflow/.local/lib/python3.12/site-packages/airflow/example_dags/tutorial.py
[2024-10-03T11:21:03.079+0000] {processor.py:925} INFO - DAG(s) 'tutorial' retrieved from /home/airflow/.local/lib/python3.12/site-packages/airflow/example_dags/tutorial.py
[2024-10-03T11:21:03.089+0000] {logging_mixin.py:190} INFO - [2024-10-03T11:21:03.089+0000] {dag.py:3239} INFO - Sync 1 DAGs
[2024-10-03T11:21:03.101+0000] {logging_mixin.py:190} INFO - [2024-10-03T11:21:03.101+0000] {dag.py:4180} INFO - Setting next_dagrun for tutorial to 2024-10-02 00:00:00+00:00, run_after=2024-10-03 00:00:00+00:00
[2024-10-03T11:21:03.110+0000] {processor.py:208} INFO - Processing /home/airflow/.local/lib/python3.12/site-packages/airflow/example_dags/tutorial.py took 0.041 seconds
[2024-10-03T11:21:33.587+0000] {processor.py:186} INFO - Started process (PID=1533) to work on /home/airflow/.local/lib/python3.12/site-packages/airflow/example_dags/tutorial.py
[2024-10-03T11:21:33.588+0000] {processor.py:914} INFO - Processing file /home/airflow/.local/lib/python3.12/site-packages/airflow/example_dags/tutorial.py for tasks to queue
[2024-10-03T11:21:33.589+0000] {logging_mixin.py:190} INFO - [2024-10-03T11:21:33.589+0000] {dagbag.py:588} INFO - Filling up the DagBag from /home/airflow/.local/lib/python3.12/site-packages/airflow/example_dags/tutorial.py
[2024-10-03T11:21:33.594+0000] {processor.py:925} INFO - DAG(s) 'tutorial' retrieved from /home/airflow/.local/lib/python3.12/site-packages/airflow/example_dags/tutorial.py
[2024-10-03T11:21:33.606+0000] {logging_mixin.py:190} INFO - [2024-10-03T11:21:33.606+0000] {dag.py:3239} INFO - Sync 1 DAGs
[2024-10-03T11:21:33.620+0000] {logging_mixin.py:190} INFO - [2024-10-03T11:21:33.620+0000] {dag.py:4180} INFO - Setting next_dagrun for tutorial to 2024-10-02 00:00:00+00:00, run_after=2024-10-03 00:00:00+00:00
[2024-10-03T11:21:33.631+0000] {processor.py:208} INFO - Processing /home/airflow/.local/lib/python3.12/site-packages/airflow/example_dags/tutorial.py took 0.048 seconds
[2024-10-03T11:22:03.989+0000] {processor.py:186} INFO - Started process (PID=1819) to work on /home/airflow/.local/lib/python3.12/site-packages/airflow/example_dags/tutorial.py
[2024-10-03T11:22:03.989+0000] {processor.py:914} INFO - Processing file /home/airflow/.local/lib/python3.12/site-packages/airflow/example_dags/tutorial.py for tasks to queue
[2024-10-03T11:22:03.991+0000] {logging_mixin.py:190} INFO - [2024-10-03T11:22:03.991+0000] {dagbag.py:588} INFO - Filling up the DagBag from /home/airflow/.local/lib/python3.12/site-packages/airflow/example_dags/tutorial.py
[2024-10-03T11:22:03.995+0000] {processor.py:925} INFO - DAG(s) 'tutorial' retrieved from /home/airflow/.local/lib/python3.12/site-packages/airflow/example_dags/tutorial.py
[2024-10-03T11:22:04.006+0000] {logging_mixin.py:190} INFO - [2024-10-03T11:22:04.006+0000] {dag.py:3239} INFO - Sync 1 DAGs
[2024-10-03T11:22:04.017+0000] {logging_mixin.py:190} INFO - [2024-10-03T11:22:04.017+0000] {dag.py:4180} INFO - Setting next_dagrun for tutorial to 2024-10-02 00:00:00+00:00, run_after=2024-10-03 00:00:00+00:00
[2024-10-03T11:22:04.024+0000] {processor.py:208} INFO - Processing /home/airflow/.local/lib/python3.12/site-packages/airflow/example_dags/tutorial.py took 0.039 seconds
[2024-10-03T11:22:34.575+0000] {processor.py:186} INFO - Started process (PID=2105) to work on /home/airflow/.local/lib/python3.12/site-packages/airflow/example_dags/tutorial.py
[2024-10-03T11:22:34.576+0000] {processor.py:914} INFO - Processing file /home/airflow/.local/lib/python3.12/site-packages/airflow/example_dags/tutorial.py for tasks to queue
[2024-10-03T11:22:34.578+0000] {logging_mixin.py:190} INFO - [2024-10-03T11:22:34.578+0000] {dagbag.py:588} INFO - Filling up the DagBag from /home/airflow/.local/lib/python3.12/site-packages/airflow/example_dags/tutorial.py
[2024-10-03T11:22:34.583+0000] {processor.py:925} INFO - DAG(s) 'tutorial' retrieved from /home/airflow/.local/lib/python3.12/site-packages/airflow/example_dags/tutorial.py
[2024-10-03T11:22:34.598+0000] {logging_mixin.py:190} INFO - [2024-10-03T11:22:34.598+0000] {dag.py:3239} INFO - Sync 1 DAGs
[2024-10-03T11:22:34.611+0000] {logging_mixin.py:190} INFO - [2024-10-03T11:22:34.611+0000] {dag.py:4180} INFO - Setting next_dagrun for tutorial to 2024-10-02 00:00:00+00:00, run_after=2024-10-03 00:00:00+00:00
[2024-10-03T11:22:34.622+0000] {processor.py:208} INFO - Processing /home/airflow/.local/lib/python3.12/site-packages/airflow/example_dags/tutorial.py took 0.051 seconds
[2024-10-03T11:23:05.063+0000] {processor.py:186} INFO - Started process (PID=2389) to work on /home/airflow/.local/lib/python3.12/site-packages/airflow/example_dags/tutorial.py
[2024-10-03T11:23:05.064+0000] {processor.py:914} INFO - Processing file /home/airflow/.local/lib/python3.12/site-packages/airflow/example_dags/tutorial.py for tasks to queue
[2024-10-03T11:23:05.066+0000] {logging_mixin.py:190} INFO - [2024-10-03T11:23:05.065+0000] {dagbag.py:588} INFO - Filling up the DagBag from /home/airflow/.local/lib/python3.12/site-packages/airflow/example_dags/tutorial.py
[2024-10-03T11:23:05.070+0000] {processor.py:925} INFO - DAG(s) 'tutorial' retrieved from /home/airflow/.local/lib/python3.12/site-packages/airflow/example_dags/tutorial.py
[2024-10-03T11:23:05.081+0000] {logging_mixin.py:190} INFO - [2024-10-03T11:23:05.081+0000] {dag.py:3239} INFO - Sync 1 DAGs
[2024-10-03T11:23:05.093+0000] {logging_mixin.py:190} INFO - [2024-10-03T11:23:05.093+0000] {dag.py:4180} INFO - Setting next_dagrun for tutorial to 2024-10-02 00:00:00+00:00, run_after=2024-10-03 00:00:00+00:00
[2024-10-03T11:23:05.102+0000] {processor.py:208} INFO - Processing /home/airflow/.local/lib/python3.12/site-packages/airflow/example_dags/tutorial.py took 0.042 seconds
[2024-10-03T11:23:35.337+0000] {processor.py:186} INFO - Started process (PID=2677) to work on /home/airflow/.local/lib/python3.12/site-packages/airflow/example_dags/tutorial.py
[2024-10-03T11:23:35.338+0000] {processor.py:914} INFO - Processing file /home/airflow/.local/lib/python3.12/site-packages/airflow/example_dags/tutorial.py for tasks to queue
[2024-10-03T11:23:35.339+0000] {logging_mixin.py:190} INFO - [2024-10-03T11:23:35.339+0000] {dagbag.py:588} INFO - Filling up the DagBag from /home/airflow/.local/lib/python3.12/site-packages/airflow/example_dags/tutorial.py
[2024-10-03T11:23:35.344+0000] {processor.py:925} INFO - DAG(s) 'tutorial' retrieved from /home/airflow/.local/lib/python3.12/site-packages/airflow/example_dags/tutorial.py
[2024-10-03T11:23:35.354+0000] {logging_mixin.py:190} INFO - [2024-10-03T11:23:35.354+0000] {dag.py:3239} INFO - Sync 1 DAGs
[2024-10-03T11:23:35.365+0000] {logging_mixin.py:190} INFO - [2024-10-03T11:23:35.365+0000] {dag.py:4180} INFO - Setting next_dagrun for tutorial to 2024-10-02 00:00:00+00:00, run_after=2024-10-03 00:00:00+00:00
[2024-10-03T11:23:35.372+0000] {processor.py:208} INFO - Processing /home/airflow/.local/lib/python3.12/site-packages/airflow/example_dags/tutorial.py took 0.039 seconds
[2024-10-03T11:24:05.720+0000] {processor.py:186} INFO - Started process (PID=2963) to work on /home/airflow/.local/lib/python3.12/site-packages/airflow/example_dags/tutorial.py
[2024-10-03T11:24:05.721+0000] {processor.py:914} INFO - Processing file /home/airflow/.local/lib/python3.12/site-packages/airflow/example_dags/tutorial.py for tasks to queue
[2024-10-03T11:24:05.722+0000] {logging_mixin.py:190} INFO - [2024-10-03T11:24:05.722+0000] {dagbag.py:588} INFO - Filling up the DagBag from /home/airflow/.local/lib/python3.12/site-packages/airflow/example_dags/tutorial.py
[2024-10-03T11:24:05.726+0000] {processor.py:925} INFO - DAG(s) 'tutorial' retrieved from /home/airflow/.local/lib/python3.12/site-packages/airflow/example_dags/tutorial.py
[2024-10-03T11:24:05.737+0000] {logging_mixin.py:190} INFO - [2024-10-03T11:24:05.737+0000] {dag.py:3239} INFO - Sync 1 DAGs
[2024-10-03T11:24:05.748+0000] {logging_mixin.py:190} INFO - [2024-10-03T11:24:05.748+0000] {dag.py:4180} INFO - Setting next_dagrun for tutorial to 2024-10-02 00:00:00+00:00, run_after=2024-10-03 00:00:00+00:00
[2024-10-03T11:24:05.757+0000] {processor.py:208} INFO - Processing /home/airflow/.local/lib/python3.12/site-packages/airflow/example_dags/tutorial.py took 0.040 seconds
[2024-10-03T11:24:36.339+0000] {processor.py:186} INFO - Started process (PID=3249) to work on /home/airflow/.local/lib/python3.12/site-packages/airflow/example_dags/tutorial.py
[2024-10-03T11:24:36.339+0000] {processor.py:914} INFO - Processing file /home/airflow/.local/lib/python3.12/site-packages/airflow/example_dags/tutorial.py for tasks to queue
[2024-10-03T11:24:36.341+0000] {logging_mixin.py:190} INFO - [2024-10-03T11:24:36.341+0000] {dagbag.py:588} INFO - Filling up the DagBag from /home/airflow/.local/lib/python3.12/site-packages/airflow/example_dags/tutorial.py
[2024-10-03T11:24:36.345+0000] {processor.py:925} INFO - DAG(s) 'tutorial' retrieved from /home/airflow/.local/lib/python3.12/site-packages/airflow/example_dags/tutorial.py
[2024-10-03T11:24:36.356+0000] {logging_mixin.py:190} INFO - [2024-10-03T11:24:36.356+0000] {dag.py:3239} INFO - Sync 1 DAGs
[2024-10-03T11:24:36.367+0000] {logging_mixin.py:190} INFO - [2024-10-03T11:24:36.367+0000] {dag.py:4180} INFO - Setting next_dagrun for tutorial to 2024-10-02 00:00:00+00:00, run_after=2024-10-03 00:00:00+00:00
[2024-10-03T11:24:36.376+0000] {processor.py:208} INFO - Processing /home/airflow/.local/lib/python3.12/site-packages/airflow/example_dags/tutorial.py took 0.041 seconds
[2024-10-03T11:25:06.840+0000] {processor.py:186} INFO - Started process (PID=3535) to work on /home/airflow/.local/lib/python3.12/site-packages/airflow/example_dags/tutorial.py
[2024-10-03T11:25:06.841+0000] {processor.py:914} INFO - Processing file /home/airflow/.local/lib/python3.12/site-packages/airflow/example_dags/tutorial.py for tasks to queue
[2024-10-03T11:25:06.842+0000] {logging_mixin.py:190} INFO - [2024-10-03T11:25:06.842+0000] {dagbag.py:588} INFO - Filling up the DagBag from /home/airflow/.local/lib/python3.12/site-packages/airflow/example_dags/tutorial.py
[2024-10-03T11:25:06.847+0000] {processor.py:925} INFO - DAG(s) 'tutorial' retrieved from /home/airflow/.local/lib/python3.12/site-packages/airflow/example_dags/tutorial.py
[2024-10-03T11:25:06.857+0000] {logging_mixin.py:190} INFO - [2024-10-03T11:25:06.857+0000] {dag.py:3239} INFO - Sync 1 DAGs
[2024-10-03T11:25:06.867+0000] {logging_mixin.py:190} INFO - [2024-10-03T11:25:06.867+0000] {dag.py:4180} INFO - Setting next_dagrun for tutorial to 2024-10-02 00:00:00+00:00, run_after=2024-10-03 00:00:00+00:00
[2024-10-03T11:25:06.879+0000] {processor.py:208} INFO - Processing /home/airflow/.local/lib/python3.12/site-packages/airflow/example_dags/tutorial.py took 0.042 seconds
[2024-10-03T11:25:37.327+0000] {processor.py:186} INFO - Started process (PID=3821) to work on /home/airflow/.local/lib/python3.12/site-packages/airflow/example_dags/tutorial.py
[2024-10-03T11:25:37.327+0000] {processor.py:914} INFO - Processing file /home/airflow/.local/lib/python3.12/site-packages/airflow/example_dags/tutorial.py for tasks to queue
[2024-10-03T11:25:37.329+0000] {logging_mixin.py:190} INFO - [2024-10-03T11:25:37.329+0000] {dagbag.py:588} INFO - Filling up the DagBag from /home/airflow/.local/lib/python3.12/site-packages/airflow/example_dags/tutorial.py
[2024-10-03T11:25:37.334+0000] {processor.py:925} INFO - DAG(s) 'tutorial' retrieved from /home/airflow/.local/lib/python3.12/site-packages/airflow/example_dags/tutorial.py
[2024-10-03T11:25:37.345+0000] {logging_mixin.py:190} INFO - [2024-10-03T11:25:37.345+0000] {dag.py:3239} INFO - Sync 1 DAGs
[2024-10-03T11:25:37.356+0000] {logging_mixin.py:190} INFO - [2024-10-03T11:25:37.355+0000] {dag.py:4180} INFO - Setting next_dagrun for tutorial to 2024-10-02 00:00:00+00:00, run_after=2024-10-03 00:00:00+00:00
[2024-10-03T11:25:37.366+0000] {processor.py:208} INFO - Processing /home/airflow/.local/lib/python3.12/site-packages/airflow/example_dags/tutorial.py took 0.043 seconds
[2024-10-03T11:26:07.835+0000] {processor.py:186} INFO - Started process (PID=4109) to work on /home/airflow/.local/lib/python3.12/site-packages/airflow/example_dags/tutorial.py
[2024-10-03T11:26:07.836+0000] {processor.py:914} INFO - Processing file /home/airflow/.local/lib/python3.12/site-packages/airflow/example_dags/tutorial.py for tasks to queue
[2024-10-03T11:26:07.837+0000] {logging_mixin.py:190} INFO - [2024-10-03T11:26:07.837+0000] {dagbag.py:588} INFO - Filling up the DagBag from /home/airflow/.local/lib/python3.12/site-packages/airflow/example_dags/tutorial.py
[2024-10-03T11:26:07.843+0000] {processor.py:925} INFO - DAG(s) 'tutorial' retrieved from /home/airflow/.local/lib/python3.12/site-packages/airflow/example_dags/tutorial.py
[2024-10-03T11:26:07.857+0000] {logging_mixin.py:190} INFO - [2024-10-03T11:26:07.857+0000] {dag.py:3239} INFO - Sync 1 DAGs
[2024-10-03T11:26:07.870+0000] {logging_mixin.py:190} INFO - [2024-10-03T11:26:07.870+0000] {dag.py:4180} INFO - Setting next_dagrun for tutorial to 2024-10-02 00:00:00+00:00, run_after=2024-10-03 00:00:00+00:00
[2024-10-03T11:26:07.881+0000] {processor.py:208} INFO - Processing /home/airflow/.local/lib/python3.12/site-packages/airflow/example_dags/tutorial.py took 0.049 seconds
[2024-10-03T11:26:38.225+0000] {processor.py:186} INFO - Started process (PID=4395) to work on /home/airflow/.local/lib/python3.12/site-packages/airflow/example_dags/tutorial.py
[2024-10-03T11:26:38.226+0000] {processor.py:914} INFO - Processing file /home/airflow/.local/lib/python3.12/site-packages/airflow/example_dags/tutorial.py for tasks to queue
[2024-10-03T11:26:38.227+0000] {logging_mixin.py:190} INFO - [2024-10-03T11:26:38.227+0000] {dagbag.py:588} INFO - Filling up the DagBag from /home/airflow/.local/lib/python3.12/site-packages/airflow/example_dags/tutorial.py
[2024-10-03T11:26:38.231+0000] {processor.py:925} INFO - DAG(s) 'tutorial' retrieved from /home/airflow/.local/lib/python3.12/site-packages/airflow/example_dags/tutorial.py
[2024-10-03T11:26:38.242+0000] {logging_mixin.py:190} INFO - [2024-10-03T11:26:38.242+0000] {dag.py:3239} INFO - Sync 1 DAGs
[2024-10-03T11:26:38.253+0000] {logging_mixin.py:190} INFO - [2024-10-03T11:26:38.253+0000] {dag.py:4180} INFO - Setting next_dagrun for tutorial to 2024-10-02 00:00:00+00:00, run_after=2024-10-03 00:00:00+00:00
[2024-10-03T11:26:38.262+0000] {processor.py:208} INFO - Processing /home/airflow/.local/lib/python3.12/site-packages/airflow/example_dags/tutorial.py took 0.040 seconds
[2024-10-03T11:27:08.646+0000] {processor.py:186} INFO - Started process (PID=4681) to work on /home/airflow/.local/lib/python3.12/site-packages/airflow/example_dags/tutorial.py
[2024-10-03T11:27:08.646+0000] {processor.py:914} INFO - Processing file /home/airflow/.local/lib/python3.12/site-packages/airflow/example_dags/tutorial.py for tasks to queue
[2024-10-03T11:27:08.648+0000] {logging_mixin.py:190} INFO - [2024-10-03T11:27:08.648+0000] {dagbag.py:588} INFO - Filling up the DagBag from /home/airflow/.local/lib/python3.12/site-packages/airflow/example_dags/tutorial.py
[2024-10-03T11:27:08.652+0000] {processor.py:925} INFO - DAG(s) 'tutorial' retrieved from /home/airflow/.local/lib/python3.12/site-packages/airflow/example_dags/tutorial.py
[2024-10-03T11:27:08.662+0000] {logging_mixin.py:190} INFO - [2024-10-03T11:27:08.662+0000] {dag.py:3239} INFO - Sync 1 DAGs
[2024-10-03T11:27:08.673+0000] {logging_mixin.py:190} INFO - [2024-10-03T11:27:08.673+0000] {dag.py:4180} INFO - Setting next_dagrun for tutorial to 2024-10-02 00:00:00+00:00, run_after=2024-10-03 00:00:00+00:00
[2024-10-03T11:27:08.682+0000] {processor.py:208} INFO - Processing /home/airflow/.local/lib/python3.12/site-packages/airflow/example_dags/tutorial.py took 0.039 seconds
[2024-10-03T11:27:39.017+0000] {processor.py:186} INFO - Started process (PID=4967) to work on /home/airflow/.local/lib/python3.12/site-packages/airflow/example_dags/tutorial.py
[2024-10-03T11:27:39.018+0000] {processor.py:914} INFO - Processing file /home/airflow/.local/lib/python3.12/site-packages/airflow/example_dags/tutorial.py for tasks to queue
[2024-10-03T11:27:39.019+0000] {logging_mixin.py:190} INFO - [2024-10-03T11:27:39.019+0000] {dagbag.py:588} INFO - Filling up the DagBag from /home/airflow/.local/lib/python3.12/site-packages/airflow/example_dags/tutorial.py
[2024-10-03T11:27:39.024+0000] {processor.py:925} INFO - DAG(s) 'tutorial' retrieved from /home/airflow/.local/lib/python3.12/site-packages/airflow/example_dags/tutorial.py
[2024-10-03T11:27:39.034+0000] {logging_mixin.py:190} INFO - [2024-10-03T11:27:39.034+0000] {dag.py:3239} INFO - Sync 1 DAGs
[2024-10-03T11:27:39.045+0000] {logging_mixin.py:190} INFO - [2024-10-03T11:27:39.045+0000] {dag.py:4180} INFO - Setting next_dagrun for tutorial to 2024-10-02 00:00:00+00:00, run_after=2024-10-03 00:00:00+00:00
[2024-10-03T11:27:39.055+0000] {processor.py:208} INFO - Processing /home/airflow/.local/lib/python3.12/site-packages/airflow/example_dags/tutorial.py took 0.041 seconds
[2024-10-03T11:28:09.415+0000] {processor.py:186} INFO - Started process (PID=5253) to work on /home/airflow/.local/lib/python3.12/site-packages/airflow/example_dags/tutorial.py
[2024-10-03T11:28:09.416+0000] {processor.py:914} INFO - Processing file /home/airflow/.local/lib/python3.12/site-packages/airflow/example_dags/tutorial.py for tasks to queue
[2024-10-03T11:28:09.417+0000] {logging_mixin.py:190} INFO - [2024-10-03T11:28:09.417+0000] {dagbag.py:588} INFO - Filling up the DagBag from /home/airflow/.local/lib/python3.12/site-packages/airflow/example_dags/tutorial.py
[2024-10-03T11:28:09.421+0000] {processor.py:925} INFO - DAG(s) 'tutorial' retrieved from /home/airflow/.local/lib/python3.12/site-packages/airflow/example_dags/tutorial.py
[2024-10-03T11:28:09.430+0000] {logging_mixin.py:190} INFO - [2024-10-03T11:28:09.430+0000] {dag.py:3239} INFO - Sync 1 DAGs
[2024-10-03T11:28:09.441+0000] {logging_mixin.py:190} INFO - [2024-10-03T11:28:09.441+0000] {dag.py:4180} INFO - Setting next_dagrun for tutorial to 2024-10-02 00:00:00+00:00, run_after=2024-10-03 00:00:00+00:00
[2024-10-03T11:28:09.449+0000] {processor.py:208} INFO - Processing /home/airflow/.local/lib/python3.12/site-packages/airflow/example_dags/tutorial.py took 0.038 seconds
[2024-10-03T11:28:39.705+0000] {processor.py:186} INFO - Started process (PID=5539) to work on /home/airflow/.local/lib/python3.12/site-packages/airflow/example_dags/tutorial.py
[2024-10-03T11:28:39.706+0000] {processor.py:914} INFO - Processing file /home/airflow/.local/lib/python3.12/site-packages/airflow/example_dags/tutorial.py for tasks to queue
[2024-10-03T11:28:39.707+0000] {logging_mixin.py:190} INFO - [2024-10-03T11:28:39.707+0000] {dagbag.py:588} INFO - Filling up the DagBag from /home/airflow/.local/lib/python3.12/site-packages/airflow/example_dags/tutorial.py
[2024-10-03T11:28:39.713+0000] {processor.py:925} INFO - DAG(s) 'tutorial' retrieved from /home/airflow/.local/lib/python3.12/site-packages/airflow/example_dags/tutorial.py
[2024-10-03T11:28:39.724+0000] {logging_mixin.py:190} INFO - [2024-10-03T11:28:39.724+0000] {dag.py:3239} INFO - Sync 1 DAGs
[2024-10-03T11:28:39.737+0000] {logging_mixin.py:190} INFO - [2024-10-03T11:28:39.737+0000] {dag.py:4180} INFO - Setting next_dagrun for tutorial to 2024-10-02 00:00:00+00:00, run_after=2024-10-03 00:00:00+00:00
[2024-10-03T11:28:39.748+0000] {processor.py:208} INFO - Processing /home/airflow/.local/lib/python3.12/site-packages/airflow/example_dags/tutorial.py took 0.046 seconds
[2024-10-03T11:29:09.950+0000] {processor.py:186} INFO - Started process (PID=5851) to work on /home/airflow/.local/lib/python3.12/site-packages/airflow/example_dags/tutorial.py
[2024-10-03T11:29:09.951+0000] {processor.py:914} INFO - Processing file /home/airflow/.local/lib/python3.12/site-packages/airflow/example_dags/tutorial.py for tasks to queue
[2024-10-03T11:29:09.952+0000] {logging_mixin.py:190} INFO - [2024-10-03T11:29:09.952+0000] {dagbag.py:588} INFO - Filling up the DagBag from /home/airflow/.local/lib/python3.12/site-packages/airflow/example_dags/tutorial.py
[2024-10-03T11:29:09.957+0000] {processor.py:925} INFO - DAG(s) 'tutorial' retrieved from /home/airflow/.local/lib/python3.12/site-packages/airflow/example_dags/tutorial.py
[2024-10-03T11:29:09.967+0000] {logging_mixin.py:190} INFO - [2024-10-03T11:29:09.967+0000] {dag.py:3239} INFO - Sync 1 DAGs
[2024-10-03T11:29:09.978+0000] {logging_mixin.py:190} INFO - [2024-10-03T11:29:09.978+0000] {dag.py:4180} INFO - Setting next_dagrun for tutorial to 2024-10-02 00:00:00+00:00, run_after=2024-10-03 00:00:00+00:00
[2024-10-03T11:29:09.987+0000] {processor.py:208} INFO - Processing /home/airflow/.local/lib/python3.12/site-packages/airflow/example_dags/tutorial.py took 0.040 seconds
[2024-10-03T11:29:40.242+0000] {processor.py:186} INFO - Started process (PID=6135) to work on /home/airflow/.local/lib/python3.12/site-packages/airflow/example_dags/tutorial.py
[2024-10-03T11:29:40.243+0000] {processor.py:914} INFO - Processing file /home/airflow/.local/lib/python3.12/site-packages/airflow/example_dags/tutorial.py for tasks to queue
[2024-10-03T11:29:40.244+0000] {logging_mixin.py:190} INFO - [2024-10-03T11:29:40.244+0000] {dagbag.py:588} INFO - Filling up the DagBag from /home/airflow/.local/lib/python3.12/site-packages/airflow/example_dags/tutorial.py
[2024-10-03T11:29:40.249+0000] {processor.py:925} INFO - DAG(s) 'tutorial' retrieved from /home/airflow/.local/lib/python3.12/site-packages/airflow/example_dags/tutorial.py
[2024-10-03T11:29:40.261+0000] {logging_mixin.py:190} INFO - [2024-10-03T11:29:40.260+0000] {dag.py:3239} INFO - Sync 1 DAGs
[2024-10-03T11:29:40.273+0000] {logging_mixin.py:190} INFO - [2024-10-03T11:29:40.273+0000] {dag.py:4180} INFO - Setting next_dagrun for tutorial to 2024-10-02 00:00:00+00:00, run_after=2024-10-03 00:00:00+00:00
[2024-10-03T11:29:40.284+0000] {processor.py:208} INFO - Processing /home/airflow/.local/lib/python3.12/site-packages/airflow/example_dags/tutorial.py took 0.046 seconds
[2024-10-03T11:30:10.721+0000] {processor.py:186} INFO - Started process (PID=6421) to work on /home/airflow/.local/lib/python3.12/site-packages/airflow/example_dags/tutorial.py
[2024-10-03T11:30:10.722+0000] {processor.py:914} INFO - Processing file /home/airflow/.local/lib/python3.12/site-packages/airflow/example_dags/tutorial.py for tasks to queue
[2024-10-03T11:30:10.723+0000] {logging_mixin.py:190} INFO - [2024-10-03T11:30:10.723+0000] {dagbag.py:588} INFO - Filling up the DagBag from /home/airflow/.local/lib/python3.12/site-packages/airflow/example_dags/tutorial.py
[2024-10-03T11:30:10.728+0000] {processor.py:925} INFO - DAG(s) 'tutorial' retrieved from /home/airflow/.local/lib/python3.12/site-packages/airflow/example_dags/tutorial.py
[2024-10-03T11:30:10.738+0000] {logging_mixin.py:190} INFO - [2024-10-03T11:30:10.738+0000] {dag.py:3239} INFO - Sync 1 DAGs
[2024-10-03T11:30:10.749+0000] {logging_mixin.py:190} INFO - [2024-10-03T11:30:10.748+0000] {dag.py:4180} INFO - Setting next_dagrun for tutorial to 2024-10-02 00:00:00+00:00, run_after=2024-10-03 00:00:00+00:00
[2024-10-03T11:30:10.758+0000] {processor.py:208} INFO - Processing /home/airflow/.local/lib/python3.12/site-packages/airflow/example_dags/tutorial.py took 0.040 seconds
[2024-10-03T11:30:40.991+0000] {processor.py:186} INFO - Started process (PID=6707) to work on /home/airflow/.local/lib/python3.12/site-packages/airflow/example_dags/tutorial.py
[2024-10-03T11:30:40.992+0000] {processor.py:914} INFO - Processing file /home/airflow/.local/lib/python3.12/site-packages/airflow/example_dags/tutorial.py for tasks to queue
[2024-10-03T11:30:40.994+0000] {logging_mixin.py:190} INFO - [2024-10-03T11:30:40.994+0000] {dagbag.py:588} INFO - Filling up the DagBag from /home/airflow/.local/lib/python3.12/site-packages/airflow/example_dags/tutorial.py
[2024-10-03T11:30:40.999+0000] {processor.py:925} INFO - DAG(s) 'tutorial' retrieved from /home/airflow/.local/lib/python3.12/site-packages/airflow/example_dags/tutorial.py
[2024-10-03T11:30:41.011+0000] {logging_mixin.py:190} INFO - [2024-10-03T11:30:41.011+0000] {dag.py:3239} INFO - Sync 1 DAGs
[2024-10-03T11:30:41.023+0000] {logging_mixin.py:190} INFO - [2024-10-03T11:30:41.023+0000] {dag.py:4180} INFO - Setting next_dagrun for tutorial to 2024-10-02 00:00:00+00:00, run_after=2024-10-03 00:00:00+00:00
[2024-10-03T11:30:41.033+0000] {processor.py:208} INFO - Processing /home/airflow/.local/lib/python3.12/site-packages/airflow/example_dags/tutorial.py took 0.048 seconds
[2024-10-03T11:31:11.275+0000] {processor.py:186} INFO - Started process (PID=6993) to work on /home/airflow/.local/lib/python3.12/site-packages/airflow/example_dags/tutorial.py
[2024-10-03T11:31:11.276+0000] {processor.py:914} INFO - Processing file /home/airflow/.local/lib/python3.12/site-packages/airflow/example_dags/tutorial.py for tasks to queue
[2024-10-03T11:31:11.278+0000] {logging_mixin.py:190} INFO - [2024-10-03T11:31:11.278+0000] {dagbag.py:588} INFO - Filling up the DagBag from /home/airflow/.local/lib/python3.12/site-packages/airflow/example_dags/tutorial.py
[2024-10-03T11:31:11.283+0000] {processor.py:925} INFO - DAG(s) 'tutorial' retrieved from /home/airflow/.local/lib/python3.12/site-packages/airflow/example_dags/tutorial.py
[2024-10-03T11:31:11.294+0000] {logging_mixin.py:190} INFO - [2024-10-03T11:31:11.294+0000] {dag.py:3239} INFO - Sync 1 DAGs
[2024-10-03T11:31:11.306+0000] {logging_mixin.py:190} INFO - [2024-10-03T11:31:11.306+0000] {dag.py:4180} INFO - Setting next_dagrun for tutorial to 2024-10-02 00:00:00+00:00, run_after=2024-10-03 00:00:00+00:00
[2024-10-03T11:31:11.314+0000] {processor.py:208} INFO - Processing /home/airflow/.local/lib/python3.12/site-packages/airflow/example_dags/tutorial.py took 0.043 seconds
