[2024-10-03T11:25:43.527+0000] {local_task_job_runner.py:123} INFO - ::group::Pre task execution logs
[2024-10-03T11:25:43.535+0000] {taskinstance.py:2612} INFO - Dependencies all met for dep_context=non-requeueable deps ti=<TaskInstance: conditional_dataset_and_time_based_timetable.conditional_dataset_and_time_based_timetable scheduled__2024-10-02T01:00:00+00:00 [queued]>
[2024-10-03T11:25:43.539+0000] {taskinstance.py:2612} INFO - Dependencies all met for dep_context=requeueable deps ti=<TaskInstance: conditional_dataset_and_time_based_timetable.conditional_dataset_and_time_based_timetable scheduled__2024-10-02T01:00:00+00:00 [queued]>
[2024-10-03T11:25:43.539+0000] {taskinstance.py:2865} INFO - Starting attempt 1 of 1
[2024-10-03T11:25:43.545+0000] {taskinstance.py:2888} INFO - Executing <Task(BashOperator): conditional_dataset_and_time_based_timetable> on 2024-10-02 01:00:00+00:00
[2024-10-03T11:25:43.550+0000] {standard_task_runner.py:104} INFO - Running: ['***', 'tasks', 'run', 'conditional_dataset_and_time_based_timetable', 'conditional_dataset_and_time_based_timetable', 'scheduled__2024-10-02T01:00:00+00:00', '--job-id', '3', '--raw', '--subdir', '/home/***/.local/lib/python3.12/site-packages/***/example_dags/example_datasets.py', '--cfg-path', '/tmp/tmpadohyvn1']
[2024-10-03T11:25:43.551+0000] {standard_task_runner.py:105} INFO - Job 3: Subtask conditional_dataset_and_time_based_timetable
[2024-10-03T11:25:43.551+0000] {logging_mixin.py:190} WARNING - /home/***/.local/lib/python3.12/site-packages/***/task/task_runner/standard_task_runner.py:70 DeprecationWarning: This process (pid=3881) is multi-threaded, use of fork() may lead to deadlocks in the child.
[2024-10-03T11:25:43.551+0000] {standard_task_runner.py:72} INFO - Started process 3882 to run task
[2024-10-03T11:25:43.573+0000] {task_command.py:467} INFO - Running <TaskInstance: conditional_dataset_and_time_based_timetable.conditional_dataset_and_time_based_timetable scheduled__2024-10-02T01:00:00+00:00 [running]> on host a373958ac9bb
[2024-10-03T11:25:43.608+0000] {taskinstance.py:3131} INFO - Exporting env vars: AIRFLOW_CTX_DAG_OWNER='***' AIRFLOW_CTX_DAG_ID='conditional_dataset_and_time_based_timetable' AIRFLOW_CTX_TASK_ID='conditional_dataset_and_time_based_timetable' AIRFLOW_CTX_EXECUTION_DATE='2024-10-02T01:00:00+00:00' AIRFLOW_CTX_TRY_NUMBER='1' AIRFLOW_CTX_DAG_RUN_ID='scheduled__2024-10-02T01:00:00+00:00'
[2024-10-03T11:25:43.609+0000] {logging_mixin.py:190} INFO - Task instance is in running state
[2024-10-03T11:25:43.609+0000] {logging_mixin.py:190} INFO -  Previous state of the Task instance: queued
[2024-10-03T11:25:43.610+0000] {logging_mixin.py:190} INFO - Current task name:conditional_dataset_and_time_based_timetable state:running start_date:2024-10-03 11:25:43.536368+00:00
[2024-10-03T11:25:43.610+0000] {logging_mixin.py:190} INFO - Dag name:conditional_dataset_and_time_based_timetable and current dag run status:running
[2024-10-03T11:25:43.610+0000] {taskinstance.py:731} INFO - ::endgroup::
[2024-10-03T11:25:43.610+0000] {subprocess.py:63} INFO - Tmp dir root location: /tmp
[2024-10-03T11:25:43.611+0000] {subprocess.py:75} INFO - Running command: ['/usr/bin/bash', '-c', 'sleep 5']
[2024-10-03T11:25:43.617+0000] {subprocess.py:86} INFO - Output:
[2024-10-03T11:25:48.620+0000] {subprocess.py:97} INFO - Command exited with return code 0
[2024-10-03T11:25:48.666+0000] {taskinstance.py:340} INFO - ::group::Post task execution logs
[2024-10-03T11:25:48.667+0000] {taskinstance.py:352} INFO - Marking task as SUCCESS. dag_id=conditional_dataset_and_time_based_timetable, task_id=conditional_dataset_and_time_based_timetable, run_id=scheduled__2024-10-02T01:00:00+00:00, execution_date=20241002T010000, start_date=20241003T112543, end_date=20241003T112548
[2024-10-03T11:25:48.682+0000] {logging_mixin.py:190} INFO - Task instance in success state
[2024-10-03T11:25:48.682+0000] {logging_mixin.py:190} INFO -  Previous state of the Task instance: running
[2024-10-03T11:25:48.682+0000] {logging_mixin.py:190} INFO - Dag name:conditional_dataset_and_time_based_timetable queued_at:2024-10-03 11:25:43.272207+00:00
[2024-10-03T11:25:48.683+0000] {logging_mixin.py:190} INFO - Task hostname:a373958ac9bb operator:BashOperator
[2024-10-03T11:25:48.722+0000] {local_task_job_runner.py:266} INFO - Task exited with return code 0
[2024-10-03T11:25:48.730+0000] {taskinstance.py:3900} INFO - 0 downstream tasks scheduled from follow-on schedule check
[2024-10-03T11:25:48.731+0000] {local_task_job_runner.py:245} INFO - ::endgroup::
